#
# A fatal error has been detected by the Java Runtime Environment:
#
#  SIGSEGV (0xb) at pc=0x00007fb44c05dda5, pid=7402, tid=0x00007fb449b18700
#
# JRE version: Java(TM) SE Runtime Environment (9.0-b72) (build 1.9.0-ea-b72)
# Java VM: Java HotSpot(TM) 64-Bit Server VM (1.9.0-ea-b72 mixed mode linux-amd64 )
# Problematic frame:
# V  [libjvm.so+0x537da5]  DefNewGeneration::copy_to_survivor_space(oopDesc*)+0x25
#
# No core dump will be written. Core dumps have been disabled. To enable core dumping, try "ulimit -c unlimited" before starting Java again
#
# If you would like to submit a bug report, please visit:
#   http://bugreport.java.com/bugreport/crash.jsp
#

---------------  T H R E A D  ---------------

Current thread (0x00007fb44406d000):  VMThread [stack: 0x00007fb449a18000,0x00007fb449b19000] [id=7404]

siginfo: si_signo: 11 (SIGSEGV), si_code: 1 (SEGV_MAPERR), si_addr: 0x0000000000000008

Registers:
RAX=0x0000000000000000, RBX=0x00007fb41cf60cc0, RCX=0x0000000000000008, RDX=0x0000000000000000
RSP=0x00007fb449b17450, RBP=0x00007fb449b17470, RSI=0x00007fb41cf60cc0, RDI=0x0000000000000000
R8 =0x00007fb41d620d70, R9 =0x0000000000000090, R10=0x00007fb44cb14830, R11=0x00007fb44cce5c70
R12=0x00007fb444026c10, R13=0x00007fb449fdb0c0, R14=0x00007fb41d607768, R15=0x00007fb449b176e0
RIP=0x00007fb44c05dda5, EFLAGS=0x0000000000010246, CSGSFS=0x0000000000000033, ERR=0x0000000000000004
  TRAPNO=0x000000000000000e

Top of Stack: (sp=0x00007fb449b17450)
0x00007fb449b17450:   000000000000001a 00007fb41d607758
0x00007fb449b17460:   00007fb449fdb0b8 00007fb449fdb0c0
0x00007fb449b17470:   00007fb449b174c0 00007fb44c15bb43
0x00007fb449b17480:   00007fb449cc3458 00007fb41d607740
0x00007fb449b17490:   00007fb449b174e0 00007fb449fdaec8
0x00007fb449b174a0:   00007fb44cb14d65 0000000000000240
0x00007fb449b174b0:   00007fb449b176e0 00007fb41d607740
0x00007fb449b174c0:   00007fb449b174e0 00007fb44c159be1
0x00007fb449b174d0:   00007fb449b176e0 00007fb41d60d920
0x00007fb449b174e0:   00007fb449b17530 00007fb44c5060a3
0x00007fb449b174f0:   00007fb43cd4ae40 00007fb444027880
0x00007fb449b17500:   00007fb43cd4ae40 00007fb449b176e0
0x00007fb449b17510:   00007fb444026c10 00007fb444026c10
0x00007fb449b17520:   00007fb449b17660 0000000000000000
0x00007fb449b17530:   00007fb449b17550 00007fb44c05bbd0
0x00007fb449b17540:   00007fb444023ef0 00007fb449b17790
0x00007fb449b17550:   00007fb449b17570 00007fb44c1533db
0x00007fb449b17560:   00007fb444023ef0 00007fb449b17790
0x00007fb449b17570:   00007fb449b17850 00007fb44c05cd7c
0x00007fb449b17580:   00007fb449b176e0 00007fb449b17790
0x00007fb449b17590:   00007fb449b17620 000000000c955108
0x00007fb449b175a0:   00007fb444026cf8 00007fb449b176e0
0x00007fb449b175b0:   00007fb449b17680 00007fb449b17730
0x00007fb449b175c0:   00007fb44cabfa80 00007fb444026c10
0x00007fb449b175d0:   0000001625531d5f 000000351639e685
0x00007fb449b175e0:   00007fb44cabfc10 00007fb444026c10
0x00007fb449b175f0:   00007fb41faa0000 0000000000000000
0x00007fb449b17600:   00007fb44cabfbe0 00007fb449b176e0
0x00007fb449b17610:   00007fb449b17c00 0000000000000000
0x00007fb449b17620:   00007fb44cac6800 00007fb449b176e0
0x00007fb449b17630:   00007fb449b17600 0000000000000000
0x00007fb449b17640:   00007fb44cabfad0 00007fb449b175e0 

Instructions: (pc=0x00007fb44c05dda5)
0x00007fb44c05dd85:   55 41 54 49 89 fc 53 48 89 f3 48 83 ec 08 48 8d
0x00007fb44c05dd95:   05 cb 6f ab 00 0f b6 00 84 c0 75 7f 48 8b 7e 08
0x00007fb44c05dda5:   8b 4f 08 83 f9 00 0f 8e 8e 00 00 00 f6 c1 01 0f
0x00007fb44c05ddb5:   85 8e 00 00 00 89 c8 c1 f8 03 4c 63 e8 48 8b 03 

Register to memory mapping:

RAX=0x0000000000000000 is an unknown value
RBX=0x00007fb41cf60cc0 is pointing into object: 0x00007fb41cf594b0
[Ljava.lang.Object; 
 - klass: 'java/lang/Object'[]
 - length: 4096
RCX=0x0000000000000008 is an unknown value
RDX=0x0000000000000000 is an unknown value
RSP=0x00007fb449b17450 is an unknown value
RBP=0x00007fb449b17470 is an unknown value
RSI=0x00007fb41cf60cc0 is pointing into object: 0x00007fb41cf594b0
[Ljava.lang.Object; 
 - klass: 'java/lang/Object'[]
 - length: 4096
RDI=0x0000000000000000 is an unknown value
R8 =0x00007fb41d620d70 is an oop
java.util.concurrent.ConcurrentSkipListMap$Node 
 - klass: 'java/util/concurrent/ConcurrentSkipListMap$Node'
R9 =0x0000000000000090 is an unknown value
R10=0x00007fb44cb14830: <offset 0xfee830> in /home/jenkins/tools/java/64bit/jdk1.9.0-ea-b72/lib/amd64/server/libjvm.so at 0x00007fb44bb26000
R11=0x00007fb44cce5c70: <offset 0x187c70> in /lib/x86_64-linux-gnu/libc.so.6 at 0x00007fb44cb5e000
R12=0x00007fb444026c10 is an unknown value
R13=0x00007fb449fdb0c0 is pointing into metadata
R14=0x00007fb41d607768 is an oop
java.util.concurrent.ConcurrentSkipListMap$Node 
 - klass: 'java/util/concurrent/ConcurrentSkipListMap$Node'
R15=0x00007fb449b176e0 is an unknown value


Stack: [0x00007fb449a18000,0x00007fb449b19000],  sp=0x00007fb449b17450,  free space=1021k
Native frames: (J=compiled Java code, j=interpreted, Vv=VM code, C=native code)
V  [libjvm.so+0x537da5]  DefNewGeneration::copy_to_survivor_space(oopDesc*)+0x25
V  [libjvm.so+0x635b43]  void InstanceKlass::oop_oop_iterate_oop_maps<true, FastScanClosure>(oopDesc*, FastScanClosure*)+0xe3
V  [libjvm.so+0x633be1]  InstanceKlass::oop_oop_iterate_nv(oopDesc*, FastScanClosure*)+0x11
V  [libjvm.so+0x9e00a3]  ContiguousSpace::oop_since_save_marks_iterate_nv(FastScanClosure*)+0x63
V  [libjvm.so+0x535bd0]  DefNewGeneration::oop_since_save_marks_iterate_nv(FastScanClosure*)+0x40
V  [libjvm.so+0x62d3db]  GenCollectedHeap::oop_since_save_marks_iterate(GenCollectedHeap::GenerationType, FastScanClosure*, FastScanClosure*)+0x3b
V  [libjvm.so+0x536d7c]  DefNewGeneration::collect(bool, bool, unsigned long, bool)+0x4cc
V  [libjvm.so+0x62cbf4]  GenCollectedHeap::collect_generation(Generation*, bool, unsigned long, bool, bool, bool, bool)+0x1d4
V  [libjvm.so+0x62e08b]  GenCollectedHeap::do_collection(bool, bool, unsigned long, bool, GenCollectedHeap::GenerationType)+0x43b
V  [libjvm.so+0x4c58e4]  GenCollectorPolicy::satisfy_failed_allocation(unsigned long, bool)+0xa4
V  [libjvm.so+0xab6181]  VM_GenCollectForAllocation::doit()+0x81
V  [libjvm.so+0xabb557]  VM_Operation::evaluate()+0x47
V  [libjvm.so+0xab9e76]  VMThread::evaluate_operation(VM_Operation*)+0xa6
V  [libjvm.so+0xaba201]  VMThread::loop()+0x1f1
V  [libjvm.so+0xaba63a]  VMThread::run()+0x7a
V  [libjvm.so+0x9067e2]  java_start(Thread*)+0xc2

VM_Operation (0x00007fb3dd266010): GenCollectForAllocation, mode: safepoint, requested by thread 0x00007fb35400a000


---------------  P R O C E S S  ---------------

Java Threads: ( => current thread )
  0x00007fb32800a800 JavaThread "pool-2-thread-3" [_thread_blocked, id=9971, stack(0x00007fb3dd98b000,0x00007fb3dda8c000)]
  0x00007fb2b800a000 JavaThread "httpShardExecutor-395-thread-1-processing-n:127.0.0.1:32939_solr [http:////127.0.0.1:32939//solr] http:////127.0.0.1:32939//solr" [_thread_in_native, id=9970, stack(0x00007fb3de296000,0x00007fb3de397000)]
  0x00007fb2cc001000 JavaThread "OverseerThreadFactory-396-thread-1-processing-n:127.0.0.1:32939_solr" [_thread_blocked, id=9967, stack(0x00007fb3de898000,0x00007fb3de999000)]
  0x00007fb328009800 JavaThread "pool-2-thread-2" [_thread_blocked, id=9952, stack(0x00007fb3de092000,0x00007fb3de193000)]
  0x00007fb328009000 JavaThread "pool-2-thread-1" [_thread_blocked, id=9949, stack(0x00007fb3dda8c000,0x00007fb3ddb8d000)]
  0x00007fb34c001000 JavaThread "Scheduler-1761540771" [_thread_blocked, id=9948, stack(0x00007fb3dc35c000,0x00007fb3dc45d000)]
  0x00007fb3b0010000 JavaThread "zkCallback-184-thread-1" [_thread_blocked, id=9947, stack(0x00007fb3de193000,0x00007fb3de294000)]
  0x00007fb3d8a51800 JavaThread "TEST-TestSolrCloudWithKerberosAlt.testBasics-seed#[90C16F4AC280153C]-EventThread" daemon [_thread_blocked, id=9946, stack(0x00007fb3429ea000,0x00007fb342aeb000)]
  0x00007fb3d8a50800 JavaThread "TEST-TestSolrCloudWithKerberosAlt.testBasics-seed#[90C16F4AC280153C]-SendThread(127.0.0.1:33103)" daemon [_thread_in_native, id=9945, stack(0x00007fb3dcb62000,0x00007fb3dcc63000)]
  0x00007fb35408a800 JavaThread "coreContainerWorkExecutor-393-thread-1" [_thread_blocked, id=9873, stack(0x00007fb3df29a000,0x00007fb3df39b000)]
  0x00007fb354089800 JavaThread "Thread-161" [_thread_blocked, id=9872, stack(0x00007fb3df49c000,0x00007fb3df59d000)]
  0x00007fb35409a800 JavaThread "pool-4-thread-1" [_thread_blocked, id=9871, stack(0x00007fb3de999000,0x00007fb3dea9a000)]
  0x00007fb354091800 JavaThread "OverseerHdfsCoreFailoverThread-94169150431232003-127.0.0.1:32939_solr-n_0000000000" daemon [_thread_blocked, id=9869, stack(0x00007fb3dc15a000,0x00007fb3dc25b000)]
  0x00007fb354090800 JavaThread "OverseerCollectionProcessor-94169150431232003-127.0.0.1:32939_solr-n_0000000000" daemon [_thread_blocked, id=9868, stack(0x00007fb3420e1000,0x00007fb3421e2000)]
  0x00007fb35408f800 JavaThread "OverseerStateUpdate-94169150431232003-127.0.0.1:32939_solr-n_0000000000" daemon [_thread_blocked, id=9867, stack(0x00007fb342bec000,0x00007fb342ced000)]
  0x00007fb2f8001000 JavaThread "zkCallback-180-thread-1" [_thread_blocked, id=9860, stack(0x00007fb3431f2000,0x00007fb3432f3000)]
  0x00007fb3540c4800 JavaThread "jetty-launcher-175-thread-1-EventThread" daemon [_thread_blocked, id=9859, stack(0x00007fb342ced000,0x00007fb342dee000)]
  0x00007fb3540c4000 JavaThread "jetty-launcher-175-thread-1-SendThread(127.0.0.1:33103)" daemon [_thread_in_native, id=9858, stack(0x00007fb342ff0000,0x00007fb3430f1000)]
  0x00007fb35400e800 JavaThread "org.eclipse.jetty.server.session.HashSessionManager@49ec0fd7Timer" daemon [_thread_blocked, id=9850, stack(0x00007fb342eef000,0x00007fb342ff0000)]
  0x00007fb35400d800 JavaThread "Scheduler-118797324" [_thread_blocked, id=9849, stack(0x00007fb343cfd000,0x00007fb343dfe000)]
  0x00007fb35400c000 JavaThread "qtp1715017748-850" [_thread_blocked, id=9848, stack(0x00007fb3428e9000,0x00007fb3429ea000)]
  0x00007fb35400b000 JavaThread "qtp1715017748-849" [_thread_blocked, id=9847, stack(0x00007fb3df39b000,0x00007fb3df49c000)]
  0x00007fb35400a000 JavaThread "qtp1715017748-848" [_thread_blocked, id=9846, stack(0x00007fb3dd168000,0x00007fb3dd269000)]
  0x00007fb354009000 JavaThread "qtp1715017748-847-acceptor-0@6395d5d1-ServerConnector@6473b0bc{HTTP/1.1}{127.0.0.1:32939}" [_thread_in_native, id=9845, stack(0x00007fb3dc25b000,0x00007fb3dc35c000)]
  0x00007fb354007800 JavaThread "qtp1715017748-846-selector-ServerConnectorManager@65358e54/3" [_thread_in_native, id=9844, stack(0x00007fb3dc85f000,0x00007fb3dc960000)]
  0x00007fb354006800 JavaThread "qtp1715017748-845-selector-ServerConnectorManager@65358e54/2" [_thread_in_native, id=9843, stack(0x00007fb3dc960000,0x00007fb3dca61000)]
  0x00007fb354005800 JavaThread "qtp1715017748-844-selector-ServerConnectorManager@65358e54/1" [_thread_in_native, id=9842, stack(0x00007fb3dc75e000,0x00007fb3dc85f000)]
  0x00007fb354004800 JavaThread "qtp1715017748-843-selector-ServerConnectorManager@65358e54/0" [_thread_in_native, id=9841, stack(0x00007fb3dc059000,0x00007fb3dc15a000)]
  0x00007fb3d8b50000 JavaThread "jetty-launcher-175-thread-1" [_thread_blocked, id=9839, stack(0x00007fb343eff000,0x00007fb344000000)]
  0x00007fb308030000 JavaThread "ProcessThread(sid:0 cport:-1):" daemon [_thread_blocked, id=9833, stack(0x00007fb343dfe000,0x00007fb343eff000)]
  0x00007fb30802f000 JavaThread "SyncThread:0" daemon [_thread_blocked, id=9832, stack(0x00007fb3dcc63000,0x00007fb3dcd64000)]
  0x00007fb308004000 JavaThread "SessionTracker" daemon [_thread_blocked, id=9831, stack(0x00007fb3dcd64000,0x00007fb3dce65000)]
  0x00007fb308005000 JavaThread "NIOServerCxn.Factory:0.0.0.0/0.0.0.0:0" daemon [_thread_in_native, id=9830, stack(0x00007fb3dce65000,0x00007fb3dcf66000)]
  0x00007fb3d8866800 JavaThread "Thread-151" daemon [_thread_blocked, id=9829, stack(0x00007fb3434f5000,0x00007fb3435f6000)]
  0x00007fb3d8abe800 JavaThread "NioSocketAcceptor-1" [_thread_in_native, id=9812, stack(0x00007fb3423e4000,0x00007fb3424e5000)]
  0x00007fb3d8746800 JavaThread "kdcReplayCache.data" daemon [_thread_blocked, id=9727, stack(0x00007fb3de397000,0x00007fb3de498000)]
  0x00007fb3d8745800 JavaThread "ou=system.data" daemon [_thread_blocked, id=9726, stack(0x00007fb3dd067000,0x00007fb3dd168000)]
  0x00007fb3d8777800 JavaThread "changePwdReplayCache.data" daemon [_thread_blocked, id=9725, stack(0x00007fb3dd269000,0x00007fb3dd36a000)]
  0x00007fb3d8791800 JavaThread "groupCache.data" daemon [_thread_blocked, id=9724, stack(0x00007fb3dcf66000,0x00007fb3dd067000)]
  0x00007fb3d8759000 JavaThread "apacheds" daemon [_thread_blocked, id=9723, stack(0x00007fb3ddd91000,0x00007fb3dde92000)]
  0x00007fb3e4366800 JavaThread "TEST-TestSolrCloudWithKerberosAlt.testBasics-seed#[90C16F4AC280153C]" [_thread_in_native, id=9722, stack(0x00007fb4148f6000,0x00007fb4149f7000)]
  0x00007fb444186800 JavaThread "SUITE-TestSolrCloudWithKerberosAlt-seed#[90C16F4AC280153C]" [_thread_blocked, id=9721, stack(0x00007fb414445000,0x00007fb414546000)]
  0x00007fb44452a800 JavaThread "JUnit4-serializer-daemon" daemon [_thread_blocked, id=7453, stack(0x00007fb448160000,0x00007fb448261000)]
  0x00007fb44414f800 JavaThread "Service Thread" daemon [_thread_blocked, id=7435, stack(0x00007fb44871a000,0x00007fb44881b000)]
  0x00007fb44413a000 JavaThread "Sweeper thread" daemon [_thread_blocked, id=7434, stack(0x00007fb44881b000,0x00007fb44891c000)]
  0x00007fb444138000 JavaThread "C1 CompilerThread3" daemon [_thread_blocked, id=7433, stack(0x00007fb44891c000,0x00007fb448a1d000)]
  0x00007fb444135800 JavaThread "C2 CompilerThread2" daemon [_thread_blocked, id=7432, stack(0x00007fb448a1d000,0x00007fb448b1e000)]
  0x00007fb444133800 JavaThread "C2 CompilerThread1" daemon [_thread_blocked, id=7431, stack(0x00007fb448b1e000,0x00007fb448c1f000)]
  0x00007fb444131800 JavaThread "C2 CompilerThread0" daemon [_thread_blocked, id=7430, stack(0x00007fb448c1f000,0x00007fb448d20000)]
  0x00007fb44412f800 JavaThread "Signal Dispatcher" daemon [_thread_blocked, id=7429, stack(0x00007fb448d20000,0x00007fb448e21000)]
  0x00007fb444081800 JavaThread "Finalizer" daemon [_thread_blocked, id=7406, stack(0x00007fb449816000,0x00007fb449917000)]
  0x00007fb44407f800 JavaThread "Reference Handler" daemon [_thread_blocked, id=7405, stack(0x00007fb449917000,0x00007fb449a18000)]
  0x00007fb444016800 JavaThread "main" [_thread_blocked, id=7403, stack(0x00007fb44d661000,0x00007fb44d762000)]

Other Threads:
=>0x00007fb44406d000 VMThread [stack: 0x00007fb449a18000,0x00007fb449b19000] [id=7404]
  0x00007fb444152800 WatcherThread [stack: 0x00007fb448619000,0x00007fb44871a000] [id=7436]

VM state:at safepoint (normal execution)

VM Mutex/Monitor currently owned by a thread:  ([mutex/lock_event])
[0x00007fb444012920] Threads_lock - owner thread: 0x00007fb44406d000
[0x00007fb444012e20] Heap_lock - owner thread: 0x00007fb35400a000

Heap:
 def new generation   total 154304K, used 137749K [0x00007fb415000000, 0x00007fb41f760000, 0x00007fb41faa0000)
  eden space 137216K, 100% used [0x00007fb415000000, 0x00007fb41d600000, 0x00007fb41d600000)
  from space 17088K,   3% used [0x00007fb41e6b0000, 0x00007fb41e735520, 0x00007fb41f760000)
  to   space 17088K,   0% used [0x00007fb41d600000, 0x00007fb41d620d98, 0x00007fb41e6b0000)
 tenured generation   total 342720K, used 68414K [0x00007fb41faa0000, 0x00007fb434950000, 0x00007fb435000000)
   the space 342720K,  19% used [0x00007fb41faa0000, 0x00007fb423d6fbe8, 0x00007fb423d6fc00, 0x00007fb434950000)
 Metaspace       used 56523K, capacity 57382K, committed 57600K, reserved 59392K

Card table byte_map: [0x00007fb44a4af000,0x00007fb44a5b0000] byte_map_base: 0x00007f7470407000

Polling page: 0x00007fb44d779000

CodeHeap 'non-nmethods': size=5700Kb used=1311Kb max_used=1367Kb free=4388Kb
 bounds [0x00007fb435000000, 0x00007fb435270000, 0x00007fb435591000]
CodeHeap 'profiled nmethods': size=120028Kb used=24985Kb max_used=24985Kb free=95042Kb
 bounds [0x00007fb435591000, 0x00007fb436e11000, 0x00007fb43cac8000]
CodeHeap 'non-profiled nmethods': size=120032Kb used=10601Kb max_used=10601Kb free=109430Kb
 bounds [0x00007fb43cac8000, 0x00007fb43d528000, 0x00007fb444000000]
 total_blobs=10454 nmethods=9807 adapters=559
 compilation: enabled

Compilation events (10 events):
Event: 95.427 Thread 0x00007fb444138000 nmethod 11178 0x00007fb436e03c90 code [0x00007fb436e03e00, 0x00007fb436e03fa8]
Event: 95.427 Thread 0x00007fb444138000 11179       3       com.sun.org.apache.xerces.internal.impl.XMLDTDScannerImpl::reset (10 bytes)
Event: 95.427 Thread 0x00007fb444138000 nmethod 11179 0x00007fb436e04090 code [0x00007fb436e04200, 0x00007fb436e043d8]
Event: 95.449 Thread 0x00007fb444138000 11180       3       com.sun.org.apache.xerces.internal.impl.XMLVersionDetector::startDocumentParsing (68 bytes)
Event: 95.450 Thread 0x00007fb444138000 nmethod 11180 0x00007fb436e04490 code [0x00007fb436e04660, 0x00007fb436e04ad8]
Event: 95.453 Thread 0x00007fb444133800 11181       4       com.carrotsearch.ant.tasks.junit4.events.json.JsonByteArrayAdapter::serialize (13 bytes)
Event: 95.455 Thread 0x00007fb444133800 nmethod 11181 0x00007fb43d522b10 code [0x00007fb43d522c60, 0x00007fb43d522d68]
Event: 95.456 Thread 0x00007fb444138000 11182       3       org.apache.solr.util.plugin.AbstractPluginLoader::<init> (26 bytes)
Event: 95.456 Thread 0x00007fb444138000 nmethod 11182 0x00007fb436e04d90 code [0x00007fb436e04f00, 0x00007fb436e050f0]
Event: 95.459 Thread 0x00007fb444135800 11183   !   4       org.apache.solr.core.SolrResourceLoader::findClass (905 bytes)

GC Heap History (10 events):
Event: 83.412 GC heap after
Heap after GC invocations=59 (full 2):
 def new generation   total 154304K, used 11192K [0x00007fb415000000, 0x00007fb41f760000, 0x00007fb41faa0000)
  eden space 137216K,   0% used [0x00007fb415000000, 0x00007fb415000000, 0x00007fb41d600000)
  from space 17088K,  65% used [0x00007fb41e6b0000, 0x00007fb41f19e188, 0x00007fb41f760000)
  to   space 17088K,   0% used [0x00007fb41d600000, 0x00007fb41d600000, 0x00007fb41e6b0000)
 tenured generation   total 342720K, used 33307K [0x00007fb41faa0000, 0x00007fb434950000, 0x00007fb435000000)
   the space 342720K,   9% used [0x00007fb41faa0000, 0x00007fb421b26e78, 0x00007fb421b27000, 0x00007fb434950000)
 Metaspace       used 49622K, capacity 50429K, committed 50688K, reserved 51200K
}
Event: 83.969 GC heap before
{Heap before GC invocations=59 (full 2):
 def new generation   total 154304K, used 148408K [0x00007fb415000000, 0x00007fb41f760000, 0x00007fb41faa0000)
  eden space 137216K, 100% used [0x00007fb415000000, 0x00007fb41d600000, 0x00007fb41d600000)
  from space 17088K,  65% used [0x00007fb41e6b0000, 0x00007fb41f19e188, 0x00007fb41f760000)
  to   space 17088K,   0% used [0x00007fb41d600000, 0x00007fb41d600000, 0x00007fb41e6b0000)
 tenured generation   total 342720K, used 33307K [0x00007fb41faa0000, 0x00007fb434950000, 0x00007fb435000000)
   the space 342720K,   9% used [0x00007fb41faa0000, 0x00007fb421b26e78, 0x00007fb421b27000, 0x00007fb434950000)
 Metaspace       used 49718K, capacity 50557K, committed 50688K, reserved 51200K
Event: 84.031 GC heap after
Heap after GC invocations=60 (full 2):
 def new generation   total 154304K, used 17088K [0x00007fb415000000, 0x00007fb41f760000, 0x00007fb41faa0000)
  eden space 137216K,   0% used [0x00007fb415000000, 0x00007fb415000000, 0x00007fb41d600000)
  from space 17088K, 100% used [0x00007fb41d600000, 0x00007fb41e6b0000, 0x00007fb41e6b0000)
  to   space 17088K,   0% used [0x00007fb41e6b0000, 0x00007fb41e6b0000, 0x00007fb41f760000)
 tenured generation   total 342720K, used 38374K [0x00007fb41faa0000, 0x00007fb434950000, 0x00007fb435000000)
   the space 342720K,  11% used [0x00007fb41faa0000, 0x00007fb422019848, 0x00007fb422019a00, 0x00007fb434950000)
 Metaspace       used 49718K, capacity 50557K, committed 50688K, reserved 51200K
}
Event: 90.419 GC heap before
{Heap before GC invocations=60 (full 2):
 def new generation   total 154304K, used 154304K [0x00007fb415000000, 0x00007fb41f760000, 0x00007fb41faa0000)
  eden space 137216K, 100% used [0x00007fb415000000, 0x00007fb41d600000, 0x00007fb41d600000)
  from space 17088K, 100% used [0x00007fb41d600000, 0x00007fb41e6b0000, 0x00007fb41e6b0000)
  to   space 17088K,   0% used [0x00007fb41e6b0000, 0x00007fb41e6b0000, 0x00007fb41f760000)
 tenured generation   total 342720K, used 38374K [0x00007fb41faa0000, 0x00007fb434950000, 0x00007fb435000000)
   the space 342720K,  11% used [0x00007fb41faa0000, 0x00007fb422019848, 0x00007fb422019a00, 0x00007fb434950000)
 Metaspace       used 53683K, capacity 54546K, committed 54784K, reserved 55296K
Event: 90.461 GC heap after
Heap after GC invocations=61 (full 2):
 def new generation   total 154304K, used 10826K [0x00007fb415000000, 0x00007fb41f760000, 0x00007fb41faa0000)
  eden space 137216K,   0% used [0x00007fb415000000, 0x00007fb415000000, 0x00007fb41d600000)
  from space 17088K,  63% used [0x00007fb41e6b0000, 0x00007fb41f142838, 0x00007fb41f760000)
  to   space 17088K,   0% used [0x00007fb41d600000, 0x00007fb41d600000, 0x00007fb41e6b0000)
 tenured generation   total 342720K, used 55257K [0x00007fb41faa0000, 0x00007fb434950000, 0x00007fb435000000)
   the space 342720K,  16% used [0x00007fb41faa0000, 0x00007fb423096718, 0x00007fb423096800, 0x00007fb434950000)
 Metaspace       used 53683K, capacity 54546K, committed 54784K, reserved 55296K
}
Event: 94.284 GC heap before
{Heap before GC invocations=61 (full 2):
 def new generation   total 154304K, used 148042K [0x00007fb415000000, 0x00007fb41f760000, 0x00007fb41faa0000)
  eden space 137216K, 100% used [0x00007fb415000000, 0x00007fb41d600000, 0x00007fb41d600000)
  from space 17088K,  63% used [0x00007fb41e6b0000, 0x00007fb41f142838, 0x00007fb41f760000)
  to   space 17088K,   0% used [0x00007fb41d600000, 0x00007fb41d600000, 0x00007fb41e6b0000)
 tenured generation   total 342720K, used 55257K [0x00007fb41faa0000, 0x00007fb434950000, 0x00007fb435000000)
   the space 342720K,  16% used [0x00007fb41faa0000, 0x00007fb423096718, 0x00007fb423096800, 0x00007fb434950000)
 Metaspace       used 56423K, capacity 57249K, committed 57600K, reserved 59392K
Event: 94.312 GC heap after
Heap after GC invocations=62 (full 2):
 def new generation   total 154304K, used 8696K [0x00007fb415000000, 0x00007fb41f760000, 0x00007fb41faa0000)
  eden space 137216K,   0% used [0x00007fb415000000, 0x00007fb415000000, 0x00007fb41d600000)
  from space 17088K,  50% used [0x00007fb41d600000, 0x00007fb41de7e3e0, 0x00007fb41e6b0000)
  to   space 17088K,   0% used [0x00007fb41e6b0000, 0x00007fb41e6b0000, 0x00007fb41f760000)
 tenured generation   total 342720K, used 63421K [0x00007fb41faa0000, 0x00007fb434950000, 0x00007fb435000000)
   the space 342720K,  18% used [0x00007fb41faa0000, 0x00007fb42388f528, 0x00007fb42388f600, 0x00007fb434950000)
 Metaspace       used 56423K, capacity 57249K, committed 57600K, reserved 59392K
}
Event: 95.106 GC heap before
{Heap before GC invocations=62 (full 2):
 def new generation   total 154304K, used 145912K [0x00007fb415000000, 0x00007fb41f760000, 0x00007fb41faa0000)
  eden space 137216K, 100% used [0x00007fb415000000, 0x00007fb41d600000, 0x00007fb41d600000)
  from space 17088K,  50% used [0x00007fb41d600000, 0x00007fb41de7e3e0, 0x00007fb41e6b0000)
  to   space 17088K,   0% used [0x00007fb41e6b0000, 0x00007fb41e6b0000, 0x00007fb41f760000)
 tenured generation   total 342720K, used 63421K [0x00007fb41faa0000, 0x00007fb434950000, 0x00007fb435000000)
   the space 342720K,  18% used [0x00007fb41faa0000, 0x00007fb42388f528, 0x00007fb42388f600, 0x00007fb434950000)
 Metaspace       used 56499K, capacity 57377K, committed 57600K, reserved 59392K
Event: 95.116 GC heap after
Heap after GC invocations=63 (full 2):
 def new generation   total 154304K, used 533K [0x00007fb415000000, 0x00007fb41f760000, 0x00007fb41faa0000)
  eden space 137216K,   0% used [0x00007fb415000000, 0x00007fb415000000, 0x00007fb41d600000)
  from space 17088K,   3% used [0x00007fb41e6b0000, 0x00007fb41e735520, 0x00007fb41f760000)
  to   space 17088K,   0% used [0x00007fb41d600000, 0x00007fb41d600000, 0x00007fb41e6b0000)
 tenured generation   total 342720K, used 68414K [0x00007fb41faa0000, 0x00007fb434950000, 0x00007fb435000000)
   the space 342720K,  19% used [0x00007fb41faa0000, 0x00007fb423d6fbe8, 0x00007fb423d6fc00, 0x00007fb434950000)
 Metaspace       used 56499K, capacity 57377K, committed 57600K, reserved 59392K
}
Event: 95.466 GC heap before
{Heap before GC invocations=63 (full 2):
 def new generation   total 154304K, used 137749K [0x00007fb415000000, 0x00007fb41f760000, 0x00007fb41faa0000)
  eden space 137216K, 100% used [0x00007fb415000000, 0x00007fb41d600000, 0x00007fb41d600000)
  from space 17088K,   3% used [0x00007fb41e6b0000, 0x00007fb41e735520, 0x00007fb41f760000)
  to   space 17088K,   0% used [0x00007fb41d600000, 0x00007fb41d600000, 0x00007fb41e6b0000)
 tenured generation   total 342720K, used 68414K [0x00007fb41faa0000, 0x00007fb434950000, 0x00007fb435000000)
   the space 342720K,  19% used [0x00007fb41faa0000, 0x00007fb423d6fbe8, 0x00007fb423d6fc00, 0x00007fb434950000)
 Metaspace       used 56523K, capacity 57382K, committed 57600K, reserved 59392K

Deoptimization events (10 events):
Event: 94.100 Thread 0x00007fb328009800 Uncommon trap: reason=predicate action=maybe_recompile pc=0x00007fb43ceb7e64 method=java.lang.String.regionMatches(ZILjava/lang/String;II)Z @ 59
Event: 94.102 Thread 0x00007fb328009800 Uncommon trap: reason=bimorphic action=maybe_recompile pc=0x00007fb43cbe11f4 method=java.security.MessageDigest$Delegate.engineDigest()[B @ 4
Event: 94.122 Thread 0x00007fb328009800 Uncommon trap: reason=unstable_if action=reinterpret pc=0x00007fb43d0e19f0 method=sun.nio.ch.EPollArrayWrapper.updateRegistrations()V @ 48
Event: 94.122 Thread 0x00007fb35400b000 Uncommon trap: reason=null_assert action=make_not_entrant pc=0x00007fb43cc122f0 method=java.security.AccessControlContext.optimize()Ljava/security/AccessControlContext; @ 138
Event: 94.122 Thread 0x00007fb35400b000 Uncommon trap: reason=null_assert action=make_not_entrant pc=0x00007fb43cc0e5f0 method=java.security.AccessControlContext.optimize()Ljava/security/AccessControlContext; @ 138
Event: 94.127 Thread 0x00007fb35400b000 Uncommon trap: reason=unstable_if action=reinterpret pc=0x00007fb43d1adb38 method=java.util.Vector.grow(I)V @ 27
Event: 94.138 Thread 0x00007fb35400b000 Uncommon trap: reason=unstable_if action=reinterpret pc=0x00007fb43cafcb60 method=java.util.Hashtable$Enumerator.nextElement()Ljava/lang/Object; @ 87
Event: 94.210 Thread 0x00007fb35408f800 Uncommon trap: reason=bimorphic action=maybe_recompile pc=0x00007fb43ce77c30 method=org.noggit.JSONWriter.write(Ljava/util/Map;)V @ 5
Event: 94.510 Thread 0x00007fb35408f800 Uncommon trap: reason=bimorphic action=maybe_recompile pc=0x00007fb43ce77c30 method=org.noggit.JSONWriter.write(Ljava/util/Map;)V @ 5
Event: 95.116 Thread 0x00007fb3540c4000 Uncommon trap: reason=unstable_if action=reinterpret pc=0x00007fb43cea2cec method=java.security.ProtectionDomain$PDCache.processQueue(Ljava/lang/ref/ReferenceQueue;Ljava/util/concurrent/ConcurrentHashMap;)V @ 6

Classes redefined (0 events):
No events

Internal exceptions (10 events):
Event: 80.504 Thread 0x00007fb3e4366800 Exception <a 'sun/nio/fs/UnixException'> (0x00007fb419d4b180) thrown at [/HUDSON/workspace/9-2-build-linux-amd64/jdk9/2975.nc/hotspot/src/share/vm/prims/jni.cpp, line 607]
Event: 83.135 Thread 0x00007fb3e4366800 Implicit null exception at 0x00007fb43ce0496c to 0x00007fb43ce049a5
Event: 84.121 Thread 0x00007fb3e4366800 Implicit null exception at 0x00007fb43d3b11e6 to 0x00007fb43d3b174d
Event: 84.372 Thread 0x00007fb3e4366800 Exception <a 'java/lang/NoSuchMethodError': <clinit>> (0x00007fb416d477b0) thrown at [/HUDSON/workspace/9-2-build-linux-amd64/jdk9/2975.nc/hotspot/src/share/vm/prims/jni.cpp, line 1355]
Event: 84.913 Thread 0x00007fb3e4366800 Implicit null exception at 0x00007fb43cc553a8 to 0x00007fb43cc5544b
Event: 84.913 Thread 0x00007fb3e4366800 Implicit null exception at 0x00007fb43d02db48 to 0x00007fb43d02e1aa
Event: 88.433 Thread 0x00007fb3e4366800 Exception <a 'java/lang/ClassNotFoundException': /http/Handler> (0x00007fb419830c80) thrown at [/HUDSON/workspace/9-2-build-linux-amd64/jdk9/2975.nc/hotspot/src/share/vm/prims/jni.cpp, line 628]
Event: 88.447 Thread 0x00007fb3e4366800 Exception <a 'sun/nio/fs/UnixException'> (0x00007fb41989d0a8) thrown at [/HUDSON/workspace/9-2-build-linux-amd64/jdk9/2975.nc/hotspot/src/share/vm/prims/jni.cpp, line 607]
Event: 89.832 Thread 0x00007fb3e4366800 Exception <a 'sun/nio/fs/UnixException'> (0x00007fb41a9dfff0) thrown at [/HUDSON/workspace/9-2-build-linux-amd64/jdk9/2975.nc/hotspot/src/share/vm/prims/jni.cpp, line 607]
Event: 90.029 Thread 0x00007fb3d8b50000 Implicit null exception at 0x00007fb43cce5b6c to 0x00007fb43cce5c6d

Events (10 events):
Event: 95.116 Executing VM operation: RevokeBias
Event: 95.116 Thread 0x00007fb3540c4000 DEOPT UNPACKING pc=0x00007fb435047be9 sp=0x00007fb3430ef5c8 mode 2
Event: 95.116 Executing VM operation: RevokeBias done
Event: 95.317 Thread 0x00007fb3540c4000 DEOPT PACKING pc=0x00007fb43610e3c8 sp=0x00007fb3430ef900
Event: 95.317 Thread 0x00007fb3540c4000 DEOPT UNPACKING pc=0x00007fb435047a73 sp=0x00007fb3430ef568 mode 0
Event: 95.415 Executing VM operation: RevokeBias
Event: 95.415 Executing VM operation: RevokeBias done
Event: 95.415 Executing VM operation: RevokeBias
Event: 95.415 Executing VM operation: RevokeBias done
Event: 95.466 Executing VM operation: GenCollectForAllocation


Dynamic libraries:
00400000-00401000 r-xp 00000000 09:02 4588900                            /home/jenkins/tools/java/64bit/jdk1.9.0-ea-b72/bin/java
00600000-00601000 rw-p 00000000 09:02 4588900                            /home/jenkins/tools/java/64bit/jdk1.9.0-ea-b72/bin/java
01abb000-01adc000 rw-p 00000000 00:00 0                                  [heap]
7fb294000000-7fb294021000 rw-p 00000000 00:00 0 
7fb294021000-7fb298000000 ---p 00000000 00:00 0 
7fb298000000-7fb298021000 rw-p 00000000 00:00 0 
7fb298021000-7fb29c000000 ---p 00000000 00:00 0 
7fb29c000000-7fb29c021000 rw-p 00000000 00:00 0 
7fb29c021000-7fb2a0000000 ---p 00000000 00:00 0 
7fb2a0000000-7fb2a0021000 rw-p 00000000 00:00 0 
7fb2a0021000-7fb2a4000000 ---p 00000000 00:00 0 
7fb2a4000000-7fb2a4038000 rw-p 00000000 00:00 0 
7fb2a4038000-7fb2a8000000 ---p 00000000 00:00 0 
7fb2a8000000-7fb2a8021000 rw-p 00000000 00:00 0 
7fb2a8021000-7fb2ac000000 ---p 00000000 00:00 0 
7fb2ac000000-7fb2ac021000 rw-p 00000000 00:00 0 
7fb2ac021000-7fb2b0000000 ---p 00000000 00:00 0 
7fb2b0000000-7fb2b0021000 rw-p 00000000 00:00 0 
7fb2b0021000-7fb2b4000000 ---p 00000000 00:00 0 
7fb2b4000000-7fb2b4021000 rw-p 00000000 00:00 0 
7fb2b4021000-7fb2b8000000 ---p 00000000 00:00 0 
7fb2b8000000-7fb2b8021000 rw-p 00000000 00:00 0 
7fb2b8021000-7fb2bc000000 ---p 00000000 00:00 0 
7fb2bc000000-7fb2bc021000 rw-p 00000000 00:00 0 
7fb2bc021000-7fb2c0000000 ---p 00000000 00:00 0 
7fb2c0000000-7fb2c00a6000 rw-p 00000000 00:00 0 
7fb2c00a6000-7fb2c4000000 ---p 00000000 00:00 0 
7fb2c4000000-7fb2c4027000 rw-p 00000000 00:00 0 
7fb2c4027000-7fb2c8000000 ---p 00000000 00:00 0 
7fb2c8000000-7fb2c8021000 rw-p 00000000 00:00 0 
7fb2c8021000-7fb2cc000000 ---p 00000000 00:00 0 
7fb2cc000000-7fb2cc16d000 rw-p 00000000 00:00 0 
7fb2cc16d000-7fb2d0000000 ---p 00000000 00:00 0 
7fb2d0000000-7fb2d0021000 rw-p 00000000 00:00 0 
7fb2d0021000-7fb2d4000000 ---p 00000000 00:00 0 
7fb2d4000000-7fb2d4021000 rw-p 00000000 00:00 0 
7fb2d4021000-7fb2d8000000 ---p 00000000 00:00 0 
7fb2d8000000-7fb2d8021000 rw-p 00000000 00:00 0 
7fb2d8021000-7fb2dc000000 ---p 00000000 00:00 0 
7fb2dc000000-7fb2dc021000 rw-p 00000000 00:00 0 
7fb2dc021000-7fb2e0000000 ---p 00000000 00:00 0 
7fb2e0000000-7fb2e0021000 rw-p 00000000 00:00 0 
7fb2e0021000-7fb2e4000000 ---p 00000000 00:00 0 
7fb2e4000000-7fb2e4021000 rw-p 00000000 00:00 0 
7fb2e4021000-7fb2e8000000 ---p 00000000 00:00 0 
7fb2e8000000-7fb2e8021000 rw-p 00000000 00:00 0 
7fb2e8021000-7fb2ec000000 ---p 00000000 00:00 0 
7fb2ec000000-7fb2ec021000 rw-p 00000000 00:00 0 
7fb2ec021000-7fb2f0000000 ---p 00000000 00:00 0 
7fb2f0000000-7fb2f0021000 rw-p 00000000 00:00 0 
7fb2f0021000-7fb2f4000000 ---p 00000000 00:00 0 
7fb2f4000000-7fb2f4021000 rw-p 00000000 00:00 0 
7fb2f4021000-7fb2f8000000 ---p 00000000 00:00 0 
7fb2f8000000-7fb2f8021000 rw-p 00000000 00:00 0 
7fb2f8021000-7fb2fc000000 ---p 00000000 00:00 0 
7fb2fc000000-7fb2fc021000 rw-p 00000000 00:00 0 
7fb2fc021000-7fb300000000 ---p 00000000 00:00 0 
7fb300000000-7fb300021000 rw-p 00000000 00:00 0 
7fb300021000-7fb304000000 ---p 00000000 00:00 0 
7fb304000000-7fb304021000 rw-p 00000000 00:00 0 
7fb304021000-7fb308000000 ---p 00000000 00:00 0 
7fb308000000-7fb308038000 rw-p 00000000 00:00 0 
7fb308038000-7fb30c000000 ---p 00000000 00:00 0 
7fb30c000000-7fb30c021000 rw-p 00000000 00:00 0 
7fb30c021000-7fb310000000 ---p 00000000 00:00 0 
7fb310000000-7fb310021000 rw-p 00000000 00:00 0 
7fb310021000-7fb314000000 ---p 00000000 00:00 0 
7fb314000000-7fb314021000 rw-p 00000000 00:00 0 
7fb314021000-7fb318000000 ---p 00000000 00:00 0 
7fb318000000-7fb318021000 rw-p 00000000 00:00 0 
7fb318021000-7fb31c000000 ---p 00000000 00:00 0 
7fb31c000000-7fb31c021000 rw-p 00000000 00:00 0 
7fb31c021000-7fb320000000 ---p 00000000 00:00 0 
7fb320000000-7fb320021000 rw-p 00000000 00:00 0 
7fb320021000-7fb324000000 ---p 00000000 00:00 0 
7fb324000000-7fb324021000 rw-p 00000000 00:00 0 
7fb324021000-7fb328000000 ---p 00000000 00:00 0 
7fb328000000-7fb328021000 rw-p 00000000 00:00 0 
7fb328021000-7fb32c000000 ---p 00000000 00:00 0 
7fb32c000000-7fb32c021000 rw-p 00000000 00:00 0 
7fb32c021000-7fb330000000 ---p 00000000 00:00 0 
7fb330000000-7fb3302cf000 rw-p 00000000 00:00 0 
7fb3302cf000-7fb334000000 ---p 00000000 00:00 0 
7fb334000000-7fb334021000 rw-p 00000000 00:00 0 
7fb334021000-7fb338000000 ---p 00000000 00:00 0 
7fb338000000-7fb338021000 rw-p 00000000 00:00 0 
7fb338021000-7fb33c000000 ---p 00000000 00:00 0 
7fb33c000000-7fb33c021000 rw-p 00000000 00:00 0 
7fb33c021000-7fb340000000 ---p 00000000 00:00 0 
7fb341ee1000-7fb341f21000 rw-p 00000000 00:00 0 
7fb341f21000-7fb3420e1000 ---p 00000000 00:00 0 
7fb3420e1000-7fb3420e4000 ---p 00000000 00:00 0 
7fb3420e4000-7fb3421e2000 rw-p 00000000 00:00 0                          [stack:9868]
7fb3421e4000-7fb3423e4000 rw-p 00000000 00:00 0 
7fb3423e4000-7fb3423e7000 ---p 00000000 00:00 0 
7fb3423e7000-7fb3424e5000 rw-p 00000000 00:00 0                          [stack:9812]
7fb3424e9000-7fb3426e9000 rw-p 00000000 00:00 0 
7fb3426e9000-7fb3428e9000 rw-p 00000000 00:00 0 
7fb3428e9000-7fb3428ec000 ---p 00000000 00:00 0 
7fb3428ec000-7fb3429ea000 rw-p 00000000 00:00 0                          [stack:9848]
7fb3429ea000-7fb3429ed000 ---p 00000000 00:00 0 
7fb3429ed000-7fb342aeb000 rw-p 00000000 00:00 0                          [stack:9946]
7fb342bec000-7fb342bef000 ---p 00000000 00:00 0 
7fb342bef000-7fb342ced000 rw-p 00000000 00:00 0                          [stack:9867]
7fb342ced000-7fb342cf0000 ---p 00000000 00:00 0 
7fb342cf0000-7fb342dee000 rw-p 00000000 00:00 0                          [stack:9859]
7fb342eef000-7fb342ef2000 ---p 00000000 00:00 0 
7fb342ef2000-7fb342ff0000 rw-p 00000000 00:00 0                          [stack:9850]
7fb342ff0000-7fb342ff3000 ---p 00000000 00:00 0 
7fb342ff3000-7fb3430f1000 rw-p 00000000 00:00 0                          [stack:9858]
7fb3431f2000-7fb3431f5000 ---p 00000000 00:00 0 
7fb3431f5000-7fb3432f3000 rw-p 00000000 00:00 0                          [stack:9860]
7fb3432f5000-7fb3434f5000 rw-p 00000000 00:00 0 
7fb3434f5000-7fb3434f8000 ---p 00000000 00:00 0 
7fb3434f8000-7fb3435f6000 rw-p 00000000 00:00 0                          [stack:9829]
7fb3436fd000-7fb3438fd000 rw-p 00000000 00:00 0 
7fb3438fd000-7fb343afd000 rw-p 00000000 00:00 0 
7fb343afd000-7fb343cfd000 rw-p 00000000 00:00 0 
7fb343cfd000-7fb343d00000 ---p 00000000 00:00 0 
7fb343d00000-7fb343dfe000 rw-p 00000000 00:00 0                          [stack:9849]
7fb343dfe000-7fb343e01000 ---p 00000000 00:00 0 
7fb343e01000-7fb343eff000 rw-p 00000000 00:00 0                          [stack:9833]
7fb343eff000-7fb343f02000 ---p 00000000 00:00 0 
7fb343f02000-7fb344000000 rw-p 00000000 00:00 0                          [stack:9839]
7fb344000000-7fb344021000 rw-p 00000000 00:00 0 
7fb344021000-7fb348000000 ---p 00000000 00:00 0 
7fb348000000-7fb348021000 rw-p 00000000 00:00 0 
7fb348021000-7fb34c000000 ---p 00000000 00:00 0 
7fb34c000000-7fb34c021000 rw-p 00000000 00:00 0 
7fb34c021000-7fb350000000 ---p 00000000 00:00 0 
7fb350000000-7fb350021000 rw-p 00000000 00:00 0 
7fb350021000-7fb354000000 ---p 00000000 00:00 0 
7fb354000000-7fb35410d000 rw-p 00000000 00:00 0 
7fb35410d000-7fb358000000 ---p 00000000 00:00 0 
7fb358000000-7fb358021000 rw-p 00000000 00:00 0 
7fb358021000-7fb35c000000 ---p 00000000 00:00 0 
7fb35c000000-7fb35c021000 rw-p 00000000 00:00 0 
7fb35c021000-7fb360000000 ---p 00000000 00:00 0 
7fb360000000-7fb360021000 rw-p 00000000 00:00 0 
7fb360021000-7fb364000000 ---p 00000000 00:00 0 
7fb364000000-7fb364021000 rw-p 00000000 00:00 0 
7fb364021000-7fb368000000 ---p 00000000 00:00 0 
7fb368000000-7fb368021000 rw-p 00000000 00:00 0 
7fb368021000-7fb36c000000 ---p 00000000 00:00 0 
7fb36c000000-7fb36c021000 rw-p 00000000 00:00 0 
7fb36c021000-7fb370000000 ---p 00000000 00:00 0 
7fb370000000-7fb370021000 rw-p 00000000 00:00 0 
7fb370021000-7fb374000000 ---p 00000000 00:00 0 
7fb374000000-7fb374021000 rw-p 00000000 00:00 0 
7fb374021000-7fb378000000 ---p 00000000 00:00 0 
7fb378000000-7fb378041000 rw-p 00000000 00:00 0 
7fb378041000-7fb37c000000 ---p 00000000 00:00 0 
7fb37c000000-7fb37c021000 rw-p 00000000 00:00 0 
7fb37c021000-7fb380000000 ---p 00000000 00:00 0 
7fb380000000-7fb380021000 rw-p 00000000 00:00 0 
7fb380021000-7fb384000000 ---p 00000000 00:00 0 
7fb384000000-7fb384021000 rw-p 00000000 00:00 0 
7fb384021000-7fb388000000 ---p 00000000 00:00 0 
7fb388000000-7fb388021000 rw-p 00000000 00:00 0 
7fb388021000-7fb38c000000 ---p 00000000 00:00 0 
7fb38c000000-7fb38c037000 rw-p 00000000 00:00 0 
7fb38c037000-7fb390000000 ---p 00000000 00:00 0 
7fb390000000-7fb390021000 rw-p 00000000 00:00 0 
7fb390021000-7fb394000000 ---p 00000000 00:00 0 
7fb394000000-7fb39407e000 rw-p 00000000 00:00 0 
7fb39407e000-7fb398000000 ---p 00000000 00:00 0 
7fb398000000-7fb398300000 rw-p 00000000 00:00 0 
7fb398300000-7fb39c000000 ---p 00000000 00:00 0 
7fb39c000000-7fb39c021000 rw-p 00000000 00:00 0 
7fb39c021000-7fb3a0000000 ---p 00000000 00:00 0 
7fb3a0000000-7fb3a0035000 rw-p 00000000 00:00 0 
7fb3a0035000-7fb3a4000000 ---p 00000000 00:00 0 
7fb3a4000000-7fb3a4021000 rw-p 00000000 00:00 0 
7fb3a4021000-7fb3a8000000 ---p 00000000 00:00 0 
7fb3a8000000-7fb3a8021000 rw-p 00000000 00:00 0 
7fb3a8021000-7fb3ac000000 ---p 00000000 00:00 0 
7fb3ac000000-7fb3ac040000 rw-p 00000000 00:00 0 
7fb3ac040000-7fb3b0000000 ---p 00000000 00:00 0 
7fb3b0000000-7fb3b0045000 rw-p 00000000 00:00 0 
7fb3b0045000-7fb3b4000000 ---p 00000000 00:00 0 
7fb3b4000000-7fb3b4021000 rw-p 00000000 00:00 0 
7fb3b4021000-7fb3b8000000 ---p 00000000 00:00 0 
7fb3b8000000-7fb3b8037000 rw-p 00000000 00:00 0 
7fb3b8037000-7fb3bc000000 ---p 00000000 00:00 0 
7fb3bc000000-7fb3bc021000 rw-p 00000000 00:00 0 
7fb3bc021000-7fb3c0000000 ---p 00000000 00:00 0 
7fb3c0000000-7fb3c0021000 rw-p 00000000 00:00 0 
7fb3c0021000-7fb3c4000000 ---p 00000000 00:00 0 
7fb3c4000000-7fb3c4021000 rw-p 00000000 00:00 0 
7fb3c4021000-7fb3c8000000 ---p 00000000 00:00 0 
7fb3c8000000-7fb3c8021000 rw-p 00000000 00:00 0 
7fb3c8021000-7fb3cc000000 ---p 00000000 00:00 0 
7fb3cc000000-7fb3cc02d000 rw-p 00000000 00:00 0 
7fb3cc02d000-7fb3d0000000 ---p 00000000 00:00 0 
7fb3d0000000-7fb3d003b000 rw-p 00000000 00:00 0 
7fb3d003b000-7fb3d4000000 ---p 00000000 00:00 0 
7fb3d4000000-7fb3d4174000 rw-p 00000000 00:00 0 
7fb3d4174000-7fb3d8000000 ---p 00000000 00:00 0 
7fb3d8000000-7fb3d8b6d000 rw-p 00000000 00:00 0 
7fb3d8b6d000-7fb3dc000000 ---p 00000000 00:00 0 
7fb3dc059000-7fb3dc05c000 ---p 00000000 00:00 0 
7fb3dc05c000-7fb3dc15a000 rw-p 00000000 00:00 0                          [stack:9841]
7fb3dc15a000-7fb3dc15d000 ---p 00000000 00:00 0 
7fb3dc15d000-7fb3dc25b000 rw-p 00000000 00:00 0                          [stack:9869]
7fb3dc25b000-7fb3dc25e000 ---p 00000000 00:00 0 
7fb3dc25e000-7fb3dc35c000 rw-p 00000000 00:00 0                          [stack:9845]
7fb3dc35c000-7fb3dc35f000 ---p 00000000 00:00 0 
7fb3dc35f000-7fb3dc45d000 rw-p 00000000 00:00 0                          [stack:9948]
7fb3dc55e000-7fb3dc75e000 rw-p 00000000 00:00 0 
7fb3dc75e000-7fb3dc761000 ---p 00000000 00:00 0 
7fb3dc761000-7fb3dc85f000 rw-p 00000000 00:00 0                          [stack:9842]
7fb3dc85f000-7fb3dc862000 ---p 00000000 00:00 0 
7fb3dc862000-7fb3dc960000 rw-p 00000000 00:00 0                          [stack:9844]
7fb3dc960000-7fb3dc963000 ---p 00000000 00:00 0 
7fb3dc963000-7fb3dca61000 rw-p 00000000 00:00 0                          [stack:9843]
7fb3dcb62000-7fb3dcb65000 ---p 00000000 00:00 0 
7fb3dcb65000-7fb3dcc63000 rw-p 00000000 00:00 0                          [stack:9945]
7fb3dcc63000-7fb3dcc66000 ---p 00000000 00:00 0 
7fb3dcc66000-7fb3dcd64000 rw-p 00000000 00:00 0                          [stack:9832]
7fb3dcd64000-7fb3dcd67000 ---p 00000000 00:00 0 
7fb3dcd67000-7fb3dce65000 rw-p 00000000 00:00 0                          [stack:9831]
7fb3dce65000-7fb3dce68000 ---p 00000000 00:00 0 
7fb3dce68000-7fb3dcf66000 rw-p 00000000 00:00 0                          [stack:9830]
7fb3dcf66000-7fb3dcf69000 ---p 00000000 00:00 0 
7fb3dcf69000-7fb3dd067000 rw-p 00000000 00:00 0                          [stack:9724]
7fb3dd067000-7fb3dd06a000 ---p 00000000 00:00 0 
7fb3dd06a000-7fb3dd168000 rw-p 00000000 00:00 0                          [stack:9726]
7fb3dd168000-7fb3dd16b000 ---p 00000000 00:00 0 
7fb3dd16b000-7fb3dd269000 rw-p 00000000 00:00 0                          [stack:9846]
7fb3dd269000-7fb3dd26c000 ---p 00000000 00:00 0 
7fb3dd26c000-7fb3dd36a000 rw-p 00000000 00:00 0                          [stack:9725]
7fb3dd36a000-7fb3dd381000 r-xp 00000000 09:02 5767233                    /lib/x86_64-linux-gnu/libresolv-2.19.so
7fb3dd381000-7fb3dd581000 ---p 00017000 09:02 5767233                    /lib/x86_64-linux-gnu/libresolv-2.19.so
7fb3dd581000-7fb3dd582000 r--p 00017000 09:02 5767233                    /lib/x86_64-linux-gnu/libresolv-2.19.so
7fb3dd582000-7fb3dd583000 rw-p 00018000 09:02 5767233                    /lib/x86_64-linux-gnu/libresolv-2.19.so
7fb3dd583000-7fb3dd585000 rw-p 00000000 00:00 0 
7fb3dd585000-7fb3dd58a000 r-xp 00000000 09:02 5767367                    /lib/x86_64-linux-gnu/libnss_dns-2.19.so
7fb3dd58a000-7fb3dd789000 ---p 00005000 09:02 5767367                    /lib/x86_64-linux-gnu/libnss_dns-2.19.so
7fb3dd789000-7fb3dd78a000 r--p 00004000 09:02 5767367                    /lib/x86_64-linux-gnu/libnss_dns-2.19.so
7fb3dd78a000-7fb3dd78b000 rw-p 00005000 09:02 5767367                    /lib/x86_64-linux-gnu/libnss_dns-2.19.so
7fb3dd78b000-7fb3dd98b000 rw-p 00000000 00:00 0 
7fb3dd98b000-7fb3dd98e000 ---p 00000000 00:00 0 
7fb3dd98e000-7fb3dda8c000 rw-p 00000000 00:00 0                          [stack:9971]
7fb3dda8c000-7fb3dda8f000 ---p 00000000 00:00 0 
7fb3dda8f000-7fb3ddb8d000 rw-p 00000000 00:00 0                          [stack:9949]
7fb3ddb91000-7fb3ddd91000 rw-p 00000000 00:00 0 
7fb3ddd91000-7fb3ddd94000 ---p 00000000 00:00 0 
7fb3ddd94000-7fb3de092000 rw-p 00000000 00:00 0                          [stack:9723]
7fb3de092000-7fb3de095000 ---p 00000000 00:00 0 
7fb3de095000-7fb3de193000 rw-p 00000000 00:00 0                          [stack:9952]
7fb3de193000-7fb3de196000 ---p 00000000 00:00 0 
7fb3de196000-7fb3de294000 rw-p 00000000 00:00 0                          [stack:9947]
7fb3de296000-7fb3de299000 ---p 00000000 00:00 0 
7fb3de299000-7fb3de397000 rw-p 00000000 00:00 0                          [stack:9970]
7fb3de397000-7fb3de39a000 ---p 00000000 00:00 0 
7fb3de39a000-7fb3de698000 rw-p 00000000 00:00 0                          [stack:9727]
7fb3de698000-7fb3de898000 rw-p 00000000 00:00 0 
7fb3de898000-7fb3de89b000 ---p 00000000 00:00 0 
7fb3de89b000-7fb3de999000 rw-p 00000000 00:00 0                          [stack:9967]
7fb3de999000-7fb3de99c000 ---p 00000000 00:00 0 
7fb3de99c000-7fb3dec9a000 rw-p 00000000 00:00 0                          [stack:9871]
7fb3dec9a000-7fb3dee9a000 rw-p 00000000 00:00 0 
7fb3dee9a000-7fb3df09a000 rw-p 00000000 00:00 0 
7fb3df09a000-7fb3df29a000 rw-p 00000000 00:00 0 
7fb3df29a000-7fb3df29d000 ---p 00000000 00:00 0 
7fb3df29d000-7fb3df39b000 rw-p 00000000 00:00 0                          [stack:9873]
7fb3df39b000-7fb3df39e000 ---p 00000000 00:00 0 
7fb3df39e000-7fb3df49c000 rw-p 00000000 00:00 0                          [stack:9847]
7fb3df49c000-7fb3df49f000 ---p 00000000 00:00 0 
7fb3df49f000-7fb3df79d000 rw-p 00000000 00:00 0                          [stack:9872]
7fb3df79d000-7fb3df7b3000 r-xp 00000000 09:02 5767186                    /lib/x86_64-linux-gnu/libgcc_s.so.1
7fb3df7b3000-7fb3df9b2000 ---p 00016000 09:02 5767186                    /lib/x86_64-linux-gnu/libgcc_s.so.1
7fb3df9b2000-7fb3df9b3000 rw-p 00015000 09:02 5767186                    /lib/x86_64-linux-gnu/libgcc_s.so.1
7fb3df9b3000-7fb3df9e9000 r-xp 00000000 09:02 4588709                    /home/jenkins/tools/java/64bit/jdk1.9.0-ea-b72/lib/amd64/libsunec.so
7fb3df9e9000-7fb3dfbe9000 ---p 00036000 09:02 4588709                    /home/jenkins/tools/java/64bit/jdk1.9.0-ea-b72/lib/amd64/libsunec.so
7fb3dfbe9000-7fb3dfbef000 rw-p 00036000 09:02 4588709                    /home/jenkins/tools/java/64bit/jdk1.9.0-ea-b72/lib/amd64/libsunec.so
7fb3dfbef000-7fb3dfe00000 rw-p 00000000 00:00 0 
7fb3dfe00000-7fb3e0000000 rw-p 00000000 00:00 0 
7fb3e0000000-7fb3e0021000 rw-p 00000000 00:00 0 
7fb3e0021000-7fb3e4000000 ---p 00000000 00:00 0 
7fb3e4000000-7fb3e43c8000 rw-p 00000000 00:00 0 
7fb3e43c8000-7fb3e8000000 ---p 00000000 00:00 0 
7fb3e8000000-7fb3e8021000 rw-p 00000000 00:00 0 
7fb3e8021000-7fb3ec000000 ---p 00000000 00:00 0 
7fb3ec000000-7fb3ec021000 rw-p 00000000 00:00 0 
7fb3ec021000-7fb3f0000000 ---p 00000000 00:00 0 
7fb3f0000000-7fb3f08eb000 rw-p 00000000 00:00 0 
7fb3f08eb000-7fb3f4000000 ---p 00000000 00:00 0 
7fb3f4000000-7fb3f4059000 rw-p 00000000 00:00 0 
7fb3f4059000-7fb3f8000000 ---p 00000000 00:00 0 
7fb3f8000000-7fb3fa502000 rw-p 00000000 00:00 0 
7fb3fa502000-7fb3fc000000 ---p 00000000 00:00 0 
7fb3fc000000-7fb3fdda0000 rw-p 00000000 00:00 0 
7fb3fdda0000-7fb400000000 ---p 00000000 00:00 0 
7fb400000000-7fb400021000 rw-p 00000000 00:00 0 
7fb400021000-7fb404000000 ---p 00000000 00:00 0 
7fb404000000-7fb406036000 rw-p 00000000 00:00 0 
7fb406036000-7fb408000000 ---p 00000000 00:00 0 
7fb408000000-7fb408021000 rw-p 00000000 00:00 0 
7fb408021000-7fb40c000000 ---p 00000000 00:00 0 
7fb40c000000-7fb40c021000 rw-p 00000000 00:00 0 
7fb40c021000-7fb410000000 ---p 00000000 00:00 0 
7fb410000000-7fb410406000 rw-p 00000000 00:00 0 
7fb410406000-7fb414000000 ---p 00000000 00:00 0 
7fb414045000-7fb414245000 rw-p 00000000 00:00 0 
7fb414245000-7fb414445000 rw-p 00000000 00:00 0 
7fb414445000-7fb414448000 ---p 00000000 00:00 0 
7fb414448000-7fb414746000 rw-p 00000000 00:00 0                          [stack:9721]
7fb414746000-7fb414747000 r--s 00002000 09:02 3411595                    /home/jenkins/tools/hudson.tasks.Ant_AntInstallation/ANT_1.8.2/lib/ant-netrexx.jar
7fb414747000-7fb414748000 r--s 00003000 09:02 3411573                    /home/jenkins/tools/hudson.tasks.Ant_AntInstallation/ANT_1.8.2/lib/ant-testutil.jar
7fb414748000-7fb414749000 r--s 00001000 09:02 3411558                    /home/jenkins/tools/hudson.tasks.Ant_AntInstallation/ANT_1.8.2/lib/ant-swing.jar
7fb414749000-7fb41474a000 r--s 00000000 09:02 3411596                    /home/jenkins/tools/hudson.tasks.Ant_AntInstallation/ANT_1.8.2/lib/ant-apache-regexp.jar
7fb41474a000-7fb41474b000 r--s 00009000 09:02 3411584                    /home/jenkins/tools/hudson.tasks.Ant_AntInstallation/ANT_1.8.2/lib/ant-jsch.jar
7fb41474b000-7fb41474c000 r--s 00001000 09:02 3411602                    /home/jenkins/tools/hudson.tasks.Ant_AntInstallation/ANT_1.8.2/lib/ant-antlr.jar
7fb41474c000-7fb41474e000 r--s 00008000 09:02 3411561                    /home/jenkins/tools/hudson.tasks.Ant_AntInstallation/ANT_1.8.2/lib/ant-apache-oro.jar
7fb41474e000-7fb414750000 r--s 00017000 09:02 3411582                    /home/jenkins/tools/hudson.tasks.Ant_AntInstallation/ANT_1.8.2/lib/ant-junit.jar
7fb414750000-7fb414751000 r--s 00000000 09:02 3411577                    /home/jenkins/tools/hudson.tasks.Ant_AntInstallation/ANT_1.8.2/lib/ant-apache-log4j.jar
7fb414751000-7fb414752000 r--s 00000000 09:02 3411568                    /home/jenkins/tools/hudson.tasks.Ant_AntInstallation/ANT_1.8.2/lib/ant-apache-resolver.jar
7fb414752000-7fb414754000 r--s 00013000 09:02 3411590                    /home/jenkins/tools/hudson.tasks.Ant_AntInstallation/ANT_1.8.2/lib/ant-commons-net.jar
7fb414754000-7fb414755000 r--s 00000000 09:02 3411574                    /home/jenkins/tools/hudson.tasks.Ant_AntInstallation/ANT_1.8.2/lib/ant-commons-logging.jar
7fb414755000-7fb414756000 r--s 00000000 09:02 3411593                    /home/jenkins/tools/hudson.tasks.Ant_AntInstallation/ANT_1.8.2/lib/ant-apache-bsf.jar
7fb414756000-7fb414758000 r--s 00004000 09:02 3411557                    /home/jenkins/tools/hudson.tasks.Ant_AntInstallation/ANT_1.8.2/lib/ant-jai.jar
7fb414758000-7fb414759000 r--s 00001000 09:02 3411567                    /home/jenkins/tools/hudson.tasks.Ant_AntInstallation/ANT_1.8.2/lib/ant-javamail.jar
7fb414759000-7fb41475a000 r--s 00000000 09:02 3411565                    /home/jenkins/tools/hudson.tasks.Ant_AntInstallation/ANT_1.8.2/lib/ant-apache-xalan2.jar
7fb41475a000-7fb41475b000 r--s 00001000 09:02 3411598                    /home/jenkins/tools/hudson.tasks.Ant_AntInstallation/ANT_1.8.2/lib/ant-junit4.jar
7fb41475b000-7fb41475c000 r--s 00001000 09:02 3411563                    /home/jenkins/tools/hudson.tasks.Ant_AntInstallation/ANT_1.8.2/lib/ant-jmf.jar
7fb41475c000-7fb41475e000 r--s 00001000 09:02 3411601                    /home/jenkins/tools/hudson.tasks.Ant_AntInstallation/ANT_1.8.2/lib/ant-apache-bcel.jar
7fb41475e000-7fb41477c000 r--s 001bb000 09:02 3411599                    /home/jenkins/tools/hudson.tasks.Ant_AntInstallation/ANT_1.8.2/lib/ant.jar
7fb41477c000-7fb41477e000 r--s 00001000 09:02 3411594                    /home/jenkins/tools/hudson.tasks.Ant_AntInstallation/ANT_1.8.2/lib/ant-jdepend.jar
7fb41477e000-7fb414793000 r--s 00116000 09:02 2492456                    /home/jenkins/.ant/lib/ivy-2.3.0.jar
7fb414793000-7fb414795000 r--s 00002000 09:02 3411560                    /home/jenkins/tools/hudson.tasks.Ant_AntInstallation/ANT_1.8.2/lib/ant-launcher.jar
7fb414795000-7fb4147f8000 r--s 00a3a000 09:02 2494334                    /home/jenkins/.ivy2/cache/com.ibm.icu/icu4j/jars/icu4j-54.1.jar
7fb4147f8000-7fb4147fa000 r--s 00012000 09:02 6563540                    /home/jenkins/workspace/Lucene-Solr-trunk-Linux/lucene/build/analysis/icu/lucene-analyzers-icu-6.0.0-SNAPSHOT.jar
7fb4147fa000-7fb4147fc000 r--s 00007000 09:02 2493367                    /home/jenkins/.ivy2/cache/org.objenesis/objenesis/jars/objenesis-1.2.jar
7fb4147fc000-7fb414809000 r--s 0008f000 09:02 2883914                    /home/jenkins/.ivy2/cache/org.apache.mina/mina-core/bundles/mina-core-2.0.0-M5.jar
7fb414809000-7fb41480d000 r--s 00028000 09:02 2494394                    /home/jenkins/.ivy2/cache/org.mortbay.jetty/jetty-util/jars/jetty-util-6.1.26.jar
7fb41480d000-7fb414814000 r--s 0007d000 09:02 2494387                    /home/jenkins/.ivy2/cache/org.mortbay.jetty/jetty/jars/jetty-6.1.26.jar
7fb414814000-7fb414826000 r--s 0009d000 09:02 2493695                    /home/jenkins/.ivy2/cache/com.sun.jersey/jersey-server/bundles/jersey-server-1.9.jar
7fb414826000-7fb414830000 r--s 00066000 09:02 2493707                    /home/jenkins/.ivy2/cache/com.sun.jersey/jersey-core/bundles/jersey-core-1.9.jar
7fb414830000-7fb414832000 r--s 00003000 09:02 2621793                    /home/jenkins/.ivy2/cache/org.slf4j/jcl-over-slf4j/jars/jcl-over-slf4j-1.7.7.jar
7fb414832000-7fb414844000 r--s 00106000 09:02 2490850                    /home/jenkins/.ivy2/cache/com.fasterxml.jackson.core/jackson-databind/bundles/jackson-databind-2.5.4.jar
7fb414844000-7fb414865000 r--s 002c3000 09:02 2490713                    /home/jenkins/.ivy2/cache/org.apache.hadoop/hadoop-hdfs/tests/hadoop-hdfs-2.6.0-tests.jar
7fb414865000-7fb414881000 r--s 00192000 09:02 2490712                    /home/jenkins/.ivy2/cache/org.apache.hadoop/hadoop-common/tests/hadoop-common-2.6.0-tests.jar
7fb414881000-7fb4148a5000 r--s 001cd000 09:02 2493253                    /home/jenkins/.ivy2/cache/org.apache.commons/commons-math3/jars/commons-math3-3.4.1.jar
7fb4148a5000-7fb4148f6000 r--s 00254000 09:02 2883910                    /home/jenkins/.ivy2/cache/org.apache.directory.api/api-all/jars/api-all-1.0.0-M20.jar
7fb4148f6000-7fb4148f9000 ---p 00000000 00:00 0 
7fb4148f9000-7fb414bf7000 rw-p 00000000 00:00 0                          [stack:9722]
7fb414bf7000-7fb414bfc000 r-xp 00000000 09:02 4588714                    /home/jenkins/tools/java/64bit/jdk1.9.0-ea-b72/lib/amd64/libmanagement_ext.so
7fb414bfc000-7fb414dfb000 ---p 00005000 09:02 4588714                    /home/jenkins/tools/java/64bit/jdk1.9.0-ea-b72/lib/amd64/libmanagement_ext.so
7fb414dfb000-7fb414dfc000 rw-p 00004000 09:02 4588714                    /home/jenkins/tools/java/64bit/jdk1.9.0-ea-b72/lib/amd64/libmanagement_ext.so
7fb414dfc000-7fb414e00000 r-xp 00000000 09:02 4588718                    /home/jenkins/tools/java/64bit/jdk1.9.0-ea-b72/lib/amd64/libmanagement.so
7fb414e00000-7fb414fff000 ---p 00004000 09:02 4588718                    /home/jenkins/tools/java/64bit/jdk1.9.0-ea-b72/lib/amd64/libmanagement.so
7fb414fff000-7fb415000000 rw-p 00003000 09:02 4588718                    /home/jenkins/tools/java/64bit/jdk1.9.0-ea-b72/lib/amd64/libmanagement.so
7fb415000000-7fb41f760000 rw-p 00000000 00:00 0 
7fb41f760000-7fb41faa0000 ---p 00000000 00:00 0 
7fb41faa0000-7fb434950000 rw-p 00000000 00:00 0 
7fb434950000-7fb435000000 ---p 00000000 00:00 0 
7fb435000000-7fb435270000 rwxp 00000000 00:00 0 
7fb435270000-7fb435591000 ---p 00000000 00:00 0 
7fb435591000-7fb436e11000 rwxp 00000000 00:00 0 
7fb436e11000-7fb43cac8000 ---p 00000000 00:00 0 
7fb43cac8000-7fb43d528000 rwxp 00000000 00:00 0 
7fb43d528000-7fb444000000 ---p 00000000 00:00 0 
7fb444000000-7fb4447c8000 rw-p 00000000 00:00 0 
7fb4447c8000-7fb448000000 ---p 00000000 00:00 0 
7fb448000000-7fb448002000 r--s 00008000 09:02 2490851                    /home/jenkins/.ivy2/cache/com.fasterxml.jackson.core/jackson-annotations/bundles/jackson-annotations-2.5.4.jar
7fb448002000-7fb448004000 r--s 00003000 09:02 2490714                    /home/jenkins/.ivy2/cache/org.apache.hadoop/hadoop-minikdc/jars/hadoop-minikdc-2.6.0.jar
7fb448004000-7fb44801a000 r--s 000e1000 09:02 2883918                    /home/jenkins/.ivy2/cache/net.sf.ehcache/ehcache-core/jars/ehcache-core-2.4.4.jar
7fb44801a000-7fb44801d000 r--s 00019000 09:02 2492569                    /home/jenkins/.ivy2/cache/org.easymock/easymock/jars/easymock-3.0.jar
7fb44801d000-7fb448023000 r--s 00049000 09:02 2494352                    /home/jenkins/.ivy2/cache/cglib/cglib-nodep/jars/cglib-nodep-2.2.jar
7fb448023000-7fb448048000 r--s 00172000 09:02 2494077                    /home/jenkins/.ivy2/cache/org.bouncycastle/bcprov-jdk15/jars/bcprov-jdk15-1.45.jar
7fb448048000-7fb44804c000 r--s 00028000 09:02 2883908                    /home/jenkins/.ivy2/cache/org.apache.directory.server/apacheds-xdbm-partition/bundles/apacheds-xdbm-partition-2.0.0-M15.jar
7fb44804c000-7fb44804d000 r--s 00007000 09:02 2883906                    /home/jenkins/.ivy2/cache/org.apache.directory.server/apacheds-protocol-shared/bundles/apacheds-protocol-shared-2.0.0-M15.jar
7fb44804d000-7fb448051000 r--s 00034000 09:02 2883904                    /home/jenkins/.ivy2/cache/org.apache.directory.server/apacheds-protocol-ldap/bundles/apacheds-protocol-ldap-2.0.0-M15.jar
7fb448051000-7fb448053000 r--s 00013000 09:02 2883902                    /home/jenkins/.ivy2/cache/org.apache.directory.server/apacheds-protocol-kerberos/bundles/apacheds-protocol-kerberos-2.0.0-M15.jar
7fb448053000-7fb448055000 r--s 0000a000 09:02 2883900                    /home/jenkins/.ivy2/cache/org.apache.directory.server/apacheds-mavibot-partition/jars/apacheds-mavibot-partition-2.0.0-M15.jar
7fb448055000-7fb448057000 r--s 00006000 09:02 2883898                    /home/jenkins/.ivy2/cache/org.apache.directory.server/apacheds-ldif-partition/bundles/apacheds-ldif-partition-2.0.0-M15.jar
7fb448057000-7fb448069000 r--s 00097000 09:02 2883896                    /home/jenkins/.ivy2/cache/org.apache.directory.server/apacheds-kerberos-codec/bundles/apacheds-kerberos-codec-2.0.0-M15.jar
7fb448069000-7fb44806c000 r--s 00017000 09:02 2883912                    /home/jenkins/.ivy2/cache/org.apache.directory.jdbm/apacheds-jdbm1/bundles/apacheds-jdbm1-2.0.0-M2.jar
7fb44806c000-7fb44806e000 r--s 00010000 09:02 2883894                    /home/jenkins/.ivy2/cache/org.apache.directory.server/apacheds-jdbm-partition/bundles/apacheds-jdbm-partition-2.0.0-M15.jar
7fb44806e000-7fb448070000 r--s 0000a000 09:02 2883890                    /home/jenkins/.ivy2/cache/org.apache.directory.server/apacheds-interceptors-trigger/bundles/apacheds-interceptors-trigger-2.0.0-M15.jar
7fb448070000-7fb448071000 r--s 00006000 09:02 2883888                    /home/jenkins/.ivy2/cache/org.apache.directory.server/apacheds-interceptors-subtree/bundles/apacheds-interceptors-subtree-2.0.0-M15.jar
7fb448071000-7fb448072000 r--s 00009000 09:02 2883886                    /home/jenkins/.ivy2/cache/org.apache.directory.server/apacheds-interceptors-schema/bundles/apacheds-interceptors-schema-2.0.0-M15.jar
7fb448072000-7fb448073000 r--s 00002000 09:02 2883884                    /home/jenkins/.ivy2/cache/org.apache.directory.server/apacheds-interceptors-referral/bundles/apacheds-interceptors-referral-2.0.0-M15.jar
7fb448073000-7fb448074000 r--s 00003000 09:02 2883882                    /home/jenkins/.ivy2/cache/org.apache.directory.server/apacheds-interceptors-operational/bundles/apacheds-interceptors-operational-2.0.0-M15.jar
7fb448074000-7fb448075000 r--s 00003000 09:02 2883880                    /home/jenkins/.ivy2/cache/org.apache.directory.server/apacheds-interceptors-normalization/bundles/apacheds-interceptors-normalization-2.0.0-M15.jar
7fb448075000-7fb448076000 r--s 00003000 09:02 2883878                    /home/jenkins/.ivy2/cache/org.apache.directory.server/apacheds-interceptors-journal/bundles/apacheds-interceptors-journal-2.0.0-M15.jar
7fb448076000-7fb448077000 r--s 00002000 09:02 2883876                    /home/jenkins/.ivy2/cache/org.apache.directory.server/apacheds-interceptors-exception/bundles/apacheds-interceptors-exception-2.0.0-M15.jar
7fb448077000-7fb448078000 r--s 00004000 09:02 2883874                    /home/jenkins/.ivy2/cache/org.apache.directory.server/apacheds-interceptors-event/bundles/apacheds-interceptors-event-2.0.0-M15.jar
7fb448078000-7fb448079000 r--s 00003000 09:02 2883872                    /home/jenkins/.ivy2/cache/org.apache.directory.server/apacheds-interceptors-collective/bundles/apacheds-interceptors-collective-2.0.0-M15.jar
7fb448079000-7fb44807b000 r--s 00004000 09:02 2883870                    /home/jenkins/.ivy2/cache/org.apache.directory.server/apacheds-interceptors-changelog/bundles/apacheds-interceptors-changelog-2.0.0-M15.jar
7fb44807b000-7fb44807d000 r--s 0000e000 09:02 2883868                    /home/jenkins/.ivy2/cache/org.apache.directory.server/apacheds-interceptors-authz/bundles/apacheds-interceptors-authz-2.0.0-M15.jar
7fb44807d000-7fb44807f000 r--s 00009000 09:02 2883866                    /home/jenkins/.ivy2/cache/org.apache.directory.server/apacheds-interceptors-authn/bundles/apacheds-interceptors-authn-2.0.0-M15.jar
7fb44807f000-7fb448080000 r--s 00004000 09:02 2883864                    /home/jenkins/.ivy2/cache/org.apache.directory.server/apacheds-interceptors-admin/bundles/apacheds-interceptors-admin-2.0.0-M15.jar
7fb448080000-7fb448081000 r--s 00003000 09:02 2883862                    /home/jenkins/.ivy2/cache/org.apache.directory.server/apacheds-interceptor-kerberos/bundles/apacheds-interceptor-kerberos-2.0.0-M15.jar
7fb448081000-7fb448082000 r--s 0000a000 09:02 2883892                    /home/jenkins/.ivy2/cache/org.apache.directory.server/apacheds-i18n/bundles/apacheds-i18n-2.0.0-M15.jar
7fb448082000-7fb448084000 r--s 00008000 09:02 2883860                    /home/jenkins/.ivy2/cache/org.apache.directory.server/apacheds-core-shared/bundles/apacheds-core-shared-2.0.0-M15.jar
7fb448084000-7fb448085000 r--s 0000e000 09:02 2883858                    /home/jenkins/.ivy2/cache/org.apache.directory.server/apacheds-core-avl/bundles/apacheds-core-avl-2.0.0-M15.jar
7fb448085000-7fb44808b000 r--s 0003a000 09:02 2883856                    /home/jenkins/.ivy2/cache/org.apache.directory.server/apacheds-core-api/bundles/apacheds-core-api-2.0.0-M15.jar
7fb44808b000-7fb44808d000 r--s 0000a000 09:02 2883854                    /home/jenkins/.ivy2/cache/org.apache.directory.server/apacheds-core/bundles/apacheds-core-2.0.0-M15.jar
7fb44808d000-7fb448092000 r--s 00068000 09:02 2883916                    /home/jenkins/.ivy2/cache/antlr/antlr/jars/antlr-2.7.7.jar
7fb448092000-7fb448097000 r--s 0002f000 09:02 2490798                    /home/jenkins/.ivy2/cache/com.carrotsearch.randomizedtesting/randomizedtesting-runner/jars/randomizedtesting-runner-2.1.13.jar
7fb448097000-7fb4480f1000 r--s 0006b000 09:02 4588580                    /home/jenkins/tools/java/64bit/jdk1.9.0-ea-b72/lib/modules/bootmodules.jimage
7fb4480f1000-7fb44813d000 r--s 00020000 09:02 4588580                    /home/jenkins/tools/java/64bit/jdk1.9.0-ea-b72/lib/modules/bootmodules.jimage
7fb44813d000-7fb44814e000 r--s 00010000 09:02 4588580                    /home/jenkins/tools/java/64bit/jdk1.9.0-ea-b72/lib/modules/bootmodules.jimage
7fb44814e000-7fb44815f000 r--s 00000000 09:02 4588580                    /home/jenkins/tools/java/64bit/jdk1.9.0-ea-b72/lib/modules/bootmodules.jimage
7fb448160000-7fb448163000 ---p 00000000 00:00 0 
7fb448163000-7fb448261000 rw-p 00000000 00:00 0                          [stack:7453]
7fb448261000-7fb448268000 r--s 00037000 09:02 2494287                    /home/jenkins/.ivy2/cache/junit/junit/jars/junit-4.10.jar
7fb448268000-7fb448271000 r--s 000a4000 09:02 2494053                    /home/jenkins/.ivy2/cache/hsqldb/hsqldb/jars/hsqldb-1.8.0.10.jar
7fb448271000-7fb44829a000 r--s 0026c000 09:02 2493174                    /home/jenkins/.ivy2/cache/org.apache.derby/derby/jars/derby-10.9.1.0.jar
7fb44829a000-7fb44829b000 r--s 0000a000 09:02 2624026                    /home/jenkins/.ivy2/cache/org.eclipse.jetty/jetty-xml/jars/jetty-xml-9.2.11.v20150529.jar
7fb44829b000-7fb44829d000 r--s 00019000 09:02 2624025                    /home/jenkins/.ivy2/cache/org.eclipse.jetty/jetty-webapp/jars/jetty-webapp-9.2.11.v20150529.jar
7fb44829d000-7fb4482a3000 r--s 00052000 09:02 2624003                    /home/jenkins/.ivy2/cache/org.eclipse.jetty/jetty-util/jars/jetty-util-9.2.11.v20150529.jar
7fb4482a3000-7fb4482a5000 r--s 0001c000 09:02 2624024                    /home/jenkins/.ivy2/cache/org.eclipse.jetty/jetty-servlets/jars/jetty-servlets-9.2.11.v20150529.jar
7fb4482a5000-7fb4482a8000 r--s 0001a000 09:02 2490825                    /home/jenkins/.ivy2/cache/org.eclipse.jetty/jetty-servlet/jars/jetty-servlet-9.2.11.v20150529.jar
7fb4482a8000-7fb4482ae000 r--s 00061000 09:02 2624002                    /home/jenkins/.ivy2/cache/org.eclipse.jetty/jetty-server/jars/jetty-server-9.2.11.v20150529.jar
7fb4482ae000-7fb4482b1000 r--s 00015000 09:02 2624023                    /home/jenkins/.ivy2/cache/org.eclipse.jetty/jetty-security/jars/jetty-security-9.2.11.v20150529.jar
7fb4482b1000-7fb4482b3000 r--s 00006000 09:02 4325419                    /home/jenkins/.ivy2/cache/org.eclipse.jetty/jetty-rewrite/jars/jetty-rewrite-9.2.11.v20150529.jar
7fb4482b3000-7fb4482b4000 r--s 00005000 09:02 2490829                    /home/jenkins/.ivy2/cache/org.eclipse.jetty/jetty-jmx/jars/jetty-jmx-9.2.11.v20150529.jar
7fb4482b4000-7fb4482b7000 r--s 00018000 09:02 2624004                    /home/jenkins/.ivy2/cache/org.eclipse.jetty/jetty-io/jars/jetty-io-9.2.11.v20150529.jar
7fb4482b7000-7fb4482b9000 r--s 00018000 09:02 2624006                    /home/jenkins/.ivy2/cache/org.eclipse.jetty/jetty-http/jars/jetty-http-9.2.11.v20150529.jar
7fb4482b9000-7fb4482bb000 r--s 0000b000 09:02 2624022                    /home/jenkins/.ivy2/cache/org.eclipse.jetty/jetty-deploy/jars/jetty-deploy-9.2.11.v20150529.jar
7fb4482bb000-7fb4482bc000 r--s 00003000 09:02 2624005                    /home/jenkins/.ivy2/cache/org.eclipse.jetty/jetty-continuation/jars/jetty-continuation-9.2.11.v20150529.jar
7fb4482bc000-7fb4482bf000 r--s 00015000 09:02 2493763                    /home/jenkins/.ivy2/cache/javax.servlet/javax.servlet-api/jars/javax.servlet-api-3.1.0.jar
7fb4482bf000-7fb4482cb000 r--s 000b6000 09:02 2494323                    /home/jenkins/.ivy2/cache/org.apache.zookeeper/zookeeper/jars/zookeeper-3.4.6.jar
7fb4482cb000-7fb4482d1000 r--s 00071000 09:02 2492590                    /home/jenkins/.ivy2/cache/org.codehaus.woodstox/woodstox-core-asl/jars/woodstox-core-asl-4.4.1.jar
7fb4482d1000-7fb4482d5000 r--s 00024000 09:02 2492578                    /home/jenkins/.ivy2/cache/org.codehaus.woodstox/stax2-api/bundles/stax2-api-3.1.4.jar
7fb4482d5000-7fb4482d7000 r--s 00006000 09:02 2621783                    /home/jenkins/.ivy2/cache/org.slf4j/slf4j-api/jars/slf4j-api-1.7.7.jar
7fb4482d7000-7fb4482d8000 r--s 00006000 09:02 2494204                    /home/jenkins/.ivy2/cache/org.noggit/noggit/jars/noggit-0.6.jar
7fb4482d8000-7fb4482d9000 r--s 00009000 09:02 2623936                    /home/jenkins/.ivy2/cache/org.apache.httpcomponents/httpmime/jars/httpmime-4.4.1.jar
7fb4482d9000-7fb4482e0000 r--s 00048000 09:02 2623932                    /home/jenkins/.ivy2/cache/org.apache.httpcomponents/httpcore/jars/httpcore-4.4.1.jar
7fb4482e0000-7fb4482ed000 r--s 000a4000 09:02 2623931                    /home/jenkins/.ivy2/cache/org.apache.httpcomponents/httpclient/jars/httpclient-4.4.1.jar
7fb4482ed000-7fb4482f1000 r--s 0002a000 09:02 2492908                    /home/jenkins/.ivy2/cache/commons-io/commons-io/jars/commons-io-2.4.jar
7fb4482f1000-7fb4482f2000 r--s 0000e000 09:02 4460309                    /home/jenkins/.ivy2/cache/com.tdunning/t-digest/jars/t-digest-3.1.jar
7fb4482f2000-7fb4482f4000 r--s 00017000 09:02 2494297                    /home/jenkins/.ivy2/cache/com.spatial4j/spatial4j/bundles/spatial4j-0.4.1.jar
7fb4482f4000-7fb4482f6000 r--s 0000c000 09:02 4326589                    /home/jenkins/.ivy2/cache/io.airlift/slice/jars/slice-0.10.jar
7fb4482f6000-7fb4482f8000 r--s 00001000 09:02 2621815                    /home/jenkins/.ivy2/cache/org.slf4j/slf4j-log4j12/jars/slf4j-log4j12-1.7.7.jar
7fb4482f8000-7fb448300000 r--s 0007b000 09:02 2493861                    /home/jenkins/.ivy2/cache/com.google.protobuf/protobuf-java/bundles/protobuf-java-2.5.0.jar
7fb448300000-7fb448308000 r--s 00068000 09:02 4326626                    /home/jenkins/.ivy2/cache/com.facebook.presto/presto-parser/jars/presto-parser-0.108.jar
7fb448308000-7fb448309000 r--s 00005000 09:02 2493311                    /home/jenkins/.ivy2/cache/org.restlet.jee/org.restlet.ext.servlet/jars/org.restlet.ext.servlet-2.3.0.jar
7fb448309000-7fb448312000 r--s 000a4000 09:02 2493322                    /home/jenkins/.ivy2/cache/org.restlet.jee/org.restlet/jars/org.restlet-2.3.0.jar
7fb448312000-7fb44831b000 r--s 0006f000 09:02 2494433                    /home/jenkins/.ivy2/cache/log4j/log4j/bundles/log4j-1.2.17.jar
7fb44831b000-7fb44832b000 r--s 0007d000 09:02 2494061                    /home/jenkins/.ivy2/cache/joda-time/joda-time/jars/joda-time-2.2.jar
7fb44832b000-7fb44832d000 r--s 00011000 09:02 4326503                    /home/jenkins/.ivy2/cache/com.fasterxml.jackson.dataformat/jackson-dataformat-smile/bundles/jackson-dataformat-smile-2.5.4.jar
7fb44832d000-7fb448331000 r--s 00035000 09:02 2490843                    /home/jenkins/.ivy2/cache/com.fasterxml.jackson.core/jackson-core/bundles/jackson-core-2.5.4.jar
7fb448331000-7fb448333000 r--s 00006000 09:02 4460285                    /home/jenkins/.ivy2/cache/org.htrace/htrace-core/jars/htrace-core-3.0.4.jar
7fb448333000-7fb44834b000 r--s 00123000 09:02 2493378                    /home/jenkins/.ivy2/cache/com.carrotsearch/hppc/jars/hppc-0.5.2.jar
7fb44834b000-7fb44834d000 r--s 00006000 09:02 5113716                    /home/jenkins/.ivy2/cache/net.agkn/hll/jars/hll-1.6.0.jar
7fb44834d000-7fb4483b2000 r--s 00711000 09:02 2490706                    /home/jenkins/.ivy2/cache/org.apache.hadoop/hadoop-hdfs/jars/hadoop-hdfs-2.6.0.jar
7fb4483b2000-7fb4483e8000 r--s 002ff000 09:02 2490705                    /home/jenkins/.ivy2/cache/org.apache.hadoop/hadoop-common/jars/hadoop-common-2.6.0.jar
7fb4483e8000-7fb4483ea000 r--s 0000f000 09:02 2490708                    /home/jenkins/.ivy2/cache/org.apache.hadoop/hadoop-auth/jars/hadoop-auth-2.6.0.jar
7fb4483ea000-7fb4483ec000 r--s 00003000 09:02 2490707                    /home/jenkins/.ivy2/cache/org.apache.hadoop/hadoop-annotations/jars/hadoop-annotations-2.6.0.jar
7fb4483ec000-7fb448415000 r--s 001ee000 09:02 2493722                    /home/jenkins/.ivy2/cache/com.google.guava/guava/bundles/guava-14.0.1.jar
7fb448415000-7fb44843f000 rw-p 00000000 00:00 0 
7fb44843f000-7fb448565000 r--s 00eff000 09:02 5113718                    /home/jenkins/.ivy2/cache/it.unimi.dsi/fastutil/jars/fastutil-6.5.11.jar
7fb448565000-7fb44856a000 r--s 00048000 09:02 2492632                    /home/jenkins/.ivy2/cache/dom4j/dom4j/jars/dom4j-1.6.1.jar
7fb44856a000-7fb44856f000 r--s 00041000 09:02 2621834                    /home/jenkins/.ivy2/cache/commons-lang/commons-lang/jars/commons-lang-2.6.jar
7fb44856f000-7fb448572000 r--s 0000c000 09:02 2494424                    /home/jenkins/.ivy2/cache/commons-fileupload/commons-fileupload/jars/commons-fileupload-1.2.1.jar
7fb448572000-7fb448578000 r--s 00043000 09:02 2493734                    /home/jenkins/.ivy2/cache/commons-configuration/commons-configuration/jars/commons-configuration-1.6.jar
7fb448578000-7fb448586000 r--s 0007f000 09:02 2494254                    /home/jenkins/.ivy2/cache/commons-collections/commons-collections/jars/commons-collections-3.2.1.jar
7fb448586000-7fb44858d000 r--s 0003f000 09:02 2621703                    /home/jenkins/.ivy2/cache/commons-codec/commons-codec/jars/commons-codec-1.10.jar
7fb44858d000-7fb44858f000 r--s 00009000 09:02 2493912                    /home/jenkins/.ivy2/cache/commons-cli/commons-cli/jars/commons-cli-1.2.jar
7fb44858f000-7fb4485c5000 r--s 001cc000 09:02 4456614                    /home/jenkins/.ivy2/cache/com.github.ben-manes.caffeine/caffeine/jars/caffeine-1.0.1.jar
7fb4485c5000-7fb4485c7000 r--s 00008000 09:02 2494158                    /home/jenkins/.ivy2/cache/org.ow2.asm/asm-commons/jars/asm-commons-4.1.jar
7fb4485c7000-7fb4485c8000 r--s 0000b000 09:02 2494147                    /home/jenkins/.ivy2/cache/org.ow2.asm/asm/jars/asm-4.1.jar
7fb4485c8000-7fb4485cf000 r--s 00055000 09:02 4326587                    /home/jenkins/.ivy2/cache/org.antlr/antlr4-runtime/jars/antlr4-runtime-4.5.jar
7fb4485cf000-7fb4485d2000 r--s 00026000 09:02 2493890                    /home/jenkins/.ivy2/cache/org.antlr/antlr-runtime/jars/antlr-runtime-3.5.jar
7fb4485d2000-7fb4485d5000 r--s 0002a000 09:02 6560664                    /home/jenkins/workspace/Lucene-Solr-trunk-Linux/lucene/build/sandbox/lucene-sandbox-6.0.0-SNAPSHOT.jar
7fb4485d5000-7fb4485d8000 r--s 0001a000 09:02 6561167                    /home/jenkins/workspace/Lucene-Solr-trunk-Linux/lucene/build/join/lucene-join-6.0.0-SNAPSHOT.jar
7fb4485d8000-7fb4485e2000 r--s 00055000 09:02 6560970                    /home/jenkins/workspace/Lucene-Solr-trunk-Linux/lucene/build/queryparser/lucene-queryparser-6.0.0-SNAPSHOT.jar
7fb4485e2000-7fb4485e8000 r--s 0002b000 09:02 6560546                    /home/jenkins/workspace/Lucene-Solr-trunk-Linux/lucene/build/queries/lucene-queries-6.0.0-SNAPSHOT.jar
7fb4485e8000-7fb4485eb000 r--s 00018000 09:02 6561078                    /home/jenkins/workspace/Lucene-Solr-trunk-Linux/lucene/build/grouping/lucene-grouping-6.0.0-SNAPSHOT.jar
7fb4485eb000-7fb4485f0000 r--s 00037000 09:02 6563550                    /home/jenkins/workspace/Lucene-Solr-trunk-Linux/lucene/build/suggest/lucene-suggest-6.0.0-SNAPSHOT.jar
7fb4485f0000-7fb4485f2000 r--s 00011000 09:02 6562214                    /home/jenkins/workspace/Lucene-Solr-trunk-Linux/lucene/build/expressions/lucene-expressions-6.0.0-SNAPSHOT.jar
7fb4485f2000-7fb4485f6000 r--s 0002e000 09:02 6561741                    /home/jenkins/workspace/Lucene-Solr-trunk-Linux/lucene/build/spatial/lucene-spatial-6.0.0-SNAPSHOT.jar
7fb4485f6000-7fb4485fa000 r--s 00026000 09:02 6561523                    /home/jenkins/workspace/Lucene-Solr-trunk-Linux/lucene/build/misc/lucene-misc-6.0.0-SNAPSHOT.jar
7fb4485fa000-7fb4485fc000 r--s 00007000 09:02 6560995                    /home/jenkins/workspace/Lucene-Solr-trunk-Linux/lucene/build/memory/lucene-memory-6.0.0-SNAPSHOT.jar
7fb4485fc000-7fb4485ff000 r--s 00020000 09:02 6561268                    /home/jenkins/workspace/Lucene-Solr-trunk-Linux/lucene/build/highlighter/lucene-highlighter-6.0.0-SNAPSHOT.jar
7fb4485ff000-7fb448606000 r--s 0005f000 09:02 6561743                    /home/jenkins/workspace/Lucene-Solr-trunk-Linux/lucene/build/codecs/lucene-codecs-6.0.0-SNAPSHOT.jar
7fb448606000-7fb448608000 r--s 00005000 09:02 6563546                    /home/jenkins/workspace/Lucene-Solr-trunk-Linux/lucene/build/analysis/phonetic/lucene-analyzers-phonetic-6.0.0-SNAPSHOT.jar
7fb448608000-7fb448619000 r--s 00156000 09:02 6559313                    /home/jenkins/workspace/Lucene-Solr-trunk-Linux/lucene/build/analysis/common/lucene-analyzers-common-6.0.0-SNAPSHOT.jar
7fb448619000-7fb44861a000 ---p 00000000 00:00 0 
7fb44861a000-7fb44871a000 rw-p 00000000 00:00 0                          [stack:7436]
7fb44871a000-7fb44871d000 ---p 00000000 00:00 0 
7fb44871d000-7fb44881b000 rw-p 00000000 00:00 0                          [stack:7435]
7fb44881b000-7fb44881e000 ---p 00000000 00:00 0 
7fb44881e000-7fb44891c000 rw-p 00000000 00:00 0                          [stack:7434]
7fb44891c000-7fb44891f000 ---p 00000000 00:00 0 
7fb44891f000-7fb448a1d000 rw-p 00000000 00:00 0                          [stack:7433]
7fb448a1d000-7fb448a20000 ---p 00000000 00:00 0 
7fb448a20000-7fb448b1e000 rw-p 00000000 00:00 0                          [stack:7432]
7fb448b1e000-7fb448b21000 ---p 00000000 00:00 0 
7fb448b21000-7fb448c1f000 rw-p 00000000 00:00 0                          [stack:7431]
7fb448c1f000-7fb448c22000 ---p 00000000 00:00 0 
7fb448c22000-7fb448d20000 rw-p 00000000 00:00 0                          [stack:7430]
7fb448d20000-7fb448d23000 ---p 00000000 00:00 0 
7fb448d23000-7fb448e21000 rw-p 00000000 00:00 0                          [stack:7429]
7fb448e21000-7fb448e53000 r--s 0014b000 09:02 2490797                    /home/jenkins/.ivy2/cache/com.carrotsearch.randomizedtesting/junit4-ant/jars/junit4-ant-2.1.13.jar
7fb448e53000-7fb448e79000 r--s 0002c000 09:02 4588581                    /home/jenkins/tools/java/64bit/jdk1.9.0-ea-b72/lib/modules/appmodules.jimage
7fb448e79000-7fb448e98000 r--s 0000e000 09:02 4588581                    /home/jenkins/tools/java/64bit/jdk1.9.0-ea-b72/lib/modules/appmodules.jimage
7fb448e98000-7fb448ea0000 r--s 00007000 09:02 4588581                    /home/jenkins/tools/java/64bit/jdk1.9.0-ea-b72/lib/modules/appmodules.jimage
7fb448ea0000-7fb448ea8000 r--s 00000000 09:02 4588581                    /home/jenkins/tools/java/64bit/jdk1.9.0-ea-b72/lib/modules/appmodules.jimage
7fb448ea8000-7fb448f39000 r--s 0109d000 09:02 4588702                    /home/jenkins/tools/java/64bit/jdk1.9.0-ea-b72/lib/jfxrt.jar
7fb448f39000-7fb448f75000 r--s 00036000 09:02 4588579                    /home/jenkins/tools/java/64bit/jdk1.9.0-ea-b72/lib/modules/extmodules.jimage
7fb448f75000-7fb448f9c000 r--s 00010000 09:02 4588579                    /home/jenkins/tools/java/64bit/jdk1.9.0-ea-b72/lib/modules/extmodules.jimage
7fb448f9c000-7fb448fa5000 r--s 00008000 09:02 4588579                    /home/jenkins/tools/java/64bit/jdk1.9.0-ea-b72/lib/modules/extmodules.jimage
7fb448fa5000-7fb448fb5000 r-xp 00000000 09:02 4588722                    /home/jenkins/tools/java/64bit/jdk1.9.0-ea-b72/lib/amd64/libnio.so
7fb448fb5000-7fb4491b5000 ---p 00010000 09:02 4588722                    /home/jenkins/tools/java/64bit/jdk1.9.0-ea-b72/lib/amd64/libnio.so
7fb4491b5000-7fb4491b6000 rw-p 00010000 09:02 4588722                    /home/jenkins/tools/java/64bit/jdk1.9.0-ea-b72/lib/amd64/libnio.so
7fb4491b6000-7fb449337000 rw-p 00000000 00:00 0 
7fb449337000-7fb44934c000 r-xp 00000000 09:02 4588729                    /home/jenkins/tools/java/64bit/jdk1.9.0-ea-b72/lib/amd64/libnet.so
7fb44934c000-7fb44954c000 ---p 00015000 09:02 4588729                    /home/jenkins/tools/java/64bit/jdk1.9.0-ea-b72/lib/amd64/libnet.so
7fb44954c000-7fb44954d000 rw-p 00015000 09:02 4588729                    /home/jenkins/tools/java/64bit/jdk1.9.0-ea-b72/lib/amd64/libnet.so
7fb44954d000-7fb449816000 r--p 00000000 09:02 9830540                    /usr/lib/locale/locale-archive
7fb449816000-7fb449819000 ---p 00000000 00:00 0 
7fb449819000-7fb449917000 rw-p 00000000 00:00 0                          [stack:7406]
7fb449917000-7fb44991a000 ---p 00000000 00:00 0 
7fb44991a000-7fb449a18000 rw-p 00000000 00:00 0                          [stack:7405]
7fb449a18000-7fb449a19000 ---p 00000000 00:00 0 
7fb449a19000-7fb449b19000 rw-p 00000000 00:00 0                          [stack:7404]
7fb449b19000-7fb449bde000 r--p 00000000 09:02 4588580                    /home/jenkins/tools/java/64bit/jdk1.9.0-ea-b72/lib/modules/bootmodules.jimage
7fb449bde000-7fb44a4af000 rw-p 00000000 00:00 0 
7fb44a4af000-7fb44a503000 rw-p 00000000 00:00 0 
7fb44a503000-7fb44a504000 ---p 00000000 00:00 0 
7fb44a504000-7fb44a5ac000 rw-p 00000000 00:00 0 
7fb44a5ac000-7fb44a5af000 ---p 00000000 00:00 0 
7fb44a5af000-7fb44a5c5000 rw-p 00000000 00:00 0 
7fb44a5c5000-7fb44a69b000 ---p 00000000 00:00 0 
7fb44a69b000-7fb44a6cc000 rw-p 00000000 00:00 0 
7fb44a6cc000-7fb44a786000 ---p 00000000 00:00 0 
7fb44a786000-7fb44a7a0000 r-xp 00000000 09:02 4588734                    /home/jenkins/tools/java/64bit/jdk1.9.0-ea-b72/lib/amd64/libzip.so
7fb44a7a0000-7fb44a99f000 ---p 0001a000 09:02 4588734                    /home/jenkins/tools/java/64bit/jdk1.9.0-ea-b72/lib/amd64/libzip.so
7fb44a99f000-7fb44a9a0000 rw-p 00019000 09:02 4588734                    /home/jenkins/tools/java/64bit/jdk1.9.0-ea-b72/lib/amd64/libzip.so
7fb44a9a0000-7fb44a9ab000 r-xp 00000000 09:02 5767363                    /lib/x86_64-linux-gnu/libnss_files-2.19.so
7fb44a9ab000-7fb44abaa000 ---p 0000b000 09:02 5767363                    /lib/x86_64-linux-gnu/libnss_files-2.19.so
7fb44abaa000-7fb44abab000 r--p 0000a000 09:02 5767363                    /lib/x86_64-linux-gnu/libnss_files-2.19.so
7fb44abab000-7fb44abac000 rw-p 0000b000 09:02 5767363                    /lib/x86_64-linux-gnu/libnss_files-2.19.so
7fb44abac000-7fb44abb7000 r-xp 00000000 09:02 5767389                    /lib/x86_64-linux-gnu/libnss_nis-2.19.so
7fb44abb7000-7fb44adb6000 ---p 0000b000 09:02 5767389                    /lib/x86_64-linux-gnu/libnss_nis-2.19.so
7fb44adb6000-7fb44adb7000 r--p 0000a000 09:02 5767389                    /lib/x86_64-linux-gnu/libnss_nis-2.19.so
7fb44adb7000-7fb44adb8000 rw-p 0000b000 09:02 5767389                    /lib/x86_64-linux-gnu/libnss_nis-2.19.so
7fb44adb8000-7fb44adcf000 r-xp 00000000 09:02 5767375                    /lib/x86_64-linux-gnu/libnsl-2.19.so
7fb44adcf000-7fb44afce000 ---p 00017000 09:02 5767375                    /lib/x86_64-linux-gnu/libnsl-2.19.so
7fb44afce000-7fb44afcf000 r--p 00016000 09:02 5767375                    /lib/x86_64-linux-gnu/libnsl-2.19.so
7fb44afcf000-7fb44afd0000 rw-p 00017000 09:02 5767375                    /lib/x86_64-linux-gnu/libnsl-2.19.so
7fb44afd0000-7fb44afd2000 rw-p 00000000 00:00 0 
7fb44afd2000-7fb44afdb000 r-xp 00000000 09:02 5767374                    /lib/x86_64-linux-gnu/libnss_compat-2.19.so
7fb44afdb000-7fb44b1da000 ---p 00009000 09:02 5767374                    /lib/x86_64-linux-gnu/libnss_compat-2.19.so
7fb44b1da000-7fb44b1db000 r--p 00008000 09:02 5767374                    /lib/x86_64-linux-gnu/libnss_compat-2.19.so
7fb44b1db000-7fb44b1dc000 rw-p 00009000 09:02 5767374                    /lib/x86_64-linux-gnu/libnss_compat-2.19.so
7fb44b1dc000-7fb44b208000 r-xp 00000000 09:02 4588766                    /home/jenkins/tools/java/64bit/jdk1.9.0-ea-b72/lib/amd64/libjava.so
7fb44b208000-7fb44b408000 ---p 0002c000 09:02 4588766                    /home/jenkins/tools/java/64bit/jdk1.9.0-ea-b72/lib/amd64/libjava.so
7fb44b408000-7fb44b40a000 rw-p 0002c000 09:02 4588766                    /home/jenkins/tools/java/64bit/jdk1.9.0-ea-b72/lib/amd64/libjava.so
7fb44b40a000-7fb44b417000 r-xp 00000000 09:02 4588756                    /home/jenkins/tools/java/64bit/jdk1.9.0-ea-b72/lib/amd64/libverify.so
7fb44b417000-7fb44b616000 ---p 0000d000 09:02 4588756                    /home/jenkins/tools/java/64bit/jdk1.9.0-ea-b72/lib/amd64/libverify.so
7fb44b616000-7fb44b618000 rw-p 0000c000 09:02 4588756                    /home/jenkins/tools/java/64bit/jdk1.9.0-ea-b72/lib/amd64/libverify.so
7fb44b618000-7fb44b61f000 r-xp 00000000 09:02 5767386                    /lib/x86_64-linux-gnu/librt-2.19.so
7fb44b61f000-7fb44b81e000 ---p 00007000 09:02 5767386                    /lib/x86_64-linux-gnu/librt-2.19.so
7fb44b81e000-7fb44b81f000 r--p 00006000 09:02 5767386                    /lib/x86_64-linux-gnu/librt-2.19.so
7fb44b81f000-7fb44b820000 rw-p 00007000 09:02 5767386                    /lib/x86_64-linux-gnu/librt-2.19.so
7fb44b820000-7fb44b925000 r-xp 00000000 09:02 5767234                    /lib/x86_64-linux-gnu/libm-2.19.so
7fb44b925000-7fb44bb24000 ---p 00105000 09:02 5767234                    /lib/x86_64-linux-gnu/libm-2.19.so
7fb44bb24000-7fb44bb25000 r--p 00104000 09:02 5767234                    /lib/x86_64-linux-gnu/libm-2.19.so
7fb44bb25000-7fb44bb26000 rw-p 00105000 09:02 5767234                    /lib/x86_64-linux-gnu/libm-2.19.so
7fb44bb26000-7fb44c824000 r-xp 00000000 09:02 4588751                    /home/jenkins/tools/java/64bit/jdk1.9.0-ea-b72/lib/amd64/server/libjvm.so
7fb44c824000-7fb44ca23000 ---p 00cfe000 09:02 4588751                    /home/jenkins/tools/java/64bit/jdk1.9.0-ea-b72/lib/amd64/server/libjvm.so
7fb44ca23000-7fb44cad6000 r--p 00cfd000 09:02 4588751                    /home/jenkins/tools/java/64bit/jdk1.9.0-ea-b72/lib/amd64/server/libjvm.so
7fb44cad6000-7fb44cb08000 rw-p 00db0000 09:02 4588751                    /home/jenkins/tools/java/64bit/jdk1.9.0-ea-b72/lib/amd64/server/libjvm.so
7fb44cb08000-7fb44cb5e000 rw-p 00000000 00:00 0 
7fb44cb5e000-7fb44cd19000 r-xp 00000000 09:02 5767381                    /lib/x86_64-linux-gnu/libc-2.19.so
7fb44cd19000-7fb44cf18000 ---p 001bb000 09:02 5767381                    /lib/x86_64-linux-gnu/libc-2.19.so
7fb44cf18000-7fb44cf1c000 r--p 001ba000 09:02 5767381                    /lib/x86_64-linux-gnu/libc-2.19.so
7fb44cf1c000-7fb44cf1e000 rw-p 001be000 09:02 5767381                    /lib/x86_64-linux-gnu/libc-2.19.so
7fb44cf1e000-7fb44cf23000 rw-p 00000000 00:00 0 
7fb44cf23000-7fb44cf26000 r-xp 00000000 09:02 5767369                    /lib/x86_64-linux-gnu/libdl-2.19.so
7fb44cf26000-7fb44d125000 ---p 00003000 09:02 5767369                    /lib/x86_64-linux-gnu/libdl-2.19.so
7fb44d125000-7fb44d126000 r--p 00002000 09:02 5767369                    /lib/x86_64-linux-gnu/libdl-2.19.so
7fb44d126000-7fb44d127000 rw-p 00003000 09:02 5767369                    /lib/x86_64-linux-gnu/libdl-2.19.so
7fb44d127000-7fb44d13c000 r-xp 00000000 09:02 4588762                    /home/jenkins/tools/java/64bit/jdk1.9.0-ea-b72/lib/amd64/jli/libjli.so
7fb44d13c000-7fb44d33b000 ---p 00015000 09:02 4588762                    /home/jenkins/tools/java/64bit/jdk1.9.0-ea-b72/lib/amd64/jli/libjli.so
7fb44d33b000-7fb44d33c000 rw-p 00014000 09:02 4588762                    /home/jenkins/tools/java/64bit/jdk1.9.0-ea-b72/lib/amd64/jli/libjli.so
7fb44d33c000-7fb44d355000 r-xp 00000000 09:02 5767382                    /lib/x86_64-linux-gnu/libpthread-2.19.so
7fb44d355000-7fb44d554000 ---p 00019000 09:02 5767382                    /lib/x86_64-linux-gnu/libpthread-2.19.so
7fb44d554000-7fb44d555000 r--p 00018000 09:02 5767382                    /lib/x86_64-linux-gnu/libpthread-2.19.so
7fb44d555000-7fb44d556000 rw-p 00019000 09:02 5767382                    /lib/x86_64-linux-gnu/libpthread-2.19.so
7fb44d556000-7fb44d55a000 rw-p 00000000 00:00 0 
7fb44d55a000-7fb44d57d000 r-xp 00000000 09:02 5767378                    /lib/x86_64-linux-gnu/ld-2.19.so
7fb44d57d000-7fb44d57e000 r--s 00007000 09:02 6563544                    /home/jenkins/workspace/Lucene-Solr-trunk-Linux/lucene/build/backward-codecs/lucene-backward-codecs-6.0.0-SNAPSHOT.jar
7fb44d57e000-7fb44d581000 r--s 00461000 09:02 6563548                    /home/jenkins/workspace/Lucene-Solr-trunk-Linux/lucene/build/analysis/kuromoji/lucene-analyzers-kuromoji-6.0.0-SNAPSHOT.jar
7fb44d582000-7fb44d652000 rw-p 00000000 00:00 0 
7fb44d652000-7fb44d655000 ---p 00000000 00:00 0 
7fb44d655000-7fb44d65a000 rw-p 00000000 00:00 0 
7fb44d65a000-7fb44d661000 ---p 00000000 00:00 0 
7fb44d661000-7fb44d664000 ---p 00000000 00:00 0 
7fb44d664000-7fb44d766000 rw-p 00000000 00:00 0                          [stack:7403]
7fb44d766000-7fb44d76f000 r--s 00000000 09:02 4588579                    /home/jenkins/tools/java/64bit/jdk1.9.0-ea-b72/lib/modules/extmodules.jimage
7fb44d76f000-7fb44d770000 rw-p 00000000 00:00 0 
7fb44d770000-7fb44d778000 rw-s 00000000 00:13 128382560                  /tmp/hsperfdata_jenkins/7402
7fb44d778000-7fb44d779000 rw-p 00000000 00:00 0 
7fb44d779000-7fb44d77a000 ---p 00000000 00:00 0 
7fb44d77a000-7fb44d77c000 rw-p 00000000 00:00 0 
7fb44d77c000-7fb44d77d000 r--p 00022000 09:02 5767378                    /lib/x86_64-linux-gnu/ld-2.19.so
7fb44d77d000-7fb44d77e000 rw-p 00023000 09:02 5767378                    /lib/x86_64-linux-gnu/ld-2.19.so
7fb44d77e000-7fb44d77f000 rw-p 00000000 00:00 0 
7fffbab7a000-7fffbab9f000 rw-p 00000000 00:00 0                          [stack]
7fffbaba4000-7fffbaba6000 r-xp 00000000 00:00 0                          [vdso]
7fffbaba6000-7fffbaba8000 r--p 00000000 00:00 0                          [vvar]
ffffffffff600000-ffffffffff601000 r-xp 00000000 00:00 0                  [vsyscall]

VM Arguments:
jvm_args: -XX:-UseCompressedOops -XX:+UseSerialGC -Djava.locale.providers=JRE,SPI -XX:+HeapDumpOnOutOfMemoryError -XX:HeapDumpPath=/home/jenkins/workspace/Lucene-Solr-trunk-Linux/heapdumps -ea -esa -Dtests.prefix=tests -Dtests.seed=90C16F4AC280153C -Xmx512M -Dtests.iters= -Dtests.verbose=false -Dtests.infostream=false -Dtests.codec=random -Dtests.postingsformat=random -Dtests.docvaluesformat=random -Dtests.locale=random -Dtests.timezone=random -Dtests.directory=random -Dtests.linedocsfile=europarl.lines.txt.gz -Dtests.luceneMatchVersion=6.0.0 -Dtests.cleanthreads=perClass -Djava.util.logging.config.file=/home/jenkins/workspace/Lucene-Solr-trunk-Linux/lucene/tools/junit4/logging.properties -Dtests.nightly=false -Dtests.weekly=false -Dtests.monster=false -Dtests.slow=true -Dtests.asserts=true -Dtests.multiplier=3 -DtempDir=./temp -Djava.io.tmpdir=./temp -Djunit4.tempDir=/home/jenkins/workspace/Lucene-Solr-trunk-Linux/solr/build/solr-core/test/temp -Dcommon.dir=/home/jenkins/workspace/Lucene-Solr-trunk-Linux/lucene -Dclover.db.dir=/home/jenkins/workspace/Lucene-Solr-trunk-Linux/lucene/build/clover/db -Djava.security.policy=/home/jenkins/workspace/Lucene-Solr-trunk-Linux/lucene/tools/junit4/solr-tests.policy -Dtests.LUCENE_VERSION=6.0.0 -Djetty.testMode=1 -Djetty.insecurerandom=1 -Dsolr.directoryFactory=org.apache.solr.core.MockDirectoryFactory -Djava.awt.headless=true -Djdk.map.althashing.threshold=0 -Djunit4.childvm.cwd=/home/jenkins/workspace/Lucene-Solr-trunk-Linux/solr/build/solr-core/test/J2 -Djunit4.childvm.id=2 -Djunit4.childvm.count=3 -Dtests.leaveTemporary=false -Dtests.filterstacks=true -Dtests.disableHdfs=true -Djava.security.manager=org.apache.lucene.util.TestSecurityManager 
java_command: com.carrotsearch.ant.tasks.junit4.slave.SlaveMainSafe -eventsfile /home/jenkins/workspace/Lucene-Solr-trunk-Linux/solr/build/solr-core/test/temp/junit4-J2-20150714_205152_761.events @/home/jenkins/workspace/Lucene-Solr-trunk-Linux/solr/build/solr-core/test/temp/junit4-J2-20150714_205152_761.suites -stdin
java_class_path (initial): /home/jenkins/workspace/Lucene-Solr-trunk-Linux/solr/build/solr-core/classes/test:/home/jenkins/workspace/Lucene-Solr-trunk-Linux/solr/build/solr-test-framework/classes/java:/home/jenkins/workspace/Lucene-Solr-trunk-Linux/solr/test-framework/lib/junit4-ant-2.1.13.jar:/home/jenkins/workspace/Lucene-Solr-trunk-Linux/solr/core/src/test-files:/home/jenkins/workspace/Lucene-Solr-trunk-Linux/lucene/build/test-framework/classes/java:/home/jenkins/workspace/Lucene-Solr-trunk-Linux/lucene/build/codecs/classes/java:/home/jenkins/workspace/Lucene-Solr-trunk-Linux/solr/build/solr-solrj/classes/java:/home/jenkins/workspace/Lucene-Solr-trunk-Linux/solr/build/solr-core/classes/java:/home/jenkins/workspace/Lucene-Solr-trunk-Linux/lucene/build/analysis/common/lucene-analyzers-common-6.0.0-SNAPSHOT.jar:/home/jenkins/workspace/Lucene-Solr-trunk-Linux/lucene/build/analysis/kuromoji/lucene-analyzers-kuromoji-6.0.0-SNAPSHOT.jar:/home/jenkins/workspace/Lucene-Solr-trunk-Linux/lucene/build/analysis/phonetic/lucene-analyzers-phonetic-6.0.0-SNAPSHOT.jar:/home/jenkins/workspace/Lucene-Solr-trunk-Linux/lucene/build/codecs/lucene-codecs-6.0.0-SNAPSHOT.jar:/home/jenkins/workspace/Lucene-Solr-trunk-Linux/lucene/build/backward-codecs/lucene-backward-codecs-6.0.0-SNAPSHOT.jar:/home/jenkins/workspace/Lucene-Solr-trunk-Linux/lucene/build/highlighter/lucene-highlighter-6.0.0-SNAPSHOT.jar:/home/jenkins/workspace/Lucene-Solr-trunk-Linux/lucene/build/memory/lucene-memory-6.0.0-SNAPSHOT.jar:/home/jenkins/workspace/Lucene-Solr-trunk-Linux/lucene/build/misc/lucene-misc-6.0.0-SNAPSHOT.jar:/home/jenkins/workspace/Lucene-Solr-trunk-Linux/lucene/build/spatial/lucene-spatial-6.0.0-SNAPSHOT.jar:/home/jenkins/workspace/Lucene-Solr-trunk-Linux/lucene/build/expressions/lucene-expressions-6.0.0-SNAPSHOT.jar:/home/jenkins/workspace/Lucene-Solr-trunk-Linux/lucene/build/suggest/lucene-suggest-6.0.0-SNAPSHOT.jar:/home/jenkins/workspace/Lucene-Solr-trunk-Linux/lucene/build/grouping/lucene-grou
Launcher Type: SUN_STANDARD

Environment Variables:
JAVA_HOME=/var/lib/jenkins/tools/java/64bit/jdk1.9.0-ea-b72
PATH=/var/lib/jenkins/tools/java/64bit/jdk1.9.0-ea-b72/bin:/usr/local/bin:/usr/bin:/bin:/usr/local/games:/usr/games
SHELL=/bin/bash

Signal Handlers:
SIGSEGV: [libjvm.so+0xab5a90], sa_mask[0]=11111111011111111101111111111110, sa_flags=SA_RESTART|SA_SIGINFO
SIGBUS: [libjvm.so+0xab5a90], sa_mask[0]=11111111011111111101111111111110, sa_flags=SA_RESTART|SA_SIGINFO
SIGFPE: [libjvm.so+0xab5a90], sa_mask[0]=11111111011111111101111111111110, sa_flags=SA_RESTART|SA_SIGINFO
SIGPIPE: [libjvm.so+0x9053b0], sa_mask[0]=11111111011111111101111111111110, sa_flags=SA_RESTART|SA_SIGINFO
SIGXFSZ: [libjvm.so+0x9053b0], sa_mask[0]=11111111011111111101111111111110, sa_flags=SA_RESTART|SA_SIGINFO
SIGILL: [libjvm.so+0xab5a90], sa_mask[0]=11111111011111111101111111111110, sa_flags=SA_RESTART|SA_SIGINFO
SIGUSR1: SIG_DFL, sa_mask[0]=00000000000000000000000000000000, sa_flags=none
SIGUSR2: [libjvm.so+0x905280], sa_mask[0]=00100000000000000000000000000000, sa_flags=SA_RESTART|SA_SIGINFO
SIGHUP: SIG_IGN, sa_mask[0]=00000000000000000000000000000000, sa_flags=none
SIGINT: [libjvm.so+0x905470], sa_mask[0]=11111111011111111101111111111110, sa_flags=SA_RESTART|SA_SIGINFO
SIGTERM: [libjvm.so+0x905470], sa_mask[0]=11111111011111111101111111111110, sa_flags=SA_RESTART|SA_SIGINFO
SIGQUIT: [libjvm.so+0x905470], sa_mask[0]=11111111011111111101111111111110, sa_flags=SA_RESTART|SA_SIGINFO


---------------  S Y S T E M  ---------------

OS:DISTRIB_ID=Ubuntu
DISTRIB_RELEASE=14.04
DISTRIB_CODENAME=trusty
DISTRIB_DESCRIPTION="Ubuntu 14.04.2 LTS"

uname:Linux 3.16.0-41-generic #57~14.04.1-Ubuntu SMP Thu Jun 18 18:01:13 UTC 2015 x86_64
libc:glibc 2.19 NPTL 2.19 
rlimit: STACK 8192k, CORE 0k, NPROC 128109, NOFILE 32768, AS infinity
load average:6.88 8.22 7.84

/proc/meminfo:
MemTotal:       32821496 kB
MemFree:         5377684 kB
MemAvailable:   19492764 kB
Buffers:          649628 kB
Cached:         13039956 kB
SwapCached:            0 kB
Active:         10884288 kB
Inactive:        7694804 kB
Active(anon):    4896756 kB
Inactive(anon):     7392 kB
Active(file):    5987532 kB
Inactive(file):  7687412 kB
Unevictable:           0 kB
Mlocked:               0 kB
SwapTotal:       7996348 kB
SwapFree:        7996348 kB
Dirty:             43664 kB
Writeback:            76 kB
AnonPages:       4887512 kB
Mapped:           250724 kB
Shmem:             16800 kB
Slab:             807984 kB
SReclaimable:     693528 kB
SUnreclaim:       114456 kB
KernelStack:       10368 kB
PageTables:        39380 kB
NFS_Unstable:          0 kB
Bounce:                0 kB
WritebackTmp:          0 kB
CommitLimit:    24407096 kB
Committed_AS:   13300036 kB
VmallocTotal:   34359738367 kB
VmallocUsed:      333788 kB
VmallocChunk:   34359401276 kB
HardwareCorrupted:     0 kB
AnonHugePages:   3954688 kB
HugePages_Total:       0
HugePages_Free:        0
HugePages_Rsvd:        0
HugePages_Surp:        0
Hugepagesize:       2048 kB
DirectMap4k:      121088 kB
DirectMap2M:     8140800 kB
DirectMap1G:    27262976 kB


CPU:total 12 (6 cores per cpu, 2 threads per core) family 6 model 63 stepping 2, cmov, cx8, fxsr, mmx, sse, sse2, sse3, ssse3, sse4.1, sse4.2, popcnt, avx, avx2, aes, clmul, erms, lzcnt, ht, tsc, tscinvbit, bmi1, bmi2

CPU Model and flags from /proc/cpuinfo:
model name	: Intel(R) Xeon(R) CPU E5-2620 v3 @ 2.40GHz
flags		: fpu vme de pse tsc msr pae mce cx8 apic sep mtrr pge mca cmov pat pse36 clflush dts acpi mmx fxsr sse sse2 ss ht tm pbe syscall nx pdpe1gb rdtscp lm constant_tsc arch_perfmon pebs bts rep_good nopl xtopology nonstop_tsc aperfmperf eagerfpu pni pclmulqdq dtes64 monitor ds_cpl vmx smx est tm2 ssse3 fma cx16 xtpr pdcm pcid dca sse4_1 sse4_2 x2apic movbe popcnt tsc_deadline_timer aes xsave avx f16c rdrand lahf_lm abm ida arat epb xsaveopt pln pts dtherm tpr_shadow vnmi flexpriority ept vpid fsgsbase tsc_adjust bmi1 avx2 smep bmi2 erms invpcid

Memory: 4k page, physical 32821496k(5377684k free), swap 7996348k(7996348k free)

vm_info: Java HotSpot(TM) 64-Bit Server VM (1.9.0-ea-b72) for linux-amd64 JRE (1.9.0-ea-b72), built on Jul  9 2015 09:26:00 by "java_re" with gcc 4.8.2

time: Tue Jul 14 20:53:28 2015
timezone: UTC
elapsed time: 95 seconds (0d 0h 1m 35s)

