#
# A fatal error has been detected by the Java Runtime Environment:
#
#  SIGILL (0x4) at pc=0x00007fbcd486adf6, pid=536810, tid=537116
#
# JRE version: OpenJDK Runtime Environment (11.0.6+10) (build 11.0.6+10)
# Java VM: OpenJDK 64-Bit Server VM (11.0.6+10, mixed mode, tiered, z gc, linux-amd64)
# Problematic frame:
# J 5448% c2 org.apache.lucene.codecs.lucene90.compressing.Lucene90CompressingTermVectorsReader.positionIndex(IILorg/apache/lucene/util/LongValues;[I)[[I (136 bytes) @ 0x00007fbcd486adf6 [0x00007fbcd486a300+0x0000000000000af6]
#
# No core dump will be written. Core dumps have been disabled. To enable core dumping, try "ulimit -c unlimited" before starting Java again
#
# If you would like to submit a bug report, please visit:
#   https://github.com/AdoptOpenJDK/openjdk-support/issues
#

---------------  S U M M A R Y ------------

Command Line: -Dcommon.dir=/home/jenkins/workspace/Lucene-main-Linux/lucene -Dgradle.lib.dir=/home/jenkins/.gradle/wrapper/dists/gradle-6.8.3-all/6czipnbiesy2sl92ioo8dht91/gradle-6.8.3/lib -Dgradle.user.home=/home/jenkins/.gradle -Dgradle.worker.jar=/home/jenkins/.gradle/caches/6.8.3/workerMain/gradle-worker.jar -Djava.awt.headless=true -Djava.security.egd=file:/dev/./urandom -Djava.security.manager=org.apache.lucene.util.TestSecurityManager -Djava.security.policy=/home/jenkins/workspace/Lucene-main-Linux/gradle/testing/randomization/policies/tests.policy -Djava.util.logging.config.file=/home/jenkins/workspace/Lucene-main-Linux/gradle/testing/defaults-tests/logging.properties -Djdk.map.althashing.threshold=0 -Djetty.insecurerandom=1 -Djetty.testMode=1 -Djunit4.childvm.count=1 -Djunit4.childvm.id=0 -Dorg.gradle.native=false -DtempDir=/home/jenkins/workspace/Lucene-main-Linux/lucene/suggest/build/tmp/tests-tmp -Dtests.LUCENE_VERSION=9.0.0 -Dtests.asserts=true -Dtests.badapples=false -Dtests.codec=random -Dtests.directory=random -Dtests.docvaluesformat=random -Dtests.dups=0 -Dtests.failfast=false -Dtests.file.encoding=ISO-8859-1 -Dtests.haltonfailure=false -Dtests.heapsize=512m -Dtests.infostream=false -Dtests.jvmargs=-XX:-UseCompressedOops -XX:+UnlockExperimentalVMOptions -XX:+UseZGC -Dtests.jvms=6 -Dtests.leaveTemporary=false -Dtests.linedocsfile=europarl.lines.txt.gz -Dtests.locale=random -Dtests.minheapsize=256m -Dtests.monster=false -Dtests.multiplier=3 -Dtests.nightly=false -Dtests.postingsformat=random -Dtests.profile=false -Dtests.seed=25E6600265A5C2D4 -Dtests.slow=true -Dtests.slowestSuites=true -Dtests.slowestTests=true -Dtests.timezone=random -Dtests.useSecurityManager=true -Dtests.verbose=false -Dtests.weekly=false -Dtests.workDir=/home/jenkins/workspace/Lucene-main-Linux/lucene/suggest/build/tmp/tests-tmp -XX:-UseCompressedOops -XX:+UnlockExperimentalVMOptions -XX:+UseZGC --illegal-access=deny -da:java.util.HashMap -esa -Xms256m -Xmx512m -Dfile.encoding=UTF-8 -Djava.io.tmpdir=/home/jenkins/workspace/Lucene-main-Linux/lucene/suggest/build/tmp/tests-tmp -Duser.country=US -Duser.language=en -Duser.variant -ea worker.org.gradle.process.internal.worker.GradleWorkerMain 'Gradle Test Executor 126'

Host: AMD Ryzen 7 3700X 8-Core Processor, 16 cores, 62G, Ubuntu 20.04.2 LTS
Time: Wed Jun  2 09:35:07 2021 UTC elapsed time: 5 seconds (0d 0h 0m 5s)

---------------  T H R E A D  ---------------

Current thread (0x00007fbc1c0c42c0):  JavaThread "TEST-TestSpellChecker.testBogusField-seed#[25E6600265A5C2D4]" [_thread_in_Java, id=537116, stack(0x00007fbc236ee000,0x00007fbc237ef000)]

Stack: [0x00007fbc236ee000,0x00007fbc237ef000],  sp=0x00007fbc237eb7f0,  free space=1013k
Native frames: (J=compiled Java code, A=aot compiled Java code, j=interpreted, Vv=VM code, C=native code)
J 5448% c2 org.apache.lucene.codecs.lucene90.compressing.Lucene90CompressingTermVectorsReader.positionIndex(IILorg/apache/lucene/util/LongValues;[I)[[I (136 bytes) @ 0x00007fbcd486adf6 [0x00007fbcd486a300+0x0000000000000af6]
J 4716 c1 org.apache.lucene.codecs.lucene90.compressing.Lucene90CompressingTermVectorsReader.get(I)Lorg/apache/lucene/index/Fields; (2695 bytes) @ 0x00007fbccda078d4 [0x00007fbccda02740+0x0000000000005194]
J 4788 c1 org.apache.lucene.codecs.asserting.AssertingTermVectorsFormat$AssertingTermVectorsReader.get(I)Lorg/apache/lucene/index/Fields; (26 bytes) @ 0x00007fbccda36aac [0x00007fbccda369a0+0x000000000000010c]
j  org.apache.lucene.index.CheckIndex.testTermVectors(Lorg/apache/lucene/index/CodecReader;Ljava/io/PrintStream;ZZZ)Lorg/apache/lucene/index/CheckIndex$Status$TermVectorStatus;+96
j  org.apache.lucene.index.CheckIndex.checkIndex(Ljava/util/List;)Lorg/apache/lucene/index/CheckIndex$Status;+1718
j  org.apache.lucene.util.TestUtil.checkIndex(Lorg/apache/lucene/store/Directory;ZZLjava/io/ByteArrayOutputStream;)Lorg/apache/lucene/index/CheckIndex$Status;+67
j  org.apache.lucene.store.MockDirectoryWrapper.close()V+276
j  org.apache.lucene.search.spell.TestSpellChecker.tearDown()V+4
v  ~StubRoutines::call_stub
V  [libjvm.so+0x887569]  JavaCalls::call_helper(JavaValue*, methodHandle const&, JavaCallArguments*, Thread*)+0x3b9
V  [libjvm.so+0xcb1a2d]  invoke(InstanceKlass*, methodHandle const&, Handle, bool, objArrayHandle, BasicType, objArrayHandle, bool, Thread*) [clone .constprop.80]+0x43d
V  [libjvm.so+0xcb2a62]  Reflection::invoke_method(oopDesc*, Handle, objArrayHandle, Thread*)+0x102
V  [libjvm.so+0x93b0cc]  JVM_InvokeMethod+0xfc
j  jdk.internal.reflect.NativeMethodAccessorImpl.invoke0(Ljava/lang/reflect/Method;Ljava/lang/Object;[Ljava/lang/Object;)Ljava/lang/Object;+0 java.base@11.0.6
j  jdk.internal.reflect.NativeMethodAccessorImpl.invoke(Ljava/lang/Object;[Ljava/lang/Object;)Ljava/lang/Object;+100 java.base@11.0.6
j  jdk.internal.reflect.DelegatingMethodAccessorImpl.invoke(Ljava/lang/Object;[Ljava/lang/Object;)Ljava/lang/Object;+6 java.base@11.0.6
j  java.lang.reflect.Method.invoke(Ljava/lang/Object;[Ljava/lang/Object;)Ljava/lang/Object;+59 java.base@11.0.6
j  com.carrotsearch.randomizedtesting.RandomizedRunner.invoke(Ljava/lang/reflect/Method;Ljava/lang/Object;[Ljava/lang/Object;)V+69
j  com.carrotsearch.randomizedtesting.RandomizedRunner$10.evaluate()V+69
j  org.apache.lucene.util.TestRuleSetupTeardownChained$1.evaluate()V+20
j  org.apache.lucene.util.AbstractBeforeAfterRule$1.evaluate()V+19
j  org.apache.lucene.util.TestRuleThreadAndTestName$1.evaluate()V+30
j  org.apache.lucene.util.TestRuleIgnoreAfterMaxFailures$1.evaluate()V+36
j  org.apache.lucene.util.TestRuleMarkFailure$1.evaluate()V+12
j  org.junit.rules.RunRules.evaluate()V+4
j  com.carrotsearch.randomizedtesting.rules.StatementAdapter.evaluate()V+16
j  com.carrotsearch.randomizedtesting.ThreadLeakControl$StatementRunner.run()V+4
j  com.carrotsearch.randomizedtesting.ThreadLeakControl.forkTimeoutingTask(Lcom/carrotsearch/randomizedtesting/ThreadLeakControl$StatementRunner;ILjava/util/List;)Z+5
j  com.carrotsearch.randomizedtesting.ThreadLeakControl$3.evaluate()V+55
j  com.carrotsearch.randomizedtesting.RandomizedRunner.runSingleTest(Lorg/junit/runner/notification/RunNotifier;Lcom/carrotsearch/randomizedtesting/RandomizedRunner$TestCandidate;Lcom/carrotsearch/randomizedtesting/ThreadLeakControl;)V+84
j  com.carrotsearch.randomizedtesting.RandomizedRunner$5.evaluate()V+234
j  com.carrotsearch.randomizedtesting.RandomizedRunner$6.evaluate()V+77
j  com.carrotsearch.randomizedtesting.RandomizedRunner$7.evaluate()V+12
j  org.apache.lucene.util.AbstractBeforeAfterRule$1.evaluate()V+19
j  com.carrotsearch.randomizedtesting.rules.StatementAdapter.evaluate()V+16
j  org.apache.lucene.util.TestRuleStoreClassName$1.evaluate()V+15
j  com.carrotsearch.randomizedtesting.rules.NoShadowingOrOverridesOnMethodsRule$1.evaluate()V+31
j  com.carrotsearch.randomizedtesting.rules.NoShadowingOrOverridesOnMethodsRule$1.evaluate()V+31
j  com.carrotsearch.randomizedtesting.rules.StatementAdapter.evaluate()V+16
j  com.carrotsearch.randomizedtesting.rules.StatementAdapter.evaluate()V+16
j  org.apache.lucene.util.TestRuleAssertionsRequired$1.evaluate()V+82
j  org.apache.lucene.util.AbstractBeforeAfterRule$1.evaluate()V+19
j  org.apache.lucene.util.TestRuleMarkFailure$1.evaluate()V+12
j  org.apache.lucene.util.TestRuleIgnoreAfterMaxFailures$1.evaluate()V+36
j  org.apache.lucene.util.TestRuleIgnoreTestSuites$1.evaluate()V+27
j  org.junit.rules.RunRules.evaluate()V+4
j  com.carrotsearch.randomizedtesting.rules.StatementAdapter.evaluate()V+16
j  com.carrotsearch.randomizedtesting.ThreadLeakControl$StatementRunner.run()V+4
j  com.carrotsearch.randomizedtesting.ThreadLeakControl.lambda$forkTimeoutingTask$0(Lcom/carrotsearch/randomizedtesting/ThreadLeakControl$StatementRunner;Ljava/util/concurrent/atomic/AtomicBoolean;Ljava/lang/Thread;)V+1
j  com.carrotsearch.randomizedtesting.ThreadLeakControl$$Lambda$102.run()V+12
j  java.lang.Thread.run()V+11 java.base@11.0.6
v  ~StubRoutines::call_stub
V  [libjvm.so+0x887569]  JavaCalls::call_helper(JavaValue*, methodHandle const&, JavaCallArguments*, Thread*)+0x3b9
V  [libjvm.so+0x88550d]  JavaCalls::call_virtual(JavaValue*, Handle, Klass*, Symbol*, Symbol*, Thread*)+0x1ed
V  [libjvm.so+0x9324cc]  thread_entry(JavaThread*, Thread*)+0x6c
V  [libjvm.so+0xdc5b8a]  JavaThread::thread_main_inner()+0x1fa
V  [libjvm.so+0xdc5ef1]  JavaThread::run()+0x351
V  [libjvm.so+0xdc1b3a]  Thread::call_run()+0x13a
V  [libjvm.so+0xc1021e]  thread_native_entry(Thread*)+0xee


siginfo: si_signo: 4 (SIGILL), si_code: 2 (ILL_ILLOPN), si_addr: 0x00007fbcd486adf6

Register to memory mapping:

RAX=0x0 is NULL
RBX=0x00001000017fd920 is an oop: [Ljava.nio.ByteBuffer; 
{0x00001000017fd920} - klass: 'java/nio/ByteBuffer'[]
 - length: 1
RCX=0x00000000000001bc is an unknown value
RDX=0x0 is NULL
RSP=0x00007fbc237eb7f0 is pointing into the stack for thread: 0x00007fbc1c0c42c0
RBP=0x00000000000001be is an unknown value
RSI=0x000000000000023e is an unknown value
RDI=0x00001000017fe588 points into unknown readable memory: 00 00 00 00 00 00 00 00
R8 =0x0000000000000001 is an unknown value
R9 =0x0000000000000004 is an unknown value
R10=0x00001000017fe570 is an oop: [I 
{0x00001000017fe570} - klass: {type array int}
 - length: 4
R11=0x0000000000000002 is an unknown value
R12=0x000000000009aae8 is an unknown value
R13=0x00000000000003e8 is an unknown value
R14=0x00001000017fdb18 is an oop: org.apache.lucene.util.packed.DirectReader$DirectPackedReader2 
{0x00001000017fdb18} - klass: 'org/apache/lucene/util/packed/DirectReader$DirectPackedReader2'
R15=0x00007fbc1c0c42c0 is a thread


Registers:
RAX=0x0000000000000000, RBX=0x00001000017fd920, RCX=0x00000000000001bc, RDX=0x0000000000000000
RSP=0x00007fbc237eb7f0, RBP=0x00000000000001be, RSI=0x000000000000023e, RDI=0x00001000017fe588
R8 =0x0000000000000001, R9 =0x0000000000000004, R10=0x00001000017fe570, R11=0x0000000000000002
R12=0x000000000009aae8, R13=0x00000000000003e8, R14=0x00001000017fdb18, R15=0x00007fbc1c0c42c0
RIP=0x00007fbcd486adf6, EFLAGS=0x0000000000010202, CSGSFS=0x002b000000000033, ERR=0x0000000000000000
  TRAPNO=0x0000000000000006

Top of Stack: (sp=0x00007fbc237eb7f0)
0x00007fbc237eb7f0:   000000c600000004 0000000300000000
0x00007fbc237eb800:   00000002000001bc 00001000017fdb18
0x00007fbc237eb810:   00001000017fdc38 00001000017fe548
0x00007fbc237eb820:   00001000017fdc38 0000023e017fe548 

Instructions: (pc=0x00007fbcd486adf6)
0x00007fbcd486acf6:   44 24 04 4c 8b 5c 24 30 4c 89 5c 24 20 44 89 6c
0x00007fbcd486ad06:   24 14 4c 89 54 24 30 66 90 e8 6c f4 0c f8 0f 0b
0x00007fbcd486ad16:   41 8b ed e9 12 fd ff ff be de ff ff ff 8b 6c 24
0x00007fbcd486ad26:   04 44 8b 4c 24 10 44 89 0c 24 44 8b 5c 24 14 44
0x00007fbcd486ad36:   89 5c 24 04 4c 8b 5c 24 18 4c 89 5c 24 10 4c 8b
0x00007fbcd486ad46:   5c 24 20 4c 89 5c 24 18 4c 8b 5c 24 28 4c 89 5c
0x00007fbcd486ad56:   24 20 44 89 44 24 0c 4c 89 54 24 30 90 e8 18 f4
0x00007fbcd486ad66:   0c f8 0f 0b be de ff ff ff 8b 6c 24 04 8b 4c 24
0x00007fbcd486ad76:   10 89 0c 24 44 8b 4c 24 14 44 89 4c 24 04 4c 8b
0x00007fbcd486ad86:   4c 24 18 4c 89 4c 24 10 4c 8b 4c 24 20 4c 89 4c
0x00007fbcd486ad96:   24 18 4c 8b 4c 24 28 4c 89 4c 24 20 44 89 44 24
0x00007fbcd486ada6:   0c 4c 89 5c 24 28 44 89 54 24 30 66 90 e8 c8 f3
0x00007fbcd486adb6:   0c f8 0f 0b be 7e ff ff ff 8b 6c 24 04 44 89 04
0x00007fbcd486adc6:   24 44 8b 54 24 14 44 89 54 24 04 4c 8b 54 24 18
0x00007fbcd486add6:   4c 89 54 24 10 4c 8b 54 24 20 4c 89 54 24 18 4c
0x00007fbcd486ade6:   8b 54 24 28 4c 89 54 24 20 e8 8c f3 0c f8 0f 0b
0x00007fbcd486adf6:   0f 0b 45 33 c9 41 bb 01 00 00 00 be e4 ff ff ff
0x00007fbcd486ae06:   8b 6c 24 04 8b 4c 24 10 89 0c 24 8b 5c 24 14 89
0x00007fbcd486ae16:   5c 24 04 48 8b 4c 24 18 48 89 4c 24 10 48 8b 4c
0x00007fbcd486ae26:   24 20 48 89 4c 24 18 48 8b 4c 24 28 48 89 4c 24
0x00007fbcd486ae36:   20 44 89 44 24 2c 44 89 5c 24 38 4c 89 54 24 40
0x00007fbcd486ae46:   44 89 4c 24 3c e8 30 f3 0c f8 0f 0b be e4 ff ff
0x00007fbcd486ae56:   ff 8b 6c 24 04 8b 4c 24 10 89 0c 24 8b 5c 24 14
0x00007fbcd486ae66:   89 5c 24 04 48 8b 4c 24 18 48 89 4c 24 10 48 8b
0x00007fbcd486ae76:   4c 24 20 48 89 4c 24 18 48 8b 4c 24 28 48 89 4c
0x00007fbcd486ae86:   24 20 44 89 4c 24 28 4c 89 54 24 30 44 89 5c 24
0x00007fbcd486ae96:   2c 44 89 44 24 38 66 66 90 e8 dc f2 0c f8 0f 0b
0x00007fbcd486aea6:   be 7e ff ff ff 8b 6c 24 04 44 8b 54 24 10 44 89
0x00007fbcd486aeb6:   14 24 4c 89 5c 24 08 4c 89 44 24 10 4c 89 4c 24
0x00007fbcd486aec6:   18 89 5c 24 20 e8 b0 f2 0c f8 0f 0b 41 8b ed e9
0x00007fbcd486aed6:   9a fb ff ff be 4d ff ff ff 8b 6c 24 04 8b 5c 24
0x00007fbcd486aee6:   10 89 1c 24 8b 4c 24 14 89 4c 24 04 48 8b 4c 24 


Stack slot to memory mapping:
stack at sp + 0 slots: 0x000000c600000004 is an unknown value
stack at sp + 1 slots: 0x0000000300000000 is an unknown value
stack at sp + 2 slots: 0x00000002000001bc is an unknown value
stack at sp + 3 slots: 0x00001000017fdb18 is an oop: org.apache.lucene.util.packed.DirectReader$DirectPackedReader2 
{0x00001000017fdb18} - klass: 'org/apache/lucene/util/packed/DirectReader$DirectPackedReader2'
stack at sp + 4 slots: 0x00001000017fdc38 is an oop: [I 
{0x00001000017fdc38} - klass: {type array int}
 - length: 574
stack at sp + 5 slots: 0x00001000017fe548 is an oop: [[I 
{0x00001000017fe548} - klass: {type array int}[]
 - length: 2
stack at sp + 6 slots: 0x00001000017fdc38 is an oop: [I 
{0x00001000017fdc38} - klass: {type array int}
 - length: 574
stack at sp + 7 slots: 0x0000023e017fe548 is an unknown value



---------------  P R O C E S S  ---------------

Threads class SMR info:
_java_thread_list=0x00007fbbe8006880, length=24, elements={
0x00007fbce4018190, 0x00007fbce40f0770, 0x00007fbce40f41a0, 0x00007fbce410b530,
0x00007fbce410cfe0, 0x00007fbce410e900, 0x00007fbce4110110, 0x00007fbc58025a80,
0x00007fbce41b88b0, 0x00007fbc58169600, 0x00007fbc5816ab50, 0x00007fbce4260650,
0x00007fbc5407ea10, 0x00007fbce4574e80, 0x00007fbce45d2b50, 0x00007fbce45a88f0,
0x00007fbc581ba7e0, 0x00007fbc2c1409a0, 0x00007fbc48129020, 0x00007fbc3c233190,
0x00007fbc3c2346c0, 0x00007fbc1c0c42c0, 0x00007fbc140e38b0, 0x00007fbc505dc200
}

Java Threads: ( => current thread )
  0x00007fbce4018190 JavaThread "main" [_thread_blocked, id=536816, stack(0x00007fbce96c5000,0x00007fbce97c6000)]
  0x00007fbce40f0770 JavaThread "Reference Handler" daemon [_thread_blocked, id=536970, stack(0x00007fbca6276000,0x00007fbca6377000)]
  0x00007fbce40f41a0 JavaThread "Finalizer" daemon [_thread_blocked, id=536973, stack(0x00007fbca6175000,0x00007fbca6276000)]
  0x00007fbce410b530 JavaThread "Signal Dispatcher" daemon [_thread_blocked, id=536984, stack(0x00007fbca5dfc000,0x00007fbca5efd000)]
  0x00007fbce410cfe0 JavaThread "C2 CompilerThread0" daemon [_thread_in_native, id=536986, stack(0x00007fbca5cc0000,0x00007fbca5dc1000)]
  0x00007fbce410e900 JavaThread "C1 CompilerThread0" daemon [_thread_blocked, id=536989, stack(0x00007fbca5bbf000,0x00007fbca5cc0000)]
  0x00007fbce4110110 JavaThread "Sweeper thread" daemon [_thread_blocked, id=536991, stack(0x00007fbca5abe000,0x00007fbca5bbf000)]
  0x00007fbc58025a80 JavaThread "C1 CompilerThread1" daemon [_thread_blocked, id=537004, stack(0x00007fbca59bd000,0x00007fbca5abe000)]
  0x00007fbce41b88b0 JavaThread "Common-Cleaner" daemon [_thread_blocked, id=537014, stack(0x00007fbca58bc000,0x00007fbca59bd000)]
  0x00007fbc58169600 JavaThread "C1 CompilerThread2" daemon [_thread_blocked, id=537023, stack(0x00007fbca5361000,0x00007fbca5462000)]
  0x00007fbc5816ab50 JavaThread "C1 CompilerThread3" daemon [_thread_blocked, id=537026, stack(0x00007fbca5260000,0x00007fbca5361000)]
  0x00007fbce4260650 JavaThread "Service Thread" daemon [_thread_blocked, id=537029, stack(0x00007fbca515f000,0x00007fbca5260000)]
  0x00007fbc5407ea10 JavaThread "C2 CompilerThread1" daemon [_thread_in_native, id=537037, stack(0x00007fbca4f5c000,0x00007fbca505d000)]
  0x00007fbce4574e80 JavaThread "Test worker" [_thread_blocked, id=537080, stack(0x00007fbca4858000,0x00007fbca4959000)]
  0x00007fbce45d2b50 JavaThread "/127.0.0.1:54134 to /127.0.0.1:41899 workers Thread 2" [_thread_blocked, id=537082, stack(0x00007fbca4557000,0x00007fbca4658000)]
  0x00007fbce45a88f0 JavaThread "/127.0.0.1:54134 to /127.0.0.1:41899 workers Thread 3" [_thread_in_native, id=537083, stack(0x00007fbca4456000,0x00007fbca4557000)]
  0x00007fbc581ba7e0 JavaThread "C2 CompilerThread2" daemon [_thread_in_native, id=537095, stack(0x00007fbca4355000,0x00007fbca4456000)]
  0x00007fbc2c1409a0 JavaThread "SUITE-TestSpellChecker-seed#[25E6600265A5C2D4]" [_thread_blocked, id=537101, stack(0x00007fbca4054000,0x00007fbca4155000)]
  0x00007fbc48129020 JavaThread "C2 CompilerThread3" daemon [_thread_in_native, id=537108, stack(0x00007fbc23eff000,0x00007fbc24000000)]
  0x00007fbc3c233190 JavaThread "C2 CompilerThread4" daemon [_thread_in_native, id=537109, stack(0x00007fbc23dfe000,0x00007fbc23eff000)]
  0x00007fbc3c2346c0 JavaThread "C2 CompilerThread5" daemon [_thread_in_native, id=537110, stack(0x00007fbc23cfd000,0x00007fbc23dfe000)]
=>0x00007fbc1c0c42c0 JavaThread "TEST-TestSpellChecker.testBogusField-seed#[25E6600265A5C2D4]" [_thread_in_Java, id=537116, stack(0x00007fbc236ee000,0x00007fbc237ef000)]
  0x00007fbc140e38b0 JavaThread "C2 CompilerThread6" daemon [_thread_in_native, id=537156, stack(0x00007fbc23bfc000,0x00007fbc23cfd000)]
  0x00007fbc505dc200 JavaThread "C2 CompilerThread7" daemon [_thread_in_native, id=537157, stack(0x00007fbc223e5000,0x00007fbc224e6000)]

Other Threads:
  0x00007fbce40e8c20 VMThread "VM Thread" [stack: 0x00007fbca6379000,0x00007fbca6479000] [id=536963]
  0x00007fbce4218730 WatcherThread [stack: 0x00007fbca505f000,0x00007fbca515f000] [id=537030]
  0x00007fbce40702d0 ConcurrentGCThread "ZDirector" [stack: 0x00007fbce8108000,0x00007fbce8208000] [id=536900]
  0x00007fbce40659f0 ConcurrentGCThread "ZDriver" [stack: 0x00007fbce8006000,0x00007fbce8106000] [id=536902]
  0x00007fbce4052240 ConcurrentGCThread "ZStat" [stack: 0x00007fbccc810000,0x00007fbccc910000] [id=536904]
  0x00007fbce40457f0 GCTaskThread "ZWorker#0" [stack: 0x00007fbce8b1c000,0x00007fbce8c1c000] [id=536835]
  0x00007fbce4046880 GCTaskThread "ZWorker#1" [stack: 0x00007fbce8a1a000,0x00007fbce8b1a000] [id=536837]
  0x00007fbce4047d00 GCTaskThread "ZWorker#2" [stack: 0x00007fbce8918000,0x00007fbce8a18000] [id=536840]
  0x00007fbce4049180 GCTaskThread "ZWorker#3" [stack: 0x00007fbce8816000,0x00007fbce8916000] [id=536842]
  0x00007fbce404a600 GCTaskThread "ZWorker#4" [stack: 0x00007fbce8714000,0x00007fbce8814000] [id=536843]
  0x00007fbce404ba80 GCTaskThread "ZWorker#5" [stack: 0x00007fbce8612000,0x00007fbce8712000] [id=536844]
  0x00007fbce404cf00 GCTaskThread "ZWorker#6" [stack: 0x00007fbce8510000,0x00007fbce8610000] [id=536845]
  0x00007fbce404e380 GCTaskThread "ZWorker#7" [stack: 0x00007fbce840e000,0x00007fbce850e000] [id=536846]
  0x00007fbce404f800 GCTaskThread "ZWorker#8" [stack: 0x00007fbce830c000,0x00007fbce840c000] [id=536848]
  0x00007fbce4050c80 GCTaskThread "ZWorker#9" [stack: 0x00007fbce820a000,0x00007fbce830a000] [id=536849]
  0x00007fbce40729c0 Thread "RuntimeWorker#0" [stack: 0x00007fbccc70e000,0x00007fbccc80e000] [id=536906]
  0x00007fbce4073e40 Thread "RuntimeWorker#1" [stack: 0x00007fbccc60c000,0x00007fbccc70c000] [id=536908]
  0x00007fbce40752c0 Thread "RuntimeWorker#2" [stack: 0x00007fbccc50a000,0x00007fbccc60a000] [id=536910]
  0x00007fbce4076740 Thread "RuntimeWorker#3" [stack: 0x00007fbccc408000,0x00007fbccc508000] [id=536911]
  0x00007fbce4077bc0 Thread "RuntimeWorker#4" [stack: 0x00007fbccc306000,0x00007fbccc406000] [id=536913]
  0x00007fbce4079040 Thread "RuntimeWorker#5" [stack: 0x00007fbccc204000,0x00007fbccc304000] [id=536915]
  0x00007fbce407a4c0 Thread "RuntimeWorker#6" [stack: 0x00007fbccc102000,0x00007fbccc202000] [id=536917]
  0x00007fbce407b940 Thread "RuntimeWorker#7" [stack: 0x00007fbca6f00000,0x00007fbca7000000] [id=536919]
  0x00007fbce407cdc0 Thread "RuntimeWorker#8" [stack: 0x00007fbca6dfe000,0x00007fbca6efe000] [id=536921]
  0x00007fbce407e240 Thread "RuntimeWorker#9" [stack: 0x00007fbca6cfc000,0x00007fbca6dfc000] [id=536922]

Threads with active compile tasks:
C2 CompilerThread0   5972 5438 %     4       org.apache.lucene.codecs.lucene90.compressing.Lucene90CompressingTermVectorsReader::readPositions @ 67 (288 bytes)
C2 CompilerThread1   5972 5429 %     4       org.apache.lucene.codecs.lucene90.compressing.Lucene90CompressingTermVectorsReader::get @ 173 (2695 bytes)
C2 CompilerThread2   5972 5615       4       org.apache.lucene.codecs.lucene90.compressing.Lucene90CompressingTermVectorsReader$TVFields::terms (255 bytes)
C2 CompilerThread3   5972 5602       4       org.apache.lucene.codecs.lucene90.compressing.Lucene90CompressingStoredFieldsReader::visitDocument (175 bytes)
C2 CompilerThread4   5972 5588       4       org.apache.lucene.codecs.lucene90.Lucene90PostingsReader$EverythingEnum::refillDocs (229 bytes)
C2 CompilerThread5   5972 5441       4       org.apache.lucene.codecs.lucene90.Lucene90PostingsReader$EverythingEnum::advance (356 bytes)
C2 CompilerThread6   5972 5401 % !   4       org.apache.lucene.index.CheckIndex::checkFields @ 1196 (4141 bytes)
C2 CompilerThread7   5972 5631       4       org.apache.lucene.codecs.lucene90.compressing.Lucene90CompressingTermVectorsReader::positionIndex (136 bytes)

VM state:not at safepoint (normal execution)

VM Mutex/Monitor currently owned by a thread: None

Heap:
 ZHeap           used 292M, capacity 358M, max capacity 512M
 Metaspace       used 25829K, capacity 26484K, committed 26624K, reserved 26624K

 Small   0x0000000000000000 0x0000000000200000 0x0000000000200000  Allocating Forwarding
 Small   0x0000000000200000 0x0000000000400000 0x0000000000400000  Allocating
 Small   0x0000000000400000 0x0000000000600000 0x0000000000600000  Inactive
 Small   0x0000000000600000 0x0000000000800000 0x0000000000800000  Allocating
 Small   0x0000000000800000 0x0000000000a00000 0x0000000000a00000  Allocating
 Small   0x0000000000a00000 0x0000000000c00000 0x0000000000c00000  Inactive
 Small   0x0000000000c00000 0x0000000000e00000 0x0000000000e00000  Inactive
 Small   0x0000000000e00000 0x0000000001000000 0x0000000001000000  Inactive
 Small   0x0000000001000000 0x0000000001200000 0x0000000001200000  Inactive
 Small   0x0000000001200000 0x0000000001400000 0x0000000001400000  Inactive
 Small   0x0000000001400000 0x0000000001600000 0x0000000001600000  Inactive
 Small   0x0000000001600000 0x0000000001800000 0x0000000001800000  Allocating
 Small   0x0000000001800000 0x0000000001a00000 0x0000000001a00000  Allocating
 Small   0x0000000001a00000 0x0000000001c00000 0x0000000001c00000  Allocating
 Small   0x0000000001c00000 0x0000000001e00000 0x0000000001e00000  Allocating
 Small   0x0000000001e00000 0x0000000002000000 0x0000000002000000  Allocating
 Small   0x0000000002000000 0x0000000002200000 0x0000000002200000  Allocating
 Small   0x0000000002200000 0x0000000002400000 0x0000000002400000  Allocating
 Small   0x0000000002400000 0x0000000002600000 0x0000000002600000  Allocating
 Small   0x0000000002600000 0x0000000002800000 0x0000000002800000  Allocating Forwarding
 Small   0x0000000002800000 0x0000000002a00000 0x0000000002a00000  Allocating
 Small   0x0000000002a00000 0x0000000002c00000 0x0000000002c00000  Allocating
 Small   0x0000000002c00000 0x0000000002d97988 0x0000000002e00000  Relocatable
 Small   0x0000000002e00000 0x0000000003000000 0x0000000003000000  Allocating
 Small   0x0000000003000000 0x0000000003200000 0x0000000003200000  Allocating
 Small   0x0000000003200000 0x0000000003400000 0x0000000003400000  Allocating
 Small   0x0000000003400000 0x0000000003600000 0x0000000003600000  Allocating
 Small   0x0000000003600000 0x0000000003800000 0x0000000003800000  Allocating
 Small   0x0000000003800000 0x00000000039ff2c0 0x0000000003a00000  Relocatable
 Small   0x0000000003a00000 0x0000000003c00000 0x0000000003c00000  Allocating
 Small   0x0000000003c00000 0x0000000003c400b0 0x0000000003e00000  Allocating Forwarding
 Small   0x0000000003e00000 0x0000000004000000 0x0000000004000000  Allocating
 Small   0x0000000004000000 0x0000000004200000 0x0000000004200000  Allocating
 Small   0x0000000004200000 0x0000000004400000 0x0000000004400000  Allocating
 Small   0x0000000004400000 0x0000000004600000 0x0000000004600000  Allocating Forwarding
 Small   0x0000000004600000 0x0000000004800000 0x0000000004800000  Relocatable
 Small   0x0000000004800000 0x0000000004840000 0x0000000004a00000  Allocating
 Small   0x0000000004a00000 0x0000000004bf8228 0x0000000004c00000  Allocating
 Small   0x0000000004c00000 0x0000000004e00000 0x0000000004e00000  Allocating
 Small   0x0000000004e00000 0x0000000005000000 0x0000000005000000  Allocating
 Small   0x0000000005000000 0x0000000005200000 0x0000000005200000  Allocating
 Small   0x0000000005200000 0x0000000005400000 0x0000000005400000  Allocating
 Small   0x0000000005400000 0x0000000005600000 0x0000000005600000  Allocating
 Small   0x0000000005600000 0x0000000005600068 0x0000000005800000  Allocating
 Small   0x0000000005800000 0x0000000005992950 0x0000000005a00000  Allocating
 Small   0x0000000005a00000 0x0000000005ac12c8 0x0000000005c00000  Allocating
 Small   0x0000000005c00000 0x0000000005e00000 0x0000000005e00000  Allocating
 Small   0x0000000005e00000 0x0000000006000000 0x0000000006000000  Allocating
 Small   0x0000000006000000 0x0000000006200000 0x0000000006200000  Allocating
 Small   0x0000000006200000 0x0000000006400000 0x0000000006400000  Allocating
 Small   0x0000000006400000 0x0000000006600000 0x0000000006600000  Allocating
 Small   0x0000000006600000 0x0000000006800000 0x0000000006800000  Allocating
 Small   0x0000000006800000 0x0000000006840000 0x0000000006a00000  Allocating
 Small   0x0000000006a00000 0x0000000006c00000 0x0000000006c00000  Allocating
 Small   0x0000000006c00000 0x0000000006df8228 0x0000000006e00000  Allocating
 Small   0x0000000006e00000 0x0000000007000000 0x0000000007000000  Allocating Forwarding
 Small   0x0000000007000000 0x0000000007200000 0x0000000007200000  Allocating
 Small   0x0000000007200000 0x0000000007400000 0x0000000007400000  Allocating
 Small   0x0000000007400000 0x0000000007600000 0x0000000007600000  Allocating
 Small   0x0000000007600000 0x00000000077f8228 0x0000000007800000  Allocating
 Small   0x0000000007800000 0x0000000007a00000 0x0000000007a00000  Allocating
 Small   0x0000000007a00000 0x0000000007c00000 0x0000000007c00000  Allocating
 Small   0x0000000007c00000 0x0000000007e00000 0x0000000007e00000  Allocating
 Small   0x0000000007e00000 0x0000000008000000 0x0000000008000000  Allocating
 Small   0x0000000008000000 0x0000000008200000 0x0000000008200000  Allocating
 Small   0x0000000008200000 0x0000000008400000 0x0000000008400000  Allocating
 Small   0x0000000008400000 0x0000000008600000 0x0000000008600000  Allocating
 Small   0x0000000008600000 0x0000000008800000 0x0000000008800000  Allocating
 Small   0x0000000008800000 0x00000000089f8168 0x0000000008a00000  Allocating
 Small   0x0000000008a00000 0x0000000008bf8228 0x0000000008c00000  Allocating
 Small   0x0000000008c00000 0x0000000008e00000 0x0000000008e00000  Allocating
 Small   0x0000000008e00000 0x0000000009000000 0x0000000009000000  Allocating
 Small   0x0000000009000000 0x00000000091f8168 0x0000000009200000  Allocating
 Small   0x0000000009200000 0x0000000009400000 0x0000000009400000  Allocating
 Small   0x0000000009400000 0x00000000095edbd8 0x0000000009600000  Relocatable
 Small   0x0000000009600000 0x0000000009800000 0x0000000009800000  Allocating
 Small   0x0000000009800000 0x00000000099f8228 0x0000000009a00000  Allocating
 Small   0x0000000009a00000 0x0000000009c00000 0x0000000009c00000  Allocating
 Small   0x0000000009c00000 0x0000000009e00000 0x0000000009e00000  Allocating
 Small   0x0000000009e00000 0x000000000a000000 0x000000000a000000  Allocating
 Small   0x000000000a000000 0x000000000a1f8228 0x000000000a200000  Allocating
 Small   0x000000000a200000 0x000000000a400000 0x000000000a400000  Allocating
 Small   0x000000000a400000 0x000000000a600000 0x000000000a600000  Allocating
 Small   0x000000000a600000 0x000000000a800000 0x000000000a800000  Allocating
 Small   0x000000000a800000 0x000000000aa00000 0x000000000aa00000  Allocating
 Small   0x000000000aa00000 0x000000000ac00000 0x000000000ac00000  Allocating
 Small   0x000000000ac00000 0x000000000ae00000 0x000000000ae00000  Allocating
 Small   0x000000000ae00000 0x000000000aff8228 0x000000000b000000  Allocating
 Small   0x000000000b000000 0x000000000b200000 0x000000000b200000  Allocating
 Small   0x000000000b200000 0x000000000b400000 0x000000000b400000  Allocating
 Small   0x000000000b400000 0x000000000b600000 0x000000000b600000  Allocating
 Small   0x000000000b600000 0x000000000b800000 0x000000000b800000  Allocating
 Small   0x000000000b800000 0x000000000ba00000 0x000000000ba00000  Allocating
 Small   0x000000000ba00000 0x000000000bc00000 0x000000000bc00000  Allocating
 Small   0x000000000bc00000 0x000000000be00000 0x000000000be00000  Allocating
 Small   0x000000000be00000 0x000000000c000000 0x000000000c000000  Allocating
 Small   0x000000000c000000 0x000000000c200000 0x000000000c200000  Allocating
 Small   0x000000000c200000 0x000000000c400000 0x000000000c400000  Allocating
 Small   0x000000000c400000 0x000000000c600000 0x000000000c600000  Allocating
 Small   0x000000000c600000 0x000000000c800000 0x000000000c800000  Allocating
 Small   0x000000000c800000 0x000000000ca00000 0x000000000ca00000  Allocating
 Small   0x000000000ca00000 0x000000000cc00000 0x000000000cc00000  Allocating
 Small   0x000000000cc00000 0x000000000ce00000 0x000000000ce00000  Allocating
 Small   0x000000000ce00000 0x000000000d000000 0x000000000d000000  Allocating
 Small   0x000000000d000000 0x000000000d200000 0x000000000d200000  Allocating
 Small   0x000000000d200000 0x000000000d400000 0x000000000d400000  Allocating
 Small   0x000000000d400000 0x000000000d600000 0x000000000d600000  Allocating
 Small   0x000000000d600000 0x000000000d800000 0x000000000d800000  Allocating
 Small   0x000000000d800000 0x000000000da00000 0x000000000da00000  Allocating
 Small   0x000000000da00000 0x000000000dc00000 0x000000000dc00000  Allocating
 Small   0x000000000dc00000 0x000000000de00000 0x000000000de00000  Allocating
 Small   0x000000000de00000 0x000000000e000000 0x000000000e000000  Allocating
 Small   0x000000000e000000 0x000000000e200000 0x000000000e200000  Allocating
 Small   0x000000000e200000 0x000000000e400000 0x000000000e400000  Allocating
 Small   0x000000000e400000 0x000000000e600000 0x000000000e600000  Allocating Forwarding
 Small   0x000000000e600000 0x000000000e800000 0x000000000e800000  Allocating
 Small   0x000000000e800000 0x000000000ea00000 0x000000000ea00000  Allocating Forwarding
 Small   0x000000000ea00000 0x000000000ec00000 0x000000000ec00000  Allocating
 Small   0x000000000ec00000 0x000000000ee00000 0x000000000ee00000  Allocating
 Small   0x000000000ee00000 0x000000000f000000 0x000000000f000000  Allocating
 Small   0x000000000f000000 0x000000000f200000 0x000000000f200000  Allocating
 Small   0x000000000f200000 0x000000000f400000 0x000000000f400000  Allocating
 Small   0x000000000f400000 0x000000000f600000 0x000000000f600000  Allocating
 Small   0x000000000f600000 0x000000000f800000 0x000000000f800000  Allocating
 Small   0x000000000f800000 0x000000000fa00000 0x000000000fa00000  Allocating
 Small   0x000000000fa00000 0x000000000fc00000 0x000000000fc00000  Allocating
 Small   0x000000000fc00000 0x000000000fe00000 0x000000000fe00000  Allocating
 Small   0x000000000fe00000 0x0000000010000000 0x0000000010000000  Allocating
 Small   0x0000000010000000 0x0000000010200000 0x0000000010200000  Allocating
 Small   0x0000000010200000 0x0000000010400000 0x0000000010400000  Allocating
 Small   0x0000000010400000 0x0000000010600000 0x0000000010600000  Allocating
 Small   0x0000000010600000 0x0000000010800000 0x0000000010800000  Allocating
 Small   0x0000000010800000 0x0000000010a00000 0x0000000010a00000  Allocating
 Small   0x0000000010a00000 0x0000000010c00000 0x0000000010c00000  Allocating
 Small   0x0000000010c00000 0x0000000010e00000 0x0000000010e00000  Allocating
 Small   0x0000000010e00000 0x0000000011000000 0x0000000011000000  Allocating
 Small   0x0000000011000000 0x0000000011200000 0x0000000011200000  Allocating
 Small   0x0000000011200000 0x0000000011400000 0x0000000011400000  Allocating
 Small   0x0000000011400000 0x0000000011600000 0x0000000011600000  Allocating
 Small   0x0000000011600000 0x0000000011800000 0x0000000011800000  Allocating
 Small   0x0000000011800000 0x0000000011a00000 0x0000000011a00000  Allocating
 Small   0x0000000011a00000 0x0000000011c00000 0x0000000011c00000  Allocating
 Small   0x0000000011c00000 0x0000000011e00000 0x0000000011e00000  Allocating
 Small   0x0000000011e00000 0x0000000012000000 0x0000000012000000  Allocating
 Small   0x0000000012000000 0x0000000012200000 0x0000000012200000  Allocating
 Small   0x0000000012200000 0x0000000012400000 0x0000000012400000  Allocating
 Small   0x0000000012400000 0x0000000012600000 0x0000000012600000  Allocating
 Small   0x0000000012600000 0x0000000012800000 0x0000000012800000  Allocating
 Small   0x0000000012800000 0x0000000012a00000 0x0000000012a00000  Allocating
 Small   0x0000000012a00000 0x0000000012c00000 0x0000000012c00000  Allocating Forwarding
 Small   0x0000000012c00000 0x0000000012e00000 0x0000000012e00000  Allocating
 Small   0x0000000012e00000 0x0000000012f871d0 0x0000000013000000  Relocatable
 Small   0x0000000013000000 0x0000000013200000 0x0000000013200000  Allocating Forwarding


Address Space
     Start:             0x0000040000000000
     End:               0x0000140000000000
     Size:              17592186044416  (0x0000100000000000)
Heap
     GlobalPhase:       2
     GlobalSeqNum:      7
     Offset Max:        4398046511104   (0x0000040000000000)
     Page Size Small:   2097152         (0x0000000000200000)
     Page Size Medium:  33554432        (0x0000000002000000)
Metadata Bits
     Good:              0x0000100000000000
     Bad:               0x00002c0000000000
     WeakBad:           0x00000c0000000000
     Marked:            0x0000040000000000
     Remapped:          0x0000100000000000

Polling page: 0x00007fbceb203000

Metaspace:

Usage:
   25.86 MB capacity,    25.22 MB ( 98%) used,   473.71 KB (  2%) free+waste,   180.56 KB ( <1%) overhead. 

Virtual space:
     26.00 MB reserved,      26.00 MB (100%) committed 

Chunk freelists:
32.00 KB

MaxMetaspaceSize: unlimited


CodeHeap 'non-profiled nmethods': size=119172Kb used=4082Kb max_used=4082Kb free=115089Kb
 bounds [0x00007fbcd44af000, 0x00007fbcd48af000, 0x00007fbcdb910000]
CodeHeap 'profiled nmethods': size=119168Kb used=11496Kb max_used=11496Kb free=107672Kb
 bounds [0x00007fbccd04f000, 0x00007fbccdb8f000, 0x00007fbcd44af000]
CodeHeap 'non-nmethods': size=7420Kb used=2906Kb max_used=3002Kb free=4513Kb
 bounds [0x00007fbccc910000, 0x00007fbcccc00000, 0x00007fbccd04f000]
 total_blobs=8114 nmethods=5426 adapters=521
 compilation: enabled
              stopped_count=0, restarted_count=0
 full_count=0

Compilation events (20 events):
Event: 5.885 Thread 0x00007fbc48129020 nmethod 5406 0x00007fbcd489ff10 code [0x00007fbcd48a0220, 0x00007fbcd48a22f0]
Event: 5.885 Thread 0x00007fbc48129020 5602       4       org.apache.lucene.codecs.lucene90.compressing.Lucene90CompressingStoredFieldsReader::visitDocument (175 bytes)
Event: 5.887 Thread 0x00007fbc58169600 5610       3       org.apache.lucene.store.MockIndexInputWrapper::readLong (12 bytes)
Event: 5.887 Thread 0x00007fbc58169600 nmethod 5610 0x00007fbccdb83f90 code [0x00007fbccdb84160, 0x00007fbccdb843f8]
Event: 5.888 Thread 0x00007fbc58169600 5612       3       org.apache.lucene.store.ByteBuffersIndexInput::readLong (12 bytes)
Event: 5.889 Thread 0x00007fbc58169600 nmethod 5612 0x00007fbccdb84510 code [0x00007fbccdb84700, 0x00007fbccdb84c48]
Event: 5.900 Thread 0x00007fbc581ba7e0 nmethod 5580 0x00007fbcd48a3790 code [0x00007fbcd48a3a40, 0x00007fbcd48a4740]
Event: 5.900 Thread 0x00007fbc581ba7e0 5611       4       org.apache.lucene.codecs.lucene90.compressing.Lucene90CompressingTermVectorsReader::positionIndex (136 bytes)
Event: 5.907 Thread 0x00007fbc58169600 5621       3       org.apache.lucene.codecs.lucene90.ForUtil::decode1 (103 bytes)
Event: 5.908 Thread 0x00007fbc58169600 nmethod 5621 0x00007fbccdb84e10 code [0x00007fbccdb850c0, 0x00007fbccdb85e68]
Event: 5.928 Thread 0x00007fbc58169600 5626       3       org.apache.lucene.codecs.lucene90.ForUtil::decode2 (55 bytes)
Event: 5.929 Thread 0x00007fbc58169600 nmethod 5626 0x00007fbccdb86790 code [0x00007fbccdb869c0, 0x00007fbccdb871a8]
Event: 5.929 Thread 0x00007fbc58169600 5627       3       java.lang.Byte::toUnsignedLong (7 bytes)
Event: 5.929 Thread 0x00007fbc58169600 nmethod 5627 0x00007fbccdb87710 code [0x00007fbccdb878c0, 0x00007fbccdb87a10]
Event: 5.930 Thread 0x00007fbc58169600 5628       3       org.apache.lucene.codecs.lucene90.PForUtil::applyExceptions32 (91 bytes)
Event: 5.930 Thread 0x00007fbc58169600 nmethod 5628 0x00007fbccdb87a90 code [0x00007fbccdb87c80, 0x00007fbccdb88168]
Event: 5.934 Thread 0x00007fbc58169600 5629       3       org.apache.lucene.codecs.MultiLevelSkipListReader::<init> (112 bytes)
Event: 5.934 Thread 0x00007fbc58169600 nmethod 5629 0x00007fbccdb88410 code [0x00007fbccdb88600, 0x00007fbccdb88dd0]
Event: 5.935 Thread 0x00007fbc581ba7e0 nmethod 5611 0x00007fbcd48a5290 code [0x00007fbcd48a5480, 0x00007fbcd48a6258]
Event: 5.935 Thread 0x00007fbc581ba7e0 5615       4       org.apache.lucene.codecs.lucene90.compressing.Lucene90CompressingTermVectorsReader$TVFields::terms (255 bytes)

GC Heap History (12 events):
Event: 0.973 GC heap before
{Heap before GC invocations=0 (full 0):
 ZHeap           used 52M, capacity 308M, max capacity 512M
 Metaspace       used 15800K, capacity 16037K, committed 16128K, reserved 16384K
}
Event: 1.008 GC heap after
{Heap after GC invocations=1 (full 1):
 ZHeap           used 32M, capacity 308M, max capacity 512M
 Metaspace       used 15925K, capacity 16170K, committed 16384K, reserved 16384K
}
Event: 1.874 GC heap before
{Heap before GC invocations=1 (full 1):
 ZHeap           used 144M, capacity 308M, max capacity 512M
 Metaspace       used 20962K, capacity 21350K, committed 21504K, reserved 22528K
}
Event: 1.894 GC heap after
{Heap after GC invocations=2 (full 2):
 ZHeap           used 14M, capacity 308M, max capacity 512M
 Metaspace       used 20962K, capacity 21350K, committed 21504K, reserved 22528K
}
Event: 3.478 GC heap before
{Heap before GC invocations=2 (full 2):
 ZHeap           used 162M, capacity 308M, max capacity 512M
 Metaspace       used 24660K, capacity 25270K, committed 25344K, reserved 26624K
}
Event: 3.572 GC heap after
{Heap after GC invocations=3 (full 3):
 ZHeap           used 48M, capacity 308M, max capacity 512M
 Metaspace       used 24704K, capacity 25270K, committed 25344K, reserved 26624K
}
Event: 3.774 GC heap before
{Heap before GC invocations=3 (full 3):
 ZHeap           used 254M, capacity 308M, max capacity 512M
 Metaspace       used 24723K, capacity 25271K, committed 25344K, reserved 26624K
}
Event: 3.876 GC heap after
{Heap after GC invocations=4 (full 4):
 ZHeap           used 70M, capacity 358M, max capacity 512M
 Metaspace       used 24726K, capacity 25271K, committed 25344K, reserved 26624K
}
Event: 3.974 GC heap before
{Heap before GC invocations=4 (full 4):
 ZHeap           used 244M, capacity 358M, max capacity 512M
 Metaspace       used 24745K, capacity 25271K, committed 25344K, reserved 26624K
}
Event: 4.057 GC heap after
{Heap after GC invocations=5 (full 5):
 ZHeap           used 50M, capacity 358M, max capacity 512M
 Metaspace       used 24945K, capacity 25512K, committed 25600K, reserved 26624K
}
Event: 4.175 GC heap before
{Heap before GC invocations=5 (full 5):
 ZHeap           used 60M, capacity 358M, max capacity 512M
 Metaspace       used 25142K, capacity 25730K, committed 25856K, reserved 26624K
}
Event: 4.256 GC heap after
{Heap after GC invocations=6 (full 6):
 ZHeap           used 22M, capacity 358M, max capacity 512M
 Metaspace       used 25222K, capacity 25794K, committed 25856K, reserved 26624K
}

Deoptimization events (20 events):
Event: 5.914 Thread 0x00007fbc1c0c42c0 DEOPT PACKING pc=0x00007fbccd9a9131 sp=0x00007fbc237eb800
Event: 5.914 Thread 0x00007fbc1c0c42c0 DEOPT UNPACKING pc=0x00007fbccc93a03a sp=0x00007fbc237eaca0 mode 0
Event: 5.916 Thread 0x00007fbc1c0c42c0 DEOPT PACKING pc=0x00007fbccdb825e8 sp=0x00007fbc237eb630
Event: 5.916 Thread 0x00007fbc1c0c42c0 DEOPT UNPACKING pc=0x00007fbccc93a03a sp=0x00007fbc237eab48 mode 0
Event: 5.917 Thread 0x00007fbc1c0c42c0 DEOPT PACKING pc=0x00007fbccda0b87a sp=0x00007fbc237eb870
Event: 5.917 Thread 0x00007fbc1c0c42c0 DEOPT UNPACKING pc=0x00007fbccc93a03a sp=0x00007fbc237eb138 mode 0
Event: 5.929 Thread 0x00007fbc1c0c42c0 DEOPT PACKING pc=0x00007fbccda0b87a sp=0x00007fbc237eb870
Event: 5.929 Thread 0x00007fbc1c0c42c0 DEOPT UNPACKING pc=0x00007fbccc93a03a sp=0x00007fbc237eb138 mode 0
Event: 5.930 Thread 0x00007fbc1c0c42c0 DEOPT PACKING pc=0x00007fbccdb825e8 sp=0x00007fbc237eb660
Event: 5.930 Thread 0x00007fbc1c0c42c0 DEOPT UNPACKING pc=0x00007fbccc93a03a sp=0x00007fbc237eab78 mode 0
Event: 5.933 Thread 0x00007fbc1c0c42c0 DEOPT PACKING pc=0x00007fbccd978623 sp=0x00007fbc237eb790
Event: 5.933 Thread 0x00007fbc1c0c42c0 DEOPT UNPACKING pc=0x00007fbccc93a03a sp=0x00007fbc237eac58 mode 0
Event: 5.934 Thread 0x00007fbc1c0c42c0 DEOPT PACKING pc=0x00007fbccdb825e8 sp=0x00007fbc237eb660
Event: 5.934 Thread 0x00007fbc1c0c42c0 DEOPT UNPACKING pc=0x00007fbccc93a03a sp=0x00007fbc237eab78 mode 0
Event: 5.934 Thread 0x00007fbc1c0c42c0 DEOPT PACKING pc=0x00007fbccd9a9131 sp=0x00007fbc237eb800
Event: 5.934 Thread 0x00007fbc1c0c42c0 DEOPT UNPACKING pc=0x00007fbccc93a03a sp=0x00007fbc237eaca0 mode 0
Event: 5.947 Thread 0x00007fbc1c0c42c0 Uncommon trap: trap_request=0xffffffe4 fr.pc=0x00007fbcd48a5f90 relative=0x0000000000000b10
Event: 5.947 Thread 0x00007fbc1c0c42c0 Uncommon trap: reason=range_check action=make_not_entrant pc=0x00007fbcd48a5f90 method=org.apache.lucene.codecs.lucene90.compressing.Lucene90CompressingTermVectorsReader.positionIndex(IILorg/apache/lucene/util/LongValues;[I)[[I @ 109 c2
Event: 5.947 Thread 0x00007fbc1c0c42c0 DEOPT PACKING pc=0x00007fbcd48a5f90 sp=0x00007fbc237eb800
Event: 5.947 Thread 0x00007fbc1c0c42c0 DEOPT UNPACKING pc=0x00007fbccc93a225 sp=0x00007fbc237eb790 mode 2

Classes redefined (0 events):
No events

Internal exceptions (20 events):
Event: 3.141 Thread 0x00007fbc0c59a740 Exception <a 'java/lang/NoSuchMethodError'{0x0000100008a1c450}: 'java.lang.Object java.lang.invoke.DirectMethodHandle$Holder.invokeVirtual(java.lang.Object, java.lang.Object, java.lang.Object)'> (0x0000100008a1c450) thrown at [/home/jenkins/workspace/buil
Event: 3.141 Thread 0x00007fbc0c599340 Exception <a 'java/lang/NoSuchMethodError'{0x000010000361f260}: 'java.lang.Object java.lang.invoke.DirectMethodHandle$Holder.invokeVirtual(java.lang.Object, java.lang.Object, java.lang.Object)'> (0x000010000361f260) thrown at [/home/jenkins/workspace/buil
Event: 4.041 Thread 0x00007fbc1c0c42c0 Exception <a 'java/lang/NoSuchMethodError'{0x0000080003d977e0}: 'java.lang.Object java.lang.invoke.DirectMethodHandle$Holder.invokeSpecial(java.lang.Object, java.lang.Object, int, int, java.lang.Object, int, java.lang.Object, java.lang.Object, java.lang.O
Event: 4.041 Thread 0x00007fbc1c0c42c0 Exception <a 'java/lang/NoSuchMethodError'{0x0000080003d9c7f8}: 'java.lang.Object java.lang.invoke.DelegatingMethodHandle$Holder.reinvoke_L(java.lang.Object, int, int, java.lang.Object, int, java.lang.Object, java.lang.Object, java.lang.Object)'> (0x00000
Event: 4.045 Thread 0x00007fbc1c0c42c0 Exception <a 'java/lang/NoSuchMethodError'{0x000008000261c300}: 'java.lang.Object java.lang.invoke.Invokers$Holder.linkToTargetMethod(java.lang.Object, int, java.lang.Object, java.lang.Object, java.lang.Object, java.lang.Object)'> (0x000008000261c300) thr
Event: 4.068 Thread 0x00007fbc1c0c42c0 Exception <a 'java/lang/NoSuchMethodError'{0x00001000026c1498}: 'java.lang.Object java.lang.invoke.DirectMethodHandle$Holder.invokeSpecial(java.lang.Object, java.lang.Object, int, int, int, int, int, java.lang.Object, int)'> (0x00001000026c1498) thrown at
Event: 4.068 Thread 0x00007fbc1c0c42c0 Exception <a 'java/lang/NoSuchMethodError'{0x00001000026c6148}: 'java.lang.Object java.lang.invoke.DelegatingMethodHandle$Holder.reinvoke_L(java.lang.Object, int, int, int, int, int, java.lang.Object, int)'> (0x00001000026c6148) thrown at [/home/jenkins/w
Event: 4.069 Thread 0x00007fbc1c0c42c0 Exception <a 'java/lang/NoSuchMethodError'{0x0000100002704dd0}: 'java.lang.Object java.lang.invoke.DirectMethodHandle$Holder.invokeSpecial(java.lang.Object, java.lang.Object, int, int, java.lang.Object, int)'> (0x0000100002704dd0) thrown at [/home/jenkins
Event: 4.906 Thread 0x00007fbc1c0c42c0 Implicit null exception at 0x00007fbcd475d377 to 0x00007fbcd475d692
Event: 4.966 Thread 0x00007fbc1c0c42c0 Exception <a 'java/lang/NoSuchMethodError'{0x000010000332d108}: 'java.lang.Object java.lang.invoke.DirectMethodHandle$Holder.invokeSpecial(java.lang.Object, java.lang.Object, int, int, java.lang.Object, java.lang.Object, java.lang.Object, java.lang.Object
Event: 4.966 Thread 0x00007fbc1c0c42c0 Exception <a 'java/lang/NoSuchMethodError'{0x0000100003332038}: 'java.lang.Object java.lang.invoke.DelegatingMethodHandle$Holder.reinvoke_L(java.lang.Object, int, int, java.lang.Object, java.lang.Object, java.lang.Object, java.lang.Object)'> (0x0000100003
Event: 4.967 Thread 0x00007fbc1c0c42c0 Exception <a 'java/lang/NoSuchMethodError'{0x000010000336e308}: 'java.lang.Object java.lang.invoke.DirectMethodHandle$Holder.invokeStatic(java.lang.Object, java.lang.Object, java.lang.Object, java.lang.Object, java.lang.Object, java.lang.Object, java.lang
Event: 4.969 Thread 0x00007fbc1c0c42c0 Exception <a 'java/lang/NoSuchMethodError'{0x0000100003393468}: 'java.lang.Object java.lang.invoke.DirectMethodHandle$Holder.invokeStatic(java.lang.Object, java.lang.Object, java.lang.Object, java.lang.Object, java.lang.Object, java.lang.Object, java.lang
Event: 4.970 Thread 0x00007fbc1c0c42c0 Exception <a 'java/lang/NoSuchMethodError'{0x00001000033b9ca0}: 'java.lang.Object java.lang.invoke.DirectMethodHandle$Holder.invokeStatic(java.lang.Object, java.lang.Object, java.lang.Object, java.lang.Object, java.lang.Object, java.lang.Object, java.lang
Event: 4.971 Thread 0x00007fbc1c0c42c0 Exception <a 'java/lang/NoSuchMethodError'{0x00001000033e28c8}: 'java.lang.Object java.lang.invoke.DirectMethodHandle$Holder.invokeStatic(java.lang.Object, java.lang.Object, java.lang.Object, java.lang.Object, java.lang.Object, java.lang.Object, java.lang
Event: 4.973 Thread 0x00007fbc1c0c42c0 Exception <a 'java/lang/NoSuchMethodError'{0x0000100002a0d060}: 'java.lang.Object java.lang.invoke.DirectMethodHandle$Holder.invokeStatic(java.lang.Object, java.lang.Object, java.lang.Object, java.lang.Object, java.lang.Object, java.lang.Object, java.lang
Event: 4.974 Thread 0x00007fbc1c0c42c0 Exception <a 'java/lang/NoSuchMethodError'{0x0000100002a3a898}: 'java.lang.Object java.lang.invoke.DirectMethodHandle$Holder.invokeStatic(java.lang.Object, java.lang.Object, java.lang.Object, java.lang.Object, java.lang.Object, java.lang.Object, java.lang
Event: 4.977 Thread 0x00007fbc1c0c42c0 Exception <a 'java/lang/NoSuchMethodError'{0x0000100002adf6f0}: 'java.lang.Object java.lang.invoke.DirectMethodHandle$Holder.invokeSpecial(java.lang.Object, java.lang.Object, int, int, java.lang.Object, java.lang.Object, int)'> (0x0000100002adf6f0) thrown
Event: 4.977 Thread 0x00007fbc1c0c42c0 Exception <a 'java/lang/NoSuchMethodError'{0x0000100002ae42e8}: 'java.lang.Object java.lang.invoke.DelegatingMethodHandle$Holder.reinvoke_L(java.lang.Object, int, int, java.lang.Object, java.lang.Object, int)'> (0x0000100002ae42e8) thrown at [/home/jenkin
Event: 5.358 Thread 0x00007fbc1c0c42c0 Implicit null exception at 0x00007fbcd478ba24 to 0x00007fbcd478c5f6

Events (20 events):
Event: 5.326 loading class org/apache/lucene/search/spell/TestSpellChecker
Event: 5.326 loading class org/apache/lucene/search/spell/TestSpellChecker done
Event: 5.326 loading class org/apache/lucene/index/IndexReader
Event: 5.326 loading class org/apache/lucene/index/IndexReader done
Event: 5.326 loading class org/apache/lucene/search/spell/TestSpellChecker
Event: 5.326 loading class org/apache/lucene/search/spell/TestSpellChecker done
Event: 5.326 loading class org/apache/lucene/search/spell/TestSpellChecker
Event: 5.326 loading class org/apache/lucene/search/spell/TestSpellChecker done
Event: 5.617 Executing VM operation: ThreadDump
Event: 5.624 Executing VM operation: ThreadDump done
Event: 5.625 Executing VM operation: ThreadDump
Event: 5.625 Executing VM operation: ThreadDump done
Event: 5.627 Executing VM operation: ThreadDump
Event: 5.627 Executing VM operation: ThreadDump done
Event: 5.628 Executing VM operation: ThreadDump
Event: 5.628 Executing VM operation: ThreadDump done
Event: 5.649 loading class org/apache/lucene/util/ArrayIntroSorter
Event: 5.649 loading class org/apache/lucene/util/ArrayIntroSorter done
Event: 5.819 loading class org/apache/lucene/search/spell/SuggestWordFrequencyComparator
Event: 5.819 loading class org/apache/lucene/search/spell/SuggestWordFrequencyComparator done


Dynamic libraries:
00400000-00401000 r-xp 00000000 09:7f 30541311                           /home/jenkins/tools/java/64bit/jdk-11.0.6/bin/java
00600000-00601000 r--p 00000000 09:7f 30541311                           /home/jenkins/tools/java/64bit/jdk-11.0.6/bin/java
00601000-00602000 rw-p 00001000 09:7f 30541311                           /home/jenkins/tools/java/64bit/jdk-11.0.6/bin/java
01733000-01754000 rw-p 00000000 00:00 0                                  [heap]
40000000000-40013200000 rw-s 00000000 00:01 3974764609                   /memfd:java_heap (deleted)
40013200000-80000000000 ---p 00000000 00:00 0 
80000000000-80013200000 rw-s 00000000 00:01 3974764609                   /memfd:java_heap (deleted)
80013200000-100000000000 ---p 00000000 00:00 0 
100000000000-100013200000 rw-s 00000000 00:01 3974764609                 /memfd:java_heap (deleted)
100013200000-140000000000 ---p 00000000 00:00 0 
150000000000-150002000000 rw-p 00000000 00:00 0 
150002000000-160000000000 ---p 00000000 00:00 0 
7fbbe0000000-7fbbe080a000 rw-p 00000000 00:00 0 
7fbbe080a000-7fbbe4000000 ---p 00000000 00:00 0 
7fbbe8000000-7fbbe806b000 rw-p 00000000 00:00 0 
7fbbe806b000-7fbbec000000 ---p 00000000 00:00 0 
7fbbec000000-7fbbec09d000 rw-p 00000000 00:00 0 
7fbbec09d000-7fbbf0000000 ---p 00000000 00:00 0 
7fbbf0000000-7fbbf00bc000 rw-p 00000000 00:00 0 
7fbbf00bc000-7fbbf4000000 ---p 00000000 00:00 0 
7fbbf4000000-7fbbf4086000 rw-p 00000000 00:00 0 
7fbbf4086000-7fbbf8000000 ---p 00000000 00:00 0 
7fbbf8000000-7fbbf80ec000 rw-p 00000000 00:00 0 
7fbbf80ec000-7fbbfc000000 ---p 00000000 00:00 0 
7fbbfc000000-7fbbfc0ac000 rw-p 00000000 00:00 0 
7fbbfc0ac000-7fbc00000000 ---p 00000000 00:00 0 
7fbc00000000-7fbc0059b000 rw-p 00000000 00:00 0 
7fbc0059b000-7fbc04000000 ---p 00000000 00:00 0 
7fbc04000000-7fbc040cc000 rw-p 00000000 00:00 0 
7fbc040cc000-7fbc08000000 ---p 00000000 00:00 0 
7fbc08000000-7fbc09308000 rw-p 00000000 00:00 0 
7fbc09308000-7fbc0c000000 ---p 00000000 00:00 0 
7fbc0c000000-7fbc0c96c000 rw-p 00000000 00:00 0 
7fbc0c96c000-7fbc10000000 ---p 00000000 00:00 0 
7fbc10000000-7fbc10f8c000 rw-p 00000000 00:00 0 
7fbc10f8c000-7fbc14000000 ---p 00000000 00:00 0 
7fbc14000000-7fbc158e4000 rw-p 00000000 00:00 0 
7fbc158e4000-7fbc18000000 ---p 00000000 00:00 0 
7fbc18000000-7fbc18c1c000 rw-p 00000000 00:00 0 
7fbc18c1c000-7fbc1c000000 ---p 00000000 00:00 0 
7fbc1c000000-7fbc1c0e8000 rw-p 00000000 00:00 0 
7fbc1c0e8000-7fbc20000000 ---p 00000000 00:00 0 
7fbc223e5000-7fbc223e9000 ---p 00000000 00:00 0 
7fbc223e9000-7fbc224e6000 rw-p 00000000 00:00 0 
7fbc224e6000-7fbc224ea000 ---p 00000000 00:00 0 
7fbc224ea000-7fbc225e7000 rw-p 00000000 00:00 0 
7fbc225e7000-7fbc225eb000 ---p 00000000 00:00 0 
7fbc225eb000-7fbc226e8000 rw-p 00000000 00:00 0 
7fbc226e8000-7fbc226ec000 ---p 00000000 00:00 0 
7fbc226ec000-7fbc227e9000 rw-p 00000000 00:00 0 
7fbc227e9000-7fbc227ed000 ---p 00000000 00:00 0 
7fbc227ed000-7fbc228ea000 rw-p 00000000 00:00 0 
7fbc228ea000-7fbc228ee000 ---p 00000000 00:00 0 
7fbc228ee000-7fbc22beb000 rw-p 00000000 00:00 0 
7fbc22beb000-7fbc22bef000 ---p 00000000 00:00 0 
7fbc22bef000-7fbc22cec000 rw-p 00000000 00:00 0 
7fbc22cec000-7fbc22cf0000 ---p 00000000 00:00 0 
7fbc22cf0000-7fbc22fed000 rw-p 00000000 00:00 0 
7fbc22fed000-7fbc22ff1000 ---p 00000000 00:00 0 
7fbc22ff1000-7fbc232ee000 rw-p 00000000 00:00 0 
7fbc232ee000-7fbc234ee000 rw-p 00000000 00:00 0 
7fbc234ee000-7fbc236ee000 rw-p 00000000 00:00 0 
7fbc236ee000-7fbc236f2000 ---p 00000000 00:00 0 
7fbc236f2000-7fbc237ef000 rw-p 00000000 00:00 0 
7fbc237ef000-7fbc237f5000 r-xp 00000000 09:7f 29232712                   /home/jenkins/tools/java/64bit/jdk-11.0.6/lib/libmanagement_ext.so
7fbc237f5000-7fbc239f4000 ---p 00006000 09:7f 29232712                   /home/jenkins/tools/java/64bit/jdk-11.0.6/lib/libmanagement_ext.so
7fbc239f4000-7fbc239f5000 r--p 00005000 09:7f 29232712                   /home/jenkins/tools/java/64bit/jdk-11.0.6/lib/libmanagement_ext.so
7fbc239f5000-7fbc239f6000 rw-p 00006000 09:7f 29232712                   /home/jenkins/tools/java/64bit/jdk-11.0.6/lib/libmanagement_ext.so
7fbc239f6000-7fbc239fa000 r-xp 00000000 09:7f 29232693                   /home/jenkins/tools/java/64bit/jdk-11.0.6/lib/libmanagement.so
7fbc239fa000-7fbc23bfa000 ---p 00004000 09:7f 29232693                   /home/jenkins/tools/java/64bit/jdk-11.0.6/lib/libmanagement.so
7fbc23bfa000-7fbc23bfb000 r--p 00004000 09:7f 29232693                   /home/jenkins/tools/java/64bit/jdk-11.0.6/lib/libmanagement.so
7fbc23bfb000-7fbc23bfc000 rw-p 00005000 09:7f 29232693                   /home/jenkins/tools/java/64bit/jdk-11.0.6/lib/libmanagement.so
7fbc23bfc000-7fbc23c00000 ---p 00000000 00:00 0 
7fbc23c00000-7fbc23cfd000 rw-p 00000000 00:00 0 
7fbc23cfd000-7fbc23d01000 ---p 00000000 00:00 0 
7fbc23d01000-7fbc23dfe000 rw-p 00000000 00:00 0 
7fbc23dfe000-7fbc23e02000 ---p 00000000 00:00 0 
7fbc23e02000-7fbc23eff000 rw-p 00000000 00:00 0 
7fbc23eff000-7fbc23f03000 ---p 00000000 00:00 0 
7fbc23f03000-7fbc24000000 rw-p 00000000 00:00 0 
7fbc24000000-7fbc24083000 rw-p 00000000 00:00 0 
7fbc24083000-7fbc28000000 ---p 00000000 00:00 0 
7fbc28000000-7fbc29316000 rw-p 00000000 00:00 0 
7fbc29316000-7fbc2c000000 ---p 00000000 00:00 0 
7fbc2c000000-7fbc2c144000 rw-p 00000000 00:00 0 
7fbc2c144000-7fbc30000000 ---p 00000000 00:00 0 
7fbc30000000-7fbc30021000 rw-p 00000000 00:00 0 
7fbc30021000-7fbc34000000 ---p 00000000 00:00 0 
7fbc34000000-7fbc34021000 rw-p 00000000 00:00 0 
7fbc34021000-7fbc38000000 ---p 00000000 00:00 0 
7fbc38000000-7fbc38f0e000 rw-p 00000000 00:00 0 
7fbc38f0e000-7fbc3c000000 ---p 00000000 00:00 0 
7fbc3c000000-7fbc3c4b2000 rw-p 00000000 00:00 0 
7fbc3c4b2000-7fbc40000000 ---p 00000000 00:00 0 
7fbc40000000-7fbc40021000 rw-p 00000000 00:00 0 
7fbc40021000-7fbc44000000 ---p 00000000 00:00 0 
7fbc44000000-7fbc44021000 rw-p 00000000 00:00 0 
7fbc44021000-7fbc48000000 ---p 00000000 00:00 0 
7fbc48000000-7fbc484d2000 rw-p 00000000 00:00 0 
7fbc484d2000-7fbc4c000000 ---p 00000000 00:00 0 
7fbc4c000000-7fbc4c021000 rw-p 00000000 00:00 0 
7fbc4c021000-7fbc50000000 ---p 00000000 00:00 0 
7fbc50000000-7fbc506b3000 rw-p 00000000 00:00 0 
7fbc506b3000-7fbc54000000 ---p 00000000 00:00 0 
7fbc54000000-7fbc54ff0000 rw-p 00000000 00:00 0 
7fbc54ff0000-7fbc58000000 ---p 00000000 00:00 0 
7fbc58000000-7fbc58451000 rw-p 00000000 00:00 0 
7fbc58451000-7fbc5c000000 ---p 00000000 00:00 0 
7fbc5c000000-7fbc5c021000 rw-p 00000000 00:00 0 
7fbc5c021000-7fbc60000000 ---p 00000000 00:00 0 
7fbc60000000-7fbc60021000 rw-p 00000000 00:00 0 
7fbc60021000-7fbc64000000 ---p 00000000 00:00 0 
7fbc64000000-7fbc64021000 rw-p 00000000 00:00 0 
7fbc64021000-7fbc68000000 ---p 00000000 00:00 0 
7fbc68000000-7fbc68021000 rw-p 00000000 00:00 0 
7fbc68021000-7fbc6c000000 ---p 00000000 00:00 0 
7fbc6c000000-7fbc6c021000 rw-p 00000000 00:00 0 
7fbc6c021000-7fbc70000000 ---p 00000000 00:00 0 
7fbc70000000-7fbc70021000 rw-p 00000000 00:00 0 
7fbc70021000-7fbc74000000 ---p 00000000 00:00 0 
7fbc74000000-7fbc74021000 rw-p 00000000 00:00 0 
7fbc74021000-7fbc78000000 ---p 00000000 00:00 0 
7fbc78000000-7fbc78021000 rw-p 00000000 00:00 0 
7fbc78021000-7fbc7c000000 ---p 00000000 00:00 0 
7fbc7c000000-7fbc7c021000 rw-p 00000000 00:00 0 
7fbc7c021000-7fbc80000000 ---p 00000000 00:00 0 
7fbc80000000-7fbc80021000 rw-p 00000000 00:00 0 
7fbc80021000-7fbc84000000 ---p 00000000 00:00 0 
7fbc84000000-7fbc84021000 rw-p 00000000 00:00 0 
7fbc84021000-7fbc88000000 ---p 00000000 00:00 0 
7fbc88000000-7fbc88021000 rw-p 00000000 00:00 0 
7fbc88021000-7fbc8c000000 ---p 00000000 00:00 0 
7fbc8c000000-7fbc8c021000 rw-p 00000000 00:00 0 
7fbc8c021000-7fbc90000000 ---p 00000000 00:00 0 
7fbc90000000-7fbc90021000 rw-p 00000000 00:00 0 
7fbc90021000-7fbc94000000 ---p 00000000 00:00 0 
7fbc94000000-7fbc94182000 rw-p 00000000 00:00 0 
7fbc94182000-7fbc98000000 ---p 00000000 00:00 0 
7fbc98000000-7fbc98021000 rw-p 00000000 00:00 0 
7fbc98021000-7fbc9c000000 ---p 00000000 00:00 0 
7fbc9c000000-7fbc9c021000 rw-p 00000000 00:00 0 
7fbc9c021000-7fbca0000000 ---p 00000000 00:00 0 
7fbca0000000-7fbca0028000 rw-p 00000000 00:00 0 
7fbca0028000-7fbca4000000 ---p 00000000 00:00 0 
7fbca4054000-7fbca4058000 ---p 00000000 00:00 0 
7fbca4058000-7fbca4355000 rw-p 00000000 00:00 0 
7fbca4355000-7fbca4359000 ---p 00000000 00:00 0 
7fbca4359000-7fbca4456000 rw-p 00000000 00:00 0 
7fbca4456000-7fbca445a000 ---p 00000000 00:00 0 
7fbca445a000-7fbca4557000 rw-p 00000000 00:00 0 
7fbca4557000-7fbca455b000 ---p 00000000 00:00 0 
7fbca455b000-7fbca4858000 rw-p 00000000 00:00 0 
7fbca4858000-7fbca485c000 ---p 00000000 00:00 0 
7fbca485c000-7fbca4959000 rw-p 00000000 00:00 0 
7fbca4959000-7fbca495b000 r-xp 00000000 09:7f 29232704                   /home/jenkins/tools/java/64bit/jdk-11.0.6/lib/libextnet.so
7fbca495b000-7fbca4b5a000 ---p 00002000 09:7f 29232704                   /home/jenkins/tools/java/64bit/jdk-11.0.6/lib/libextnet.so
7fbca4b5a000-7fbca4b5b000 r--p 00001000 09:7f 29232704                   /home/jenkins/tools/java/64bit/jdk-11.0.6/lib/libextnet.so
7fbca4b5b000-7fbca4b5c000 rw-p 00002000 09:7f 29232704                   /home/jenkins/tools/java/64bit/jdk-11.0.6/lib/libextnet.so
7fbca4b5c000-7fbca4d5c000 rw-p 00000000 00:00 0 
7fbca4d5c000-7fbca4f5c000 rw-p 00000000 00:00 0 
7fbca4f5c000-7fbca4f60000 ---p 00000000 00:00 0 
7fbca4f60000-7fbca505d000 rw-p 00000000 00:00 0 
7fbca505d000-7fbca505e000 ---p 00000000 00:00 0 
7fbca505e000-7fbca515f000 rw-p 00000000 00:00 0 
7fbca515f000-7fbca5163000 ---p 00000000 00:00 0 
7fbca5163000-7fbca5260000 rw-p 00000000 00:00 0 
7fbca5260000-7fbca5264000 ---p 00000000 00:00 0 
7fbca5264000-7fbca5361000 rw-p 00000000 00:00 0 
7fbca5361000-7fbca5365000 ---p 00000000 00:00 0 
7fbca5365000-7fbca5493000 rw-p 00000000 00:00 0 
7fbca5493000-7fbca54aa000 r-xp 00000000 09:7f 29232706                   /home/jenkins/tools/java/64bit/jdk-11.0.6/lib/libnet.so
7fbca54aa000-7fbca56a9000 ---p 00017000 09:7f 29232706                   /home/jenkins/tools/java/64bit/jdk-11.0.6/lib/libnet.so
7fbca56a9000-7fbca56aa000 r--p 00016000 09:7f 29232706                   /home/jenkins/tools/java/64bit/jdk-11.0.6/lib/libnet.so
7fbca56aa000-7fbca56ab000 rw-p 00017000 09:7f 29232706                   /home/jenkins/tools/java/64bit/jdk-11.0.6/lib/libnet.so
7fbca56ab000-7fbca56bb000 r-xp 00000000 09:7f 29232708                   /home/jenkins/tools/java/64bit/jdk-11.0.6/lib/libnio.so
7fbca56bb000-7fbca58ba000 ---p 00010000 09:7f 29232708                   /home/jenkins/tools/java/64bit/jdk-11.0.6/lib/libnio.so
7fbca58ba000-7fbca58bb000 r--p 0000f000 09:7f 29232708                   /home/jenkins/tools/java/64bit/jdk-11.0.6/lib/libnio.so
7fbca58bb000-7fbca58bc000 rw-p 00010000 09:7f 29232708                   /home/jenkins/tools/java/64bit/jdk-11.0.6/lib/libnio.so
7fbca58bc000-7fbca58c0000 ---p 00000000 00:00 0 
7fbca58c0000-7fbca59bd000 rw-p 00000000 00:00 0 
7fbca59bd000-7fbca59c1000 ---p 00000000 00:00 0 
7fbca59c1000-7fbca5abe000 rw-p 00000000 00:00 0 
7fbca5abe000-7fbca5ac2000 ---p 00000000 00:00 0 
7fbca5ac2000-7fbca5bbf000 rw-p 00000000 00:00 0 
7fbca5bbf000-7fbca5bc3000 ---p 00000000 00:00 0 
7fbca5bc3000-7fbca5cc0000 rw-p 00000000 00:00 0 
7fbca5cc0000-7fbca5cc4000 ---p 00000000 00:00 0 
7fbca5cc4000-7fbca5dfc000 rw-p 00000000 00:00 0 
7fbca5dfc000-7fbca5e00000 ---p 00000000 00:00 0 
7fbca5e00000-7fbca5efd000 rw-p 00000000 00:00 0 
7fbca5efd000-7fbca6175000 r--p 00000000 09:7f 9961646                    /usr/lib/locale/aa_DJ.utf8/LC_COLLATE
7fbca6175000-7fbca6179000 ---p 00000000 00:00 0 
7fbca6179000-7fbca6276000 rw-p 00000000 00:00 0 
7fbca6276000-7fbca627a000 ---p 00000000 00:00 0 
7fbca627a000-7fbca6377000 rw-p 00000000 00:00 0 
7fbca6377000-7fbca6378000 ---p 00000000 00:00 0 
7fbca6378000-7fbca6cfa000 rw-p 00000000 00:00 0 
7fbca6cfa000-7fbca6cfb000 ---p 00000000 00:00 0 
7fbca6cfb000-7fbca6dfc000 rw-p 00000000 00:00 0 
7fbca6dfc000-7fbca6dfd000 ---p 00000000 00:00 0 
7fbca6dfd000-7fbca6efe000 rw-p 00000000 00:00 0 
7fbca6efe000-7fbca6eff000 ---p 00000000 00:00 0 
7fbca6eff000-7fbca8000000 rw-p 00000000 00:00 0 
7fbca8000000-7fbca8021000 rw-p 00000000 00:00 0 
7fbca8021000-7fbcac000000 ---p 00000000 00:00 0 
7fbcac000000-7fbcac021000 rw-p 00000000 00:00 0 
7fbcac021000-7fbcb0000000 ---p 00000000 00:00 0 
7fbcb0000000-7fbcb0021000 rw-p 00000000 00:00 0 
7fbcb0021000-7fbcb4000000 ---p 00000000 00:00 0 
7fbcb4000000-7fbcb4021000 rw-p 00000000 00:00 0 
7fbcb4021000-7fbcb8000000 ---p 00000000 00:00 0 
7fbcb8000000-7fbcb8021000 rw-p 00000000 00:00 0 
7fbcb8021000-7fbcbc000000 ---p 00000000 00:00 0 
7fbcbc000000-7fbcbc021000 rw-p 00000000 00:00 0 
7fbcbc021000-7fbcc0000000 ---p 00000000 00:00 0 
7fbcc0000000-7fbcc0027000 rw-p 00000000 00:00 0 
7fbcc0027000-7fbcc4000000 ---p 00000000 00:00 0 
7fbcc4000000-7fbcc4021000 rw-p 00000000 00:00 0 
7fbcc4021000-7fbcc8000000 ---p 00000000 00:00 0 
7fbcc8000000-7fbcc8021000 rw-p 00000000 00:00 0 
7fbcc8021000-7fbccc000000 ---p 00000000 00:00 0 
7fbccc029000-7fbccc07d000 r--p 00000000 09:7f 9961879                    /usr/lib/locale/aa_DJ.utf8/LC_CTYPE
7fbccc07d000-7fbccc100000 rw-p 00000000 00:00 0 
7fbccc100000-7fbccc101000 ---p 00000000 00:00 0 
7fbccc101000-7fbccc202000 rw-p 00000000 00:00 0 
7fbccc202000-7fbccc203000 ---p 00000000 00:00 0 
7fbccc203000-7fbccc304000 rw-p 00000000 00:00 0 
7fbccc304000-7fbccc305000 ---p 00000000 00:00 0 
7fbccc305000-7fbccc406000 rw-p 00000000 00:00 0 
7fbccc406000-7fbccc407000 ---p 00000000 00:00 0 
7fbccc407000-7fbccc508000 rw-p 00000000 00:00 0 
7fbccc508000-7fbccc509000 ---p 00000000 00:00 0 
7fbccc509000-7fbccc60a000 rw-p 00000000 00:00 0 
7fbccc60a000-7fbccc60b000 ---p 00000000 00:00 0 
7fbccc60b000-7fbccc70c000 rw-p 00000000 00:00 0 
7fbccc70c000-7fbccc70d000 ---p 00000000 00:00 0 
7fbccc70d000-7fbccc80e000 rw-p 00000000 00:00 0 
7fbccc80e000-7fbccc80f000 ---p 00000000 00:00 0 
7fbccc80f000-7fbccc910000 rw-p 00000000 00:00 0 
7fbccc910000-7fbcccc00000 rwxp 00000000 00:00 0 
7fbcccc00000-7fbccd04f000 ---p 00000000 00:00 0 
7fbccd04f000-7fbccdb8f000 rwxp 00000000 00:00 0 
7fbccdb8f000-7fbcd44af000 ---p 00000000 00:00 0 
7fbcd44af000-7fbcd48af000 rwxp 00000000 00:00 0 
7fbcd48af000-7fbcdb910000 ---p 00000000 00:00 0 
7fbcdb910000-7fbce4000000 r--s 00000000 09:7f 29232716                   /home/jenkins/tools/java/64bit/jdk-11.0.6/lib/modules
7fbce4000000-7fbce45e9000 rw-p 00000000 00:00 0 
7fbce45e9000-7fbce8000000 ---p 00000000 00:00 0 
7fbce8002000-7fbce8003000 r--p 00000000 09:7f 10092616                   /usr/lib/locale/aa_ET/LC_NUMERIC
7fbce8003000-7fbce8004000 r--p 00000000 09:7f 13506201                   /usr/lib/locale/en_US.utf8/LC_TIME
7fbce8004000-7fbce8005000 ---p 00000000 00:00 0 
7fbce8005000-7fbce8106000 rw-p 00000000 00:00 0 
7fbce8106000-7fbce8107000 ---p 00000000 00:00 0 
7fbce8107000-7fbce8208000 rw-p 00000000 00:00 0 
7fbce8208000-7fbce8209000 ---p 00000000 00:00 0 
7fbce8209000-7fbce830a000 rw-p 00000000 00:00 0 
7fbce830a000-7fbce830b000 ---p 00000000 00:00 0 
7fbce830b000-7fbce840c000 rw-p 00000000 00:00 0 
7fbce840c000-7fbce840d000 ---p 00000000 00:00 0 
7fbce840d000-7fbce850e000 rw-p 00000000 00:00 0 
7fbce850e000-7fbce850f000 ---p 00000000 00:00 0 
7fbce850f000-7fbce8610000 rw-p 00000000 00:00 0 
7fbce8610000-7fbce8611000 ---p 00000000 00:00 0 
7fbce8611000-7fbce8712000 rw-p 00000000 00:00 0 
7fbce8712000-7fbce8713000 ---p 00000000 00:00 0 
7fbce8713000-7fbce8814000 rw-p 00000000 00:00 0 
7fbce8814000-7fbce8815000 ---p 00000000 00:00 0 
7fbce8815000-7fbce8916000 rw-p 00000000 00:00 0 
7fbce8916000-7fbce8917000 ---p 00000000 00:00 0 
7fbce8917000-7fbce8a18000 rw-p 00000000 00:00 0 
7fbce8a18000-7fbce8a19000 ---p 00000000 00:00 0 
7fbce8a19000-7fbce8b1a000 rw-p 00000000 00:00 0 
7fbce8b1a000-7fbce8b1b000 ---p 00000000 00:00 0 
7fbce8b1b000-7fbce8c24000 rw-p 00000000 00:00 0 
7fbce8c24000-7fbce8d05000 ---p 00000000 00:00 0 
7fbce8d05000-7fbce8d1c000 rw-p 00000000 00:00 0 
7fbce8d1c000-7fbce8dee000 ---p 00000000 00:00 0 
7fbce8dee000-7fbce8df4000 rw-p 00000000 00:00 0 
7fbce8df4000-7fbce8dfd000 ---p 00000000 00:00 0 
7fbce8dfd000-7fbce8e18000 r-xp 00000000 09:7f 29232677                   /home/jenkins/tools/java/64bit/jdk-11.0.6/lib/libjimage.so
7fbce8e18000-7fbce9018000 ---p 0001b000 09:7f 29232677                   /home/jenkins/tools/java/64bit/jdk-11.0.6/lib/libjimage.so
7fbce9018000-7fbce901a000 r--p 0001b000 09:7f 29232677                   /home/jenkins/tools/java/64bit/jdk-11.0.6/lib/libjimage.so
7fbce901a000-7fbce901b000 rw-p 0001d000 09:7f 29232677                   /home/jenkins/tools/java/64bit/jdk-11.0.6/lib/libjimage.so
7fbce901b000-7fbce9022000 r-xp 00000000 09:7f 29232678                   /home/jenkins/tools/java/64bit/jdk-11.0.6/lib/libzip.so
7fbce9022000-7fbce9221000 ---p 00007000 09:7f 29232678                   /home/jenkins/tools/java/64bit/jdk-11.0.6/lib/libzip.so
7fbce9221000-7fbce9222000 r--p 00006000 09:7f 29232678                   /home/jenkins/tools/java/64bit/jdk-11.0.6/lib/libzip.so
7fbce9222000-7fbce9223000 rw-p 00007000 09:7f 29232678                   /home/jenkins/tools/java/64bit/jdk-11.0.6/lib/libzip.so
7fbce9223000-7fbce9226000 r--p 00000000 09:7f 20977577                   /lib/x86_64-linux-gnu/libnss_files-2.31.so
7fbce9226000-7fbce922d000 r-xp 00003000 09:7f 20977577                   /lib/x86_64-linux-gnu/libnss_files-2.31.so
7fbce922d000-7fbce922f000 r--p 0000a000 09:7f 20977577                   /lib/x86_64-linux-gnu/libnss_files-2.31.so
7fbce922f000-7fbce9230000 r--p 0000b000 09:7f 20977577                   /lib/x86_64-linux-gnu/libnss_files-2.31.so
7fbce9230000-7fbce9231000 rw-p 0000c000 09:7f 20977577                   /lib/x86_64-linux-gnu/libnss_files-2.31.so
7fbce9231000-7fbce9237000 rw-p 00000000 00:00 0 
7fbce9237000-7fbce923c000 r--p 00000000 09:7f 20977487                   /lib/x86_64-linux-gnu/libnsl-2.31.so
7fbce923c000-7fbce924c000 r-xp 00005000 09:7f 20977487                   /lib/x86_64-linux-gnu/libnsl-2.31.so
7fbce924c000-7fbce9250000 r--p 00015000 09:7f 20977487                   /lib/x86_64-linux-gnu/libnsl-2.31.so
7fbce9250000-7fbce9251000 r--p 00018000 09:7f 20977487                   /lib/x86_64-linux-gnu/libnsl-2.31.so
7fbce9251000-7fbce9252000 rw-p 00019000 09:7f 20977487                   /lib/x86_64-linux-gnu/libnsl-2.31.so
7fbce9252000-7fbce9254000 rw-p 00000000 00:00 0 
7fbce9254000-7fbce9257000 r--p 00000000 09:7f 20977581                   /lib/x86_64-linux-gnu/libnss_nis-2.31.so
7fbce9257000-7fbce925f000 r-xp 00003000 09:7f 20977581                   /lib/x86_64-linux-gnu/libnss_nis-2.31.so
7fbce925f000-7fbce9261000 r--p 0000b000 09:7f 20977581                   /lib/x86_64-linux-gnu/libnss_nis-2.31.so
7fbce9261000-7fbce9262000 r--p 0000c000 09:7f 20977581                   /lib/x86_64-linux-gnu/libnss_nis-2.31.so
7fbce9262000-7fbce9263000 rw-p 0000d000 09:7f 20977581                   /lib/x86_64-linux-gnu/libnss_nis-2.31.so
7fbce9263000-7fbce9265000 r--p 00000000 09:7f 20977568                   /lib/x86_64-linux-gnu/libnss_compat-2.31.so
7fbce9265000-7fbce926c000 r-xp 00002000 09:7f 20977568                   /lib/x86_64-linux-gnu/libnss_compat-2.31.so
7fbce926c000-7fbce926d000 r--p 00009000 09:7f 20977568                   /lib/x86_64-linux-gnu/libnss_compat-2.31.so
7fbce926d000-7fbce926e000 r--p 00009000 09:7f 20977568                   /lib/x86_64-linux-gnu/libnss_compat-2.31.so
7fbce926e000-7fbce926f000 rw-p 0000a000 09:7f 20977568                   /lib/x86_64-linux-gnu/libnss_compat-2.31.so
7fbce926f000-7fbce9270000 r--p 00000000 09:7f 13505819                   /usr/lib/locale/chr_US/LC_MONETARY
7fbce9270000-7fbce9271000 r--p 00000000 09:7f 13506042                   /usr/lib/locale/en_AG/LC_MESSAGES/SYS_LC_MESSAGES
7fbce9271000-7fbce9272000 r--p 00000000 09:7f 13505820                   /usr/lib/locale/chr_US/LC_PAPER
7fbce9272000-7fbce9273000 r--p 00000000 09:7f 13505697                   /usr/lib/locale/bi_VU/LC_NAME
7fbce9273000-7fbce9274000 r--p 00000000 09:7f 13506199                   /usr/lib/locale/en_US.utf8/LC_ADDRESS
7fbce9274000-7fbce927b000 r--s 00000000 09:7f 6039562                    /usr/lib/x86_64-linux-gnu/gconv/gconv-modules.cache
7fbce927b000-7fbce92a5000 r-xp 00000000 09:7f 29232681                   /home/jenkins/tools/java/64bit/jdk-11.0.6/lib/libjava.so
7fbce92a5000-7fbce94a4000 ---p 0002a000 09:7f 29232681                   /home/jenkins/tools/java/64bit/jdk-11.0.6/lib/libjava.so
7fbce94a4000-7fbce94a5000 r--p 00029000 09:7f 29232681                   /home/jenkins/tools/java/64bit/jdk-11.0.6/lib/libjava.so
7fbce94a5000-7fbce94a7000 rw-p 0002a000 09:7f 29232681                   /home/jenkins/tools/java/64bit/jdk-11.0.6/lib/libjava.so
7fbce94a7000-7fbce94b8000 r-xp 00000000 09:7f 29232684                   /home/jenkins/tools/java/64bit/jdk-11.0.6/lib/libverify.so
7fbce94b8000-7fbce96b7000 ---p 00011000 09:7f 29232684                   /home/jenkins/tools/java/64bit/jdk-11.0.6/lib/libverify.so
7fbce96b7000-7fbce96b9000 r--p 00010000 09:7f 29232684                   /home/jenkins/tools/java/64bit/jdk-11.0.6/lib/libverify.so
7fbce96b9000-7fbce96ba000 rw-p 00012000 09:7f 29232684                   /home/jenkins/tools/java/64bit/jdk-11.0.6/lib/libverify.so
7fbce96ba000-7fbce96bd000 r--p 00000000 09:7f 20977611                   /lib/x86_64-linux-gnu/librt-2.31.so
7fbce96bd000-7fbce96c1000 r-xp 00003000 09:7f 20977611                   /lib/x86_64-linux-gnu/librt-2.31.so
7fbce96c1000-7fbce96c2000 r--p 00007000 09:7f 20977611                   /lib/x86_64-linux-gnu/librt-2.31.so
7fbce96c2000-7fbce96c3000 ---p 00008000 09:7f 20977611                   /lib/x86_64-linux-gnu/librt-2.31.so
7fbce96c3000-7fbce96c4000 r--p 00008000 09:7f 20977611                   /lib/x86_64-linux-gnu/librt-2.31.so
7fbce96c4000-7fbce96c5000 rw-p 00009000 09:7f 20977611                   /lib/x86_64-linux-gnu/librt-2.31.so
7fbce96c5000-7fbce96c9000 ---p 00000000 00:00 0 
7fbce96c9000-7fbce97c6000 rw-p 00000000 00:00 0 
7fbce97c6000-7fbce97d5000 r--p 00000000 09:7f 20977471                   /lib/x86_64-linux-gnu/libm-2.31.so
7fbce97d5000-7fbce987c000 r-xp 0000f000 09:7f 20977471                   /lib/x86_64-linux-gnu/libm-2.31.so
7fbce987c000-7fbce9913000 r--p 000b6000 09:7f 20977471                   /lib/x86_64-linux-gnu/libm-2.31.so
7fbce9913000-7fbce9914000 r--p 0014c000 09:7f 20977471                   /lib/x86_64-linux-gnu/libm-2.31.so
7fbce9914000-7fbce9915000 rw-p 0014d000 09:7f 20977471                   /lib/x86_64-linux-gnu/libm-2.31.so
7fbce9915000-7fbceaa59000 r-xp 00000000 09:7f 29497991                   /home/jenkins/tools/java/64bit/jdk-11.0.6/lib/server/libjvm.so
7fbceaa59000-7fbceac58000 ---p 01144000 09:7f 29497991                   /home/jenkins/tools/java/64bit/jdk-11.0.6/lib/server/libjvm.so
7fbceac58000-7fbcead17000 r--p 01143000 09:7f 29497991                   /home/jenkins/tools/java/64bit/jdk-11.0.6/lib/server/libjvm.so
7fbcead17000-7fbcead51000 rw-p 01202000 09:7f 29497991                   /home/jenkins/tools/java/64bit/jdk-11.0.6/lib/server/libjvm.so
7fbcead51000-7fbceadac000 rw-p 00000000 00:00 0 
7fbceadac000-7fbceadd1000 r--p 00000000 09:7f 20977465                   /lib/x86_64-linux-gnu/libc-2.31.so
7fbceadd1000-7fbceaf49000 r-xp 00025000 09:7f 20977465                   /lib/x86_64-linux-gnu/libc-2.31.so
7fbceaf49000-7fbceaf93000 r--p 0019d000 09:7f 20977465                   /lib/x86_64-linux-gnu/libc-2.31.so
7fbceaf93000-7fbceaf94000 ---p 001e7000 09:7f 20977465                   /lib/x86_64-linux-gnu/libc-2.31.so
7fbceaf94000-7fbceaf97000 r--p 001e7000 09:7f 20977465                   /lib/x86_64-linux-gnu/libc-2.31.so
7fbceaf97000-7fbceaf9a000 rw-p 001ea000 09:7f 20977465                   /lib/x86_64-linux-gnu/libc-2.31.so
7fbceaf9a000-7fbceaf9e000 rw-p 00000000 00:00 0 
7fbceaf9e000-7fbceaf9f000 r--p 00000000 09:7f 20977469                   /lib/x86_64-linux-gnu/libdl-2.31.so
7fbceaf9f000-7fbceafa1000 r-xp 00001000 09:7f 20977469                   /lib/x86_64-linux-gnu/libdl-2.31.so
7fbceafa1000-7fbceafa2000 r--p 00003000 09:7f 20977469                   /lib/x86_64-linux-gnu/libdl-2.31.so
7fbceafa2000-7fbceafa3000 r--p 00003000 09:7f 20977469                   /lib/x86_64-linux-gnu/libdl-2.31.so
7fbceafa3000-7fbceafa4000 rw-p 00004000 09:7f 20977469                   /lib/x86_64-linux-gnu/libdl-2.31.so
7fbceafa4000-7fbceafb4000 r-xp 00000000 09:7f 29622494                   /home/jenkins/tools/java/64bit/jdk-11.0.6/lib/jli/libjli.so
7fbceafb4000-7fbceb1b3000 ---p 00010000 09:7f 29622494                   /home/jenkins/tools/java/64bit/jdk-11.0.6/lib/jli/libjli.so
7fbceb1b3000-7fbceb1b4000 r--p 0000f000 09:7f 29622494                   /home/jenkins/tools/java/64bit/jdk-11.0.6/lib/jli/libjli.so
7fbceb1b4000-7fbceb1b5000 rw-p 00010000 09:7f 29622494                   /home/jenkins/tools/java/64bit/jdk-11.0.6/lib/jli/libjli.so
7fbceb1b5000-7fbceb1bc000 r--p 00000000 09:7f 20977593                   /lib/x86_64-linux-gnu/libpthread-2.31.so
7fbceb1bc000-7fbceb1cd000 r-xp 00007000 09:7f 20977593                   /lib/x86_64-linux-gnu/libpthread-2.31.so
7fbceb1cd000-7fbceb1d2000 r--p 00018000 09:7f 20977593                   /lib/x86_64-linux-gnu/libpthread-2.31.so
7fbceb1d2000-7fbceb1d3000 r--p 0001c000 09:7f 20977593                   /lib/x86_64-linux-gnu/libpthread-2.31.so
7fbceb1d3000-7fbceb1d4000 rw-p 0001d000 09:7f 20977593                   /lib/x86_64-linux-gnu/libpthread-2.31.so
7fbceb1d4000-7fbceb1d8000 rw-p 00000000 00:00 0 
7fbceb1d8000-7fbceb1da000 r--p 00000000 09:7f 20974129                   /lib/x86_64-linux-gnu/libz.so.1.2.11
7fbceb1da000-7fbceb1eb000 r-xp 00002000 09:7f 20974129                   /lib/x86_64-linux-gnu/libz.so.1.2.11
7fbceb1eb000-7fbceb1f1000 r--p 00013000 09:7f 20974129                   /lib/x86_64-linux-gnu/libz.so.1.2.11
7fbceb1f1000-7fbceb1f2000 ---p 00019000 09:7f 20974129                   /lib/x86_64-linux-gnu/libz.so.1.2.11
7fbceb1f2000-7fbceb1f3000 r--p 00019000 09:7f 20974129                   /lib/x86_64-linux-gnu/libz.so.1.2.11
7fbceb1f3000-7fbceb1f4000 rw-p 0001a000 09:7f 20974129                   /lib/x86_64-linux-gnu/libz.so.1.2.11
7fbceb1f4000-7fbceb1f5000 r--p 00000000 09:7f 6029341                    /usr/lib/x86_64-linux-gnu/libeatmydata.so.1.1.2
7fbceb1f5000-7fbceb1f6000 r-xp 00001000 09:7f 6029341                    /usr/lib/x86_64-linux-gnu/libeatmydata.so.1.1.2
7fbceb1f6000-7fbceb1f7000 r--p 00002000 09:7f 6029341                    /usr/lib/x86_64-linux-gnu/libeatmydata.so.1.1.2
7fbceb1f7000-7fbceb1f8000 r--p 00002000 09:7f 6029341                    /usr/lib/x86_64-linux-gnu/libeatmydata.so.1.1.2
7fbceb1f8000-7fbceb1f9000 rw-p 00003000 09:7f 6029341                    /usr/lib/x86_64-linux-gnu/libeatmydata.so.1.1.2
7fbceb1f9000-7fbceb1fa000 r--p 00000000 09:7f 13505821                   /usr/lib/locale/chr_US/LC_TELEPHONE
7fbceb1fa000-7fbceb1fb000 r--p 00000000 09:7f 13505817                   /usr/lib/locale/chr_US/LC_MEASUREMENT
7fbceb1fb000-7fbceb203000 rw-s 00000000 09:7f 13893786                   /tmp/hsperfdata_jenkins/536810
7fbceb203000-7fbceb204000 ---p 00000000 00:00 0 
7fbceb204000-7fbceb205000 r--p 00000000 00:00 0 
7fbceb205000-7fbceb207000 rw-p 00000000 00:00 0 
7fbceb207000-7fbceb208000 r--p 00000000 09:7f 20975364                   /lib/x86_64-linux-gnu/ld-2.31.so
7fbceb208000-7fbceb22b000 r-xp 00001000 09:7f 20975364                   /lib/x86_64-linux-gnu/ld-2.31.so
7fbceb22b000-7fbceb233000 r--p 00024000 09:7f 20975364                   /lib/x86_64-linux-gnu/ld-2.31.so
7fbceb233000-7fbceb234000 r--p 00000000 09:7f 13506200                   /usr/lib/locale/en_US.utf8/LC_IDENTIFICATION
7fbceb234000-7fbceb235000 r--p 0002c000 09:7f 20975364                   /lib/x86_64-linux-gnu/ld-2.31.so
7fbceb235000-7fbceb236000 rw-p 0002d000 09:7f 20975364                   /lib/x86_64-linux-gnu/ld-2.31.so
7fbceb236000-7fbceb237000 rw-p 00000000 00:00 0 
7ffe019b8000-7ffe019da000 rw-p 00000000 00:00 0                          [stack]
7ffe019dd000-7ffe019e1000 r--p 00000000 00:00 0                          [vvar]
7ffe019e1000-7ffe019e3000 r-xp 00000000 00:00 0                          [vdso]
ffffffffff600000-ffffffffff601000 --xp 00000000 00:00 0                  [vsyscall]


VM Arguments:
jvm_args: -Dcommon.dir=/home/jenkins/workspace/Lucene-main-Linux/lucene -Dgradle.lib.dir=/home/jenkins/.gradle/wrapper/dists/gradle-6.8.3-all/6czipnbiesy2sl92ioo8dht91/gradle-6.8.3/lib -Dgradle.user.home=/home/jenkins/.gradle -Dgradle.worker.jar=/home/jenkins/.gradle/caches/6.8.3/workerMain/gradle-worker.jar -Djava.awt.headless=true -Djava.security.egd=file:/dev/./urandom -Djava.security.manager=org.apache.lucene.util.TestSecurityManager -Djava.security.policy=/home/jenkins/workspace/Lucene-main-Linux/gradle/testing/randomization/policies/tests.policy -Djava.util.logging.config.file=/home/jenkins/workspace/Lucene-main-Linux/gradle/testing/defaults-tests/logging.properties -Djdk.map.althashing.threshold=0 -Djetty.insecurerandom=1 -Djetty.testMode=1 -Djunit4.childvm.count=1 -Djunit4.childvm.id=0 -Dorg.gradle.native=false -DtempDir=/home/jenkins/workspace/Lucene-main-Linux/lucene/suggest/build/tmp/tests-tmp -Dtests.LUCENE_VERSION=9.0.0 -Dtests.asserts=true -Dtests.badapples=false -Dtests.codec=random -Dtests.directory=random -Dtests.docvaluesformat=random -Dtests.dups=0 -Dtests.failfast=false -Dtests.file.encoding=ISO-8859-1 -Dtests.haltonfailure=false -Dtests.heapsize=512m -Dtests.infostream=false -Dtests.jvmargs=-XX:-UseCompressedOops -XX:+UnlockExperimentalVMOptions -XX:+UseZGC -Dtests.jvms=6 -Dtests.leaveTemporary=false -Dtests.linedocsfile=europarl.lines.txt.gz -Dtests.locale=random -Dtests.minheapsize=256m -Dtests.monster=false -Dtests.multiplier=3 -Dtests.nightly=false -Dtests.postingsformat=random -Dtests.profile=false -Dtests.seed=25E6600265A5C2D4 -Dtests.slow=true -Dtests.slowestSuites=true -Dtests.slowestTests=true -Dtests.timezone=random -Dtests.useSecurityManager=true -Dtests.verbose=false -Dtests.weekly=false -Dtests.workDir=/home/jenkins/workspace/Lucene-main-Linux/lucene/suggest/build/tmp/tests-tmp -XX:-UseCompressedOops -XX:+UnlockExperimentalVMOptions -XX:+UseZGC --illegal-access=deny -da:java.util.HashMap -esa -Xms256m -Xmx512m -Dfile.encoding=UTF-8 -Djava.io.tmpdir=/home/jenkins/workspace/Lucene-main-Linux/lucene/suggest/build/tmp/tests-tmp -Duser.country=US -Duser.language=en -Duser.variant -ea 
java_command: worker.org.gradle.process.internal.worker.GradleWorkerMain 'Gradle Test Executor 126'
java_class_path (initial): /home/jenkins/.gradle/caches/6.8.3/workerMain/gradle-worker.jar:/home/jenkins/workspace/Lucene-main-Linux/lucene/suggest/build/classes/java/test:/home/jenkins/workspace/Lucene-main-Linux/lucene/suggest/build/resources/test:/home/jenkins/workspace/Lucene-main-Linux/lucene/suggest/build/classes/java/main:/home/jenkins/workspace/Lucene-main-Linux/lucene/suggest/build/resources/main:/home/jenkins/workspace/Lucene-main-Linux/lucene/analysis/common/build/libs/lucene-analysis-common-9.0.0-SNAPSHOT.jar:/home/jenkins/workspace/Lucene-main-Linux/lucene/test-framework/build/libs/lucene-test-framework-9.0.0-SNAPSHOT.jar:/home/jenkins/workspace/Lucene-main-Linux/lucene/codecs/build/libs/lucene-codecs-9.0.0-SNAPSHOT.jar:/home/jenkins/workspace/Lucene-main-Linux/lucene/core/build/libs/lucene-core-9.0.0-SNAPSHOT.jar:/home/jenkins/.gradle/caches/modules-2/files-2.1/com.carrotsearch.randomizedtesting/randomizedtesting-runner/2.7.6/17894fe98cce53f9bd994044d9bea7bd7801cafa/randomizedtesting-runner-2.7.6.jar:/home/jenkins/.gradle/caches/modules-2/files-2.1/junit/junit/4.13.1/cdd00374f1fee76b11e2a9d127405aa3f6be5b6a/junit-4.13.1.jar:/home/jenkins/.gradle/caches/modules-2/files-2.1/org.hamcrest/hamcrest/2.2/1820c0968dba3a11a1b30669bb1f01978a91dedc/hamcrest-2.2.jar
Launcher Type: SUN_STANDARD

[Global flags]
     intx CICompilerCount                          = 12                                        {product} {ergonomic}
   size_t InitialHeapSize                          = 268435456                                 {product} {command line}
   size_t MaxHeapSize                              = 536870912                                 {product} {command line}
   size_t MinHeapDeltaBytes                        = 2097152                                   {product} {ergonomic}
    uintx NonNMethodCodeHeapSize                   = 7594288                                {pd product} {ergonomic}
    uintx NonProfiledCodeHeapSize                  = 122031976                              {pd product} {ergonomic}
    uintx ProfiledCodeHeapSize                     = 122031976                              {pd product} {ergonomic}
    uintx ReservedCodeCacheSize                    = 251658240                              {pd product} {ergonomic}
     bool SegmentedCodeCache                       = true                                      {product} {ergonomic}
     bool UnlockExperimentalVMOptions              = true                                 {experimental} {command line}
     bool UseCompressedOops                        = false                                {lp64_product} {command line}
     bool UseZGC                                   = true                                 {experimental} {command line}

Logging:
Log output configuration:
 #0: stdout all=warning uptime,level,tags
 #1: stderr all=off uptime,level,tags

Environment Variables:
JAVA_HOME=/home/jenkins/tools/java/64bit/latest-jdk11
PATH=/home/jenkins/tools/java/64bit/latest-jdk11/bin:/usr/local/sbin:/usr/local/bin:/usr/sbin:/usr/bin:/sbin:/bin:/usr/games:/usr/local/games:/snap/bin
LD_PRELOAD=libeatmydata.so
SHELL=/bin/bash

Signal Handlers:
SIGSEGV: [libjvm.so+0xe334d0], sa_mask[0]=11111111011111111101111111111110, sa_flags=SA_RESTART|SA_SIGINFO
SIGBUS: [libjvm.so+0xe334d0], sa_mask[0]=11111111011111111101111111111110, sa_flags=SA_RESTART|SA_SIGINFO
SIGFPE: [libjvm.so+0xe334d0], sa_mask[0]=11111111011111111101111111111110, sa_flags=SA_RESTART|SA_SIGINFO
SIGPIPE: [libjvm.so+0xc061e0], sa_mask[0]=11111111011111111101111111111110, sa_flags=SA_RESTART|SA_SIGINFO
SIGXFSZ: [libjvm.so+0xc061e0], sa_mask[0]=11111111011111111101111111111110, sa_flags=SA_RESTART|SA_SIGINFO
SIGILL: [libjvm.so+0xe334d0], sa_mask[0]=11111111011111111101111111111110, sa_flags=SA_RESTART|SA_SIGINFO
SIGUSR2: [libjvm.so+0xc06080], sa_mask[0]=00100000000000000000000000000000, sa_flags=SA_RESTART|SA_SIGINFO
SIGHUP: SIG_IGN, sa_mask[0]=00000000000000000000000000000000, sa_flags=none
SIGINT: [libjvm.so+0xc063e0], sa_mask[0]=11111111011111111101111111111110, sa_flags=SA_RESTART|SA_SIGINFO
SIGTERM: [libjvm.so+0xc063e0], sa_mask[0]=11111111011111111101111111111110, sa_flags=SA_RESTART|SA_SIGINFO
SIGQUIT: [libjvm.so+0xc063e0], sa_mask[0]=11111111011111111101111111111110, sa_flags=SA_RESTART|SA_SIGINFO


---------------  S Y S T E M  ---------------

OS:DISTRIB_ID=Ubuntu
DISTRIB_RELEASE=20.04
DISTRIB_CODENAME=focal
DISTRIB_DESCRIPTION="Ubuntu 20.04.2 LTS"
uname:Linux 5.8.0-50-generic #56~20.04.1-Ubuntu SMP Mon Apr 12 21:46:35 UTC 2021 x86_64
libc:glibc 2.31 NPTL 2.31 
rlimit: STACK 8192k, CORE 0k, NPROC 256747, NOFILE 1048576, AS infinity, DATA infinity, FSIZE infinity
load average:21.95 19.03 11.77

/proc/meminfo:
MemTotal:       65857540 kB
MemFree:         8685292 kB
MemAvailable:   11088784 kB
Buffers:          185896 kB
Cached:          4698940 kB
SwapCached:        83136 kB
Active:         12516404 kB
Inactive:        4975624 kB
Active(anon):   11058076 kB
Inactive(anon):  3702068 kB
Active(file):    1458328 kB
Inactive(file):  1273556 kB
Unevictable:          60 kB
Mlocked:              60 kB
SwapTotal:      16777212 kB
SwapFree:       16063740 kB
Dirty:              1100 kB
Writeback:             0 kB
AnonPages:      12602096 kB
Mapped:         39777976 kB
Shmem:           2152920 kB
KReclaimable:     395184 kB
Slab:             985072 kB
SReclaimable:     395184 kB
SUnreclaim:       589888 kB
KernelStack:       17760 kB
PageTables:       117832 kB
NFS_Unstable:          0 kB
Bounce:                0 kB
WritebackTmp:          0 kB
CommitLimit:    49705980 kB
Committed_AS:   54041008 kB
VmallocTotal:   34359738367 kB
VmallocUsed:       32060 kB
VmallocChunk:          0 kB
Percpu:            29056 kB
HardwareCorrupted:     0 kB
AnonHugePages:         0 kB
ShmemHugePages:        0 kB
ShmemPmdMapped:        0 kB
FileHugePages:         0 kB
FilePmdMapped:         0 kB
HugePages_Total:       0
HugePages_Free:        0
HugePages_Rsvd:        0
HugePages_Surp:        0
Hugepagesize:       2048 kB
Hugetlb:               0 kB
DirectMap4k:    13629952 kB
DirectMap2M:    53407744 kB
DirectMap1G:     1048576 kB


/proc/sys/kernel/threads-max (system-wide limit on the number of threads):
513494


/proc/sys/vm/max_map_count (maximum number of memory map areas a process may have):
65530


/proc/sys/kernel/pid_max (system-wide limit on number of process identifiers):
4194304



container (cgroup) information:
container_type: cgroupv1
cpu_cpuset_cpus: 0-15
cpu_memory_nodes: 0
active_processor_count: 16
cpu_quota: -1
cpu_period: 100000
cpu_shares: -1
memory_limit_in_bytes: -1
memory_and_swap_limit_in_bytes: -1
memory_soft_limit_in_bytes: -1
memory_usage_in_bytes: 17948217344
memory_max_usage_in_bytes: 26741968896

Steal ticks since vm start: 0
Steal ticks percentage since vm start:  0.000

CPU:total 16 (initial active 16) (16 cores per cpu, 2 threads per core) family 23 model 113 stepping 0, cmov, cx8, fxsr, mmx, sse, sse2, sse3, ssse3, sse4.1, sse4.2, popcnt, avx, avx2, aes, clmul, mmxext, 3dnowpref, lzcnt, sse4a, ht, tsc, tscinvbit, tscinv, bmi1, bmi2, adx, sha, fma
CPU Model and flags from /proc/cpuinfo:
model name	: AMD Ryzen 7 3700X 8-Core Processor
flags		: fpu vme de pse tsc msr pae mce cx8 apic sep mtrr pge mca cmov pat pse36 clflush mmx fxsr sse sse2 ht syscall nx mmxext fxsr_opt pdpe1gb rdtscp lm constant_tsc rep_good nopl nonstop_tsc cpuid extd_apicid aperfmperf pni pclmulqdq monitor ssse3 fma cx16 sse4_1 sse4_2 movbe popcnt aes xsave avx f16c rdrand lahf_lm cmp_legacy svm extapic cr8_legacy abm sse4a misalignsse 3dnowprefetch osvw ibs skinit wdt tce topoext perfctr_core perfctr_nb bpext perfctr_llc mwaitx cpb cat_l3 cdp_l3 hw_pstate sme ssbd mba sev ibpb stibp vmmcall fsgsbase bmi1 avx2 smep bmi2 cqm rdt_a rdseed adx smap clflushopt clwb sha_ni xsaveopt xsavec xgetbv1 xsaves cqm_llc cqm_occup_llc cqm_mbm_total cqm_mbm_local clzero irperf xsaveerptr rdpru wbnoinvd arat npt lbrv svm_lock nrip_save tsc_scale vmcb_clean flushbyasid decodeassists pausefilter pfthreshold avic v_vmsave_vmload vgif umip rdpid overflow_recov succor smca

Memory: 4k page, physical 65857540k(8685292k free), swap 16777212k(16063740k free)

vm_info: OpenJDK 64-Bit Server VM (11.0.6+10) for linux-amd64 JRE (11.0.6+10), built on Jan 15 2020 12:10:43 by "jenkins" with gcc 7.3.1 20180303 (Red Hat 7.3.1-5)

END.
