#
# A fatal error has been detected by the Java Runtime Environment:
#
#  SIGSEGV (0xb) at pc=0xffffffff78de94a8, pid=18938, tid=2478
#
# JRE version: Java(TM) SE Runtime Environment (7.0_75-b13) (build 1.7.0_75-b13)
# Java VM: Java HotSpot(TM) 64-Bit Server VM (24.75-b04 mixed mode solaris-sparc compressed oops)
# Problematic frame:
# J 5227 C2 org.apache.lucene.index.IndexFileNames.segmentFileName(Ljava/lang/String;Ljava/lang/String;)Ljava/lang/String; (44 bytes) @ 0xffffffff78de94a8 [0xffffffff78de9480+0x28]
#
# Core dump written. Default location: //core or core.18938
#
# If you would like to submit a bug report, please visit:
#   http://bugreport.sun.com/bugreport/crash.jsp
#

---------------  T H R E A D  ---------------

Current thread (0x0000000100ec90c0):  JavaThread "http-bio-10.23.236.46-80-exec-21" daemon [_thread_in_Java, id=2478, stack(0xffffffff50300000,0xffffffff50400000)]

siginfo:si_signo=SIGSEGV: si_errno=0, si_code=1 (SEGV_MAPERR), si_addr=0x000000000000000c

Registers:
 G1=0x0000000000000000 G2=0x0000000100ec90c0 G3=0xfffffffffffec7ff G4=0xffffffff503f7460
 G5=0xffffffff1df41a90 G6=0xfffffffd8fffe000 G7=0xffffffff5c81da00 Y=0x0000000000000000
 O0=0x0000000000160800 O1=0x0000000000000000 O2=0x0000000000000000 O3=0x0000000020000000
 O4=0x0000000000000000 O5=0x0000000000000000 O6=0xffffffff503f6ae1 O7=0x00000000001609b8
 L0=0x0000000000000003 L1=0x000000001a00f361 L2=0xffffffff7e4f412c L3=0xffffffff78de9494
 L4=0x0000000000000000 L5=0x0000000000000000 L6=0x0000000000160800 L7=0x0000000000000000
 I0=0x0000000000000000 I1=0xfffffffe60077b20 I2=0xffffffff7e563830 I3=0x00000000100ec90c
 I4=0x0000000000000001 I5=0xffffffff503f6ba1 I6=0xffffffff503f6ba1 I7=0xffffffff77c06c10
 PC=0xffffffff78de94a8 nPC=0xffffffff78de94ac


Top of Stack: (sp=0xffffffff503f72e0)
0xffffffff503f72e0:   0000000000000003 000000001a00f361
0xffffffff503f72f0:   ffffffff7e4f412c ffffffff78de9494
0xffffffff503f7300:   0000000000000000 0000000000000000
0xffffffff503f7310:   0000000000160800 0000000000000000
0xffffffff503f7320:   0000000000000000 fffffffe60077b20
0xffffffff503f7330:   ffffffff7e563830 00000000100ec90c
0xffffffff503f7340:   0000000000000001 ffffffff503f6ba1
0xffffffff503f7350:   ffffffff503f6ba1 ffffffff77c06c10
0xffffffff503f7360:   0000000000000000 0000000000000000
0xffffffff503f7370:   ffffffff77c1a27c ffffffff77c05310
0xffffffff503f7380:   0000000203ad7ca0 0000000000000000
0xffffffff503f7390:   0000000000000002 0000000000000000
0xffffffff503f73a0:   ffffffff503f7460 ffffffff1df00786
0xffffffff503f73b0:   ffffffff1df00858 ffffffff503f7578
0xffffffff503f73c0:   ffffffff503f7480 ffffffff503f6ba1
0xffffffff503f73d0:   ffffffff1df5bfe8 0000000100ec90c0 

Instructions: (pc=0xffffffff78de94a8)
0xffffffff78de9488:   86 00 e3 ff c0 23 80 03 9d e3 bf 40 a7 41 40 00
0xffffffff78de9498:   e2 06 60 0c a1 2c 70 03 a0 04 00 06 e0 04 20 0c
0xffffffff78de94a8:   e4 06 20 0c a3 2c b0 03 a2 04 40 06 a8 10 00 18
0xffffffff78de94b8:   e2 04 60 0c 14 c4 2b 20 e4 06 20 0c a0 04 60 01 

Register to memory mapping:

G1=0x0000000000000000 is an unknown value
G2=0x0000000100ec90c0 is a thread
G3=0xfffffffffffec7ff is an unknown value
G4=0xffffffff503f7460 is pointing into the stack for thread: 0x0000000100ec90c0
G5=0xffffffff1df41a90 is an oop
{method} 
 - klass: {other class}
G6=0xfffffffd8fffe000 is an unknown value
G7=0xffffffff5c81da00 is an unknown value

O0=0x0000000000160800 is an unknown value
O1=0x0000000000000000 is an unknown value
O2=0x0000000000000000 is an unknown value
O3=0x0000000020000000 is an unknown value
O4=0x0000000000000000 is an unknown value
O5=0x0000000000000000 is an unknown value
O6=0xffffffff503f6ae1 is pointing into the stack for thread: 0x0000000100ec90c0
O7=0x00000000001609b8 is an unknown value

L0=0x0000000000000003 is an unknown value
L1=0x000000001a00f361 is an unknown value
L2=0xffffffff7e4f412c: __1cRDeoptimizedRFrameG__vtbl_+0x28cc in /export/liferay_prd2/jdk1.7.0_75/jre/lib/sparcv9/server/libjvm.so at 0xffffffff7d400000
L3=0xffffffff78de9494 is at entry_point+20 in (nmethod*)0xffffffff78de9310
L4=0x0000000000000000 is an unknown value
L5=0x0000000000000000 is an unknown value
L6=0x0000000000160800 is an unknown value
L7=0x0000000000000000 is an unknown value

I0=0x0000000000000000 is an unknown value
I1=0xfffffffe60077b20 is an oop
java.lang.String 
 - klass: 'java/lang/String'
I2=0xffffffff7e563830: _edata+0x1efac in /export/liferay_prd2/jdk1.7.0_75/jre/lib/sparcv9/server/libjvm.so at 0xffffffff7d400000
I3=0x00000000100ec90c is an unknown value
I4=0x0000000000000001 is an unknown value
I5=0xffffffff503f6ba1 is pointing into the stack for thread: 0x0000000100ec90c0
I6=0xffffffff503f6ba1 is pointing into the stack for thread: 0x0000000100ec90c0
I7=0xffffffff77c06c10 is at code_begin+4912 in an Interpreter codelet
return entry points  [0xffffffff77c058e0, 0xffffffff77c08ce0]  13312 bytes


Stack: [0xffffffff50300000,0xffffffff50400000],  sp=0xffffffff503f72e0,  free space=988k
Native frames: (J=compiled Java code, j=interpreted, Vv=VM code, C=native code)
J 5227 C2 org.apache.lucene.index.IndexFileNames.segmentFileName(Ljava/lang/String;Ljava/lang/String;)Ljava/lang/String; (44 bytes) @ 0xffffffff78de94a8 [0xffffffff78de9480+0x28]
j  org.apache.lucene.index.TermVectorsTermsWriter.abort()V+62
j  org.apache.lucene.index.TermsHash.abort()V+4
j  org.apache.lucene.index.TermsHash.abort()V+31
j  org.apache.lucene.index.DocInverter.abort()V+4
j  org.apache.lucene.index.DocFieldProcessor.abort()V+24
j  org.apache.lucene.index.DocumentsWriter.abort()V+173
j  org.apache.lucene.index.IndexWriter.deleteAll()V+13
j  com.liferay.portal.search.lucene.IndexAccessorImpl._deleteAll()V+4
j  com.liferay.portal.search.lucene.IndexAccessorImpl._deleteDirectory()V+61
j  com.liferay.portal.search.lucene.IndexAccessorImpl.delete()V+8
j  com.liferay.portal.search.lucene.LuceneHelperImpl.delete(J)V+23
j  com.liferay.portal.search.lucene.LuceneHelperUtil.delete(J)V+4
j  com.liferay.portal.search.lucene.LuceneIndexer.doReIndex(I)V+67
j  com.liferay.portal.search.lucene.LuceneIndexer.reindex(I)V+9
j  com.liferay.portal.search.lucene.LuceneIndexer.reindex()V+2
j  com.liferay.portlet.admin.action.EditServerAction.reindex(Ljavax/portlet/ActionRequest;)V+77
j  com.liferay.portlet.admin.action.EditServerAction.processAction(Lorg/apache/struts/action/ActionMapping;Lorg/apache/struts/action/ActionForm;Ljavax/portlet/PortletConfig;Ljavax/portlet/ActionRequest;Ljavax/portlet/ActionResponse;)V+270
j  com.liferay.portal.struts.PortletRequestProcessor.process(Ljavax/portlet/ActionRequest;Ljavax/portlet/ActionResponse;Ljava/lang/String;)V+201
j  com.liferay.portlet.StrutsPortlet.processAction(Ljavax/portlet/ActionRequest;Ljavax/portlet/ActionResponse;)V+27
j  com.liferay.portlet.FilterChainImpl.doFilter(Ljavax/portlet/ActionRequest;Ljavax/portlet/ActionResponse;)V+58
j  com.liferay.portal.kernel.portlet.PortletFilterUtil.doFilter(Ljavax/portlet/PortletRequest;Ljavax/portlet/PortletResponse;Ljava/lang/String;Ljavax/portlet/filter/FilterChain;)V+26
j  com.liferay.portlet.InvokerPortletImpl.invoke(Lcom/liferay/portal/kernel/portlet/LiferayPortletRequest;Lcom/liferay/portal/kernel/portlet/LiferayPortletResponse;Ljava/lang/String;Ljava/util/List;)V+234
j  com.liferay.portlet.InvokerPortletImpl.invokeAction(Ljavax/portlet/ActionRequest;Ljavax/portlet/ActionResponse;)V+22
j  com.liferay.portlet.InvokerPortletImpl.processAction(Ljavax/portlet/ActionRequest;Ljavax/portlet/ActionResponse;)V+15
j  com.liferay.portlet.PortletContainerImpl._doProcessAction(Ljavax/servlet/http/HttpServletRequest;Ljavax/servlet/http/HttpServletResponse;Lcom/liferay/portal/model/Portlet;)Lcom/liferay/portal/kernel/portlet/ActionResult;+334
j  com.liferay.portlet.PortletContainerImpl.processAction(Ljavax/servlet/http/HttpServletRequest;Ljavax/servlet/http/HttpServletResponse;Lcom/liferay/portal/model/Portlet;)Lcom/liferay/portal/kernel/portlet/ActionResult;+4
j  com.liferay.portlet.SecurityPortletContainerWrapper.processAction(Ljavax/servlet/http/HttpServletRequest;Ljavax/servlet/http/HttpServletResponse;Lcom/liferay/portal/model/Portlet;)Lcom/liferay/portal/kernel/portlet/ActionResult;+22
j  com.liferay.portlet.RestrictPortletContainerWrapper.processAction(Ljavax/servlet/http/HttpServletRequest;Ljavax/servlet/http/HttpServletResponse;Lcom/liferay/portal/model/Portlet;)Lcom/liferay/portal/kernel/portlet/ActionResult;+17
j  com.liferay.portal.kernel.portlet.PortletContainerUtil.processAction(Ljavax/servlet/http/HttpServletRequest;Ljavax/servlet/http/HttpServletResponse;Lcom/liferay/portal/model/Portlet;)V+8
j  com.liferay.portal.action.LayoutAction.processLayout(Lorg/apache/struts/action/ActionMapping;Ljavax/servlet/http/HttpServletRequest;Ljavax/servlet/http/HttpServletResponse;J)Lorg/apache/struts/action/ActionForward;+281
j  com.liferay.portal.action.LayoutAction.doExecute(Lorg/apache/struts/action/ActionMapping;Lorg/apache/struts/action/ActionForm;Ljavax/servlet/http/HttpServletRequest;Ljavax/servlet/http/HttpServletResponse;)Lorg/apache/struts/action/ActionForward;+411
j  com.liferay.portal.action.LayoutAction.execute(Lorg/apache/struts/action/ActionMapping;Lorg/apache/struts/action/ActionForm;Ljavax/servlet/http/HttpServletRequest;Ljavax/servlet/http/HttpServletResponse;)Lorg/apache/struts/action/ActionForward;+17
j  org.apache.struts.action.RequestProcessor.processActionPerform(Ljavax/servlet/http/HttpServletRequest;Ljavax/servlet/http/HttpServletResponse;Lorg/apache/struts/action/Action;Lorg/apache/struts/action/ActionForm;Lorg/apache/struts/action/ActionMapping;)Lorg/apache/struts/action/ActionForward;+7
j  org.apache.struts.action.RequestProcessor.process(Ljavax/servlet/http/HttpServletRequest;Ljavax/servlet/http/HttpServletResponse;)V+257
j  com.liferay.portal.struts.PortalRequestProcessor.process(Ljavax/servlet/http/HttpServletRequest;Ljavax/servlet/http/HttpServletResponse;)V+142
j  org.apache.struts.action.ActionServlet.process(Ljavax/servlet/http/HttpServletRequest;Ljavax/servlet/http/HttpServletResponse;)V+40
j  org.apache.struts.action.ActionServlet.doPost(Ljavax/servlet/http/HttpServletRequest;Ljavax/servlet/http/HttpServletResponse;)V+3
j  javax.servlet.http.HttpServlet.service(Ljavax/servlet/http/HttpServletRequest;Ljavax/servlet/http/HttpServletResponse;)V+149
j  com.liferay.portal.servlet.MainServlet.callParentService(Ljavax/servlet/http/HttpServletRequest;Ljavax/servlet/http/HttpServletResponse;)V+3
j  com.liferay.portal.servlet.MainServlet.service(Ljavax/servlet/http/HttpServletRequest;Ljavax/servlet/http/HttpServletResponse;)V+770
j  javax.servlet.http.HttpServlet.service(Ljavax/servlet/ServletRequest;Ljavax/servlet/ServletResponse;)V+30
j  org.apache.catalina.core.ApplicationFilterChain.internalDoFilter(Ljavax/servlet/ServletRequest;Ljavax/servlet/ServletResponse;)V+446
J 10410 C2 org.apache.catalina.core.ApplicationFilterChain.doFilter(Ljavax/servlet/ServletRequest;Ljavax/servlet/ServletResponse;)V (105 bytes) @ 0xffffffff79e8011c [0xffffffff79e800e0+0x3c]
J 8287 C2 com.liferay.portal.kernel.servlet.filters.invoker.InvokerFilterChain.doFilter(Ljavax/servlet/ServletRequest;Ljavax/servlet/ServletResponse;)V (206 bytes) @ 0xffffffff797ed824 [0xffffffff797ed5a0+0x284]
j  com.liferay.portal.kernel.servlet.BaseFilter.processFilter(Ljava/lang/Class;Ljavax/servlet/http/HttpServletRequest;Ljavax/servlet/http/HttpServletResponse;Ljavax/servlet/FilterChain;)V+170
j  com.liferay.portal.servlet.filters.secure.SecureFilter.processFilter(Ljavax/servlet/http/HttpServletRequest;Ljavax/servlet/http/HttpServletResponse;Ljavax/servlet/FilterChain;)V+487
j  com.liferay.portal.kernel.servlet.BaseFilter.doFilter(Ljavax/servlet/ServletRequest;Ljavax/servlet/ServletResponse;Ljavax/servlet/FilterChain;)V+25
J 8287 C2 com.liferay.portal.kernel.servlet.filters.invoker.InvokerFilterChain.doFilter(Ljavax/servlet/ServletRequest;Ljavax/servlet/ServletResponse;)V (206 bytes) @ 0xffffffff797ed9d8 [0xffffffff797ed5a0+0x438]
j  com.liferay.portal.kernel.servlet.BaseFilter.processFilter(Ljava/lang/Class;Ljavax/servlet/http/HttpServletRequest;Ljavax/servlet/http/HttpServletResponse;Ljavax/servlet/FilterChain;)V+170
j  com.liferay.portal.servlet.filters.jsoncontenttype.JSONContentTypeFilter.processFilter(Ljavax/servlet/http/HttpServletRequest;Ljavax/servlet/http/HttpServletResponse;Ljavax/servlet/FilterChain;)V+13
j  com.liferay.portal.kernel.servlet.BaseFilter.doFilter(Ljavax/servlet/ServletRequest;Ljavax/servlet/ServletResponse;Ljavax/servlet/FilterChain;)V+25
J 8287 C2 com.liferay.portal.kernel.servlet.filters.invoker.InvokerFilterChain.doFilter(Ljavax/servlet/ServletRequest;Ljavax/servlet/ServletResponse;)V (206 bytes) @ 0xffffffff797ed9d8 [0xffffffff797ed5a0+0x438]
j  com.liferay.portal.kernel.servlet.filters.invoker.InvokerFilter.doFilter(Ljavax/servlet/ServletRequest;Ljavax/servlet/ServletResponse;Ljavax/servlet/FilterChain;)V+98
j  org.apache.catalina.core.ApplicationFilterChain.internalDoFilter(Ljavax/servlet/ServletRequest;Ljavax/servlet/ServletResponse;)V+151
J 10410 C2 org.apache.catalina.core.ApplicationFilterChain.doFilter(Ljavax/servlet/ServletRequest;Ljavax/servlet/ServletResponse;)V (105 bytes) @ 0xffffffff79e8011c [0xffffffff79e800e0+0x3c]
j  org.apache.catalina.core.ApplicationDispatcher.invoke(Ljavax/servlet/ServletRequest;Ljavax/servlet/ServletResponse;Lorg/apache/catalina/core/ApplicationDispatcher$State;)V+393
j  org.apache.catalina.core.ApplicationDispatcher.processRequest(Ljavax/servlet/ServletRequest;Ljavax/servlet/ServletResponse;Lorg/apache/catalina/core/ApplicationDispatcher$State;)V+98
j  org.apache.catalina.core.ApplicationDispatcher.doForward(Ljavax/servlet/ServletRequest;Ljavax/servlet/ServletResponse;)V+338
j  org.apache.catalina.core.ApplicationDispatcher.forward(Ljavax/servlet/ServletRequest;Ljavax/servlet/ServletResponse;)V+55
j  com.liferay.portal.servlet.FriendlyURLServlet.service(Ljavax/servlet/http/HttpServletRequest;Ljavax/servlet/http/HttpServletResponse;)V+254
j  javax.servlet.http.HttpServlet.service(Ljavax/servlet/ServletRequest;Ljavax/servlet/ServletResponse;)V+30
j  org.apache.catalina.core.ApplicationFilterChain.internalDoFilter(Ljavax/servlet/ServletRequest;Ljavax/servlet/ServletResponse;)V+446
J 10410 C2 org.apache.catalina.core.ApplicationFilterChain.doFilter(Ljavax/servlet/ServletRequest;Ljavax/servlet/ServletResponse;)V (105 bytes) @ 0xffffffff79e8011c [0xffffffff79e800e0+0x3c]
J 8287 C2 com.liferay.portal.kernel.servlet.filters.invoker.InvokerFilterChain.doFilter(Ljavax/servlet/ServletRequest;Ljavax/servlet/ServletResponse;)V (206 bytes) @ 0xffffffff797ed824 [0xffffffff797ed5a0+0x284]
j  com.liferay.portal.kernel.servlet.BaseFilter.processFilter(Ljava/lang/Class;Ljavax/servlet/http/HttpServletRequest;Ljavax/servlet/http/HttpServletResponse;Ljavax/servlet/FilterChain;)V+170
j  com.liferay.portal.servlet.filters.strip.StripFilter.processFilter(Ljavax/servlet/http/HttpServletRequest;Ljavax/servlet/http/HttpServletResponse;Ljavax/servlet/FilterChain;)V+72
j  com.liferay.portal.kernel.servlet.BaseFilter.doFilter(Ljavax/servlet/ServletRequest;Ljavax/servlet/ServletResponse;Ljavax/servlet/FilterChain;)V+25
J 8287 C2 com.liferay.portal.kernel.servlet.filters.invoker.InvokerFilterChain.doFilter(Ljavax/servlet/ServletRequest;Ljavax/servlet/ServletResponse;)V (206 bytes) @ 0xffffffff797ed9d8 [0xffffffff797ed5a0+0x438]
j  com.liferay.portal.kernel.servlet.BaseFilter.processFilter(Ljava/lang/Class;Ljavax/servlet/http/HttpServletRequest;Ljavax/servlet/http/HttpServletResponse;Ljavax/servlet/FilterChain;)V+170
j  com.liferay.portal.servlet.filters.secure.SecureFilter.processFilter(Ljavax/servlet/http/HttpServletRequest;Ljavax/servlet/http/HttpServletResponse;Ljavax/servlet/FilterChain;)V+487
j  com.liferay.portal.kernel.servlet.BaseFilter.doFilter(Ljavax/servlet/ServletRequest;Ljavax/servlet/ServletResponse;Ljavax/servlet/FilterChain;)V+25
J 8287 C2 com.liferay.portal.kernel.servlet.filters.invoker.InvokerFilterChain.doFilter(Ljavax/servlet/ServletRequest;Ljavax/servlet/ServletResponse;)V (206 bytes) @ 0xffffffff797ed9d8 [0xffffffff797ed5a0+0x438]
j  com.liferay.portal.kernel.servlet.BaseFilter.processFilter(Ljava/lang/Class;Ljavax/servlet/http/HttpServletRequest;Ljavax/servlet/http/HttpServletResponse;Ljavax/servlet/FilterChain;)V+170
j  com.liferay.portal.servlet.filters.i18n.I18nFilter.processFilter(Ljavax/servlet/http/HttpServletRequest;Ljavax/servlet/http/HttpServletResponse;Ljavax/servlet/FilterChain;)V+30
j  com.liferay.portal.kernel.servlet.BaseFilter.doFilter(Ljavax/servlet/ServletRequest;Ljavax/servlet/ServletResponse;Ljavax/servlet/FilterChain;)V+25
J 8287 C2 com.liferay.portal.kernel.servlet.filters.invoker.InvokerFilterChain.doFilter(Ljavax/servlet/ServletRequest;Ljavax/servlet/ServletResponse;)V (206 bytes) @ 0xffffffff797ed9d8 [0xffffffff797ed5a0+0x438]
j  com.liferay.portal.kernel.servlet.BaseFilter.processFilter(Ljava/lang/Class;Ljavax/servlet/http/HttpServletRequest;Ljavax/servlet/http/HttpServletResponse;Ljavax/servlet/FilterChain;)V+170
j  com.liferay.portal.servlet.filters.etag.ETagFilter.processFilter(Ljavax/servlet/http/HttpServletRequest;Ljavax/servlet/http/HttpServletResponse;Ljavax/servlet/FilterChain;)V+32
j  com.liferay.portal.kernel.servlet.BaseFilter.doFilter(Ljavax/servlet/ServletRequest;Ljavax/servlet/ServletResponse;Ljavax/servlet/FilterChain;)V+25
J 8287 C2 com.liferay.portal.kernel.servlet.filters.invoker.InvokerFilterChain.doFilter(Ljavax/servlet/ServletRequest;Ljavax/servlet/ServletResponse;)V (206 bytes) @ 0xffffffff797ed9d8 [0xffffffff797ed5a0+0x438]
j  com.liferay.portal.kernel.servlet.BaseFilter.processFilter(Ljava/lang/Class;Ljavax/servlet/http/HttpServletRequest;Ljavax/servlet/http/HttpServletResponse;Ljavax/servlet/FilterChain;)V+170
j  com.liferay.portal.servlet.filters.jsoncontenttype.JSONContentTypeFilter.processFilter(Ljavax/servlet/http/HttpServletRequest;Ljavax/servlet/http/HttpServletResponse;Ljavax/servlet/FilterChain;)V+13
j  com.liferay.portal.kernel.servlet.BaseFilter.doFilter(Ljavax/servlet/ServletRequest;Ljavax/servlet/ServletResponse;Ljavax/servlet/FilterChain;)V+25
J 8287 C2 com.liferay.portal.kernel.servlet.filters.invoker.InvokerFilterChain.doFilter(Ljavax/servlet/ServletRequest;Ljavax/servlet/ServletResponse;)V (206 bytes) @ 0xffffffff797ed9d8 [0xffffffff797ed5a0+0x438]
j  com.liferay.portal.kernel.servlet.BaseFilter.processFilter(Ljava/lang/Class;Ljavax/servlet/http/HttpServletRequest;Ljavax/servlet/http/HttpServletResponse;Ljavax/servlet/FilterChain;)V+170
J 9600 C2 com.liferay.portal.servlet.filters.autologin.AutoLoginFilter.processFilter(Ljavax/servlet/http/HttpServletRequest;Ljavax/servlet/http/HttpServletResponse;Ljavax/servlet/FilterChain;)V (527 bytes) @ 0xffffffff79f2b59c [0xffffffff79f2a140+0x145c]
j  com.liferay.portal.kernel.servlet.BaseFilter.doFilter(Ljavax/servlet/ServletRequest;Ljavax/servlet/ServletResponse;Ljavax/servlet/FilterChain;)V+25
J 8287 C2 com.liferay.portal.kernel.servlet.filters.invoker.InvokerFilterChain.doFilter(Ljavax/servlet/ServletRequest;Ljavax/servlet/ServletResponse;)V (206 bytes) @ 0xffffffff797ed9d8 [0xffffffff797ed5a0+0x438]
j  com.liferay.portal.kernel.servlet.BaseFilter.processFilter(Ljava/lang/Class;Ljavax/servlet/http/HttpServletRequest;Ljavax/servlet/http/HttpServletResponse;Ljavax/servlet/FilterChain;)V+170
j  com.liferay.portal.servlet.filters.virtualhost.VirtualHostFilter.processFilter(Ljavax/servlet/http/HttpServletRequest;Ljavax/servlet/http/HttpServletResponse;Ljavax/servlet/FilterChain;)V+311
j  com.liferay.portal.kernel.servlet.BaseFilter.doFilter(Ljavax/servlet/ServletRequest;Ljavax/servlet/ServletResponse;Ljavax/servlet/FilterChain;)V+25
J 8287 C2 com.liferay.portal.kernel.servlet.filters.invoker.InvokerFilterChain.doFilter(Ljavax/servlet/ServletRequest;Ljavax/servlet/ServletResponse;)V (206 bytes) @ 0xffffffff797ed9d8 [0xffffffff797ed5a0+0x438]
J 11758 C2 com.liferay.portal.kernel.servlet.filters.invoker.InvokerFilterChain.processDirectCallFilter(Ljavax/servlet/Filter;Ljavax/servlet/http/HttpServletRequest;Ljavax/servlet/http/HttpServletResponse;)V (379 bytes) @ 0xffffffff7a7db2c4 [0xffffffff7a7da820+0xaa4]
J 8287 C2 com.liferay.portal.kernel.servlet.filters.invoker.InvokerFilterChain.doFilter(Ljavax/servlet/ServletRequest;Ljavax/servlet/ServletResponse;)V (206 bytes) @ 0xffffffff797ed884 [0xffffffff797ed5a0+0x2e4]
j  org.tuckey.web.filters.urlrewrite.UrlRewriteFilter.doFilter(Ljavax/servlet/ServletRequest;Ljavax/servlet/ServletResponse;Ljavax/servlet/FilterChain;)V+324
J 8287 C2 com.liferay.portal.kernel.servlet.filters.invoker.InvokerFilterChain.doFilter(Ljavax/servlet/ServletRequest;Ljavax/servlet/ServletResponse;)V (206 bytes) @ 0xffffffff797ed9d8 [0xffffffff797ed5a0+0x438]
J 11758 C2 com.liferay.portal.kernel.servlet.filters.invoker.InvokerFilterChain.processDirectCallFilter(Ljavax/servlet/Filter;Ljavax/servlet/http/HttpServletRequest;Ljavax/servlet/http/HttpServletResponse;)V (379 bytes) @ 0xffffffff7a7dabcc [0xffffffff7a7da820+0x3ac]
J 8287 C2 com.liferay.portal.kernel.servlet.filters.invoker.InvokerFilterChain.doFilter(Ljavax/servlet/ServletRequest;Ljavax/servlet/ServletResponse;)V (206 bytes) @ 0xffffffff797ed884 [0xffffffff797ed5a0+0x2e4]
J 11758 C2 com.liferay.portal.kernel.servlet.filters.invoker.InvokerFilterChain.processDirectCallFilter(Ljavax/servlet/Filter;Ljavax/servlet/http/HttpServletRequest;Ljavax/servlet/http/HttpServletResponse;)V (379 bytes) @ 0xffffffff7a7dabcc [0xffffffff7a7da820+0x3ac]
...<more frames>...


---------------  P R O C E S S  ---------------

Java Threads: ( => current thread )
  0x00000001048a01c0 JavaThread "liferay/search_writer/SYSTEM_ENGINE-163" daemon [_thread_blocked, id=2689, stack(0xffffffff50b00000,0xffffffff50c00000)]
  0x000000010ad82b90 JavaThread "liferay/search_writer/SYSTEM_ENGINE-160" daemon [_thread_blocked, id=2651, stack(0xfffffffd7d000000,0xfffffffd7d100000)]
  0x00000001019f20f0 JavaThread "liferay/poller_response-3" daemon [_thread_blocked, id=2605, stack(0xffffffff52400000,0xffffffff52500000)]
  0x00000001046be600 JavaThread "http-bio-10.23.236.46-80-exec-22" daemon [_thread_blocked, id=2479, stack(0xfffffffd7dd00000,0xfffffffd7de00000)]
=>0x0000000100ec90c0 JavaThread "http-bio-10.23.236.46-80-exec-21" daemon [_thread_in_Java, id=2478, stack(0xffffffff50300000,0xffffffff50400000)]
  0x0000000103d3bf80 JavaThread "http-bio-10.23.236.46-80-exec-20" daemon [_thread_blocked, id=2477, stack(0xffffffff52b00000,0xffffffff52c00000)]
  0x00000001015c07f0 JavaThread "http-bio-10.23.236.46-80-exec-18" daemon [_thread_blocked, id=2473, stack(0xffffffff50900000,0xffffffff50a00000)]
  0x0000000102998060 JavaThread "liferay/poller-5" daemon [_thread_blocked, id=2443, stack(0xffffffff50700000,0xffffffff50800000)]
  0x000000010560bc70 JavaThread "http-bio-10.23.236.46-80-exec-16" daemon [_thread_blocked, id=2270, stack(0xffffffff55a00000,0xffffffff55b00000)]
  0x00000001076cc3f0 JavaThread "liferay/poller-4" daemon [_thread_blocked, id=2225, stack(0xffffffff50d00000,0xffffffff50e00000)]
  0x0000000104bcda90 JavaThread "liferay/poller-3" daemon [_thread_blocked, id=1838, stack(0xffffffff51e00000,0xffffffff51f00000)]
  0x0000000104fd2e00 JavaThread "liferay/poller-2" daemon [_thread_blocked, id=1538, stack(0xffffffff5b400000,0xffffffff5b500000)]
  0x0000000101dd1cd0 JavaThread "liferay/document_library_pdf_processor-1" daemon [_thread_blocked, id=1536, stack(0xffffffff65100000,0xffffffff65200000)]
  0x0000000109c58df0 JavaThread "liferay/document_library_raw_metadata_processor-1" daemon [_thread_blocked, id=1400, stack(0xffffffff52000000,0xffffffff52100000)]
  0x000000010a8eb0e0 JavaThread "liferay/subscription_sender-1" daemon [_thread_blocked, id=1399, stack(0xffffffff65900000,0xffffffff65a00000)]
  0x0000000106cb0220 JavaThread "liferay/document_library_sync_event_processor-1" daemon [_thread_blocked, id=1398, stack(0xffffffff57300000,0xffffffff57400000)]
  0x0000000103fbbcb0 JavaThread "liferay/async_service-2" daemon [_thread_blocked, id=1397, stack(0xffffffff57100000,0xffffffff57200000)]
  0x0000000109bcf310 JavaThread "liferay/async_service-1" daemon [_thread_blocked, id=1396, stack(0xffffffff65500000,0xffffffff65600000)]
  0x000000010718d150 JavaThread "liferay/mail-1" daemon [_thread_blocked, id=1017, stack(0xffffffff58500000,0xffffffff58600000)]
  0x0000000105c653c0 JavaThread "Thread-212" daemon [_thread_blocked, id=411, stack(0xffffffff52200000,0xffffffff52300000)]
  0x00000001086c9290 JavaThread "Thread-70" daemon [_thread_blocked, id=209, stack(0xffffffff52600000,0xffffffff52700000)]
  0x000000010b68e4c0 JavaThread "Thread-69" daemon [_thread_blocked, id=207, stack(0xffffffff52800000,0xffffffff52900000)]
  0x0000000101595a70 JavaThread "Thread-68" daemon [_thread_blocked, id=206, stack(0xffffffff56e00000,0xffffffff56f00000)]
  0x0000000103c8be20 JavaThread "liferay/poller_response-2" daemon [_thread_blocked, id=205, stack(0xffffffff56900000,0xffffffff56a00000)]
  0x00000001069b3080 JavaThread "liferay/poller_response-1" daemon [_thread_blocked, id=204, stack(0xfffffffd7db00000,0xfffffffd7dc00000)]
  0x000000010229d030 JavaThread "liferay/poller-1" daemon [_thread_blocked, id=203, stack(0xffffffff5a400000,0xffffffff5a500000)]
  0x0000000105dbec00 JavaThread "Thread-66" daemon [_thread_blocked, id=199, stack(0xffffffff65700000,0xffffffff65800000)]
  0x0000000105dbe570 JavaThread "Thread-65" daemon [_thread_blocked, id=198, stack(0xfffffffd7e100000,0xfffffffd7e200000)]
  0x0000000103854fa0 JavaThread "http-bio-10.23.236.46-80-exec-11" daemon [_thread_blocked, id=193, stack(0xfffffffd7ce00000,0xfffffffd7cf00000)]
  0x00000001058ece40 JavaThread "http-bio-10.23.236.46-80-exec-9" daemon [_thread_blocked, id=191, stack(0xfffffffd7d200000,0xfffffffd7d300000)]
  0x00000001076baa30 JavaThread "ajp-bio-8010-AsyncTimeout" daemon [_thread_blocked, id=190, stack(0xfffffffd7d700000,0xfffffffd7d800000)]
  0x000000010adf5e70 JavaThread "ajp-bio-8010-Acceptor-0" daemon [_thread_in_native, id=189, stack(0xfffffffd7d900000,0xfffffffd7da00000)]
  0x000000010692f0f0 JavaThread "http-bio-10.23.236.46-80-exec-6" daemon [_thread_blocked, id=186, stack(0xfffffffd7df00000,0xfffffffd7e000000)]
  0x000000010ad32e90 JavaThread "http-bio-10.23.236.46-80-exec-3" daemon [_thread_blocked, id=183, stack(0xfffffffd7e500000,0xfffffffd7e600000)]
  0x000000010ab376c0 JavaThread "http-bio-10.23.236.46-80-exec-1" daemon [_thread_blocked, id=181, stack(0xfffffffd7e900000,0xfffffffd7ea00000)]
  0x00000001087c7e70 JavaThread "http-bio-10.23.236.46-80-AsyncTimeout" daemon [_thread_blocked, id=180, stack(0xfffffffd7eb00000,0xfffffffd7ec00000)]
  0x0000000102f4f1d0 JavaThread "http-bio-10.23.236.46-80-Acceptor-0" daemon [_thread_in_native, id=179, stack(0xfffffffd7ed00000,0xfffffffd7ee00000)]
  0x000000010a6b32a0 JavaThread "ContainerBackgroundProcessor[StandardEngine[Catalina]]" daemon [_thread_blocked, id=178, stack(0xfffffffd7ef00000,0xfffffffd7f000000)]
  0x00000001047980d0 JavaThread "Thread-61" daemon [_thread_blocked, id=177, stack(0xffffffff58100000,0xffffffff58200000)]
  0x0000000102f4f660 JavaThread "liferay/hot_deploy-1" daemon [_thread_blocked, id=167, stack(0xffffffff58c00000,0xffffffff58d00000)]
  0x00000001066973d0 JavaThread "liferay/scheduler_dispatch-6" daemon [_thread_blocked, id=165, stack(0xffffffff5b800000,0xffffffff5b900000)]
  0x00000001049d22d0 JavaThread "liferay/scheduler_dispatch-5" daemon [_thread_blocked, id=164, stack(0xffffffff5bd00000,0xffffffff5be00000)]
  0x00000001063d00f0 JavaThread "liferay/scheduler_dispatch-4" daemon [_thread_blocked, id=163, stack(0xffffffff59e00000,0xffffffff59f00000)]
  0x0000000104d50320 JavaThread "liferay/scheduler_dispatch-3" daemon [_thread_blocked, id=162, stack(0xffffffff5bb00000,0xffffffff5bc00000)]
  0x000000010545ce90 JavaThread "liferay/scheduler_dispatch-1" daemon [_thread_blocked, id=160, stack(0xffffffff5c400000,0xffffffff5c500000)]
  0x0000000103356e30 JavaThread "QuartzScheduler_PersistedQuartzSchedulerEngineInstance-NON_CLUSTERED_MisfireHandler" [_thread_blocked, id=158, stack(0xffffffff5c900000,0xffffffff5ca00000)]
  0x0000000103d86830 JavaThread "com.liferay.portal.kernel.deploy.auto.AutoDeployScanner" daemon [_thread_blocked, id=157, stack(0xffffffff5ce00000,0xffffffff5cf00000)]
  0x00000001033adae0 JavaThread "liferay/scheduler_engine-2" daemon [_thread_blocked, id=156, stack(0xffffffff5d100000,0xffffffff5d200000)]
  0x0000000103ff6bd0 JavaThread "liferay/scheduler_engine-1" daemon [_thread_blocked, id=155, stack(0xffffffff5d300000,0xffffffff5d400000)]
  0x00000001015ddaa0 JavaThread "MulticastListener-239.255.0.523305" daemon [_thread_in_native, id=154, stack(0xffffffff5d500000,0xffffffff5d600000)]
  0x0000000102954ff0 JavaThread "org.python.google.common.base.internal.Finalizer" daemon [_thread_blocked, id=153, stack(0xffffffff5d700000,0xffffffff5d800000)]
  0x00000001019ed030 JavaThread "RMI Reaper" [_thread_blocked, id=152, stack(0xffffffff5db00000,0xffffffff5dc00000)]
  0x00000001019eca10 JavaThread "RMI TCP Accept-0" daemon [_thread_in_native, id=151, stack(0xffffffff5dd00000,0xffffffff5de00000)]
  0x0000000104aadcb0 JavaThread "Start Level Event Dispatcher" daemon [_thread_blocked, id=149, stack(0xffffffff5df00000,0xffffffff5e000000)]
  0x0000000103fc9440 JavaThread "MemoryQuartzSchedulerEngineInstance_QuartzSchedulerThread" [_thread_blocked, id=147, stack(0xffffffff5e100000,0xffffffff5e200000)]
  0x00000001038ec560 JavaThread "MemoryQuartzSchedulerEngineInstance_Worker-5" [_thread_blocked, id=146, stack(0xffffffff5e300000,0xffffffff5e400000)]
  0x00000001038eb950 JavaThread "MemoryQuartzSchedulerEngineInstance_Worker-4" [_thread_blocked, id=145, stack(0xffffffff5e500000,0xffffffff5e600000)]
  0x0000000103add6c0 JavaThread "MemoryQuartzSchedulerEngineInstance_Worker-3" [_thread_blocked, id=144, stack(0xffffffff5e700000,0xffffffff5e800000)]
  0x0000000103adc900 JavaThread "MemoryQuartzSchedulerEngineInstance_Worker-2" [_thread_blocked, id=143, stack(0xffffffff5ac00000,0xffffffff5ad00000)]
  0x0000000103adc1e0 JavaThread "MemoryQuartzSchedulerEngineInstance_Worker-1" [_thread_blocked, id=142, stack(0xffffffff5aa00000,0xffffffff5ab00000)]
  0x000000010393e110 JavaThread "PersistedQuartzSchedulerEngineInstance_QuartzSchedulerThread" [_thread_blocked, id=141, stack(0xffffffff59200000,0xffffffff59300000)]
  0x0000000103b285c0 JavaThread "PersistedQuartzSchedulerEngineInstance_Worker-5" [_thread_blocked, id=140, stack(0xffffffff59800000,0xffffffff59900000)]
  0x0000000103b32570 JavaThread "PersistedQuartzSchedulerEngineInstance_Worker-4" [_thread_blocked, id=139, stack(0xffffffff5c000000,0xffffffff5c100000)]
  0x0000000103c33d90 JavaThread "PersistedQuartzSchedulerEngineInstance_Worker-3" [_thread_blocked, id=138, stack(0xffffffff5c600000,0xffffffff5c700000)]
  0x0000000103c34400 JavaThread "PersistedQuartzSchedulerEngineInstance_Worker-2" [_thread_blocked, id=137, stack(0xffffffff5d900000,0xffffffff5da00000)]
  0x00000001028a07c0 JavaThread "PersistedQuartzSchedulerEngineInstance_Worker-1" [_thread_blocked, id=136, stack(0xffffffff5b200000,0xffffffff5b300000)]
  0x0000000102ea1db0 JavaThread "Java2D Disposer" daemon [_thread_blocked, id=135, stack(0xffffffff5a000000,0xffffffff5a100000)]
  0x0000000102e8f580 JavaThread "Statistics Thread" daemon [_thread_blocked, id=133, stack(0xffffffff59000000,0xffffffff59100000)]
  0x0000000103f2b260 JavaThread "Statistics Thread" daemon [_thread_blocked, id=97, stack(0xffffffff5cb00000,0xffffffff5cc00000)]
  0x0000000102456950 JavaThread "C3P0PooledConnectionPoolManager[identityToken->Y8Lkc9Uu]-HelperThread-#19" daemon [_thread_blocked, id=82, stack(0xffffffff5ea00000,0xffffffff5eb00000)]
  0x0000000100f8ef60 JavaThread "C3P0PooledConnectionPoolManager[identityToken->Y8Lkc9Uu]-HelperThread-#18" daemon [_thread_blocked, id=81, stack(0xffffffff5ec00000,0xffffffff5ed00000)]
  0x0000000100f8da00 JavaThread "C3P0PooledConnectionPoolManager[identityToken->Y8Lkc9Uu]-HelperThread-#17" daemon [_thread_blocked, id=80, stack(0xffffffff5ee00000,0xffffffff5ef00000)]
  0x0000000100f8c220 JavaThread "C3P0PooledConnectionPoolManager[identityToken->Y8Lkc9Uu]-HelperThread-#16" daemon [_thread_blocked, id=79, stack(0xffffffff5f000000,0xffffffff5f100000)]
  0x0000000100f8aa40 JavaThread "C3P0PooledConnectionPoolManager[identityToken->Y8Lkc9Uu]-HelperThread-#15" daemon [_thread_blocked, id=78, stack(0xffffffff5f200000,0xffffffff5f300000)]
  0x0000000100f89260 JavaThread "C3P0PooledConnectionPoolManager[identityToken->Y8Lkc9Uu]-HelperThread-#14" daemon [_thread_blocked, id=77, stack(0xffffffff5f400000,0xffffffff5f500000)]
  0x0000000100f87b70 JavaThread "C3P0PooledConnectionPoolManager[identityToken->Y8Lkc9Uu]-HelperThread-#13" daemon [_thread_blocked, id=76, stack(0xffffffff5f600000,0xffffffff5f700000)]
  0x000000010101fc10 JavaThread "C3P0PooledConnectionPoolManager[identityToken->Y8Lkc9Uu]-HelperThread-#12" daemon [_thread_blocked, id=75, stack(0xffffffff5f800000,0xffffffff5f900000)]
  0x000000010101e430 JavaThread "C3P0PooledConnectionPoolManager[identityToken->Y8Lkc9Uu]-HelperThread-#11" daemon [_thread_blocked, id=74, stack(0xffffffff5fa00000,0xffffffff5fb00000)]
  0x000000010101cc50 JavaThread "C3P0PooledConnectionPoolManager[identityToken->Y8Lkc9Uu]-HelperThread-#10" daemon [_thread_blocked, id=73, stack(0xffffffff5fc00000,0xffffffff5fd00000)]
  0x000000010101b470 JavaThread "C3P0PooledConnectionPoolManager[identityToken->Y8Lkc9Uu]-HelperThread-#9" daemon [_thread_blocked, id=72, stack(0xffffffff5fe00000,0xffffffff5ff00000)]
  0x0000000101019c90 JavaThread "C3P0PooledConnectionPoolManager[identityToken->Y8Lkc9Uu]-HelperThread-#8" daemon [_thread_blocked, id=71, stack(0xffffffff60000000,0xffffffff60100000)]
  0x0000000103bac3a0 JavaThread "C3P0PooledConnectionPoolManager[identityToken->Y8Lkc9Uu]-HelperThread-#7" daemon [_thread_blocked, id=70, stack(0xffffffff60200000,0xffffffff60300000)]
  0x0000000103baabc0 JavaThread "C3P0PooledConnectionPoolManager[identityToken->Y8Lkc9Uu]-HelperThread-#6" daemon [_thread_blocked, id=69, stack(0xffffffff60400000,0xffffffff60500000)]
  0x0000000103ba93e0 JavaThread "C3P0PooledConnectionPoolManager[identityToken->Y8Lkc9Uu]-HelperThread-#5" daemon [_thread_blocked, id=68, stack(0xffffffff60600000,0xffffffff60700000)]
  0x0000000103ba7c00 JavaThread "C3P0PooledConnectionPoolManager[identityToken->Y8Lkc9Uu]-HelperThread-#4" daemon [_thread_blocked, id=67, stack(0xffffffff60800000,0xffffffff60900000)]
  0x0000000103ba6c20 JavaThread "C3P0PooledConnectionPoolManager[identityToken->Y8Lkc9Uu]-HelperThread-#3" daemon [_thread_blocked, id=66, stack(0xffffffff60a00000,0xffffffff60b00000)]
  0x0000000103ba5cd0 JavaThread "C3P0PooledConnectionPoolManager[identityToken->Y8Lkc9Uu]-HelperThread-#2" daemon [_thread_blocked, id=65, stack(0xffffffff60c00000,0xffffffff60d00000)]
  0x0000000103ba5180 JavaThread "C3P0PooledConnectionPoolManager[identityToken->Y8Lkc9Uu]-HelperThread-#1" daemon [_thread_blocked, id=64, stack(0xffffffff60e00000,0xffffffff60f00000)]
  0x0000000102442d30 JavaThread "C3P0PooledConnectionPoolManager[identityToken->Y8Lkc9Uu]-HelperThread-#0" daemon [_thread_blocked, id=63, stack(0xffffffff61000000,0xffffffff61100000)]
  0x00000001024423b0 JavaThread "C3P0PooledConnectionPoolManager[identityToken->Y8Lkc9Uu]-AdminTaskTimer" daemon [_thread_blocked, id=62, stack(0xffffffff61200000,0xffffffff61300000)]
  0x00000001011dc560 JavaThread "C3P0PooledConnectionPoolManager[identityToken->bE4V6wdC]-HelperThread-#19" daemon [_thread_blocked, id=61, stack(0xffffffff61500000,0xffffffff61600000)]
  0x0000000101578600 JavaThread "C3P0PooledConnectionPoolManager[identityToken->bE4V6wdC]-HelperThread-#18" daemon [_thread_blocked, id=60, stack(0xffffffff61700000,0xffffffff61800000)]
  0x0000000101576e20 JavaThread "C3P0PooledConnectionPoolManager[identityToken->bE4V6wdC]-HelperThread-#17" daemon [_thread_blocked, id=59, stack(0xffffffff61900000,0xffffffff61a00000)]
  0x0000000101575640 JavaThread "C3P0PooledConnectionPoolManager[identityToken->bE4V6wdC]-HelperThread-#16" daemon [_thread_blocked, id=58, stack(0xffffffff61b00000,0xffffffff61c00000)]
  0x0000000101571ee0 JavaThread "C3P0PooledConnectionPoolManager[identityToken->bE4V6wdC]-HelperThread-#15" daemon [_thread_blocked, id=57, stack(0xffffffff61d00000,0xffffffff61e00000)]
  0x0000000101defa90 JavaThread "C3P0PooledConnectionPoolManager[identityToken->bE4V6wdC]-HelperThread-#14" daemon [_thread_blocked, id=56, stack(0xffffffff61f00000,0xffffffff62000000)]
  0x0000000101dee030 JavaThread "C3P0PooledConnectionPoolManager[identityToken->bE4V6wdC]-HelperThread-#13" daemon [_thread_blocked, id=55, stack(0xffffffff62100000,0xffffffff62200000)]
  0x0000000101decad0 JavaThread "C3P0PooledConnectionPoolManager[identityToken->bE4V6wdC]-HelperThread-#12" daemon [_thread_blocked, id=54, stack(0xffffffff62300000,0xffffffff62400000)]
  0x0000000101deb2f0 JavaThread "C3P0PooledConnectionPoolManager[identityToken->bE4V6wdC]-HelperThread-#11" daemon [_thread_blocked, id=53, stack(0xffffffff62500000,0xffffffff62600000)]
  0x0000000101de9b10 JavaThread "C3P0PooledConnectionPoolManager[identityToken->bE4V6wdC]-HelperThread-#10" daemon [_thread_blocked, id=52, stack(0xffffffff62700000,0xffffffff62800000)]
  0x0000000100a2fa70 JavaThread "C3P0PooledConnectionPoolManager[identityToken->bE4V6wdC]-HelperThread-#9" daemon [_thread_blocked, id=51, stack(0xffffffff62900000,0xffffffff62a00000)]
  0x0000000100a2e290 JavaThread "C3P0PooledConnectionPoolManager[identityToken->bE4V6wdC]-HelperThread-#8" daemon [_thread_blocked, id=50, stack(0xffffffff62b00000,0xffffffff62c00000)]
  0x0000000100a2cab0 JavaThread "C3P0PooledConnectionPoolManager[identityToken->bE4V6wdC]-HelperThread-#7" daemon [_thread_blocked, id=49, stack(0xffffffff62d00000,0xffffffff62e00000)]
  0x000000010214d460 JavaThread "C3P0PooledConnectionPoolManager[identityToken->bE4V6wdC]-HelperThread-#6" daemon [_thread_blocked, id=48, stack(0xffffffff62f00000,0xffffffff63000000)]
  0x0000000100a29a80 JavaThread "C3P0PooledConnectionPoolManager[identityToken->bE4V6wdC]-HelperThread-#5" daemon [_thread_blocked, id=47, stack(0xffffffff63100000,0xffffffff63200000)]
  0x000000010214f910 JavaThread "C3P0PooledConnectionPoolManager[identityToken->bE4V6wdC]-HelperThread-#4" daemon [_thread_blocked, id=46, stack(0xffffffff63300000,0xffffffff63400000)]
  0x000000010214e9c0 JavaThread "C3P0PooledConnectionPoolManager[identityToken->bE4V6wdC]-HelperThread-#3" daemon [_thread_blocked, id=45, stack(0xffffffff63500000,0xffffffff63600000)]
  0x0000000102153140 JavaThread "C3P0PooledConnectionPoolManager[identityToken->bE4V6wdC]-HelperThread-#2" daemon [_thread_blocked, id=44, stack(0xffffffff63700000,0xffffffff63800000)]
  0x000000010123cd70 JavaThread "C3P0PooledConnectionPoolManager[identityToken->bE4V6wdC]-HelperThread-#1" daemon [_thread_blocked, id=43, stack(0xffffffff63900000,0xffffffff63a00000)]
  0x00000001021541d0 JavaThread "C3P0PooledConnectionPoolManager[identityToken->bE4V6wdC]-HelperThread-#0" daemon [_thread_blocked, id=42, stack(0xffffffff63b00000,0xffffffff63c00000)]
  0x00000001021503d0 JavaThread "C3P0PooledConnectionPoolManager[identityToken->bE4V6wdC]-AdminTaskTimer" daemon [_thread_blocked, id=41, stack(0xffffffff63d00000,0xffffffff63e00000)]
  0x0000000100f57cd0 JavaThread "fileinstall-/export/liferay_prd2/data/osgi/modules" daemon [_thread_blocked, id=39, stack(0xffffffff63f00000,0xffffffff64000000)]
  0x00000001008d6140 JavaThread "fileinstall-/export/liferay_prd2/data/osgi/portal" daemon [_thread_blocked, id=38, stack(0xffffffff64100000,0xffffffff64200000)]
  0x0000000102c1e830 JavaThread "SCR Component Actor" daemon [_thread_blocked, id=37, stack(0xffffffff64300000,0xffffffff64400000)]
  0x0000000101eca280 JavaThread "Framework Event Dispatcher" daemon [_thread_blocked, id=36, stack(0xffffffff64500000,0xffffffff64600000)]
  0x0000000101ec3c60 JavaThread "State Data Manager" daemon [_thread_blocked, id=35, stack(0xffffffff64700000,0xffffffff64800000)]
  0x00000001021589a0 JavaThread "Framework Active Thread" [_thread_blocked, id=34, stack(0xffffffff64900000,0xffffffff64a00000)]
  0x000000010138fbd0 JavaThread "GC Daemon" daemon [_thread_blocked, id=31, stack(0xffffffff66b00000,0xffffffff66c00000)]
  0x00000001005f6b70 JavaThread "Service Thread" daemon [_thread_blocked, id=29, stack(0xffffffff67b00000,0xffffffff67c00000)]
  0x00000001005f4a20 JavaThread "C2 CompilerThread1" daemon [_thread_blocked, id=28, stack(0xffffffff67d00000,0xffffffff67e00000)]
  0x00000001005f33b0 JavaThread "C2 CompilerThread0" daemon [_thread_blocked, id=27, stack(0xffffffff67f00000,0xffffffff68000000)]
  0x00000001005f1b50 JavaThread "Signal Dispatcher" daemon [_thread_blocked, id=26, stack(0xffffffff68100000,0xffffffff68200000)]
  0x00000001005f0950 JavaThread "Surrogate Locker Thread (Concurrent GC)" daemon [_thread_blocked, id=25, stack(0xffffffff68300000,0xffffffff68400000)]
  0x00000001005c4660 JavaThread "Finalizer" daemon [_thread_blocked, id=24, stack(0xffffffff68500000,0xffffffff68600000)]
  0x00000001005bd660 JavaThread "Reference Handler" daemon [_thread_blocked, id=23, stack(0xffffffff68700000,0xffffffff68800000)]
  0x000000010010ef90 JavaThread "main" [_thread_in_native, id=2, stack(0xffffffff7b400000,0xffffffff7b500000)]

Other Threads:
  0x00000001005ba090 VMThread [stack: 0xffffffff68900000,0xffffffff68a00000] [id=22]
  0x0000000100132c70 WatcherThread [stack: 0xffffffff67900000,0xffffffff67a00000] [id=30]

VM state:not at safepoint (normal execution)

VM Mutex/Monitor currently owned by a thread: None

Heap
 par new generation   total 3145664K, used 2720260K [0xfffffffd90000000, 0xfffffffe50000000, 0xfffffffe50000000)
  eden space 3145600K,  86% used [0xfffffffd90000000, 0xfffffffe360812f0, 0xfffffffe4ffe0000)
  from space 64K,   0% used [0xfffffffe4ffe0000, 0xfffffffe4ffe0000, 0xfffffffe4fff0000)
  to   space 64K,   0% used [0xfffffffe4fff0000, 0xfffffffe4fff0000, 0xfffffffe50000000)
 concurrent mark-sweep generation total 3145728K, used 2034920K [0xfffffffe50000000, 0xffffffff10000000, 0xffffffff10000000)
 concurrent-mark-sweep perm gen total 1048576K, used 543103K [0xffffffff10000000, 0xffffffff50000000, 0xffffffff50000000)

Card table byte_map: [0xffffffff74c00000,0xffffffff75a02000] byte_map_base: 0xff7fffff75f80000

Polling page: 0xffffffff7be00000

Code Cache  [0xffffffff77c00000, 0xffffffff7aaa0000, 0xffffffff7ac00000)
 total_blobs=8334 nmethods=6245 adapters=2006 free_code_cache=17848Kb largest_free_block=1451840

Compilation events (10 events):
Event: 299321.141 Thread 0x00000001005f4a20 nmethod 12353 0xffffffff7aa64bd0 code [0xffffffff7aa64d00, 0xffffffff7aa64df0]
Event: 299321.288 Thread 0x00000001005f4a20 12354             org.eclipse.jdt.internal.compiler.lookup.ReferenceBinding::hashCode (38 bytes)
Event: 299321.299 Thread 0x00000001005f4a20 nmethod 12354 0xffffffff7aa5c250 code [0xffffffff7aa5c3a0, 0xffffffff7aa5c790]
Event: 299321.349 Thread 0x00000001005f4a20 12355             org.eclipse.jdt.internal.compiler.lookup.SignatureWrapper::computeEnd (219 bytes)
Event: 299321.365 Thread 0x00000001005f4a20 nmethod 12355 0xffffffff7aa66050 code [0xffffffff7aa661a0, 0xffffffff7aa665b0]
Event: 299321.534 Thread 0x00000001005f4a20 12356             org.eclipse.jdt.internal.compiler.lookup.PackageBinding::getTypeOrPackage (175 bytes)
Event: 299321.610 Thread 0x00000001005f33b0 nmethod 12320 0xffffffff7aa7b950 code [0xffffffff7aa7dea0, 0xffffffff7aa8f4b0]
Event: 299321.632 Thread 0x00000001005f4a20 nmethod 12356 0xffffffff7aa75fd0 code [0xffffffff7aa76340, 0xffffffff7aa77d10]
Event: 299321.634 Thread 0x00000001005f4a20 12357             org.apache.jasper.compiler.JDTCompiler$1::findType (128 bytes)
Event: 299321.745 Thread 0x00000001005f4a20 nmethod 12357 0xffffffff7aa72d90 code [0xffffffff7aa72fe0, 0xffffffff7aa74a90]

GC Heap History (10 events):
Event: 1006939.770 GC heap before
{Heap before GC invocations=257 (full 9):
 par new generation   total 3145664K, used 3145600K [0xfffffffd90000000, 0xfffffffe50000000, 0xfffffffe50000000)
  eden space 3145600K, 100% used [0xfffffffd90000000, 0xfffffffe4ffe0000, 0xfffffffe4ffe0000)
  from space 64K,   0% used [0xfffffffe4fff0000, 0xfffffffe4fff0000, 0xfffffffe50000000)
  to   space 64K,   0% used [0xfffffffe4ffe0000, 0xfffffffe4ffe0000, 0xfffffffe4fff0000)
 concurrent mark-sweep generation total 3145728K, used 1809155K [0xfffffffe50000000, 0xffffffff10000000, 0xffffffff10000000)
 concurrent-mark-sweep perm gen total 1048576K, used 539181K [0xffffffff10000000, 0xffffffff50000000, 0xffffffff50000000)
Event: 1006939.860 GC heap after
Heap after GC invocations=258 (full 9):
 par new generation   total 3145664K, used 0K [0xfffffffd90000000, 0xfffffffe50000000, 0xfffffffe50000000)
  eden space 3145600K,   0% used [0xfffffffd90000000, 0xfffffffd90000000, 0xfffffffe4ffe0000)
  from space 64K,   0% used [0xfffffffe4ffe0000, 0xfffffffe4ffe0000, 0xfffffffe4fff0000)
  to   space 64K,   0% used [0xfffffffe4fff0000, 0xfffffffe4fff0000, 0xfffffffe50000000)
 concurrent mark-sweep generation total 3145728K, used 1875533K [0xfffffffe50000000, 0xffffffff10000000, 0xffffffff10000000)
 concurrent-mark-sweep perm gen total 1048576K, used 539181K [0xffffffff10000000, 0xffffffff50000000, 0xffffffff50000000)
}
Event: 1013150.742 GC heap before
{Heap before GC invocations=258 (full 9):
 par new generation   total 3145664K, used 3145600K [0xfffffffd90000000, 0xfffffffe50000000, 0xfffffffe50000000)
  eden space 3145600K, 100% used [0xfffffffd90000000, 0xfffffffe4ffe0000, 0xfffffffe4ffe0000)
  from space 64K,   0% used [0xfffffffe4ffe0000, 0xfffffffe4ffe0000, 0xfffffffe4fff0000)
  to   space 64K,   0% used [0xfffffffe4fff0000, 0xfffffffe4fff0000, 0xfffffffe50000000)
 concurrent mark-sweep generation total 3145728K, used 1875533K [0xfffffffe50000000, 0xffffffff10000000, 0xffffffff10000000)
 concurrent-mark-sweep perm gen total 1048576K, used 539379K [0xffffffff10000000, 0xffffffff50000000, 0xffffffff50000000)
Event: 1013150.829 GC heap after
Heap after GC invocations=259 (full 9):
 par new generation   total 3145664K, used 0K [0xfffffffd90000000, 0xfffffffe50000000, 0xfffffffe50000000)
  eden space 3145600K,   0% used [0xfffffffd90000000, 0xfffffffd90000000, 0xfffffffe4ffe0000)
  from space 64K,   0% used [0xfffffffe4fff0000, 0xfffffffe4fff0000, 0xfffffffe50000000)
  to   space 64K,   0% used [0xfffffffe4ffe0000, 0xfffffffe4ffe0000, 0xfffffffe4fff0000)
 concurrent mark-sweep generation total 3145728K, used 1925216K [0xfffffffe50000000, 0xffffffff10000000, 0xffffffff10000000)
 concurrent-mark-sweep perm gen total 1048576K, used 539379K [0xffffffff10000000, 0xffffffff50000000, 0xffffffff50000000)
}
Event: 1019872.378 GC heap before
{Heap before GC invocations=259 (full 9):
 par new generation   total 3145664K, used 3145600K [0xfffffffd90000000, 0xfffffffe50000000, 0xfffffffe50000000)
  eden space 3145600K, 100% used [0xfffffffd90000000, 0xfffffffe4ffe0000, 0xfffffffe4ffe0000)
  from space 64K,   0% used [0xfffffffe4fff0000, 0xfffffffe4fff0000, 0xfffffffe50000000)
  to   space 64K,   0% used [0xfffffffe4ffe0000, 0xfffffffe4ffe0000, 0xfffffffe4fff0000)
 concurrent mark-sweep generation total 3145728K, used 1925216K [0xfffffffe50000000, 0xffffffff10000000, 0xffffffff10000000)
 concurrent-mark-sweep perm gen total 1048576K, used 539729K [0xffffffff10000000, 0xffffffff50000000, 0xffffffff50000000)
Event: 1019872.447 GC heap after
Heap after GC invocations=260 (full 9):
 par new generation   total 3145664K, used 0K [0xfffffffd90000000, 0xfffffffe50000000, 0xfffffffe50000000)
  eden space 3145600K,   0% used [0xfffffffd90000000, 0xfffffffd90000000, 0xfffffffe4ffe0000)
  from space 64K,   0% used [0xfffffffe4ffe0000, 0xfffffffe4ffe0000, 0xfffffffe4fff0000)
  to   space 64K,   0% used [0xfffffffe4fff0000, 0xfffffffe4fff0000, 0xfffffffe50000000)
 concurrent mark-sweep generation total 3145728K, used 1970935K [0xfffffffe50000000, 0xffffffff10000000, 0xffffffff10000000)
 concurrent-mark-sweep perm gen total 1048576K, used 539729K [0xffffffff10000000, 0xffffffff50000000, 0xffffffff50000000)
}
Event: 1064053.272 GC heap before
{Heap before GC invocations=260 (full 9):
 par new generation   total 3145664K, used 3145600K [0xfffffffd90000000, 0xfffffffe50000000, 0xfffffffe50000000)
  eden space 3145600K, 100% used [0xfffffffd90000000, 0xfffffffe4ffe0000, 0xfffffffe4ffe0000)
  from space 64K,   0% used [0xfffffffe4ffe0000, 0xfffffffe4ffe0000, 0xfffffffe4fff0000)
  to   space 64K,   0% used [0xfffffffe4fff0000, 0xfffffffe4fff0000, 0xfffffffe50000000)
 concurrent mark-sweep generation total 3145728K, used 1970935K [0xfffffffe50000000, 0xffffffff10000000, 0xffffffff10000000)
 concurrent-mark-sweep perm gen total 1048576K, used 539730K [0xffffffff10000000, 0xffffffff50000000, 0xffffffff50000000)
Event: 1064053.360 GC heap after
Heap after GC invocations=261 (full 9):
 par new generation   total 3145664K, used 0K [0xfffffffd90000000, 0xfffffffe50000000, 0xfffffffe50000000)
  eden space 3145600K,   0% used [0xfffffffd90000000, 0xfffffffd90000000, 0xfffffffe4ffe0000)
  from space 64K,   0% used [0xfffffffe4fff0000, 0xfffffffe4fff0000, 0xfffffffe50000000)
  to   space 64K,   0% used [0xfffffffe4ffe0000, 0xfffffffe4ffe0000, 0xfffffffe4fff0000)
 concurrent mark-sweep generation total 3145728K, used 2028532K [0xfffffffe50000000, 0xffffffff10000000, 0xffffffff10000000)
 concurrent-mark-sweep perm gen total 1048576K, used 539730K [0xffffffff10000000, 0xffffffff50000000, 0xffffffff50000000)
}
Event: 1064226.349 GC heap before
{Heap before GC invocations=261 (full 9):
 par new generation   total 3145664K, used 3145600K [0xfffffffd90000000, 0xfffffffe50000000, 0xfffffffe50000000)
  eden space 3145600K, 100% used [0xfffffffd90000000, 0xfffffffe4ffe0000, 0xfffffffe4ffe0000)
  from space 64K,   0% used [0xfffffffe4fff0000, 0xfffffffe4fff0000, 0xfffffffe50000000)
  to   space 64K,   0% used [0xfffffffe4ffe0000, 0xfffffffe4ffe0000, 0xfffffffe4fff0000)
 concurrent mark-sweep generation total 3145728K, used 2028532K [0xfffffffe50000000, 0xffffffff10000000, 0xffffffff10000000)
 concurrent-mark-sweep perm gen total 1048576K, used 539730K [0xffffffff10000000, 0xffffffff50000000, 0xffffffff50000000)
Event: 1064226.406 GC heap after
Heap after GC invocations=262 (full 9):
 par new generation   total 3145664K, used 0K [0xfffffffd90000000, 0xfffffffe50000000, 0xfffffffe50000000)
  eden space 3145600K,   0% used [0xfffffffd90000000, 0xfffffffd90000000, 0xfffffffe4ffe0000)
  from space 64K,   0% used [0xfffffffe4ffe0000, 0xfffffffe4ffe0000, 0xfffffffe4fff0000)
  to   space 64K,   0% used [0xfffffffe4fff0000, 0xfffffffe4fff0000, 0xfffffffe50000000)
 concurrent mark-sweep generation total 3145728K, used 2034920K [0xfffffffe50000000, 0xffffffff10000000, 0xffffffff10000000)
 concurrent-mark-sweep perm gen total 1048576K, used 539730K [0xffffffff10000000, 0xffffffff50000000, 0xffffffff50000000)
}

Deoptimization events (10 events):
Event: 1005304.961 Thread 0x0000000104431bc0 Uncommon trap: reason=unreached action=reinterpret pc=0xffffffff79d567dc method=com.liferay.portal.model.impl.OrganizationModelImpl.setUuid(Ljava/lang/String;)V @ 4
Event: 1005304.993 Thread 0x0000000103d3bf80 Uncommon trap: reason=class_check action=maybe_recompile pc=0xffffffff7a409be8 method=java.security.MessageDigest$Delegate.engineGetDigestLength()I @ 4
Event: 1005305.062 Thread 0x0000000104431bc0 Uncommon trap: reason=class_check action=maybe_recompile pc=0xffffffff798dac00 method=com.liferay.portal.model.impl.OrganizationModelImpl.toCacheModel()Lcom/liferay/portal/model/CacheModel; @ 104
Event: 1005305.062 Thread 0x00000001011329e0 Uncommon trap: reason=class_check action=maybe_recompile pc=0xffffffff798dac00 method=com.liferay.portal.model.impl.OrganizationModelImpl.toCacheModel()Lcom/liferay/portal/model/CacheModel; @ 104
Event: 1005305.234 Thread 0x00000001011329e0 Uncommon trap: reason=class_check action=maybe_recompile pc=0xffffffff78252640 method=java.lang.Character.toLowerCase(I)I @ 5
Event: 1005305.234 Thread 0x0000000104431bc0 Uncommon trap: reason=class_check action=maybe_recompile pc=0xffffffff78252640 method=java.lang.Character.toLowerCase(I)I @ 5
Event: 1005305.234 Thread 0x00000001011329e0 Uncommon trap: reason=class_check action=maybe_recompile pc=0xffffffff78252640 method=java.lang.Character.toLowerCase(I)I @ 5
Event: 1005305.234 Thread 0x0000000104431bc0 Uncommon trap: reason=class_check action=maybe_recompile pc=0xffffffff78252640 method=java.lang.Character.toLowerCase(I)I @ 5
Event: 1013344.501 Thread 0x000000010560bc70 Uncommon trap: reason=class_check action=maybe_recompile pc=0xffffffff79d71c28 method=be.vlaanderen.query.service.impl.IndexQueryServiceImpl.addPermissionChecks(Lbe/vlaanderen/query/domain/BooleanQueryWrapper;J)Lcom/liferay/portal/kernel/search/BooleanQue
Event: 1013344.891 Thread 0x000000010560bc70 Uncommon trap: reason=class_check action=maybe_recompile pc=0xffffffff79d71c28 method=be.vlaanderen.query.service.impl.IndexQueryServiceImpl.addPermissionChecks(Lbe/vlaanderen/query/domain/BooleanQueryWrapper;J)Lcom/liferay/portal/kernel/search/BooleanQue

Internal exceptions (10 events):
Event: 1075121.451 Thread 0x00000001015c07f0 Threw 0xfffffffe2ca3f458 at /HUDSON/workspace/7u-2-build-solaris-sparcv9/jdk7u75/1940/hotspot/src/share/vm/interpreter/linkResolver.cpp:892
Event: 1075374.136 Thread 0x0000000103d3bf80 Threw 0xfffffffe33455858 at /HUDSON/workspace/7u-2-build-solaris-sparcv9/jdk7u75/1940/hotspot/src/share/vm/interpreter/linkResolver.cpp:892
Event: 1075379.717 Thread 0x00000001046be600 Threw 0xfffffffe3478a120 at /HUDSON/workspace/7u-2-build-solaris-sparcv9/jdk7u75/1940/hotspot/src/share/vm/interpreter/linkResolver.cpp:892
Event: 1075386.142 Thread 0x0000000100ec90c0 Threw 0xfffffffe33e13ce0 at /HUDSON/workspace/7u-2-build-solaris-sparcv9/jdk7u75/1940/hotspot/src/share/vm/prims/jvm.cpp:1281
Event: 1075386.142 Thread 0x0000000100ec90c0 Threw 0xfffffffe33e14af0 at /HUDSON/workspace/7u-2-build-solaris-sparcv9/jdk7u75/1940/hotspot/src/share/vm/prims/jvm.cpp:1281
Event: 1075386.339 Thread 0x0000000100ec90c0 Threw 0xfffffffe35fa0800 at /HUDSON/workspace/7u-2-build-solaris-sparcv9/jdk7u75/1940/hotspot/src/share/vm/prims/jvm.cpp:1281
Event: 1075386.339 Thread 0x0000000100ec90c0 Threw 0xfffffffe35fa18c0 at /HUDSON/workspace/7u-2-build-solaris-sparcv9/jdk7u75/1940/hotspot/src/share/vm/prims/jvm.cpp:1281
Event: 1075386.372 Thread 0x0000000100ec90c0 Threw 0xfffffffe35fb7bc0 at /HUDSON/workspace/7u-2-build-solaris-sparcv9/jdk7u75/1940/hotspot/src/share/vm/prims/jvm.cpp:1281
Event: 1075386.372 Thread 0x0000000100ec90c0 Threw 0xfffffffe35fb8990 at /HUDSON/workspace/7u-2-build-solaris-sparcv9/jdk7u75/1940/hotspot/src/share/vm/prims/jvm.cpp:1281
Event: 1075386.396 Thread 0x0000000100ec90c0 Implicit null exception at 0xffffffff78de94a8 to 0x0000000000000000

Events (10 events):
Event: 1074943.899 loading class 0x0000000108681e40
Event: 1074943.899 loading class 0x0000000108681e40 done
Event: 1074943.905 loading class 0x0000000100f00be0
Event: 1074943.905 loading class 0x0000000100f00be0 done
Event: 1075386.141 loading class 0x00000001033eb500
Event: 1075386.141 loading class 0x00000001033eb500 done
Event: 1075386.338 loading class 0x0000000102a9d0b0
Event: 1075386.338 loading class 0x0000000102a9d0b0 done
Event: 1075386.372 loading class 0x00000001012f55e0
Event: 1075386.372 loading class 0x00000001012f55e0 done


Dynamic libraries:
0x0000000100000000 	/export/liferay_prd2/jdk1.7.0_75/bin/sparcv9/java
0xffffffff7f200000 	/lib/64/libthread.so.1
0xffffffff7ee00000 	/export/liferay_prd2/jdk1.7.0_75/bin/sparcv9/../../lib/sparcv9/jli/libjli.so
0xffffffff7ec00000 	/lib/64/libdl.so.1
0xffffffff7e900000 	/lib/64/libc.so.1
0xffffffff7e700000 	/platform/sun4v/lib/sparcv9/libc_psr.so.1
0xffffffff7d400000 	/export/liferay_prd2/jdk1.7.0_75/jre/lib/sparcv9/server/libjvm.so
0xffffffff7d200000 	/lib/64/libsocket.so.1
0xffffffff7e300000 	/usr/lib/64/libsched.so.1
0xffffffff7d000000 	/lib/64/libm.so.1
0xffffffff7cd00000 	/usr/lib/64/libCrun.so.1
0xffffffff7cb00000 	/lib/64/libdoor.so.1
0xffffffff7c900000 	/usr/lib/64/libdemangle.so.1
0xffffffff7c700000 	/lib/64/libkstat.so.1
0xffffffff7c500000 	/lib/64/libnsl.so.1
0xffffffff7c300000 	/lib/64/libm.so.2
0xffffffff7c100000 	/lib/64/libmp.so.2
0xffffffff7bf00000 	/lib/64/libmd.so.1
0xffffffff7bd00000 	/platform/sun4v/lib/sparcv9/libmd_psr.so.1
0xffffffff7bb00000 	/lib/64/libscf.so.1
0xffffffff7b900000 	/lib/64/libuutil.so.1
0xffffffff7b700000 	/lib/64/libgen.so.1
0xffffffff7b200000 	/export/liferay_prd2/jdk1.7.0_75/jre/lib/sparcv9/libverify.so
0xffffffff7b000000 	/export/liferay_prd2/jdk1.7.0_75/jre/lib/sparcv9/libjava.so
0xffffffff7ad00000 	/export/liferay_prd2/jdk1.7.0_75/jre/lib/sparcv9/libzip.so
0xffffffff67700000 	/export/liferay_prd2/jdk1.7.0_75/jre/lib/sparcv9/libnio.so
0xffffffff67500000 	/lib/64/librt.so.1
0xffffffff67300000 	/lib/64/libsendfile.so.1
0xffffffff67100000 	/export/liferay_prd2/jdk1.7.0_75/jre/lib/sparcv9/libnet.so
0xffffffff66f00000 	/lib/64/libaio.so.1
0xffffffff66d00000 	/export/liferay_prd2/jdk1.7.0_75/jre/lib/sparcv9/libmanagement.so
0xffffffff66900000 	/export/liferay_prd2/jdk1.7.0_75/jre/lib/sparcv9/libj2ucrypto.so
0xffffffff66700000 	/usr/lib/64/libsoftcrypto.so
0xffffffff66500000 	/export/liferay_prd2/jdk1.7.0_75/jre/lib/sparcv9/libj2pkcs11.so
0xffffffff66300000 	/usr/lib/sparcv9/libpkcs11.so
0xffffffff66100000 	/usr/lib/64/libcryptoutil.so.1
0xffffffff65f00000 	/usr/lib/security/64/pkcs11_kernel.so
0xffffffff65d00000 	/usr/lib/security/64/pkcs11_softtoken.so
0xffffffff65b00000 	/export/liferay_prd2/jdk1.7.0_75/jre/lib/sparcv9/libsunec.so
0xffffffff64d00000 	/export/liferay_prd2/jdk1.7.0_75/jre/lib/sparcv9/libawt.so
0xffffffff64b00000 	/export/liferay_prd2/jdk1.7.0_75/jre/lib/sparcv9/headless/libmawt.so
0xffffffff57f00000 	/export/liferay_prd2/jdk1.7.0_75/jre/lib/sparcv9/libfontmanager.so
0xffffffff57d00000 	/export/liferay_prd2/jdk1.7.0_75/jre/lib/sparcv9/libt2k.so
0xffffffff57b00000 	/export/liferay_prd2/jdk1.7.0_75/jre/lib/sparcv9/libdcpr.so

VM Arguments:
jvm_args: -Djava.util.logging.config.file=/export/liferay_prd2/tomcat-7.0.42/conf/logging.properties -Djava.util.logging.manager=org.apache.juli.ClassLoaderLogManager -Dfile.encoding=UTF8 -Djava.net.preferIPv4Stack=true -Dorg.apache.catalina.loader.WebappClassLoader.ENABLE_CLEAR_REFERENCES=false -XX:NewSize=3072m -XX:MaxNewSize=3072m -Xms6144m -Xmx6144m -XX:PermSize=1024m -XX:MaxPermSize=1024m -XX:SurvivorRatio=65536 -XX:TargetSurvivorRatio=0 -XX:MaxTenuringThreshold=0 -XX:+UseParNewGC -XX:ParallelGCThreads=16 -XX:+UseConcMarkSweepGC -XX:+CMSParallelRemarkEnabled -XX:+CMSCompactWhenClearAllSoftRefs -XX:CMSInitiatingOccupancyFraction=85 -XX:+CMSScavengeBeforeRemark -XX:+CMSConcurrentMTEnabled -XX:ParallelCMSThreads=2 -XX:+UseLargePages -XX:LargePageSizeInBytes=256m -XX:+UseCompressedOops -XX:+DisableExplicitGC -XX:-UseBiasedLocking -XX:+BindGCTaskThreadsToCPUs -XX:+UseFastAccessorMethods -Duser.timezone=Europe/Brussels -Djava.endorsed.dirs=/export/liferay_prd2/tomcat-7.0.42/endorsed -Dcatalina.base=/export/liferay_prd2/tomcat-7.0.42 -Dcatalina.home=/export/liferay_prd2/tomcat-7.0.42 -Djava.io.tmpdir=/export/liferay_prd2/tomcat-7.0.42/temp 
java_command: org.apache.catalina.startup.Bootstrap start
Launcher Type: SUN_STANDARD

Environment Variables:
JAVA_HOME=/export/liferay_prd2/jdk1.7
PATH=/usr/sbin:/usr/bin

Signal Handlers:
SIGSEGV: [libjvm.so+0xcc4ca8], sa_mask[0]=0xffbffeff, sa_flags=0x0000000c
SIGBUS: [libjvm.so+0xcc4ca8], sa_mask[0]=0xffbffeff, sa_flags=0x0000000c
SIGFPE: [libjvm.so+0x28bdd0], sa_mask[0]=0xffbffeff, sa_flags=0x0000000c
SIGPIPE: [libjvm.so+0x28bdd0], sa_mask[0]=0xffbffeff, sa_flags=0x0000000c
SIGXFSZ: [libjvm.so+0x28bdd0], sa_mask[0]=0xffbffeff, sa_flags=0x0000000c
SIGILL: [libjvm.so+0x28bdd0], sa_mask[0]=0xffbffeff, sa_flags=0x0000000c
SIGUSR1: SIG_DFL, sa_mask[0]=0x00000000, sa_flags=0x00000000
SIGUSR2: SIG_DFL, sa_mask[0]=0x00000000, sa_flags=0x00000000
SIGQUIT: [libjvm.so+0xb0bb40], sa_mask[0]=0xffbffeff, sa_flags=0x00000004
SIGHUP: [libjvm.so+0xb0bb40], sa_mask[0]=0xffbffeff, sa_flags=0x00000004
SIGINT: SIG_IGN, sa_mask[0]=0x00000000, sa_flags=0x00000000
SIGTERM: [libjvm.so+0xb0bb40], sa_mask[0]=0xffbffeff, sa_flags=0x00000004
SIG39: [libjvm.so+0xb10818], sa_mask[0]=0x00000000, sa_flags=0x00000008
SIG40: [libjvm.so+0x28bdd0], sa_mask[0]=0xffbffeff, sa_flags=0x0000000c


---------------  S Y S T E M  ---------------

OS:                   Oracle Solaris 10 8/11 s10s_u10wos_17b SPARC
  Copyright (c) 1983, 2011, Oracle and/or its affiliates. All rights reserved.
                            Assembled 23 August 2011

                  Solaris 10 1/13 (Update 11) Patchset applied.

uname:SunOS 5.10 Generic_150400-23 sun4v
  (T2 libthread)
rlimit: STACK 8192k, CORE infinity, NOFILE 65536, AS infinity
load average:4.04 3.77 3.65

CPU:total 64 v9, popc, vis1, vis2, vis3, blk_init, cbcond, sun4v, niagara_plus

Memory: 8k page, physical 25165824k(3240848k free)

vm_info: Java HotSpot(TM) 64-Bit Server VM (24.75-b04) for solaris-sparc JRE (1.7.0_75-b13), built on Dec 19 2014 01:11:29 by "java_re" with Sun Studio 12u1

time: Thu Aug  6 08:40:35 2015
elapsed time: 1075386 seconds

