#
# A fatal error has been detected by the Java Runtime Environment:
#
#  SIGSEGV (0xb) at pc=0xf6f19411, pid=27661, tid=3875535680
#
# JRE version: Java(TM) SE Runtime Environment (8.0-b121) (build 1.8.0-ea-b121)
# Java VM: Java HotSpot(TM) Server VM (25.0-b63 mixed mode linux-x86 )
# Problematic frame:
# V  [libjvm.so+0x6d9411]  ObjArrayKlass::oop_oop_iterate_nv(oopDesc*, ParScanWithoutBarrierClosure*)+0x61
#
# Failed to write core dump. Core dumps have been disabled. To enable core dumping, try "ulimit -c unlimited" before starting Java again
#
# If you would like to submit a bug report, please visit:
#   http://bugreport.sun.com/bugreport/crash.jsp
#

---------------  T H R E A D  ---------------

Current thread (0xf6614000):  GCTaskThread [stack: 0xe6f7f000,0xe7000000] [id=27688]

siginfo:si_signo=SIGSEGV: si_errno=0, si_code=1 (SEGV_MAPERR), si_addr=0x00000004

Registers:
EAX=0x00000001, EBX=0xc67ad800, ECX=0xc01d72d0, EDX=0x00000000
ESP=0xe6ffee10, EBP=0xe6ffee38, ESI=0xc8ade69c, EDI=0x00000001
EIP=0xf6f19411, EFLAGS=0x00010293, CR2=0x00000004

Top of Stack: (sp=0xe6ffee10)
0xe6ffee10:   c4c5db18 00000004 00000001 001bd1fe
0xe6ffee20:   c90b5b24 00000002 fffffff8 f661d318
0xe6ffee30:   c01d7344 00000001 e6ffee88 f6f4cbcf
0xe6ffee40:   c4c1f5d0 c89c1320 c01d7344 00000001
0xe6ffee50:   c01d7488 c01d7344 c01d7370 000000c8
0xe6ffee60:   0161b700 e59fb228 e59fb228 204d199c
0xe6ffee70:   18bf0b2d 18c00b2d c89c1320 c01d7420
0xe6ffee80:   f661cfc0 f666d520 e6ffeed8 f6f4d0c2 

Instructions: (pc=0xf6f19411)
0xf6f193f1:   1e 85 db 74 6b 8b 45 10 39 58 28 76 63 8b 3b 8b
0xf6f19401:   53 04 89 f8 83 e0 03 83 f8 03 0f 84 97 00 00 00
0xf6f19411:   8b 4a 04 83 f9 00 0f 8e 9b 00 00 00 f6 c1 01 0f
0xf6f19421:   85 94 00 00 00 c1 f9 02 89 4d dc 8b 4d 10 80 3d 

Register to memory mapping:

EAX=0x00000001 is an unknown value
EBX=0xc67ad800 is an oop
[B 
 - klass: {type array byte}
 - length: 4
ECX=0xc01d72d0 is an unknown value
EDX=0x00000000 is an unknown value
ESP=0xe6ffee10 is an unknown value
EBP=0xe6ffee38 is an unknown value
ESI=0xc8ade69c is pointing into object: 0xc67c23e8

[error occurred during error reporting (printing register info), id 0xb]

Stack: [0xe6f7f000,0xe7000000],  sp=0xe6ffee10,  free space=511k
Native frames: (J=compiled Java code, j=interpreted, Vv=VM code, C=native code)
V  [libjvm.so+0x6d9411]  ObjArrayKlass::oop_oop_iterate_nv(oopDesc*, ParScanWithoutBarrierClosure*)+0x61
V  [libjvm.so+0x70cbcf]  ParScanThreadState::trim_queues(int)+0xdf
V  [libjvm.so+0x70d0c2]  ParEvacuateFollowersClosure::do_void()+0x22
V  [libjvm.so+0x70d04d]  ParNewGenTask::work(unsigned int)+0x12d
V  [libjvm.so+0x87e069]  GangWorker::loop()+0xe9
V  [libjvm.so+0x87dc58]  GangWorker::run()+0x18
V  [libjvm.so+0x6f36e9]  java_start(Thread*)+0x119
C  [libpthread.so.0+0x6d4c]  start_thread+0xcc


---------------  P R O C E S S  ---------------

Java Threads: ( => current thread )
  0xe65dd400 JavaThread "TEST-TestPagedBytes.testDataInputOutput2-seed#[9E085C3DBEC84015]" [_thread_blocked, id=31816, stack(0xc5500000,0xc5551000)]
  0xbfe27400 JavaThread "SUITE-TestPagedBytes-seed#[9E085C3DBEC84015]" [_thread_blocked, id=31815, stack(0xc490e000,0xc495f000)]
  0xc488e800 JavaThread "Service Thread" daemon [_thread_blocked, id=27715, stack(0xe6204000,0xe6255000)]
  0xc487b000 JavaThread "C1 CompilerThread3" daemon [_thread_blocked, id=27713, stack(0xc3f92000,0xc4013000)]
  0xc4879800 JavaThread "C2 CompilerThread2" daemon [_thread_blocked, id=27711, stack(0xc4013000,0xc4094000)]
  0xc4877c00 JavaThread "C2 CompilerThread1" daemon [_thread_blocked, id=27709, stack(0xc4094000,0xc4115000)]
  0xc4876400 JavaThread "C2 CompilerThread0" daemon [_thread_blocked, id=27707, stack(0xc4115000,0xc4196000)]
  0xc4874c00 JavaThread "Signal Dispatcher" daemon [_thread_blocked, id=27705, stack(0xe642e000,0xe647f000)]
  0xc4873800 JavaThread "Surrogate Locker Thread (Concurrent GC)" daemon [_thread_blocked, id=27703, stack(0xe662e000,0xe667f000)]
  0xc4813800 JavaThread "Finalizer" daemon [_thread_blocked, id=27702, stack(0xe682e000,0xe687f000)]
  0xc4811000 JavaThread "Reference Handler" daemon [_thread_blocked, id=27701, stack(0xe6a2e000,0xe6a7f000)]
  0xf660a800 JavaThread "main" [_thread_blocked, id=27665, stack(0xf67c3000,0xf6814000)]

Other Threads:
  0xc480dc00 VMThread [stack: 0xc495f000,0xc49e0000] [id=27700]
  0xc4890800 WatcherThread [stack: 0xc3f11000,0xc3f92000] [id=27718]

=>0xf6614000 (exited) GCTaskThread [stack: 0xe6f7f000,0xe7000000] [id=27688]

VM state:at safepoint (normal execution)

VM Mutex/Monitor currently owned by a thread:  ([mutex/lock_event])
[0xf6608060] Threads_lock - owner thread: 0xc480dc00
[0xf66084d8] Heap_lock - owner thread: 0xe65dd400

Heap:
 par new generation   total 85888K, used 82311K [0xc6200000, 0xcbf30000, 0xd0ca0000)
  eden space 76352K,  95% used [0xc6200000, 0xca911f40, 0xcac90000)
  from space 9536K, 100% used [0xcb5e0000, 0xcbf30000, 0xcbf30000)
  to   space 9536K, 100% used [0xcac90000, 0xcb5e0000, 0xcb5e0000)
 concurrent mark-sweep generation total 349568K, used 193191K [0xd0ca0000, 0xe6200000, 0xe6200000)
 Metaspace       used 15454K, capacity 15544K, committed 15640K, reserved 15664K

Card table byte_map: [0xc60ff000,0xc6200000] byte_map_base: 0xc5ace000

Marking Bits: (CMSBitMap*) 0xf66d9ad8
 Bits: [0xc5653000, 0xc60fe000)

Mod Union Table: (CMSBitMap*) 0xf66d9b38
 Bits: [0xf6718000, 0xf672d560)

Polling page: 0xf77b7000

CodeCache: size=245760Kb used=60430Kb max_used=60430Kb free=185329Kb
 bounds [0xe7600000, 0xeb148000, 0xf6600000]
 total_blobs=11570 nmethods=11327 adapters=158
 compilation: enabled

Compilation events (10 events):
Event: 591.690 Thread 0xc4877c00 21689       4       org.apache.lucene.util.PagedBytes$PagedBytesDataInput::nextBlock (39 bytes)
Event: 591.692 Thread 0xc4877c00 nmethod 21689 0xe7fcab08 code [0xe7fcac20, 0xe7fcad50]
Event: 591.703 Thread 0xc4879800 nmethod 21685 0xe878bc48 code [0xe878be20, 0xe878caf8]
Event: 591.705 Thread 0xc487b000 21690 %     3       org.apache.lucene.util.TestPagedBytes::testDataInputOutput2 @ 323 (376 bytes)
Event: 591.710 Thread 0xc487b000 nmethod 21690% 0xe9b83c48 code [0xe9b84400, 0xe9b87fa8]
Event: 591.727 Thread 0xc487b000 21691 %     3       org.apache.lucene.util.TestPagedBytes::testDataInputOutput2 @ 72 (376 bytes)
Event: 591.732 Thread 0xc487b000 nmethod 21691% 0xeb133b48 code [0xeb134300, 0xeb137e08]
Event: 591.735 Thread 0xc487b000 21692       3       org.apache.lucene.util.TestPagedBytes::testDataInputOutput2 (376 bytes)
Event: 591.740 Thread 0xc487b000 nmethod 21692 0xeb13ca88 code [0xeb13d280, 0xeb140cec]
Event: 591.930 Thread 0xc4876400 21693 %     4       org.apache.lucene.util.TestPagedBytes::testDataInputOutput2 @ 72 (376 bytes)

GC Heap History (10 events):
Event: 591.028 GC heap after
Heap after GC invocations=2448 (full 22):
 par new generation   total 85888K, used 233K [0xc6200000, 0xcbf30000, 0xd0ca0000)
  eden space 76352K,   0% used [0xc6200000, 0xc6200000, 0xcac90000)
  from space 9536K,   2% used [0xcb5e0000, 0xcb61a530, 0xcbf30000)
  to   space 9536K,   0% used [0xcac90000, 0xcac90000, 0xcb5e0000)
 concurrent mark-sweep generation total 349568K, used 180577K [0xd0ca0000, 0xe6200000, 0xe6200000)
 Metaspace       used 15447K, capacity 15544K, committed 15640K, reserved 15664K
}
Event: 591.176 GC heap before
{Heap before GC invocations=2448 (full 22):
 par new generation   total 85888K, used 76585K [0xc6200000, 0xcbf30000, 0xd0ca0000)
  eden space 76352K, 100% used [0xc6200000, 0xcac90000, 0xcac90000)
  from space 9536K,   2% used [0xcb5e0000, 0xcb61a530, 0xcbf30000)
  to   space 9536K,   0% used [0xcac90000, 0xcac90000, 0xcb5e0000)
 concurrent mark-sweep generation total 349568K, used 180577K [0xd0ca0000, 0xe6200000, 0xe6200000)
 Metaspace       used 15447K, capacity 15544K, committed 15640K, reserved 15664K
Event: 591.178 GC heap after
Heap after GC invocations=2449 (full 22):
 par new generation   total 85888K, used 186K [0xc6200000, 0xcbf30000, 0xd0ca0000)
  eden space 76352K,   0% used [0xc6200000, 0xc6200000, 0xcac90000)
  from space 9536K,   1% used [0xcac90000, 0xcacbea40, 0xcb5e0000)
  to   space 9536K,   0% used [0xcb5e0000, 0xcb5e0000, 0xcbf30000)
 concurrent mark-sweep generation total 349568K, used 180710K [0xd0ca0000, 0xe6200000, 0xe6200000)
 Metaspace       used 15447K, capacity 15544K, committed 15640K, reserved 15664K
}
Event: 591.320 GC heap before
{Heap before GC invocations=2449 (full 22):
 par new generation   total 85888K, used 76538K [0xc6200000, 0xcbf30000, 0xd0ca0000)
  eden space 76352K, 100% used [0xc6200000, 0xcac90000, 0xcac90000)
  from space 9536K,   1% used [0xcac90000, 0xcacbea40, 0xcb5e0000)
  to   space 9536K,   0% used [0xcb5e0000, 0xcb5e0000, 0xcbf30000)
 concurrent mark-sweep generation total 349568K, used 180710K [0xd0ca0000, 0xe6200000, 0xe6200000)
 Metaspace       used 15447K, capacity 15544K, committed 15640K, reserved 15664K
Event: 591.322 GC heap after
Heap after GC invocations=2450 (full 22):
 par new generation   total 85888K, used 73K [0xc6200000, 0xcbf30000, 0xd0ca0000)
  eden space 76352K,   0% used [0xc6200000, 0xc6200000, 0xcac90000)
  from space 9536K,   0% used [0xcb5e0000, 0xcb5f27f0, 0xcbf30000)
  to   space 9536K,   0% used [0xcac90000, 0xcac90000, 0xcb5e0000)
 concurrent mark-sweep generation total 349568K, used 180710K [0xd0ca0000, 0xe6200000, 0xe6200000)
 Metaspace       used 15447K, capacity 15544K, committed 15640K, reserved 15664K
}
Event: 591.624 GC heap before
{Heap before GC invocations=2450 (full 22):
 par new generation   total 85888K, used 71469K [0xc6200000, 0xcbf30000, 0xd0ca0000)
  eden space 76352K,  93% used [0xc6200000, 0xca7b8f88, 0xcac90000)
  from space 9536K,   0% used [0xcb5e0000, 0xcb5f27f0, 0xcbf30000)
  to   space 9536K,   0% used [0xcac90000, 0xcac90000, 0xcb5e0000)
 concurrent mark-sweep generation total 349568K, used 180710K [0xd0ca0000, 0xe6200000, 0xe6200000)
 Metaspace       used 15452K, capacity 15544K, committed 15640K, reserved 15664K
Event: 591.626 GC heap after
Heap after GC invocations=2451 (full 22):
 par new generation   total 85888K, used 97K [0xc6200000, 0xcbf30000, 0xd0ca0000)
  eden space 76352K,   0% used [0xc6200000, 0xc6200000, 0xcac90000)
  from space 9536K,   1% used [0xcac90000, 0xcaca8650, 0xcb5e0000)
  to   space 9536K,   0% used [0xcb5e0000, 0xcb5e0000, 0xcbf30000)
 concurrent mark-sweep generation total 349568K, used 180710K [0xd0ca0000, 0xe6200000, 0xe6200000)
 Metaspace       used 15452K, capacity 15544K, committed 15640K, reserved 15664K
}
Event: 591.857 GC heap before
{Heap before GC invocations=2451 (full 22):
 par new generation   total 85888K, used 76395K [0xc6200000, 0xcbf30000, 0xd0ca0000)
  eden space 76352K,  99% used [0xc6200000, 0xcac82908, 0xcac90000)
  from space 9536K,   1% used [0xcac90000, 0xcaca8650, 0xcb5e0000)
  to   space 9536K,   0% used [0xcb5e0000, 0xcb5e0000, 0xcbf30000)
 concurrent mark-sweep generation total 349568K, used 180710K [0xd0ca0000, 0xe6200000, 0xe6200000)
 Metaspace       used 15454K, capacity 15544K, committed 15640K, reserved 15664K
Event: 591.869 GC heap after
Heap after GC invocations=2452 (full 22):
 par new generation   total 85888K, used 9536K [0xc6200000, 0xcbf30000, 0xd0ca0000)
  eden space 76352K,   0% used [0xc6200000, 0xc6200000, 0xcac90000)
  from space 9536K, 100% used [0xcb5e0000, 0xcbf30000, 0xcbf30000)
  to   space 9536K,   0% used [0xcac90000, 0xcac90000, 0xcb5e0000)
 concurrent mark-sweep generation total 349568K, used 182043K [0xd0ca0000, 0xe6200000, 0xe6200000)
 Metaspace       used 15454K, capacity 15544K, committed 15640K, reserved 15664K
}
Event: 591.991 GC heap before
{Heap before GC invocations=2452 (full 22):
 par new generation   total 85888K, used 82311K [0xc6200000, 0xcbf30000, 0xd0ca0000)
  eden space 76352K,  95% used [0xc6200000, 0xca911f40, 0xcac90000)
  from space 9536K, 100% used [0xcb5e0000, 0xcbf30000, 0xcbf30000)
  to   space 9536K,   0% used [0xcac90000, 0xcac90000, 0xcb5e0000)
 concurrent mark-sweep generation total 349568K, used 182043K [0xd0ca0000, 0xe6200000, 0xe6200000)
 Metaspace       used 15454K, capacity 15544K, committed 15640K, reserved 15664K

Deoptimization events (10 events):
Event: 589.894 Thread 0xe65dd400 Uncommon trap: reason=bimorphic action=maybe_recompile pc=0xe9f50de4 method=org.apache.lucene.util.automaton.CompiledAutomaton.getTermsEnum(Lorg/apache/lucene/index/Terms;)Lorg/apache/lucene/index/TermsEnum; @ 60
Event: 589.895 Thread 0xe65dd400 Uncommon trap: reason=bimorphic action=maybe_recompile pc=0xe9f50de4 method=org.apache.lucene.util.automaton.CompiledAutomaton.getTermsEnum(Lorg/apache/lucene/index/Terms;)Lorg/apache/lucene/index/TermsEnum; @ 60
Event: 589.895 Thread 0xe65dd400 Uncommon trap: reason=bimorphic action=maybe_recompile pc=0xe9f50e74 method=org.apache.lucene.util.automaton.CompiledAutomaton.getTermsEnum(Lorg/apache/lucene/index/Terms;)Lorg/apache/lucene/index/TermsEnum; @ 91
Event: 589.895 Thread 0xe65dd400 Uncommon trap: reason=bimorphic action=maybe_recompile pc=0xe9f50e74 method=org.apache.lucene.util.automaton.CompiledAutomaton.getTermsEnum(Lorg/apache/lucene/index/Terms;)Lorg/apache/lucene/index/TermsEnum; @ 91
Event: 589.896 Thread 0xe65dd400 Uncommon trap: reason=class_check action=maybe_recompile pc=0xe8b89150 method=org.apache.lucene.codecs.BlockTreeTermsReader$FieldReader$IntersectEnum$Frame.<init>(Lorg/apache/lucene/codecs/BlockTreeTermsReader$FieldReader$IntersectEnum;I)V @ 83
Event: 589.897 Thread 0xe65dd400 Uncommon trap: reason=bimorphic action=maybe_recompile pc=0xe8d36f6c method=org.apache.lucene.util.automaton.CompiledAutomaton.getTermsEnum(Lorg/apache/lucene/index/Terms;)Lorg/apache/lucene/index/TermsEnum; @ 91
Event: 589.898 Thread 0xe65dd400 Uncommon trap: reason=unreached action=reinterpret pc=0xeab9ce88 method=org.apache.lucene.search.FieldCacheDocIdSet.iterator()Lorg/apache/lucene/search/DocIdSetIterator; @ 4
Event: 590.134 Thread 0xe65dd400 Uncommon trap: reason=bimorphic action=maybe_recompile pc=0xe82e30bc method=org.apache.lucene.util.automaton.CompiledAutomaton.getTermsEnum(Lorg/apache/lucene/index/Terms;)Lorg/apache/lucene/index/TermsEnum; @ 50
Event: 590.134 Thread 0xe65dd400 Uncommon trap: reason=bimorphic action=maybe_recompile pc=0xe82e30bc method=org.apache.lucene.util.automaton.CompiledAutomaton.getTermsEnum(Lorg/apache/lucene/index/Terms;)Lorg/apache/lucene/index/TermsEnum; @ 50
Event: 591.613 Thread 0xf660a800 Uncommon trap: reason=unreached action=reinterpret pc=0xe886c098 method=java.lang.ref.SoftReference.get()Ljava/lang/Object; @ 6

Internal exceptions (10 events):
Event: 589.854 Thread 0xf660a800 Exception <a 'java/security/PrivilegedActionException'> (0xca8fee78) thrown at [/HUDSON/workspace/7u-2-build-linux-i586/jdk8/1114/hotspot/src/share/vm/prims/jvm.cpp, line 1248]
Event: 589.855 Thread 0xf660a800 Exception <a 'java/security/PrivilegedActionException'> (0xca906bc0) thrown at [/HUDSON/workspace/7u-2-build-linux-i586/jdk8/1114/hotspot/src/share/vm/prims/jvm.cpp, line 1248]
Event: 589.856 Thread 0xf660a800 Exception <a 'java/security/PrivilegedActionException'> (0xca910938) thrown at [/HUDSON/workspace/7u-2-build-linux-i586/jdk8/1114/hotspot/src/share/vm/prims/jvm.cpp, line 1248]
Event: 589.857 Thread 0xf660a800 Exception <a 'java/security/PrivilegedActionException'> (0xca918ac8) thrown at [/HUDSON/workspace/7u-2-build-linux-i586/jdk8/1114/hotspot/src/share/vm/prims/jvm.cpp, line 1248]
Event: 589.877 Thread 0xe65dd400 Exception <a 'java/security/PrivilegedActionException'> (0xc6992420) thrown at [/HUDSON/workspace/7u-2-build-linux-i586/jdk8/1114/hotspot/src/share/vm/prims/jvm.cpp, line 1248]
Event: 589.892 Thread 0xe65dd400 Exception <a 'java/security/PrivilegedActionException'> (0xc6dfdfd0) thrown at [/HUDSON/workspace/7u-2-build-linux-i586/jdk8/1114/hotspot/src/share/vm/prims/jvm.cpp, line 1248]
Event: 589.893 Thread 0xe65dd400 Exception <a 'java/security/PrivilegedActionException'> (0xc6e05cd0) thrown at [/HUDSON/workspace/7u-2-build-linux-i586/jdk8/1114/hotspot/src/share/vm/prims/jvm.cpp, line 1248]
Event: 589.898 Thread 0xe65dd400 Implicit null exception at 0xeab9cdbd to 0xeab9ce75
Event: 591.609 Thread 0xf660a800 Exception <a 'java/security/PrivilegedActionException'> (0xc9f4a6f0) thrown at [/HUDSON/workspace/7u-2-build-linux-i586/jdk8/1114/hotspot/src/share/vm/prims/jvm.cpp, line 1248]
Event: 591.613 Thread 0xf660a800 Implicit null exception at 0xe886bc28 to 0xe886c07d

Events (10 events):
Event: 591.614 Executing VM operation: RevokeBias
Event: 591.614 Executing VM operation: RevokeBias done
Event: 591.615 Thread 0xe65dd400 Thread added: 0xe65dd400
Event: 591.623 Executing VM operation: ThreadDump
Event: 591.624 Executing VM operation: ThreadDump done
Event: 591.624 Executing VM operation: GenCollectForAllocation
Event: 591.626 Executing VM operation: GenCollectForAllocation done
Event: 591.856 Executing VM operation: GenCollectForAllocation
Event: 591.870 Executing VM operation: GenCollectForAllocation done
Event: 591.991 Executing VM operation: GenCollectForAllocation


Dynamic libraries:
08048000-08049000 r-xp 00000000 09:01 26370083                           /var/lib/jenkins/tools/java/32bit/jdk1.8.0-ea-b121/jre/bin/java
08049000-0804a000 rw-p 00000000 09:01 26370083                           /var/lib/jenkins/tools/java/32bit/jdk1.8.0-ea-b121/jre/bin/java
08455000-084f8000 rw-p 00000000 00:00 0                                  [heap]
bc07b000-bc200000 rw-p 00000000 00:00 0 
bc200000-bc2f9000 rw-p 00000000 00:00 0 
bc2f9000-bc300000 ---p 00000000 00:00 0 
bc300000-bc3fc000 rw-p 00000000 00:00 0 
bc3fc000-bc400000 ---p 00000000 00:00 0 
bc400000-bc4f1000 rw-p 00000000 00:00 0 
bc4f1000-bc500000 ---p 00000000 00:00 0 
bc500000-bc5f1000 rw-p 00000000 00:00 0 
bc5f1000-bc600000 ---p 00000000 00:00 0 
bc600000-bc700000 rw-p 00000000 00:00 0 
bc800000-bca00000 rw-p 00000000 00:00 0 
bca00000-bcaf6000 rw-p 00000000 00:00 0 
bcaf6000-bcb00000 ---p 00000000 00:00 0 
bcc00000-bccf5000 rw-p 00000000 00:00 0 
bccf5000-bcd00000 ---p 00000000 00:00 0 
bcd00000-bcdf6000 rw-p 00000000 00:00 0 
bcdf6000-bce00000 ---p 00000000 00:00 0 
bce00000-bcef6000 rw-p 00000000 00:00 0 
bcef6000-bcf00000 ---p 00000000 00:00 0 
bcf00000-bcff6000 rw-p 00000000 00:00 0 
bcff6000-bd000000 ---p 00000000 00:00 0 
bd000000-bd0f5000 rw-p 00000000 00:00 0 
bd0f5000-bd100000 ---p 00000000 00:00 0 
bd100000-bd1f6000 rw-p 00000000 00:00 0 
bd1f6000-bd200000 ---p 00000000 00:00 0 
bd200000-bd2f6000 rw-p 00000000 00:00 0 
bd2f6000-bd300000 ---p 00000000 00:00 0 
bd300000-bd3f6000 rw-p 00000000 00:00 0 
bd3f6000-bd400000 ---p 00000000 00:00 0 
bd400000-bd4f3000 rw-p 00000000 00:00 0 
bd4f3000-bd500000 ---p 00000000 00:00 0 
bd600000-bd6f5000 rw-p 00000000 00:00 0 
bd6f5000-bd700000 ---p 00000000 00:00 0 
bd700000-bd7f6000 rw-p 00000000 00:00 0 
bd7f6000-bd800000 ---p 00000000 00:00 0 
bd800000-bd8f9000 rw-p 00000000 00:00 0 
bd8f9000-bd900000 ---p 00000000 00:00 0 
bd900000-bd9fa000 rw-p 00000000 00:00 0 
bd9fa000-bda00000 ---p 00000000 00:00 0 
bda00000-bdaf9000 rw-p 00000000 00:00 0 
bdaf9000-bdb00000 ---p 00000000 00:00 0 
bdc00000-bdce0000 rw-p 00000000 00:00 0 
bdce0000-bdd00000 ---p 00000000 00:00 0 
bdd00000-bde00000 rw-p 00000000 00:00 0 
bde00000-bdff1000 rw-p 00000000 00:00 0 
bdff1000-be000000 ---p 00000000 00:00 0 
be100000-be300000 rw-p 00000000 00:00 0 
be400000-be600000 rw-p 00000000 00:00 0 
be700000-be800000 rw-p 00000000 00:00 0 
be800000-be900000 rw-p 00000000 00:00 0 
be900000-be9f0000 rw-p 00000000 00:00 0 
be9f0000-bea00000 ---p 00000000 00:00 0 
bea00000-beaf9000 rw-p 00000000 00:00 0 
beaf9000-beb00000 ---p 00000000 00:00 0 
beb00000-bebf9000 rw-p 00000000 00:00 0 
bebf9000-bec00000 ---p 00000000 00:00 0 
bec00000-becff000 rw-p 00000000 00:00 0 
becff000-bed00000 ---p 00000000 00:00 0 
bed50000-bee00000 rw-p 00000000 00:00 0 
bee00000-beffc000 rw-p 00000000 00:00 0 
beffc000-bf000000 ---p 00000000 00:00 0 
bf000000-bf0fe000 rw-p 00000000 00:00 0 
bf0fe000-bf100000 ---p 00000000 00:00 0 
bf100000-bf1eb000 rw-p 00000000 00:00 0 
bf1eb000-bf200000 ---p 00000000 00:00 0 
bf200000-bf300000 rw-p 00000000 00:00 0 
bf300000-bf400000 rw-p 00000000 00:00 0 
bf400000-bf500000 rw-p 00000000 00:00 0 
bf500000-bf5f1000 rw-p 00000000 00:00 0 
bf5f1000-bf600000 ---p 00000000 00:00 0 
bf600000-bf6f9000 rw-p 00000000 00:00 0 
bf6f9000-bf700000 ---p 00000000 00:00 0 
bf700000-bf7f9000 rw-p 00000000 00:00 0 
bf7f9000-bf800000 ---p 00000000 00:00 0 
bf800000-bfa00000 rw-p 00000000 00:00 0 
bfa00000-bfaf9000 rw-p 00000000 00:00 0 
bfaf9000-bfb00000 ---p 00000000 00:00 0 
bfb05000-bfc00000 rw-p 00000000 00:00 0 
bfc00000-bfceb000 rw-p 00000000 00:00 0 
bfceb000-bfd00000 ---p 00000000 00:00 0 
bfd00000-bfe00000 rw-p 00000000 00:00 0 
bfe00000-bfe4d000 rw-p 00000000 00:00 0 
bfe4d000-bff00000 ---p 00000000 00:00 0 
bff00000-c0000000 rw-p 00000000 00:00 0 
c0000000-c00fe000 rw-p 00000000 00:00 0 
c00fe000-c0100000 ---p 00000000 00:00 0 
c0100000-c01ff000 rw-p 00000000 00:00 0 
c01ff000-c0200000 ---p 00000000 00:00 0 
c0200000-c0300000 rw-p 00000000 00:00 0 
c0300000-c0400000 rw-p 00000000 00:00 0 
c0400000-c0500000 rw-p 00000000 00:00 0 
c050d000-c0510000 ---p 00000000 00:00 0 
c0510000-c055e000 rw-p 00000000 00:00 0 
c055e000-c0561000 ---p 00000000 00:00 0 
c0561000-c05af000 rw-p 00000000 00:00 0 
c05af000-c05b2000 ---p 00000000 00:00 0 
c05b2000-c0600000 rw-p 00000000 00:00 0 
c0600000-c06ff000 rw-p 00000000 00:00 0 
c06ff000-c0700000 ---p 00000000 00:00 0 
c0735000-c0738000 ---p 00000000 00:00 0 
c0738000-c0786000 rw-p 00000000 00:00 0 
c07bc000-c07bf000 ---p 00000000 00:00 0 
c07bf000-c080d000 rw-p 00000000 00:00 0 
c080d000-c0810000 ---p 00000000 00:00 0 
c0810000-c085e000 rw-p 00000000 00:00 0 
c085e000-c0861000 ---p 00000000 00:00 0 
c0861000-c08af000 rw-p 00000000 00:00 0 
c08af000-c08b2000 ---p 00000000 00:00 0 
c08b2000-c0900000 rw-p 00000000 00:00 0 
c0972000-c0975000 ---p 00000000 00:00 0 
c0975000-c09c3000 rw-p 00000000 00:00 0 
c0a15000-c0a18000 ---p 00000000 00:00 0 
c0a18000-c0a66000 rw-p 00000000 00:00 0 
c0a66000-c0a69000 ---p 00000000 00:00 0 
c0a69000-c0ab7000 rw-p 00000000 00:00 0 
c0ade000-c0b5e000 rw-p 00000000 00:00 0 
c0b5e000-c0b61000 ---p 00000000 00:00 0 
c0b61000-c0baf000 rw-p 00000000 00:00 0 
c0baf000-c0bb2000 ---p 00000000 00:00 0 
c0bb2000-c0c00000 rw-p 00000000 00:00 0 
c0c00000-c0cfe000 rw-p 00000000 00:00 0 
c0cfe000-c0d00000 ---p 00000000 00:00 0 
c0d00000-c0e00000 rw-p 00000000 00:00 0 
c0e00000-c0ef1000 rw-p 00000000 00:00 0 
c0ef1000-c0f00000 ---p 00000000 00:00 0 
c0f0d000-c0f10000 ---p 00000000 00:00 0 
c0f10000-c0f5e000 rw-p 00000000 00:00 0 
c0f5e000-c0f61000 ---p 00000000 00:00 0 
c0f61000-c0faf000 rw-p 00000000 00:00 0 
c0faf000-c0fb2000 ---p 00000000 00:00 0 
c0fb2000-c1000000 rw-p 00000000 00:00 0 
c1000000-c10fd000 rw-p 00000000 00:00 0 
c10fd000-c1100000 ---p 00000000 00:00 0 
c1100000-c11fa000 rw-p 00000000 00:00 0 
c11fa000-c1200000 ---p 00000000 00:00 0 
c1200000-c12f7000 rw-p 00000000 00:00 0 
c12f7000-c1300000 ---p 00000000 00:00 0 
c1300000-c13fd000 rw-p 00000000 00:00 0 
c13fd000-c1400000 ---p 00000000 00:00 0 
c1400000-c14fe000 rw-p 00000000 00:00 0 
c14fe000-c1500000 ---p 00000000 00:00 0 
c150d000-c1510000 ---p 00000000 00:00 0 
c1510000-c155e000 rw-p 00000000 00:00 0 
c155e000-c1561000 ---p 00000000 00:00 0 
c1561000-c15af000 rw-p 00000000 00:00 0 
c15af000-c15b2000 ---p 00000000 00:00 0 
c15b2000-c1600000 rw-p 00000000 00:00 0 
c1600000-c16f5000 rw-p 00000000 00:00 0 
c16f5000-c1700000 ---p 00000000 00:00 0 
c1700000-c17ff000 rw-p 00000000 00:00 0 
c17ff000-c1800000 ---p 00000000 00:00 0 
c1800000-c1a00000 rw-p 00000000 00:00 0 
c1a00000-c1afa000 rw-p 00000000 00:00 0 
c1afa000-c1b00000 ---p 00000000 00:00 0 
c1b00000-c1c00000 rw-p 00000000 00:00 0 
c1c00000-c1ce0000 rw-p 00000000 00:00 0 
c1ce0000-c1d00000 ---p 00000000 00:00 0 
c1d0d000-c1d10000 ---p 00000000 00:00 0 
c1d10000-c1d5e000 rw-p 00000000 00:00 0 
c1d5e000-c1d61000 ---p 00000000 00:00 0 
c1d61000-c1daf000 rw-p 00000000 00:00 0 
c1daf000-c1db2000 ---p 00000000 00:00 0 
c1db2000-c1e00000 rw-p 00000000 00:00 0 
c1e00000-c1edb000 rw-p 00000000 00:00 0 
c1edb000-c1f00000 ---p 00000000 00:00 0 
c1f00000-c1ffe000 rw-p 00000000 00:00 0 
c1ffe000-c2000000 ---p 00000000 00:00 0 
c2000000-c20f8000 rw-p 00000000 00:00 0 
c20f8000-c2100000 ---p 00000000 00:00 0 
c216f000-c21af000 rw-p 00000000 00:00 0 
c21af000-c21b2000 ---p 00000000 00:00 0 
c21b2000-c2200000 rw-p 00000000 00:00 0 
c2200000-c2300000 rw-p 00000000 00:00 0 
c2300000-c23f2000 rw-p 00000000 00:00 0 
c23f2000-c2400000 ---p 00000000 00:00 0 
c2400000-c24fe000 rw-p 00000000 00:00 0 
c24fe000-c2500000 ---p 00000000 00:00 0 
c250d000-c2510000 ---p 00000000 00:00 0 
c2510000-c255e000 rw-p 00000000 00:00 0 
c255e000-c2561000 ---p 00000000 00:00 0 
c2561000-c25af000 rw-p 00000000 00:00 0 
c25af000-c25b2000 ---p 00000000 00:00 0 
c25b2000-c2600000 rw-p 00000000 00:00 0 
c2600000-c26ff000 rw-p 00000000 00:00 0 
c26ff000-c2700000 ---p 00000000 00:00 0 
c2700000-c27fb000 rw-p 00000000 00:00 0 
c27fb000-c2800000 ---p 00000000 00:00 0 
c2800000-c2900000 rw-p 00000000 00:00 0 
c2900000-c2a00000 rw-p 00000000 00:00 0 
c2a00000-c2b00000 rw-p 00000000 00:00 0 
c2b00000-c2c00000 rw-p 00000000 00:00 0 
c2c00000-c2cfd000 rw-p 00000000 00:00 0 
c2cfd000-c2d00000 ---p 00000000 00:00 0 
c2d00000-c2dfa000 rw-p 00000000 00:00 0 
c2dfa000-c2e00000 ---p 00000000 00:00 0 
c2e00000-c2efd000 rw-p 00000000 00:00 0 
c2efd000-c2f00000 ---p 00000000 00:00 0 
c2f00000-c2ff9000 rw-p 00000000 00:00 0 
c2ff9000-c3000000 ---p 00000000 00:00 0 
c3000000-c30ed000 rw-p 00000000 00:00 0 
c30ed000-c3100000 ---p 00000000 00:00 0 
c3100000-c31f9000 rw-p 00000000 00:00 0 
c31f9000-c3200000 ---p 00000000 00:00 0 
c3200000-c32f4000 rw-p 00000000 00:00 0 
c32f4000-c3300000 ---p 00000000 00:00 0 
c330d000-c3310000 ---p 00000000 00:00 0 
c3310000-c335e000 rw-p 00000000 00:00 0 
c335e000-c3361000 ---p 00000000 00:00 0 
c3361000-c33af000 rw-p 00000000 00:00 0 
c33af000-c33b2000 ---p 00000000 00:00 0 
c33b2000-c3400000 rw-p 00000000 00:00 0 
c3400000-c34f2000 rw-p 00000000 00:00 0 
c34f2000-c3500000 ---p 00000000 00:00 0 
c3500000-c3600000 rw-p 00000000 00:00 0 
c3600000-c36ff000 rw-p 00000000 00:00 0 
c36ff000-c3700000 ---p 00000000 00:00 0 
c3700000-c37d5000 rw-p 00000000 00:00 0 
c37d5000-c3800000 ---p 00000000 00:00 0 
c3800000-c3900000 rw-p 00000000 00:00 0 
c3900000-c3a00000 rw-p 00000000 00:00 0 
c3a00000-c3afa000 rw-p 00000000 00:00 0 
c3afa000-c3b00000 ---p 00000000 00:00 0 
c3b00000-c3c00000 rw-p 00000000 00:00 0 
c3c00000-c3d00000 rw-p 00000000 00:00 0 
c3d00000-c3dfa000 rw-p 00000000 00:00 0 
c3dfa000-c3e00000 ---p 00000000 00:00 0 
c3e00000-c3efc000 rw-p 00000000 00:00 0 
c3efc000-c3f00000 ---p 00000000 00:00 0 
c3f11000-c3f12000 ---p 00000000 00:00 0 
c3f12000-c3f92000 rw-p 00000000 00:00 0                                  [stack:27718]
c3f92000-c3f95000 ---p 00000000 00:00 0 
c3f95000-c4013000 rw-p 00000000 00:00 0                                  [stack:27713]
c4013000-c4016000 ---p 00000000 00:00 0 
c4016000-c4094000 rw-p 00000000 00:00 0                                  [stack:27711]
c4094000-c4097000 ---p 00000000 00:00 0 
c4097000-c4115000 rw-p 00000000 00:00 0                                  [stack:27709]
c4115000-c4118000 ---p 00000000 00:00 0 
c4118000-c4277000 rw-p 00000000 00:00 0                                  [stack:27707]
c4277000-c4400000 r--p 00000000 09:01 7439259                            /usr/lib/locale/locale-archive
c4400000-c4421000 rw-p 00000000 00:00 0 
c4421000-c4500000 ---p 00000000 00:00 0 
c450a000-c450d000 ---p 00000000 00:00 0 
c450d000-c455b000 rw-p 00000000 00:00 0 
c455b000-c4600000 r--s 010b2000 09:01 25264288                           /var/lib/jenkins/tools/java/32bit/jdk1.8.0-ea-b121/jre/lib/ext/jfxrt.jar
c4600000-c46fd000 rw-p 00000000 00:00 0 
c46fd000-c4700000 ---p 00000000 00:00 0 
c4700000-c47f9000 rw-p 00000000 00:00 0 
c47f9000-c4800000 ---p 00000000 00:00 0 
c4800000-c48fd000 rw-p 00000000 00:00 0 
c48fd000-c4900000 ---p 00000000 00:00 0 
c490e000-c4911000 ---p 00000000 00:00 0 
c4911000-c495f000 rw-p 00000000 00:00 0                                  [stack:31815]
c495f000-c4960000 ---p 00000000 00:00 0 
c4960000-c49e0000 rw-p 00000000 00:00 0                                  [stack:27700]
c49e0000-c4bb4000 r--s 03c2b000 09:01 25256086                           /var/lib/jenkins/tools/java/32bit/jdk1.8.0-ea-b121/jre/lib/rt.jar
c4bb4000-c4ffa000 rw-p 00000000 00:00 0 
c4ffa000-c5000000 ---p 00000000 00:00 0 
c5000000-c5100000 rw-p 00000000 00:00 0 
c5107000-c517f000 r--s 010c5000 09:01 25248323                           /var/lib/jenkins/tools/java/32bit/jdk1.8.0-ea-b121/lib/tools.jar
c517f000-c5180000 ---p 00000000 00:00 0 
c5180000-c5200000 rw-p 00000000 00:00 0                                  [stack:27696]
c5200000-c52fc000 rw-p 00000000 00:00 0 
c52fc000-c5300000 ---p 00000000 00:00 0 
c5300000-c53fd000 rw-p 00000000 00:00 0 
c53fd000-c5400000 ---p 00000000 00:00 0 
c5400000-c5421000 rw-p 00000000 00:00 0 
c5421000-c5500000 ---p 00000000 00:00 0 
c5500000-c5503000 ---p 00000000 00:00 0 
c5503000-c5551000 rw-p 00000000 00:00 0                                  [stack:31816]
c5551000-c5552000 ---p 00000000 00:00 0 
c5552000-c55d2000 rw-p 00000000 00:00 0                                  [stack:27695]
c55d2000-c55d3000 ---p 00000000 00:00 0 
c55d3000-c612e000 rw-p 00000000 00:00 0                                  [stack:27694]
c612e000-c6154000 ---p 00000000 00:00 0 
c6154000-c61ff000 rw-p 00000000 00:00 0 
c61ff000-cbf30000 rw-p 00000000 00:00 0 
cbf30000-d0ca0000 ---p 00000000 00:00 0 
d0ca0000-e6200000 rw-p 00000000 00:00 0 
e6204000-e6207000 ---p 00000000 00:00 0 
e6207000-e6300000 rw-p 00000000 00:00 0                                  [stack:27715]
e6300000-e6400000 rw-p 00000000 00:00 0 
e642e000-e6431000 ---p 00000000 00:00 0 
e6431000-e647f000 rw-p 00000000 00:00 0                                  [stack:27705]
e647f000-e6480000 ---p 00000000 00:00 0 
e6480000-e6500000 rw-p 00000000 00:00 0                                  [stack:27693]
e6500000-e65ff000 rw-p 00000000 00:00 0 
e65ff000-e6600000 ---p 00000000 00:00 0 
e6612000-e662e000 r--s 00393000 09:01 25264289                           /var/lib/jenkins/tools/java/32bit/jdk1.8.0-ea-b121/jre/lib/ext/cldrdata.jar
e662e000-e6631000 ---p 00000000 00:00 0 
e6631000-e667f000 rw-p 00000000 00:00 0                                  [stack:27703]
e667f000-e6680000 ---p 00000000 00:00 0 
e6680000-e6700000 rw-p 00000000 00:00 0                                  [stack:27692]
e6700000-e67ff000 rw-p 00000000 00:00 0 
e67ff000-e6800000 ---p 00000000 00:00 0 
e680b000-e6816000 r--s 00209000 09:01 25264292                           /var/lib/jenkins/tools/java/32bit/jdk1.8.0-ea-b121/jre/lib/ext/localedata.jar
e6816000-e6829000 r-xp 00000000 09:01 46244482                           /lib/i386-linux-gnu/libresolv-2.15.so
e6829000-e682a000 ---p 00013000 09:01 46244482                           /lib/i386-linux-gnu/libresolv-2.15.so
e682a000-e682b000 r--p 00013000 09:01 46244482                           /lib/i386-linux-gnu/libresolv-2.15.so
e682b000-e682c000 rw-p 00014000 09:01 46244482                           /lib/i386-linux-gnu/libresolv-2.15.so
e682c000-e682e000 rw-p 00000000 00:00 0 
e682e000-e6831000 ---p 00000000 00:00 0 
e6831000-e687f000 rw-p 00000000 00:00 0                                  [stack:27702]
e687f000-e6880000 ---p 00000000 00:00 0 
e6880000-e6900000 rw-p 00000000 00:00 0                                  [stack:27691]
e6900000-e6931000 rw-p 00000000 00:00 0 
e6931000-e6a00000 ---p 00000000 00:00 0 
e6a09000-e6a2e000 r--s 000f6000 09:01 21971354                           /var/lib/jenkins/.ivy2/cache/com.carrotsearch.randomizedtesting/junit4-ant/jars/junit4-ant-2.0.13.jar
e6a2e000-e6a31000 ---p 00000000 00:00 0 
e6a31000-e6a7f000 rw-p 00000000 00:00 0                                  [stack:27701]
e6a7f000-e6a80000 ---p 00000000 00:00 0 
e6a80000-e6b00000 rw-p 00000000 00:00 0                                  [stack:27690]
e6b00000-e6b39000 rw-p 00000000 00:00 0 
e6b39000-e6c00000 ---p 00000000 00:00 0 
e6c01000-e6c03000 rw-p 00000000 00:00 0 
e6c03000-e6c12000 r-xp 00000000 09:01 25256067                           /var/lib/jenkins/tools/java/32bit/jdk1.8.0-ea-b121/jre/lib/i386/libnio.so
e6c12000-e6c13000 rw-p 0000e000 09:01 25256067                           /var/lib/jenkins/tools/java/32bit/jdk1.8.0-ea-b121/jre/lib/i386/libnio.so
e6c13000-e6c31000 r--s 001bb000 09:01 24921705                           /var/lib/jenkins/tools/hudson.tasks.Ant_AntInstallation/ANT_1.8.2/lib/ant.jar
e6c31000-e6c7f000 rw-p 00000000 00:00 0 
e6c7f000-e6c80000 ---p 00000000 00:00 0 
e6c80000-e6d00000 rw-p 00000000 00:00 0                                  [stack:27689]
e6d00000-e6d2d000 rw-p 00000000 00:00 0 
e6d2d000-e6e00000 ---p 00000000 00:00 0 
e6e00000-e6e36000 rw-p 00000000 00:00 0 
e6e36000-e6f00000 ---p 00000000 00:00 0 
e6f00000-e6f04000 r--s 00092000 09:01 25255993                           /var/lib/jenkins/tools/java/32bit/jdk1.8.0-ea-b121/jre/lib/jsse.jar
e6f04000-e6f09000 r-xp 00000000 09:01 46244538                           /lib/i386-linux-gnu/libnss_dns-2.15.so
e6f09000-e6f0a000 r--p 00004000 09:01 46244538                           /lib/i386-linux-gnu/libnss_dns-2.15.so
e6f0a000-e6f0b000 rw-p 00005000 09:01 46244538                           /lib/i386-linux-gnu/libnss_dns-2.15.so
e6f0b000-e6f13000 r-xp 00000000 09:01 25256027                           /var/lib/jenkins/tools/java/32bit/jdk1.8.0-ea-b121/jre/lib/i386/libmanagement.so
e6f13000-e6f14000 rw-p 00007000 09:01 25256027                           /var/lib/jenkins/tools/java/32bit/jdk1.8.0-ea-b121/jre/lib/i386/libmanagement.so
e6f14000-e6f15000 r--s 00001000 09:01 24920592                           /var/lib/jenkins/tools/hudson.tasks.Ant_AntInstallation/ANT_1.8.2/lib/ant-antlr.jar
e6f15000-e6f17000 r--s 00001000 09:01 24921649                           /var/lib/jenkins/tools/hudson.tasks.Ant_AntInstallation/ANT_1.8.2/lib/ant-apache-bcel.jar
e6f17000-e6f18000 r--s 00001000 09:01 24921006                           /var/lib/jenkins/tools/hudson.tasks.Ant_AntInstallation/ANT_1.8.2/lib/ant-junit4.jar
e6f18000-e6f19000 r--s 00000000 09:01 24921455                           /var/lib/jenkins/tools/hudson.tasks.Ant_AntInstallation/ANT_1.8.2/lib/ant-apache-regexp.jar
e6f19000-e6f1a000 r--s 00002000 09:01 24920598                           /var/lib/jenkins/tools/hudson.tasks.Ant_AntInstallation/ANT_1.8.2/lib/ant-netrexx.jar
e6f1a000-e6f1c000 r--s 00001000 09:01 24921720                           /var/lib/jenkins/tools/hudson.tasks.Ant_AntInstallation/ANT_1.8.2/lib/ant-jdepend.jar
e6f1c000-e6f1d000 r--s 00000000 09:01 24920432                           /var/lib/jenkins/tools/hudson.tasks.Ant_AntInstallation/ANT_1.8.2/lib/ant-apache-bsf.jar
e6f1d000-e6f1f000 r--s 00013000 09:01 24920361                           /var/lib/jenkins/tools/hudson.tasks.Ant_AntInstallation/ANT_1.8.2/lib/ant-commons-net.jar
e6f1f000-e6f20000 r--s 00009000 09:01 24920848                           /var/lib/jenkins/tools/hudson.tasks.Ant_AntInstallation/ANT_1.8.2/lib/ant-jsch.jar
e6f20000-e6f22000 r--s 00017000 09:01 24920318                           /var/lib/jenkins/tools/hudson.tasks.Ant_AntInstallation/ANT_1.8.2/lib/ant-junit.jar
e6f22000-e6f23000 r--s 00000000 09:01 24920238                           /var/lib/jenkins/tools/hudson.tasks.Ant_AntInstallation/ANT_1.8.2/lib/ant-apache-log4j.jar
e6f23000-e6f24000 r--s 00000000 09:01 24921343                           /var/lib/jenkins/tools/hudson.tasks.Ant_AntInstallation/ANT_1.8.2/lib/ant-commons-logging.jar
e6f24000-e6f7f000 rw-p 00000000 00:00 0 
e6f7f000-e6f80000 ---p 00000000 00:00 0 
e6f80000-e7000000 rw-p 00000000 00:00 0                                  [stack:27688]
e7000000-e703e000 rw-p 00000000 00:00 0 
e703e000-e7100000 ---p 00000000 00:00 0 
e7100000-e7101000 r--s 00003000 09:01 24921363                           /var/lib/jenkins/tools/hudson.tasks.Ant_AntInstallation/ANT_1.8.2/lib/ant-testutil.jar
e7101000-e7102000 r--s 00000000 09:01 24921724                           /var/lib/jenkins/tools/hudson.tasks.Ant_AntInstallation/ANT_1.8.2/lib/ant-apache-resolver.jar
e7102000-e7103000 r--s 00001000 09:01 24921520                           /var/lib/jenkins/tools/hudson.tasks.Ant_AntInstallation/ANT_1.8.2/lib/ant-javamail.jar
e7103000-e7104000 r--s 00000000 09:01 24921304                           /var/lib/jenkins/tools/hudson.tasks.Ant_AntInstallation/ANT_1.8.2/lib/ant-apache-xalan2.jar
e7104000-e7119000 r--s 00116000 09:01 21922832                           /var/lib/jenkins/.ant/lib/ivy-2.3.0.jar
e7119000-e711e000 r--s 0002b000 08:21 786447                             /mnt/ssd/jenkins/workspace/Lucene-Solr-trunk-Linux/lucene/test-framework/lib/randomizedtesting-runner-2.0.13.jar
e711e000-e713e000 rw-p 00000000 00:00 0 
e713e000-e713f000 ---p 00000000 00:00 0 
e713f000-e71bf000 rw-p 00000000 00:00 0                                  [stack:27687]
e71bf000-e71c0000 ---p 00000000 00:00 0 
e71c0000-e732e000 rw-p 00000000 00:00 0                                  [stack:27686]
e732e000-e7600000 ---p 00000000 00:00 0 
e7600000-eb148000 rwxp 00000000 00:00 0 
eb148000-f6600000 ---p 00000000 00:00 0 
f6600000-f66fe000 rw-p 00000000 00:00 0 
f66fe000-f6700000 ---p 00000000 00:00 0 
f6700000-f6701000 r--s 00001000 09:01 24921688                           /var/lib/jenkins/tools/hudson.tasks.Ant_AntInstallation/ANT_1.8.2/lib/ant-jmf.jar
f6701000-f6703000 r--s 00008000 09:01 24920135                           /var/lib/jenkins/tools/hudson.tasks.Ant_AntInstallation/ANT_1.8.2/lib/ant-apache-oro.jar
f6703000-f6717000 r-xp 00000000 09:01 25256038                           /var/lib/jenkins/tools/java/32bit/jdk1.8.0-ea-b121/jre/lib/i386/libnet.so
f6717000-f6718000 rw-p 00014000 09:01 25256038                           /var/lib/jenkins/tools/java/32bit/jdk1.8.0-ea-b121/jre/lib/i386/libnet.so
f6718000-f672e000 rw-p 00000000 00:00 0 
f672e000-f6747000 r-xp 00000000 09:01 25256031                           /var/lib/jenkins/tools/java/32bit/jdk1.8.0-ea-b121/jre/lib/i386/libzip.so
f6747000-f6748000 rw-p 00018000 09:01 25256031                           /var/lib/jenkins/tools/java/32bit/jdk1.8.0-ea-b121/jre/lib/i386/libzip.so
f6748000-f6753000 r-xp 00000000 09:01 46244544                           /lib/i386-linux-gnu/libnss_files-2.15.so
f6753000-f6754000 r--p 0000a000 09:01 46244544                           /lib/i386-linux-gnu/libnss_files-2.15.so
f6754000-f6755000 rw-p 0000b000 09:01 46244544                           /lib/i386-linux-gnu/libnss_files-2.15.so
f6755000-f675f000 r-xp 00000000 09:01 46244542                           /lib/i386-linux-gnu/libnss_nis-2.15.so
f675f000-f6760000 r--p 00009000 09:01 46244542                           /lib/i386-linux-gnu/libnss_nis-2.15.so
f6760000-f6761000 rw-p 0000a000 09:01 46244542                           /lib/i386-linux-gnu/libnss_nis-2.15.so
f6761000-f6777000 r-xp 00000000 09:01 46244450                           /lib/i386-linux-gnu/libnsl-2.15.so
f6777000-f6778000 r--p 00015000 09:01 46244450                           /lib/i386-linux-gnu/libnsl-2.15.so
f6778000-f6779000 rw-p 00016000 09:01 46244450                           /lib/i386-linux-gnu/libnsl-2.15.so
f6779000-f677b000 rw-p 00000000 00:00 0 
f677b000-f6782000 r-xp 00000000 09:01 46244545                           /lib/i386-linux-gnu/libnss_compat-2.15.so
f6782000-f6783000 r--p 00006000 09:01 46244545                           /lib/i386-linux-gnu/libnss_compat-2.15.so
f6783000-f6784000 rw-p 00007000 09:01 46244545                           /lib/i386-linux-gnu/libnss_compat-2.15.so
f6784000-f6786000 r--s 00004000 09:01 24920823                           /var/lib/jenkins/tools/hudson.tasks.Ant_AntInstallation/ANT_1.8.2/lib/ant-jai.jar
f6786000-f678d000 r--s 00037000 08:21 786458                             /mnt/ssd/jenkins/workspace/Lucene-Solr-trunk-Linux/lucene/test-framework/lib/junit-4.10.jar
f678d000-f6795000 rw-s 00000000 00:11 34434427                           /tmp/hsperfdata_jenkins/27661
f6795000-f67b9000 r-xp 00000000 09:01 25256062                           /var/lib/jenkins/tools/java/32bit/jdk1.8.0-ea-b121/jre/lib/i386/libjava.so
f67b9000-f67ba000 rw-p 00023000 09:01 25256062                           /var/lib/jenkins/tools/java/32bit/jdk1.8.0-ea-b121/jre/lib/i386/libjava.so
f67ba000-f67c1000 r-xp 00000000 09:01 46244531                           /lib/i386-linux-gnu/librt-2.15.so
f67c1000-f67c2000 r--p 00006000 09:01 46244531                           /lib/i386-linux-gnu/librt-2.15.so
f67c2000-f67c3000 rw-p 00007000 09:01 46244531                           /lib/i386-linux-gnu/librt-2.15.so
f67c3000-f67c6000 ---p 00000000 00:00 0 
f67c6000-f6814000 rw-p 00000000 00:00 0                                  [stack:27665]
f6814000-f683e000 r-xp 00000000 09:01 46244540                           /lib/i386-linux-gnu/libm-2.15.so
f683e000-f683f000 r--p 00029000 09:01 46244540                           /lib/i386-linux-gnu/libm-2.15.so
f683f000-f6840000 rw-p 0002a000 09:01 46244540                           /lib/i386-linux-gnu/libm-2.15.so
f6840000-f7147000 r-xp 00000000 09:01 25256022                           /var/lib/jenkins/tools/java/32bit/jdk1.8.0-ea-b121/jre/lib/i386/server/libjvm.so
f7147000-f71af000 rw-p 00907000 09:01 25256022                           /var/lib/jenkins/tools/java/32bit/jdk1.8.0-ea-b121/jre/lib/i386/server/libjvm.so
f71af000-f75d3000 rw-p 00000000 00:00 0 
f75d3000-f7777000 r-xp 00000000 09:01 46244547                           /lib/i386-linux-gnu/libc-2.15.so
f7777000-f7779000 r--p 001a4000 09:01 46244547                           /lib/i386-linux-gnu/libc-2.15.so
f7779000-f777a000 rw-p 001a6000 09:01 46244547                           /lib/i386-linux-gnu/libc-2.15.so
f777a000-f777d000 rw-p 00000000 00:00 0 
f777d000-f7780000 r-xp 00000000 09:01 46244546                           /lib/i386-linux-gnu/libdl-2.15.so
f7780000-f7781000 r--p 00002000 09:01 46244546                           /lib/i386-linux-gnu/libdl-2.15.so
f7781000-f7782000 rw-p 00003000 09:01 46244546                           /lib/i386-linux-gnu/libdl-2.15.so
f7782000-f7796000 r-xp 00000000 09:01 25256054                           /var/lib/jenkins/tools/java/32bit/jdk1.8.0-ea-b121/jre/lib/i386/jli/libjli.so
f7796000-f7797000 rw-p 00013000 09:01 25256054                           /var/lib/jenkins/tools/java/32bit/jdk1.8.0-ea-b121/jre/lib/i386/jli/libjli.so
f7797000-f7798000 rw-p 00000000 00:00 0 
f7798000-f77af000 r-xp 00000000 09:01 46244508                           /lib/i386-linux-gnu/libpthread-2.15.so
f77af000-f77b0000 r--p 00016000 09:01 46244508                           /lib/i386-linux-gnu/libpthread-2.15.so
f77b0000-f77b1000 rw-p 00017000 09:01 46244508                           /lib/i386-linux-gnu/libpthread-2.15.so
f77b1000-f77b3000 rw-p 00000000 00:00 0 
f77b3000-f77b4000 r--s 00001000 09:01 24921046                           /var/lib/jenkins/tools/hudson.tasks.Ant_AntInstallation/ANT_1.8.2/lib/ant-swing.jar
f77b4000-f77b6000 r--s 00002000 09:01 24921172                           /var/lib/jenkins/tools/hudson.tasks.Ant_AntInstallation/ANT_1.8.2/lib/ant-launcher.jar
f77b6000-f77b7000 rw-p 00000000 00:00 0 
f77b7000-f77b8000 ---p 00000000 00:00 0 
f77b8000-f77c3000 r-xp 00000000 09:01 25256078                           /var/lib/jenkins/tools/java/32bit/jdk1.8.0-ea-b121/jre/lib/i386/libverify.so
f77c3000-f77c4000 rw-p 0000b000 09:01 25256078                           /var/lib/jenkins/tools/java/32bit/jdk1.8.0-ea-b121/jre/lib/i386/libverify.so
f77c4000-f77c6000 rw-p 00000000 00:00 0 
f77c6000-f77c7000 r-xp 00000000 00:00 0                                  [vdso]
f77c7000-f77e7000 r-xp 00000000 09:01 46244529                           /lib/i386-linux-gnu/ld-2.15.so
f77e7000-f77e8000 r--p 0001f000 09:01 46244529                           /lib/i386-linux-gnu/ld-2.15.so
f77e8000-f77e9000 rw-p 00020000 09:01 46244529                           /lib/i386-linux-gnu/ld-2.15.so
ff90f000-ff910000 rwxp 00000000 00:00 0 
ff941000-ff963000 rw-p 00000000 00:00 0                                  [stack]

VM Arguments:
jvm_args: -XX:+UseConcMarkSweepGC -XX:+HeapDumpOnOutOfMemoryError -XX:HeapDumpPath=/mnt/ssd/jenkins/workspace/Lucene-Solr-trunk-Linux/heapdumps -Dtests.prefix=tests -Dtests.seed=9E085C3DBEC84015 -Xmx512M -Dtests.iters= -Dtests.verbose=false -Dtests.infostream=false -Dtests.codec=random -Dtests.postingsformat=random -Dtests.docvaluesformat=random -Dtests.locale=random -Dtests.timezone=random -Dtests.directory=random -Dtests.linedocsfile=europarl.lines.txt.gz -Dtests.luceneMatchVersion=5.0 -Dtests.cleanthreads=perMethod -Djava.util.logging.config.file=/mnt/ssd/jenkins/workspace/Lucene-Solr-trunk-Linux/lucene/tools/junit4/logging.properties -Dtests.nightly=false -Dtests.weekly=false -Dtests.slow=true -Dtests.asserts.gracious=false -Dtests.multiplier=3 -DtempDir=. -Djava.io.tmpdir=. -Djunit4.tempDir=/mnt/ssd/jenkins/workspace/Lucene-Solr-trunk-Linux/lucene/build/core/test/temp -Dclover.db.dir=/mnt/ssd/jenkins/workspace/Lucene-Solr-trunk-Linux/lucene/build/clover/db -Djava.security.manager=org.apache.lucene.util.TestSecurityManager -Djava.security.policy=/mnt/ssd/jenkins/workspace/Lucene-Solr-trunk-Linux/lucene/tools/junit4/tests.policy -Dlucene.version=5.0-SNAPSHOT -Djetty.testMode=1 -Djetty.insecurerandom=1 -Dsolr.directoryFactory=org.apache.solr.core.MockDirectoryFactory -Djava.awt.headless=true -Djdk.map.althashing.threshold=0 -Djunit4.childvm.cwd=/mnt/ssd/jenkins/workspace/Lucene-Solr-trunk-Linux/lucene/build/core/test/J1 -Djunit4.childvm.id=1 -Dtests.disableHdfs=true -Dfile.encoding=US-ASCII -ea:org.apache.lucene... -ea:org.apache.solr... 
java_command: com.carrotsearch.ant.tasks.junit4.slave.SlaveMainSafe -eventsfile /mnt/ssd/jenkins/workspace/Lucene-Solr-trunk-Linux/lucene/build/core/test/temp/junit4-J1-20140102_162350_507.events @/mnt/ssd/jenkins/workspace/Lucene-Solr-trunk-Linux/lucene/build/core/test/temp/junit4-J1-20140102_162350_507.suites -stdin
java_class_path (initial): /mnt/ssd/jenkins/workspace/Lucene-Solr-trunk-Linux/lucene/build/codecs/classes/java:/mnt/ssd/jenkins/workspace/Lucene-Solr-trunk-Linux/lucene/build/test-framework/classes/java:/mnt/ssd/jenkins/workspace/Lucene-Solr-trunk-Linux/lucene/test-framework/lib/junit-4.10.jar:/mnt/ssd/jenkins/workspace/Lucene-Solr-trunk-Linux/lucene/test-framework/lib/randomizedtesting-runner-2.0.13.jar:/mnt/ssd/jenkins/workspace/Lucene-Solr-trunk-Linux/lucene/build/core/classes/java:/mnt/ssd/jenkins/workspace/Lucene-Solr-trunk-Linux/lucene/build/core/classes/test:/var/lib/jenkins/tools/hudson.tasks.Ant_AntInstallation/ANT_1.8.2/lib/ant-launcher.jar:/var/lib/jenkins/.ant/lib/ivy-2.3.0.jar:/var/lib/jenkins/tools/hudson.tasks.Ant_AntInstallation/ANT_1.8.2/lib/ant-jai.jar:/var/lib/jenkins/tools/hudson.tasks.Ant_AntInstallation/ANT_1.8.2/lib/ant-swing.jar:/var/lib/jenkins/tools/hudson.tasks.Ant_AntInstallation/ANT_1.8.2/lib/ant-apache-oro.jar:/var/lib/jenkins/tools/hudson.tasks.Ant_AntInstallation/ANT_1.8.2/lib/ant-jmf.jar:/var/lib/jenkins/tools/hudson.tasks.Ant_AntInstallation/ANT_1.8.2/lib/ant-apache-xalan2.jar:/var/lib/jenkins/tools/hudson.tasks.Ant_AntInstallation/ANT_1.8.2/lib/ant-javamail.jar:/var/lib/jenkins/tools/hudson.tasks.Ant_AntInstallation/ANT_1.8.2/lib/ant-apache-resolver.jar:/var/lib/jenkins/tools/hudson.tasks.Ant_AntInstallation/ANT_1.8.2/lib/ant-testutil.jar:/var/lib/jenkins/tools/hudson.tasks.Ant_AntInstallation/ANT_1.8.2/lib/ant-commons-logging.jar:/var/lib/jenkins/tools/hudson.tasks.Ant_AntInstallation/ANT_1.8.2/lib/ant-apache-log4j.jar:/var/lib/jenkins/tools/hudson.tasks.Ant_AntInstallation/ANT_1.8.2/lib/ant-junit.jar:/var/lib/jenkins/tools/hudson.tasks.Ant_AntInstallation/ANT_1.8.2/lib/ant-jsch.jar:/var/lib/jenkins/tools/hudson.tasks.Ant_AntInstallation/ANT_1.8.2/lib/ant-commons-net.jar:/var/lib/jenkins/tools/hudson.tasks.Ant_AntInstallation/ANT_1.8.2/lib/ant-apache-bsf.jar:/var/lib/jenkins/tools/hudson.tasks.Ant_AntInstallation/ANT_1.8.2/lib/a
Launcher Type: SUN_STANDARD

Environment Variables:
JAVA_HOME=/var/lib/jenkins/tools/java/32bit/jdk1.8.0-ea-b121
PATH=/var/lib/jenkins/tools/java/32bit/jdk1.8.0-ea-b121/bin:/usr/local/bin:/usr/bin:/bin:/usr/local/games:/usr/games
SHELL=/bin/bash

Signal Handlers:
SIGSEGV: [libjvm.so+0x862560], sa_mask[0]=0x7ffbfeff, sa_flags=0x10000004
SIGBUS: [libjvm.so+0x862560], sa_mask[0]=0x7ffbfeff, sa_flags=0x10000004
SIGFPE: [libjvm.so+0x6ee750], sa_mask[0]=0x7ffbfeff, sa_flags=0x10000004
SIGPIPE: [libjvm.so+0x6ee750], sa_mask[0]=0x7ffbfeff, sa_flags=0x10000004
SIGXFSZ: [libjvm.so+0x6ee750], sa_mask[0]=0x7ffbfeff, sa_flags=0x10000004
SIGILL: [libjvm.so+0x6ee750], sa_mask[0]=0x7ffbfeff, sa_flags=0x10000004
SIGUSR1: SIG_DFL, sa_mask[0]=0x00000000, sa_flags=0x00000000
SIGUSR2: [libjvm.so+0x6efe60], sa_mask[0]=0x00000004, sa_flags=0x10000004
SIGHUP: SIG_IGN, sa_mask[0]=0x00000000, sa_flags=0x00000000
SIGINT: [libjvm.so+0x6f1270], sa_mask[0]=0x7ffbfeff, sa_flags=0x10000004
SIGTERM: [libjvm.so+0x6f1270], sa_mask[0]=0x7ffbfeff, sa_flags=0x10000004
SIGQUIT: [libjvm.so+0x6f1270], sa_mask[0]=0x7ffbfeff, sa_flags=0x10000004


---------------  S Y S T E M  ---------------

OS:DISTRIB_ID=Ubuntu
DISTRIB_RELEASE=12.04
DISTRIB_CODENAME=precise
DISTRIB_DESCRIPTION="Ubuntu 12.04.3 LTS"

uname:Linux 3.8.0-34-generic #49~precise1-Ubuntu SMP Wed Nov 13 18:05:00 UTC 2013 x86_64
libc:glibc 2.15 NPTL 2.15 
rlimit: STACK 8192k, CORE 0k, NPROC 63640, NOFILE 32768, AS infinity
load average:2.56 3.87 3.73

/proc/meminfo:
MemTotal:        8168808 kB
MemFree:          150164 kB
Buffers:          278128 kB
Cached:          1862704 kB
SwapCached:        10640 kB
Active:          3587692 kB
Inactive:        1895944 kB
Active(anon):    2697300 kB
Inactive(anon):   694748 kB
Active(file):     890392 kB
Inactive(file):  1201196 kB
Unevictable:           0 kB
Mlocked:               0 kB
SwapTotal:       8291444 kB
SwapFree:        8233124 kB
Dirty:               504 kB
Writeback:             0 kB
AnonPages:       3334164 kB
Mapped:          1379820 kB
Shmem:             49236 kB
Slab:             287116 kB
SReclaimable:     230840 kB
SUnreclaim:        56276 kB
KernelStack:        3632 kB
PageTables:        22164 kB
NFS_Unstable:          0 kB
Bounce:                0 kB
WritebackTmp:          0 kB
CommitLimit:    12375848 kB
Committed_AS:    5760300 kB
VmallocTotal:   34359738367 kB
VmallocUsed:       39544 kB
VmallocChunk:   34359693920 kB
HardwareCorrupted:     0 kB
AnonHugePages:         0 kB
HugePages_Total:       0
HugePages_Free:        0
HugePages_Rsvd:        0
HugePages_Surp:        0
Hugepagesize:       2048 kB
DirectMap4k:      138944 kB
DirectMap2M:     8241152 kB


CPU:total 8 (4 cores per cpu, 2 threads per core) family 6 model 30 stepping 5, cmov, cx8, fxsr, mmx, sse, sse2, sse3, ssse3, sse4.1, sse4.2, popcnt, ht, tsc, tscinvbit

/proc/cpuinfo:
processor	: 0
vendor_id	: GenuineIntel
cpu family	: 6
model		: 30
model name	: Intel(R) Xeon(R) CPU           X3440  @ 2.53GHz
stepping	: 5
microcode	: 0x3
cpu MHz		: 2528.000
cache size	: 8192 KB
physical id	: 0
siblings	: 8
core id		: 0
cpu cores	: 4
apicid		: 0
initial apicid	: 0
fpu		: yes
fpu_exception	: yes
cpuid level	: 11
wp		: yes
flags		: fpu vme de pse tsc msr pae mce cx8 apic sep mtrr pge mca cmov pat pse36 clflush dts acpi mmx fxsr sse sse2 ss ht tm pbe syscall nx rdtscp lm constant_tsc arch_perfmon pebs bts rep_good nopl xtopology nonstop_tsc aperfmperf pni dtes64 monitor ds_cpl vmx smx est tm2 ssse3 cx16 xtpr pdcm sse4_1 sse4_2 popcnt lahf_lm ida dtherm tpr_shadow vnmi flexpriority ept vpid
bogomips	: 5053.71
clflush size	: 64
cache_alignment	: 64
address sizes	: 36 bits physical, 48 bits virtual
power management:

processor	: 1
vendor_id	: GenuineIntel
cpu family	: 6
model		: 30
model name	: Intel(R) Xeon(R) CPU           X3440  @ 2.53GHz
stepping	: 5
microcode	: 0x3
cpu MHz		: 1596.000
cache size	: 8192 KB
physical id	: 0
siblings	: 8
core id		: 1
cpu cores	: 4
apicid		: 2
initial apicid	: 2
fpu		: yes
fpu_exception	: yes
cpuid level	: 11
wp		: yes
flags		: fpu vme de pse tsc msr pae mce cx8 apic sep mtrr pge mca cmov pat pse36 clflush dts acpi mmx fxsr sse sse2 ss ht tm pbe syscall nx rdtscp lm constant_tsc arch_perfmon pebs bts rep_good nopl xtopology nonstop_tsc aperfmperf pni dtes64 monitor ds_cpl vmx smx est tm2 ssse3 cx16 xtpr pdcm sse4_1 sse4_2 popcnt lahf_lm ida dtherm tpr_shadow vnmi flexpriority ept vpid
bogomips	: 5053.71
clflush size	: 64
cache_alignment	: 64
address sizes	: 36 bits physical, 48 bits virtual
power management:

processor	: 2
vendor_id	: GenuineIntel
cpu family	: 6
model		: 30
model name	: Intel(R) Xeon(R) CPU           X3440  @ 2.53GHz
stepping	: 5
microcode	: 0x3
cpu MHz		: 2528.000
cache size	: 8192 KB
physical id	: 0
siblings	: 8
core id		: 2
cpu cores	: 4
apicid		: 4
initial apicid	: 4
fpu		: yes
fpu_exception	: yes
cpuid level	: 11
wp		: yes
flags		: fpu vme de pse tsc msr pae mce cx8 apic sep mtrr pge mca cmov pat pse36 clflush dts acpi mmx fxsr sse sse2 ss ht tm pbe syscall nx rdtscp lm constant_tsc arch_perfmon pebs bts rep_good nopl xtopology nonstop_tsc aperfmperf pni dtes64 monitor ds_cpl vmx smx est tm2 ssse3 cx16 xtpr pdcm sse4_1 sse4_2 popcnt lahf_lm ida dtherm tpr_shadow vnmi flexpriority ept vpid
bogomips	: 5053.71
clflush size	: 64
cache_alignment	: 64
address sizes	: 36 bits physical, 48 bits virtual
power management:

processor	: 3
vendor_id	: GenuineIntel
cpu family	: 6
model		: 30
model name	: Intel(R) Xeon(R) CPU           X3440  @ 2.53GHz
stepping	: 5
microcode	: 0x3
cpu MHz		: 2528.000
cache size	: 8192 KB
physical id	: 0
siblings	: 8
core id		: 3
cpu cores	: 4
apicid		: 6
initial apicid	: 6
fpu		: yes
fpu_exception	: yes
cpuid level	: 11
wp		: yes
flags		: fpu vme de pse tsc msr pae mce cx8 apic sep mtrr pge mca cmov pat pse36 clflush dts acpi mmx fxsr sse sse2 ss ht tm pbe syscall nx rdtscp lm constant_tsc arch_perfmon pebs bts rep_good nopl xtopology nonstop_tsc aperfmperf pni dtes64 monitor ds_cpl vmx smx est tm2 ssse3 cx16 xtpr pdcm sse4_1 sse4_2 popcnt lahf_lm ida dtherm tpr_shadow vnmi flexpriority ept vpid
bogomips	: 5053.71
clflush size	: 64
cache_alignment	: 64
address sizes	: 36 bits physical, 48 bits virtual
power management:

processor	: 4
vendor_id	: GenuineIntel
cpu family	: 6
model		: 30
model name	: Intel(R) Xeon(R) CPU           X3440  @ 2.53GHz
stepping	: 5
microcode	: 0x3
cpu MHz		: 1197.000
cache size	: 8192 KB
physical id	: 0
siblings	: 8
core id		: 0
cpu cores	: 4
apicid		: 1
initial apicid	: 1
fpu		: yes
fpu_exception	: yes
cpuid level	: 11
wp		: yes
flags		: fpu vme de pse tsc msr pae mce cx8 apic sep mtrr pge mca cmov pat pse36 clflush dts acpi mmx fxsr sse sse2 ss ht tm pbe syscall nx rdtscp lm constant_tsc arch_perfmon pebs bts rep_good nopl xtopology nonstop_tsc aperfmperf pni dtes64 monitor ds_cpl vmx smx est tm2 ssse3 cx16 xtpr pdcm sse4_1 sse4_2 popcnt lahf_lm ida dtherm tpr_shadow vnmi flexpriority ept vpid
bogomips	: 5053.71
clflush size	: 64
cache_alignment	: 64
address sizes	: 36 bits physical, 48 bits virtual
power management:

processor	: 5
vendor_id	: GenuineIntel
cpu family	: 6
model		: 30
model name	: Intel(R) Xeon(R) CPU           X3440  @ 2.53GHz
stepping	: 5
microcode	: 0x3
cpu MHz		: 2528.000
cache size	: 8192 KB
physical id	: 0
siblings	: 8
core id		: 1
cpu cores	: 4
apicid		: 3
initial apicid	: 3
fpu		: yes
fpu_exception	: yes
cpuid level	: 11
wp		: yes
flags		: fpu vme de pse tsc msr pae mce cx8 apic sep mtrr pge mca cmov pat pse36 clflush dts acpi mmx fxsr sse sse2 ss ht tm pbe syscall nx rdtscp lm constant_tsc arch_perfmon pebs bts rep_good nopl xtopology nonstop_tsc aperfmperf pni dtes64 monitor ds_cpl vmx smx est tm2 ssse3 cx16 xtpr pdcm sse4_1 sse4_2 popcnt lahf_lm ida dtherm tpr_shadow vnmi flexpriority ept vpid
bogomips	: 5053.71
clflush size	: 64
cache_alignment	: 64
address sizes	: 36 bits physical, 48 bits virtual
power management:

processor	: 6
vendor_id	: GenuineIntel
cpu family	: 6
model		: 30
model name	: Intel(R) Xeon(R) CPU           X3440  @ 2.53GHz
stepping	: 5
microcode	: 0x3
cpu MHz		: 1463.000
cache size	: 8192 KB
physical id	: 0
siblings	: 8
core id		: 2
cpu cores	: 4
apicid		: 5
initial apicid	: 5
fpu		: yes
fpu_exception	: yes
cpuid level	: 11
wp		: yes
flags		: fpu vme de pse tsc msr pae mce cx8 apic sep mtrr pge mca cmov pat pse36 clflush dts acpi mmx fxsr sse sse2 ss ht tm pbe syscall nx rdtscp lm constant_tsc arch_perfmon pebs bts rep_good nopl xtopology nonstop_tsc aperfmperf pni dtes64 monitor ds_cpl vmx smx est tm2 ssse3 cx16 xtpr pdcm sse4_1 sse4_2 popcnt lahf_lm ida dtherm tpr_shadow vnmi flexpriority ept vpid
bogomips	: 5053.71
clflush size	: 64
cache_alignment	: 64
address sizes	: 36 bits physical, 48 bits virtual
power management:

processor	: 7
vendor_id	: GenuineIntel
cpu family	: 6
model		: 30
model name	: Intel(R) Xeon(R) CPU           X3440  @ 2.53GHz
stepping	: 5
microcode	: 0x3
cpu MHz		: 1862.000
cache size	: 8192 KB
physical id	: 0
siblings	: 8
core id		: 3
cpu cores	: 4
apicid		: 7
initial apicid	: 7
fpu		: yes
fpu_exception	: yes
cpuid level	: 11
wp		: yes
flags		: fpu vme de pse tsc msr pae mce cx8 apic sep mtrr pge mca cmov pat pse36 clflush dts acpi mmx fxsr sse sse2 ss ht tm pbe syscall nx rdtscp lm constant_tsc arch_perfmon pebs bts rep_good nopl xtopology nonstop_tsc aperfmperf pni dtes64 monitor ds_cpl vmx smx est tm2 ssse3 cx16 xtpr pdcm sse4_1 sse4_2 popcnt lahf_lm ida dtherm tpr_shadow vnmi flexpriority ept vpid
bogomips	: 5053.71
clflush size	: 64
cache_alignment	: 64
address sizes	: 36 bits physical, 48 bits virtual
power management:



Memory: 4k page, physical 8168808k(150164k free), swap 8291444k(8233124k free)

vm_info: Java HotSpot(TM) Server VM (25.0-b63) for linux-x86 JRE (1.8.0-ea-b121), built on Dec 19 2013 18:02:40 by "java_re" with gcc 4.3.0 20080428 (Red Hat 4.3.0-8)

time: Thu Jan  2 16:33:42 2014
elapsed time: 592 seconds

