#
# An unexpected error has been detected by Java Runtime Environment:
#
#  SIGSEGV (0xb) at pc=0xb4c972ed, pid=27359, tid=3084274576
#
# Java VM: Java HotSpot(TM) Server VM (10.0-b22 mixed mode linux-x86)
# Problematic frame:
# v  ~BufferBlob::Interpreter
#
# If you would like to submit a bug report, please visit:
#   http://java.sun.com/webapps/bugreport/crash.jsp
#

---------------  T H R E A D  ---------------

Current thread (0x08059400):  JavaThread "main" [_thread_in_Java, id=27360, stack(0xb7d15000,0xb7d65000)]

siginfo:si_signo=SIGSEGV: si_errno=0, si_code=1 (SEGV_MAPERR), si_addr=0x00270071

Registers:
EAX=0x00000000, EBX=0x0000000e, ECX=0x0027006d, EDX=0x40800001
ESP=0xb7d639cc, EBP=0xb7d639f8, ESI=0xa82cda34, EDI=0xb7d63a10
EIP=0xb4c972ed, CR2=0x00270071, EFLAGS=0x00010246

Top of Stack: (sp=0xb7d639cc)
0xb7d639cc:   b4c87e2b 0027006d 00200027 b7d639d8
0xb7d639dc:   a82cda34 b7d63a10 a82cdfe0 00000000
0xb7d639ec:   a82cdb18 00000000 b7d63a0c b7d63a38
0xb7d639fc:   b4c87f0d 00000000 00000000 00000000
0xb7d63a0c:   b40c81d0 b3c46d48 ac3e2e20 b7d63a18
0xb7d63a1c:   a82ee139 b7d63a80 a82efb50 a830f718
0xb7d63a2c:   a82ee3c8 b7d63a0c b7d63a80 b7d63aac
0xb7d63a3c:   b4c87ddc 00000000 00000000 00000000 

Instructions: (pc=0xb4c972ed)
0xb4c972dd:   83 c0 18 89 45 f0 8d 74 24 04 89 75 f8 ff 63 48
0xb4c972ed:   8b 41 04 8b 7d f0 85 ff 0f 84 84 00 00 00 83 47 

Stack: [0xb7d15000,0xb7d65000],  sp=0xb7d639cc,  free space=314k
Native frames: (J=compiled Java code, j=interpreted, Vv=VM code, C=native code)
v  ~BufferBlob::Interpreter
v  ~BufferBlob::Interpreter
v  ~BufferBlob::Interpreter
v  ~BufferBlob::Interpreter
v  ~BufferBlob::Interpreter
v  ~BufferBlob::Interpreter
v  ~BufferBlob::Interpreter
v  ~BufferBlob::Interpreter
v  ~BufferBlob::Interpreter
v  ~BufferBlob::Interpreter
v  ~BufferBlob::Interpreter
v  ~BufferBlob::Interpreter
v  ~BufferBlob::Interpreter
v  ~BufferBlob::Interpreter
v  ~BufferBlob::Interpreter
v  ~BufferBlob::Interpreter
v  ~BufferBlob::Interpreter
v  ~BufferBlob::Interpreter
v  ~BufferBlob::Interpreter
v  ~BufferBlob::Interpreter
v  ~BufferBlob::Interpreter
v  ~BufferBlob::Interpreter
v  ~BufferBlob::Interpreter
v  ~BufferBlob::Interpreter
v  ~BufferBlob::Interpreter
v  ~BufferBlob::Interpreter
v  ~BufferBlob::Interpreter
v  ~BufferBlob::Interpreter
v  ~BufferBlob::Interpreter
v  ~BufferBlob::StubRoutines (1)
V  [libjvm.so+0x37354d]
V  [libjvm.so+0x4fd568]
V  [libjvm.so+0x3733e0]
V  [libjvm.so+0x39ca06]
V  [libjvm.so+0x38e208]
C  [java+0x1b98]  JavaMain+0x2c8
C  [libpthread.so.0+0x5383]


---------------  P R O C E S S  ---------------

Java Threads: ( => current thread )
  0xa7a0ac00 JavaThread "Low Memory Detector" daemon [_thread_blocked, id=27372, stack(0xa7860000,0xa78b0000)]
  0xa7a09400 JavaThread "CompilerThread1" daemon [_thread_blocked, id=27371, stack(0xa78b0000,0xa7930000)]
  0xa7a08000 JavaThread "CompilerThread0" daemon [_thread_blocked, id=27370, stack(0xa7930000,0xa79b0000)]
  0xa7a06c00 JavaThread "Signal Dispatcher" daemon [_thread_blocked, id=27369, stack(0xa79b0000,0xa7a00000)]
  0x080dd800 JavaThread "Finalizer" daemon [_thread_blocked, id=27368, stack(0xa7b1d000,0xa7b6d000)]
  0x080dc400 JavaThread "Reference Handler" daemon [_thread_blocked, id=27367, stack(0xa7b6d000,0xa7bbd000)]
=>0x08059400 JavaThread "main" [_thread_in_Java, id=27360, stack(0xb7d15000,0xb7d65000)]

Other Threads:
  0x080d9400 VMThread [stack: 0xa7bbd000,0xa7c3d000] [id=27366]
  0xa7a0c800 WatcherThread [stack: 0xa77e0000,0xa7860000] [id=27373]

VM state:not at safepoint (normal execution)

VM Mutex/Monitor currently owned by a thread: None

Heap
 PSYoungGen      total 5952K, used 1197K [0xb3c40000, 0xb4660000, 0xb4bc0000)
  eden space 3968K, 7% used [0xb3c40000,0xb3c8a6f8,0xb4020000)
  from space 1984K, 45% used [0xb4020000,0xb4101018,0xb4210000)
  to   space 1920K, 0% used [0xb4480000,0xb4480000,0xb4660000)
 PSOldGen        total 8576K, used 4243K [0xabfc0000, 0xac820000, 0xb3c40000)
  object space 8576K, 49% used [0xabfc0000,0xac3e4f48,0xac820000)
 PSPermGen       total 16384K, used 3397K [0xa7fc0000, 0xa8fc0000, 0xabfc0000)
  object space 16384K, 20% used [0xa7fc0000,0xa8311410,0xa8fc0000)

Dynamic libraries:
06000000-0665d000 r-xp 00000000 09:00 26379947   /tango/offload/usr/local/src/jdk1.6.0_06/jre/lib/i386/server/libjvm.so
0665d000-066a1000 rwxp 0065c000 09:00 26379947   /tango/offload/usr/local/src/jdk1.6.0_06/jre/lib/i386/server/libjvm.so
066a1000-06ac3000 rwxp 066a1000 00:00 0 
08048000-08052000 r-xp 00000000 09:00 26379921   /tango/offload/usr/local/src/jdk1.6.0_06/jre/bin/java
08052000-08053000 rwxp 00009000 09:00 26379921   /tango/offload/usr/local/src/jdk1.6.0_06/jre/bin/java
08053000-091c4000 rwxp 08053000 00:00 0          [heap]
a7600000-a7632000 rwxp a7600000 00:00 0 
a7632000-a7700000 ---p a7632000 00:00 0 
a7779000-a777c000 rwxp a7779000 00:00 0 
a777c000-a77c9000 rwxp a777c000 00:00 0 
a77c9000-a77e0000 r-xs 00114000 09:00 26397142   /tango/mike/src/lucene.clean/contrib/benchmark/lib/xerces-2.9.0.jar
a77e0000-a77e1000 ---p a77e0000 00:00 0 
a77e1000-a7860000 rwxp a77e1000 00:00 0 
a7860000-a7863000 ---p a7860000 00:00 0 
a7863000-a78b0000 rwxp a7863000 00:00 0 
a78b0000-a78b3000 ---p a78b0000 00:00 0 
a78b3000-a7930000 rwxp a78b3000 00:00 0 
a7930000-a7933000 ---p a7930000 00:00 0 
a7933000-a79b0000 rwxp a7933000 00:00 0 
a79b0000-a79b3000 ---p a79b0000 00:00 0 
a79b3000-a7b00000 rwxp a79b3000 00:00 0 
a7b08000-a7b10000 r-xs 00028000 09:00 26397143   /tango/mike/src/lucene.clean/contrib/benchmark/lib/xml-apis-2.9.0.jar
a7b10000-a7b1d000 r-xs 0007c000 09:00 26397140   /tango/mike/src/lucene.clean/contrib/benchmark/lib/commons-collections-3.1.jar
a7b1d000-a7b20000 ---p a7b1d000 00:00 0 
a7b20000-a7b6d000 rwxp a7b20000 00:00 0 
a7b6d000-a7b70000 ---p a7b6d000 00:00 0 
a7b70000-a7bbd000 rwxp a7b70000 00:00 0 
a7bbd000-a7bbe000 ---p a7bbd000 00:00 0 
a7bbe000-a7c6f000 rwxp a7bbe000 00:00 0 
a7c6f000-a7dfa000 r-xs 02df0000 09:00 26379914   /tango/offload/usr/local/src/jdk1.6.0_06/jre/lib/rt.jar
a7dfa000-a7dfb000 ---p a7dfa000 00:00 0 
a7dfb000-a7e7a000 rwxp a7dfb000 00:00 0 
a7e7a000-a7e7b000 ---p a7e7a000 00:00 0 
a7e7b000-a7f02000 rwxp a7e7b000 00:00 0 
a7f02000-a7f1a000 rwxp a7f02000 00:00 0 
a7f1a000-a7f1f000 rwxp a7f1a000 00:00 0 
a7f1f000-a7f59000 rwxp a7f1f000 00:00 0 
a7f59000-a7f61000 rwxp a7f59000 00:00 0 
a7f61000-a7f79000 rwxp a7f61000 00:00 0 
a7f79000-a7f7e000 rwxp a7f79000 00:00 0 
a7f7e000-a7fb7000 rwxp a7f7e000 00:00 0 
a7fb7000-a7fbd000 rwxp a7fb7000 00:00 0 
a7fbd000-a7fbf000 rwxp a7fbd000 00:00 0 
a7fbf000-a8fc0000 rwxp a7fbf000 00:00 0 
a8fc0000-abfc0000 rwxp a8fc0000 00:00 0 
abfc0000-ac820000 rwxp abfc0000 00:00 0 
ac820000-b3c40000 rwxp ac820000 00:00 0 
b3c40000-b4660000 rwxp b3c40000 00:00 0 
b4660000-b4bc0000 rwxp b4660000 00:00 0 
b4bc5000-b4bce000 rwxp b4bc5000 00:00 0 
b4bce000-b4c85000 rwxp b4bce000 00:00 0 
b4c85000-b4ec5000 rwxp b4c85000 00:00 0 
b4ec5000-b7c85000 rwxp b4ec5000 00:00 0 
b7c85000-b7c94000 r-xp 00000000 09:00 26379963   /tango/offload/usr/local/src/jdk1.6.0_06/jre/lib/i386/libzip.so
b7c94000-b7c96000 rwxp 0000e000 09:00 26379963   /tango/offload/usr/local/src/jdk1.6.0_06/jre/lib/i386/libzip.so
b7c96000-b7cb9000 r-xp 00000000 09:00 26379959   /tango/offload/usr/local/src/jdk1.6.0_06/jre/lib/i386/libjava.so
b7cb9000-b7cbb000 rwxp 00023000 09:00 26379959   /tango/offload/usr/local/src/jdk1.6.0_06/jre/lib/i386/libjava.so
b7cbb000-b7cc6000 r-xp 00000000 09:00 26379958   /tango/offload/usr/local/src/jdk1.6.0_06/jre/lib/i386/libverify.so
b7cc6000-b7cc7000 rwxp 0000b000 09:00 26379958   /tango/offload/usr/local/src/jdk1.6.0_06/jre/lib/i386/libverify.so
b7cc7000-b7cd0000 r-xp 00000000 08:01 867003     /lib/libnss_files-2.7.so
b7cd0000-b7cd2000 rwxp 00008000 08:01 867003     /lib/libnss_files-2.7.so
b7cd2000-b7cda000 r-xp 00000000 08:01 867005     /lib/libnss_nis-2.7.so
b7cda000-b7cdc000 rwxp 00007000 08:01 867005     /lib/libnss_nis-2.7.so
b7cdc000-b7ce3000 r-xp 00000000 08:01 867000     /lib/libnss_compat-2.7.so
b7ce3000-b7ce5000 rwxp 00006000 08:01 867000     /lib/libnss_compat-2.7.so
b7ce5000-b7cf9000 r-xp 00000000 08:01 866999     /lib/libnsl-2.7.so
b7cf9000-b7cfb000 rwxp 00013000 08:01 866999     /lib/libnsl-2.7.so
b7cfb000-b7cfd000 rwxp b7cfb000 00:00 0 
b7cff000-b7d04000 r-xs 0002a000 09:00 26397144   /tango/mike/src/lucene.clean/contrib/benchmark/lib/commons-beanutils-1.7.0.jar
b7d04000-b7d0c000 rwxs 00000000 08:01 130584     /tmp/hsperfdata_mike/27359
b7d0c000-b7d13000 r-xp 00000000 08:01 868151     /lib/librt-2.7.so
b7d13000-b7d15000 rwxp 00006000 08:01 868151     /lib/librt-2.7.so
b7d15000-b7d18000 ---p b7d15000 00:00 0 
b7d18000-b7d65000 rwxp b7d18000 00:00 0 
b7d65000-b7d89000 r-xp 00000000 08:01 866996     /lib/libm-2.7.so
b7d89000-b7d8b000 rwxp 00023000 08:01 866996     /lib/libm-2.7.so
b7d8b000-b7d8c000 rwxp b7d8b000 00:00 0 
b7d8c000-b7ed3000 r-xp 00000000 08:01 866539     /lib/libc-2.7.so
b7ed3000-b7ed4000 r-xp 00147000 08:01 866539     /lib/libc-2.7.so
b7ed4000-b7ed6000 rwxp 00148000 08:01 866539     /lib/libc-2.7.so
b7ed6000-b7ed9000 rwxp b7ed6000 00:00 0 
b7ed9000-b7edb000 r-xp 00000000 08:01 866580     /lib/libdl-2.7.so
b7edb000-b7edd000 rwxp 00001000 08:01 866580     /lib/libdl-2.7.so
b7edd000-b7ee4000 r-xp 00000000 09:00 26379961   /tango/offload/usr/local/src/jdk1.6.0_06/jre/lib/i386/jli/libjli.so
b7ee4000-b7ee6000 rwxp 00006000 09:00 26379961   /tango/offload/usr/local/src/jdk1.6.0_06/jre/lib/i386/jli/libjli.so
b7ee6000-b7ee7000 rwxp b7ee6000 00:00 0 
b7ee7000-b7efa000 r-xp 00000000 08:01 867012     /lib/libpthread-2.7.so
b7efa000-b7efc000 rwxp 00013000 08:01 867012     /lib/libpthread-2.7.so
b7efc000-b7efe000 rwxp b7efc000 00:00 0 
b7efe000-b7f00000 r-xs 00008000 09:00 26397141   /tango/mike/src/lucene.clean/contrib/benchmark/lib/commons-logging-1.0.4.jar
b7f00000-b7f04000 r-xs 0001f000 09:00 26397145   /tango/mike/src/lucene.clean/contrib/benchmark/lib/commons-digester-1.7.jar
b7f04000-b7f0a000 r-xp 00000000 09:00 26379945   /tango/offload/usr/local/src/jdk1.6.0_06/jre/lib/i386/native_threads/libhpi.so
b7f0a000-b7f0b000 rwxp 00006000 09:00 26379945   /tango/offload/usr/local/src/jdk1.6.0_06/jre/lib/i386/native_threads/libhpi.so
b7f0b000-b7f0c000 rwxp b7f0b000 00:00 0 
b7f0c000-b7f0d000 r-xp b7f0c000 00:00 0 
b7f0d000-b7f0f000 rwxp b7f0d000 00:00 0 
b7f0f000-b7f2b000 r-xp 00000000 08:01 866530     /lib/ld-2.7.so
b7f2b000-b7f2d000 rwxp 0001b000 08:01 866530     /lib/ld-2.7.so
bf9b9000-bf9cf000 rwxp bf9b9000 00:00 0          [stack]
ffffe000-fffff000 r-xp 00000000 00:00 0          [vdso]

VM Arguments:
jvm_args: -Xmx140M 
java_command: org.apache.lucene.benchmark.byTask.Benchmark /tango/mike/indexWikiLineLinux.alg
Launcher Type: SUN_STANDARD

Environment Variables:
JAVA_HOME=/usr/local/src/jdk1.6.0_06
CLASSPATH=/usr/local/src/junit4.1/junit-4.1.jar:./build/classes/test:./build/classes/java:./build/classes/demo
PATH=/usr/local/src/maven-2.0.7/bin:/usr/local/src/jdk1.6.0_06/bin/:/usr/local/src/apache-ant-1.6.5/bin:/usr/local/bin:/bin:/usr/bin:/usr/X11R6/bin
LD_LIBRARY_PATH=/tango/offload/usr/local/src/jdk1.6.0_06/jre/lib/i386/server:/tango/offload/usr/local/src/jdk1.6.0_06/jre/lib/i386:/tango/offload/usr/local/src/jdk1.6.0_06/jre/../lib/i386
SHELL=/bin/bash
DISPLAY=10.17.4.4:0.0

Signal Handlers:
SIGSEGV: [libjvm.so+0x5edbc0], sa_mask[0]=0x7ffbfeff, sa_flags=0x10000004
SIGBUS: [libjvm.so+0x5edbc0], sa_mask[0]=0x7ffbfeff, sa_flags=0x10000004
SIGFPE: [libjvm.so+0x4fc630], sa_mask[0]=0x7ffbfeff, sa_flags=0x10000004
SIGPIPE: [libjvm.so+0x4fc630], sa_mask[0]=0x7ffbfeff, sa_flags=0x10000004
SIGXFSZ: [libjvm.so+0x4fc630], sa_mask[0]=0x7ffbfeff, sa_flags=0x10000004
SIGILL: [libjvm.so+0x4fc630], sa_mask[0]=0x7ffbfeff, sa_flags=0x10000004
SIGUSR1: SIG_DFL, sa_mask[0]=0x00000000, sa_flags=0x00000000
SIGUSR2: [libjvm.so+0x4fe670], sa_mask[0]=0x00000004, sa_flags=0x10000004
SIGHUP: [libjvm.so+0x4fe410], sa_mask[0]=0x7ffbfeff, sa_flags=0x10000004
SIGINT: [libjvm.so+0x4fe410], sa_mask[0]=0x7ffbfeff, sa_flags=0x10000004
SIGTERM: [libjvm.so+0x4fe410], sa_mask[0]=0x7ffbfeff, sa_flags=0x10000004
SIGQUIT: [libjvm.so+0x4fe410], sa_mask[0]=0x7ffbfeff, sa_flags=0x10000004


---------------  S Y S T E M  ---------------

OS:testing/unstable

uname:Linux 2.6.22.1mikeram #7 SMP PREEMPT Tue Mar 18 18:22:09 EDT 2008 i686
libc:glibc 2.7 NPTL 2.7 
rlimit: STACK 8192k, CORE 0k, NPROC 38912, NOFILE 1024, AS infinity
load average:3.22 2.93 2.15

CPU:total 2 (2 cores per cpu, 1 threads per core) family 6 model 15 stepping 6, cmov, cx8, fxsr, mmx, sse, sse2, sse3, ssse3

Memory: 4k page, physical 4140964k(519824k free), swap 4194272k(4194084k free)

vm_info: Java HotSpot(TM) Server VM (10.0-b22) for linux-x86 JRE (1.6.0_06-b02), built on Mar 25 2008 00:26:44 by "java_re" with gcc 3.2.1-7a (J2SE release)

time: Wed May 21 05:47:24 2008
elapsed time: 21 seconds

