#
# An unexpected error has been detected by Java Runtime Environment:
#
#  SIGSEGV (0xb) at pc=0x062690c4, pid=10565, tid=2153368480
#
# Java VM: Java HotSpot(TM) Server VM (11.0-b15 mixed mode linux-x86)
# Problematic frame:
# V  [libjvm.so+0x2690c4]
#
# If you would like to submit a bug report, please visit:
#   http://java.sun.com/webapps/bugreport/crash.jsp
#

---------------  T H R E A D  ---------------

Current thread (0x0811c400):  JavaThread "CompilerThread1" daemon [_thread_in_vm, id=10601, stack(0x8051c000,0x8059d000)]

siginfo:si_signo=SIGSEGV: si_errno=0, si_code=1 (SEGV_MAPERR), si_addr=0x00000000

Registers:
EAX=0x00000000, EBX=0x0811c400, ECX=0x00000880, EDX=0x0008059a
ESP=0x8059ab10, EBP=0x8059ab58, ESI=0x088ce020, EDI=0x08693bb8
EIP=0x062690c4, CR2=0x00000000, EFLAGS=0x00010246

Top of Stack: (sp=0x8059ab10)
0x8059ab10:   0811c400 00000000 00000000 08dce0cc
0x8059ab20:   08dce06c 08dce06c 8059ab58 00000000
0x8059ab30:   0811c400 00000000 8059ab88 065df561
0x8059ab40:   00000005 08693bb8 00000000 08693bb8
0x8059ab50:   08693bb8 088ce020 8059ab88 0634489d
0x8059ab60:   088ce020 08693bb8 00000000 00000000
0x8059ab70:   08693bb8 088dd5f8 0100ab98 08dcdbd0
0x8059ab80:   ffffffff 08dce084 8059ac28 06345c58 

Instructions: (pc=0x062690c4)
0x062690b4:   c7 83 44 01 00 00 06 00 00 00 89 5d b8 8b 46 04
0x062690c4:   8b 30 8b 47 04 8b 00 8d 5e 08 8b 48 10 39 04 31 

Stack: [0x8051c000,0x8059d000],  sp=0x8059ab10,  free space=506k
Native frames: (J=compiled Java code, j=interpreted, Vv=VM code, C=native code)
V  [libjvm.so+0x2690c4]
V  [libjvm.so+0x34489d]
V  [libjvm.so+0x345c58]
V  [libjvm.so+0x52969b]
V  [libjvm.so+0x5227a2]
V  [libjvm.so+0x51a565]
V  [libjvm.so+0x518622]
V  [libjvm.so+0x518529]
V  [libjvm.so+0x51818d]
V  [libjvm.so+0x250b4b]
V  [libjvm.so+0x30a8ac]
V  [libjvm.so+0x52757a]
V  [libjvm.so+0x51a565]
V  [libjvm.so+0x518622]
V  [libjvm.so+0x518529]
V  [libjvm.so+0x51818d]
V  [libjvm.so+0x250b4b]
V  [libjvm.so+0x2a82bf]
V  [libjvm.so+0x250309]
V  [libjvm.so+0x2af96a]
V  [libjvm.so+0x2af376]
V  [libjvm.so+0x5cdbfd]
V  [libjvm.so+0x506709]
C  [libpthread.so.0+0x53cc]


Current CompileTask:
C2:1380  !   org.apache.lucene.index.DocumentWriter.invertDocument(Lorg/apache/lucene/document/Document;)V (482 bytes)


---------------  P R O C E S S  ---------------

Java Threads: ( => current thread )
  0x7fa20c00 JavaThread "Timer-1" daemon [_thread_blocked, id=10723, stack(0x7fe5e000,0x7feaf000)]
  0x7fa75400 JavaThread "com.mchange.v2.async.ThreadPoolAsynchronousRunner$PoolThread-#2" daemon [_thread_blocked, id=10647, stack(0x7feaf000,0x7ff00000)]
  0x7fa79000 JavaThread "com.mchange.v2.async.ThreadPoolAsynchronousRunner$PoolThread-#1" daemon [_thread_blocked, id=10646, stack(0x80006000,0x80057000)]
  0x7fa5d000 JavaThread "com.mchange.v2.async.ThreadPoolAsynchronousRunner$PoolThread-#0" daemon [_thread_blocked, id=10645, stack(0x80057000,0x800a8000)]
  0x7fa22c00 JavaThread "Timer-0" daemon [_thread_blocked, id=10644, stack(0x800a8000,0x800f9000)]
  0x0811e400 JavaThread "Low Memory Detector" daemon [_thread_blocked, id=10602, stack(0x804cb000,0x8051c000)]
=>0x0811c400 JavaThread "CompilerThread1" daemon [_thread_in_vm, id=10601, stack(0x8051c000,0x8059d000)]
  0x08118000 JavaThread "CompilerThread0" daemon [_thread_in_native, id=10600, stack(0x8059d000,0x8061e000)]
  0x08116800 JavaThread "Signal Dispatcher" daemon [_thread_blocked, id=10599, stack(0x8061e000,0x8066f000)]
  0x08103800 JavaThread "Finalizer" daemon [_thread_blocked, id=10598, stack(0x8066f000,0x806c0000)]
  0x08102400 JavaThread "Reference Handler" daemon [_thread_blocked, id=10597, stack(0x806c0000,0x80711000)]
  0x0805ac00 JavaThread "main" [_thread_in_Java, id=10571, stack(0xb7f97000,0xb7fe8000)]

Other Threads:
  0x080fec00 VMThread [stack: 0x80711000,0x80792000] [id=10596]
  0x08120000 WatcherThread [stack: 0x8044a000,0x804cb000] [id=10603]

VM state:not at safepoint (normal execution)

VM Mutex/Monitor currently owned by a thread: None

Heap
 PSYoungGen      total 71872K, used 12511K [0xaf920000, 0xb4e70000, 0xb4e70000)
  eden space 57152K, 21% used [0xaf920000,0xb0557c60,0xb30f0000)
  from space 14720K, 0% used [0xb30f0000,0xb30f0000,0xb3f50000)
  to   space 15488K, 0% used [0xb3f50000,0xb3f50000,0xb4e70000)
 PSOldGen        total 137536K, used 107999K [0x84e70000, 0x8d4c0000, 0xaf920000)
  object space 137536K, 78% used [0x84e70000,0x8b7e7cb0,0x8d4c0000)
 PSPermGen       total 41984K, used 20927K [0x80e70000, 0x83770000, 0x84e70000)
  object space 41984K, 49% used [0x80e70000,0x822dfef0,0x83770000)

Dynamic libraries:
00a1c000-00a24000 r-xp 00000000 08:05 88096885   /lib/tls/librt-2.3.4.so
00a24000-00a25000 r-xp 00007000 08:05 88096885   /lib/tls/librt-2.3.4.so
00a25000-00a26000 rwxp 00008000 08:05 88096885   /lib/tls/librt-2.3.4.so
00a26000-00a30000 rwxp 00a26000 00:00 0 
00b5f000-00b75000 r-xp 00000000 08:05 88096934   /lib/ld-2.3.4.so
00b75000-00b76000 r-xp 00015000 08:05 88096934   /lib/ld-2.3.4.so
00b76000-00b77000 rwxp 00016000 08:05 88096934   /lib/ld-2.3.4.so
00b79000-00ca2000 r-xp 00000000 08:05 88098068   /lib/tls/libc-2.3.4.so
00ca2000-00ca4000 r-xp 00128000 08:05 88098068   /lib/tls/libc-2.3.4.so
00ca4000-00ca6000 rwxp 0012a000 08:05 88098068   /lib/tls/libc-2.3.4.so
00ca6000-00ca8000 rwxp 00ca6000 00:00 0 
00caa000-00cac000 r-xp 00000000 08:05 88098074   /lib/libdl-2.3.4.so
00cac000-00cad000 r-xp 00001000 08:05 88098074   /lib/libdl-2.3.4.so
00cad000-00cae000 rwxp 00002000 08:05 88098074   /lib/libdl-2.3.4.so
00cb0000-00cd1000 r-xp 00000000 08:05 88098071   /lib/tls/libm-2.3.4.so
00cd1000-00cd2000 r-xp 00020000 08:05 88098071   /lib/tls/libm-2.3.4.so
00cd2000-00cd3000 rwxp 00021000 08:05 88098071   /lib/tls/libm-2.3.4.so
00cd5000-00ce3000 r-xp 00000000 08:05 88098069   /lib/tls/libpthread-2.3.4.so
00ce3000-00ce4000 r-xp 0000d000 08:05 88098069   /lib/tls/libpthread-2.3.4.so
00ce4000-00ce5000 rwxp 0000e000 08:05 88098069   /lib/tls/libpthread-2.3.4.so
00ce5000-00ce7000 rwxp 00ce5000 00:00 0 
00d53000-00d66000 r-xp 00000000 08:05 88098081   /lib/libnsl-2.3.4.so
00d66000-00d67000 r-xp 00012000 08:05 88098081   /lib/libnsl-2.3.4.so
00d67000-00d68000 rwxp 00013000 08:05 88098081   /lib/libnsl-2.3.4.so
00d68000-00d6a000 rwxp 00d68000 00:00 0 
06000000-06676000 r-xp 00000000 08:05 53002678   /usr/java/jdk1.6.0_10/jre/lib/i386/server/libjvm.so
06676000-066bb000 rwxp 00675000 08:05 53002678   /usr/java/jdk1.6.0_10/jre/lib/i386/server/libjvm.so
066bb000-06add000 rwxp 066bb000 00:00 0 
08048000-08052000 r-xp 00000000 08:05 53018853   /usr/java/jdk1.6.0_10/bin/java
08052000-08053000 rwxp 00009000 08:05 53018853   /usr/java/jdk1.6.0_10/bin/java
08053000-08e1c000 rwxp 08053000 00:00 0 
7eb00000-7ebbd000 rwxp 7eb00000 00:00 0 
7ebbd000-7ec00000 ---p 7ebbd000 00:00 0 
7ed00000-7edf1000 rwxp 7ed00000 00:00 0 
7edf1000-7ee00000 ---p 7edf1000 00:00 0 
7ee00000-7eeff000 rwxp 7ee00000 00:00 0 
7eeff000-7ef00000 ---p 7eeff000 00:00 0 
7f000000-7f0f9000 rwxp 7f000000 00:00 0 
7f0f9000-7f100000 ---p 7f0f9000 00:00 0 
7f200000-7f300000 rwxp 7f200000 00:00 0 
7f400000-7f4f5000 rwxp 7f400000 00:00 0 
7f4f5000-7f500000 ---p 7f4f5000 00:00 0 
7f600000-7f700000 rwxp 7f600000 00:00 0 
7f800000-7f8b0000 rwxp 7f800000 00:00 0 
7f8b0000-7f900000 ---p 7f8b0000 00:00 0 
7fa00000-7fb00000 rwxp 7fa00000 00:00 0 
7fc00000-7fcfb000 rwxp 7fc00000 00:00 0 
7fcfb000-7fd00000 ---p 7fcfb000 00:00 0 
7fdd4000-7fdd7000 rwxp 7fdd4000 00:00 0 
7fdd7000-7fe25000 rwxp 7fdd7000 00:00 0 
7fe25000-7fe2b000 r-xp 00000000 08:05 53002700   /usr/java/jdk1.6.0_10/jre/lib/i386/libmanagement.so
7fe2b000-7fe2c000 rwxp 00005000 08:05 53002700   /usr/java/jdk1.6.0_10/jre/lib/i386/libmanagement.so
7fe2c000-7fe2f000 r-xs 00013000 08:05 53002742   /usr/java/jdk1.6.0_10/jre/lib/jce.jar
7fe5e000-7fe61000 ---p 7fe5e000 00:00 0 
7fe61000-7feaf000 rwxp 7fe61000 00:00 0 
7feaf000-7feb2000 ---p 7feaf000 00:00 0 
7feb2000-7fff1000 rwxp 7feb2000 00:00 0 
7fff1000-80000000 ---p 7fff1000 00:00 0 
80006000-80009000 ---p 80006000 00:00 0 
80009000-80057000 rwxp 80009000 00:00 0 
80057000-8005a000 ---p 80057000 00:00 0 
8005a000-800a8000 rwxp 8005a000 00:00 0 
800a8000-800ab000 ---p 800a8000 00:00 0 
800ab000-800f9000 rwxp 800ab000 00:00 0 
800f9000-80100000 r-xs 00110000 08:05 53002788   /usr/java/jdk1.6.0_10/jre/lib/resources.jar
80100000-801ff000 rwxp 80100000 00:00 0 
801ff000-80200000 ---p 801ff000 00:00 0 
8024b000-8025e000 r-xp 00000000 08:05 53002698   /usr/java/jdk1.6.0_10/jre/lib/i386/libnet.so
8025e000-8025f000 rwxp 00013000 08:05 53002698   /usr/java/jdk1.6.0_10/jre/lib/i386/libnet.so
8025f000-80261000 r-xs 00016000 08:05 91734069   /home/shopstyle/releases/3b327/lib/other/servlet-api.jar
80261000-80269000 r-xs 00051000 08:05 91717928   /home/shopstyle/releases/3b327/lib/velocity-1.4.jar
80269000-8026a000 r-xs 00014000 08:05 91717951   /home/shopstyle/releases/3b327/lib/lucene-snowball-2.0.0.jar
8026a000-8026c000 r-xs 0000a000 08:05 91717945   /home/shopstyle/releases/3b327/lib/commons-codec-1.3.jar
8026c000-80273000 r-xs 00051000 08:05 91717929   /home/shopstyle/releases/3b327/lib/javamail-1.4.jar
80273000-80275000 r-xs 00008000 08:05 91717931   /home/shopstyle/releases/3b327/lib/commons-logging-1.0.4.jar
80275000-8027f000 r-xs 00044000 08:05 91717925   /home/shopstyle/releases/3b327/lib/tapestry-contrib-4.0.jar
8027f000-80280000 r-xs 0000a000 08:05 91717933   /home/shopstyle/releases/3b327/lib/json-src.jar
80280000-80286000 r-xs 00032000 08:05 91717930   /home/shopstyle/releases/3b327/lib/jaxen-1.1-beta-7.jar
80286000-8029f000 r-xs 000f2000 08:05 91717937   /home/shopstyle/releases/3b327/lib/tapestry-4.0.jar
8029f000-802a0000 r-xs 00008000 08:05 91717914   /home/shopstyle/releases/3b327/lib/json.jar
802a0000-802a2000 r-xs 00003000 08:05 91717916   /home/shopstyle/releases/3b327/lib/commons-csv-0.1-dev.jar
802a2000-802ab000 r-xs 00056000 08:05 91717950   /home/shopstyle/releases/3b327/lib/hivemind-1.1.1.jar
802ab000-802ac000 r-xs 0001c000 08:05 91717952   /home/shopstyle/releases/3b327/lib/geo-1.2.2.jar
802ac000-802b0000 r-xs 0002f000 08:05 91717922   /home/shopstyle/releases/3b327/lib/commons-lang-2.1.jar
802b0000-802b4000 r-xs 0006c000 08:05 91717913   /home/shopstyle/releases/3b327/lib/mysql-connector-java-3.1.13-bin.jar
802b4000-802b5000 r-xs 00008000 08:05 91717923   /home/shopstyle/releases/3b327/lib/facebook.jar
802b5000-802bb000 r-xs 00019000 08:05 91717942   /home/shopstyle/releases/3b327/lib/xml-apis.jar
802bb000-802c1000 r-xs 0003f000 08:05 91717910   /home/shopstyle/releases/3b327/lib/cglib-2.1.3.jar
802c1000-802c3000 r-xs 0000a000 08:05 91717941   /home/shopstyle/releases/3b327/lib/jline.jar
802c3000-802c7000 r-xs 0002f000 08:05 91717944   /home/shopstyle/releases/3b327/lib/rome-0.9.jar
802c7000-802ca000 r-xs 0001b000 08:05 91717946   /home/shopstyle/releases/3b327/lib/commons-validator-1.3.0.jar
802ca000-802d0000 r-xs 00025000 08:05 91717955   /home/shopstyle/releases/3b327/lib/commons-collections-2.1.1.jar
802d0000-802d8000 r-xs 0005b000 08:05 91717943   /home/shopstyle/releases/3b327/lib/lucene-core-2.0.0.jar
802d8000-802d9000 r-xs 00006000 08:05 91717917   /home/shopstyle/releases/3b327/lib/asm.jar
802d9000-802da000 r-xs 00001000 08:05 91717927   /home/shopstyle/releases/3b327/lib/jdbc2_0-stdext.jar
802da000-802dc000 r-xs 0000b000 08:05 91717934   /home/shopstyle/releases/3b327/lib/tapestry-portlet-4.0.jar
802dc000-802de000 r-xs 00008000 08:05 91717940   /home/shopstyle/releases/3b327/lib/tapestry-annotations-4.0.jar
802de000-802e1000 r-xs 00026000 08:05 91717935   /home/shopstyle/releases/3b327/lib/ognl-2.6.7.jar
802e1000-802e4000 r-xs 00023000 08:05 91717920   /home/shopstyle/releases/3b327/lib/jdom-1.0.jar
802e4000-80300000 r-xs 001c6000 08:05 91717926   /home/shopstyle/releases/3b327/lib/hibernate3.jar
80300000-803fe000 rwxp 80300000 00:00 0 
803fe000-80400000 ---p 803fe000 00:00 0 
80403000-8040e000 r-xs 00088000 08:05 91717921   /home/shopstyle/releases/3b327/lib/c3p0-0.9.1-pre12.jar
8040e000-80411000 r-xs 00010000 08:05 91717932   /home/shopstyle/releases/3b327/lib/hivemind-lib-1.1.1.jar
80411000-80413000 r-xs 0000c000 08:05 91717939   /home/shopstyle/releases/3b327/lib/jaf-1.1.jar
80413000-80415000 r-xs 00001000 08:05 91717919   /home/shopstyle/releases/3b327/lib/jta.jar
80415000-80420000 r-xs 000a6000 08:05 91717949   /home/shopstyle/releases/3b327/lib/jxl.jar
80420000-80424000 r-xs 00018000 08:05 91717924   /home/shopstyle/releases/3b327/lib/junit-4.1.jar
80424000-8042b000 r-xs 0004f000 08:05 91717953   /home/shopstyle/releases/3b327/lib/log4j-1.2.11.jar
8042b000-8042d000 r-xs 00003000 08:05 91717936   /home/shopstyle/releases/3b327/lib/asm-attrs.jar
8042d000-80432000 r-xs 00068000 08:05 91717912   /home/shopstyle/releases/3b327/lib/antlr-2.7.6rc1.jar
80432000-80437000 r-xs 00048000 08:05 91717954   /home/shopstyle/releases/3b327/lib/dom4j-1.6.1.jar
80437000-80439000 r-xs 00009000 08:05 91717947   /home/shopstyle/releases/3b327/lib/lucene-memory-2.0.0.jar
80439000-8043b000 r-xs 0000e000 08:05 91717918   /home/shopstyle/releases/3b327/lib/oro-2.0.8.jar
8043b000-80441000 r-xs 0005e000 08:05 91717948   /home/shopstyle/releases/3b327/lib/javassist-3.0.jar
80441000-80442000 r-xs 00007000 08:05 91717911   /home/shopstyle/releases/3b327/lib/commons-fileupload-1.1.1.jar
80442000-80447000 r-xs 00040000 08:05 91717915   /home/shopstyle/releases/3b327/lib/commons-httpclient-3.0.1.jar
80447000-8044a000 r-xs 0000e000 08:05 91717938   /home/shopstyle/releases/3b327/lib/commons-io-1.2.jar
8044a000-8044b000 ---p 8044a000 00:00 0 
8044b000-804cb000 rwxp 8044b000 00:00 0 
804cb000-804ce000 ---p 804cb000 00:00 0 
804ce000-8051c000 rwxp 804ce000 00:00 0 
8051c000-8051f000 ---p 8051c000 00:00 0 
8051f000-8059d000 rwxp 8051f000 00:00 0 
8059d000-805a0000 ---p 8059d000 00:00 0 
805a0000-8061e000 rwxp 805a0000 00:00 0 
8061e000-80621000 ---p 8061e000 00:00 0 
80621000-8066f000 rwxp 80621000 00:00 0 
8066f000-80672000 ---p 8066f000 00:00 0 
80672000-806c0000 rwxp 80672000 00:00 0 
806c0000-806c3000 ---p 806c0000 00:00 0 
806c3000-80711000 rwxp 806c3000 00:00 0 
80711000-80712000 ---p 80711000 00:00 0 
80712000-807c5000 rwxp 80712000 00:00 0 
807c5000-80955000 r-xs 02eed000 08:05 53003509   /usr/java/jdk1.6.0_10/jre/lib/rt.jar
80955000-80956000 ---p 80955000 00:00 0 
80956000-809d6000 rwxp 80956000 00:00 0 
809d6000-809d7000 ---p 809d6000 00:00 0 
809d7000-80a57000 rwxp 809d7000 00:00 0 
80a57000-80a58000 ---p 80a57000 00:00 0 
80a58000-80ad8000 rwxp 80a58000 00:00 0 
80ad8000-80ad9000 ---p 80ad8000 00:00 0 
80ad9000-80b6e000 rwxp 80ad9000 00:00 0 
80b6e000-80b79000 rwxp 80b6e000 00:00 0 
80b79000-80bbd000 rwxp 80b79000 00:00 0 
80bbd000-80ccf000 rwxp 80bbd000 00:00 0 
80ccf000-80ce4000 rwxp 80ccf000 00:00 0 
80ce4000-80cef000 rwxp 80ce4000 00:00 0 
80cef000-80d33000 rwxp 80cef000 00:00 0 
80d33000-80e44000 rwxp 80d33000 00:00 0 
80e44000-80e6f000 rwxp 80e44000 00:00 0 
80e6f000-83770000 rwxp 80e6f000 00:00 0 
83770000-84e70000 rwxp 83770000 00:00 0 
84e70000-8d4c0000 rwxp 84e70000 00:00 0 
8d4c0000-af920000 rwxp 8d4c0000 00:00 0 
af920000-b4e70000 rwxp af920000 00:00 0 
b4e74000-b4e89000 rwxp b4e74000 00:00 0 
b4e89000-b4f34000 rwxp b4e89000 00:00 0 
b4f34000-b5464000 rwxp b4f34000 00:00 0 
b5464000-b7f34000 rwxp b5464000 00:00 0 
b7f34000-b7f43000 r-xp 00000000 08:05 53002694   /usr/java/jdk1.6.0_10/jre/lib/i386/libzip.so
b7f43000-b7f45000 rwxp 0000e000 08:05 53002694   /usr/java/jdk1.6.0_10/jre/lib/i386/libzip.so
b7f45000-b7f68000 r-xp 00000000 08:05 53002690   /usr/java/jdk1.6.0_10/jre/lib/i386/libjava.so
b7f68000-b7f6a000 rwxp 00023000 08:05 53002690   /usr/java/jdk1.6.0_10/jre/lib/i386/libjava.so
b7f6a000-b7f75000 r-xp 00000000 08:05 53002689   /usr/java/jdk1.6.0_10/jre/lib/i386/libverify.so
b7f75000-b7f76000 rwxp 0000b000 08:05 53002689   /usr/java/jdk1.6.0_10/jre/lib/i386/libverify.so
b7f76000-b7f7f000 r-xp 00000000 08:05 88096818   /lib/libnss_files-2.3.4.so
b7f7f000-b7f80000 r-xp 00008000 08:05 88096818   /lib/libnss_files-2.3.4.so
b7f80000-b7f81000 rwxp 00009000 08:05 88096818   /lib/libnss_files-2.3.4.so
b7f86000-b7f8e000 rw-s 00000000 08:02 65540      /tmp/hsperfdata_shopstyle/10565
b7f8e000-b7f94000 r-xp 00000000 08:05 53002676   /usr/java/jdk1.6.0_10/jre/lib/i386/native_threads/libhpi.so
b7f94000-b7f95000 rwxp 00006000 08:05 53002676   /usr/java/jdk1.6.0_10/jre/lib/i386/native_threads/libhpi.so
b7f95000-b7f96000 rwxp b7f95000 00:00 0 
b7f96000-b7f97000 r-xp b7f96000 00:00 0 
b7f97000-b7f9a000 ---p b7f97000 00:00 0 
b7f9a000-b7fe9000 rwxp b7f9a000 00:00 0 
b7fe9000-b7ff0000 r-xp 00000000 08:05 53002692   /usr/java/jdk1.6.0_10/jre/lib/i386/jli/libjli.so
b7ff0000-b7ff2000 rwxp 00006000 08:05 53002692   /usr/java/jdk1.6.0_10/jre/lib/i386/jli/libjli.so
b7ff2000-b7ff3000 rwxp b7ff2000 00:00 0 
bfff8000-c0000000 rwxp bfff8000 00:00 0 
ffffe000-fffff000 r-xp 00000000 00:00 0 

VM Arguments:
jvm_args: -Dfile.encoding=UTF8 -Xms128m -Xmx768m 
java_command: com.shopstyle.indexer.UserIndexer -alsoIndexLooks -alsoIndexGroups
Launcher Type: SUN_STANDARD

Environment Variables:
JAVA_HOME=/usr/java/jdk
PATH=/bin:/usr/local/bin:/usr/bin:/usr/java/jdk/bin
LD_LIBRARY_PATH=/usr/java/jdk1.6.0_10/jre/lib/i386/server:/usr/java/jdk1.6.0_10/jre/lib/i386:/usr/java/jdk1.6.0_10/jre/../lib/i386
SHELL=/bin/sh

Signal Handlers:
SIGSEGV: [libjvm.so+0x606f90], sa_mask[0]=0x7ffbfeff, sa_flags=0x10000004
SIGBUS: [libjvm.so+0x606f90], sa_mask[0]=0x7ffbfeff, sa_flags=0x10000004
SIGFPE: [libjvm.so+0x504690], sa_mask[0]=0x7ffbfeff, sa_flags=0x10000004
SIGPIPE: [libjvm.so+0x504690], sa_mask[0]=0x7ffbfeff, sa_flags=0x10000004
SIGXFSZ: [libjvm.so+0x504690], sa_mask[0]=0x7ffbfeff, sa_flags=0x10000004
SIGILL: [libjvm.so+0x504690], sa_mask[0]=0x7ffbfeff, sa_flags=0x10000004
SIGUSR1: SIG_DFL, sa_mask[0]=0x00000000, sa_flags=0x00000000
SIGUSR2: [libjvm.so+0x506b60], sa_mask[0]=0x00000000, sa_flags=0x10000004
SIGHUP: [libjvm.so+0x506900], sa_mask[0]=0x7ffbfeff, sa_flags=0x10000004
SIGINT: [libjvm.so+0x506900], sa_mask[0]=0x7ffbfeff, sa_flags=0x10000004
SIGTERM: [libjvm.so+0x506900], sa_mask[0]=0x7ffbfeff, sa_flags=0x10000004
SIGQUIT: [libjvm.so+0x506900], sa_mask[0]=0x7ffbfeff, sa_flags=0x10000004


---------------  S Y S T E M  ---------------

OS:Red Hat Enterprise Linux ES release 4 (Nahant Update 7)

uname:Linux 2.6.9-67.0.22.ELsmp #1 SMP Fri Jul 11 10:38:12 EDT 2008 i686
libc:glibc 2.3.4 NPTL 2.3.4 
rlimit: STACK 10240k, CORE 0k, NPROC 77824, NOFILE 1024, AS infinity
load average:0.93 0.67 0.73

CPU:total 4 (4 cores per cpu, 1 threads per core) family 6 model 7 stepping 6, cmov, cx8, fxsr, mmx, sse, sse2, sse3, ssse3

Memory: 4k page, physical 4144656k(23428k free), swap 5246544k(5242292k free)

vm_info: Java HotSpot(TM) Server VM (11.0-b15) for linux-x86 JRE (1.6.0_10-b33), built on Sep 26 2008 01:05:20 by "java_re" with gcc 3.2.1-7a (J2SE release)

time: Fri Nov 14 19:40:35 2008
elapsed time: 34 seconds

