#
# An unexpected error has been detected by Java Runtime Environment:
#
#  SIGSEGV (0xb) at pc=0x00002aaaab852a01, pid=2747, tid=1077070160
#
# Java VM: Java HotSpot(TM) 64-Bit Server VM (10.0-b23 mixed mode linux-amd64)
# Problematic frame:
# V  [libjvm.so+0x2faa01]
#
# If you would like to submit a bug report, please visit:
#   http://java.sun.com/webapps/bugreport/crash.jsp
#

---------------  T H R E A D  ---------------

Current thread (0x000000004011d400):  GCTaskThread [stack: 0x000000004022c000,0x000000004032d000] [id=2749]

siginfo:si_signo=SIGSEGV: si_errno=0, si_code=1 (SEGV_MAPERR), si_addr=0x00002aae21be0010

Registers:
RAX=0x0000000000000000, RBX=0x00002aae38359d10, RCX=0x0000000000000000, RDX=0x0000000000003ffe
RSP=0x000000004032bd80, RBP=0x000000004032bd90, RSI=0x0000000000000000, RDI=0x00002aae38339cc0
R8 =0x00002aaaabda7170, R9 =0x0000000000002387, R10=0x00002aae38339d00, R11=0x00002aae21be0010
R12=0x00002aaabd6b29d0, R13=0x00002aae38339c10, R14=0x0000000000000240, R15=0x00002aaaabd98dc0
RIP=0x00002aaaab852a01, EFL=0x0000000000010287, CSGSFS=0x000000000000e033, ERR=0x0000000000000006
  TRAPNO=0x000000000000000e

Top of Stack: (sp=0x000000004032bd80)
0x000000004032bd80:   00002aaabd6b29d0 00002aaabd9df0f0
0x000000004032bd90:   000000004032bdc0 00002aaaaba51f3f
0x000000004032bda0:   00002aaabd9df0f0 00002aaabd5df0d8
0x000000004032bdb0:   00002aaabd9df0f0 00002aae3542d0f9
0x000000004032bdc0:   000000004032be50 00002aaaab73e6d6
0x000000004032bdd0:   00002aaabd9df0f0 00002aae3542d0f9
0x000000004032bde0:   00002aae3542b080 00002aae3542b000
0x000000004032bdf0:   00002aaabd5d0008 00002aae354c3ca8
0x000000004032be00:   000000010132be30 00002aae38339c10
0x000000004032be10:   00002aaad0754ef8 0000000040118ac0
0x000000004032be20:   0000000040118810 00002aae383bbe80
0x000000004032be30:   00002aae38339c10 000000004011d400
0x000000004032be40:   00002aaaabc130d1 0000000000000000
0x000000004032be50:   000000004032be70 00002aaaabaa785b
0x000000004032be60:   00002aaaabd98e0c 00002aae383bbe80
0x000000004032be70:   000000004032bf70 00002aaaab81896a
0x000000004032be80:   000000004032bec0 000000004032be98
0x000000004032be90:   00002aaaabdae540 0000000000000000
0x000000004032bea0:   000000004011d690 000000004011d6c0
0x000000004032beb0:   000000004011d6d0 000000004011daa8
0x000000004032bec0:   000000004011d400 000000004011dab0
0x000000004032bed0:   000000004011dae0 000000004011daf0
0x000000004032bee0:   000000004011dec8 000000004032bf10
0x000000004032bef0:   000000004011d690 000000004011d6c0
0x000000004032bf00:   000000004011d6d0 000000004011daa8
0x000000004032bf10:   000000004011d400 000000004011dab0
0x000000004032bf20:   000000004011dae0 000000004011daf0
0x000000004032bf30:   000000004011dec8 000000004011ded0
0x000000004032bf40:   000000004032bf70 00002aaaabda94f0
0x000000004032bf50:   000000004011e220 000000004011e0b0
0x000000004032bf60:   000000004011d400 000000004022ab80
0x000000004032bf70:   000000004032c140 00002aaaaba5e30a 

Instructions: (pc=0x00002aaaab852a01)
0x00002aaaab8529f1:   00 00 8b 33 3b 73 04 74 0f 48 63 0b 4c 8b 5b 10
0x00002aaaab852a01:   4d 89 24 cb ff 03 eb 91 48 89 df e8 ef 02 00 00 

Stack: [0x000000004022c000,0x000000004032d000],  sp=0x000000004032bd80,  free space=1023k
Native frames: (J=compiled Java code, j=interpreted, Vv=VM code, C=native code)
V  [libjvm.so+0x2faa01]
V  [libjvm.so+0x4f9f3f]
V  [libjvm.so+0x1e66d6]
V  [libjvm.so+0x54f85b]
V  [libjvm.so+0x2c096a]
V  [libjvm.so+0x50630a]


---------------  P R O C E S S  ---------------

Java Threads: ( => current thread )
  0x00002aae4007f400 JavaThread "Image Fetcher 1" daemon [_thread_blocked, id=2879, stack(0x0000000044a74000,0x0000000044b75000)]
  0x00002aae3c4be400 JavaThread "Image Fetcher 0" daemon [_thread_blocked, id=2878, stack(0x0000000044d77000,0x0000000044e78000)]
  0x00002aae389b0c00 JavaThread "pool-3-thread-21" [_thread_blocked, id=2877, stack(0x000000004355f000,0x0000000043660000)]
  0x00002aae38bbbc00 JavaThread "pool-3-thread-20" [_thread_blocked, id=2876, stack(0x0000000043c66000,0x0000000043d67000)]
  0x00002aae38c25000 JavaThread "pool-3-thread-19" [_thread_blocked, id=2875, stack(0x000000004436d000,0x000000004446e000)]
  0x00002aae38cfd800 JavaThread "pool-3-thread-18" [_thread_blocked, id=2874, stack(0x0000000044c76000,0x0000000044d77000)]
  0x00002aae389aec00 JavaThread "pool-3-thread-17" [_thread_blocked, id=2870, stack(0x0000000042650000,0x0000000042751000)]
  0x00002aae38b12400 JavaThread "pool-3-thread-15" [_thread_blocked, id=2866, stack(0x0000000044670000,0x0000000044771000)]
  0x00002aae38bbc000 JavaThread "pool-3-thread-14" [_thread_blocked, id=2865, stack(0x0000000042a54000,0x0000000042b55000)]
  0x00002aae389dd400 JavaThread "http-8080-35" daemon [_thread_blocked, id=2862, stack(0x0000000044872000,0x0000000044973000)]
  0x00002aae38c4e000 JavaThread "http-8080-34" daemon [_thread_blocked, id=2859, stack(0x0000000044b75000,0x0000000044c76000)]
  0x00002aae38f94400 JavaThread "http-8080-33" daemon [_thread_blocked, id=2857, stack(0x0000000044973000,0x0000000044a74000)]
  0x00002aae38f93c00 JavaThread "http-8080-32" daemon [_thread_blocked, id=2855, stack(0x0000000044771000,0x0000000044872000)]
  0x00002aae38f94c00 JavaThread "http-8080-31" daemon [_thread_in_native, id=2853, stack(0x000000004456f000,0x0000000044670000)]
  0x00002aae38bb9400 JavaThread "pool-3-thread-9" [_thread_blocked, id=2852, stack(0x000000004446e000,0x000000004456f000)]
  0x00002aae3939ec00 JavaThread "http-8080-30" daemon [_thread_in_native, id=2850, stack(0x000000004426c000,0x000000004436d000)]
  0x00002aae38f96000 JavaThread "http-8080-29" daemon [_thread_in_native, id=2849, stack(0x000000004416b000,0x000000004426c000)]
  0x00002aae391e9c00 JavaThread "http-8080-28" daemon [_thread_in_native, id=2848, stack(0x000000004406a000,0x000000004416b000)]
  0x00002aae3902bc00 JavaThread "http-8080-27" daemon [_thread_blocked, id=2847, stack(0x0000000043f69000,0x000000004406a000)]
  0x00002aae389df800 JavaThread "http-8080-26" daemon [_thread_in_native, id=2846, stack(0x0000000043e68000,0x0000000043f69000)]
  0x00002aae389de800 JavaThread "http-8080-25" daemon [_thread_blocked, id=2845, stack(0x0000000043d67000,0x0000000043e68000)]
  0x00002aae38d27c00 JavaThread "http-8080-24" daemon [_thread_blocked, id=2843, stack(0x0000000043b65000,0x0000000043c66000)]
  0x00002aae38d26800 JavaThread "http-8080-23" daemon [_thread_in_native, id=2842, stack(0x0000000043a64000,0x0000000043b65000)]
  0x00002aae38d25800 JavaThread "pool-3-thread-6" [_thread_blocked, id=2841, stack(0x0000000043963000,0x0000000043a64000)]
  0x00002aae38a37000 JavaThread "http-8080-22" daemon [_thread_in_native, id=2840, stack(0x0000000043862000,0x0000000043963000)]
  0x00002aae38a36000 JavaThread "http-8080-21" daemon [_thread_blocked, id=2839, stack(0x0000000043761000,0x0000000043862000)]
  0x00002aae38998c00 JavaThread "http-8080-20" daemon [_thread_blocked, id=2838, stack(0x0000000043660000,0x0000000043761000)]
  0x00002aae38996c00 JavaThread "http-8080-19" daemon [_thread_in_native, id=2836, stack(0x000000004345e000,0x000000004355f000)]
  0x00002aae3939dc00 JavaThread "http-8080-18" daemon [_thread_blocked, id=2835, stack(0x000000004335d000,0x000000004345e000)]
  0x00002aae38b53800 JavaThread "http-8080-17" daemon [_thread_in_native, id=2834, stack(0x000000004325c000,0x000000004335d000)]
  0x00002aae38b52400 JavaThread "http-8080-16" daemon [_thread_in_native, id=2833, stack(0x000000004315b000,0x000000004325c000)]
  0x00002aae38d57400 JavaThread "http-8080-15" daemon [_thread_blocked, id=2832, stack(0x000000004305a000,0x000000004315b000)]
  0x00002aae396c7400 JavaThread "http-8080-14" daemon [_thread_in_native, id=2830, stack(0x0000000042e58000,0x0000000042f59000)]
  0x00002aae389e1800 JavaThread "http-8080-13" daemon [_thread_in_native, id=2829, stack(0x0000000042d57000,0x0000000042e58000)]
  0x00002aae389e1400 JavaThread "http-8080-12" daemon [_thread_in_native, id=2828, stack(0x0000000042c56000,0x0000000042d57000)]
  0x00002aae396c1000 JavaThread "http-8080-11" daemon [_thread_in_native, id=2827, stack(0x0000000042b55000,0x0000000042c56000)]
  0x00002aae396c3000 JavaThread "http-8080-10" daemon [_thread_in_native, id=2825, stack(0x0000000042953000,0x0000000042a54000)]
  0x00002aae3904ac00 JavaThread "http-8080-9" daemon [_thread_blocked, id=2824, stack(0x0000000042852000,0x0000000042953000)]
  0x00002aae38a1a800 JavaThread "http-8080-8" daemon [_thread_blocked, id=2823, stack(0x0000000042751000,0x0000000042852000)]
  0x00002aae39405c00 JavaThread "http-8080-7" daemon [_thread_blocked, id=2821, stack(0x000000004244e000,0x000000004254f000)]
  0x00002aae39d11000 JavaThread "http-8080-6" daemon [_thread_in_native, id=2819, stack(0x000000004254f000,0x0000000042650000)]
  0x00002aae3908c400 JavaThread "http-8080-5" daemon [_thread_in_native, id=2794, stack(0x000000004224c000,0x000000004234d000)]
  0x00002aae38db0400 JavaThread "RRD4J Sync Pool [Thread-6]" daemon [_thread_blocked, id=2786, stack(0x000000004234d000,0x000000004244e000)]
  0x00002aae38c3cc00 JavaThread "RRD4J Sync Pool [Thread-5]" daemon [_thread_blocked, id=2784, stack(0x000000004214b000,0x000000004224c000)]
  0x00002aae396d8000 JavaThread "RRD4J Sync Pool [Thread-4]" daemon [_thread_blocked, id=2782, stack(0x000000004204a000,0x000000004214b000)]
  0x00002aae39722400 JavaThread "RRD4J Sync Pool [Thread-3]" daemon [_thread_blocked, id=2781, stack(0x0000000041f49000,0x000000004204a000)]
  0x00002aae38d6b000 JavaThread "RRD4J Sync Pool [Thread-2]" daemon [_thread_blocked, id=2780, stack(0x0000000041e48000,0x0000000041f49000)]
  0x00002aae39311c00 JavaThread "RRD4J Sync Pool [Thread-1]" daemon [_thread_blocked, id=2779, stack(0x0000000041c46000,0x0000000041d47000)]
  0x00002aae38d6ec00 JavaThread "http-8080-4" daemon [_thread_in_native, id=2778, stack(0x0000000041d47000,0x0000000041e48000)]
  0x00002aae385e2000 JavaThread "Java2D Disposer" daemon [_thread_blocked, id=2776, stack(0x0000000041b45000,0x0000000041c46000)]
  0x00002aae38be4800 JavaThread "http-8080-3" daemon [_thread_in_native, id=2775, stack(0x0000000041842000,0x0000000041943000)]
  0x00002aae39698400 JavaThread "http-8080-2" daemon [_thread_in_native, id=2773, stack(0x0000000041a44000,0x0000000041b45000)]
  0x00002aae390e9400 JavaThread "MultiThreadedHttpConnectionManager cleanup" daemon [_thread_blocked, id=2772, stack(0x0000000041943000,0x0000000041a44000)]
  0x00002aae40003000 JavaThread "TP-Monitor" daemon [_thread_blocked, id=2770, stack(0x0000000041741000,0x0000000041842000)]
  0x00002aae40001c00 JavaThread "TP-Processor4" daemon [_thread_in_native, id=2769, stack(0x0000000041640000,0x0000000041741000)]
  0x00002aae40001000 JavaThread "TP-Processor3" daemon [_thread_blocked, id=2768, stack(0x000000004153f000,0x0000000041640000)]
  0x00002aae40006800 JavaThread "TP-Processor2" daemon [_thread_blocked, id=2767, stack(0x000000004143e000,0x000000004153f000)]
  0x00002aae40006000 JavaThread "TP-Processor1" daemon [_thread_blocked, id=2766, stack(0x000000004133d000,0x000000004143e000)]
  0x00002aae3891bc00 JavaThread "http-8080-1" daemon [_thread_in_native, id=2765, stack(0x000000004123c000,0x000000004133d000)]
  0x00002aae3c3f5800 JavaThread "http-8080-Acceptor-0" daemon [_thread_in_native, id=2764, stack(0x000000004113b000,0x000000004123c000)]
  0x00002aae394d7c00 JavaThread "ContainerBackgroundProcessor[StandardEngine[Catalina]]" daemon [_thread_blocked, id=2763, stack(0x000000004103a000,0x000000004113b000)]
  0x00002aae396d2000 JavaThread "Timer-0" [_thread_blocked, id=2762, stack(0x0000000040f39000,0x000000004103a000)]
  0x00002aae389ee400 JavaThread "pool-1-thread-1" [_thread_blocked, id=2761, stack(0x0000000040e38000,0x0000000040f39000)]
  0x00002aae385a0c00 JavaThread "Low Memory Detector" daemon [_thread_blocked, id=2759, stack(0x0000000040c36000,0x0000000040d37000)]
  0x00002aae3859e800 JavaThread "CompilerThread1" daemon [_thread_blocked, id=2758, stack(0x0000000040b35000,0x0000000040c36000)]
  0x00002aae3859b000 JavaThread "CompilerThread0" daemon [_thread_blocked, id=2757, stack(0x0000000040a34000,0x0000000040b35000)]
  0x00002aae38599800 JavaThread "Signal Dispatcher" daemon [_thread_blocked, id=2756, stack(0x0000000040933000,0x0000000040a34000)]
  0x00002aae383bf400 JavaThread "Finalizer" daemon [_thread_blocked, id=2755, stack(0x0000000040832000,0x0000000040933000)]
  0x00002aae383be000 JavaThread "Reference Handler" daemon [_thread_blocked, id=2754, stack(0x0000000040731000,0x0000000040832000)]
  0x0000000040112c00 JavaThread "main" [_thread_in_native, id=2748, stack(0x000000004012b000,0x000000004022c000)]

Other Threads:
  0x00002aae383bbc00 VMThread [stack: 0x0000000040630000,0x0000000040731000] [id=2753]
  0x00002aae385a2800 WatcherThread [stack: 0x0000000040d37000,0x0000000040e38000] [id=2760]

=>0x000000004011d400 (exited) GCTaskThread [stack: 0x000000004022c000,0x000000004032d000] [id=2749]

VM state:at safepoint (normal execution)

VM Mutex/Monitor currently owned by a thread:  ([mutex/lock_event])
[0x000000004010f9a0/0x000000004010f9f0] Threads_lock - owner thread: 0x00002aae383bbc00
[0x0000000040110140/0x0000000040110170] Heap_lock - owner thread: 0x00002aae3939dc00

Heap
 PSYoungGen      total 4307008K, used 4307006K [0x00002aad0a920000, 0x00002aae21be0000, 0x00002aae353c0000)
  eden space 4151232K, 100% used [0x00002aad0a920000,0x00002aae07f10000,0x00002aae07f10000)
  from space 155776K, 99% used [0x00002aae13b60000,0x00002aae1d37fa00,0x00002aae1d380000)
  to   space 192832K, 20% used [0x00002aae07f10000,0x00002aae0a64d3c8,0x00002aae13b60000)
 PSOldGen        total 699072K, used 509052K [0x00002aaab53c0000, 0x00002aaadfe70000, 0x00002aad0a920000)
  object space 699072K, 72% used [0x00002aaab53c0000,0x00002aaad44df258,0x00002aaadfe70000)
 PSPermGen       total 27968K, used 27884K [0x00002aaaaffc0000, 0x00002aaab1b10000, 0x00002aaab53c0000)
  object space 27968K, 99% used [0x00002aaaaffc0000,0x00002aaab1afb230,0x00002aaab1b10000)

Dynamic libraries:
40000000-40009000 r-xp 00000000 08:01 551030                             /usr/lib/jvm/java-6-sun-1.6.0.07/jre/bin/java
40108000-4010a000 rwxp 00008000 08:01 551030                             /usr/lib/jvm/java-6-sun-1.6.0.07/jre/bin/java
4010a000-4012b000 rwxp 4010a000 00:00 0                                  [heap]
4012b000-4012e000 ---p 4012b000 00:00 0 
4012e000-4022c000 rwxp 4012e000 00:00 0 
4022c000-4022d000 ---p 4022c000 00:00 0 
4022d000-4032d000 rwxp 4022d000 00:00 0 
4032d000-4032e000 ---p 4032d000 00:00 0 
4032e000-4042e000 rwxp 4032e000 00:00 0 
4042e000-4042f000 ---p 4042e000 00:00 0 
4042f000-4052f000 rwxp 4042f000 00:00 0 
4052f000-40530000 ---p 4052f000 00:00 0 
40530000-40630000 rwxp 40530000 00:00 0 
40630000-40631000 ---p 40630000 00:00 0 
40631000-40731000 rwxp 40631000 00:00 0 
40731000-40734000 ---p 40731000 00:00 0 
40734000-40832000 rwxp 40734000 00:00 0 
40832000-40835000 ---p 40832000 00:00 0 
40835000-40933000 rwxp 40835000 00:00 0 
40933000-40936000 ---p 40933000 00:00 0 
40936000-40a34000 rwxp 40936000 00:00 0 
40a34000-40a37000 ---p 40a34000 00:00 0 
40a37000-40b35000 rwxp 40a37000 00:00 0 
40b35000-40b38000 ---p 40b35000 00:00 0 
40b38000-40c36000 rwxp 40b38000 00:00 0 
40c36000-40c39000 ---p 40c36000 00:00 0 
40c39000-40d37000 rwxp 40c39000 00:00 0 
40d37000-40d38000 ---p 40d37000 00:00 0 
40d38000-40e38000 rwxp 40d38000 00:00 0 
40e38000-40e3b000 ---p 40e38000 00:00 0 
40e3b000-40f39000 rwxp 40e3b000 00:00 0 
40f39000-40f3c000 ---p 40f39000 00:00 0 
40f3c000-4103a000 rwxp 40f3c000 00:00 0 
4103a000-4103d000 ---p 4103a000 00:00 0 
4103d000-4113b000 rwxp 4103d000 00:00 0 
4113b000-4113e000 ---p 4113b000 00:00 0 
4113e000-4123c000 rwxp 4113e000 00:00 0 
4123c000-4123f000 ---p 4123c000 00:00 0 
4123f000-4133d000 rwxp 4123f000 00:00 0 
4133d000-41340000 ---p 4133d000 00:00 0 
41340000-4143e000 rwxp 41340000 00:00 0 
4143e000-41441000 ---p 4143e000 00:00 0 
41441000-4153f000 rwxp 41441000 00:00 0 
4153f000-41542000 ---p 4153f000 00:00 0 
41542000-41640000 rwxp 41542000 00:00 0 
41640000-41643000 ---p 41640000 00:00 0 
41643000-41741000 rwxp 41643000 00:00 0 
41741000-41744000 ---p 41741000 00:00 0 
41744000-41842000 rwxp 41744000 00:00 0 
41842000-41845000 ---p 41842000 00:00 0 
41845000-41943000 rwxp 41845000 00:00 0 
41943000-41946000 ---p 41943000 00:00 0 
41946000-41a44000 rwxp 41946000 00:00 0 
41a44000-41a47000 ---p 41a44000 00:00 0 
41a47000-41b45000 rwxp 41a47000 00:00 0 
41b45000-41b48000 ---p 41b45000 00:00 0 
41b48000-41c46000 rwxp 41b48000 00:00 0 
41c46000-41c49000 ---p 41c46000 00:00 0 
41c49000-41d47000 rwxp 41c49000 00:00 0 
41d47000-41d4a000 ---p 41d47000 00:00 0 
41d4a000-41e48000 rwxp 41d4a000 00:00 0 
41e48000-41e4b000 ---p 41e48000 00:00 0 
41e4b000-41f49000 rwxp 41e4b000 00:00 0 
41f49000-41f4c000 ---p 41f49000 00:00 0 
41f4c000-4204a000 rwxp 41f4c000 00:00 0 
4204a000-4204d000 ---p 4204a000 00:00 0 
4204d000-4214b000 rwxp 4204d000 00:00 0 
4214b000-4214e000 ---p 4214b000 00:00 0 
4214e000-4224c000 rwxp 4214e000 00:00 0 
4224c000-4224f000 ---p 4224c000 00:00 0 
4224f000-4234d000 rwxp 4224f000 00:00 0 
4234d000-42350000 ---p 4234d000 00:00 0 
42350000-4244e000 rwxp 42350000 00:00 0 
4244e000-42451000 ---p 4244e000 00:00 0 
42451000-4254f000 rwxp 42451000 00:00 0 
4254f000-42552000 ---p 4254f000 00:00 0 
42552000-42650000 rwxp 42552000 00:00 0 
42650000-42653000 ---p 42650000 00:00 0 
42653000-42751000 rwxp 42653000 00:00 0 
42751000-42754000 ---p 42751000 00:00 0 
42754000-42852000 rwxp 42754000 00:00 0 
42852000-42855000 ---p 42852000 00:00 0 
42855000-42953000 rwxp 42855000 00:00 0 
42953000-42956000 ---p 42953000 00:00 0 
42956000-42a54000 rwxp 42956000 00:00 0 
42a54000-42a57000 ---p 42a54000 00:00 0 
42a57000-42b55000 rwxp 42a57000 00:00 0 
42b55000-42b58000 ---p 42b55000 00:00 0 
42b58000-42c56000 rwxp 42b58000 00:00 0 
42c56000-42c59000 ---p 42c56000 00:00 0 
42c59000-42d57000 rwxp 42c59000 00:00 0 
42d57000-42d5a000 ---p 42d57000 00:00 0 
42d5a000-42e58000 rwxp 42d5a000 00:00 0 
42e58000-42e5b000 ---p 42e58000 00:00 0 
42e5b000-42f59000 rwxp 42e5b000 00:00 0 
42f59000-42f5c000 rwxp 42f59000 00:00 0 
42f5c000-4305a000 rwxp 42f5c000 00:00 0 
4305a000-4305d000 ---p 4305a000 00:00 0 
4305d000-4315b000 rwxp 4305d000 00:00 0 
4315b000-4315e000 ---p 4315b000 00:00 0 
4315e000-4325c000 rwxp 4315e000 00:00 0 
4325c000-4325f000 ---p 4325c000 00:00 0 
4325f000-4335d000 rwxp 4325f000 00:00 0 
4335d000-43360000 ---p 4335d000 00:00 0 
43360000-4345e000 rwxp 43360000 00:00 0 
4345e000-43461000 ---p 4345e000 00:00 0 
43461000-4355f000 rwxp 43461000 00:00 0 
4355f000-43562000 ---p 4355f000 00:00 0 
43562000-43660000 rwxp 43562000 00:00 0 
43660000-43663000 ---p 43660000 00:00 0 
43663000-43761000 rwxp 43663000 00:00 0 
43761000-43764000 ---p 43761000 00:00 0 
43764000-43862000 rwxp 43764000 00:00 0 
43862000-43865000 ---p 43862000 00:00 0 
43865000-43963000 rwxp 43865000 00:00 0 
43963000-43966000 ---p 43963000 00:00 0 
43966000-43a64000 rwxp 43966000 00:00 0 
43a64000-43a67000 ---p 43a64000 00:00 0 
43a67000-43b65000 rwxp 43a67000 00:00 0 
43b65000-43b68000 ---p 43b65000 00:00 0 
43b68000-43c66000 rwxp 43b68000 00:00 0 
43c66000-43c69000 ---p 43c66000 00:00 0 
43c69000-43d67000 rwxp 43c69000 00:00 0 
43d67000-43d6a000 ---p 43d67000 00:00 0 
43d6a000-43e68000 rwxp 43d6a000 00:00 0 
43e68000-43e6b000 ---p 43e68000 00:00 0 
43e6b000-43f69000 rwxp 43e6b000 00:00 0 
43f69000-43f6c000 ---p 43f69000 00:00 0 
43f6c000-4406a000 rwxp 43f6c000 00:00 0 
4406a000-4406d000 ---p 4406a000 00:00 0 
4406d000-4416b000 rwxp 4406d000 00:00 0 
4416b000-4416e000 ---p 4416b000 00:00 0 
4416e000-4426c000 rwxp 4416e000 00:00 0 
4426c000-4426f000 ---p 4426c000 00:00 0 
4426f000-4436d000 rwxp 4426f000 00:00 0 
4436d000-44370000 ---p 4436d000 00:00 0 
44370000-4446e000 rwxp 44370000 00:00 0 
4446e000-44471000 ---p 4446e000 00:00 0 
44471000-4456f000 rwxp 44471000 00:00 0 
4456f000-44572000 ---p 4456f000 00:00 0 
44572000-44670000 rwxp 44572000 00:00 0 
44670000-44673000 ---p 44670000 00:00 0 
44673000-44771000 rwxp 44673000 00:00 0 
44771000-44774000 ---p 44771000 00:00 0 
44774000-44872000 rwxp 44774000 00:00 0 
44872000-44875000 ---p 44872000 00:00 0 
44875000-44973000 rwxp 44875000 00:00 0 
44973000-44976000 ---p 44973000 00:00 0 
44976000-44a74000 rwxp 44976000 00:00 0 
44a74000-44a77000 ---p 44a74000 00:00 0 
44a77000-44b75000 rwxp 44a77000 00:00 0 
44b75000-44b78000 ---p 44b75000 00:00 0 
44b78000-44c76000 rwxp 44b78000 00:00 0 
44c76000-44c79000 ---p 44c76000 00:00 0 
44c79000-44d77000 rwxp 44c79000 00:00 0 
44d77000-44d7a000 ---p 44d77000 00:00 0 
44d7a000-44e78000 rwxp 44d7a000 00:00 0 
2aaaaaaab000-2aaaaaac8000 r-xp 00000000 08:01 278870                     /lib/ld-2.7.so
2aaaaaac8000-2aaaaaacb000 rwxp 2aaaaaac8000 00:00 0 
2aaaaaacb000-2aaaaaacc000 ---p 2aaaaaacb000 00:00 0 
2aaaaaacc000-2aaaaaacd000 rwxp 2aaaaaacc000 00:00 0 
2aaaaaacd000-2aaaaaad4000 r-xp 00000000 08:01 551107                     /usr/lib/jvm/java-6-sun-1.6.0.07/jre/lib/amd64/native_threads/libhpi.so
2aaaaaad4000-2aaaaabd5000 ---p 00007000 08:01 551107                     /usr/lib/jvm/java-6-sun-1.6.0.07/jre/lib/amd64/native_threads/libhpi.so
2aaaaabd5000-2aaaaabd7000 rwxp 00008000 08:01 551107                     /usr/lib/jvm/java-6-sun-1.6.0.07/jre/lib/amd64/native_threads/libhpi.so
2aaaaabd7000-2aaaaabd8000 rwxp 2aaaaabd7000 00:00 0 
2aaaaabd8000-2aaaaabe0000 rwxs 00000000 08:01 239195                     /tmp/hsperfdata_biz360/2747
2aaaaabe0000-2aaaaac08000 rwxp 2aaaaabe0000 00:00 0 
2aaaaac08000-2aaaaac0a000 r-xs 00003000 08:01 239101                     /app/apache-tomcat-6.0.18/bin/bootstrap.jar
2aaaaac0a000-2aaaaac0c000 r-xs 00001000 08:01 239122                     /app/apache-tomcat-6.0.18/bin/commons-daemon.jar
2aaaaac0c000-2aaaaac0d000 r-xs 00004000 08:01 239127                     /app/apache-tomcat-6.0.18/bin/tomcat-juli.jar
2aaaaac0d000-2aaaaac1e000 r-xs 00100000 08:01 239329                     /app/apache-tomcat-6.0.18/webapps/solr/WEB-INF/lib/apache-solr-core-1.4-dev.jar
2aaaaac1e000-2aaaaac24000 r-xs 00037000 08:01 239331                     /app/apache-tomcat-6.0.18/webapps/solr/WEB-INF/lib/apache-solr-solrj-1.4-dev.jar
2aaaaac24000-2aaaaac26000 r-xs 0000a000 08:01 238443                     /app/apache-tomcat-6.0.18/webapps/solr/WEB-INF/lib/commons-codec-1.3.jar
2aaaaac26000-2aaaaac28000 r-xs 00004000 08:01 238444                     /app/apache-tomcat-6.0.18/webapps/solr/WEB-INF/lib/commons-csv-1.0-SNAPSHOT-r609327.jar
2aaaaac28000-2aaaaac2b000 r-xs 0000c000 08:01 238445                     /app/apache-tomcat-6.0.18/webapps/solr/WEB-INF/lib/commons-fileupload-1.2.1.jar
2aaaaac2b000-2aaaaac31000 r-xs 00045000 08:01 238446                     /app/apache-tomcat-6.0.18/webapps/solr/WEB-INF/lib/commons-httpclient-3.1.jar
2aaaaac31000-2aaaaac34000 r-xs 00018000 08:01 238447                     /app/apache-tomcat-6.0.18/webapps/solr/WEB-INF/lib/commons-io-1.4.jar
2aaaaac34000-2aaaaac36000 r-xs 00006000 08:01 238448                     /app/apache-tomcat-6.0.18/webapps/solr/WEB-INF/lib/geronimo-stax-api_1.0_spec-1.0.1.jar
2aaaaac36000-2aaaaac38000 r-xs 00003000 08:01 238449                     /app/apache-tomcat-6.0.18/webapps/solr/WEB-INF/lib/jcl-over-slf4j-1.5.5.jar
2aaaaac38000-2aaaaac3d000 r-xs 0002b000 08:01 238450                     /app/apache-tomcat-6.0.18/webapps/solr/WEB-INF/lib/lucene-analyzers-2.9-dev.jar
2aaaaac3d000-2aaaaac50000 r-xs 000f7000 08:01 238451                     /app/apache-tomcat-6.0.18/webapps/solr/WEB-INF/lib/lucene-core-2.9-dev.jar
2aaaaac50000-2aaaaac52000 r-xs 0000a000 08:01 238452                     /app/apache-tomcat-6.0.18/webapps/solr/WEB-INF/lib/lucene-highlighter-2.9-dev.jar
2aaaaac52000-2aaaaac54000 r-xs 0000c000 08:01 238453                     /app/apache-tomcat-6.0.18/webapps/solr/WEB-INF/lib/lucene-memory-2.9-dev.jar
2aaaaac54000-2aaaaac5a000 r-xs 00091000 08:01 551061                     /usr/lib/jvm/java-6-sun-1.6.0.07/jre/lib/jsse.jar
2aaaaac5a000-2aaaaac63000 r-xs 00000000 08:01 352346                     /var/cache/fontconfig/6d41288fd70b0be22e8c3a91e032eec0-x86-64.cache-2
2aaaaac63000-2aaaaac65000 r-xs 0000d000 08:01 238454                     /app/apache-tomcat-6.0.18/webapps/solr/WEB-INF/lib/lucene-misc-2.9-dev.jar
2aaaaac65000-2aaaaac66000 r-xs 00008000 08:01 238455                     /app/apache-tomcat-6.0.18/webapps/solr/WEB-INF/lib/lucene-queries-2.9-dev.jar
2aaaaac66000-2aaaaac68000 r-xs 0001b000 08:01 238456                     /app/apache-tomcat-6.0.18/webapps/solr/WEB-INF/lib/lucene-snowball-2.9-dev.jar
2aaaaac68000-2aaaaac69000 r-xs 00004000 08:01 238457                     /app/apache-tomcat-6.0.18/webapps/solr/WEB-INF/lib/lucene-spellchecker-2.9-dev.jar
2aaaaac69000-2aaaaac6b000 r-xs 00004000 08:01 238458                     /app/apache-tomcat-6.0.18/webapps/solr/WEB-INF/lib/slf4j-api-1.5.5.jar
2aaaaac6b000-2aaaaac6d000 r-xs 00001000 08:01 238460                     /app/apache-tomcat-6.0.18/webapps/solr/WEB-INF/lib/slf4j-jdk14-1.5.5.jar
2aaaaac6d000-2aaaaac74000 r-xs 00079000 08:01 239327                     /app/apache-tomcat-6.0.18/webapps/solr/WEB-INF/lib/wstx-asl-3.2.7.jar
2aaaaacc8000-2aaaaacca000 rwxp 0001d000 08:01 278870                     /lib/ld-2.7.so
2aaaaacca000-2aaaaace0000 r-xp 00000000 08:01 278918                     /lib/libpthread-2.7.so
2aaaaace0000-2aaaaaee0000 ---p 00016000 08:01 278918                     /lib/libpthread-2.7.so
2aaaaaee0000-2aaaaaee2000 rwxp 00016000 08:01 278918                     /lib/libpthread-2.7.so
2aaaaaee2000-2aaaaaee6000 rwxp 2aaaaaee2000 00:00 0 
2aaaaaee6000-2aaaaaeed000 r-xp 00000000 08:01 551105                     /usr/lib/jvm/java-6-sun-1.6.0.07/jre/lib/amd64/jli/libjli.so
2aaaaaeed000-2aaaaafee000 ---p 00007000 08:01 551105                     /usr/lib/jvm/java-6-sun-1.6.0.07/jre/lib/amd64/jli/libjli.so
2aaaaafee000-2aaaaaff0000 rwxp 00008000 08:01 551105                     /usr/lib/jvm/java-6-sun-1.6.0.07/jre/lib/amd64/jli/libjli.so
2aaaaaff0000-2aaaaaff2000 r-xp 00000000 08:01 278888                     /lib/libdl-2.7.so
2aaaaaff2000-2aaaab1f2000 ---p 00002000 08:01 278888                     /lib/libdl-2.7.so
2aaaab1f2000-2aaaab1f4000 rwxp 00002000 08:01 278888                     /lib/libdl-2.7.so
2aaaab1f4000-2aaaab1f5000 rwxp 2aaaab1f4000 00:00 0 
2aaaab1f5000-2aaaab34d000 r-xp 00000000 08:01 278879                     /lib/libc-2.7.so
2aaaab34d000-2aaaab54d000 ---p 00158000 08:01 278879                     /lib/libc-2.7.so
2aaaab54d000-2aaaab550000 r-xp 00158000 08:01 278879                     /lib/libc-2.7.so
2aaaab550000-2aaaab552000 rwxp 0015b000 08:01 278879                     /lib/libc-2.7.so
2aaaab552000-2aaaab558000 rwxp 2aaaab552000 00:00 0 
2aaaab558000-2aaaabc4d000 r-xp 00000000 08:01 551109                     /usr/lib/jvm/java-6-sun-1.6.0.07/jre/lib/amd64/server/libjvm.so
2aaaabc4d000-2aaaabd4c000 ---p 006f5000 08:01 551109                     /usr/lib/jvm/java-6-sun-1.6.0.07/jre/lib/amd64/server/libjvm.so
2aaaabd4c000-2aaaabe96000 rwxp 006f4000 08:01 551109                     /usr/lib/jvm/java-6-sun-1.6.0.07/jre/lib/amd64/server/libjvm.so
2aaaabe96000-2aaaabed3000 rwxp 2aaaabe96000 00:00 0 
2aaaabedd000-2aaaabf5d000 r-xp 00000000 08:01 278899                     /lib/libm-2.7.so
2aaaabf5d000-2aaaac15c000 ---p 00080000 08:01 278899                     /lib/libm-2.7.so
2aaaac15c000-2aaaac15e000 rwxp 0007f000 08:01 278899                     /lib/libm-2.7.so
2aaaac15e000-2aaaac166000 r-xp 00000000 08:01 278921                     /lib/librt-2.7.so
2aaaac166000-2aaaac365000 ---p 00008000 08:01 278921                     /lib/librt-2.7.so
2aaaac365000-2aaaac367000 rwxp 00007000 08:01 278921                     /lib/librt-2.7.so
2aaaac367000-2aaaac37d000 r-xp 00000000 08:01 278903                     /lib/libnsl-2.7.so
2aaaac37d000-2aaaac57c000 ---p 00016000 08:01 278903                     /lib/libnsl-2.7.so
2aaaac57c000-2aaaac57e000 rwxp 00015000 08:01 278903                     /lib/libnsl-2.7.so
2aaaac57e000-2aaaac580000 rwxp 2aaaac57e000 00:00 0 
2aaaac580000-2aaaac588000 r-xp 00000000 08:01 278904                     /lib/libnss_compat-2.7.so
2aaaac588000-2aaaac787000 ---p 00008000 08:01 278904                     /lib/libnss_compat-2.7.so
2aaaac787000-2aaaac789000 rwxp 00007000 08:01 278904                     /lib/libnss_compat-2.7.so
2aaaac789000-2aaaac793000 r-xp 00000000 08:01 278908                     /lib/libnss_nis-2.7.so
2aaaac793000-2aaaac992000 ---p 0000a000 08:01 278908                     /lib/libnss_nis-2.7.so
2aaaac992000-2aaaac994000 rwxp 00009000 08:01 278908                     /lib/libnss_nis-2.7.so
2aaaac994000-2aaaac99e000 r-xp 00000000 08:01 278906                     /lib/libnss_files-2.7.so
2aaaac99e000-2aaaacb9e000 ---p 0000a000 08:01 278906                     /lib/libnss_files-2.7.so
2aaaacb9e000-2aaaacba0000 rwxp 0000a000 08:01 278906                     /lib/libnss_files-2.7.so
2aaaacba0000-2aaaacbad000 r-xp 00000000 08:01 551102                     /usr/lib/jvm/java-6-sun-1.6.0.07/jre/lib/amd64/libverify.so
2aaaacbad000-2aaaaccac000 ---p 0000d000 08:01 551102                     /usr/lib/jvm/java-6-sun-1.6.0.07/jre/lib/amd64/libverify.so
2aaaaccac000-2aaaaccaf000 rwxp 0000c000 08:01 551102                     /usr/lib/jvm/java-6-sun-1.6.0.07/jre/lib/amd64/libverify.so
2aaaaccaf000-2aaaaccd8000 r-xp 00000000 08:01 551083                     /usr/lib/jvm/java-6-sun-1.6.0.07/jre/lib/amd64/libjava.so
2aaaaccd8000-2aaaacdd7000 ---p 00029000 08:01 551083                     /usr/lib/jvm/java-6-sun-1.6.0.07/jre/lib/amd64/libjava.so
2aaaacdd7000-2aaaacdde000 rwxp 00028000 08:01 551083                     /usr/lib/jvm/java-6-sun-1.6.0.07/jre/lib/amd64/libjava.so
2aaaacdde000-2aaaacdec000 r-xp 00000000 08:01 551103                     /usr/lib/jvm/java-6-sun-1.6.0.07/jre/lib/amd64/libzip.so
2aaaacdec000-2aaaaceee000 ---p 0000e000 08:01 551103                     /usr/lib/jvm/java-6-sun-1.6.0.07/jre/lib/amd64/libzip.so
2aaaaceee000-2aaaacef1000 rwxp 00010000 08:01 551103                     /usr/lib/jvm/java-6-sun-1.6.0.07/jre/lib/amd64/libzip.so
2aaaacef1000-2aaaad522000 rwxp 2aaaacef1000 00:00 0 
2aaaad522000-2aaaafef2000 rwxp 2aaaad522000 00:00 0 
2aaaafef2000-2aaaaff0b000 rwxp 2aaaafef2000 00:00 0 
2aaaaff0b000-2aaaaffb2000 rwxp 2aaaaff0b000 00:00 0 
2aaaaffc0000-2aaab1b10000 rwxp 2aaaaffc0000 00:00 0 
2aaab1b10000-2aaab53c0000 rwxp 2aaab1b10000 00:00 0 
2aaab53c0000-2aaadfe70000 rwxp 2aaab53c0000 00:00 0 
2aaadfe70000-2aad0a920000 rwxp 2aaadfe70000 00:00 0 
2aad0a920000-2aae21be0000 rwxp 2aad0a920000 00:00 0 
2aae353c0000-2aae353ce000 rwxp 2aae353c0000 00:00 0 
2aae353ce000-2aae353ea000 rwxp 2aae353ce000 00:00 0 
2aae353ea000-2aae35540000 rwxp 2aae353ea000 00:00 0 
2aae35540000-2aae36694000 rwxp 2aae35540000 00:00 0 
2aae36694000-2aae36f4f000 rwxp 2aae36694000 00:00 0 
2aae36f4f000-2aae36fea000 rwxp 2aae36f4f000 00:00 0 
2aae36fea000-2aae37141000 rwxp 2aae36fea000 00:00 0 
2aae37141000-2aae38296000 rwxp 2aae37141000 00:00 0 
2aae38296000-2aae382a4000 rwxp 2aae38296000 00:00 0 
2aae382a4000-2aae382c0000 rwxp 2aae382a4000 00:00 0 
2aae382c0000-2aae383c0000 rwxp 2aae382c0000 00:00 0 
2aae383c0000-2aae3854b000 r-xs 02def000 08:01 551068                     /usr/lib/jvm/java-6-sun-1.6.0.07/jre/lib/rt.jar
2aae3854b000-2aae3866c000 rwxp 2aae3854b000 00:00 0 
2aae3866c000-2aae387a2000 r-xp 00000000 08:01 303106                     /usr/lib/locale/locale-archive
2aae387a2000-2aae388a2000 rwxp 2aae387a2000 00:00 0 
2aae388a2000-2aae388ac000 r-xs 000ac000 08:01 238359                     /app/apache-tomcat-6.0.18/lib/tomcat-coyote.jar
2aae388ac000-2aae388af000 r-xs 0001c000 08:01 238360                     /app/apache-tomcat-6.0.18/lib/catalina-ha.jar
2aae388af000-2aae388b2000 r-xs 0000f000 08:01 238361                     /app/apache-tomcat-6.0.18/lib/jsp-api.jar
2aae388b2000-2aae388b8000 r-xs 0003a000 08:01 239082                     /app/apache-tomcat-6.0.18/lib/rrd4j-2.0.6.jar
2aae388b8000-2aae388ba000 r-xs 00017000 08:01 238362                     /app/apache-tomcat-6.0.18/lib/jasper-el.jar
2aae388ba000-2aae388bb000 r-xs 00002000 08:01 238363                     /app/apache-tomcat-6.0.18/lib/annotations-api.jar
2aae388bb000-2aae388bd000 r-xs 0000a000 08:01 238364                     /app/apache-tomcat-6.0.18/lib/tomcat-i18n-ja.jar
2aae388bd000-2aae388bf000 r-xs 00009000 08:01 238365                     /app/apache-tomcat-6.0.18/lib/tomcat-i18n-fr.jar
2aae388bf000-2aae388cb000 r-xs 00149000 08:01 238366                     /app/apache-tomcat-6.0.18/lib/jasper-jdt.jar
2aae388cb000-2aae388ce000 r-xs 00009000 08:01 238367                     /app/apache-tomcat-6.0.18/lib/tomcat-i18n-es.jar
2aae388ce000-2aae388d0000 r-xs 00013000 08:01 238368                     /app/apache-tomcat-6.0.18/lib/servlet-api.jar
2aae388d0000-2aae388d7000 r-xs 00076000 08:01 238369                     /app/apache-tomcat-6.0.18/lib/jasper.jar
2aae388d7000-2aae388db000 r-xs 0002d000 08:01 238370                     /app/apache-tomcat-6.0.18/lib/tomcat-dbcp.jar
2aae388db000-2aae388dc000 r-xs 00006000 08:01 238371                     /app/apache-tomcat-6.0.18/lib/el-api.jar
2aae388dc000-2aae388e0000 r-xs 00034000 08:01 238372                     /app/apache-tomcat-6.0.18/lib/catalina-tribes.jar
2aae388e0000-2aae388e1000 r-xs 0000b000 08:01 238373                     /app/apache-tomcat-6.0.18/lib/catalina-ant.jar
2aae388e1000-2aae388ef000 r-xs 00106000 08:01 238374                     /app/apache-tomcat-6.0.18/lib/catalina.jar
2aae388ef000-2aae389ef000 rwxp 2aae388ef000 00:00 0 
2aae389ef000-2aae389f0000 r-xs 00002000 08:01 239085                     /app/apache-tomcat-6.0.18/lib/gaze-shared-1.0.jar
2aae389f0000-2aae38ef0000 rwxp 2aae389f0000 00:00 0 
2aae38ef0000-2aae38ef4000 r-xs 000ca000 08:01 551118                     /usr/lib/jvm/java-6-sun-1.6.0.07/jre/lib/ext/localedata.jar
2aae38ef4000-2aae391f4000 rwxp 2aae38ef4000 00:00 0 
2aae391f4000-2aae39207000 r-xp 00000000 08:01 551095                     /usr/lib/jvm/java-6-sun-1.6.0.07/jre/lib/amd64/libnet.so
2aae39207000-2aae39308000 ---p 00013000 08:01 551095                     /usr/lib/jvm/java-6-sun-1.6.0.07/jre/lib/amd64/libnet.so
2aae39308000-2aae3930b000 rwxp 00014000 08:01 551095                     /usr/lib/jvm/java-6-sun-1.6.0.07/jre/lib/amd64/libnet.so
2aae3930b000-2aae39620000 rwxp 2aae3930b000 00:00 0 
2aae39623000-2aae3992d000 rwxp 2aae39623000 00:00 0 
2aae39985000-2aae3998c000 r-xs 00110000 08:01 551067                     /usr/lib/jvm/java-6-sun-1.6.0.07/jre/lib/resources.jar
2aae3998c000-2aae3998d000 r-xs 00003000 08:10 2244660                    /mnt/solr/lib/gaze-plugin-1.0.jar
2aae3998d000-2aae39994000 r-xp 00000000 08:01 551096                     /usr/lib/jvm/java-6-sun-1.6.0.07/jre/lib/amd64/libnio.so
2aae39994000-2aae39a93000 ---p 00007000 08:01 551096                     /usr/lib/jvm/java-6-sun-1.6.0.07/jre/lib/amd64/libnio.so
2aae39a93000-2aae39a95000 rwxp 00006000 08:01 551096                     /usr/lib/jvm/java-6-sun-1.6.0.07/jre/lib/amd64/libnio.so
2aae39a95000-2aae39e4d000 rwxp 2aae39a95000 00:00 0 
2aae39e57000-2aae3a5db000 rwxp 2aae39e57000 00:00 0 
2aae3a5f0000-2aae3a67a000 r-xp 00000000 08:01 551071                     /usr/lib/jvm/java-6-sun-1.6.0.07/jre/lib/amd64/libawt.so
2aae3a67a000-2aae3a779000 ---p 0008a000 08:01 551071                     /usr/lib/jvm/java-6-sun-1.6.0.07/jre/lib/amd64/libawt.so
2aae3a779000-2aae3a792000 rwxp 00089000 08:01 551071                     /usr/lib/jvm/java-6-sun-1.6.0.07/jre/lib/amd64/libawt.so
2aae3a792000-2aae3a7b6000 rwxp 2aae3a792000 00:00 0 
2aae3a7b6000-2aae3a7bb000 r-xp 00000000 08:01 551104                     /usr/lib/jvm/java-6-sun-1.6.0.07/jre/lib/amd64/headless/libmawt.so
2aae3a7bb000-2aae3a8ba000 ---p 00005000 08:01 551104                     /usr/lib/jvm/java-6-sun-1.6.0.07/jre/lib/amd64/headless/libmawt.so
2aae3a8ba000-2aae3a8bc000 rwxp 00004000 08:01 551104                     /usr/lib/jvm/java-6-sun-1.6.0.07/jre/lib/amd64/headless/libmawt.so
2aae3a8bc000-2aae3a93a000 r-xp 00000000 08:01 551075                     /usr/lib/jvm/java-6-sun-1.6.0.07/jre/lib/amd64/libfontmanager.so
2aae3a93a000-2aae3aa39000 ---p 0007e000 08:01 551075                     /usr/lib/jvm/java-6-sun-1.6.0.07/jre/lib/amd64/libfontmanager.so
2aae3aa39000-2aae3aa4f000 rwxp 0007d000 08:01 551075                     /usr/lib/jvm/java-6-sun-1.6.0.07/jre/lib/amd64/libfontmanager.so
2aae3aa4f000-2aae3aa60000 rwxp 2aae3aa4f000 00:00 0 
2aae3aa60000-2aae3aa76000 r-xp 00000000 08:01 551073                     /usr/lib/jvm/java-6-sun-1.6.0.07/jre/lib/amd64/libdcpr.so
2aae3aa76000-2aae3ab78000 ---p 00016000 08:01 551073                     /usr/lib/jvm/java-6-sun-1.6.0.07/jre/lib/amd64/libdcpr.so
2aae3ab78000-2aae3ab90000 rwxp 00018000 08:01 551073                     /usr/lib/jvm/java-6-sun-1.6.0.07/jre/lib/amd64/libdcpr.so
2aae3ab90000-2aae3abdc000 r-xp 00000000 08:01 551072                     /usr/lib/jvm/java-6-sun-1.6.0.07/jre/lib/amd64/libcmm.so
2aae3abdc000-2aae3acdc000 ---p 0004c000 08:01 551072                     /usr/lib/jvm/java-6-sun-1.6.0.07/jre/lib/amd64/libcmm.so
2aae3acdc000-2aae3ace9000 rwxp 0004c000 08:01 551072                     /usr/lib/jvm/java-6-sun-1.6.0.07/jre/lib/amd64/libcmm.so
2aae3ace9000-2aae3acea000 rwxp 2aae3ace9000 00:00 0 
2aae3acea000-2aae3ad16000 r-xp 00000000 08:01 551087                     /usr/lib/jvm/java-6-sun-1.6.0.07/jre/lib/amd64/libjpeg.so
2aae3ad16000-2aae3ae16000 ---p 0002c000 08:01 551087                     /usr/lib/jvm/java-6-sun-1.6.0.07/jre/lib/amd64/libjpeg.so
2aae3ae16000-2aae3ae1c000 rwxp 0002c000 08:01 551087                     /usr/lib/jvm/java-6-sun-1.6.0.07/jre/lib/amd64/libjpeg.so
2aae3ae1c000-2aae3b85e000 rwxp 2aae3ae1c000 00:00 0 
2aae3c000000-2aae3d08c000 rwxp 2aae3c000000 00:00 0 
2aae3d08c000-2aae40000000 ---p 2aae3d08c000 00:00 0 
2aae40000000-2aae4194d000 rwxp 2aae40000000 00:00 0 
2aae4194d000-2aae44000000 ---p 2aae4194d000 00:00 0 
7fffe7a1b000-7fffe7a30000 rwxp 7fffe7a1b000 00:00 0                      [stack]
ffffffffff600000-ffffffffff601000 r-xp 00000000 00:00 0                  [vdso]

VM Arguments:
jvm_args: -Djava.util.logging.manager=org.apache.juli.ClassLoaderLogManager -Djava.util.logging.config.file=/app/apache-tomcat-6.0.18/conf/logging.properties -Xms1024m -Xmx14336m -Djava.endorsed.dirs=/app/apache-tomcat-6.0.18/endorsed -Dcatalina.base=/app/apache-tomcat-6.0.18 -Dcatalina.home=/app/apache-tomcat-6.0.18 -Djava.io.tmpdir=/app/apache-tomcat-6.0.18/temp 
java_command: org.apache.catalina.startup.Bootstrap start
Launcher Type: SUN_STANDARD

Environment Variables:
PATH=/usr/local/sbin:/usr/local/bin:/usr/sbin:/usr/bin:/sbin:/bin:/usr/X11R6/bin
USERNAME=biz360
LD_LIBRARY_PATH=/usr/lib/jvm/java-6-sun-1.6.0.07/jre/lib/amd64/server:/usr/lib/jvm/java-6-sun-1.6.0.07/jre/lib/amd64:/usr/lib/jvm/java-6-sun-1.6.0.07/jre/../lib/amd64
SHELL=/bin/bash

Signal Handlers:
SIGSEGV: [libjvm.so+0x661750], sa_mask[0]=0x7ffbfeff, sa_flags=0x10000004
SIGBUS: [libjvm.so+0x661750], sa_mask[0]=0x7ffbfeff, sa_flags=0x10000004
SIGFPE: [libjvm.so+0x504550], sa_mask[0]=0x7ffbfeff, sa_flags=0x10000004
SIGPIPE: [libjvm.so+0x504550], sa_mask[0]=0x7ffbfeff, sa_flags=0x10000004
SIGXFSZ: [libjvm.so+0x504550], sa_mask[0]=0x7ffbfeff, sa_flags=0x10000004
SIGILL: [libjvm.so+0x504550], sa_mask[0]=0x7ffbfeff, sa_flags=0x10000004
SIGUSR1: SIG_DFL, sa_mask[0]=0x00000000, sa_flags=0x00000000
SIGUSR2: [libjvm.so+0x5067c0], sa_mask[0]=0x00000000, sa_flags=0x10000004
SIGHUP: [libjvm.so+0x506520], sa_mask[0]=0x7ffbfeff, sa_flags=0x10000004
SIGINT: SIG_IGN, sa_mask[0]=0x00000000, sa_flags=0x00000000
SIGTERM: [libjvm.so+0x506520], sa_mask[0]=0x7ffbfeff, sa_flags=0x10000004
SIGQUIT: [libjvm.so+0x506520], sa_mask[0]=0x7ffbfeff, sa_flags=0x10000004


---------------  S Y S T E M  ---------------

OS:lenny/sid

uname:Linux 2.6.21.7-2.fc8xen #1 SMP Fri Feb 15 12:34:28 EST 2008 x86_64
libc:glibc 2.7 NPTL 2.7 
rlimit: STACK 10240k, CORE 0k, NPROC 122944, NOFILE 8192, AS infinity
load average:5.11 1.62 0.71

CPU:total 4 (2 cores per cpu, 1 threads per core) family 15 model 33 stepping 2, cmov, cx8, fxsr, mmx, sse, sse2, sse3, mmxext, 3dnow, 3dnowext

Memory: 4k page, physical 15736360k(15716k free), swap 0k(0k free)

vm_info: Java HotSpot(TM) 64-Bit Server VM (10.0-b23) for linux-amd64 JRE (1.6.0_07-b06), built on Jun 10 2008 01:53:27 by "java_re" with gcc 3.2.2 (SuSE Linux)

time: Fri Aug 28 14:47:29 2009
elapsed time: 522 seconds

