#
# A fatal error has been detected by the Java Runtime Environment:
#
#  SIGSEGV (0xb) at pc=0x00007f768cc2f0ec, pid=4624, tid=140147041961728
#
# JRE version: 6.0_24-b07
# Java VM: Java HotSpot(TM) 64-Bit Server VM (19.1-b02 mixed mode linux-amd64 compressed oops)
# Problematic frame:
# V  [libjvm.so+0x3eb0ec]
#
# If you would like to submit a bug report, please visit:
#   http://java.sun.com/webapps/bugreport/crash.jsp
#

---------------  T H R E A D  ---------------

Current thread (0x0000000040631000):  JavaThread "CompilerThread0" daemon [_thread_in_native, id=4702, stack(0x00007f7686970000,0x00007f7686a71000)]

siginfo:si_signo=SIGSEGV: si_errno=0, si_code=128 (), si_addr=0x0000000000000000

Registers:
RAX=0x00000000476a19a0, RBX=0x00047f768d31a2c0, RCX=0x00000000476a1980, RDX=0x00000000476a19a0
RSP=0x00007f7686a6c720, RBP=0x00007f7686a6c750, RSI=0x0000000000000001, RDI=0x0000000000000010
R8 =0x00000000476a1a38, R9 =0x00000000476a1a38, R10=0x0000000000000000, R11=0x0000000000000000
R12=0x0000000000000037, R13=0x00007f7686a6c8c0, R14=0x0000000000000037, R15=0x0000000045bb9c00
RIP=0x00007f768cc2f0ec, EFL=0x0000000000010206, CSGSFS=0x0000000000000033, ERR=0x0000000000000000
  TRAPNO=0x000000000000000d

Register to memory mapping:

RAX=0x00000000476a19a0
0x00000000476a19a0 is pointing to unknown location

RBX=0x00047f768d31a2c0
0x00047f768d31a2c0 is pointing to unknown location

RCX=0x00000000476a1980
0x00000000476a1980 is pointing to unknown location

RDX=0x00000000476a19a0
0x00000000476a19a0 is pointing to unknown location

RSP=0x00007f7686a6c720
0x00007f7686a6c720 is pointing into the stack for thread: 0x0000000040631000
"CompilerThread0" daemon prio=10 tid=0x0000000040631000 nid=0x125e runnable [0x0000000000000000]
   java.lang.Thread.State: RUNNABLE

RBP=0x00007f7686a6c750
0x00007f7686a6c750 is pointing into the stack for thread: 0x0000000040631000
"CompilerThread0" daemon prio=10 tid=0x0000000040631000 nid=0x125e runnable [0x0000000000000000]
   java.lang.Thread.State: RUNNABLE

RSI=0x0000000000000001
0x0000000000000001 is pointing to unknown location

RDI=0x0000000000000010
0x0000000000000010 is pointing to unknown location

R8 =0x00000000476a1a38
0x00000000476a1a38 is pointing to unknown location

R9 =0x00000000476a1a38
0x00000000476a1a38 is pointing to unknown location

R10=0x0000000000000000
0x0000000000000000 is pointing to unknown location

R11=0x0000000000000000
0x0000000000000000 is pointing to unknown location

R12=0x0000000000000037
0x0000000000000037 is pointing to unknown location

R13=0x00007f7686a6c8c0
0x00007f7686a6c8c0 is pointing into the stack for thread: 0x0000000040631000
"CompilerThread0" daemon prio=10 tid=0x0000000040631000 nid=0x125e runnable [0x0000000000000000]
   java.lang.Thread.State: RUNNABLE

R14=0x0000000000000037
0x0000000000000037 is pointing to unknown location

R15=0x0000000045bb9c00
0x0000000045bb9c00 is pointing to unknown location


Top of Stack: (sp=0x00007f7686a6c720)
0x00007f7686a6c720:   00007f7686a6c8c0 000000004bad1ab8
0x00007f7686a6c730:   0000000000000028 00007f7686a6d590
0x00007f7686a6c740:   0000000000000a11 00007f768d189ff0
0x00007f7686a6c750:   00007f7686a6c990 00007f768cc28f75
0x00007f7686a6c760:   0000000040631920 00007f7686a6d658
0x00007f7686a6c770:   00007f7686a6c8c0 00007f7686a6c880
0x00007f7686a6c780:   00007f7686a6c7f8 00007f7686a6c7f0
0x00007f7686a6c790:   000000000000717a 00000002000f423f
0x00007f7686a6c7a0:   00007f7686a6c800 000000008cc2f32f
0x00007f7686a6c7b0:   00000000456c9d60 3fd4c9d6a273f02a
0x00007f7686a6c7c0:   000000004bad2370 0000000000000000
0x00007f7686a6c7d0:   00000028fffffff9 0000000044fa4c50
0x00007f7686a6c7e0:   0000000000000a11 00007f7686a6d590
0x00007f7686a6c7f0:   0000002700000029 0000000000000000
0x00007f7686a6c800:   0000000500000000 00007f7600000008
0x00007f7686a6c810:   00000000476a07a0 00007f760000008f
0x00007f7686a6c820:   00000000476a0900 00007f760000008f
0x00007f7686a6c830:   00007f7686a6c8c0 00007f768ca4de09
0x00007f7686a6c840:   ffffffff3f3fffff 0000000000000003
0x00007f7686a6c850:   0000000000000000 0000000000000000
0x00007f7686a6c860:   00000000c0000000 0000000000000000
0x00007f7686a6c870:   0000000000000000 00007f768ca4de88
0x00007f7686a6c880:   0000746700000000 0000000000000008
0x00007f7686a6c890:   00000000476a07c0 00007f7600000001
0x00007f7686a6c8a0:   00007f7681abee60 00007f7600000001
0x00007f7686a6c8b0:   00007f7686a6c8c0 00007f768cdd51ce
0x00007f7686a6c8c0:   00007f7600000017 00000000476a1a38
0x00007f7686a6c8d0:   00007f76808242d0 0000000000000217
0x00007f7686a6c8e0:   0000000042aa0d20 000002188ce01d60
0x00007f7686a6c8f0:   000000004b2a0ea0 000000018d18b1f0
0x00007f7686a6c900:   00000000445e1338 000000004b2a0e90
0x00007f7686a6c910:   0000000086a6c990 00007f7686a6c920 

Instructions: (pc=0x00007f768cc2f0ec)
0x00007f768cc2f0dc:   3b 1d f6 40 6e 00 74 4c 4c 89 ef e8 04 f8 ff ff
0x00007f768cc2f0ec:   48 8b 33 48 89 30 48 8b 4b 08 48 89 48 08 4c 8b 

Stack: [0x00007f7686970000,0x00007f7686a71000],  sp=0x00007f7686a6c720,  free space=1009k
Native frames: (J=compiled Java code, j=interpreted, Vv=VM code, C=native code)
V  [libjvm.so+0x3eb0ec]
V  [libjvm.so+0x3e4f75]
V  [libjvm.so+0x27a336]
V  [libjvm.so+0x2e523f]
V  [libjvm.so+0x2e1053]
V  [libjvm.so+0x2667de]
V  [libjvm.so+0x2eaca7]
V  [libjvm.so+0x2ea58d]
V  [libjvm.so+0x752b89]
V  [libjvm.so+0x74c0f1]
V  [libjvm.so+0x64314f]


Current CompileTask:
C2: 54      org.apache.lucene.util.SorterTemplate.merge(IIIII)V (151 bytes)


---------------  P R O C E S S  ---------------

Java Threads: ( => current thread )
  0x0000000040639000 JavaThread "Low Memory Detector" daemon [_thread_blocked, id=4704, stack(0x00007f768676e000,0x00007f768686f000)]
  0x0000000040634000 JavaThread "CompilerThread1" daemon [_thread_in_native, id=4703, stack(0x00007f768686f000,0x00007f7686970000)]
=>0x0000000040631000 JavaThread "CompilerThread0" daemon [_thread_in_native, id=4702, stack(0x00007f7686970000,0x00007f7686a71000)]
  0x000000004062f000 JavaThread "Signal Dispatcher" daemon [_thread_blocked, id=4701, stack(0x00007f7686a71000,0x00007f7686b72000)]
  0x000000004060d000 JavaThread "Finalizer" daemon [_thread_blocked, id=4689, stack(0x00007f7686e17000,0x00007f7686f18000)]
  0x000000004060b000 JavaThread "Reference Handler" daemon [_thread_blocked, id=4686, stack(0x00007f7686f18000,0x00007f7687019000)]
  0x000000004059f000 JavaThread "main" [_thread_blocked, id=4632, stack(0x00007f768c4be000,0x00007f768c5bf000)]

Other Threads:
  0x0000000040604000 VMThread [stack: 0x00007f7687019000,0x00007f768711a000] [id=4676]
  0x0000000040643800 WatcherThread [stack: 0x00007f768666d000,0x00007f768676e000] [id=4705]

VM state:not at safepoint (normal execution)

VM Mutex/Monitor currently owned by a thread: None

Heap
 PSYoungGen      total 74944K, used 62615K [0x00000000f5560000, 0x00000000fa900000, 0x0000000100000000)
  eden space 64256K, 96% used [0x00000000f5560000,0x00000000f919dfc0,0x00000000f9420000)
  from space 10688K, 8% used [0x00000000f9420000,0x00000000f9508010,0x00000000f9e90000)
  to   space 10688K, 0% used [0x00000000f9e90000,0x00000000f9e90000,0x00000000fa900000)
 PSOldGen        total 171392K, used 0K [0x00000000e0000000, 0x00000000ea760000, 0x00000000f5560000)
  object space 171392K, 0% used [0x00000000e0000000,0x00000000e0000000,0x00000000ea760000)
 PSPermGen       total 21248K, used 9291K [0x00000000dae00000, 0x00000000dc2c0000, 0x00000000e0000000)
  object space 21248K, 43% used [0x00000000dae00000,0x00000000db712d60,0x00000000dc2c0000)

Dynamic libraries:
40000000-40009000 r-xp 00000000 08:01 11673546                           /usr/lib/jvm/java-6-sun-1.6.0.24/jre/bin/java
40108000-4010a000 rwxp 00008000 08:01 11673546                           /usr/lib/jvm/java-6-sun-1.6.0.24/jre/bin/java
40593000-4d689000 rwxp 00000000 00:00 0                                  [heap]
dae00000-dc2c0000 rwxp 00000000 00:00 0 
dc2c0000-e0000000 rwxp 00000000 00:00 0 
e0000000-ea760000 rwxp 00000000 00:00 0 
ea760000-f5560000 rwxp 00000000 00:00 0 
f5560000-fa900000 rwxp 00000000 00:00 0 
fa900000-100000000 rwxp 00000000 00:00 0 
7f7680000000-7f7682a94000 rwxp 00000000 00:00 0 
7f7682a94000-7f7684000000 ---p 00000000 00:00 0 
7f7685dfd000-7f768638d000 rwxp 00000000 00:00 0 
7f768638d000-7f7686394000 r-xp 00000000 08:01 11675343                   /usr/lib/jvm/java-6-sun-1.6.0.24/jre/lib/amd64/libnio.so
7f7686394000-7f7686493000 ---p 00007000 08:01 11675343                   /usr/lib/jvm/java-6-sun-1.6.0.24/jre/lib/amd64/libnio.so
7f7686493000-7f7686495000 rwxp 00006000 08:01 11675343                   /usr/lib/jvm/java-6-sun-1.6.0.24/jre/lib/amd64/libnio.so
7f7686495000-7f7686498000 r-xs 000cb000 08:01 11543322                   /usr/lib/jvm/java-6-sun-1.6.0.24/jre/lib/ext/localedata.jar
7f7686498000-7f76864ab000 r-xp 00000000 08:01 11675342                   /usr/lib/jvm/java-6-sun-1.6.0.24/jre/lib/amd64/libnet.so
7f76864ab000-7f76865ac000 ---p 00013000 08:01 11675342                   /usr/lib/jvm/java-6-sun-1.6.0.24/jre/lib/amd64/libnet.so
7f76865ac000-7f76865af000 rwxp 00014000 08:01 11675342                   /usr/lib/jvm/java-6-sun-1.6.0.24/jre/lib/amd64/libnet.so
7f76865af000-7f768660e000 r-xs 00baa000 08:01 11936433                   /usr/lib/jvm/java-6-sun-1.6.0.24/lib/tools.jar
7f768660e000-7f768660f000 r-xs 00000000 08:01 11407115                   /usr/share/ant/lib/ant-apache-bsf.jar
7f768660f000-7f7686610000 r-xs 00002000 08:01 11407128                   /usr/share/ant/lib/ant-netrexx.jar
7f7686610000-7f7686612000 r-xs 00008000 08:01 11407117                   /usr/share/ant/lib/ant-apache-oro.jar
7f7686612000-7f7686614000 r-xs 0000a000 08:01 11407121                   /usr/share/ant/lib/ant-commons-net.jar
7f7686614000-7f7686615000 r-xs 00003000 08:01 11407133                   /usr/share/ant/lib/ant-testutil.jar
7f7686615000-7f768662c000 r-xs 00114000 08:01 11407136                   /usr/share/ant/lib/xercesImpl.jar
7f768662c000-7f768662d000 r-xs 00001000 08:01 11407124                   /usr/share/ant/lib/ant-jdepend.jar
7f768662d000-7f768662e000 r-xs 00001000 08:01 11407123                   /usr/share/ant/lib/ant-javamail.jar
7f768662e000-7f7686642000 r-xs 0012f000 08:01 11798480                   /usr/share/java/ant-1.7.1.jar
7f7686642000-7f7686643000 r-xs 00001000 08:01 11407046                   /usr/share/ant/lib/ant-antlr.jar
7f7686643000-7f7686644000 r-xs 00001000 08:01 11407132                   /usr/share/ant/lib/ant-swing.jar
7f7686644000-7f7686645000 r-xs 00001000 08:01 11407125                   /usr/share/ant/lib/ant-jmf.jar
7f7686645000-7f7686646000 r-xs 00003000 08:01 11407135                   /usr/share/ant/lib/ant-weblogic.jar
7f7686646000-7f7686648000 r-xs 00006000 08:01 11407126                   /usr/share/ant/lib/ant-jsch.jar
7f7686648000-7f7686649000 r-xs 00008000 08:01 11407130                   /usr/share/ant/lib/ant-starteam.jar
7f7686649000-7f768664b000 r-xs 00015000 08:01 11407127                   /usr/share/ant/lib/ant-junit.jar
7f768664b000-7f768664c000 r-xs 00000000 08:01 11407131                   /usr/share/ant/lib/ant-stylebook.jar
7f768664c000-7f768664d000 r-xs 00000000 08:01 11407116                   /usr/share/ant/lib/ant-apache-log4j.jar
7f768664d000-7f7686655000 r-xs 00028000 08:01 11407137                   /usr/share/ant/lib/xml-apis.jar
7f7686655000-7f768666d000 r-xs 00114000 08:01 11797967                   /usr/share/java/xercesImpl-2.9.1.jar
7f768666d000-7f768666e000 ---p 00000000 00:00 0 
7f768666e000-7f768676e000 rwxp 00000000 00:00 0 
7f768676e000-7f7686771000 ---p 00000000 00:00 0 
7f7686771000-7f768686f000 rwxp 00000000 00:00 0 
7f768686f000-7f7686872000 ---p 00000000 00:00 0 
7f7686872000-7f7686970000 rwxp 00000000 00:00 0 
7f7686970000-7f7686973000 ---p 00000000 00:00 0 
7f7686973000-7f7686a71000 rwxp 00000000 00:00 0 
7f7686a71000-7f7686a74000 ---p 00000000 00:00 0 
7f7686a74000-7f7686b72000 rwxp 00000000 00:00 0 
7f7686b72000-7f7686e17000 r-xp 00000000 08:01 11403407                   /usr/lib/locale/locale-archive
7f7686e17000-7f7686e1a000 ---p 00000000 00:00 0 
7f7686e1a000-7f7686f18000 rwxp 00000000 00:00 0 
7f7686f18000-7f7686f1b000 ---p 00000000 00:00 0 
7f7686f1b000-7f7687019000 rwxp 00000000 00:00 0 
7f7687019000-7f768701a000 ---p 00000000 00:00 0 
7f768701a000-7f7687a57000 rwxp 00000000 00:00 0 
7f7687a57000-7f7687bef000 r-xs 03027000 08:01 11543340                   /usr/lib/jvm/java-6-sun-1.6.0.24/jre/lib/rt.jar
7f7687bef000-7f7687c17000 rwxp 00000000 00:00 0 
7f7687c17000-7f7687c18000 ---p 00000000 00:00 0 
7f7687c18000-7f7687d18000 rwxp 00000000 00:00 0 
7f7687d18000-7f7687d19000 ---p 00000000 00:00 0 
7f7687d19000-7f7687e19000 rwxp 00000000 00:00 0 
7f7687e19000-7f7687e1a000 ---p 00000000 00:00 0 
7f7687e1a000-7f7687f1a000 rwxp 00000000 00:00 0 
7f7687f1a000-7f7687f1b000 ---p 00000000 00:00 0 
7f7687f1b000-7f768801b000 rwxp 00000000 00:00 0 
7f768801b000-7f768801c000 ---p 00000000 00:00 0 
7f768801c000-7f768811c000 rwxp 00000000 00:00 0 
7f768811c000-7f768811d000 ---p 00000000 00:00 0 
7f768811d000-7f768821d000 rwxp 00000000 00:00 0 
7f768821d000-7f768821e000 ---p 00000000 00:00 0 
7f768821e000-7f768831e000 rwxp 00000000 00:00 0 
7f768831e000-7f768831f000 ---p 00000000 00:00 0 
7f768831f000-7f768842a000 rwxp 00000000 00:00 0 
7f768842a000-7f7688448000 rwxp 00000000 00:00 0 
7f7688448000-7f768849c000 rwxp 00000000 00:00 0 
7f768849c000-7f76884f3000 rwxp 00000000 00:00 0 
7f76884f3000-7f76884fe000 rwxp 00000000 00:00 0 
7f76884fe000-7f768851c000 rwxp 00000000 00:00 0 
7f768851c000-7f7688570000 rwxp 00000000 00:00 0 
7f7688570000-7f76885c6000 rwxp 00000000 00:00 0 
7f76885c6000-7f76885f1000 rwxp 00000000 00:00 0 
7f76885f1000-7f768861c000 rwxp 00000000 00:00 0 
7f768861c000-7f768888d000 rwxp 00000000 00:00 0 
7f768888d000-7f768b61d000 rwxp 00000000 00:00 0 
7f768b61d000-7f768b62b000 r-xp 00000000 08:01 11675352                   /usr/lib/jvm/java-6-sun-1.6.0.24/jre/lib/amd64/libzip.so
7f768b62b000-7f768b72d000 ---p 0000e000 08:01 11675352                   /usr/lib/jvm/java-6-sun-1.6.0.24/jre/lib/amd64/libzip.so
7f768b72d000-7f768b730000 rwxp 00010000 08:01 11675352                   /usr/lib/jvm/java-6-sun-1.6.0.24/jre/lib/amd64/libzip.so
7f768b730000-7f768b731000 rwxp 00000000 00:00 0 
7f768b731000-7f768b73d000 r-xp 00000000 08:01 9437536                    /lib/x86_64-linux-gnu/libnss_files-2.13.so
7f768b73d000-7f768b93c000 ---p 0000c000 08:01 9437536                    /lib/x86_64-linux-gnu/libnss_files-2.13.so
7f768b93c000-7f768b93d000 r-xp 0000b000 08:01 9437536                    /lib/x86_64-linux-gnu/libnss_files-2.13.so
7f768b93d000-7f768b93e000 rwxp 0000c000 08:01 9437536                    /lib/x86_64-linux-gnu/libnss_files-2.13.so
7f768b93e000-7f768b949000 r-xp 00000000 08:01 9437538                    /lib/x86_64-linux-gnu/libnss_nis-2.13.so
7f768b949000-7f768bb48000 ---p 0000b000 08:01 9437538                    /lib/x86_64-linux-gnu/libnss_nis-2.13.so
7f768bb48000-7f768bb49000 r-xp 0000a000 08:01 9437538                    /lib/x86_64-linux-gnu/libnss_nis-2.13.so
7f768bb49000-7f768bb4a000 rwxp 0000b000 08:01 9437538                    /lib/x86_64-linux-gnu/libnss_nis-2.13.so
7f768bb4a000-7f768bb52000 r-xp 00000000 08:01 9437534                    /lib/x86_64-linux-gnu/libnss_compat-2.13.so
7f768bb52000-7f768bd51000 ---p 00008000 08:01 9437534                    /lib/x86_64-linux-gnu/libnss_compat-2.13.so
7f768bd51000-7f768bd52000 r-xp 00007000 08:01 9437534                    /lib/x86_64-linux-gnu/libnss_compat-2.13.so
7f768bd52000-7f768bd53000 rwxp 00008000 08:01 9437534                    /lib/x86_64-linux-gnu/libnss_compat-2.13.so
7f768bd53000-7f768bd5a000 r-xp 00000000 08:01 11797312                   /usr/lib/jvm/java-6-sun-1.6.0.24/jre/lib/amd64/native_threads/libhpi.so
7f768bd5a000-7f768be5b000 ---p 00007000 08:01 11797312                   /usr/lib/jvm/java-6-sun-1.6.0.24/jre/lib/amd64/native_threads/libhpi.so
7f768be5b000-7f768be5d000 rwxp 00008000 08:01 11797312                   /usr/lib/jvm/java-6-sun-1.6.0.24/jre/lib/amd64/native_threads/libhpi.so
7f768be5d000-7f768be5e000 rwxp 00000000 00:00 0 
7f768be5e000-7f768be75000 r-xp 00000000 08:01 9437533                    /lib/x86_64-linux-gnu/libnsl-2.13.so
7f768be75000-7f768c074000 ---p 00017000 08:01 9437533                    /lib/x86_64-linux-gnu/libnsl-2.13.so
7f768c074000-7f768c075000 r-xp 00016000 08:01 9437533                    /lib/x86_64-linux-gnu/libnsl-2.13.so
7f768c075000-7f768c076000 rwxp 00017000 08:01 9437533                    /lib/x86_64-linux-gnu/libnsl-2.13.so
7f768c076000-7f768c078000 rwxp 00000000 00:00 0 
7f768c078000-7f768c0a1000 r-xp 00000000 08:01 11675361                   /usr/lib/jvm/java-6-sun-1.6.0.24/jre/lib/amd64/libjava.so
7f768c0a1000-7f768c1a0000 ---p 00029000 08:01 11675361                   /usr/lib/jvm/java-6-sun-1.6.0.24/jre/lib/amd64/libjava.so
7f768c1a0000-7f768c1a7000 rwxp 00028000 08:01 11675361                   /usr/lib/jvm/java-6-sun-1.6.0.24/jre/lib/amd64/libjava.so
7f768c1a7000-7f768c1b4000 r-xp 00000000 08:01 11675347                   /usr/lib/jvm/java-6-sun-1.6.0.24/jre/lib/amd64/libverify.so
7f768c1b4000-7f768c2b3000 ---p 0000d000 08:01 11675347                   /usr/lib/jvm/java-6-sun-1.6.0.24/jre/lib/amd64/libverify.so
7f768c2b3000-7f768c2b6000 rwxp 0000c000 08:01 11675347                   /usr/lib/jvm/java-6-sun-1.6.0.24/jre/lib/amd64/libverify.so
7f768c2b6000-7f768c2bd000 r-xp 00000000 08:01 9437543                    /lib/x86_64-linux-gnu/librt-2.13.so
7f768c2bd000-7f768c4bc000 ---p 00007000 08:01 9437543                    /lib/x86_64-linux-gnu/librt-2.13.so
7f768c4bc000-7f768c4bd000 r-xp 00006000 08:01 9437543                    /lib/x86_64-linux-gnu/librt-2.13.so
7f768c4bd000-7f768c4be000 rwxp 00007000 08:01 9437543                    /lib/x86_64-linux-gnu/librt-2.13.so
7f768c4be000-7f768c4c1000 ---p 00000000 00:00 0 
7f768c4c1000-7f768c5bf000 rwxp 00000000 00:00 0 
7f768c5bf000-7f768c643000 r-xp 00000000 08:01 9437531                    /lib/x86_64-linux-gnu/libm-2.13.so
7f768c643000-7f768c842000 ---p 00084000 08:01 9437531                    /lib/x86_64-linux-gnu/libm-2.13.so
7f768c842000-7f768c843000 r-xp 00083000 08:01 9437531                    /lib/x86_64-linux-gnu/libm-2.13.so
7f768c843000-7f768c844000 rwxp 00084000 08:01 9437531                    /lib/x86_64-linux-gnu/libm-2.13.so
7f768c844000-7f768d082000 r-xp 00000000 08:01 11797325                   /usr/lib/jvm/java-6-sun-1.6.0.24/jre/lib/amd64/server/libjvm.so
7f768d082000-7f768d181000 ---p 0083e000 08:01 11797325                   /usr/lib/jvm/java-6-sun-1.6.0.24/jre/lib/amd64/server/libjvm.so
7f768d181000-7f768d315000 rwxp 0083d000 08:01 11797325                   /usr/lib/jvm/java-6-sun-1.6.0.24/jre/lib/amd64/server/libjvm.so
7f768d315000-7f768d34e000 rwxp 00000000 00:00 0 
7f768d34e000-7f768d4d8000 r-xp 00000000 08:01 9437527                    /lib/x86_64-linux-gnu/libc-2.13.so
7f768d4d8000-7f768d6d7000 ---p 0018a000 08:01 9437527                    /lib/x86_64-linux-gnu/libc-2.13.so
7f768d6d7000-7f768d6db000 r-xp 00189000 08:01 9437527                    /lib/x86_64-linux-gnu/libc-2.13.so
7f768d6db000-7f768d6dc000 rwxp 0018d000 08:01 9437527                    /lib/x86_64-linux-gnu/libc-2.13.so
7f768d6dc000-7f768d6e2000 rwxp 00000000 00:00 0 
7f768d6e2000-7f768d6e4000 r-xp 00000000 08:01 9437530                    /lib/x86_64-linux-gnu/libdl-2.13.so
7f768d6e4000-7f768d8e4000 ---p 00002000 08:01 9437530                    /lib/x86_64-linux-gnu/libdl-2.13.so
7f768d8e4000-7f768d8e5000 r-xp 00002000 08:01 9437530                    /lib/x86_64-linux-gnu/libdl-2.13.so
7f768d8e5000-7f768d8e6000 rwxp 00003000 08:01 9437530                    /lib/x86_64-linux-gnu/libdl-2.13.so
7f768d8e6000-7f768d8fe000 r-xp 00000000 08:01 9437541                    /lib/x86_64-linux-gnu/libpthread-2.13.so
7f768d8fe000-7f768dafe000 ---p 00018000 08:01 9437541                    /lib/x86_64-linux-gnu/libpthread-2.13.so
7f768dafe000-7f768daff000 r-xp 00018000 08:01 9437541                    /lib/x86_64-linux-gnu/libpthread-2.13.so
7f768daff000-7f768db00000 rwxp 00019000 08:01 9437541                    /lib/x86_64-linux-gnu/libpthread-2.13.so
7f768db00000-7f768db04000 rwxp 00000000 00:00 0 
7f768db04000-7f768db25000 r-xp 00000000 08:01 9437524                    /lib/x86_64-linux-gnu/ld-2.13.so
7f768db27000-7f768db28000 r-xs 00000000 08:01 11407118                   /usr/share/ant/lib/ant-apache-regexp.jar
7f768db28000-7f768db30000 r-xs 00062000 08:01 11407129                   /usr/share/ant/lib/ant-nodeps.jar
7f768db30000-7f768db31000 r-xs 00001000 08:01 11407134                   /usr/share/ant/lib/ant-trax.jar
7f768db31000-7f768db33000 r-xs 00001000 08:01 11407101                   /usr/share/ant/lib/ant-apache-bcel.jar
7f768db33000-7f768db34000 r-xs 00000000 08:01 11407120                   /usr/share/ant/lib/ant-commons-logging.jar
7f768db34000-7f768db3e000 rwxp 00000000 00:00 0 
7f768db3e000-7f768dbf4000 rwxp 00000000 00:00 0 
7f768dbf4000-7f768dbf7000 rwxp 00000000 00:00 0 
7f768dbf7000-7f768dbfe000 r-xp 00000000 08:01 11675340                   /usr/lib/jvm/java-6-sun-1.6.0.24/jre/lib/amd64/jli/libjli.so
7f768dbfe000-7f768dcff000 ---p 00007000 08:01 11675340                   /usr/lib/jvm/java-6-sun-1.6.0.24/jre/lib/amd64/jli/libjli.so
7f768dcff000-7f768dd01000 rwxp 00008000 08:01 11675340                   /usr/lib/jvm/java-6-sun-1.6.0.24/jre/lib/amd64/jli/libjli.so
7f768dd01000-7f768dd02000 rwxp 00000000 00:00 0 
7f768dd02000-7f768dd04000 r-xs 00004000 08:01 11407122                   /usr/share/ant/lib/ant-jai.jar
7f768dd04000-7f768dd05000 r-xs 00000000 08:01 11407119                   /usr/share/ant/lib/ant-apache-resolver.jar
7f768dd05000-7f768dd11000 r-xs 0003d000 08:01 11403569                   /usr/share/maven-repo/javax/xml/jaxp-api/1.3/jaxp-api-1.3.jar
7f768dd11000-7f768dd12000 r-xs 00002000 08:01 11798840                   /usr/share/java/ant-launcher-1.7.1.jar
7f768dd12000-7f768dd18000 r-xs 00033000 08:01 1575720                    /home/rmuir/workspace/lucene-trunk/lucene/lib/junit-4.7.jar
7f768dd18000-7f768dd20000 rwxs 00000000 08:01 5900594                    /tmp/hsperfdata_rmuir/4624
7f768dd20000-7f768dd21000 rwxp 00000000 00:00 0 
7f768dd21000-7f768dd22000 r-xp 00000000 00:00 0 
7f768dd22000-7f768dd24000 rwxp 00000000 00:00 0 
7f768dd24000-7f768dd25000 r-xp 00020000 08:01 9437524                    /lib/x86_64-linux-gnu/ld-2.13.so
7f768dd25000-7f768dd27000 rwxp 00021000 08:01 9437524                    /lib/x86_64-linux-gnu/ld-2.13.so
7fffa58e8000-7fffa590a000 rwxp 00000000 00:00 0                          [stack]
7fffa594a000-7fffa594b000 r-xp 00000000 00:00 0                          [vdso]
ffffffffff600000-ffffffffff601000 r-xp 00000000 00:00 0                  [vsyscall]

VM Arguments:
jvm_args: -Xmx512M -Dtests.verbose=false -Dtests.codec=randomPerField -Dtests.codecprovider=random -Dtests.locale=random -Dtests.timezone=random -Dtests.directory=random -Dtests.linedocsfile=europarl.lines.txt.gz -Dtests.iter=1 -Dtests.iter.min=1 -Dtests.seed=random -Dtests.luceneMatchVersion=4.0 -Dtests.cleanthreads=perMethod -Djava.util.logging.config.file=/dev/null -Dtests.nightly=false -Dtests.multiplier=1 -DtempDir=/home/rmuir/workspace/lucene-trunk/modules/analysis/build/common/test/8 -Dlucene.version=4.0-SNAPSHOT -Dtestmethod= -Djetty.testMode=1 -Djetty.insecurerandom=1 -Dsolr.directoryFactory=org.apache.solr.core.MockDirectoryFactory -ea:org.apache.lucene... -ea:org.apache.solr... 
java_command: org.apache.tools.ant.taskdefs.optional.junit.JUnitTestRunner testsfile=/home/rmuir/workspace/lucene-trunk/modules/analysis/build/common/test/8/junittestcases3603514966117789645.properties filtertrace=true haltOnError=false haltOnFailure=false showoutput=false outputtoformatters=true logtestlistenerevents=true formatter=org.apache.tools.ant.taskdefs.optional.junit.XMLJUnitResultFormatter,/home/rmuir/workspace/lucene-trunk/modules/analysis/build/common/test/IGNORETHIS.xml formatter=org.apache.lucene.util.LuceneJUnitResultFormatter crashfile=/home/rmuir/workspace/lucene-trunk/modules/analysis/build/common/test/8/junitvmwatcher2408111284583598817.properties propsfile=/home/rmuir/workspace/lucene-trunk/modules/analysis/build/common/test/8/junit2362300431253950330.properties
Launcher Type: SUN_STANDARD

Environment Variables:
PATH=/usr/local/sbin:/usr/local/bin:/usr/sbin:/usr/bin:/sbin:/bin:/usr/games
USERNAME=rmuir
LD_LIBRARY_PATH=/usr/lib/jvm/java-6-sun-1.6.0.24/jre/lib/amd64/server:/usr/lib/jvm/java-6-sun-1.6.0.24/jre/lib/amd64:/usr/lib/jvm/java-6-sun-1.6.0.24/jre/../lib/amd64
SHELL=/bin/bash
DISPLAY=:0

Signal Handlers:
SIGSEGV: [libjvm.so+0x791b30], sa_mask[0]=0x7ffbfeff, sa_flags=0x10000004
SIGBUS: [libjvm.so+0x791b30], sa_mask[0]=0x7ffbfeff, sa_flags=0x10000004
SIGFPE: [libjvm.so+0x640ba0], sa_mask[0]=0x7ffbfeff, sa_flags=0x10000004
SIGPIPE: [libjvm.so+0x640ba0], sa_mask[0]=0x7ffbfeff, sa_flags=0x10000004
SIGXFSZ: [libjvm.so+0x640ba0], sa_mask[0]=0x7ffbfeff, sa_flags=0x10000004
SIGILL: [libjvm.so+0x640ba0], sa_mask[0]=0x7ffbfeff, sa_flags=0x10000004
SIGUSR1: SIG_DFL, sa_mask[0]=0x00000000, sa_flags=0x00000000
SIGUSR2: [libjvm.so+0x643780], sa_mask[0]=0x00000004, sa_flags=0x10000004
SIGHUP: [libjvm.so+0x643380], sa_mask[0]=0x7ffbfeff, sa_flags=0x10000004
SIGINT: [libjvm.so+0x643380], sa_mask[0]=0x7ffbfeff, sa_flags=0x10000004
SIGTERM: [libjvm.so+0x643380], sa_mask[0]=0x7ffbfeff, sa_flags=0x10000004
SIGQUIT: [libjvm.so+0x643380], sa_mask[0]=0x7ffbfeff, sa_flags=0x10000004


---------------  S Y S T E M  ---------------

OS:squeeze/sid

uname:Linux 2.6.38-8-generic #42-Ubuntu SMP Mon Apr 11 03:31:24 UTC 2011 x86_64
libc:glibc 2.13 NPTL 2.13 
rlimit: STACK 8192k, CORE 0k, NPROC infinity, NOFILE 4096, AS infinity
load average:3.92 1.77 1.70

/proc/meminfo:
MemTotal:       16448556 kB
MemFree:         4716080 kB
Buffers:         1179268 kB
Cached:          3906892 kB
SwapCached:            0 kB
Active:          7738516 kB
Inactive:        2619732 kB
Active(anon):    5273048 kB
Inactive(anon):     7048 kB
Active(file):    2465468 kB
Inactive(file):  2612684 kB
Unevictable:          64 kB
Mlocked:              64 kB
SwapTotal:       9936892 kB
SwapFree:        9936892 kB
Dirty:              4036 kB
Writeback:             0 kB
AnonPages:       5272360 kB
Mapped:           300912 kB
Shmem:              8016 kB
Slab:             926780 kB
SReclaimable:     887236 kB
SUnreclaim:        39544 kB
KernelStack:        5472 kB
PageTables:        47996 kB
NFS_Unstable:          0 kB
Bounce:                0 kB
WritebackTmp:          0 kB
CommitLimit:    18161168 kB
Committed_AS:    9761048 kB
VmallocTotal:   34359738367 kB
VmallocUsed:      183768 kB
VmallocChunk:   34359546604 kB
HardwareCorrupted:     0 kB
HugePages_Total:       0
HugePages_Free:        0
HugePages_Rsvd:        0
HugePages_Surp:        0
Hugepagesize:       2048 kB
DirectMap4k:      153600 kB
DirectMap2M:    16607232 kB


CPU:total 8 (4 cores per cpu, 2 threads per core) family 6 model 42 stepping 7, cmov, cx8, fxsr, mmx, sse, sse2, sse3, ssse3, sse4.1, sse4.2, popcnt, ht

Memory: 4k page, physical 16448556k(4716080k free), swap 9936892k(9936892k free)

vm_info: Java HotSpot(TM) 64-Bit Server VM (19.1-b02) for linux-amd64 JRE (1.6.0_24-b07), built on Feb  2 2011 16:55:54 by "java_re" with gcc 3.2.2 (SuSE Linux)

time: Wed Aug 17 10:33:14 2011
elapsed time: 8 seconds

