#
# A fatal error has been detected by the Java Runtime Environment:
#
#  SIGSEGV (0xb) at pc=0x00007f853b348378, pid=25327, tid=140210097432320
#
# JRE version: 6.0_26-b03
# Java VM: Java HotSpot(TM) 64-Bit Server VM (20.1-b02 mixed mode linux-amd64 compressed oops)
# Problematic frame:
# V  [libjvm.so+0x4ac378]  IndexSetIterator::advance_and_next()+0x58
#
# If you would like to submit a bug report, please visit:
#   http://java.sun.com/webapps/bugreport/crash.jsp
#

---------------  T H R E A D  ---------------

Current thread (0x00007f8530001000):  JavaThread "C2 CompilerThread1" daemon [_thread_in_native, id=25362, stack(0x00007f8534fd2000,0x00007f85350d3000)]

siginfo:si_signo=SIGSEGV: si_errno=0, si_code=128 (), si_addr=0x0000000000000000

Registers:
RAX=0x0000000000000000, RBX=0x000000000000001e, RCX=0x000000000000008f, RDX=0x00047f853ba72ec0
RSP=0x00007f85350ce9c0, RBP=0x00007f85350ce9d0, RSI=0x00007f852d136448, RDI=0x0000000000000000
R8 =0x0000000000000010, R9 =0x0000000000000d8f, R10=0x00007f853b74ee60, R11=0x00007f852d1541f0
R12=0x00007f85350ce9f0, R13=0x0000000000000dcd, R14=0x00007f85350ce9f0, R15=0x0000000000000006
RIP=0x00007f853b348378, EFLAGS=0x0000000000010246, CSGSFS=0x0000000000000033, ERR=0x0000000000000000
  TRAPNO=0x000000000000000d

Top of Stack: (sp=0x00007f85350ce9c0)
0x00007f85350ce9c0:   00007f85345c18e0 00007f85350ceb70
0x00007f85350ce9d0:   00007f85350cea60 00007f853b340e03
0x00007f85350ce9e0:   00002000350cea60 000000000000000d
0x00007f85350ce9f0:   00000d8f00000000 00007f8500000005
0x00007f85350cea00:   00047f853ba72ec0 000000000000000e
0x00007f85350cea10:   00007f852d136448 00007f850000008f
0x00007f85350cea20:   00007f85345c4040 00007f852f359a28
0x00007f85350cea30:   00007f85350cf660 00007f853ba72ec0
0x00007f85350cea40:   00007f85350cf660 00007f85350cebb0
0x00007f85350cea50:   00007f85350ceb70 00007f85350cea80
0x00007f85350cea60:   00007f85350cec80 00007f853b1d0930
0x00007f85350cea70:   00007f85350cf728 00007f85350cec30
0x00007f85350cea80:   00007f853b917230 00007f850000000c
0x00007f85350cea90:   00007f85350d1140 00007f85350cf660
0x00007f85350ceaa0:   0000000000000001 00007f852f2d1b70
0x00007f85350ceab0:   0000000000000006 00007f8530000020
0x00007f85350ceac0:   00007f85350ceb20 00000000deadbeef
0x00007f85350cead0:   00007f853036d580 00007f8530000020
0x00007f85350ceae0:   00007f85350ceb70 0000000000008270
0x00007f85350ceaf0:   0000000000008260 00007f85303edb80
0x00007f85350ceb00:   00007f85350cf810 00007f853bb2331e
0x00007f85350ceb10:   00000000417b9290 00007f853b6bc501
0x00007f85350ceb20:   00007f85350ceb60 00007f853b0c1b09
0x00007f85350ceb30:   00007f850000008f 0000000000008270
0x00007f85350ceb40:   00007f853b917250 000000000000000c
0x00007f85350ceb50:   00007f85350d1140 00007f85350cf660
0x00007f85350ceb60:   00007f8500006483 0000000000008270
0x00007f85350ceb70:   00007f850000000b 00007f85350d1140
0x00007f85350ceb80:   00007f853453a020 0000000000008200
0x00007f85350ceb90:   00007f852e176090 00007f8500008ef4
0x00007f85350ceba0:   00007f85350cec30 0000000041853da0
0x00007f85350cebb0:   00007f8500000009 00007f85350d1140 

Instructions: (pc=0x00007f853b348378)
0x00007f853b348358:   49 8b 74 24 20 89 df 48 8b 04 fe 48 3b 05 be 32
0x00007f853b348368:   72 00 74 26 49 89 44 24 10 31 ff 48 89 c2 89 f8
0x00007f853b348378:   44 8b 0c 82 45 85 c9 75 3a ff c7 83 ff 07 76 ee
0x00007f853b348388:   49 8b 7c 24 30 48 85 ff 75 1b ff c3 39 cb 72 c0 

Register to memory mapping:

RAX=0x0000000000000000 is an unknown value
RBX=0x000000000000001e is an unknown value
RCX=0x000000000000008f is an unknown value
RDX=0x00047f853ba72ec0 is an unknown value
RSP=0x00007f85350ce9c0 is pointing into the stack for thread: 0x00007f8530001000
RBP=0x00007f85350ce9d0 is pointing into the stack for thread: 0x00007f8530001000
RSI=0x00007f852d136448 is an unknown value
RDI=0x0000000000000000 is an unknown value
R8 =0x0000000000000010 is an unknown value
R9 =0x0000000000000d8f is an unknown value
R10=0x00007f853b74ee60: <offset 0x8b2e60> in /usr/local/jdk1.6.0_26/jre/lib/amd64/server/libjvm.so at 0x00007f853ae9c000
R11=0x00007f852d1541f0 is an unknown value
R12=0x00007f85350ce9f0 is pointing into the stack for thread: 0x00007f8530001000
R13=0x0000000000000dcd is an unknown value
R14=0x00007f85350ce9f0 is pointing into the stack for thread: 0x00007f8530001000
R15=0x0000000000000006 is an unknown value


Stack: [0x00007f8534fd2000,0x00007f85350d3000],  sp=0x00007f85350ce9c0,  free space=1010k
Native frames: (J=compiled Java code, j=interpreted, Vv=VM code, C=native code)
V  [libjvm.so+0x4ac378]  IndexSetIterator::advance_and_next()+0x58
V  [libjvm.so+0x4a4e03]  PhaseIFG::SquareUp()+0x143
V  [libjvm.so+0x334930]  PhaseChaitin::Register_Allocate()+0x760
V  [libjvm.so+0x3a20ff]  Compile::Code_Gen()+0x35f
V  [libjvm.so+0x39de56]  Compile::Compile(ciEnv*, C2Compiler*, ciMethod*, int, bool, bool)+0x8f6
V  [libjvm.so+0x320d2e]  C2Compiler::compile_method(ciEnv*, ciMethod*, int)+0x9e
V  [libjvm.so+0x3a862a]  CompileBroker::invoke_compiler_on_method(CompileTask*)+0x2ca
V  [libjvm.so+0x3a7f15]  CompileBroker::compiler_thread_loop()+0x355
V  [libjvm.so+0x81fbe9]  compiler_thread_entry(JavaThread*, Thread*)+0x9
V  [libjvm.so+0x8190f1]  JavaThread::run()+0x121
V  [libjvm.so+0x710adf]  java_start(Thread*)+0x13f


Current CompileTask:
C2:   9130  70      org.apache.lucene.util.SorterTemplate.merge(IIIII)V (151 bytes)


---------------  P R O C E S S  ---------------

Java Threads: ( => current thread )
  0x00007f8530003800 JavaThread "Low Memory Detector" daemon [_thread_blocked, id=25364, stack(0x00007f8534ed1000,0x00007f8534fd2000)]
=>0x00007f8530001000 JavaThread "C2 CompilerThread1" daemon [_thread_in_native, id=25362, stack(0x00007f8534fd2000,0x00007f85350d3000)]
  0x000000004184e000 JavaThread "C2 CompilerThread0" daemon [_thread_in_native, id=25360, stack(0x00007f85350d3000,0x00007f85351d4000)]
  0x000000004184c000 JavaThread "Signal Dispatcher" daemon [_thread_blocked, id=25358, stack(0x00007f85351d4000,0x00007f85352d5000)]
  0x000000004182a000 JavaThread "Finalizer" daemon [_thread_blocked, id=25342, stack(0x00007f853557a000,0x00007f853567b000)]
  0x0000000041828000 JavaThread "Reference Handler" daemon [_thread_blocked, id=25341, stack(0x00007f853567b000,0x00007f853577c000)]
  0x00000000417bb800 JavaThread "main" [_thread_in_vm, id=25330, stack(0x00007f853ab16000,0x00007f853ac17000)]

Other Threads:
  0x0000000041821000 VMThread [stack: 0x00007f853577c000,0x00007f853587d000] [id=25340]
  0x00007f853000e800 WatcherThread [stack: 0x00007f8534dd0000,0x00007f8534ed1000] [id=25365]

VM state:not at safepoint (normal execution)

VM Mutex/Monitor currently owned by a thread: None

Heap
 PSYoungGen      total 74944K, used 30741K [0x00000000f5560000, 0x00000000fa900000, 0x0000000100000000)
  eden space 64256K, 46% used [0x00000000f5560000,0x00000000f723dba0,0x00000000f9420000)
  from space 10688K, 11% used [0x00000000f9420000,0x00000000f9547968,0x00000000f9e90000)
  to   space 10688K, 0% used [0x00000000f9e90000,0x00000000f9e90000,0x00000000fa900000)
 PSOldGen        total 171392K, used 0K [0x00000000e0000000, 0x00000000ea760000, 0x00000000f5560000)
  object space 171392K, 0% used [0x00000000e0000000,0x00000000e0000000,0x00000000ea760000)
 PSPermGen       total 21248K, used 9942K [0x00000000dae00000, 0x00000000dc2c0000, 0x00000000e0000000)
  object space 21248K, 46% used [0x00000000dae00000,0x00000000db7b5908,0x00000000dc2c0000)

Code Cache  [0x00007f8536d80000, 0x00007f8536ff0000, 0x00007f8539d80000)
 total_blobs=501 nmethods=253 adapters=202 free_code_cache=49118720 largest_free_block=7744

Dynamic libraries:
40000000-40009000 r-xp 00000000 08:01 3281273                            /usr/local/jdk1.6.0_26/jre/bin/java
40108000-4010a000 rwxp 00008000 08:01 3281273                            /usr/local/jdk1.6.0_26/jre/bin/java
417b0000-48d21000 rwxp 00000000 00:00 0                                  [heap]
dae00000-dc2c0000 rwxp 00000000 00:00 0 
dc2c0000-e0000000 rwxp 00000000 00:00 0 
e0000000-ea760000 rwxp 00000000 00:00 0 
ea760000-f5560000 rwxp 00000000 00:00 0 
f5560000-fa900000 rwxp 00000000 00:00 0 
fa900000-100000000 rwxp 00000000 00:00 0 
7f8520000000-7f8523ff7000 rwxp 00000000 00:00 0 
7f8523ff7000-7f8524000000 ---p 00000000 00:00 0 
7f8528000000-7f8528046000 rwxp 00000000 00:00 0 
7f8528046000-7f852c000000 ---p 00000000 00:00 0 
7f852c000000-7f852ffff000 rwxp 00000000 00:00 0 
7f852ffff000-7f8530000000 ---p 00000000 00:00 0 
7f8530000000-7f8533ffd000 rwxp 00000000 00:00 0 
7f8533ffd000-7f8534000000 ---p 00000000 00:00 0 
7f853453a000-7f8534ad0000 rwxp 00000000 00:00 0 
7f8534ad0000-7f8534ad7000 r-xp 00000000 08:01 3281924                    /usr/local/jdk1.6.0_26/jre/lib/amd64/libnio.so
7f8534ad7000-7f8534bd6000 ---p 00007000 08:01 3281924                    /usr/local/jdk1.6.0_26/jre/lib/amd64/libnio.so
7f8534bd6000-7f8534bd8000 rwxp 00006000 08:01 3281924                    /usr/local/jdk1.6.0_26/jre/lib/amd64/libnio.so
7f8534bd8000-7f8534beb000 r-xp 00000000 08:01 3281915                    /usr/local/jdk1.6.0_26/jre/lib/amd64/libnet.so
7f8534beb000-7f8534cec000 ---p 00013000 08:01 3281915                    /usr/local/jdk1.6.0_26/jre/lib/amd64/libnet.so
7f8534cec000-7f8534cef000 rwxp 00014000 08:01 3281915                    /usr/local/jdk1.6.0_26/jre/lib/amd64/libnet.so
7f8534cef000-7f8534d4e000 r-xs 00baa000 08:01 3281128                    /usr/local/jdk1.6.0_26/lib/tools.jar
7f8534d4e000-7f8534d4f000 r-xs 00000000 08:01 11407115                   /usr/share/ant/lib/ant-apache-bsf.jar
7f8534d4f000-7f8534d50000 r-xs 00002000 08:01 11407128                   /usr/share/ant/lib/ant-netrexx.jar
7f8534d50000-7f8534d52000 r-xs 00008000 08:01 11407117                   /usr/share/ant/lib/ant-apache-oro.jar
7f8534d52000-7f8534d54000 r-xs 0000a000 08:01 11407121                   /usr/share/ant/lib/ant-commons-net.jar
7f8534d54000-7f8534d55000 r-xs 00003000 08:01 11407133                   /usr/share/ant/lib/ant-testutil.jar
7f8534d55000-7f8534d6c000 r-xs 00114000 08:01 11407136                   /usr/share/ant/lib/xercesImpl.jar
7f8534d6c000-7f8534d6d000 r-xs 00001000 08:01 11407124                   /usr/share/ant/lib/ant-jdepend.jar
7f8534d6d000-7f8534d6e000 r-xs 00001000 08:01 11407123                   /usr/share/ant/lib/ant-javamail.jar
7f8534d6e000-7f8534d82000 r-xs 0012f000 08:01 11798480                   /usr/share/java/ant-1.7.1.jar
7f8534d82000-7f8534d83000 r-xs 00001000 08:01 11407046                   /usr/share/ant/lib/ant-antlr.jar
7f8534d83000-7f8534d84000 r-xs 00001000 08:01 11407132                   /usr/share/ant/lib/ant-swing.jar
7f8534d84000-7f8534d85000 r-xs 00001000 08:01 11407125                   /usr/share/ant/lib/ant-jmf.jar
7f8534d85000-7f8534d86000 r-xs 00003000 08:01 11407135                   /usr/share/ant/lib/ant-weblogic.jar
7f8534d86000-7f8534d88000 r-xs 00006000 08:01 11407126                   /usr/share/ant/lib/ant-jsch.jar
7f8534d88000-7f8534d89000 r-xs 00008000 08:01 11407130                   /usr/share/ant/lib/ant-starteam.jar
7f8534d89000-7f8534d8b000 r-xs 00015000 08:01 11407127                   /usr/share/ant/lib/ant-junit.jar
7f8534d8b000-7f8534d8c000 r-xs 00000000 08:01 11407131                   /usr/share/ant/lib/ant-stylebook.jar
7f8534d8c000-7f8534d8d000 r-xs 00000000 08:01 11407116                   /usr/share/ant/lib/ant-apache-log4j.jar
7f8534d8d000-7f8534d95000 r-xs 00028000 08:01 11407137                   /usr/share/ant/lib/xml-apis.jar
7f8534d95000-7f8534d96000 r-xs 00000000 08:01 11407118                   /usr/share/ant/lib/ant-apache-regexp.jar
7f8534d96000-7f8534d9e000 r-xs 00062000 08:01 11407129                   /usr/share/ant/lib/ant-nodeps.jar
7f8534d9e000-7f8534d9f000 r-xs 00001000 08:01 11407134                   /usr/share/ant/lib/ant-trax.jar
7f8534d9f000-7f8534da1000 r-xs 00001000 08:01 11407101                   /usr/share/ant/lib/ant-apache-bcel.jar
7f8534da1000-7f8534da2000 r-xs 00000000 08:01 11407120                   /usr/share/ant/lib/ant-commons-logging.jar
7f8534da2000-7f8534da4000 r-xs 00004000 08:01 11407122                   /usr/share/ant/lib/ant-jai.jar
7f8534da4000-7f8534da5000 r-xs 00000000 08:01 11407119                   /usr/share/ant/lib/ant-apache-resolver.jar
7f8534da5000-7f8534dbd000 r-xs 00114000 08:01 11797967                   /usr/share/java/xercesImpl-2.9.1.jar
7f8534dbd000-7f8534dc9000 r-xs 0003d000 08:01 11403569                   /usr/share/maven-repo/javax/xml/jaxp-api/1.3/jaxp-api-1.3.jar
7f8534dc9000-7f8534dca000 r-xs 00002000 08:01 11798840                   /usr/share/java/ant-launcher-1.7.1.jar
7f8534dca000-7f8534dd0000 r-xs 00033000 08:01 1575720                    /home/rmuir/workspace/lucene-trunk/lucene/lib/junit-4.7.jar
7f8534dd0000-7f8534dd1000 ---p 00000000 00:00 0 
7f8534dd1000-7f8534ed1000 rwxp 00000000 00:00 0 
7f8534ed1000-7f8534ed4000 ---p 00000000 00:00 0 
7f8534ed4000-7f8534fd2000 rwxp 00000000 00:00 0 
7f8534fd2000-7f8534fd5000 ---p 00000000 00:00 0 
7f8534fd5000-7f85350d3000 rwxp 00000000 00:00 0 
7f85350d3000-7f85350d6000 ---p 00000000 00:00 0 
7f85350d6000-7f85351d4000 rwxp 00000000 00:00 0 
7f85351d4000-7f85351d7000 ---p 00000000 00:00 0 
7f85351d7000-7f85352d5000 rwxp 00000000 00:00 0 
7f85352d5000-7f853557a000 r-xp 00000000 08:01 11403407                   /usr/lib/locale/locale-archive
7f853557a000-7f853557d000 ---p 00000000 00:00 0 
7f853557d000-7f853567b000 rwxp 00000000 00:00 0 
7f853567b000-7f853567e000 ---p 00000000 00:00 0 
7f853567e000-7f853577c000 rwxp 00000000 00:00 0 
7f853577c000-7f853577d000 ---p 00000000 00:00 0 
7f853577d000-7f85361ba000 rwxp 00000000 00:00 0 
7f85361ba000-7f8536352000 r-xs 03029000 08:01 3282340                    /usr/local/jdk1.6.0_26/jre/lib/rt.jar
7f8536352000-7f853637a000 rwxp 00000000 00:00 0 
7f853637a000-7f853637b000 ---p 00000000 00:00 0 
7f853637b000-7f853647b000 rwxp 00000000 00:00 0 
7f853647b000-7f853647c000 ---p 00000000 00:00 0 
7f853647c000-7f853657c000 rwxp 00000000 00:00 0 
7f853657c000-7f853657d000 ---p 00000000 00:00 0 
7f853657d000-7f853667d000 rwxp 00000000 00:00 0 
7f853667d000-7f853667e000 ---p 00000000 00:00 0 
7f853667e000-7f853677e000 rwxp 00000000 00:00 0 
7f853677e000-7f853677f000 ---p 00000000 00:00 0 
7f853677f000-7f853687f000 rwxp 00000000 00:00 0 
7f853687f000-7f8536880000 ---p 00000000 00:00 0 
7f8536880000-7f8536980000 rwxp 00000000 00:00 0 
7f8536980000-7f8536981000 ---p 00000000 00:00 0 
7f8536981000-7f8536a81000 rwxp 00000000 00:00 0 
7f8536a81000-7f8536a82000 ---p 00000000 00:00 0 
7f8536a82000-7f8536b8d000 rwxp 00000000 00:00 0 
7f8536b8d000-7f8536bab000 rwxp 00000000 00:00 0 
7f8536bab000-7f8536bff000 rwxp 00000000 00:00 0 
7f8536bff000-7f8536c56000 rwxp 00000000 00:00 0 
7f8536c56000-7f8536c61000 rwxp 00000000 00:00 0 
7f8536c61000-7f8536c7f000 rwxp 00000000 00:00 0 
7f8536c7f000-7f8536cd3000 rwxp 00000000 00:00 0 
7f8536cd3000-7f8536d29000 rwxp 00000000 00:00 0 
7f8536d29000-7f8536d54000 rwxp 00000000 00:00 0 
7f8536d54000-7f8536d7f000 rwxp 00000000 00:00 0 
7f8536d7f000-7f8536ff0000 rwxp 00000000 00:00 0 
7f8536ff0000-7f8539d80000 rwxp 00000000 00:00 0 
7f8539d80000-7f8539d8e000 r-xp 00000000 08:01 3281951                    /usr/local/jdk1.6.0_26/jre/lib/amd64/libzip.so
7f8539d8e000-7f8539e90000 ---p 0000e000 08:01 3281951                    /usr/local/jdk1.6.0_26/jre/lib/amd64/libzip.so
7f8539e90000-7f8539e93000 rwxp 00010000 08:01 3281951                    /usr/local/jdk1.6.0_26/jre/lib/amd64/libzip.so
7f8539e93000-7f8539e94000 rwxp 00000000 00:00 0 
7f8539e94000-7f8539ea0000 r-xp 00000000 08:01 9437536                    /lib/x86_64-linux-gnu/libnss_files-2.13.so
7f8539ea0000-7f853a09f000 ---p 0000c000 08:01 9437536                    /lib/x86_64-linux-gnu/libnss_files-2.13.so
7f853a09f000-7f853a0a0000 r-xp 0000b000 08:01 9437536                    /lib/x86_64-linux-gnu/libnss_files-2.13.so
7f853a0a0000-7f853a0a1000 rwxp 0000c000 08:01 9437536                    /lib/x86_64-linux-gnu/libnss_files-2.13.so
7f853a0a1000-7f853a0ac000 r-xp 00000000 08:01 9437538                    /lib/x86_64-linux-gnu/libnss_nis-2.13.so
7f853a0ac000-7f853a2ab000 ---p 0000b000 08:01 9437538                    /lib/x86_64-linux-gnu/libnss_nis-2.13.so
7f853a2ab000-7f853a2ac000 r-xp 0000a000 08:01 9437538                    /lib/x86_64-linux-gnu/libnss_nis-2.13.so
7f853a2ac000-7f853a2ad000 rwxp 0000b000 08:01 9437538                    /lib/x86_64-linux-gnu/libnss_nis-2.13.so
7f853a2ad000-7f853a2b5000 r-xp 00000000 08:01 9437534                    /lib/x86_64-linux-gnu/libnss_compat-2.13.so
7f853a2b5000-7f853a4b4000 ---p 00008000 08:01 9437534                    /lib/x86_64-linux-gnu/libnss_compat-2.13.so
7f853a4b4000-7f853a4b5000 r-xp 00007000 08:01 9437534                    /lib/x86_64-linux-gnu/libnss_compat-2.13.so
7f853a4b5000-7f853a4b6000 rwxp 00008000 08:01 9437534                    /lib/x86_64-linux-gnu/libnss_compat-2.13.so
7f853a4b6000-7f853a4cd000 r-xp 00000000 08:01 9437533                    /lib/x86_64-linux-gnu/libnsl-2.13.so
7f853a4cd000-7f853a6cc000 ---p 00017000 08:01 9437533                    /lib/x86_64-linux-gnu/libnsl-2.13.so
7f853a6cc000-7f853a6cd000 r-xp 00016000 08:01 9437533                    /lib/x86_64-linux-gnu/libnsl-2.13.so
7f853a6cd000-7f853a6ce000 rwxp 00017000 08:01 9437533                    /lib/x86_64-linux-gnu/libnsl-2.13.so
7f853a6ce000-7f853a6d0000 rwxp 00000000 00:00 0 
7f853a6d0000-7f853a6f9000 r-xp 00000000 08:01 3281940                    /usr/local/jdk1.6.0_26/jre/lib/amd64/libjava.so
7f853a6f9000-7f853a7f8000 ---p 00029000 08:01 3281940                    /usr/local/jdk1.6.0_26/jre/lib/amd64/libjava.so
7f853a7f8000-7f853a7ff000 rwxp 00028000 08:01 3281940                    /usr/local/jdk1.6.0_26/jre/lib/amd64/libjava.so
7f853a7ff000-7f853a80c000 r-xp 00000000 08:01 3281938                    /usr/local/jdk1.6.0_26/jre/lib/amd64/libverify.so
7f853a80c000-7f853a90b000 ---p 0000d000 08:01 3281938                    /usr/local/jdk1.6.0_26/jre/lib/amd64/libverify.so
7f853a90b000-7f853a90e000 rwxp 0000c000 08:01 3281938                    /usr/local/jdk1.6.0_26/jre/lib/amd64/libverify.so
7f853a90e000-7f853a915000 r-xp 00000000 08:01 9437543                    /lib/x86_64-linux-gnu/librt-2.13.so
7f853a915000-7f853ab14000 ---p 00007000 08:01 9437543                    /lib/x86_64-linux-gnu/librt-2.13.so
7f853ab14000-7f853ab15000 r-xp 00006000 08:01 9437543                    /lib/x86_64-linux-gnu/librt-2.13.so
7f853ab15000-7f853ab16000 rwxp 00007000 08:01 9437543                    /lib/x86_64-linux-gnu/librt-2.13.so
7f853ab16000-7f853ab19000 ---p 00000000 00:00 0 
7f853ab19000-7f853ac17000 rwxp 00000000 00:00 0 
7f853ac17000-7f853ac9b000 r-xp 00000000 08:01 9437531                    /lib/x86_64-linux-gnu/libm-2.13.so
7f853ac9b000-7f853ae9a000 ---p 00084000 08:01 9437531                    /lib/x86_64-linux-gnu/libm-2.13.so
7f853ae9a000-7f853ae9b000 r-xp 00083000 08:01 9437531                    /lib/x86_64-linux-gnu/libm-2.13.so
7f853ae9b000-7f853ae9c000 rwxp 00084000 08:01 9437531                    /lib/x86_64-linux-gnu/libm-2.13.so
7f853ae9c000-7f853b7b6000 r-xp 00000000 08:01 3281947                    /usr/local/jdk1.6.0_26/jre/lib/amd64/server/libjvm.so
7f853b7b6000-7f853b8b8000 ---p 0091a000 08:01 3281947                    /usr/local/jdk1.6.0_26/jre/lib/amd64/server/libjvm.so
7f853b8b8000-7f853ba6d000 rwxp 0091c000 08:01 3281947                    /usr/local/jdk1.6.0_26/jre/lib/amd64/server/libjvm.so
7f853ba6d000-7f853baa7000 rwxp 00000000 00:00 0 
7f853baa7000-7f853bc31000 r-xp 00000000 08:01 9437527                    /lib/x86_64-linux-gnu/libc-2.13.so
7f853bc31000-7f853be30000 ---p 0018a000 08:01 9437527                    /lib/x86_64-linux-gnu/libc-2.13.so
7f853be30000-7f853be34000 r-xp 00189000 08:01 9437527                    /lib/x86_64-linux-gnu/libc-2.13.so
7f853be34000-7f853be35000 rwxp 0018d000 08:01 9437527                    /lib/x86_64-linux-gnu/libc-2.13.so
7f853be35000-7f853be3b000 rwxp 00000000 00:00 0 
7f853be3b000-7f853be3d000 r-xp 00000000 08:01 9437530                    /lib/x86_64-linux-gnu/libdl-2.13.so
7f853be3d000-7f853c03d000 ---p 00002000 08:01 9437530                    /lib/x86_64-linux-gnu/libdl-2.13.so
7f853c03d000-7f853c03e000 r-xp 00002000 08:01 9437530                    /lib/x86_64-linux-gnu/libdl-2.13.so
7f853c03e000-7f853c03f000 rwxp 00003000 08:01 9437530                    /lib/x86_64-linux-gnu/libdl-2.13.so
7f853c03f000-7f853c057000 r-xp 00000000 08:01 9437541                    /lib/x86_64-linux-gnu/libpthread-2.13.so
7f853c057000-7f853c257000 ---p 00018000 08:01 9437541                    /lib/x86_64-linux-gnu/libpthread-2.13.so
7f853c257000-7f853c258000 r-xp 00018000 08:01 9437541                    /lib/x86_64-linux-gnu/libpthread-2.13.so
7f853c258000-7f853c259000 rwxp 00019000 08:01 9437541                    /lib/x86_64-linux-gnu/libpthread-2.13.so
7f853c259000-7f853c25d000 rwxp 00000000 00:00 0 
7f853c25d000-7f853c27e000 r-xp 00000000 08:01 9437524                    /lib/x86_64-linux-gnu/ld-2.13.so
7f853c28d000-7f853c297000 rwxp 00000000 00:00 0 
7f853c297000-7f853c34d000 rwxp 00000000 00:00 0 
7f853c34d000-7f853c350000 rwxp 00000000 00:00 0 
7f853c350000-7f853c357000 r-xp 00000000 08:01 3281950                    /usr/local/jdk1.6.0_26/jre/lib/amd64/jli/libjli.so
7f853c357000-7f853c458000 ---p 00007000 08:01 3281950                    /usr/local/jdk1.6.0_26/jre/lib/amd64/jli/libjli.so
7f853c458000-7f853c45a000 rwxp 00008000 08:01 3281950                    /usr/local/jdk1.6.0_26/jre/lib/amd64/jli/libjli.so
7f853c45a000-7f853c45b000 rwxp 00000000 00:00 0 
7f853c471000-7f853c479000 rwxs 00000000 08:01 5905732                    /tmp/hsperfdata_rmuir/25327
7f853c479000-7f853c47a000 rwxp 00000000 00:00 0 
7f853c47a000-7f853c47b000 r-xp 00000000 00:00 0 
7f853c47b000-7f853c47d000 rwxp 00000000 00:00 0 
7f853c47d000-7f853c47e000 r-xp 00020000 08:01 9437524                    /lib/x86_64-linux-gnu/ld-2.13.so
7f853c47e000-7f853c480000 rwxp 00021000 08:01 9437524                    /lib/x86_64-linux-gnu/ld-2.13.so
7fffb261a000-7fffb263c000 rwxp 00000000 00:00 0                          [stack]
7fffb2738000-7fffb2739000 r-xp 00000000 00:00 0                          [vdso]
ffffffffff600000-ffffffffff601000 r-xp 00000000 00:00 0                  [vsyscall]

VM Arguments:
jvm_args: -Xmx512M -Dtests.verbose=false -Dtests.codec=randomPerField -Dtests.codecprovider=random -Dtests.locale=random -Dtests.timezone=random -Dtests.directory=random -Dtests.linedocsfile=europarl.lines.txt.gz -Dtests.iter=1 -Dtests.iter.min=1 -Dtests.seed=random -Dtests.luceneMatchVersion=4.0 -Dtests.cleanthreads=perMethod -Djava.util.logging.config.file=/dev/null -Dtests.nightly=false -Dtests.multiplier=1 -DtempDir=/home/rmuir/workspace/lucene-trunk/modules/analysis/build/common/test/5 -Dlucene.version=4.0-SNAPSHOT -Dtestmethod= -Djetty.testMode=1 -Djetty.insecurerandom=1 -Dsolr.directoryFactory=org.apache.solr.core.MockDirectoryFactory -ea:org.apache.lucene... -ea:org.apache.solr... 
java_command: org.apache.tools.ant.taskdefs.optional.junit.JUnitTestRunner testsfile=/home/rmuir/workspace/lucene-trunk/modules/analysis/build/common/test/5/junittestcases7448127054043278439.properties filtertrace=true haltOnError=false haltOnFailure=false showoutput=false outputtoformatters=true logtestlistenerevents=true formatter=org.apache.tools.ant.taskdefs.optional.junit.XMLJUnitResultFormatter,/home/rmuir/workspace/lucene-trunk/modules/analysis/build/common/test/IGNORETHIS.xml formatter=org.apache.lucene.util.LuceneJUnitResultFormatter crashfile=/home/rmuir/workspace/lucene-trunk/modules/analysis/build/common/test/5/junitvmwatcher3546075610732509251.properties propsfile=/home/rmuir/workspace/lucene-trunk/modules/analysis/build/common/test/5/junit1463792994370404724.properties
Launcher Type: SUN_STANDARD

Environment Variables:
JAVA_HOME=/usr/local/jdk1.6.0_26
PATH=/usr/local/sbin:/usr/local/bin:/usr/sbin:/usr/bin:/sbin:/bin:/usr/games
USERNAME=rmuir
LD_LIBRARY_PATH=/usr/local/jdk1.6.0_26/jre/lib/amd64/server:/usr/local/jdk1.6.0_26/jre/lib/amd64:/usr/local/jdk1.6.0_26/jre/../lib/amd64
SHELL=/bin/bash
DISPLAY=:0

Signal Handlers:
SIGSEGV: [libjvm.so+0x85f800], sa_mask[0]=0x7ffbfeff, sa_flags=0x10000004
SIGBUS: [libjvm.so+0x85f800], sa_mask[0]=0x7ffbfeff, sa_flags=0x10000004
SIGFPE: [libjvm.so+0x70e300], sa_mask[0]=0x7ffbfeff, sa_flags=0x10000004
SIGPIPE: [libjvm.so+0x70e300], sa_mask[0]=0x7ffbfeff, sa_flags=0x10000004
SIGXFSZ: [libjvm.so+0x70e300], sa_mask[0]=0x7ffbfeff, sa_flags=0x10000004
SIGILL: [libjvm.so+0x70e300], sa_mask[0]=0x7ffbfeff, sa_flags=0x10000004
SIGUSR1: SIG_DFL, sa_mask[0]=0x00000000, sa_flags=0x00000000
SIGUSR2: [libjvm.so+0x711110], sa_mask[0]=0x00000004, sa_flags=0x10000004
SIGHUP: [libjvm.so+0x710d10], sa_mask[0]=0x7ffbfeff, sa_flags=0x10000004
SIGINT: [libjvm.so+0x710d10], sa_mask[0]=0x7ffbfeff, sa_flags=0x10000004
SIGTERM: [libjvm.so+0x710d10], sa_mask[0]=0x7ffbfeff, sa_flags=0x10000004
SIGQUIT: [libjvm.so+0x710d10], sa_mask[0]=0x7ffbfeff, sa_flags=0x10000004


---------------  S Y S T E M  ---------------

OS:squeeze/sid

uname:Linux 2.6.38-8-generic #42-Ubuntu SMP Mon Apr 11 03:31:24 UTC 2011 x86_64
libc:glibc 2.13 NPTL 2.13 
rlimit: STACK 8192k, CORE 0k, NPROC infinity, NOFILE 4096, AS infinity
load average:8.01 6.18 3.79

/proc/meminfo:
MemTotal:       16448556 kB
MemFree:         4977332 kB
Buffers:         1180172 kB
Cached:          3986240 kB
SwapCached:            0 kB
Active:          7463764 kB
Inactive:        2633764 kB
Active(anon):    4932196 kB
Inactive(anon):     7112 kB
Active(file):    2531568 kB
Inactive(file):  2626652 kB
Unevictable:          64 kB
Mlocked:              64 kB
SwapTotal:       9936892 kB
SwapFree:        9936892 kB
Dirty:             12252 kB
Writeback:             0 kB
AnonPages:       4932172 kB
Mapped:           309604 kB
Shmem:              8080 kB
Slab:             926812 kB
SReclaimable:     886644 kB
SUnreclaim:        40168 kB
KernelStack:        5616 kB
PageTables:        47928 kB
NFS_Unstable:          0 kB
Bounce:                0 kB
WritebackTmp:          0 kB
CommitLimit:    18161168 kB
Committed_AS:    9528872 kB
VmallocTotal:   34359738367 kB
VmallocUsed:      183768 kB
VmallocChunk:   34359546604 kB
HardwareCorrupted:     0 kB
HugePages_Total:       0
HugePages_Free:        0
HugePages_Rsvd:        0
HugePages_Surp:        0
Hugepagesize:       2048 kB
DirectMap4k:      153600 kB
DirectMap2M:    16607232 kB


CPU:total 8 (4 cores per cpu, 2 threads per core) family 6 model 42 stepping 7, cmov, cx8, fxsr, mmx, sse, sse2, sse3, ssse3, sse4.1, sse4.2, popcnt, ht

/proc/cpuinfo:
processor	: 0
vendor_id	: GenuineIntel
cpu family	: 6
model		: 42
model name	: Intel(R) Core(TM) i7-2600K CPU @ 3.40GHz
stepping	: 7
cpu MHz		: 3401.000
cache size	: 8192 KB
physical id	: 0
siblings	: 8
core id		: 0
cpu cores	: 4
apicid		: 0
initial apicid	: 0
fpu		: yes
fpu_exception	: yes
cpuid level	: 13
wp		: yes
flags		: fpu vme de pse tsc msr pae mce cx8 apic sep mtrr pge mca cmov pat pse36 clflush dts acpi mmx fxsr sse sse2 ss ht tm pbe syscall nx rdtscp lm constant_tsc arch_perfmon pebs bts rep_good nopl xtopology nonstop_tsc aperfmperf pni pclmulqdq dtes64 monitor ds_cpl vmx est tm2 ssse3 cx16 xtpr pdcm sse4_1 sse4_2 popcnt aes xsave avx lahf_lm ida arat epb xsaveopt pln pts dts tpr_shadow vnmi flexpriority ept vpid
bogomips	: 6799.68
clflush size	: 64
cache_alignment	: 64
address sizes	: 36 bits physical, 48 bits virtual
power management:

processor	: 1
vendor_id	: GenuineIntel
cpu family	: 6
model		: 42
model name	: Intel(R) Core(TM) i7-2600K CPU @ 3.40GHz
stepping	: 7
cpu MHz		: 3401.000
cache size	: 8192 KB
physical id	: 0
siblings	: 8
core id		: 1
cpu cores	: 4
apicid		: 2
initial apicid	: 2
fpu		: yes
fpu_exception	: yes
cpuid level	: 13
wp		: yes
flags		: fpu vme de pse tsc msr pae mce cx8 apic sep mtrr pge mca cmov pat pse36 clflush dts acpi mmx fxsr sse sse2 ss ht tm pbe syscall nx rdtscp lm constant_tsc arch_perfmon pebs bts rep_good nopl xtopology nonstop_tsc aperfmperf pni pclmulqdq dtes64 monitor ds_cpl vmx est tm2 ssse3 cx16 xtpr pdcm sse4_1 sse4_2 popcnt aes xsave avx lahf_lm ida arat epb xsaveopt pln pts dts tpr_shadow vnmi flexpriority ept vpid
bogomips	: 6800.03
clflush size	: 64
cache_alignment	: 64
address sizes	: 36 bits physical, 48 bits virtual
power management:

processor	: 2
vendor_id	: GenuineIntel
cpu family	: 6
model		: 42
model name	: Intel(R) Core(TM) i7-2600K CPU @ 3.40GHz
stepping	: 7
cpu MHz		: 3401.000
cache size	: 8192 KB
physical id	: 0
siblings	: 8
core id		: 2
cpu cores	: 4
apicid		: 4
initial apicid	: 4
fpu		: yes
fpu_exception	: yes
cpuid level	: 13
wp		: yes
flags		: fpu vme de pse tsc msr pae mce cx8 apic sep mtrr pge mca cmov pat pse36 clflush dts acpi mmx fxsr sse sse2 ss ht tm pbe syscall nx rdtscp lm constant_tsc arch_perfmon pebs bts rep_good nopl xtopology nonstop_tsc aperfmperf pni pclmulqdq dtes64 monitor ds_cpl vmx est tm2 ssse3 cx16 xtpr pdcm sse4_1 sse4_2 popcnt aes xsave avx lahf_lm ida arat epb xsaveopt pln pts dts tpr_shadow vnmi flexpriority ept vpid
bogomips	: 6800.03
clflush size	: 64
cache_alignment	: 64
address sizes	: 36 bits physical, 48 bits virtual
power management:

processor	: 3
vendor_id	: GenuineIntel
cpu family	: 6
model		: 42
model name	: Intel(R) Core(TM) i7-2600K CPU @ 3.40GHz
stepping	: 7
cpu MHz		: 3401.000
cache size	: 8192 KB
physical id	: 0
siblings	: 8
core id		: 3
cpu cores	: 4
apicid		: 6
initial apicid	: 6
fpu		: yes
fpu_exception	: yes
cpuid level	: 13
wp		: yes
flags		: fpu vme de pse tsc msr pae mce cx8 apic sep mtrr pge mca cmov pat pse36 clflush dts acpi mmx fxsr sse sse2 ss ht tm pbe syscall nx rdtscp lm constant_tsc arch_perfmon pebs bts rep_good nopl xtopology nonstop_tsc aperfmperf pni pclmulqdq dtes64 monitor ds_cpl vmx est tm2 ssse3 cx16 xtpr pdcm sse4_1 sse4_2 popcnt aes xsave avx lahf_lm ida arat epb xsaveopt pln pts dts tpr_shadow vnmi flexpriority ept vpid
bogomips	: 6800.03
clflush size	: 64
cache_alignment	: 64
address sizes	: 36 bits physical, 48 bits virtual
power management:

processor	: 4
vendor_id	: GenuineIntel
cpu family	: 6
model		: 42
model name	: Intel(R) Core(TM) i7-2600K CPU @ 3.40GHz
stepping	: 7
cpu MHz		: 3401.000
cache size	: 8192 KB
physical id	: 0
siblings	: 8
core id		: 0
cpu cores	: 4
apicid		: 1
initial apicid	: 1
fpu		: yes
fpu_exception	: yes
cpuid level	: 13
wp		: yes
flags		: fpu vme de pse tsc msr pae mce cx8 apic sep mtrr pge mca cmov pat pse36 clflush dts acpi mmx fxsr sse sse2 ss ht tm pbe syscall nx rdtscp lm constant_tsc arch_perfmon pebs bts rep_good nopl xtopology nonstop_tsc aperfmperf pni pclmulqdq dtes64 monitor ds_cpl vmx est tm2 ssse3 cx16 xtpr pdcm sse4_1 sse4_2 popcnt aes xsave avx lahf_lm ida arat epb xsaveopt pln pts dts tpr_shadow vnmi flexpriority ept vpid
bogomips	: 6800.03
clflush size	: 64
cache_alignment	: 64
address sizes	: 36 bits physical, 48 bits virtual
power management:

processor	: 5
vendor_id	: GenuineIntel
cpu family	: 6
model		: 42
model name	: Intel(R) Core(TM) i7-2600K CPU @ 3.40GHz
stepping	: 7
cpu MHz		: 3401.000
cache size	: 8192 KB
physical id	: 0
siblings	: 8
core id		: 1
cpu cores	: 4
apicid		: 3
initial apicid	: 3
fpu		: yes
fpu_exception	: yes
cpuid level	: 13
wp		: yes
flags		: fpu vme de pse tsc msr pae mce cx8 apic sep mtrr pge mca cmov pat pse36 clflush dts acpi mmx fxsr sse sse2 ss ht tm pbe syscall nx rdtscp lm constant_tsc arch_perfmon pebs bts rep_good nopl xtopology nonstop_tsc aperfmperf pni pclmulqdq dtes64 monitor ds_cpl vmx est tm2 ssse3 cx16 xtpr pdcm sse4_1 sse4_2 popcnt aes xsave avx lahf_lm ida arat epb xsaveopt pln pts dts tpr_shadow vnmi flexpriority ept vpid
bogomips	: 6800.02
clflush size	: 64
cache_alignment	: 64
address sizes	: 36 bits physical, 48 bits virtual
power management:

processor	: 6
vendor_id	: GenuineIntel
cpu family	: 6
model		: 42
model name	: Intel(R) Core(TM) i7-2600K CPU @ 3.40GHz
stepping	: 7
cpu MHz		: 3401.000
cache size	: 8192 KB
physical id	: 0
siblings	: 8
core id		: 2
cpu cores	: 4
apicid		: 5
initial apicid	: 5
fpu		: yes
fpu_exception	: yes
cpuid level	: 13
wp		: yes
flags		: fpu vme de pse tsc msr pae mce cx8 apic sep mtrr pge mca cmov pat pse36 clflush dts acpi mmx fxsr sse sse2 ss ht tm pbe syscall nx rdtscp lm constant_tsc arch_perfmon pebs bts rep_good nopl xtopology nonstop_tsc aperfmperf pni pclmulqdq dtes64 monitor ds_cpl vmx est tm2 ssse3 cx16 xtpr pdcm sse4_1 sse4_2 popcnt aes xsave avx lahf_lm ida arat epb xsaveopt pln pts dts tpr_shadow vnmi flexpriority ept vpid
bogomips	: 6800.03
clflush size	: 64
cache_alignment	: 64
address sizes	: 36 bits physical, 48 bits virtual
power management:

processor	: 7
vendor_id	: GenuineIntel
cpu family	: 6
model		: 42
model name	: Intel(R) Core(TM) i7-2600K CPU @ 3.40GHz
stepping	: 7
cpu MHz		: 3401.000
cache size	: 8192 KB
physical id	: 0
siblings	: 8
core id		: 3
cpu cores	: 4
apicid		: 7
initial apicid	: 7
fpu		: yes
fpu_exception	: yes
cpuid level	: 13
wp		: yes
flags		: fpu vme de pse tsc msr pae mce cx8 apic sep mtrr pge mca cmov pat pse36 clflush dts acpi mmx fxsr sse sse2 ss ht tm pbe syscall nx rdtscp lm constant_tsc arch_perfmon pebs bts rep_good nopl xtopology nonstop_tsc aperfmperf pni pclmulqdq dtes64 monitor ds_cpl vmx est tm2 ssse3 cx16 xtpr pdcm sse4_1 sse4_2 popcnt aes xsave avx lahf_lm ida arat epb xsaveopt pln pts dts tpr_shadow vnmi flexpriority ept vpid
bogomips	: 6800.03
clflush size	: 64
cache_alignment	: 64
address sizes	: 36 bits physical, 48 bits virtual
power management:



Memory: 4k page, physical 16448556k(4977332k free), swap 9936892k(9936892k free)

vm_info: Java HotSpot(TM) 64-Bit Server VM (20.1-b02) for linux-amd64 JRE (1.6.0_26-b03), built on May  4 2011 01:13:47 by "java_re" with gcc 3.2.2 (SuSE Linux)

time: Wed Aug 17 11:49:56 2011
elapsed time: 9 seconds

