#
# A fatal error has been detected by the Java Runtime Environment:
#
#  SIGSEGV (0xb) at pc=0x00007f163d2d34dd, pid=32714, tid=139732803393280
#
# JRE version: Java(TM) SE Runtime Environment (7.0_40-b43) (build 1.7.0_40-b43)
# Java VM: Java HotSpot(TM) 64-Bit Server VM (24.0-b56 mixed mode linux-amd64 )
# Problematic frame:
# J  org.apache.lucene.codecs.compressing.CompressingTermVectorsReader.get(I)Lorg/apache/lucene/index/Fields;
#
# Failed to write core dump. Core dumps have been disabled. To enable core dumping, try "ulimit -c unlimited" before starting Java again
#
# If you would like to submit a bug report, please visit:
#   http://bugreport.sun.com/bugreport/crash.jsp
#

---------------  T H R E A D  ---------------

Current thread (0x00007f15c424b000):  JavaThread "Lucene Merge Thread #0" daemon [_thread_in_Java, id=590, stack(0x00007f16140c1000,0x00007f16141c2000)]

siginfo:si_signo=SIGSEGV: si_errno=0, si_code=1 (SEGV_MAPERR), si_addr=0x00007f1a33fc37dc

Registers:
RAX=0x0000000000000000, RBX=0x0000000000000007, RCX=0x00007f1633fc3d58, RDX=0x0000000000000001
RSP=0x00007f16141c01f0, RBP=0x0000000000000000, RSI=0x00007f1633fc3788, RDI=0x00007f1633fc3d98
R8 =0x00000000fffffffb, R9 =0x0000000000000009, R10=0x00007f1633fc37d8, R11=0x0000000000000000
R12=0x00007f15c424b000, R13=0x00007f1633fc3b78, R14=0x00007f1633fbf8d8, R15=0x00007f15c424b000
RIP=0x00007f163d2d34dd, EFLAGS=0x0000000000010246, CSGSFS=0x0000000000000033, ERR=0x0000000000000004
  TRAPNO=0x000000000000000e

Top of Stack: (sp=0x00007f16141c01f0)
0x00007f16141c01f0:   00007f1633fbfff8 0000000100000027
0x00007f16141c0200:   00007f1633fc39d0 0000000afffffffb
0x00007f16141c0210:   000000010000000a 00007f1633fbf7f0
0x00007f16141c0220:   00007f1633fc3a78 00007f1633fc3b38
0x00007f16141c0230:   00007f1633fc36a8 00007f1633fc3d38
0x00007f16141c0240:   00007f1633fc3d18 00007f1633fc3788
0x00007f16141c0250:   00007f1633fc36c8 0000000000000001
0x00007f16141c0260:   00007f1633fc3788 000000130000003f
0x00007f16141c0270:   00007f1633fc37d8 00007f1633fc3d58
0x00007f16141c0280:   00007f1633fc37f8 00007f1633fc3818
0x00007f16141c0290:   00007f1633fc3cd8 00007f1633fc38b8
0x00007f16141c02a0:   00007f1633fc3b58 00007f1633fc39d0
0x00007f16141c02b0:   00007f1633fc3a38 00007f1633fc3cf8
0x00007f16141c02c0:   0000000a00000001 000000000000002b
0x00007f16141c02d0:   00007f1633fc3878 00007f1633fc3838
0x00007f16141c02e0:   00007f1633fc3af8 00007f1633fc3ad8
0x00007f16141c02f0:   00007f1633fc3af8 00007f1633fc39f0
0x00007f16141c0300:   0000000a0000000a 0000000145e6fe1b
0x00007f16141c0310:   00007f1633fc3738 00007f1600000009
0x00007f16141c0320:   00007f15c424b000 00007f16141c03a8
0x00007f16141c0330:   00007f1633756e60 00007f163d5c2b64
0x00007f16141c0340:   00007f1600000026 00007f163d060948
0x00007f16141c0350:   00007f163354b7f8 00007f16141c0358
0x00007f16141c0360:   00007f1618545178 00007f16141c03b8
0x00007f16141c0370:   00007f1618987f98 00007f1618d2e6b0
0x00007f16141c0380:   00007f16185451c8 0000000000000000
0x00007f16141c0390:   00007f16141c0400 00007f163d006233
0x00007f16141c03a0:   00007f163d0061d4 00007f163d006233
0x00007f16141c03b0:   0000000000000026 00007f1633756e60
0x00007f16141c03c0:   00007f16141c03c0 00007f1618544ecd
0x00007f16141c03d0:   00007f16141c04b0 00007f1618987f98
0x00007f16141c03e0:   00007f1618d2e420 00007f1618545098 

Instructions: (pc=0x00007f163d2d34dd)
0x00007f163d2d34bd:   0f 83 82 2e 00 00 45 33 db 66 66 0f 1f 84 00 00
0x00007f163d2d34cd:   00 00 00 4c 8b 94 24 80 00 00 00 44 8b 44 24 18
0x00007f163d2d34dd:   47 03 5c 82 18 41 ff c0 44 89 44 24 18 44 3b 44
0x00007f163d2d34ed:   24 68 7c df 44 3b 9c 24 d8 00 00 00 0f 85 da 32 

Register to memory mapping:

RAX=0x0000000000000000 is an unknown value
RBX=0x0000000000000007 is an unknown value
RCX=0x00007f1633fc3d58 is an oop
[I 
 - klass: {type array int}
 - length: 10
RDX=0x0000000000000001 is an unknown value
RSP=0x00007f16141c01f0 is pointing into the stack for thread: 0x00007f15c424b000
RBP=0x0000000000000000 is an unknown value
RSI=0x00007f1633fc3788 is an oop
org.apache.lucene.util.packed.Packed64 
 - klass: 'org/apache/lucene/util/packed/Packed64'
RDI=0x00007f1633fc3d98 is an unknown value
R8 =0x00000000fffffffb is an unknown value
R9 =0x0000000000000009 is an unknown value
R10=0x00007f1633fc37d8 is an oop
[I 
 - klass: {type array int}
 - length: 1
R11=0x0000000000000000 is an unknown value
R12=0x00007f15c424b000 is a thread
R13=0x00007f1633fc3b78 is an oop
[B 
 - klass: {type array byte}
 - length: 328
R14=0x00007f1633fbf8d8 is an oop
org.apache.lucene.store.MockIndexInputWrapper 
 - klass: 'org/apache/lucene/store/MockIndexInputWrapper'
R15=0x00007f15c424b000 is a thread


Stack: [0x00007f16140c1000,0x00007f16141c2000],  sp=0x00007f16141c01f0,  free space=1020k
Native frames: (J=compiled Java code, j=interpreted, Vv=VM code, C=native code)
J  org.apache.lucene.codecs.compressing.CompressingTermVectorsReader.get(I)Lorg/apache/lucene/index/Fields;

[error occurred during error reporting (printing native stack), id 0xb]


---------------  P R O C E S S  ---------------

Java Threads: ( => current thread )
=>0x00007f15c424b000 JavaThread "Lucene Merge Thread #0" daemon [_thread_in_Java, id=590, stack(0x00007f16140c1000,0x00007f16141c2000)]
  0x00007f15d0015000 JavaThread "TEST-TestLucene45DocValuesFormat.testSortedSetFixedLengthVsUninvertedField-seed#[43A1116E7F98BED4]" [_thread_in_Java, id=580, stack(0x00007f16143d3000,0x00007f16144d4000)]
  0x00007f1640050800 JavaThread "SUITE-TestLucene45DocValuesFormat-seed#[43A1116E7F98BED4]" [_thread_blocked, id=579, stack(0x00007f16144d4000,0x00007f16145d5000)]
  0x00007f16400c7000 JavaThread "Service Thread" daemon [_thread_blocked, id=32735, stack(0x00007f1614970000,0x00007f1614a71000)]
  0x00007f16400c4800 JavaThread "C2 CompilerThread1" daemon [_thread_in_native, id=32734, stack(0x00007f1614a71000,0x00007f1614b72000)]
  0x00007f16400c2000 JavaThread "C2 CompilerThread0" daemon [_thread_in_native, id=32733, stack(0x00007f1614b72000,0x00007f1614c73000)]
  0x00007f16400c0000 JavaThread "Signal Dispatcher" daemon [_thread_blocked, id=32732, stack(0x00007f1614c73000,0x00007f1614d74000)]
  0x00007f164007b800 JavaThread "Finalizer" daemon [_thread_blocked, id=32731, stack(0x00007f1615287000,0x00007f1615388000)]
  0x00007f1640077800 JavaThread "Reference Handler" daemon [_thread_blocked, id=32730, stack(0x00007f1615388000,0x00007f1615489000)]
  0x00007f164000c800 JavaThread "main" [_thread_blocked, id=32716, stack(0x00007f1646f1f000,0x00007f1647020000)]

Other Threads:
  0x00007f1640075000 VMThread [stack: 0x00007f1615489000,0x00007f161558a000] [id=32729]
  0x00007f16400d2000 WatcherThread [stack: 0x00007f161486f000,0x00007f1614970000] [id=32736]

VM state:not at safepoint (normal execution)

VM Mutex/Monitor currently owned by a thread:  ([mutex/lock_event])
[0x00007f16400084b0] CodeCache_lock - owner thread: 0x00007f16400c2000
[0x00007f1640009bb0] Compile_lock - owner thread: 0x00007f16400c2000
[0x00007f1640009cb0] MethodCompileQueue_lock - owner thread: 0x00007f16400c2000

Heap
 PSYoungGen      total 166912K, used 34624K [0x00007f1632500000, 0x00007f163cf00000, 0x00007f163d000000)
  eden space 160768K, 20% used [0x00007f1632500000,0x00007f1634563b18,0x00007f163c200000)
  from space 6144K, 23% used [0x00007f163c900000,0x00007f163ca6c878,0x00007f163cf00000)
  to   space 6656K, 0% used [0x00007f163c200000,0x00007f163c200000,0x00007f163c880000)
 ParOldGen       total 203776K, used 91806K [0x00007f161d000000, 0x00007f1629700000, 0x00007f1632500000)
  object space 203776K, 45% used [0x00007f161d000000,0x00007f16229a7b90,0x00007f1629700000)
 PSPermGen       total 21504K, used 17231K [0x00007f1617e00000, 0x00007f1619300000, 0x00007f161d000000)
  object space 21504K, 80% used [0x00007f1617e00000,0x00007f1618ed3f88,0x00007f1619300000)

Card table byte_map: [0x00007f1644109000,0x00007f1644233000] byte_map_base: 0x00007ed6b904a000

Polling page: 0x00007f1647042000

Code Cache  [0x00007f163d000000, 0x00007f163d6d0000, 0x00007f1640000000)
 total_blobs=2434 nmethods=2074 adapters=312 free_code_cache=42310Kb largest_free_block=43233664

Compilation events (10 events):
Event: 25.966 Thread 0x00007f16400c2000 nmethod 2411 0x00007f163d24aa10 code [0x00007f163d24ab40, 0x00007f163d24ab98]
Event: 25.970 Thread 0x00007f16400c2000 2412             java.util.DualPivotQuicksort::sort (1195 bytes)
Event: 26.006 Thread 0x00007f16400c2000 nmethod 2412 0x00007f163d6c1d50 code [0x00007f163d6c1fc0, 0x00007f163d6c3a00]
Event: 26.006 Thread 0x00007f16400c2000 2413             org.apache.lucene.analysis.tokenattributes.CharTermAttributeImpl::<init> (37 bytes)
Event: 26.008 Thread 0x00007f16400c2000 nmethod 2413 0x00007f163d24a210 code [0x00007f163d24a360, 0x00007f163d24a658]
Event: 26.009 Thread 0x00007f16400c2000 2414             org.apache.lucene.util.fst.NoOutputs$1::equals (11 bytes)
Event: 26.009 Thread 0x00007f16400c2000 nmethod 2414 0x00007f163d24c110 code [0x00007f163d24c240, 0x00007f163d24c2b8]
Event: 26.010 Thread 0x00007f16400c2000 2415             org.apache.lucene.index.FieldInfo::setDocValuesType (98 bytes)
Event: 26.011 Thread 0x00007f16400c2000 nmethod 2415 0x00007f163d6bcdd0 code [0x00007f163d6bcf40, 0x00007f163d6bd0d8]
Event: 26.011 Thread 0x00007f16400c2000 2416             org.apache.lucene.index.SortedSetDocValuesWriter$OrdsIterator::next (128 bytes)

GC Heap History (10 events):
Event: 24.589 GC heap before
{Heap before GC invocations=35 (full 1):
 PSYoungGen      total 165376K, used 158640K [0x00007f1632500000, 0x00007f163cf80000, 0x00007f163d000000)
  eden space 156672K, 100% used [0x00007f1632500000,0x00007f163be00000,0x00007f163be00000)
  from space 8704K, 22% used [0x00007f163be00000,0x00007f163bfec060,0x00007f163c680000)
  to   space 8192K, 0% used [0x00007f163c780000,0x00007f163c780000,0x00007f163cf80000)
 ParOldGen       total 203776K, used 91294K [0x00007f161d000000, 0x00007f1629700000, 0x00007f1632500000)
  object space 203776K, 44% used [0x00007f161d000000,0x00007f1622927b90,0x00007f1629700000)
 PSPermGen       total 21504K, used 16928K [0x00007f1617e00000, 0x00007f1619300000, 0x00007f161d000000)
  object space 21504K, 78% used [0x00007f1617e00000,0x00007f1618e88228,0x00007f1619300000)
Event: 24.590 GC heap after
Heap after GC invocations=35 (full 1):
 PSYoungGen      total 166400K, used 1888K [0x00007f1632500000, 0x00007f163cf80000, 0x00007f163d000000)
  eden space 158208K, 0% used [0x00007f1632500000,0x00007f1632500000,0x00007f163bf80000)
  from space 8192K, 23% used [0x00007f163c780000,0x00007f163c958048,0x00007f163cf80000)
  to   space 8192K, 0% used [0x00007f163bf80000,0x00007f163bf80000,0x00007f163c780000)
 ParOldGen       total 203776K, used 91318K [0x00007f161d000000, 0x00007f1629700000, 0x00007f1632500000)
  object space 203776K, 44% used [0x00007f161d000000,0x00007f162292db90,0x00007f1629700000)
 PSPermGen       total 21504K, used 16928K [0x00007f1617e00000, 0x00007f1619300000, 0x00007f161d000000)
  object space 21504K, 78% used [0x00007f1617e00000,0x00007f1618e88228,0x00007f1619300000)
}
Event: 24.883 GC heap before
{Heap before GC invocations=36 (full 1):
 PSYoungGen      total 166400K, used 160096K [0x00007f1632500000, 0x00007f163cf80000, 0x00007f163d000000)
  eden space 158208K, 100% used [0x00007f1632500000,0x00007f163bf80000,0x00007f163bf80000)
  from space 8192K, 23% used [0x00007f163c780000,0x00007f163c958048,0x00007f163cf80000)
  to   space 8192K, 0% used [0x00007f163bf80000,0x00007f163bf80000,0x00007f163c780000)
 ParOldGen       total 203776K, used 91318K [0x00007f161d000000, 0x00007f1629700000, 0x00007f1632500000)
  object space 203776K, 44% used [0x00007f161d000000,0x00007f162292db90,0x00007f1629700000)
 PSPermGen       total 21504K, used 16932K [0x00007f1617e00000, 0x00007f1619300000, 0x00007f161d000000)
  object space 21504K, 78% used [0x00007f1617e00000,0x00007f1618e89260,0x00007f1619300000)
Event: 24.885 GC heap after
Heap after GC invocations=36 (full 1):
 PSYoungGen      total 166400K, used 1888K [0x00007f1632500000, 0x00007f163cf00000, 0x00007f163d000000)
  eden space 158208K, 0% used [0x00007f1632500000,0x00007f1632500000,0x00007f163bf80000)
  from space 8192K, 23% used [0x00007f163bf80000,0x00007f163c158048,0x00007f163c780000)
  to   space 7680K, 0% used [0x00007f163c780000,0x00007f163c780000,0x00007f163cf00000)
 ParOldGen       total 203776K, used 91414K [0x00007f161d000000, 0x00007f1629700000, 0x00007f1632500000)
  object space 203776K, 44% used [0x00007f161d000000,0x00007f1622945b90,0x00007f1629700000)
 PSPermGen       total 21504K, used 16932K [0x00007f1617e00000, 0x00007f1619300000, 0x00007f161d000000)
  object space 21504K, 78% used [0x00007f1617e00000,0x00007f1618e89260,0x00007f1619300000)
}
Event: 25.011 GC heap before
{Heap before GC invocations=37 (full 1):
 PSYoungGen      total 166400K, used 160096K [0x00007f1632500000, 0x00007f163cf00000, 0x00007f163d000000)
  eden space 158208K, 100% used [0x00007f1632500000,0x00007f163bf80000,0x00007f163bf80000)
  from space 8192K, 23% used [0x00007f163bf80000,0x00007f163c158048,0x00007f163c780000)
  to   space 7680K, 0% used [0x00007f163c780000,0x00007f163c780000,0x00007f163cf00000)
 ParOldGen       total 203776K, used 91414K [0x00007f161d000000, 0x00007f1629700000, 0x00007f1632500000)
  object space 203776K, 44% used [0x00007f161d000000,0x00007f1622945b90,0x00007f1629700000)
 PSPermGen       total 21504K, used 16934K [0x00007f1617e00000, 0x00007f1619300000, 0x00007f161d000000)
  object space 21504K, 78% used [0x00007f1617e00000,0x00007f1618e89ae8,0x00007f1619300000)
Event: 25.014 GC heap after
Heap after GC invocations=37 (full 1):
 PSYoungGen      total 166400K, used 1984K [0x00007f1632500000, 0x00007f163ce80000, 0x00007f163d000000)
  eden space 159232K, 0% used [0x00007f1632500000,0x00007f1632500000,0x00007f163c080000)
  from space 7168K, 27% used [0x00007f163c780000,0x00007f163c970048,0x00007f163ce80000)
  to   space 7168K, 0% used [0x00007f163c080000,0x00007f163c080000,0x00007f163c780000)
 ParOldGen       total 203776K, used 91446K [0x00007f161d000000, 0x00007f1629700000, 0x00007f1632500000)
  object space 203776K, 44% used [0x00007f161d000000,0x00007f162294db90,0x00007f1629700000)
 PSPermGen       total 21504K, used 16934K [0x00007f1617e00000, 0x00007f1619300000, 0x00007f161d000000)
  object space 21504K, 78% used [0x00007f1617e00000,0x00007f1618e89ae8,0x00007f1619300000)
}
Event: 25.363 GC heap before
{Heap before GC invocations=38 (full 1):
 PSYoungGen      total 166400K, used 161216K [0x00007f1632500000, 0x00007f163ce80000, 0x00007f163d000000)
  eden space 159232K, 100% used [0x00007f1632500000,0x00007f163c080000,0x00007f163c080000)
  from space 7168K, 27% used [0x00007f163c780000,0x00007f163c970048,0x00007f163ce80000)
  to   space 7168K, 0% used [0x00007f163c080000,0x00007f163c080000,0x00007f163c780000)
 ParOldGen       total 203776K, used 91446K [0x00007f161d000000, 0x00007f1629700000, 0x00007f1632500000)
  object space 203776K, 44% used [0x00007f161d000000,0x00007f162294db90,0x00007f1629700000)
 PSPermGen       total 21504K, used 16945K [0x00007f1617e00000, 0x00007f1619300000, 0x00007f161d000000)
  object space 21504K, 78% used [0x00007f1617e00000,0x00007f1618e8c640,0x00007f1619300000)
Event: 25.365 GC heap after
Heap after GC invocations=38 (full 1):
 PSYoungGen      total 166400K, used 2496K [0x00007f1632500000, 0x00007f163d000000, 0x00007f163d000000)
  eden space 159232K, 0% used [0x00007f1632500000,0x00007f1632500000,0x00007f163c080000)
  from space 7168K, 34% used [0x00007f163c080000,0x00007f163c2f0030,0x00007f163c780000)
  to   space 7168K, 0% used [0x00007f163c900000,0x00007f163c900000,0x00007f163d000000)
 ParOldGen       total 203776K, used 91470K [0x00007f161d000000, 0x00007f1629700000, 0x00007f1632500000)
  object space 203776K, 44% used [0x00007f161d000000,0x00007f1622953b90,0x00007f1629700000)
 PSPermGen       total 21504K, used 16945K [0x00007f1617e00000, 0x00007f1619300000, 0x00007f161d000000)
  object space 21504K, 78% used [0x00007f1617e00000,0x00007f1618e8c640,0x00007f1619300000)
}
Event: 25.940 GC heap before
{Heap before GC invocations=39 (full 1):
 PSYoungGen      total 166400K, used 161728K [0x00007f1632500000, 0x00007f163d000000, 0x00007f163d000000)
  eden space 159232K, 100% used [0x00007f1632500000,0x00007f163c080000,0x00007f163c080000)
  from space 7168K, 34% used [0x00007f163c080000,0x00007f163c2f0030,0x00007f163c780000)
  to   space 7168K, 0% used [0x00007f163c900000,0x00007f163c900000,0x00007f163d000000)
 ParOldGen       total 203776K, used 91470K [0x00007f161d000000, 0x00007f1629700000, 0x00007f1632500000)
  object space 203776K, 44% used [0x00007f161d000000,0x00007f1622953b90,0x00007f1629700000)
 PSPermGen       total 21504K, used 17207K [0x00007f1617e00000, 0x00007f1619300000, 0x00007f161d000000)
  object space 21504K, 80% used [0x00007f1617e00000,0x00007f1618ecdf48,0x00007f1619300000)
Event: 25.942 GC heap after
Heap after GC invocations=39 (full 1):
 PSYoungGen      total 166912K, used 1458K [0x00007f1632500000, 0x00007f163cf00000, 0x00007f163d000000)
  eden space 160768K, 0% used [0x00007f1632500000,0x00007f1632500000,0x00007f163c200000)
  from space 6144K, 23% used [0x00007f163c900000,0x00007f163ca6c878,0x00007f163cf00000)
  to   space 6656K, 0% used [0x00007f163c200000,0x00007f163c200000,0x00007f163c880000)
 ParOldGen       total 203776K, used 91806K [0x00007f161d000000, 0x00007f1629700000, 0x00007f1632500000)
  object space 203776K, 45% used [0x00007f161d000000,0x00007f16229a7b90,0x00007f1629700000)
 PSPermGen       total 21504K, used 17207K [0x00007f1617e00000, 0x00007f1619300000, 0x00007f161d000000)
  object space 21504K, 80% used [0x00007f1617e00000,0x00007f1618ecdf48,0x00007f1619300000)
}

Deoptimization events (10 events):
Event: 25.721 Thread 0x00007f15d0015000 Uncommon trap: reason=class_check action=maybe_recompile pc=0x00007f163d46f714 method=java.util.AbstractSet.removeAll(Ljava/util/Collection;)Z @ 16
Event: 25.721 Thread 0x00007f15d0015000 Uncommon trap: reason=class_check action=maybe_recompile pc=0x00007f163d46f714 method=java.util.AbstractSet.removeAll(Ljava/util/Collection;)Z @ 16
Event: 25.743 Thread 0x00007f15d0015000 Uncommon trap: reason=class_check action=maybe_recompile pc=0x00007f163d46f714 method=java.util.AbstractSet.removeAll(Ljava/util/Collection;)Z @ 16
Event: 25.743 Thread 0x00007f15d0015000 Uncommon trap: reason=class_check action=maybe_recompile pc=0x00007f163d46f714 method=java.util.AbstractSet.removeAll(Ljava/util/Collection;)Z @ 16
Event: 25.839 Thread 0x00007f15c4245800 Uncommon trap: reason=unreached action=reinterpret pc=0x00007f163d4d54e0 method=org.apache.lucene.codecs.lucene41.Lucene41PostingsReader$BlockDocsEnum.advance(I)I @ 336
Event: 25.850 Thread 0x00007f15c4245800 Uncommon trap: reason=class_check action=maybe_recompile pc=0x00007f163d152c4c method=org.apache.lucene.index.CheckIndex.checkNumericDocValues(Ljava/lang/String;Lorg/apache/lucene/index/AtomicReader;Lorg/apache/lucene/index/NumericDocValues;Lorg/apache/lu
Event: 25.850 Thread 0x00007f15c4243800 Uncommon trap: reason=class_check action=maybe_recompile pc=0x00007f163d152c4c method=org.apache.lucene.index.CheckIndex.checkNumericDocValues(Ljava/lang/String;Lorg/apache/lucene/index/AtomicReader;Lorg/apache/lucene/index/NumericDocValues;Lorg/apache/lu
Event: 25.850 Thread 0x00007f15c4243800 Uncommon trap: reason=class_check action=maybe_recompile pc=0x00007f163d093de0 method=org.apache.lucene.index.CheckIndex.checkNumericDocValues(Ljava/lang/String;Lorg/apache/lucene/index/AtomicReader;Lorg/apache/lucene/index/NumericDocValues;Lorg/apache/lu
Event: 25.958 Thread 0x00007f15d0015000 Uncommon trap: reason=null_check action=make_not_entrant pc=0x00007f163d6bdd90 method=org.apache.lucene.index.DocValuesProcessor.addSortedSetField(Lorg/apache/lucene/index/FieldInfo;ILorg/apache/lucene/util/BytesRef;)V @ 13
Event: 26.006 Thread 0x00007f15d0015000 Uncommon trap: reason=range_check action=make_not_entrant pc=0x00007f163d6c2620 method=java.util.DualPivotQuicksort.sort([IIIZ)V @ 56

Internal exceptions (10 events):
Event: 25.642 Thread 0x00007f15d0015000 Threw 0x00007f163605fbb8 at /HUDSON/workspace/jdk7u40-2-build-linux-amd64-product/jdk7u40/hotspot/src/share/vm/prims/jvm.cpp:1244
Event: 25.655 Thread 0x00007f15c4236000 Threw 0x00007f16365f9420 at /HUDSON/workspace/jdk7u40-2-build-linux-amd64-product/jdk7u40/hotspot/src/share/vm/prims/jvm.cpp:1244
Event: 25.656 Thread 0x00007f15c4236000 Threw 0x00007f16366022e0 at /HUDSON/workspace/jdk7u40-2-build-linux-amd64-product/jdk7u40/hotspot/src/share/vm/prims/jvm.cpp:1244
Event: 25.717 Thread 0x00007f15c4236000 Threw 0x00007f1638a342a0 at /HUDSON/workspace/jdk7u40-2-build-linux-amd64-product/jdk7u40/hotspot/src/share/vm/prims/jvm.cpp:1244
Event: 25.718 Thread 0x00007f15c4236000 Threw 0x00007f1638a716e0 at /HUDSON/workspace/jdk7u40-2-build-linux-amd64-product/jdk7u40/hotspot/src/share/vm/prims/jvm.cpp:1244
Event: 25.719 Thread 0x00007f15c4236000 Threw 0x00007f1638a780f0 at /HUDSON/workspace/jdk7u40-2-build-linux-amd64-product/jdk7u40/hotspot/src/share/vm/prims/jvm.cpp:1244
Event: 25.719 Thread 0x00007f15c4236000 Threw 0x00007f1638a7ed08 at /HUDSON/workspace/jdk7u40-2-build-linux-amd64-product/jdk7u40/hotspot/src/share/vm/prims/jvm.cpp:1244
Event: 25.720 Thread 0x00007f15c4236000 Threw 0x00007f1638aa9e88 at /HUDSON/workspace/jdk7u40-2-build-linux-amd64-product/jdk7u40/hotspot/src/share/vm/prims/jvm.cpp:1244
Event: 25.771 Thread 0x00007f15d0015000 Threw 0x00007f163af1a4e0 at /HUDSON/workspace/jdk7u40-2-build-linux-amd64-product/jdk7u40/hotspot/src/share/vm/prims/jvm.cpp:1244
Event: 25.958 Thread 0x00007f15d0015000 Implicit null exception at 0x00007f163d6bd723 to 0x00007f163d6bdd85

Events (10 events):
Event: 25.987 Executing VM operation: RevokeBias done
Event: 25.987 Executing VM operation: RevokeBias
Event: 25.987 Executing VM operation: RevokeBias done
Event: 25.988 Executing VM operation: RevokeBias
Event: 25.988 Executing VM operation: RevokeBias done
Event: 25.989 Executing VM operation: RevokeBias
Event: 25.989 Executing VM operation: RevokeBias done
Event: 26.006 Thread 0x00007f15d0015000 Uncommon trap: trap_request=0xffffffe4 fr.pc=0x00007f163d6c2620
Event: 26.006 Thread 0x00007f15d0015000 DEOPT PACKING pc=0x00007f163d6c2620 sp=0x00007f16144d0730
Event: 26.006 Thread 0x00007f15d0015000 DEOPT UNPACKING pc=0x00007f163d039445 sp=0x00007f16144d06b8 mode 2


Dynamic libraries:
00400000-00401000 r-xp 00000000 08:01 11564466                           /usr/local/jdk1.7.0_40/jre/bin/java
00600000-00601000 rw-p 00000000 08:01 11564466                           /usr/local/jdk1.7.0_40/jre/bin/java
01487000-014a8000 rw-p 00000000 00:00 0                                  [heap]
7f1514000000-7f1514043000 rw-p 00000000 00:00 0 
7f1514043000-7f1518000000 ---p 00000000 00:00 0 
7f151beff000-7f151bf02000 ---p 00000000 00:00 0 
7f151bf02000-7f151c000000 rw-p 00000000 00:00 0 
7f151c000000-7f151c021000 rw-p 00000000 00:00 0 
7f151c021000-7f1520000000 ---p 00000000 00:00 0 
7f1520000000-7f1520021000 rw-p 00000000 00:00 0 
7f1520021000-7f1524000000 ---p 00000000 00:00 0 
7f1524000000-7f1524021000 rw-p 00000000 00:00 0 
7f1524021000-7f1528000000 ---p 00000000 00:00 0 
7f1528000000-7f1528021000 rw-p 00000000 00:00 0 
7f1528021000-7f152c000000 ---p 00000000 00:00 0 
7f152c000000-7f152c021000 rw-p 00000000 00:00 0 
7f152c021000-7f1530000000 ---p 00000000 00:00 0 
7f1530000000-7f1530021000 rw-p 00000000 00:00 0 
7f1530021000-7f1534000000 ---p 00000000 00:00 0 
7f1534000000-7f1534021000 rw-p 00000000 00:00 0 
7f1534021000-7f1538000000 ---p 00000000 00:00 0 
7f1538000000-7f1538021000 rw-p 00000000 00:00 0 
7f1538021000-7f153c000000 ---p 00000000 00:00 0 
7f153c000000-7f153c021000 rw-p 00000000 00:00 0 
7f153c021000-7f1540000000 ---p 00000000 00:00 0 
7f1540000000-7f1540021000 rw-p 00000000 00:00 0 
7f1540021000-7f1544000000 ---p 00000000 00:00 0 
7f1544000000-7f1544021000 rw-p 00000000 00:00 0 
7f1544021000-7f1548000000 ---p 00000000 00:00 0 
7f1548000000-7f1548021000 rw-p 00000000 00:00 0 
7f1548021000-7f154c000000 ---p 00000000 00:00 0 
7f154c000000-7f154c021000 rw-p 00000000 00:00 0 
7f154c021000-7f1550000000 ---p 00000000 00:00 0 
7f1550000000-7f1550021000 rw-p 00000000 00:00 0 
7f1550021000-7f1554000000 ---p 00000000 00:00 0 
7f1554000000-7f1554021000 rw-p 00000000 00:00 0 
7f1554021000-7f1558000000 ---p 00000000 00:00 0 
7f1558000000-7f1558021000 rw-p 00000000 00:00 0 
7f1558021000-7f155c000000 ---p 00000000 00:00 0 
7f155c000000-7f155c021000 rw-p 00000000 00:00 0 
7f155c021000-7f1560000000 ---p 00000000 00:00 0 
7f1560000000-7f1560021000 rw-p 00000000 00:00 0 
7f1560021000-7f1564000000 ---p 00000000 00:00 0 
7f1564000000-7f1564021000 rw-p 00000000 00:00 0 
7f1564021000-7f1568000000 ---p 00000000 00:00 0 
7f1568000000-7f1568021000 rw-p 00000000 00:00 0 
7f1568021000-7f156c000000 ---p 00000000 00:00 0 
7f156c000000-7f156c021000 rw-p 00000000 00:00 0 
7f156c021000-7f1570000000 ---p 00000000 00:00 0 
7f1570000000-7f1570021000 rw-p 00000000 00:00 0 
7f1570021000-7f1574000000 ---p 00000000 00:00 0 
7f1574000000-7f1574021000 rw-p 00000000 00:00 0 
7f1574021000-7f1578000000 ---p 00000000 00:00 0 
7f1578000000-7f1578021000 rw-p 00000000 00:00 0 
7f1578021000-7f157c000000 ---p 00000000 00:00 0 
7f157c000000-7f157c021000 rw-p 00000000 00:00 0 
7f157c021000-7f1580000000 ---p 00000000 00:00 0 
7f1580000000-7f1580021000 rw-p 00000000 00:00 0 
7f1580021000-7f1584000000 ---p 00000000 00:00 0 
7f1584000000-7f1584021000 rw-p 00000000 00:00 0 
7f1584021000-7f1588000000 ---p 00000000 00:00 0 
7f1588000000-7f1588021000 rw-p 00000000 00:00 0 
7f1588021000-7f158c000000 ---p 00000000 00:00 0 
7f158c000000-7f158c021000 rw-p 00000000 00:00 0 
7f158c021000-7f1590000000 ---p 00000000 00:00 0 
7f1590000000-7f1590021000 rw-p 00000000 00:00 0 
7f1590021000-7f1594000000 ---p 00000000 00:00 0 
7f1594000000-7f1594021000 rw-p 00000000 00:00 0 
7f1594021000-7f1598000000 ---p 00000000 00:00 0 
7f1598000000-7f1598021000 rw-p 00000000 00:00 0 
7f1598021000-7f159c000000 ---p 00000000 00:00 0 
7f159c000000-7f159c021000 rw-p 00000000 00:00 0 
7f159c021000-7f15a0000000 ---p 00000000 00:00 0 
7f15a0000000-7f15a0021000 rw-p 00000000 00:00 0 
7f15a0021000-7f15a4000000 ---p 00000000 00:00 0 
7f15a4000000-7f15a4021000 rw-p 00000000 00:00 0 
7f15a4021000-7f15a8000000 ---p 00000000 00:00 0 
7f15a8000000-7f15a8021000 rw-p 00000000 00:00 0 
7f15a8021000-7f15ac000000 ---p 00000000 00:00 0 
7f15ac000000-7f15ac021000 rw-p 00000000 00:00 0 
7f15ac021000-7f15b0000000 ---p 00000000 00:00 0 
7f15b0000000-7f15b0021000 rw-p 00000000 00:00 0 
7f15b0021000-7f15b4000000 ---p 00000000 00:00 0 
7f15b4000000-7f15b4021000 rw-p 00000000 00:00 0 
7f15b4021000-7f15b8000000 ---p 00000000 00:00 0 
7f15b8000000-7f15b8021000 rw-p 00000000 00:00 0 
7f15b8021000-7f15bc000000 ---p 00000000 00:00 0 
7f15bc000000-7f15bc021000 rw-p 00000000 00:00 0 
7f15bc021000-7f15c0000000 ---p 00000000 00:00 0 
7f15c0000000-7f15c0021000 rw-p 00000000 00:00 0 
7f15c0021000-7f15c4000000 ---p 00000000 00:00 0 
7f15c4000000-7f15c44e6000 rw-p 00000000 00:00 0 
7f15c44e6000-7f15c8000000 ---p 00000000 00:00 0 
7f15c8000000-7f15c8021000 rw-p 00000000 00:00 0 
7f15c8021000-7f15cc000000 ---p 00000000 00:00 0 
7f15cc000000-7f15cc021000 rw-p 00000000 00:00 0 
7f15cc021000-7f15d0000000 ---p 00000000 00:00 0 
7f15d0000000-7f15d0040000 rw-p 00000000 00:00 0 
7f15d0040000-7f15d4000000 ---p 00000000 00:00 0 
7f15d4000000-7f15d6824000 rw-p 00000000 00:00 0 
7f15d6824000-7f15d8000000 ---p 00000000 00:00 0 
7f15d8000000-7f15d8021000 rw-p 00000000 00:00 0 
7f15d8021000-7f15dc000000 ---p 00000000 00:00 0 
7f15dc000000-7f15dc021000 rw-p 00000000 00:00 0 
7f15dc021000-7f15e0000000 ---p 00000000 00:00 0 
7f15e0000000-7f15e1a90000 rw-p 00000000 00:00 0 
7f15e1a90000-7f15e4000000 ---p 00000000 00:00 0 
7f15e4000000-7f15e4021000 rw-p 00000000 00:00 0 
7f15e4021000-7f15e8000000 ---p 00000000 00:00 0 
7f15e8000000-7f15e8021000 rw-p 00000000 00:00 0 
7f15e8021000-7f15ec000000 ---p 00000000 00:00 0 
7f15ec000000-7f15ec021000 rw-p 00000000 00:00 0 
7f15ec021000-7f15f0000000 ---p 00000000 00:00 0 
7f15f0000000-7f15f003a000 rw-p 00000000 00:00 0 
7f15f003a000-7f15f4000000 ---p 00000000 00:00 0 
7f15f4000000-7f15f4021000 rw-p 00000000 00:00 0 
7f15f4021000-7f15f8000000 ---p 00000000 00:00 0 
7f15f8043000-7f15f8046000 ---p 00000000 00:00 0 
7f15f8046000-7f15f8144000 rw-p 00000000 00:00 0 
7f15f8144000-7f15f8147000 ---p 00000000 00:00 0 
7f15f8147000-7f15f8245000 rw-p 00000000 00:00 0 
7f15f8346000-7f15f8349000 ---p 00000000 00:00 0 
7f15f8349000-7f15f8447000 rw-p 00000000 00:00 0 
7f15f8447000-7f15f844a000 ---p 00000000 00:00 0 
7f15f844a000-7f15f8548000 rw-p 00000000 00:00 0 
7f15f8548000-7f15f854b000 ---p 00000000 00:00 0 
7f15f854b000-7f15f8649000 rw-p 00000000 00:00 0 
7f15f8649000-7f15f864c000 ---p 00000000 00:00 0 
7f15f864c000-7f15f874a000 rw-p 00000000 00:00 0 
7f15f874a000-7f15f874d000 ---p 00000000 00:00 0 
7f15f874d000-7f15f884b000 rw-p 00000000 00:00 0 
7f15f884b000-7f15f884e000 ---p 00000000 00:00 0 
7f15f884e000-7f15f894c000 rw-p 00000000 00:00 0 
7f15f8a4d000-7f15f8a50000 ---p 00000000 00:00 0 
7f15f8a50000-7f15f8b4e000 rw-p 00000000 00:00 0 
7f15f8b4e000-7f15f8b51000 ---p 00000000 00:00 0 
7f15f8b51000-7f15f8c4f000 rw-p 00000000 00:00 0 
7f15f8c4f000-7f15f8c52000 ---p 00000000 00:00 0 
7f15f8c52000-7f15f8d50000 rw-p 00000000 00:00 0 
7f15f8e51000-7f15f8e54000 ---p 00000000 00:00 0 
7f15f8e54000-7f15f8f52000 rw-p 00000000 00:00 0 
7f15f8f52000-7f15f8f55000 ---p 00000000 00:00 0 
7f15f8f55000-7f15f9053000 rw-p 00000000 00:00 0 
7f15f9053000-7f15f9056000 ---p 00000000 00:00 0 
7f15f9056000-7f15f9154000 rw-p 00000000 00:00 0 
7f15f9154000-7f15f9157000 ---p 00000000 00:00 0 
7f15f9157000-7f15f9255000 rw-p 00000000 00:00 0 
7f15f9255000-7f15f9258000 ---p 00000000 00:00 0 
7f15f9258000-7f15f9356000 rw-p 00000000 00:00 0 
7f15f9356000-7f15f9359000 ---p 00000000 00:00 0 
7f15f9359000-7f15f9457000 rw-p 00000000 00:00 0 
7f15f9558000-7f15f955b000 ---p 00000000 00:00 0 
7f15f955b000-7f15f9659000 rw-p 00000000 00:00 0 
7f15f9659000-7f15f965c000 ---p 00000000 00:00 0 
7f15f965c000-7f15f975a000 rw-p 00000000 00:00 0 
7f15f975a000-7f15f975d000 ---p 00000000 00:00 0 
7f15f975d000-7f15f985b000 rw-p 00000000 00:00 0 
7f15f995c000-7f15f995f000 ---p 00000000 00:00 0 
7f15f995f000-7f15f9a5d000 rw-p 00000000 00:00 0 
7f15f9c5f000-7f15f9c62000 ---p 00000000 00:00 0 
7f15f9c62000-7f15f9d60000 rw-p 00000000 00:00 0 
7f15f9d60000-7f15f9d63000 ---p 00000000 00:00 0 
7f15f9d63000-7f15f9e61000 rw-p 00000000 00:00 0 
7f15f9e61000-7f15f9e64000 ---p 00000000 00:00 0 
7f15f9e64000-7f15f9f62000 rw-p 00000000 00:00 0 
7f15f9f62000-7f15f9f65000 ---p 00000000 00:00 0 
7f15f9f65000-7f15fa063000 rw-p 00000000 00:00 0 
7f15fa063000-7f15fa066000 ---p 00000000 00:00 0 
7f15fa066000-7f15fa164000 rw-p 00000000 00:00 0 
7f15fa467000-7f15fa46a000 ---p 00000000 00:00 0 
7f15fa46a000-7f15fa568000 rw-p 00000000 00:00 0 
7f15fa568000-7f15fa56b000 ---p 00000000 00:00 0 
7f15fa56b000-7f15fa669000 rw-p 00000000 00:00 0 
7f15fa669000-7f15fa66c000 ---p 00000000 00:00 0 
7f15fa66c000-7f15fa76a000 rw-p 00000000 00:00 0 
7f15fa76a000-7f15fa76d000 ---p 00000000 00:00 0 
7f15fa76d000-7f15fa86b000 rw-p 00000000 00:00 0 
7f15fa86b000-7f15fa86e000 ---p 00000000 00:00 0 
7f15fa86e000-7f15fa96c000 rw-p 00000000 00:00 0 
7f15fa96c000-7f15fa96f000 ---p 00000000 00:00 0 
7f15fa96f000-7f15faa6d000 rw-p 00000000 00:00 0 
7f15faa6d000-7f15faa70000 ---p 00000000 00:00 0 
7f15faa70000-7f15fab6e000 rw-p 00000000 00:00 0 
7f15fab6e000-7f15fab71000 ---p 00000000 00:00 0 
7f15fab71000-7f15fac6f000 rw-p 00000000 00:00 0 
7f15fac6f000-7f15fac72000 ---p 00000000 00:00 0 
7f15fac72000-7f15fc000000 rw-p 00000000 00:00 0 
7f15fc000000-7f15fc021000 rw-p 00000000 00:00 0 
7f15fc021000-7f1600000000 ---p 00000000 00:00 0 
7f1600000000-7f1600021000 rw-p 00000000 00:00 0 
7f1600021000-7f1604000000 ---p 00000000 00:00 0 
7f1604000000-7f1604021000 rw-p 00000000 00:00 0 
7f1604021000-7f1608000000 ---p 00000000 00:00 0 
7f1608000000-7f1608021000 rw-p 00000000 00:00 0 
7f1608021000-7f160c000000 ---p 00000000 00:00 0 
7f160c000000-7f160c021000 rw-p 00000000 00:00 0 
7f160c021000-7f1610000000 ---p 00000000 00:00 0 
7f1610000000-7f1610021000 rw-p 00000000 00:00 0 
7f1610021000-7f1614000000 ---p 00000000 00:00 0 
7f16140bd000-7f16140c1000 r--s 0008a000 08:01 11565016                   /usr/local/jdk1.7.0_40/jre/lib/jsse.jar
7f16140c1000-7f16140c4000 ---p 00000000 00:00 0 
7f16140c4000-7f16141c2000 rw-p 00000000 00:00 0                          [stack:590]
7f16141c2000-7f16141d2000 r-xp 00000000 08:01 11703911                   /usr/local/jdk1.7.0_40/jre/lib/amd64/libnio.so
7f16141d2000-7f16143d2000 ---p 00010000 08:01 11703911                   /usr/local/jdk1.7.0_40/jre/lib/amd64/libnio.so
7f16143d2000-7f16143d3000 rw-p 00010000 08:01 11703911                   /usr/local/jdk1.7.0_40/jre/lib/amd64/libnio.so
7f16143d3000-7f16143d6000 ---p 00000000 00:00 0 
7f16143d6000-7f16144d4000 rw-p 00000000 00:00 0                          [stack:580]
7f16144d4000-7f16144d7000 ---p 00000000 00:00 0 
7f16144d7000-7f16145d5000 rw-p 00000000 00:00 0                          [stack:579]
7f16145d5000-7f16145dd000 r-xp 00000000 08:01 11703959                   /usr/local/jdk1.7.0_40/jre/lib/amd64/libmanagement.so
7f16145dd000-7f16147dc000 ---p 00008000 08:01 11703959                   /usr/local/jdk1.7.0_40/jre/lib/amd64/libmanagement.so
7f16147dc000-7f16147dd000 rw-p 00007000 08:01 11703959                   /usr/local/jdk1.7.0_40/jre/lib/amd64/libmanagement.so
7f16147dd000-7f1614801000 r--s 000f6000 08:01 543705                     /home/rmuir/.ivy2/cache/com.carrotsearch.randomizedtesting/junit4-ant/jars/junit4-ant-2.0.10.jar
7f1614801000-7f161486b000 r--s 00e19000 08:01 11438447                   /usr/local/jdk1.7.0_40/lib/tools.jar
7f161486b000-7f161486d000 r--s 00008000 08:01 11417893                   /usr/local/apache-ant-1.8.2/lib/ant-apache-oro.jar
7f161486d000-7f161486f000 r--s 00001000 08:01 11417937                   /usr/local/apache-ant-1.8.2/lib/ant-jdepend.jar
7f161486f000-7f1614870000 ---p 00000000 00:00 0 
7f1614870000-7f1614970000 rw-p 00000000 00:00 0                          [stack:32736]
7f1614970000-7f1614973000 ---p 00000000 00:00 0 
7f1614973000-7f1614a71000 rw-p 00000000 00:00 0                          [stack:32735]
7f1614a71000-7f1614a74000 ---p 00000000 00:00 0 
7f1614a74000-7f1614b72000 rw-p 00000000 00:00 0                          [stack:32734]
7f1614b72000-7f1614b75000 ---p 00000000 00:00 0 
7f1614b75000-7f1614c73000 rw-p 00000000 00:00 0                          [stack:32733]
7f1614c73000-7f1614c76000 ---p 00000000 00:00 0 
7f1614c76000-7f1614da5000 rw-p 00000000 00:00 0                          [stack:32732]
7f1614da5000-7f1614dba000 r-xp 00000000 08:01 11703904                   /usr/local/jdk1.7.0_40/jre/lib/amd64/libnet.so
7f1614dba000-7f1614fba000 ---p 00015000 08:01 11703904                   /usr/local/jdk1.7.0_40/jre/lib/amd64/libnet.so
7f1614fba000-7f1614fbb000 rw-p 00015000 08:01 11703904                   /usr/local/jdk1.7.0_40/jre/lib/amd64/libnet.so
7f1614fbb000-7f1615287000 r--p 00000000 08:01 11403784                   /usr/lib/locale/locale-archive
7f1615287000-7f161528a000 ---p 00000000 00:00 0 
7f161528a000-7f1615388000 rw-p 00000000 00:00 0                          [stack:32731]
7f1615388000-7f161538b000 ---p 00000000 00:00 0 
7f161538b000-7f1615489000 rw-p 00000000 00:00 0                          [stack:32730]
7f1615489000-7f161548a000 ---p 00000000 00:00 0 
7f161548a000-7f1617219000 rw-p 00000000 00:00 0                          [stack:32729]
7f1617219000-7f16173d6000 r--s 039d3000 08:01 11565030                   /usr/local/jdk1.7.0_40/jre/lib/rt.jar
7f16173d6000-7f16175f8000 rw-p 00000000 00:00 0 
7f16175f8000-7f16175f9000 ---p 00000000 00:00 0 
7f16175f9000-7f16176f9000 rw-p 00000000 00:00 0                          [stack:32728]
7f16176f9000-7f16176fa000 ---p 00000000 00:00 0 
7f16176fa000-7f16177fa000 rw-p 00000000 00:00 0                          [stack:32727]
7f16177fa000-7f16177fb000 ---p 00000000 00:00 0 
7f16177fb000-7f16178fb000 rw-p 00000000 00:00 0                          [stack:32726]
7f16178fb000-7f16178fc000 ---p 00000000 00:00 0 
7f16178fc000-7f16179fc000 rw-p 00000000 00:00 0                          [stack:32725]
7f16179fc000-7f16179fd000 ---p 00000000 00:00 0 
7f16179fd000-7f1617afd000 rw-p 00000000 00:00 0                          [stack:32724]
7f1617afd000-7f1617afe000 ---p 00000000 00:00 0 
7f1617afe000-7f1617bfe000 rw-p 00000000 00:00 0                          [stack:32723]
7f1617bfe000-7f1617bff000 ---p 00000000 00:00 0 
7f1617bff000-7f1617cff000 rw-p 00000000 00:00 0                          [stack:32722]
7f1617cff000-7f1617d00000 ---p 00000000 00:00 0 
7f1617d00000-7f1619300000 rw-p 00000000 00:00 0                          [stack:32721]
7f1619300000-7f161d000000 rw-p 00000000 00:00 0 
7f161d000000-7f1629700000 rw-p 00000000 00:00 0 
7f1629700000-7f1632500000 rw-p 00000000 00:00 0 
7f1632500000-7f163cf00000 rw-p 00000000 00:00 0 
7f163cf00000-7f163d000000 ---p 00000000 00:00 0 
7f163d000000-7f163d6d0000 rwxp 00000000 00:00 0 
7f163d6d0000-7f1640245000 rw-p 00000000 00:00 0 
7f1640245000-7f1644000000 ---p 00000000 00:00 0 
7f1644000000-7f1644001000 r--s 00000000 08:01 11417888                   /usr/local/apache-ant-1.8.2/lib/ant-apache-bsf.jar
7f1644001000-7f1644002000 r--s 00001000 08:01 11417935                   /usr/local/apache-ant-1.8.2/lib/ant-javamail.jar
7f1644002000-7f1644020000 r--s 001bb000 08:01 11417963                   /usr/local/apache-ant-1.8.2/lib/ant.jar
7f1644020000-7f1644035000 r--s 00116000 08:01 658454                     /home/rmuir/.ant/lib/ivy-2.3.0.jar
7f1644035000-7f1644040000 rw-p 00000000 00:00 0 
7f1644040000-7f164405e000 rw-p 00000000 00:00 0 
7f164405e000-7f16440c2000 rw-p 00000000 00:00 0 
7f16440c2000-7f1644109000 rw-p 00000000 00:00 0 
7f1644109000-7f1644114000 rw-p 00000000 00:00 0 
7f1644114000-7f1644132000 rw-p 00000000 00:00 0 
7f1644132000-7f1644196000 rw-p 00000000 00:00 0 
7f1644196000-7f16441dc000 rw-p 00000000 00:00 0 
7f16441dc000-7f1644232000 rw-p 00000000 00:00 0 
7f1644232000-7f1644233000 rw-p 00000000 00:00 0 
7f1644233000-7f164424d000 r-xp 00000000 08:01 11703943                   /usr/local/jdk1.7.0_40/jre/lib/amd64/libzip.so
7f164424d000-7f164444d000 ---p 0001a000 08:01 11703943                   /usr/local/jdk1.7.0_40/jre/lib/amd64/libzip.so
7f164444d000-7f164444e000 rw-p 0001a000 08:01 11703943                   /usr/local/jdk1.7.0_40/jre/lib/amd64/libzip.so
7f164444e000-7f164445a000 r-xp 00000000 08:01 9461426                    /lib/x86_64-linux-gnu/libnss_files-2.15.so
7f164445a000-7f1644659000 ---p 0000c000 08:01 9461426                    /lib/x86_64-linux-gnu/libnss_files-2.15.so
7f1644659000-7f164465a000 r--p 0000b000 08:01 9461426                    /lib/x86_64-linux-gnu/libnss_files-2.15.so
7f164465a000-7f164465b000 rw-p 0000c000 08:01 9461426                    /lib/x86_64-linux-gnu/libnss_files-2.15.so
7f164465b000-7f1644665000 r-xp 00000000 08:01 9461422                    /lib/x86_64-linux-gnu/libnss_nis-2.15.so
7f1644665000-7f1644865000 ---p 0000a000 08:01 9461422                    /lib/x86_64-linux-gnu/libnss_nis-2.15.so
7f1644865000-7f1644866000 r--p 0000a000 08:01 9461422                    /lib/x86_64-linux-gnu/libnss_nis-2.15.so
7f1644866000-7f1644867000 rw-p 0000b000 08:01 9461422                    /lib/x86_64-linux-gnu/libnss_nis-2.15.so
7f1644867000-7f164487e000 r-xp 00000000 08:01 9461436                    /lib/x86_64-linux-gnu/libnsl-2.15.so
7f164487e000-7f1644a7d000 ---p 00017000 08:01 9461436                    /lib/x86_64-linux-gnu/libnsl-2.15.so
7f1644a7d000-7f1644a7e000 r--p 00016000 08:01 9461436                    /lib/x86_64-linux-gnu/libnsl-2.15.so
7f1644a7e000-7f1644a7f000 rw-p 00017000 08:01 9461436                    /lib/x86_64-linux-gnu/libnsl-2.15.so
7f1644a7f000-7f1644a81000 rw-p 00000000 00:00 0 
7f1644a81000-7f1644a89000 r-xp 00000000 08:01 9461440                    /lib/x86_64-linux-gnu/libnss_compat-2.15.so
7f1644a89000-7f1644c88000 ---p 00008000 08:01 9461440                    /lib/x86_64-linux-gnu/libnss_compat-2.15.so
7f1644c88000-7f1644c89000 r--p 00007000 08:01 9461440                    /lib/x86_64-linux-gnu/libnss_compat-2.15.so
7f1644c89000-7f1644c8a000 rw-p 00008000 08:01 9461440                    /lib/x86_64-linux-gnu/libnss_compat-2.15.so
7f1644c8a000-7f1644cb3000 r-xp 00000000 08:01 11703928                   /usr/local/jdk1.7.0_40/jre/lib/amd64/libjava.so
7f1644cb3000-7f1644eb3000 ---p 00029000 08:01 11703928                   /usr/local/jdk1.7.0_40/jre/lib/amd64/libjava.so
7f1644eb3000-7f1644eb5000 rw-p 00029000 08:01 11703928                   /usr/local/jdk1.7.0_40/jre/lib/amd64/libjava.so
7f1644eb5000-7f1644ec2000 r-xp 00000000 08:01 11703927                   /usr/local/jdk1.7.0_40/jre/lib/amd64/libverify.so
7f1644ec2000-7f16450c1000 ---p 0000d000 08:01 11703927                   /usr/local/jdk1.7.0_40/jre/lib/amd64/libverify.so
7f16450c1000-7f16450c3000 rw-p 0000c000 08:01 11703927                   /usr/local/jdk1.7.0_40/jre/lib/amd64/libverify.so
7f16450c3000-7f16450ca000 r-xp 00000000 08:01 9461428                    /lib/x86_64-linux-gnu/librt-2.15.so
7f16450ca000-7f16452c9000 ---p 00007000 08:01 9461428                    /lib/x86_64-linux-gnu/librt-2.15.so
7f16452c9000-7f16452ca000 r--p 00006000 08:01 9461428                    /lib/x86_64-linux-gnu/librt-2.15.so
7f16452ca000-7f16452cb000 rw-p 00007000 08:01 9461428                    /lib/x86_64-linux-gnu/librt-2.15.so
7f16452cb000-7f16453c6000 r-xp 00000000 08:01 9461437                    /lib/x86_64-linux-gnu/libm-2.15.so
7f16453c6000-7f16455c5000 ---p 000fb000 08:01 9461437                    /lib/x86_64-linux-gnu/libm-2.15.so
7f16455c5000-7f16455c6000 r--p 000fa000 08:01 9461437                    /lib/x86_64-linux-gnu/libm-2.15.so
7f16455c6000-7f16455c7000 rw-p 000fb000 08:01 9461437                    /lib/x86_64-linux-gnu/libm-2.15.so
7f16455c7000-7f1646129000 r-xp 00000000 08:01 11703937                   /usr/local/jdk1.7.0_40/jre/lib/amd64/server/libjvm.so
7f1646129000-7f1646329000 ---p 00b62000 08:01 11703937                   /usr/local/jdk1.7.0_40/jre/lib/amd64/server/libjvm.so
7f1646329000-7f16463ec000 rw-p 00b62000 08:01 11703937                   /usr/local/jdk1.7.0_40/jre/lib/amd64/server/libjvm.so
7f16463ec000-7f164642d000 rw-p 00000000 00:00 0 
7f164642d000-7f16465e2000 r-xp 00000000 08:01 9461441                    /lib/x86_64-linux-gnu/libc-2.15.so
7f16465e2000-7f16467e1000 ---p 001b5000 08:01 9461441                    /lib/x86_64-linux-gnu/libc-2.15.so
7f16467e1000-7f16467e5000 r--p 001b4000 08:01 9461441                    /lib/x86_64-linux-gnu/libc-2.15.so
7f16467e5000-7f16467e7000 rw-p 001b8000 08:01 9461441                    /lib/x86_64-linux-gnu/libc-2.15.so
7f16467e7000-7f16467ec000 rw-p 00000000 00:00 0 
7f16467ec000-7f16467ee000 r-xp 00000000 08:01 9461439                    /lib/x86_64-linux-gnu/libdl-2.15.so
7f16467ee000-7f16469ee000 ---p 00002000 08:01 9461439                    /lib/x86_64-linux-gnu/libdl-2.15.so
7f16469ee000-7f16469ef000 r--p 00002000 08:01 9461439                    /lib/x86_64-linux-gnu/libdl-2.15.so
7f16469ef000-7f16469f0000 rw-p 00003000 08:01 9461439                    /lib/x86_64-linux-gnu/libdl-2.15.so
7f16469f0000-7f1646a06000 r-xp 00000000 08:01 11703942                   /usr/local/jdk1.7.0_40/jre/lib/amd64/jli/libjli.so
7f1646a06000-7f1646c06000 ---p 00016000 08:01 11703942                   /usr/local/jdk1.7.0_40/jre/lib/amd64/jli/libjli.so
7f1646c06000-7f1646c07000 rw-p 00016000 08:01 11703942                   /usr/local/jdk1.7.0_40/jre/lib/amd64/jli/libjli.so
7f1646c07000-7f1646c1f000 r-xp 00000000 08:01 9461424                    /lib/x86_64-linux-gnu/libpthread-2.15.so
7f1646c1f000-7f1646e1e000 ---p 00018000 08:01 9461424                    /lib/x86_64-linux-gnu/libpthread-2.15.so
7f1646e1e000-7f1646e1f000 r--p 00017000 08:01 9461424                    /lib/x86_64-linux-gnu/libpthread-2.15.so
7f1646e1f000-7f1646e20000 rw-p 00018000 08:01 9461424                    /lib/x86_64-linux-gnu/libpthread-2.15.so
7f1646e20000-7f1646e24000 rw-p 00000000 00:00 0 
7f1646e24000-7f1646e46000 r-xp 00000000 08:01 9461429                    /lib/x86_64-linux-gnu/ld-2.15.so
7f1646e46000-7f1646e47000 r--s 00002000 08:01 11417950                   /usr/local/apache-ant-1.8.2/lib/ant-netrexx.jar
7f1646e47000-7f1646e49000 r--s 00013000 08:01 11417930                   /usr/local/apache-ant-1.8.2/lib/ant-commons-net.jar
7f1646e49000-7f1646e4a000 r--s 00003000 08:01 11417960                   /usr/local/apache-ant-1.8.2/lib/ant-testutil.jar
7f1646e4a000-7f1646e4b000 r--s 00001000 08:01 11417884                   /usr/local/apache-ant-1.8.2/lib/ant-antlr.jar
7f1646e4b000-7f1646e4c000 r--s 00001000 08:01 11417956                   /usr/local/apache-ant-1.8.2/lib/ant-swing.jar
7f1646e4c000-7f1646e4d000 r--s 00001000 08:01 11417939                   /usr/local/apache-ant-1.8.2/lib/ant-jmf.jar
7f1646e4d000-7f1646e4e000 r--s 00009000 08:01 11417941                   /usr/local/apache-ant-1.8.2/lib/ant-jsch.jar
7f1646e4e000-7f1646e50000 r--s 00017000 08:01 11417943                   /usr/local/apache-ant-1.8.2/lib/ant-junit.jar
7f1646e50000-7f1646e51000 r--s 00000000 08:01 11417891                   /usr/local/apache-ant-1.8.2/lib/ant-apache-log4j.jar
7f1646e51000-7f1646e52000 r--s 00000000 08:01 11417922                   /usr/local/apache-ant-1.8.2/lib/ant-apache-regexp.jar
7f1646e52000-7f1646e53000 r--s 00000000 08:01 11417926                   /usr/local/apache-ant-1.8.2/lib/ant-apache-xalan2.jar
7f1646e53000-7f1646e55000 r--s 00001000 08:01 11417886                   /usr/local/apache-ant-1.8.2/lib/ant-apache-bcel.jar
7f1646e55000-7f1646e56000 r--s 00000000 08:01 11417928                   /usr/local/apache-ant-1.8.2/lib/ant-commons-logging.jar
7f1646e56000-7f1646e58000 r--s 00004000 08:01 11417932                   /usr/local/apache-ant-1.8.2/lib/ant-jai.jar
7f1646e58000-7f1646e5a000 r--s 00002000 08:01 11417948                   /usr/local/apache-ant-1.8.2/lib/ant-launcher.jar
7f1646e5a000-7f1646e5f000 r--s 0002b000 08:01 1596361                    /home/rmuir/workspace/lucene-trunk/lucene/test-framework/lib/randomizedtesting-runner-2.0.10.jar
7f1646e5f000-7f1646e7b000 rw-p 00000000 00:00 0 
7f1646e7b000-7f1646f1f000 rw-p 00000000 00:00 0 
7f1646f1f000-7f1646f22000 ---p 00000000 00:00 0 
7f1646f22000-7f1647024000 rw-p 00000000 00:00 0                          [stack:32716]
7f1647024000-7f1647025000 r--s 00000000 08:01 11417924                   /usr/local/apache-ant-1.8.2/lib/ant-apache-resolver.jar
7f1647025000-7f1647026000 r--s 00001000 08:01 11417945                   /usr/local/apache-ant-1.8.2/lib/ant-junit4.jar
7f1647026000-7f164702d000 r--s 00037000 08:01 1596640                    /home/rmuir/workspace/lucene-trunk/lucene/test-framework/lib/junit-4.10.jar
7f164702d000-7f1647039000 rw-p 00000000 00:00 0 
7f1647039000-7f1647041000 rw-s 00000000 08:01 5547898                    /tmp/hsperfdata_rmuir/32714
7f1647041000-7f1647042000 rw-p 00000000 00:00 0 
7f1647042000-7f1647043000 r--p 00000000 00:00 0 
7f1647043000-7f1647045000 rw-p 00000000 00:00 0 
7f1647045000-7f1647046000 r-xp 00000000 00:00 0                          [vdso]
7f1647046000-7f1647047000 r--p 00022000 08:01 9461429                    /lib/x86_64-linux-gnu/ld-2.15.so
7f1647047000-7f1647049000 rw-p 00023000 08:01 9461429                    /lib/x86_64-linux-gnu/ld-2.15.so
7fff65fde000-7fff66000000 rw-p 00000000 00:00 0                          [stack]
ffffffffff600000-ffffffffff601000 r-xp 00000000 00:00 0                  [vsyscall]

VM Arguments:
jvm_args: -XX:-UseCompressedOops -XX:+UseParallelGC -Dtests.prefix=tests -Dtests.seed=43A1116E7F98BED4 -Xmx512M -Dtests.iters= -Dtests.verbose=false -Dtests.infostream=false -Dtests.codec=random -Dtests.postingsformat=random -Dtests.docvaluesformat=random -Dtests.locale=random -Dtests.timezone=random -Dtests.directory=random -Dtests.linedocsfile=europarl.lines.txt.gz -Dtests.luceneMatchVersion=5.0 -Dtests.cleanthreads=perMethod -Djava.util.logging.config.file=/home/rmuir/workspace/lucene-trunk/lucene/tools/junit4/logging.properties -Dtests.nightly=false -Dtests.weekly=false -Dtests.slow=true -Dtests.asserts.gracious=false -Dtests.multiplier=1 -DtempDir=. -Djava.io.tmpdir=. -Djunit4.tempDir=/home/rmuir/workspace/lucene-trunk/lucene/build/core/test/temp -Dclover.db.dir=/home/rmuir/workspace/lucene-trunk/lucene/build/clover/db -Djava.security.manager=org.apache.lucene.util.TestSecurityManager -Djava.security.policy=/home/rmuir/workspace/lucene-trunk/lucene/tools/junit4/tests.policy -Dlucene.version=5.0-SNAPSHOT -Djetty.testMode=1 -Djetty.insecurerandom=1 -Dsolr.directoryFactory=org.apache.solr.core.MockDirectoryFactory -Djava.awt.headless=true -Djunit4.childvm.cwd=/home/rmuir/workspace/lucene-trunk/lucene/build/core/test/J0 -Djunit4.childvm.id=0 -Dfile.encoding=ISO-8859-1 -ea:org.apache.lucene... -ea:org.apache.solr... 
java_command: com.carrotsearch.ant.tasks.junit4.slave.SlaveMainSafe -flush -eventsfile /home/rmuir/workspace/lucene-trunk/lucene/build/core/test/temp/junit4-J0-20130914_024937_377.events @/home/rmuir/workspace/lucene-trunk/lucene/build/core/test/temp/junit4-J0-20130914_024937_377.suites -stdin
Launcher Type: SUN_STANDARD

Environment Variables:
JAVA_HOME=/usr/local/jdk1.7.0_40
PATH=/usr/local/apache-ant-1.8.2/bin:/usr/local/jdk1.7.0_25/bin:/usr/lib/lightdm/lightdm:/usr/local/sbin:/usr/local/bin:/usr/sbin:/usr/bin:/sbin:/bin:/usr/games:/usr/local/games:/data/mplus
SHELL=/bin/bash
DISPLAY=:0.0

Signal Handlers:
SIGSEGV: [libjvm.so+0x992d50], sa_mask[0]=0x7ffbfeff, sa_flags=0x10000004
SIGBUS: [libjvm.so+0x992d50], sa_mask[0]=0x7ffbfeff, sa_flags=0x10000004
SIGFPE: [libjvm.so+0x80fb00], sa_mask[0]=0x7ffbfeff, sa_flags=0x10000004
SIGPIPE: [libjvm.so+0x80fb00], sa_mask[0]=0x7ffbfeff, sa_flags=0x10000004
SIGXFSZ: [libjvm.so+0x80fb00], sa_mask[0]=0x7ffbfeff, sa_flags=0x10000004
SIGILL: [libjvm.so+0x80fb00], sa_mask[0]=0x7ffbfeff, sa_flags=0x10000004
SIGUSR1: SIG_DFL, sa_mask[0]=0x00000000, sa_flags=0x00000000
SIGUSR2: [libjvm.so+0x810ff0], sa_mask[0]=0x00000004, sa_flags=0x10000004
SIGHUP: [libjvm.so+0x811f60], sa_mask[0]=0x7ffbfeff, sa_flags=0x10000004
SIGINT: [libjvm.so+0x811f60], sa_mask[0]=0x7ffbfeff, sa_flags=0x10000004
SIGTERM: [libjvm.so+0x811f60], sa_mask[0]=0x7ffbfeff, sa_flags=0x10000004
SIGQUIT: [libjvm.so+0x811f60], sa_mask[0]=0x7ffbfeff, sa_flags=0x10000004


---------------  S Y S T E M  ---------------

OS:wheezy/sid

uname:Linux 3.5.0-27-generic #46-Ubuntu SMP Mon Mar 25 19:58:17 UTC 2013 x86_64
libc:glibc 2.15 NPTL 2.15 
rlimit: STACK 8192k, CORE 0k, NPROC 128057, NOFILE 4096, AS infinity
load average:0.94 0.80 0.51

/proc/meminfo:
MemTotal:       16416464 kB
MemFree:         2122876 kB
Buffers:          343084 kB
Cached:          4629484 kB
SwapCached:        70772 kB
Active:          9428672 kB
Inactive:        3605576 kB
Active(anon):    6454848 kB
Inactive(anon):  1616924 kB
Active(file):    2973824 kB
Inactive(file):  1988652 kB
Unevictable:       31340 kB
Mlocked:           31340 kB
SwapTotal:       9936892 kB
SwapFree:        9480632 kB
Dirty:              2168 kB
Writeback:             0 kB
AnonPages:       8050656 kB
Mapped:           143128 kB
Shmem:              4256 kB
Slab:             992420 kB
SReclaimable:     925448 kB
SUnreclaim:        66972 kB
KernelStack:        5328 kB
PageTables:        56684 kB
NFS_Unstable:          0 kB
Bounce:                0 kB
WritebackTmp:          0 kB
CommitLimit:    18145124 kB
Committed_AS:   12985140 kB
VmallocTotal:   34359738367 kB
VmallocUsed:      144844 kB
VmallocChunk:   34359586300 kB
HardwareCorrupted:     0 kB
AnonHugePages:         0 kB
HugePages_Total:       0
HugePages_Free:        0
HugePages_Rsvd:        0
HugePages_Surp:        0
Hugepagesize:       2048 kB
DirectMap4k:     2088960 kB
DirectMap2M:    14671872 kB


CPU:total 8 (4 cores per cpu, 2 threads per core) family 6 model 42 stepping 7, cmov, cx8, fxsr, mmx, sse, sse2, sse3, ssse3, sse4.1, sse4.2, popcnt, avx, aes, ht, tsc, tscinvbit

/proc/cpuinfo:
processor	: 0
vendor_id	: GenuineIntel
cpu family	: 6
model		: 42
model name	: Intel(R) Core(TM) i7-2600K CPU @ 3.40GHz
stepping	: 7
microcode	: 0x14
cpu MHz		: 3401.000
cache size	: 8192 KB
physical id	: 0
siblings	: 8
core id		: 0
cpu cores	: 4
apicid		: 0
initial apicid	: 0
fpu		: yes
fpu_exception	: yes
cpuid level	: 13
wp		: yes
flags		: fpu vme de pse tsc msr pae mce cx8 apic sep mtrr pge mca cmov pat pse36 clflush dts acpi mmx fxsr sse sse2 ss ht tm pbe syscall nx rdtscp lm constant_tsc arch_perfmon pebs bts rep_good nopl xtopology nonstop_tsc aperfmperf pni pclmulqdq dtes64 monitor ds_cpl vmx est tm2 ssse3 cx16 xtpr pdcm pcid sse4_1 sse4_2 popcnt tsc_deadline_timer aes xsave avx lahf_lm ida arat epb xsaveopt pln pts dtherm tpr_shadow vnmi flexpriority ept vpid
bogomips	: 6799.74
clflush size	: 64
cache_alignment	: 64
address sizes	: 36 bits physical, 48 bits virtual
power management:

processor	: 1
vendor_id	: GenuineIntel
cpu family	: 6
model		: 42
model name	: Intel(R) Core(TM) i7-2600K CPU @ 3.40GHz
stepping	: 7
microcode	: 0x14
cpu MHz		: 1600.000
cache size	: 8192 KB
physical id	: 0
siblings	: 8
core id		: 1
cpu cores	: 4
apicid		: 2
initial apicid	: 2
fpu		: yes
fpu_exception	: yes
cpuid level	: 13
wp		: yes
flags		: fpu vme de pse tsc msr pae mce cx8 apic sep mtrr pge mca cmov pat pse36 clflush dts acpi mmx fxsr sse sse2 ss ht tm pbe syscall nx rdtscp lm constant_tsc arch_perfmon pebs bts rep_good nopl xtopology nonstop_tsc aperfmperf pni pclmulqdq dtes64 monitor ds_cpl vmx est tm2 ssse3 cx16 xtpr pdcm pcid sse4_1 sse4_2 popcnt tsc_deadline_timer aes xsave avx lahf_lm ida arat epb xsaveopt pln pts dtherm tpr_shadow vnmi flexpriority ept vpid
bogomips	: 6799.74
clflush size	: 64
cache_alignment	: 64
address sizes	: 36 bits physical, 48 bits virtual
power management:

processor	: 2
vendor_id	: GenuineIntel
cpu family	: 6
model		: 42
model name	: Intel(R) Core(TM) i7-2600K CPU @ 3.40GHz
stepping	: 7
microcode	: 0x14
cpu MHz		: 1600.000
cache size	: 8192 KB
physical id	: 0
siblings	: 8
core id		: 2
cpu cores	: 4
apicid		: 4
initial apicid	: 4
fpu		: yes
fpu_exception	: yes
cpuid level	: 13
wp		: yes
flags		: fpu vme de pse tsc msr pae mce cx8 apic sep mtrr pge mca cmov pat pse36 clflush dts acpi mmx fxsr sse sse2 ss ht tm pbe syscall nx rdtscp lm constant_tsc arch_perfmon pebs bts rep_good nopl xtopology nonstop_tsc aperfmperf pni pclmulqdq dtes64 monitor ds_cpl vmx est tm2 ssse3 cx16 xtpr pdcm pcid sse4_1 sse4_2 popcnt tsc_deadline_timer aes xsave avx lahf_lm ida arat epb xsaveopt pln pts dtherm tpr_shadow vnmi flexpriority ept vpid
bogomips	: 6799.74
clflush size	: 64
cache_alignment	: 64
address sizes	: 36 bits physical, 48 bits virtual
power management:

processor	: 3
vendor_id	: GenuineIntel
cpu family	: 6
model		: 42
model name	: Intel(R) Core(TM) i7-2600K CPU @ 3.40GHz
stepping	: 7
microcode	: 0x14
cpu MHz		: 1600.000
cache size	: 8192 KB
physical id	: 0
siblings	: 8
core id		: 3
cpu cores	: 4
apicid		: 6
initial apicid	: 6
fpu		: yes
fpu_exception	: yes
cpuid level	: 13
wp		: yes
flags		: fpu vme de pse tsc msr pae mce cx8 apic sep mtrr pge mca cmov pat pse36 clflush dts acpi mmx fxsr sse sse2 ss ht tm pbe syscall nx rdtscp lm constant_tsc arch_perfmon pebs bts rep_good nopl xtopology nonstop_tsc aperfmperf pni pclmulqdq dtes64 monitor ds_cpl vmx est tm2 ssse3 cx16 xtpr pdcm pcid sse4_1 sse4_2 popcnt tsc_deadline_timer aes xsave avx lahf_lm ida arat epb xsaveopt pln pts dtherm tpr_shadow vnmi flexpriority ept vpid
bogomips	: 6799.74
clflush size	: 64
cache_alignment	: 64
address sizes	: 36 bits physical, 48 bits virtual
power management:

processor	: 4
vendor_id	: GenuineIntel
cpu family	: 6
model		: 42
model name	: Intel(R) Core(TM) i7-2600K CPU @ 3.40GHz
stepping	: 7
microcode	: 0x14
cpu MHz		: 3401.000
cache size	: 8192 KB
physical id	: 0
siblings	: 8
core id		: 0
cpu cores	: 4
apicid		: 1
initial apicid	: 1
fpu		: yes
fpu_exception	: yes
cpuid level	: 13
wp		: yes
flags		: fpu vme de pse tsc msr pae mce cx8 apic sep mtrr pge mca cmov pat pse36 clflush dts acpi mmx fxsr sse sse2 ss ht tm pbe syscall nx rdtscp lm constant_tsc arch_perfmon pebs bts rep_good nopl xtopology nonstop_tsc aperfmperf pni pclmulqdq dtes64 monitor ds_cpl vmx est tm2 ssse3 cx16 xtpr pdcm pcid sse4_1 sse4_2 popcnt tsc_deadline_timer aes xsave avx lahf_lm ida arat epb xsaveopt pln pts dtherm tpr_shadow vnmi flexpriority ept vpid
bogomips	: 6799.74
clflush size	: 64
cache_alignment	: 64
address sizes	: 36 bits physical, 48 bits virtual
power management:

processor	: 5
vendor_id	: GenuineIntel
cpu family	: 6
model		: 42
model name	: Intel(R) Core(TM) i7-2600K CPU @ 3.40GHz
stepping	: 7
microcode	: 0x14
cpu MHz		: 3401.000
cache size	: 8192 KB
physical id	: 0
siblings	: 8
core id		: 1
cpu cores	: 4
apicid		: 3
initial apicid	: 3
fpu		: yes
fpu_exception	: yes
cpuid level	: 13
wp		: yes
flags		: fpu vme de pse tsc msr pae mce cx8 apic sep mtrr pge mca cmov pat pse36 clflush dts acpi mmx fxsr sse sse2 ss ht tm pbe syscall nx rdtscp lm constant_tsc arch_perfmon pebs bts rep_good nopl xtopology nonstop_tsc aperfmperf pni pclmulqdq dtes64 monitor ds_cpl vmx est tm2 ssse3 cx16 xtpr pdcm pcid sse4_1 sse4_2 popcnt tsc_deadline_timer aes xsave avx lahf_lm ida arat epb xsaveopt pln pts dtherm tpr_shadow vnmi flexpriority ept vpid
bogomips	: 6799.74
clflush size	: 64
cache_alignment	: 64
address sizes	: 36 bits physical, 48 bits virtual
power management:

processor	: 6
vendor_id	: GenuineIntel
cpu family	: 6
model		: 42
model name	: Intel(R) Core(TM) i7-2600K CPU @ 3.40GHz
stepping	: 7
microcode	: 0x14
cpu MHz		: 3401.000
cache size	: 8192 KB
physical id	: 0
siblings	: 8
core id		: 2
cpu cores	: 4
apicid		: 5
initial apicid	: 5
fpu		: yes
fpu_exception	: yes
cpuid level	: 13
wp		: yes
flags		: fpu vme de pse tsc msr pae mce cx8 apic sep mtrr pge mca cmov pat pse36 clflush dts acpi mmx fxsr sse sse2 ss ht tm pbe syscall nx rdtscp lm constant_tsc arch_perfmon pebs bts rep_good nopl xtopology nonstop_tsc aperfmperf pni pclmulqdq dtes64 monitor ds_cpl vmx est tm2 ssse3 cx16 xtpr pdcm pcid sse4_1 sse4_2 popcnt tsc_deadline_timer aes xsave avx lahf_lm ida arat epb xsaveopt pln pts dtherm tpr_shadow vnmi flexpriority ept vpid
bogomips	: 6799.74
clflush size	: 64
cache_alignment	: 64
address sizes	: 36 bits physical, 48 bits virtual
power management:

processor	: 7
vendor_id	: GenuineIntel
cpu family	: 6
model		: 42
model name	: Intel(R) Core(TM) i7-2600K CPU @ 3.40GHz
stepping	: 7
microcode	: 0x14
cpu MHz		: 3401.000
cache size	: 8192 KB
physical id	: 0
siblings	: 8
core id		: 3
cpu cores	: 4
apicid		: 7
initial apicid	: 7
fpu		: yes
fpu_exception	: yes
cpuid level	: 13
wp		: yes
flags		: fpu vme de pse tsc msr pae mce cx8 apic sep mtrr pge mca cmov pat pse36 clflush dts acpi mmx fxsr sse sse2 ss ht tm pbe syscall nx rdtscp lm constant_tsc arch_perfmon pebs bts rep_good nopl xtopology nonstop_tsc aperfmperf pni pclmulqdq dtes64 monitor ds_cpl vmx est tm2 ssse3 cx16 xtpr pdcm pcid sse4_1 sse4_2 popcnt tsc_deadline_timer aes xsave avx lahf_lm ida arat epb xsaveopt pln pts dtherm tpr_shadow vnmi flexpriority ept vpid
bogomips	: 6799.74
clflush size	: 64
cache_alignment	: 64
address sizes	: 36 bits physical, 48 bits virtual
power management:



Memory: 4k page, physical 16416464k(2122876k free), swap 9936892k(9480632k free)

vm_info: Java HotSpot(TM) 64-Bit Server VM (24.0-b56) for linux-amd64 JRE (1.7.0_40-b43), built on Aug 26 2013 23:53:33 by "java_re" with gcc 4.3.0 20080428 (Red Hat 4.3.0-8)

time: Sat Sep 14 02:50:03 2013
elapsed time: 26 seconds

