#
# A fatal error has been detected by the Java Runtime Environment:
#
#  SIGSEGV (0xb) at pc=0x00007fecf93696ef, pid=7408, tid=0x00007fecc3d3a700
#
# JRE version: Java(TM) SE Runtime Environment (9.0-b72) (build 1.9.0-ea-b72)
# Java VM: Java HotSpot(TM) 64-Bit Server VM (1.9.0-ea-b72 mixed mode linux-amd64 )
# Problematic frame:
# V  [libjvm.so+0x5376ef]  DefNewGeneration::drain_promo_failure_scan_stack()+0x3f
#
# No core dump will be written. Core dumps have been disabled. To enable core dumping, try "ulimit -c unlimited" before starting Java again
#
# If you would like to submit a bug report, please visit:
#   http://bugreport.java.com/bugreport/crash.jsp
#

---------------  T H R E A D  ---------------

Current thread (0x00007fecf406d000):  VMThread [stack: 0x00007fecc3c3a000,0x00007fecc3d3b000] [id=7423]

siginfo: si_signo: 11 (SIGSEGV), si_code: 1 (SEGV_MAPERR), si_addr: 0x0000000000000189

Registers:
RAX=0x0000000000000021, RBX=0x00007fecf4026c10, RCX=0x00007fecce157ce8, RDX=0x00007fecc3d396e0
RSP=0x00007fecc3d393d0, RBP=0x00007fecc3d39410, RSI=0x00007fecce157ce8, RDI=0x00007fecce28d678
R8 =0x0000000000000000, R9 =0x00007fecbc000078, R10=0x0000000000000032, R11=0x0000000000000200
R12=0x00007fecf9e20d65, R13=0x0000000000000000, R14=0x00007fecf4026ed0, R15=0x0000000000000000
RIP=0x00007fecf93696ef, EFLAGS=0x0000000000010246, CSGSFS=0x0000000000000033, ERR=0x0000000000000004
  TRAPNO=0x000000000000000e

Top of Stack: (sp=0x00007fecc3d393d0)
0x00007fecc3d393d0:   0000000000000000 0000000000000000
0x00007fecc3d393e0:   0000000000000000 00007fecf4026c10
0x00007fecc3d393f0:   00007fecce157ce8 00007fecce28d660
0x00007fecc3d39400:   00007fecf9e20d65 00007fecc3d396e0
0x00007fecc3d39410:   00007fecc3d39440 00007fecf9369949
0x00007fecc3d39420:   00007fecce157ce8 00007fecf4026c10
0x00007fecc3d39430:   000000000956d0c2 00007fecce700858
0x00007fecc3d39440:   00007fecc3d39470 00007fecf936a03b
0x00007fecc3d39450:   00007feccd37e108 00007fecce700850
0x00007fecc3d39460:   00007fecc412c0b8 00007fecc412c0c0
0x00007fecc3d39470:   00007fecc3d394c0 00007fecf9467b43
0x00007fecc3d39480:   00007fecc3d396e0 00007fecce700830
0x00007fecc3d39490:   00007fecc3d396e0 00007fecc412bec8
0x00007fecc3d394a0:   00007fecf9e20d65 0000000000000240
0x00007fecc3d394b0:   00007fecc3d396e0 00007fecce700830
0x00007fecc3d394c0:   00007fecc3d394e0 00007fecf9465be1
0x00007fecc3d394d0:   00007fecc3d396e0 00007fecce70f4e0
0x00007fecc3d394e0:   00007fecc3d39530 00007fecf98120a3
0x00007fecc3d394f0:   00007fecec5e2940 00007fecf4027880
0x00007fecc3d39500:   00007fecec5e2940 00007fecc3d396e0
0x00007fecc3d39510:   00007fecf4026c10 00007fecf4026c10
0x00007fecc3d39520:   00007fecc3d39660 0000000000000000
0x00007fecc3d39530:   00007fecc3d39550 00007fecf9367bd0
0x00007fecc3d39540:   00007fecf4023ef0 00007fecc3d39790
0x00007fecc3d39550:   00007fecc3d39570 00007fecf945f3db
0x00007fecc3d39560:   00007fecf4023ef0 00007fecc3d39790
0x00007fecc3d39570:   00007fecc3d39850 00007fecf9368d7c
0x00007fecc3d39580:   00007fecc3d396e0 00007fecc3d39790
0x00007fecc3d39590:   00007fecc3d39620 00000000179ef2e8
0x00007fecc3d395a0:   00007fecf4026cf8 00007fecc3d396e0
0x00007fecc3d395b0:   00007fecc3d39680 00007fecc3d39730
0x00007fecc3d395c0:   00007fecf9dcba80 00007fecf4026c10 

Instructions: (pc=0x00007fecf93696ef)
0x00007fecf93696cf:   70 4c 8d b7 c0 02 00 00 4c 8d 25 87 76 ab 00 45
0x00007fecf93696df:   31 ed eb 1e 0f 1f 44 00 00 48 8b 7e 08 48 8b 07
0x00007fecf93696ef:   ff 90 68 01 00 00 48 8b b3 f8 02 00 00 48 85 f6
0x00007fecf93696ff:   74 3f 48 8b 83 e0 02 00 00 48 83 f8 01 74 42 48 

Register to memory mapping:

RAX=0x0000000000000021 is an unknown value
RBX=0x00007fecf4026c10 is an unknown value
RCX=0x00007fecce157ce8 is pointing into object: 0x00007fecce13fbd0
[Lorg.apache.solr.update.VersionBucket; 
 - klass: 'org/apache/solr/update/VersionBucket'[]
 - length: 65536
RDX=0x00007fecc3d396e0 is an unknown value
RSP=0x00007fecc3d393d0 is an unknown value
RBP=0x00007fecc3d39410 is an unknown value
RSI=0x00007fecce157ce8 is pointing into object: 0x00007fecce13fbd0
[Lorg.apache.solr.update.VersionBucket; 
 - klass: 'org/apache/solr/update/VersionBucket'[]
 - length: 65536
RDI=0x00007fecce28d678 is an oop
org.apache.solr.update.VersionBucket 
 - klass: 'org/apache/solr/update/VersionBucket'
R8 =0x0000000000000000 is an unknown value
R9 =0x00007fecbc000078 is an unknown value
R10=0x0000000000000032 is an unknown value
R11=0x0000000000000200 is an unknown value
R12=0x00007fecf9e20d65: <offset 0xfeed65> in /home/jenkins/tools/java/64bit/jdk1.9.0-ea-b72/lib/amd64/server/libjvm.so at 0x00007fecf8e32000
R13=0x0000000000000000 is an unknown value
R14=0x00007fecf4026ed0 is an unknown value
R15=0x0000000000000000 is an unknown value


Stack: [0x00007fecc3c3a000,0x00007fecc3d3b000],  sp=0x00007fecc3d393d0,  free space=1020k
Native frames: (J=compiled Java code, j=interpreted, Vv=VM code, C=native code)
V  [libjvm.so+0x5376ef]  DefNewGeneration::drain_promo_failure_scan_stack()+0x3f
V  [libjvm.so+0x537949]  DefNewGeneration::handle_promotion_failure(oopDesc*)+0x159
V  [libjvm.so+0x53803b]  DefNewGeneration::copy_to_survivor_space(oopDesc*)+0x2bb
V  [libjvm.so+0x635b43]  void InstanceKlass::oop_oop_iterate_oop_maps<true, FastScanClosure>(oopDesc*, FastScanClosure*)+0xe3
V  [libjvm.so+0x633be1]  InstanceKlass::oop_oop_iterate_nv(oopDesc*, FastScanClosure*)+0x11
V  [libjvm.so+0x9e00a3]  ContiguousSpace::oop_since_save_marks_iterate_nv(FastScanClosure*)+0x63
V  [libjvm.so+0x535bd0]  DefNewGeneration::oop_since_save_marks_iterate_nv(FastScanClosure*)+0x40
V  [libjvm.so+0x62d3db]  GenCollectedHeap::oop_since_save_marks_iterate(GenCollectedHeap::GenerationType, FastScanClosure*, FastScanClosure*)+0x3b
V  [libjvm.so+0x536d7c]  DefNewGeneration::collect(bool, bool, unsigned long, bool)+0x4cc
V  [libjvm.so+0x62cbf4]  GenCollectedHeap::collect_generation(Generation*, bool, unsigned long, bool, bool, bool, bool)+0x1d4
V  [libjvm.so+0x62e08b]  GenCollectedHeap::do_collection(bool, bool, unsigned long, bool, GenCollectedHeap::GenerationType)+0x43b
V  [libjvm.so+0x4c58e4]  GenCollectorPolicy::satisfy_failed_allocation(unsigned long, bool)+0xa4
V  [libjvm.so+0xab6181]  VM_GenCollectForAllocation::doit()+0x81
V  [libjvm.so+0xabb557]  VM_Operation::evaluate()+0x47
V  [libjvm.so+0xab9e76]  VMThread::evaluate_operation(VM_Operation*)+0xa6
V  [libjvm.so+0xaba201]  VMThread::loop()+0x1f1
V  [libjvm.so+0xaba63a]  VMThread::run()+0x7a
V  [libjvm.so+0x9067e2]  java_start(Thread*)+0xc2

VM_Operation (0x00007fec4b59afc0): GenCollectForAllocation, mode: safepoint, requested by thread 0x00007feba084b000


---------------  P R O C E S S  ---------------

Java Threads: ( => current thread )
  0x00007feba02b0000 JavaThread "coreContainerWorkExecutor-2333-thread-1-processing-n:127.0.0.1:45774_" [_thread_blocked, id=14987, stack(0x00007fec4a191000,0x00007fec4a292000)]
  0x00007feba08df000 JavaThread "Thread-2015" [_thread_blocked, id=14986, stack(0x00007feb3a9ec000,0x00007feb3aaed000)]
  0x00007feba084b000 JavaThread "coreLoadExecutor-2337-thread-1-processing-n:127.0.0.1:45774_" [_thread_blocked, id=14985, stack(0x00007fec4b49c000,0x00007fec4b59d000)]
  0x00007feba0a93800 JavaThread "zkCallback-1207-thread-1" [_thread_blocked, id=14984, stack(0x00007fec4a492000,0x00007fec4a593000)]
  0x00007feba0583000 JavaThread "TEST-BasicDistributedZk2Test.test-seed#[90C16F4AC280153C]-EventThread" daemon [_thread_blocked, id=14983, stack(0x00007fec4ad99000,0x00007fec4ae9a000)]
  0x00007feba050c000 JavaThread "TEST-BasicDistributedZk2Test.test-seed#[90C16F4AC280153C]-SendThread(127.0.0.1:58799)" daemon [_thread_in_native, id=14982, stack(0x00007fec4a894000,0x00007fec4a995000)]
  0x00007feba0a22000 JavaThread "org.eclipse.jetty.server.session.HashSessionManager@bf96e2dTimer" daemon [_thread_blocked, id=14978, stack(0x00007fecc0931000,0x00007fecc0a32000)]
  0x00007feba0674000 JavaThread "Scheduler-1833208771" [_thread_blocked, id=14977, stack(0x00007fecc1751000,0x00007fecc1852000)]
  0x00007feba09b4000 JavaThread "qtp1332431746-5904" [_thread_blocked, id=14976, stack(0x00007fec4177f000,0x00007fec41880000)]
  0x00007feba03e1800 JavaThread "qtp1332431746-5903" [_thread_blocked, id=14975, stack(0x00007fec41880000,0x00007fec41981000)]
  0x00007feba0373000 JavaThread "qtp1332431746-5902" [_thread_blocked, id=14974, stack(0x00007fec40571000,0x00007fec40672000)]
  0x00007feba0a29000 JavaThread "qtp1332431746-5901-acceptor-0@14cba774-ServerConnector@6f250f6c{HTTP/1.1}{127.0.0.1:45774}" [_thread_in_native, id=14973, stack(0x00007fec4167e000,0x00007fec4177f000)]
  0x00007feba0069000 JavaThread "qtp1332431746-5900-selector-ServerConnectorManager@3b11ad3/3" [_thread_in_native, id=14972, stack(0x00007fec48d7f000,0x00007fec48e80000)]
  0x00007feba03e9800 JavaThread "qtp1332431746-5899-selector-ServerConnectorManager@3b11ad3/2" [_thread_in_native, id=14971, stack(0x00007fec4a593000,0x00007fec4a694000)]
  0x00007feba19cd800 JavaThread "qtp1332431746-5898-selector-ServerConnectorManager@3b11ad3/1" [_thread_in_native, id=14970, stack(0x00007fec41c84000,0x00007fec41d85000)]
  0x00007feba0a73800 JavaThread "qtp1332431746-5897-selector-ServerConnectorManager@3b11ad3/0" [_thread_in_native, id=14969, stack(0x00007fec48979000,0x00007fec48a7a000)]
  0x00007feba0676000 JavaThread "zkCallback-1203-thread-1" [_thread_blocked, id=14964, stack(0x00007feb43afb000,0x00007feb43bfc000)]
  0x00007feba097d000 JavaThread "TEST-BasicDistributedZk2Test.test-seed#[90C16F4AC280153C]-EventThread" daemon [_thread_blocked, id=14963, stack(0x00007fec42ef1000,0x00007fec42ff2000)]
  0x00007feba07fd000 JavaThread "TEST-BasicDistributedZk2Test.test-seed#[90C16F4AC280153C]-SendThread(127.0.0.1:58799)" daemon [_thread_in_native, id=14962, stack(0x00007fec4248c000,0x00007fec4258d000)]
  0x00007feba0322800 JavaThread "coreZkRegister-2320-thread-1" [_thread_blocked, id=14961, stack(0x00007feb43dfe000,0x00007feb43eff000)]
  0x00007feba064d800 JavaThread "searcherExecutor-2327-thread-1" [_thread_blocked, id=14960, stack(0x00007fec4228a000,0x00007fec4238b000)]
  0x00007feba05a1800 JavaThread "coreContainerWorkExecutor-2321-thread-1" [_thread_blocked, id=14958, stack(0x00007fec41b83000,0x00007fec41c84000)]
  0x00007feba0811800 JavaThread "Thread-2002" [_thread_blocked, id=14957, stack(0x00007fec41981000,0x00007fec41a82000)]
  0x00007feba0940000 JavaThread "OverseerHdfsCoreFailoverThread-94169187038396419-127.0.0.1:58360_-n_0000000000" daemon [_thread_blocked, id=14955, stack(0x00007fec40773000,0x00007fec40874000)]
  0x00007feba00c4800 JavaThread "OverseerCollectionProcessor-94169187038396419-127.0.0.1:58360_-n_0000000000" daemon [_thread_blocked, id=14954, stack(0x00007fec41e86000,0x00007fec41f87000)]
  0x00007feba0523800 JavaThread "OverseerStateUpdate-94169187038396419-127.0.0.1:58360_-n_0000000000" daemon [_thread_blocked, id=14953, stack(0x00007fec41f87000,0x00007fec42088000)]
  0x00007feba0a40000 JavaThread "zkCallback-1201-thread-1" [_thread_blocked, id=14952, stack(0x00007fec4137d000,0x00007fec4147e000)]
  0x00007feba000a000 JavaThread "TEST-BasicDistributedZk2Test.test-seed#[90C16F4AC280153C]-EventThread" daemon [_thread_blocked, id=14951, stack(0x00007fec42df0000,0x00007fec42ef1000)]
  0x00007feba0b5c000 JavaThread "TEST-BasicDistributedZk2Test.test-seed#[90C16F4AC280153C]-SendThread(127.0.0.1:58799)" daemon [_thread_in_native, id=14950, stack(0x00007fec4238b000,0x00007fec4248c000)]
  0x00007feba05e9800 JavaThread "org.eclipse.jetty.server.session.HashSessionManager@410b994aTimer" daemon [_thread_blocked, id=14946, stack(0x00007fec4278f000,0x00007fec42890000)]
  0x00007feba08ae000 JavaThread "Scheduler-1436265143" [_thread_blocked, id=14945, stack(0x00007fec4258d000,0x00007fec4268e000)]
  0x00007feba0318800 JavaThread "qtp1984783814-5870" [_thread_blocked, id=14944, stack(0x00007fec4268e000,0x00007fec4278f000)]
  0x00007feba0c22000 JavaThread "qtp1984783814-5869" [_thread_blocked, id=14943, stack(0x00007fec42189000,0x00007fec4228a000)]
  0x00007feba0594000 JavaThread "qtp1984783814-5868" [_thread_blocked, id=14942, stack(0x00007fec4026e000,0x00007fec4036f000)]
  0x00007feba08c2800 JavaThread "qtp1984783814-5867-acceptor-0@55e080e3-ServerConnector@79bc45ce{HTTP/1.1}{127.0.0.1:58360}" [_thread_in_native, id=14941, stack(0x00007feb436f7000,0x00007feb437f8000)]
  0x00007feba05f1800 JavaThread "qtp1984783814-5866-selector-ServerConnectorManager@69984cdc/3" [_thread_in_native, id=14940, stack(0x00007fecc0e50000,0x00007fecc0f51000)]
  0x00007feba0511000 JavaThread "qtp1984783814-5865-selector-ServerConnectorManager@69984cdc/2" [_thread_in_native, id=14939, stack(0x00007feb3a7ea000,0x00007feb3a8eb000)]
  0x00007feba07f8000 JavaThread "qtp1984783814-5864-selector-ServerConnectorManager@69984cdc/1" [_thread_in_native, id=14938, stack(0x00007feb43eff000,0x00007feb44000000)]
  0x00007feba0bc4800 JavaThread "qtp1984783814-5863-selector-ServerConnectorManager@69984cdc/0" [_thread_in_native, id=14937, stack(0x00007fec42cef000,0x00007fec42df0000)]
  0x00007feba01fe000 JavaThread "ProcessThread(sid:0 cport:-1):" daemon [_thread_blocked, id=14929, stack(0x00007fec42890000,0x00007fec42991000)]
  0x00007feba06f9800 JavaThread "SyncThread:0" daemon [_thread_blocked, id=14928, stack(0x00007feb3aaed000,0x00007feb3abee000)]
  0x00007feba0a4d000 JavaThread "SessionTracker" daemon [_thread_blocked, id=14927, stack(0x00007fec48272000,0x00007fec48373000)]
  0x00007feba04b0800 JavaThread "NIOServerCxn.Factory:0.0.0.0/0.0.0.0:0" daemon [_thread_in_native, id=14926, stack(0x00007fec432f5000,0x00007fec433f6000)]
  0x00007feba0c14000 JavaThread "Thread-1992" daemon [_thread_blocked, id=14925, stack(0x00007feb3bdfe000,0x00007feb3beff000)]
  0x00007fec903a0800 JavaThread "TEST-BasicDistributedZk2Test.test-seed#[90C16F4AC280153C]" [_thread_blocked, id=14924, stack(0x00007feb43bfc000,0x00007feb43cfd000)]
  0x00007fecf467d000 JavaThread "SUITE-BasicDistributedZk2Test-seed#[90C16F4AC280153C]" [_thread_blocked, id=14923, stack(0x00007fecc1c94000,0x00007fecc1d95000)]
  0x00007feb64017800 JavaThread "TimeLimitedCollector timer thread" daemon [_thread_blocked, id=8535, stack(0x00007fec40975000,0x00007fec40a76000)]
  0x00007fecf4525800 JavaThread "JUnit4-serializer-daemon" daemon [_thread_blocked, id=7455, stack(0x00007fecc246c000,0x00007fecc256d000)]
  0x00007fecf4157800 JavaThread "Service Thread" daemon [_thread_blocked, id=7443, stack(0x00007fecc29fd000,0x00007fecc2afe000)]
  0x00007fecf413a000 JavaThread "Sweeper thread" daemon [_thread_blocked, id=7442, stack(0x00007fecc2afe000,0x00007fecc2bff000)]
  0x00007fecf4138000 JavaThread "C1 CompilerThread3" daemon [_thread_blocked, id=7441, stack(0x00007fecc2bff000,0x00007fecc2d00000)]
  0x00007fecf4135800 JavaThread "C2 CompilerThread2" daemon [_thread_blocked, id=7440, stack(0x00007fecc2d00000,0x00007fecc2e01000)]
  0x00007fecf4133800 JavaThread "C2 CompilerThread1" daemon [_thread_blocked, id=7439, stack(0x00007fecc2e01000,0x00007fecc2f02000)]
  0x00007fecf4131800 JavaThread "C2 CompilerThread0" daemon [_thread_blocked, id=7438, stack(0x00007fecc2f02000,0x00007fecc3003000)]
  0x00007fecf412f800 JavaThread "Signal Dispatcher" daemon [_thread_blocked, id=7437, stack(0x00007fecc3003000,0x00007fecc3104000)]
  0x00007fecf4081800 JavaThread "Finalizer" daemon [_thread_blocked, id=7426, stack(0x00007fecc3a38000,0x00007fecc3b39000)]
  0x00007fecf407f800 JavaThread "Reference Handler" daemon [_thread_blocked, id=7425, stack(0x00007fecc3b39000,0x00007fecc3c3a000)]
  0x00007fecf4016800 JavaThread "main" [_thread_blocked, id=7422, stack(0x00007fecfa96d000,0x00007fecfaa6e000)]

Other Threads:
=>0x00007fecf406d000 VMThread [stack: 0x00007fecc3c3a000,0x00007fecc3d3b000] [id=7423]
  0x00007fecf415a800 WatcherThread [stack: 0x00007fecc28fc000,0x00007fecc29fd000] [id=7444]

VM state:at safepoint (normal execution)

VM Mutex/Monitor currently owned by a thread:  ([mutex/lock_event])
[0x00007fecf4012920] Threads_lock - owner thread: 0x00007fecf406d000
[0x00007fecf4012e20] Heap_lock - owner thread: 0x00007feba084b000

Heap:
 def new generation   total 156608K, used 145688K [0x00007fecc4600000, 0x00007feccefe0000, 0x00007feccf0a0000)
  eden space 139264K, 100% used [0x00007fecc4600000, 0x00007feccce00000, 0x00007feccce00000)
  from space 17344K,  37% used [0x00007feccce00000, 0x00007feccd4460e8, 0x00007feccdef0000)
  to   space 17344K,  48% used [0x00007feccdef0000, 0x00007fecce725680, 0x00007feccefe0000)
 tenured generation   total 349568K, used 241316K [0x00007feccf0a0000, 0x00007fece4600000, 0x00007fece4600000)
   the space 349568K,  69% used [0x00007feccf0a0000, 0x00007fecddc49200, 0x00007fecddc49200, 0x00007fece4600000)
 Metaspace       used 70160K, capacity 71134K, committed 71424K, reserved 71680K

Card table byte_map: [0x00007fece46f7000,0x00007fece47f8000] byte_map_base: 0x00007facee0d4000

Polling page: 0x00007fecfaa85000

CodeHeap 'non-nmethods': size=5700Kb used=1338Kb max_used=1416Kb free=4362Kb
 bounds [0x00007fece49ce000, 0x00007fece4c3e000, 0x00007fece4f5f000]
CodeHeap 'profiled nmethods': size=120028Kb used=42545Kb max_used=48094Kb free=77482Kb
 bounds [0x00007fece4f5f000, 0x00007fece7eaf000, 0x00007fecec496000]
CodeHeap 'non-profiled nmethods': size=120032Kb used=38185Kb max_used=38496Kb free=81846Kb
 bounds [0x00007fecec496000, 0x00007feceea36000, 0x00007fecf39ce000]
 total_blobs=20376 nmethods=19674 adapters=613
 compilation: enabled

Compilation events (10 events):
Event: 648.404 Thread 0x00007fecf4131800 nmethod 29562 0x00007fecee657090 code [0x00007fecee6572e0, 0x00007fecee658eb8]
Event: 648.548 Thread 0x00007fecf4138000 29564       3       org.eclipse.jetty.util.log.Log::getLogger (40 bytes)
Event: 648.548 Thread 0x00007fecf4138000 nmethod 29564 0x00007fece5abd710 code [0x00007fece5abd8c0, 0x00007fece5abdd88]
Event: 648.567 Thread 0x00007fecf4138000 29565       3       org.apache.zookeeper.ClientCnxn::access$800 (5 bytes)
Event: 648.567 Thread 0x00007fecf4138000 nmethod 29565 0x00007fece5756c10 code [0x00007fece5756d60, 0x00007fece5756e90]
Event: 649.809 Thread 0x00007fecf4133800 29566       4       org.apache.solr.common.cloud.DocCollection::<init> (257 bytes)
Event: 649.843 Thread 0x00007fecf4133800 nmethod 29566 0x00007fecee712610 code [0x00007fecee7128e0, 0x00007fecee7143c0]
Event: 650.151 Thread 0x00007fecf4135800 29567       4       java.util.concurrent.LinkedBlockingQueue::<init> (7 bytes)
Event: 650.157 Thread 0x00007fecf4135800 nmethod 29567 0x00007fecee62a410 code [0x00007fecee62a580, 0x00007fecee62aa58]
Event: 652.180 Thread 0x00007fecf4131800 29568       4       org.apache.solr.core.SolrConfig::loadPluginInfo (147 bytes)

GC Heap History (10 events):
Event: 639.349 GC heap after
Heap after GC invocations=3544 (full 12):
 def new generation   total 156608K, used 5684K [0x00007fecc4600000, 0x00007feccefe0000, 0x00007feccf0a0000)
  eden space 139264K,   0% used [0x00007fecc4600000, 0x00007fecc4600000, 0x00007feccce00000)
  from space 17344K,  32% used [0x00007feccce00000, 0x00007feccd38d098, 0x00007feccdef0000)
  to   space 17344K,   0% used [0x00007feccdef0000, 0x00007feccdef0000, 0x00007feccefe0000)
 tenured generation   total 346420K, used 237846K [0x00007feccf0a0000, 0x00007fece42ed000, 0x00007fece4600000)
   the space 346420K,  68% used [0x00007feccf0a0000, 0x00007fecdd8e58b0, 0x00007fecdd8e5a00, 0x00007fece42ed000)
 Metaspace       used 70131K, capacity 71070K, committed 71424K, reserved 71680K
}
Event: 639.426 GC heap before
{Heap before GC invocations=3544 (full 12):
 def new generation   total 156608K, used 144948K [0x00007fecc4600000, 0x00007feccefe0000, 0x00007feccf0a0000)
  eden space 139264K, 100% used [0x00007fecc4600000, 0x00007feccce00000, 0x00007feccce00000)
  from space 17344K,  32% used [0x00007feccce00000, 0x00007feccd38d098, 0x00007feccdef0000)
  to   space 17344K,   0% used [0x00007feccdef0000, 0x00007feccdef0000, 0x00007feccefe0000)
 tenured generation   total 346420K, used 237846K [0x00007feccf0a0000, 0x00007fece42ed000, 0x00007fece4600000)
   the space 346420K,  68% used [0x00007feccf0a0000, 0x00007fecdd8e58b0, 0x00007fecdd8e5a00, 0x00007fece42ed000)
 Metaspace       used 70131K, capacity 71070K, committed 71424K, reserved 71680K
Event: 639.435 GC heap after
Heap after GC invocations=3545 (full 12):
 def new generation   total 156608K, used 5471K [0x00007fecc4600000, 0x00007feccefe0000, 0x00007feccf0a0000)
  eden space 139264K,   0% used [0x00007fecc4600000, 0x00007fecc4600000, 0x00007feccce00000)
  from space 17344K,  31% used [0x00007feccdef0000, 0x00007fecce447eb8, 0x00007feccefe0000)
  to   space 17344K,   0% used [0x00007feccce00000, 0x00007feccce00000, 0x00007feccdef0000)
 tenured generation   total 346420K, used 237846K [0x00007feccf0a0000, 0x00007fece42ed000, 0x00007fece4600000)
   the space 346420K,  68% used [0x00007feccf0a0000, 0x00007fecdd8e58b0, 0x00007fecdd8e5a00, 0x00007fece42ed000)
 Metaspace       used 70131K, capacity 71070K, committed 71424K, reserved 71680K
}
Event: 648.359 GC heap before
{Heap before GC invocations=3545 (full 12):
 def new generation   total 156608K, used 144735K [0x00007fecc4600000, 0x00007feccefe0000, 0x00007feccf0a0000)
  eden space 139264K, 100% used [0x00007fecc4600000, 0x00007feccce00000, 0x00007feccce00000)
  from space 17344K,  31% used [0x00007feccdef0000, 0x00007fecce447eb8, 0x00007feccefe0000)
  to   space 17344K,   0% used [0x00007feccce00000, 0x00007feccce00000, 0x00007feccdef0000)
 tenured generation   total 346420K, used 237846K [0x00007feccf0a0000, 0x00007fece42ed000, 0x00007fece4600000)
   the space 346420K,  68% used [0x00007feccf0a0000, 0x00007fecdd8e58b0, 0x00007fecdd8e5a00, 0x00007fece42ed000)
 Metaspace       used 70158K, capacity 71134K, committed 71424K, reserved 71680K
Event: 648.371 GC heap after
Heap after GC invocations=3546 (full 12):
 def new generation   total 156608K, used 7903K [0x00007fecc4600000, 0x00007feccefe0000, 0x00007feccf0a0000)
  eden space 139264K,   0% used [0x00007fecc4600000, 0x00007fecc4600000, 0x00007feccce00000)
  from space 17344K,  45% used [0x00007feccce00000, 0x00007feccd5b7f28, 0x00007feccdef0000)
  to   space 17344K,   0% used [0x00007feccdef0000, 0x00007feccdef0000, 0x00007feccefe0000)
 tenured generation   total 346420K, used 237846K [0x00007feccf0a0000, 0x00007fece42ed000, 0x00007fece4600000)
   the space 346420K,  68% used [0x00007feccf0a0000, 0x00007fecdd8e58b0, 0x00007fecdd8e5a00, 0x00007fece42ed000)
 Metaspace       used 70158K, capacity 71134K, committed 71424K, reserved 71680K
}
Event: 649.612 GC heap before
{Heap before GC invocations=3546 (full 12):
 def new generation   total 156608K, used 147154K [0x00007fecc4600000, 0x00007feccefe0000, 0x00007feccf0a0000)
  eden space 139264K,  99% used [0x00007fecc4600000, 0x00007fecccdfcc50, 0x00007feccce00000)
  from space 17344K,  45% used [0x00007feccce00000, 0x00007feccd5b7f28, 0x00007feccdef0000)
  to   space 17344K,   0% used [0x00007feccdef0000, 0x00007feccdef0000, 0x00007feccefe0000)
 tenured generation   total 346420K, used 237846K [0x00007feccf0a0000, 0x00007fece42ed000, 0x00007fece4600000)
   the space 346420K,  68% used [0x00007feccf0a0000, 0x00007fecdd8e58b0, 0x00007fecdd8e5a00, 0x00007fece42ed000)
 Metaspace       used 70160K, capacity 71134K, committed 71424K, reserved 71680K
Event: 649.625 GC heap after
Heap after GC invocations=3547 (full 12):
 def new generation   total 156608K, used 9952K [0x00007fecc4600000, 0x00007feccefe0000, 0x00007feccf0a0000)
  eden space 139264K,   0% used [0x00007fecc4600000, 0x00007fecc4600000, 0x00007feccce00000)
  from space 17344K,  57% used [0x00007feccdef0000, 0x00007fecce8a81c8, 0x00007feccefe0000)
  to   space 17344K,   0% used [0x00007feccce00000, 0x00007feccce00000, 0x00007feccdef0000)
 tenured generation   total 346420K, used 237846K [0x00007feccf0a0000, 0x00007fece42ed000, 0x00007fece4600000)
   the space 346420K,  68% used [0x00007feccf0a0000, 0x00007fecdd8e58b0, 0x00007fecdd8e5a00, 0x00007fece42ed000)
 Metaspace       used 70160K, capacity 71134K, committed 71424K, reserved 71680K
}
Event: 649.662 GC heap before
{Heap before GC invocations=3547 (full 12):
 def new generation   total 156608K, used 149216K [0x00007fecc4600000, 0x00007feccefe0000, 0x00007feccf0a0000)
  eden space 139264K, 100% used [0x00007fecc4600000, 0x00007feccce00000, 0x00007feccce00000)
  from space 17344K,  57% used [0x00007feccdef0000, 0x00007fecce8a81c8, 0x00007feccefe0000)
  to   space 17344K,   0% used [0x00007feccce00000, 0x00007feccce00000, 0x00007feccdef0000)
 tenured generation   total 346420K, used 237846K [0x00007feccf0a0000, 0x00007fece42ed000, 0x00007fece4600000)
   the space 346420K,  68% used [0x00007feccf0a0000, 0x00007fecdd8e58b0, 0x00007fecdd8e5a00, 0x00007fece42ed000)
 Metaspace       used 70160K, capacity 71134K, committed 71424K, reserved 71680K
Event: 649.674 GC heap after
Heap after GC invocations=3548 (full 12):
 def new generation   total 156608K, used 6424K [0x00007fecc4600000, 0x00007feccefe0000, 0x00007feccf0a0000)
  eden space 139264K,   0% used [0x00007fecc4600000, 0x00007fecc4600000, 0x00007feccce00000)
  from space 17344K,  37% used [0x00007feccce00000, 0x00007feccd4460e8, 0x00007feccdef0000)
  to   space 17344K,   0% used [0x00007feccdef0000, 0x00007feccdef0000, 0x00007feccefe0000)
 tenured generation   total 346420K, used 241316K [0x00007feccf0a0000, 0x00007fece42ed000, 0x00007fece4600000)
   the space 346420K,  69% used [0x00007feccf0a0000, 0x00007fecddc49200, 0x00007fecddc49200, 0x00007fece42ed000)
 Metaspace       used 70160K, capacity 71134K, committed 71424K, reserved 71680K
}
Event: 652.190 GC heap before
{Heap before GC invocations=3548 (full 12):
 def new generation   total 156608K, used 145688K [0x00007fecc4600000, 0x00007feccefe0000, 0x00007feccf0a0000)
  eden space 139264K, 100% used [0x00007fecc4600000, 0x00007feccce00000, 0x00007feccce00000)
  from space 17344K,  37% used [0x00007feccce00000, 0x00007feccd4460e8, 0x00007feccdef0000)
  to   space 17344K,   0% used [0x00007feccdef0000, 0x00007feccdef0000, 0x00007feccefe0000)
 tenured generation   total 346420K, used 241316K [0x00007feccf0a0000, 0x00007fece42ed000, 0x00007fece4600000)
   the space 346420K,  69% used [0x00007feccf0a0000, 0x00007fecddc49200, 0x00007fecddc49200, 0x00007fece42ed000)
 Metaspace       used 70160K, capacity 71134K, committed 71424K, reserved 71680K

Deoptimization events (10 events):
Event: 606.064 Thread 0x00007feba07f2800 Uncommon trap: reason=unstable_if action=reinterpret pc=0x00007feceddc2f8c method=org.eclipse.jetty.io.ChannelEndPoint.isInputShutdown()Z @ 4
Event: 607.570 Thread 0x00007feba0c1f000 Uncommon trap: reason=unstable_if action=reinterpret pc=0x00007fececa0faec method=org.eclipse.jetty.io.ChannelEndPoint.isInputShutdown()Z @ 4
Event: 609.517 Thread 0x00007fecf4016800 Uncommon trap: reason=null_check action=make_not_entrant pc=0x00007fecedab2354 method=java.lang.Class.reflectionData()Ljava/lang/Class$ReflectionData; @ 24
Event: 625.618 Thread 0x00007feba02b3800 Uncommon trap: reason=bimorphic action=maybe_recompile pc=0x00007fececb2eb5c method=java.util.LinkedList.addAll(ILjava/util/Collection;)Z @ 6
Event: 628.214 Thread 0x00007feba08f0800 Uncommon trap: reason=bimorphic action=maybe_recompile pc=0x00007fececb2eb5c method=java.util.LinkedList.addAll(ILjava/util/Collection;)Z @ 6
Event: 628.728 Thread 0x00007feba08f0800 Uncommon trap: reason=speculate_class_check action=maybe_recompile pc=0x00007fecec68a0a4 method=org.apache.solr.common.util.FastInputStream.refill()V @ 12
Event: 648.348 Thread 0x00007fecf4016800 Uncommon trap: reason=null_check action=make_not_entrant pc=0x00007fecec8dab00 method=java.lang.Class.reflectionData()Ljava/lang/Class$ReflectionData; @ 24
Event: 648.351 Thread 0x00007fecf4016800 Uncommon trap: reason=array_check action=maybe_recompile pc=0x00007fecee62d500 method=java.util.TimSort.mergeHi(IIII)V @ 657
Event: 648.352 Thread 0x00007fecf4016800 Uncommon trap: reason=array_check action=maybe_recompile pc=0x00007fecee62d500 method=java.util.TimSort.mergeHi(IIII)V @ 657
Event: 648.375 Thread 0x00007fec903a0800 Uncommon trap: reason=array_check action=maybe_recompile pc=0x00007fecee5e6e68 method=java.util.TimSort.mergeHi(IIII)V @ 657

Classes redefined (0 events):
No events

Internal exceptions (10 events):
Event: 645.673 Thread 0x00007feba0776800 Exception <a 'java/lang/InterruptedException'> (0x00007feccacbdc68) thrown at [/HUDSON/workspace/9-2-build-linux-amd64/jdk9/2975.nc/hotspot/src/share/vm/runtime/objectMonitor.cpp, line 1641]
Event: 645.673 Thread 0x00007feba0c22000 Exception <a 'java/lang/InterruptedException': sleep interrupted> (0x00007fecca21b8b8) thrown at [/HUDSON/workspace/9-2-build-linux-amd64/jdk9/2975.nc/hotspot/src/share/vm/prims/jvm.cpp, line 2918]
Event: 645.673 Thread 0x00007feba0511000 Exception <a 'java/lang/InterruptedException'> (0x00007fecca1db408) thrown at [/HUDSON/workspace/9-2-build-linux-amd64/jdk9/2975.nc/hotspot/src/share/vm/runtime/objectMonitor.cpp, line 1641]
Event: 647.186 Thread 0x00007fec903a0800 Exception <a 'java/net/UnknownHostException'> (0x00007feccaefbee0) thrown at [/HUDSON/workspace/9-2-build-linux-amd64/jdk9/2975.nc/hotspot/src/share/vm/prims/jni.cpp, line 607]
Event: 648.348 Thread 0x00007fecf4016800 Implicit null exception at 0x00007fecec8d9ae3 to 0x00007fecec8daae1
Event: 648.356 Thread 0x00007fec903a0800 Exception <a 'sun/nio/fs/UnixException'> (0x00007feccc6e6968) thrown at [/HUDSON/workspace/9-2-build-linux-amd64/jdk9/2975.nc/hotspot/src/share/vm/prims/jni.cpp, line 607]
Event: 648.547 Thread 0x00007fec903a0800 Exception <a 'sun/nio/fs/UnixException'> (0x00007fecc5ba7ca8) thrown at [/HUDSON/workspace/9-2-build-linux-amd64/jdk9/2975.nc/hotspot/src/share/vm/prims/jni.cpp, line 607]
Event: 648.547 Thread 0x00007fec903a0800 Exception <a 'sun/nio/fs/UnixException'> (0x00007fecc5ba9480) thrown at [/HUDSON/workspace/9-2-build-linux-amd64/jdk9/2975.nc/hotspot/src/share/vm/prims/jni.cpp, line 607]
Event: 650.133 Thread 0x00007fec903a0800 Exception <a 'sun/nio/fs/UnixException'> (0x00007fecc72b06f8) thrown at [/HUDSON/workspace/9-2-build-linux-amd64/jdk9/2975.nc/hotspot/src/share/vm/prims/jni.cpp, line 607]
Event: 650.133 Thread 0x00007fec903a0800 Exception <a 'sun/nio/fs/UnixException'> (0x00007fecc72b1ed0) thrown at [/HUDSON/workspace/9-2-build-linux-amd64/jdk9/2975.nc/hotspot/src/share/vm/prims/jni.cpp, line 607]

Events (10 events):
Event: 650.192 Executing VM operation: RevokeBias done
Event: 650.253 Thread 0x00007feba08df000 Thread exited: 0x00007feba08df000
Event: 651.161 Thread 0x00007feba084b000 Thread added: 0x00007feba084b000
Event: 651.161 Thread 0x00007feba08df000 Thread added: 0x00007feba08df000
Event: 651.161 Thread 0x00007feba02b0000 Thread added: 0x00007feba02b0000
Event: 652.166 Executing VM operation: RevokeBias
Event: 652.166 Executing VM operation: RevokeBias done
Event: 652.166 Executing VM operation: RevokeBias
Event: 652.166 Executing VM operation: RevokeBias done
Event: 652.189 Executing VM operation: GenCollectForAllocation


Dynamic libraries:
00400000-00401000 r-xp 00000000 09:02 4588900                            /home/jenkins/tools/java/64bit/jdk1.9.0-ea-b72/bin/java
00600000-00601000 rw-p 00000000 09:02 4588900                            /home/jenkins/tools/java/64bit/jdk1.9.0-ea-b72/bin/java
021e2000-025f2000 rw-p 00000000 00:00 0                                  [heap]
7feb30000000-7feb33ff9000 rw-p 00000000 00:00 0 
7feb33ff9000-7feb34000000 ---p 00000000 00:00 0 
7feb3a7ea000-7feb3a7ed000 ---p 00000000 00:00 0 
7feb3a7ed000-7feb3a8eb000 rw-p 00000000 00:00 0                          [stack:14939]
7feb3a9ec000-7feb3a9ef000 ---p 00000000 00:00 0 
7feb3a9ef000-7feb3aaed000 rw-p 00000000 00:00 0                          [stack:14986]
7feb3aaed000-7feb3aaf0000 ---p 00000000 00:00 0 
7feb3aaf0000-7feb3abee000 rw-p 00000000 00:00 0                          [stack:14928]
7feb3bbfe000-7feb3bdfe000 rw-p 00000000 00:00 0 
7feb3bdfe000-7feb3be01000 ---p 00000000 00:00 0 
7feb3be01000-7feb3beff000 rw-p 00000000 00:00 0                          [stack:14925]
7feb3c000000-7feb3c021000 rw-p 00000000 00:00 0 
7feb3c021000-7feb40000000 ---p 00000000 00:00 0 
7feb436f7000-7feb436fa000 ---p 00000000 00:00 0 
7feb436fa000-7feb437f8000 rw-p 00000000 00:00 0                          [stack:14941]
7feb43afb000-7feb43afe000 ---p 00000000 00:00 0 
7feb43afe000-7feb43bfc000 rw-p 00000000 00:00 0                          [stack:14964]
7feb43bfc000-7feb43bff000 ---p 00000000 00:00 0 
7feb43bff000-7feb43cfd000 rw-p 00000000 00:00 0                          [stack:14924]
7feb43dfe000-7feb43e01000 ---p 00000000 00:00 0 
7feb43e01000-7feb43eff000 rw-p 00000000 00:00 0                          [stack:14961]
7feb43eff000-7feb43f02000 ---p 00000000 00:00 0 
7feb43f02000-7feb44000000 rw-p 00000000 00:00 0                          [stack:14938]
7feb44000000-7feb44021000 rw-p 00000000 00:00 0 
7feb44021000-7feb48000000 ---p 00000000 00:00 0 
7feb48000000-7feb480ca000 rw-p 00000000 00:00 0 
7feb480ca000-7feb4c000000 ---p 00000000 00:00 0 
7feb4c000000-7feb4c021000 rw-p 00000000 00:00 0 
7feb4c021000-7feb50000000 ---p 00000000 00:00 0 
7feb50000000-7feb50021000 rw-p 00000000 00:00 0 
7feb50021000-7feb54000000 ---p 00000000 00:00 0 
7feb54000000-7feb5408b000 rw-p 00000000 00:00 0 
7feb5408b000-7feb58000000 ---p 00000000 00:00 0 
7feb58000000-7feb58021000 rw-p 00000000 00:00 0 
7feb58021000-7feb5c000000 ---p 00000000 00:00 0 
7feb5c000000-7feb5c021000 rw-p 00000000 00:00 0 
7feb5c021000-7feb60000000 ---p 00000000 00:00 0 
7feb60000000-7feb60077000 rw-p 00000000 00:00 0 
7feb60077000-7feb64000000 ---p 00000000 00:00 0 
7feb64000000-7feb64058000 rw-p 00000000 00:00 0 
7feb64058000-7feb68000000 ---p 00000000 00:00 0 
7feb68000000-7feb68021000 rw-p 00000000 00:00 0 
7feb68021000-7feb6c000000 ---p 00000000 00:00 0 
7feb6c000000-7feb6c021000 rw-p 00000000 00:00 0 
7feb6c021000-7feb70000000 ---p 00000000 00:00 0 
7feb70000000-7feb70021000 rw-p 00000000 00:00 0 
7feb70021000-7feb74000000 ---p 00000000 00:00 0 
7feb74000000-7feb74021000 rw-p 00000000 00:00 0 
7feb74021000-7feb78000000 ---p 00000000 00:00 0 
7feb78000000-7feb78021000 rw-p 00000000 00:00 0 
7feb78021000-7feb7c000000 ---p 00000000 00:00 0 
7feb7c000000-7feb7c021000 rw-p 00000000 00:00 0 
7feb7c021000-7feb80000000 ---p 00000000 00:00 0 
7feb80000000-7feb80021000 rw-p 00000000 00:00 0 
7feb80021000-7feb84000000 ---p 00000000 00:00 0 
7feb84000000-7feb84021000 rw-p 00000000 00:00 0 
7feb84021000-7feb88000000 ---p 00000000 00:00 0 
7feb88000000-7feb88021000 rw-p 00000000 00:00 0 
7feb88021000-7feb8c000000 ---p 00000000 00:00 0 
7feb8c000000-7feb8c021000 rw-p 00000000 00:00 0 
7feb8c021000-7feb90000000 ---p 00000000 00:00 0 
7feb90000000-7feb90021000 rw-p 00000000 00:00 0 
7feb90021000-7feb94000000 ---p 00000000 00:00 0 
7feb94000000-7feb94021000 rw-p 00000000 00:00 0 
7feb94021000-7feb98000000 ---p 00000000 00:00 0 
7feb98000000-7feb98021000 rw-p 00000000 00:00 0 
7feb98021000-7feb9c000000 ---p 00000000 00:00 0 
7feb9c000000-7feb9c021000 rw-p 00000000 00:00 0 
7feb9c021000-7feba0000000 ---p 00000000 00:00 0 
7feba0000000-7feba1a80000 rw-p 00000000 00:00 0 
7feba1a80000-7feba4000000 ---p 00000000 00:00 0 
7feba4000000-7feba4021000 rw-p 00000000 00:00 0 
7feba4021000-7feba8000000 ---p 00000000 00:00 0 
7feba8000000-7feba8021000 rw-p 00000000 00:00 0 
7feba8021000-7febac000000 ---p 00000000 00:00 0 
7febac000000-7febac2c7000 rw-p 00000000 00:00 0 
7febac2c7000-7febb0000000 ---p 00000000 00:00 0 
7febb0000000-7febb0021000 rw-p 00000000 00:00 0 
7febb0021000-7febb4000000 ---p 00000000 00:00 0 
7febb4000000-7febb4021000 rw-p 00000000 00:00 0 
7febb4021000-7febb8000000 ---p 00000000 00:00 0 
7febb8000000-7febb8021000 rw-p 00000000 00:00 0 
7febb8021000-7febbc000000 ---p 00000000 00:00 0 
7febbc000000-7febbc021000 rw-p 00000000 00:00 0 
7febbc021000-7febc0000000 ---p 00000000 00:00 0 
7febc0000000-7febc0021000 rw-p 00000000 00:00 0 
7febc0021000-7febc4000000 ---p 00000000 00:00 0 
7febc4000000-7febc4021000 rw-p 00000000 00:00 0 
7febc4021000-7febc8000000 ---p 00000000 00:00 0 
7febc8000000-7febc8021000 rw-p 00000000 00:00 0 
7febc8021000-7febcc000000 ---p 00000000 00:00 0 
7febcc000000-7febcc021000 rw-p 00000000 00:00 0 
7febcc021000-7febd0000000 ---p 00000000 00:00 0 
7febd0000000-7febd0021000 rw-p 00000000 00:00 0 
7febd0021000-7febd4000000 ---p 00000000 00:00 0 
7febd4000000-7febd4021000 rw-p 00000000 00:00 0 
7febd4021000-7febd8000000 ---p 00000000 00:00 0 
7febd8000000-7febd8021000 rw-p 00000000 00:00 0 
7febd8021000-7febdc000000 ---p 00000000 00:00 0 
7febdc000000-7febdc021000 rw-p 00000000 00:00 0 
7febdc021000-7febe0000000 ---p 00000000 00:00 0 
7febe0000000-7febe0021000 rw-p 00000000 00:00 0 
7febe0021000-7febe4000000 ---p 00000000 00:00 0 
7febe4000000-7febe4021000 rw-p 00000000 00:00 0 
7febe4021000-7febe8000000 ---p 00000000 00:00 0 
7febe8000000-7febe8021000 rw-p 00000000 00:00 0 
7febe8021000-7febec000000 ---p 00000000 00:00 0 
7febec000000-7febec021000 rw-p 00000000 00:00 0 
7febec021000-7febf0000000 ---p 00000000 00:00 0 
7febf0000000-7febf0021000 rw-p 00000000 00:00 0 
7febf0021000-7febf4000000 ---p 00000000 00:00 0 
7febf4000000-7febf4021000 rw-p 00000000 00:00 0 
7febf4021000-7febf8000000 ---p 00000000 00:00 0 
7febf8000000-7febf8021000 rw-p 00000000 00:00 0 
7febf8021000-7febfc000000 ---p 00000000 00:00 0 
7febfc000000-7febfc021000 rw-p 00000000 00:00 0 
7febfc021000-7fec00000000 ---p 00000000 00:00 0 
7fec00000000-7fec00021000 rw-p 00000000 00:00 0 
7fec00021000-7fec04000000 ---p 00000000 00:00 0 
7fec04000000-7fec0403b000 rw-p 00000000 00:00 0 
7fec0403b000-7fec08000000 ---p 00000000 00:00 0 
7fec08000000-7fec08021000 rw-p 00000000 00:00 0 
7fec08021000-7fec0c000000 ---p 00000000 00:00 0 
7fec0c000000-7fec0c021000 rw-p 00000000 00:00 0 
7fec0c021000-7fec10000000 ---p 00000000 00:00 0 
7fec10000000-7fec10021000 rw-p 00000000 00:00 0 
7fec10021000-7fec14000000 ---p 00000000 00:00 0 
7fec14000000-7fec14021000 rw-p 00000000 00:00 0 
7fec14021000-7fec18000000 ---p 00000000 00:00 0 
7fec18000000-7fec18031000 rw-p 00000000 00:00 0 
7fec18031000-7fec1c000000 ---p 00000000 00:00 0 
7fec1c000000-7fec1c021000 rw-p 00000000 00:00 0 
7fec1c021000-7fec20000000 ---p 00000000 00:00 0 
7fec20000000-7fec20021000 rw-p 00000000 00:00 0 
7fec20021000-7fec24000000 ---p 00000000 00:00 0 
7fec24000000-7fec24456000 rw-p 00000000 00:00 0 
7fec24456000-7fec28000000 ---p 00000000 00:00 0 
7fec28000000-7fec28021000 rw-p 00000000 00:00 0 
7fec28021000-7fec2c000000 ---p 00000000 00:00 0 
7fec2c000000-7fec2c032000 rw-p 00000000 00:00 0 
7fec2c032000-7fec30000000 ---p 00000000 00:00 0 
7fec30000000-7fec30021000 rw-p 00000000 00:00 0 
7fec30021000-7fec34000000 ---p 00000000 00:00 0 
7fec34000000-7fec34021000 rw-p 00000000 00:00 0 
7fec34021000-7fec38000000 ---p 00000000 00:00 0 
7fec38000000-7fec38021000 rw-p 00000000 00:00 0 
7fec38021000-7fec3c000000 ---p 00000000 00:00 0 
7fec3c000000-7fec3c021000 rw-p 00000000 00:00 0 
7fec3c021000-7fec40000000 ---p 00000000 00:00 0 
7fec4006e000-7fec4026e000 rw-p 00000000 00:00 0 
7fec4026e000-7fec40271000 ---p 00000000 00:00 0 
7fec40271000-7fec4036f000 rw-p 00000000 00:00 0                          [stack:14942]
7fec40571000-7fec40574000 ---p 00000000 00:00 0 
7fec40574000-7fec40672000 rw-p 00000000 00:00 0                          [stack:14974]
7fec40773000-7fec40776000 ---p 00000000 00:00 0 
7fec40776000-7fec40874000 rw-p 00000000 00:00 0                          [stack:14955]
7fec40975000-7fec40978000 ---p 00000000 00:00 0 
7fec40978000-7fec40a76000 rw-p 00000000 00:00 0                          [stack:8535]
7fec40e7a000-7fec4107a000 rw-p 00000000 00:00 0 
7fec4137d000-7fec41380000 ---p 00000000 00:00 0 
7fec41380000-7fec4167e000 rw-p 00000000 00:00 0                          [stack:14952]
7fec4167e000-7fec41681000 ---p 00000000 00:00 0 
7fec41681000-7fec4177f000 rw-p 00000000 00:00 0                          [stack:14973]
7fec4177f000-7fec41782000 ---p 00000000 00:00 0 
7fec41782000-7fec41880000 rw-p 00000000 00:00 0                          [stack:14976]
7fec41880000-7fec41883000 ---p 00000000 00:00 0 
7fec41883000-7fec41981000 rw-p 00000000 00:00 0                          [stack:14975]
7fec41981000-7fec41984000 ---p 00000000 00:00 0 
7fec41984000-7fec41a82000 rw-p 00000000 00:00 0                          [stack:14957]
7fec41b83000-7fec41b86000 ---p 00000000 00:00 0 
7fec41b86000-7fec41c84000 rw-p 00000000 00:00 0                          [stack:14958]
7fec41c84000-7fec41c87000 ---p 00000000 00:00 0 
7fec41c87000-7fec41d85000 rw-p 00000000 00:00 0                          [stack:14970]
7fec41e86000-7fec41e89000 ---p 00000000 00:00 0 
7fec41e89000-7fec41f87000 rw-p 00000000 00:00 0                          [stack:14954]
7fec41f87000-7fec41f8a000 ---p 00000000 00:00 0 
7fec41f8a000-7fec42088000 rw-p 00000000 00:00 0                          [stack:14953]
7fec42189000-7fec4218c000 ---p 00000000 00:00 0 
7fec4218c000-7fec4228a000 rw-p 00000000 00:00 0                          [stack:14943]
7fec4228a000-7fec4228d000 ---p 00000000 00:00 0 
7fec4228d000-7fec4238b000 rw-p 00000000 00:00 0                          [stack:14960]
7fec4238b000-7fec4238e000 ---p 00000000 00:00 0 
7fec4238e000-7fec4248c000 rw-p 00000000 00:00 0                          [stack:14950]
7fec4248c000-7fec4248f000 ---p 00000000 00:00 0 
7fec4248f000-7fec4258d000 rw-p 00000000 00:00 0                          [stack:14962]
7fec4258d000-7fec42590000 ---p 00000000 00:00 0 
7fec42590000-7fec4268e000 rw-p 00000000 00:00 0                          [stack:14945]
7fec4268e000-7fec42691000 ---p 00000000 00:00 0 
7fec42691000-7fec4278f000 rw-p 00000000 00:00 0                          [stack:14944]
7fec4278f000-7fec42792000 ---p 00000000 00:00 0 
7fec42792000-7fec42890000 rw-p 00000000 00:00 0                          [stack:14946]
7fec42890000-7fec42893000 ---p 00000000 00:00 0 
7fec42893000-7fec42991000 rw-p 00000000 00:00 0                          [stack:14929]
7fec42a92000-7fec42c92000 rw-p 00000000 00:00 0 
7fec42cef000-7fec42cf2000 ---p 00000000 00:00 0 
7fec42cf2000-7fec42df0000 rw-p 00000000 00:00 0                          [stack:14937]
7fec42df0000-7fec42df3000 ---p 00000000 00:00 0 
7fec42df3000-7fec42ef1000 rw-p 00000000 00:00 0                          [stack:14951]
7fec42ef1000-7fec42ef4000 ---p 00000000 00:00 0 
7fec42ef4000-7fec42ff2000 rw-p 00000000 00:00 0                          [stack:14963]
7fec432f5000-7fec432f8000 ---p 00000000 00:00 0 
7fec432f8000-7fec433f6000 rw-p 00000000 00:00 0                          [stack:14926]
7fec43afd000-7fec43cfd000 rw-p 00000000 00:00 0 
7fec44000000-7fec44021000 rw-p 00000000 00:00 0 
7fec44021000-7fec48000000 ---p 00000000 00:00 0 
7fec48272000-7fec48275000 ---p 00000000 00:00 0 
7fec48275000-7fec48373000 rw-p 00000000 00:00 0                          [stack:14927]
7fec48979000-7fec4897c000 ---p 00000000 00:00 0 
7fec4897c000-7fec48c7a000 rw-p 00000000 00:00 0                          [stack:14969]
7fec48d7f000-7fec48d82000 ---p 00000000 00:00 0 
7fec48d82000-7fec48e80000 rw-p 00000000 00:00 0                          [stack:14972]
7fec49082000-7fec49282000 rw-p 00000000 00:00 0 
7fec49787000-7fec49987000 rw-p 00000000 00:00 0 
7fec49b8b000-7fec49d8b000 rw-p 00000000 00:00 0 
7fec49f91000-7fec4a151000 rw-p 00000000 00:00 0 
7fec4a151000-7fec4a191000 ---p 00000000 00:00 0 
7fec4a191000-7fec4a194000 ---p 00000000 00:00 0 
7fec4a194000-7fec4a492000 rw-p 00000000 00:00 0                          [stack:14987]
7fec4a492000-7fec4a495000 ---p 00000000 00:00 0 
7fec4a495000-7fec4a593000 rw-p 00000000 00:00 0                          [stack:14984]
7fec4a593000-7fec4a596000 ---p 00000000 00:00 0 
7fec4a596000-7fec4a894000 rw-p 00000000 00:00 0                          [stack:14971]
7fec4a894000-7fec4a897000 ---p 00000000 00:00 0 
7fec4a897000-7fec4a995000 rw-p 00000000 00:00 0                          [stack:14982]
7fec4a995000-7fec4ab95000 rw-p 00000000 00:00 0 
7fec4ab95000-7fec4ad95000 rw-p 00000000 00:00 0 
7fec4ad99000-7fec4ad9c000 ---p 00000000 00:00 0 
7fec4ad9c000-7fec4b09a000 rw-p 00000000 00:00 0                          [stack:14983]
7fec4b09a000-7fec4b29a000 rw-p 00000000 00:00 0 
7fec4b29a000-7fec4b49a000 rw-p 00000000 00:00 0 
7fec4b49c000-7fec4b49f000 ---p 00000000 00:00 0 
7fec4b49f000-7fec4b79d000 rw-p 00000000 00:00 0                          [stack:14985]
7fec4b79d000-7fec4b7b3000 r-xp 00000000 09:02 5767186                    /lib/x86_64-linux-gnu/libgcc_s.so.1
7fec4b7b3000-7fec4b9b2000 ---p 00016000 09:02 5767186                    /lib/x86_64-linux-gnu/libgcc_s.so.1
7fec4b9b2000-7fec4b9b3000 rw-p 00015000 09:02 5767186                    /lib/x86_64-linux-gnu/libgcc_s.so.1
7fec4b9b3000-7fec4b9e9000 r-xp 00000000 09:02 4588709                    /home/jenkins/tools/java/64bit/jdk1.9.0-ea-b72/lib/amd64/libsunec.so
7fec4b9e9000-7fec4bbe9000 ---p 00036000 09:02 4588709                    /home/jenkins/tools/java/64bit/jdk1.9.0-ea-b72/lib/amd64/libsunec.so
7fec4bbe9000-7fec4bbef000 rw-p 00036000 09:02 4588709                    /home/jenkins/tools/java/64bit/jdk1.9.0-ea-b72/lib/amd64/libsunec.so
7fec4bbef000-7fec4be00000 rw-p 00000000 00:00 0 
7fec4be00000-7fec4c000000 rw-p 00000000 00:00 0 
7fec4c000000-7fec4c021000 rw-p 00000000 00:00 0 
7fec4c021000-7fec50000000 ---p 00000000 00:00 0 
7fec50000000-7fec50021000 rw-p 00000000 00:00 0 
7fec50021000-7fec54000000 ---p 00000000 00:00 0 
7fec54000000-7fec54021000 rw-p 00000000 00:00 0 
7fec54021000-7fec58000000 ---p 00000000 00:00 0 
7fec58000000-7fec58021000 rw-p 00000000 00:00 0 
7fec58021000-7fec5c000000 ---p 00000000 00:00 0 
7fec5c000000-7fec5c021000 rw-p 00000000 00:00 0 
7fec5c021000-7fec60000000 ---p 00000000 00:00 0 
7fec60000000-7fec60021000 rw-p 00000000 00:00 0 
7fec60021000-7fec64000000 ---p 00000000 00:00 0 
7fec64000000-7fec64021000 rw-p 00000000 00:00 0 
7fec64021000-7fec68000000 ---p 00000000 00:00 0 
7fec68000000-7fec680d9000 rw-p 00000000 00:00 0 
7fec680d9000-7fec6c000000 ---p 00000000 00:00 0 
7fec6c000000-7fec6c021000 rw-p 00000000 00:00 0 
7fec6c021000-7fec70000000 ---p 00000000 00:00 0 
7fec70000000-7fec70021000 rw-p 00000000 00:00 0 
7fec70021000-7fec74000000 ---p 00000000 00:00 0 
7fec74000000-7fec74023000 rw-p 00000000 00:00 0 
7fec74023000-7fec78000000 ---p 00000000 00:00 0 
7fec78000000-7fec78021000 rw-p 00000000 00:00 0 
7fec78021000-7fec7c000000 ---p 00000000 00:00 0 
7fec7c000000-7fec7c025000 rw-p 00000000 00:00 0 
7fec7c025000-7fec80000000 ---p 00000000 00:00 0 
7fec80000000-7fec8026c000 rw-p 00000000 00:00 0 
7fec8026c000-7fec84000000 ---p 00000000 00:00 0 
7fec84000000-7fec848e7000 rw-p 00000000 00:00 0 
7fec848e7000-7fec88000000 ---p 00000000 00:00 0 
7fec88000000-7fec88086000 rw-p 00000000 00:00 0 
7fec88086000-7fec8c000000 ---p 00000000 00:00 0 
7fec8c000000-7fec8c021000 rw-p 00000000 00:00 0 
7fec8c021000-7fec90000000 ---p 00000000 00:00 0 
7fec90000000-7fec903da000 rw-p 00000000 00:00 0 
7fec903da000-7fec94000000 ---p 00000000 00:00 0 
7fec94000000-7fec94021000 rw-p 00000000 00:00 0 
7fec94021000-7fec98000000 ---p 00000000 00:00 0 
7fec98000000-7fec98021000 rw-p 00000000 00:00 0 
7fec98021000-7fec9c000000 ---p 00000000 00:00 0 
7fec9c000000-7fec9ce97000 rw-p 00000000 00:00 0 
7fec9ce97000-7feca0000000 ---p 00000000 00:00 0 
7feca0000000-7feca0169000 rw-p 00000000 00:00 0 
7feca0169000-7feca4000000 ---p 00000000 00:00 0 
7feca4000000-7feca7ff2000 rw-p 00000000 00:00 0 
7feca7ff2000-7feca8000000 ---p 00000000 00:00 0 
7feca8000000-7fecabff0000 rw-p 00000000 00:00 0 
7fecabff0000-7fecac000000 ---p 00000000 00:00 0 
7fecac000000-7fecac021000 rw-p 00000000 00:00 0 
7fecac021000-7fecb0000000 ---p 00000000 00:00 0 
7fecb0000000-7fecb2daa000 rw-p 00000000 00:00 0 
7fecb2daa000-7fecb4000000 ---p 00000000 00:00 0 
7fecb4000000-7fecb4021000 rw-p 00000000 00:00 0 
7fecb4021000-7fecb8000000 ---p 00000000 00:00 0 
7fecb8000000-7fecb8021000 rw-p 00000000 00:00 0 
7fecb8021000-7fecbc000000 ---p 00000000 00:00 0 
7fecbc000000-7fecbd7e0000 rw-p 00000000 00:00 0 
7fecbd7e0000-7fecc0000000 ---p 00000000 00:00 0 
7fecc002d000-7fecc022d000 rw-p 00000000 00:00 0 
7fecc022d000-7fecc042d000 rw-p 00000000 00:00 0 
7fecc042d000-7fecc0444000 r-xp 00000000 09:02 5767233                    /lib/x86_64-linux-gnu/libresolv-2.19.so
7fecc0444000-7fecc0644000 ---p 00017000 09:02 5767233                    /lib/x86_64-linux-gnu/libresolv-2.19.so
7fecc0644000-7fecc0645000 r--p 00017000 09:02 5767233                    /lib/x86_64-linux-gnu/libresolv-2.19.so
7fecc0645000-7fecc0646000 rw-p 00018000 09:02 5767233                    /lib/x86_64-linux-gnu/libresolv-2.19.so
7fecc0646000-7fecc0848000 rw-p 00000000 00:00 0 
7fecc0931000-7fecc0934000 ---p 00000000 00:00 0 
7fecc0934000-7fecc0a32000 rw-p 00000000 00:00 0                          [stack:14978]
7fecc0a32000-7fecc0a37000 r-xp 00000000 09:02 5767367                    /lib/x86_64-linux-gnu/libnss_dns-2.19.so
7fecc0a37000-7fecc0c36000 ---p 00005000 09:02 5767367                    /lib/x86_64-linux-gnu/libnss_dns-2.19.so
7fecc0c36000-7fecc0c37000 r--p 00004000 09:02 5767367                    /lib/x86_64-linux-gnu/libnss_dns-2.19.so
7fecc0c37000-7fecc0c38000 rw-p 00005000 09:02 5767367                    /lib/x86_64-linux-gnu/libnss_dns-2.19.so
7fecc0c4c000-7fecc0e4c000 rw-p 00000000 00:00 0 
7fecc0e50000-7fecc0e53000 ---p 00000000 00:00 0 
7fecc0e53000-7fecc1151000 rw-p 00000000 00:00 0                          [stack:14940]
7fecc1151000-7fecc1351000 rw-p 00000000 00:00 0 
7fecc1351000-7fecc1551000 rw-p 00000000 00:00 0 
7fecc1551000-7fecc1751000 rw-p 00000000 00:00 0 
7fecc1751000-7fecc1754000 ---p 00000000 00:00 0 
7fecc1754000-7fecc1852000 rw-p 00000000 00:00 0                          [stack:14977]
7fecc1852000-7fecc1a52000 rw-p 00000000 00:00 0 
7fecc1a52000-7fecc1a53000 r--s 00002000 09:02 3411595                    /home/jenkins/tools/hudson.tasks.Ant_AntInstallation/ANT_1.8.2/lib/ant-netrexx.jar
7fecc1a53000-7fecc1a54000 r--s 00003000 09:02 3411573                    /home/jenkins/tools/hudson.tasks.Ant_AntInstallation/ANT_1.8.2/lib/ant-testutil.jar
7fecc1a54000-7fecc1a55000 r--s 00001000 09:02 3411558                    /home/jenkins/tools/hudson.tasks.Ant_AntInstallation/ANT_1.8.2/lib/ant-swing.jar
7fecc1a55000-7fecc1a56000 r--s 00000000 09:02 3411596                    /home/jenkins/tools/hudson.tasks.Ant_AntInstallation/ANT_1.8.2/lib/ant-apache-regexp.jar
7fecc1a56000-7fecc1a57000 r--s 00009000 09:02 3411584                    /home/jenkins/tools/hudson.tasks.Ant_AntInstallation/ANT_1.8.2/lib/ant-jsch.jar
7fecc1a57000-7fecc1a58000 r--s 00001000 09:02 3411602                    /home/jenkins/tools/hudson.tasks.Ant_AntInstallation/ANT_1.8.2/lib/ant-antlr.jar
7fecc1a58000-7fecc1a5a000 r--s 00008000 09:02 3411561                    /home/jenkins/tools/hudson.tasks.Ant_AntInstallation/ANT_1.8.2/lib/ant-apache-oro.jar
7fecc1a5a000-7fecc1a5c000 r--s 00017000 09:02 3411582                    /home/jenkins/tools/hudson.tasks.Ant_AntInstallation/ANT_1.8.2/lib/ant-junit.jar
7fecc1a5c000-7fecc1a5d000 r--s 00000000 09:02 3411577                    /home/jenkins/tools/hudson.tasks.Ant_AntInstallation/ANT_1.8.2/lib/ant-apache-log4j.jar
7fecc1a5d000-7fecc1a5e000 r--s 00000000 09:02 3411568                    /home/jenkins/tools/hudson.tasks.Ant_AntInstallation/ANT_1.8.2/lib/ant-apache-resolver.jar
7fecc1a5e000-7fecc1a60000 r--s 00013000 09:02 3411590                    /home/jenkins/tools/hudson.tasks.Ant_AntInstallation/ANT_1.8.2/lib/ant-commons-net.jar
7fecc1a60000-7fecc1a61000 r--s 00000000 09:02 3411574                    /home/jenkins/tools/hudson.tasks.Ant_AntInstallation/ANT_1.8.2/lib/ant-commons-logging.jar
7fecc1a61000-7fecc1a62000 r--s 00000000 09:02 3411593                    /home/jenkins/tools/hudson.tasks.Ant_AntInstallation/ANT_1.8.2/lib/ant-apache-bsf.jar
7fecc1a62000-7fecc1a64000 r--s 00004000 09:02 3411557                    /home/jenkins/tools/hudson.tasks.Ant_AntInstallation/ANT_1.8.2/lib/ant-jai.jar
7fecc1a64000-7fecc1a65000 r--s 00001000 09:02 3411567                    /home/jenkins/tools/hudson.tasks.Ant_AntInstallation/ANT_1.8.2/lib/ant-javamail.jar
7fecc1a65000-7fecc1a66000 r--s 00000000 09:02 3411565                    /home/jenkins/tools/hudson.tasks.Ant_AntInstallation/ANT_1.8.2/lib/ant-apache-xalan2.jar
7fecc1a66000-7fecc1a67000 r--s 00001000 09:02 3411598                    /home/jenkins/tools/hudson.tasks.Ant_AntInstallation/ANT_1.8.2/lib/ant-junit4.jar
7fecc1a67000-7fecc1a68000 r--s 00001000 09:02 3411563                    /home/jenkins/tools/hudson.tasks.Ant_AntInstallation/ANT_1.8.2/lib/ant-jmf.jar
7fecc1a68000-7fecc1a6a000 r--s 00001000 09:02 3411601                    /home/jenkins/tools/hudson.tasks.Ant_AntInstallation/ANT_1.8.2/lib/ant-apache-bcel.jar
7fecc1a6a000-7fecc1a88000 r--s 001bb000 09:02 3411599                    /home/jenkins/tools/hudson.tasks.Ant_AntInstallation/ANT_1.8.2/lib/ant.jar
7fecc1a88000-7fecc1a8a000 r--s 00001000 09:02 3411594                    /home/jenkins/tools/hudson.tasks.Ant_AntInstallation/ANT_1.8.2/lib/ant-jdepend.jar
7fecc1a8a000-7fecc1a9f000 r--s 00116000 09:02 2492456                    /home/jenkins/.ant/lib/ivy-2.3.0.jar
7fecc1a9f000-7fecc1aa1000 r--s 00002000 09:02 3411560                    /home/jenkins/tools/hudson.tasks.Ant_AntInstallation/ANT_1.8.2/lib/ant-launcher.jar
7fecc1aa1000-7fecc1b04000 r--s 00a3a000 09:02 2494334                    /home/jenkins/.ivy2/cache/com.ibm.icu/icu4j/jars/icu4j-54.1.jar
7fecc1b04000-7fecc1b06000 r--s 00012000 09:02 6563540                    /home/jenkins/workspace/Lucene-Solr-trunk-Linux/lucene/build/analysis/icu/lucene-analyzers-icu-6.0.0-SNAPSHOT.jar
7fecc1b06000-7fecc1b08000 r--s 00007000 09:02 2493367                    /home/jenkins/.ivy2/cache/org.objenesis/objenesis/jars/objenesis-1.2.jar
7fecc1b08000-7fecc1b15000 r--s 0008f000 09:02 2883914                    /home/jenkins/.ivy2/cache/org.apache.mina/mina-core/bundles/mina-core-2.0.0-M5.jar
7fecc1b15000-7fecc1b19000 r--s 00028000 09:02 2494394                    /home/jenkins/.ivy2/cache/org.mortbay.jetty/jetty-util/jars/jetty-util-6.1.26.jar
7fecc1b19000-7fecc1b20000 r--s 0007d000 09:02 2494387                    /home/jenkins/.ivy2/cache/org.mortbay.jetty/jetty/jars/jetty-6.1.26.jar
7fecc1b20000-7fecc1b32000 r--s 0009d000 09:02 2493695                    /home/jenkins/.ivy2/cache/com.sun.jersey/jersey-server/bundles/jersey-server-1.9.jar
7fecc1b32000-7fecc1b3c000 r--s 00066000 09:02 2493707                    /home/jenkins/.ivy2/cache/com.sun.jersey/jersey-core/bundles/jersey-core-1.9.jar
7fecc1b3c000-7fecc1b3e000 r--s 00003000 09:02 2621793                    /home/jenkins/.ivy2/cache/org.slf4j/jcl-over-slf4j/jars/jcl-over-slf4j-1.7.7.jar
7fecc1b3e000-7fecc1b50000 r--s 00106000 09:02 2490850                    /home/jenkins/.ivy2/cache/com.fasterxml.jackson.core/jackson-databind/bundles/jackson-databind-2.5.4.jar
7fecc1b50000-7fecc1b52000 r--s 00008000 09:02 2490851                    /home/jenkins/.ivy2/cache/com.fasterxml.jackson.core/jackson-annotations/bundles/jackson-annotations-2.5.4.jar
7fecc1b52000-7fecc1b54000 r--s 00003000 09:02 2490714                    /home/jenkins/.ivy2/cache/org.apache.hadoop/hadoop-minikdc/jars/hadoop-minikdc-2.6.0.jar
7fecc1b54000-7fecc1b75000 r--s 002c3000 09:02 2490713                    /home/jenkins/.ivy2/cache/org.apache.hadoop/hadoop-hdfs/tests/hadoop-hdfs-2.6.0-tests.jar
7fecc1b75000-7fecc1b91000 r--s 00192000 09:02 2490712                    /home/jenkins/.ivy2/cache/org.apache.hadoop/hadoop-common/tests/hadoop-common-2.6.0-tests.jar
7fecc1b91000-7fecc1ba7000 r--s 000e1000 09:02 2883918                    /home/jenkins/.ivy2/cache/net.sf.ehcache/ehcache-core/jars/ehcache-core-2.4.4.jar
7fecc1ba7000-7fecc1baa000 r--s 00019000 09:02 2492569                    /home/jenkins/.ivy2/cache/org.easymock/easymock/jars/easymock-3.0.jar
7fecc1baa000-7fecc1bce000 r--s 001cd000 09:02 2493253                    /home/jenkins/.ivy2/cache/org.apache.commons/commons-math3/jars/commons-math3-3.4.1.jar
7fecc1bce000-7fecc1bd4000 r--s 00049000 09:02 2494352                    /home/jenkins/.ivy2/cache/cglib/cglib-nodep/jars/cglib-nodep-2.2.jar
7fecc1bd4000-7fecc1bf9000 r--s 00172000 09:02 2494077                    /home/jenkins/.ivy2/cache/org.bouncycastle/bcprov-jdk15/jars/bcprov-jdk15-1.45.jar
7fecc1bf9000-7fecc1c4a000 r--s 00254000 09:02 2883910                    /home/jenkins/.ivy2/cache/org.apache.directory.api/api-all/jars/api-all-1.0.0-M20.jar
7fecc1c4a000-7fecc1c4e000 r--s 00028000 09:02 2883908                    /home/jenkins/.ivy2/cache/org.apache.directory.server/apacheds-xdbm-partition/bundles/apacheds-xdbm-partition-2.0.0-M15.jar
7fecc1c4e000-7fecc1c4f000 r--s 00007000 09:02 2883906                    /home/jenkins/.ivy2/cache/org.apache.directory.server/apacheds-protocol-shared/bundles/apacheds-protocol-shared-2.0.0-M15.jar
7fecc1c4f000-7fecc1c53000 r--s 00034000 09:02 2883904                    /home/jenkins/.ivy2/cache/org.apache.directory.server/apacheds-protocol-ldap/bundles/apacheds-protocol-ldap-2.0.0-M15.jar
7fecc1c53000-7fecc1c55000 r--s 00013000 09:02 2883902                    /home/jenkins/.ivy2/cache/org.apache.directory.server/apacheds-protocol-kerberos/bundles/apacheds-protocol-kerberos-2.0.0-M15.jar
7fecc1c55000-7fecc1c57000 r--s 0000a000 09:02 2883900                    /home/jenkins/.ivy2/cache/org.apache.directory.server/apacheds-mavibot-partition/jars/apacheds-mavibot-partition-2.0.0-M15.jar
7fecc1c57000-7fecc1c59000 r--s 00006000 09:02 2883898                    /home/jenkins/.ivy2/cache/org.apache.directory.server/apacheds-ldif-partition/bundles/apacheds-ldif-partition-2.0.0-M15.jar
7fecc1c59000-7fecc1c6b000 r--s 00097000 09:02 2883896                    /home/jenkins/.ivy2/cache/org.apache.directory.server/apacheds-kerberos-codec/bundles/apacheds-kerberos-codec-2.0.0-M15.jar
7fecc1c6b000-7fecc1c6e000 r--s 00017000 09:02 2883912                    /home/jenkins/.ivy2/cache/org.apache.directory.jdbm/apacheds-jdbm1/bundles/apacheds-jdbm1-2.0.0-M2.jar
7fecc1c6e000-7fecc1c70000 r--s 00010000 09:02 2883894                    /home/jenkins/.ivy2/cache/org.apache.directory.server/apacheds-jdbm-partition/bundles/apacheds-jdbm-partition-2.0.0-M15.jar
7fecc1c70000-7fecc1c72000 r--s 0000a000 09:02 2883890                    /home/jenkins/.ivy2/cache/org.apache.directory.server/apacheds-interceptors-trigger/bundles/apacheds-interceptors-trigger-2.0.0-M15.jar
7fecc1c72000-7fecc1c73000 r--s 00006000 09:02 2883888                    /home/jenkins/.ivy2/cache/org.apache.directory.server/apacheds-interceptors-subtree/bundles/apacheds-interceptors-subtree-2.0.0-M15.jar
7fecc1c73000-7fecc1c74000 r--s 00009000 09:02 2883886                    /home/jenkins/.ivy2/cache/org.apache.directory.server/apacheds-interceptors-schema/bundles/apacheds-interceptors-schema-2.0.0-M15.jar
7fecc1c74000-7fecc1c75000 r--s 00002000 09:02 2883884                    /home/jenkins/.ivy2/cache/org.apache.directory.server/apacheds-interceptors-referral/bundles/apacheds-interceptors-referral-2.0.0-M15.jar
7fecc1c75000-7fecc1c76000 r--s 00003000 09:02 2883882                    /home/jenkins/.ivy2/cache/org.apache.directory.server/apacheds-interceptors-operational/bundles/apacheds-interceptors-operational-2.0.0-M15.jar
7fecc1c76000-7fecc1c77000 r--s 00003000 09:02 2883880                    /home/jenkins/.ivy2/cache/org.apache.directory.server/apacheds-interceptors-normalization/bundles/apacheds-interceptors-normalization-2.0.0-M15.jar
7fecc1c77000-7fecc1c78000 r--s 00003000 09:02 2883878                    /home/jenkins/.ivy2/cache/org.apache.directory.server/apacheds-interceptors-journal/bundles/apacheds-interceptors-journal-2.0.0-M15.jar
7fecc1c78000-7fecc1c79000 r--s 00002000 09:02 2883876                    /home/jenkins/.ivy2/cache/org.apache.directory.server/apacheds-interceptors-exception/bundles/apacheds-interceptors-exception-2.0.0-M15.jar
7fecc1c79000-7fecc1c7a000 r--s 00004000 09:02 2883874                    /home/jenkins/.ivy2/cache/org.apache.directory.server/apacheds-interceptors-event/bundles/apacheds-interceptors-event-2.0.0-M15.jar
7fecc1c7a000-7fecc1c7b000 r--s 00003000 09:02 2883872                    /home/jenkins/.ivy2/cache/org.apache.directory.server/apacheds-interceptors-collective/bundles/apacheds-interceptors-collective-2.0.0-M15.jar
7fecc1c7b000-7fecc1c7d000 r--s 00004000 09:02 2883870                    /home/jenkins/.ivy2/cache/org.apache.directory.server/apacheds-interceptors-changelog/bundles/apacheds-interceptors-changelog-2.0.0-M15.jar
7fecc1c7d000-7fecc1c7f000 r--s 0000e000 09:02 2883868                    /home/jenkins/.ivy2/cache/org.apache.directory.server/apacheds-interceptors-authz/bundles/apacheds-interceptors-authz-2.0.0-M15.jar
7fecc1c7f000-7fecc1c81000 r--s 00009000 09:02 2883866                    /home/jenkins/.ivy2/cache/org.apache.directory.server/apacheds-interceptors-authn/bundles/apacheds-interceptors-authn-2.0.0-M15.jar
7fecc1c81000-7fecc1c82000 r--s 00004000 09:02 2883864                    /home/jenkins/.ivy2/cache/org.apache.directory.server/apacheds-interceptors-admin/bundles/apacheds-interceptors-admin-2.0.0-M15.jar
7fecc1c82000-7fecc1c83000 r--s 00003000 09:02 2883862                    /home/jenkins/.ivy2/cache/org.apache.directory.server/apacheds-interceptor-kerberos/bundles/apacheds-interceptor-kerberos-2.0.0-M15.jar
7fecc1c83000-7fecc1c84000 r--s 0000a000 09:02 2883892                    /home/jenkins/.ivy2/cache/org.apache.directory.server/apacheds-i18n/bundles/apacheds-i18n-2.0.0-M15.jar
7fecc1c84000-7fecc1c86000 r--s 00008000 09:02 2883860                    /home/jenkins/.ivy2/cache/org.apache.directory.server/apacheds-core-shared/bundles/apacheds-core-shared-2.0.0-M15.jar
7fecc1c86000-7fecc1c87000 r--s 0000e000 09:02 2883858                    /home/jenkins/.ivy2/cache/org.apache.directory.server/apacheds-core-avl/bundles/apacheds-core-avl-2.0.0-M15.jar
7fecc1c87000-7fecc1c8d000 r--s 0003a000 09:02 2883856                    /home/jenkins/.ivy2/cache/org.apache.directory.server/apacheds-core-api/bundles/apacheds-core-api-2.0.0-M15.jar
7fecc1c8d000-7fecc1c8f000 r--s 0000a000 09:02 2883854                    /home/jenkins/.ivy2/cache/org.apache.directory.server/apacheds-core/bundles/apacheds-core-2.0.0-M15.jar
7fecc1c8f000-7fecc1c94000 r--s 00068000 09:02 2883916                    /home/jenkins/.ivy2/cache/antlr/antlr/jars/antlr-2.7.7.jar
7fecc1c94000-7fecc1c97000 ---p 00000000 00:00 0 
7fecc1c97000-7fecc1f95000 rw-p 00000000 00:00 0                          [stack:14923]
7fecc1f95000-7fecc1f9a000 r--s 0002f000 09:02 2490798                    /home/jenkins/.ivy2/cache/com.carrotsearch.randomizedtesting/randomizedtesting-runner/jars/randomizedtesting-runner-2.1.13.jar
7fecc1f9a000-7fecc1f9f000 r-xp 00000000 09:02 4588714                    /home/jenkins/tools/java/64bit/jdk1.9.0-ea-b72/lib/amd64/libmanagement_ext.so
7fecc1f9f000-7fecc219e000 ---p 00005000 09:02 4588714                    /home/jenkins/tools/java/64bit/jdk1.9.0-ea-b72/lib/amd64/libmanagement_ext.so
7fecc219e000-7fecc219f000 rw-p 00004000 09:02 4588714                    /home/jenkins/tools/java/64bit/jdk1.9.0-ea-b72/lib/amd64/libmanagement_ext.so
7fecc219f000-7fecc21f9000 r--s 0006b000 09:02 4588580                    /home/jenkins/tools/java/64bit/jdk1.9.0-ea-b72/lib/modules/bootmodules.jimage
7fecc21f9000-7fecc2245000 r--s 00020000 09:02 4588580                    /home/jenkins/tools/java/64bit/jdk1.9.0-ea-b72/lib/modules/bootmodules.jimage
7fecc2245000-7fecc2256000 r--s 00010000 09:02 4588580                    /home/jenkins/tools/java/64bit/jdk1.9.0-ea-b72/lib/modules/bootmodules.jimage
7fecc2256000-7fecc2267000 r--s 00000000 09:02 4588580                    /home/jenkins/tools/java/64bit/jdk1.9.0-ea-b72/lib/modules/bootmodules.jimage
7fecc2268000-7fecc226c000 r-xp 00000000 09:02 4588718                    /home/jenkins/tools/java/64bit/jdk1.9.0-ea-b72/lib/amd64/libmanagement.so
7fecc226c000-7fecc246b000 ---p 00004000 09:02 4588718                    /home/jenkins/tools/java/64bit/jdk1.9.0-ea-b72/lib/amd64/libmanagement.so
7fecc246b000-7fecc246c000 rw-p 00003000 09:02 4588718                    /home/jenkins/tools/java/64bit/jdk1.9.0-ea-b72/lib/amd64/libmanagement.so
7fecc246c000-7fecc246f000 ---p 00000000 00:00 0 
7fecc246f000-7fecc256d000 rw-p 00000000 00:00 0                          [stack:7455]
7fecc256d000-7fecc2574000 r--s 00037000 09:02 2494287                    /home/jenkins/.ivy2/cache/junit/junit/jars/junit-4.10.jar
7fecc2574000-7fecc257d000 r--s 000a4000 09:02 2494053                    /home/jenkins/.ivy2/cache/hsqldb/hsqldb/jars/hsqldb-1.8.0.10.jar
7fecc257d000-7fecc25a6000 r--s 0026c000 09:02 2493174                    /home/jenkins/.ivy2/cache/org.apache.derby/derby/jars/derby-10.9.1.0.jar
7fecc25a6000-7fecc25a7000 r--s 0000a000 09:02 2624026                    /home/jenkins/.ivy2/cache/org.eclipse.jetty/jetty-xml/jars/jetty-xml-9.2.11.v20150529.jar
7fecc25a7000-7fecc25a9000 r--s 00019000 09:02 2624025                    /home/jenkins/.ivy2/cache/org.eclipse.jetty/jetty-webapp/jars/jetty-webapp-9.2.11.v20150529.jar
7fecc25a9000-7fecc25af000 r--s 00052000 09:02 2624003                    /home/jenkins/.ivy2/cache/org.eclipse.jetty/jetty-util/jars/jetty-util-9.2.11.v20150529.jar
7fecc25af000-7fecc25b1000 r--s 0001c000 09:02 2624024                    /home/jenkins/.ivy2/cache/org.eclipse.jetty/jetty-servlets/jars/jetty-servlets-9.2.11.v20150529.jar
7fecc25b1000-7fecc25b4000 r--s 0001a000 09:02 2490825                    /home/jenkins/.ivy2/cache/org.eclipse.jetty/jetty-servlet/jars/jetty-servlet-9.2.11.v20150529.jar
7fecc25b4000-7fecc25ba000 r--s 00061000 09:02 2624002                    /home/jenkins/.ivy2/cache/org.eclipse.jetty/jetty-server/jars/jetty-server-9.2.11.v20150529.jar
7fecc25ba000-7fecc25bd000 r--s 00015000 09:02 2624023                    /home/jenkins/.ivy2/cache/org.eclipse.jetty/jetty-security/jars/jetty-security-9.2.11.v20150529.jar
7fecc25bd000-7fecc25bf000 r--s 00006000 09:02 4325419                    /home/jenkins/.ivy2/cache/org.eclipse.jetty/jetty-rewrite/jars/jetty-rewrite-9.2.11.v20150529.jar
7fecc25bf000-7fecc25c0000 r--s 00005000 09:02 2490829                    /home/jenkins/.ivy2/cache/org.eclipse.jetty/jetty-jmx/jars/jetty-jmx-9.2.11.v20150529.jar
7fecc25c0000-7fecc25c3000 r--s 00018000 09:02 2624004                    /home/jenkins/.ivy2/cache/org.eclipse.jetty/jetty-io/jars/jetty-io-9.2.11.v20150529.jar
7fecc25c3000-7fecc25c5000 r--s 00018000 09:02 2624006                    /home/jenkins/.ivy2/cache/org.eclipse.jetty/jetty-http/jars/jetty-http-9.2.11.v20150529.jar
7fecc25c5000-7fecc25c7000 r--s 0000b000 09:02 2624022                    /home/jenkins/.ivy2/cache/org.eclipse.jetty/jetty-deploy/jars/jetty-deploy-9.2.11.v20150529.jar
7fecc25c7000-7fecc25c8000 r--s 00003000 09:02 2624005                    /home/jenkins/.ivy2/cache/org.eclipse.jetty/jetty-continuation/jars/jetty-continuation-9.2.11.v20150529.jar
7fecc25c8000-7fecc25cb000 r--s 00015000 09:02 2493763                    /home/jenkins/.ivy2/cache/javax.servlet/javax.servlet-api/jars/javax.servlet-api-3.1.0.jar
7fecc25cb000-7fecc25d7000 r--s 000b6000 09:02 2494323                    /home/jenkins/.ivy2/cache/org.apache.zookeeper/zookeeper/jars/zookeeper-3.4.6.jar
7fecc25d7000-7fecc25dd000 r--s 00071000 09:02 2492590                    /home/jenkins/.ivy2/cache/org.codehaus.woodstox/woodstox-core-asl/jars/woodstox-core-asl-4.4.1.jar
7fecc25dd000-7fecc25e1000 r--s 00024000 09:02 2492578                    /home/jenkins/.ivy2/cache/org.codehaus.woodstox/stax2-api/bundles/stax2-api-3.1.4.jar
7fecc25e1000-7fecc25e3000 r--s 00006000 09:02 2621783                    /home/jenkins/.ivy2/cache/org.slf4j/slf4j-api/jars/slf4j-api-1.7.7.jar
7fecc25e3000-7fecc25e4000 r--s 00006000 09:02 2494204                    /home/jenkins/.ivy2/cache/org.noggit/noggit/jars/noggit-0.6.jar
7fecc25e4000-7fecc25e5000 r--s 00009000 09:02 2623936                    /home/jenkins/.ivy2/cache/org.apache.httpcomponents/httpmime/jars/httpmime-4.4.1.jar
7fecc25e5000-7fecc25ec000 r--s 00048000 09:02 2623932                    /home/jenkins/.ivy2/cache/org.apache.httpcomponents/httpcore/jars/httpcore-4.4.1.jar
7fecc25ec000-7fecc25f9000 r--s 000a4000 09:02 2623931                    /home/jenkins/.ivy2/cache/org.apache.httpcomponents/httpclient/jars/httpclient-4.4.1.jar
7fecc25f9000-7fecc25fd000 r--s 0002a000 09:02 2492908                    /home/jenkins/.ivy2/cache/commons-io/commons-io/jars/commons-io-2.4.jar
7fecc25fd000-7fecc25fe000 r--s 0000e000 09:02 4460309                    /home/jenkins/.ivy2/cache/com.tdunning/t-digest/jars/t-digest-3.1.jar
7fecc25fe000-7fecc2600000 r--s 00017000 09:02 2494297                    /home/jenkins/.ivy2/cache/com.spatial4j/spatial4j/bundles/spatial4j-0.4.1.jar
7fecc2600000-7fecc2602000 r--s 0000c000 09:02 4326589                    /home/jenkins/.ivy2/cache/io.airlift/slice/jars/slice-0.10.jar
7fecc2602000-7fecc2604000 r--s 00001000 09:02 2621815                    /home/jenkins/.ivy2/cache/org.slf4j/slf4j-log4j12/jars/slf4j-log4j12-1.7.7.jar
7fecc2604000-7fecc260c000 r--s 0007b000 09:02 2493861                    /home/jenkins/.ivy2/cache/com.google.protobuf/protobuf-java/bundles/protobuf-java-2.5.0.jar
7fecc260c000-7fecc2614000 r--s 00068000 09:02 4326626                    /home/jenkins/.ivy2/cache/com.facebook.presto/presto-parser/jars/presto-parser-0.108.jar
7fecc2614000-7fecc261d000 r--s 000a4000 09:02 2493322                    /home/jenkins/.ivy2/cache/org.restlet.jee/org.restlet/jars/org.restlet-2.3.0.jar
7fecc261d000-7fecc2626000 r--s 0006f000 09:02 2494433                    /home/jenkins/.ivy2/cache/log4j/log4j/bundles/log4j-1.2.17.jar
7fecc2626000-7fecc2636000 r--s 0007d000 09:02 2494061                    /home/jenkins/.ivy2/cache/joda-time/joda-time/jars/joda-time-2.2.jar
7fecc2636000-7fecc2638000 r--s 00011000 09:02 4326503                    /home/jenkins/.ivy2/cache/com.fasterxml.jackson.dataformat/jackson-dataformat-smile/bundles/jackson-dataformat-smile-2.5.4.jar
7fecc2638000-7fecc263c000 r--s 00035000 09:02 2490843                    /home/jenkins/.ivy2/cache/com.fasterxml.jackson.core/jackson-core/bundles/jackson-core-2.5.4.jar
7fecc263c000-7fecc263e000 r--s 00006000 09:02 4460285                    /home/jenkins/.ivy2/cache/org.htrace/htrace-core/jars/htrace-core-3.0.4.jar
7fecc263e000-7fecc2656000 r--s 00123000 09:02 2493378                    /home/jenkins/.ivy2/cache/com.carrotsearch/hppc/jars/hppc-0.5.2.jar
7fecc2656000-7fecc2658000 r--s 00006000 09:02 5113716                    /home/jenkins/.ivy2/cache/net.agkn/hll/jars/hll-1.6.0.jar
7fecc2658000-7fecc26bd000 r--s 00711000 09:02 2490706                    /home/jenkins/.ivy2/cache/org.apache.hadoop/hadoop-hdfs/jars/hadoop-hdfs-2.6.0.jar
7fecc26bd000-7fecc26f3000 r--s 002ff000 09:02 2490705                    /home/jenkins/.ivy2/cache/org.apache.hadoop/hadoop-common/jars/hadoop-common-2.6.0.jar
7fecc26f3000-7fecc26f5000 r--s 0000f000 09:02 2490708                    /home/jenkins/.ivy2/cache/org.apache.hadoop/hadoop-auth/jars/hadoop-auth-2.6.0.jar
7fecc26f5000-7fecc26f7000 r--s 00003000 09:02 2490707                    /home/jenkins/.ivy2/cache/org.apache.hadoop/hadoop-annotations/jars/hadoop-annotations-2.6.0.jar
7fecc26f7000-7fecc2720000 r--s 001ee000 09:02 2493722                    /home/jenkins/.ivy2/cache/com.google.guava/guava/bundles/guava-14.0.1.jar
7fecc2720000-7fecc274a000 rw-p 00000000 00:00 0 
7fecc274a000-7fecc2870000 r--s 00eff000 09:02 5113718                    /home/jenkins/.ivy2/cache/it.unimi.dsi/fastutil/jars/fastutil-6.5.11.jar
7fecc2870000-7fecc2875000 r--s 00048000 09:02 2492632                    /home/jenkins/.ivy2/cache/dom4j/dom4j/jars/dom4j-1.6.1.jar
7fecc2875000-7fecc287a000 r--s 00041000 09:02 2621834                    /home/jenkins/.ivy2/cache/commons-lang/commons-lang/jars/commons-lang-2.6.jar
7fecc287a000-7fecc287d000 r--s 0000c000 09:02 2494424                    /home/jenkins/.ivy2/cache/commons-fileupload/commons-fileupload/jars/commons-fileupload-1.2.1.jar
7fecc287d000-7fecc2883000 r--s 00043000 09:02 2493734                    /home/jenkins/.ivy2/cache/commons-configuration/commons-configuration/jars/commons-configuration-1.6.jar
7fecc2883000-7fecc2891000 r--s 0007f000 09:02 2494254                    /home/jenkins/.ivy2/cache/commons-collections/commons-collections/jars/commons-collections-3.2.1.jar
7fecc2891000-7fecc2898000 r--s 0003f000 09:02 2621703                    /home/jenkins/.ivy2/cache/commons-codec/commons-codec/jars/commons-codec-1.10.jar
7fecc2898000-7fecc289a000 r--s 00009000 09:02 2493912                    /home/jenkins/.ivy2/cache/commons-cli/commons-cli/jars/commons-cli-1.2.jar
7fecc289a000-7fecc28d0000 r--s 001cc000 09:02 4456614                    /home/jenkins/.ivy2/cache/com.github.ben-manes.caffeine/caffeine/jars/caffeine-1.0.1.jar
7fecc28d0000-7fecc28d2000 r--s 00008000 09:02 2494158                    /home/jenkins/.ivy2/cache/org.ow2.asm/asm-commons/jars/asm-commons-4.1.jar
7fecc28d2000-7fecc28d9000 r--s 00055000 09:02 4326587                    /home/jenkins/.ivy2/cache/org.antlr/antlr4-runtime/jars/antlr4-runtime-4.5.jar
7fecc28d9000-7fecc28dc000 r--s 00026000 09:02 2493890                    /home/jenkins/.ivy2/cache/org.antlr/antlr-runtime/jars/antlr-runtime-3.5.jar
7fecc28dc000-7fecc28df000 r--s 0002a000 09:02 6560664                    /home/jenkins/workspace/Lucene-Solr-trunk-Linux/lucene/build/sandbox/lucene-sandbox-6.0.0-SNAPSHOT.jar
7fecc28df000-7fecc28e2000 r--s 0001a000 09:02 6561167                    /home/jenkins/workspace/Lucene-Solr-trunk-Linux/lucene/build/join/lucene-join-6.0.0-SNAPSHOT.jar
7fecc28e2000-7fecc28ec000 r--s 00055000 09:02 6560970                    /home/jenkins/workspace/Lucene-Solr-trunk-Linux/lucene/build/queryparser/lucene-queryparser-6.0.0-SNAPSHOT.jar
7fecc28ec000-7fecc28f2000 r--s 0002b000 09:02 6560546                    /home/jenkins/workspace/Lucene-Solr-trunk-Linux/lucene/build/queries/lucene-queries-6.0.0-SNAPSHOT.jar
7fecc28f2000-7fecc28f5000 r--s 00018000 09:02 6561078                    /home/jenkins/workspace/Lucene-Solr-trunk-Linux/lucene/build/grouping/lucene-grouping-6.0.0-SNAPSHOT.jar
7fecc28f5000-7fecc28fa000 r--s 00037000 09:02 6563550                    /home/jenkins/workspace/Lucene-Solr-trunk-Linux/lucene/build/suggest/lucene-suggest-6.0.0-SNAPSHOT.jar
7fecc28fa000-7fecc28fc000 r--s 00011000 09:02 6562214                    /home/jenkins/workspace/Lucene-Solr-trunk-Linux/lucene/build/expressions/lucene-expressions-6.0.0-SNAPSHOT.jar
7fecc28fc000-7fecc28fd000 ---p 00000000 00:00 0 
7fecc28fd000-7fecc29fd000 rw-p 00000000 00:00 0                          [stack:7444]
7fecc29fd000-7fecc2a00000 ---p 00000000 00:00 0 
7fecc2a00000-7fecc2afe000 rw-p 00000000 00:00 0                          [stack:7443]
7fecc2afe000-7fecc2b01000 ---p 00000000 00:00 0 
7fecc2b01000-7fecc2bff000 rw-p 00000000 00:00 0                          [stack:7442]
7fecc2bff000-7fecc2c02000 ---p 00000000 00:00 0 
7fecc2c02000-7fecc2d00000 rw-p 00000000 00:00 0                          [stack:7441]
7fecc2d00000-7fecc2d03000 ---p 00000000 00:00 0 
7fecc2d03000-7fecc2e01000 rw-p 00000000 00:00 0                          [stack:7440]
7fecc2e01000-7fecc2e04000 ---p 00000000 00:00 0 
7fecc2e04000-7fecc2f02000 rw-p 00000000 00:00 0                          [stack:7439]
7fecc2f02000-7fecc2f05000 ---p 00000000 00:00 0 
7fecc2f05000-7fecc3003000 rw-p 00000000 00:00 0                          [stack:7438]
7fecc3003000-7fecc3006000 ---p 00000000 00:00 0 
7fecc3006000-7fecc3104000 rw-p 00000000 00:00 0                          [stack:7437]
7fecc3104000-7fecc3136000 r--s 0014b000 09:02 2490797                    /home/jenkins/.ivy2/cache/com.carrotsearch.randomizedtesting/junit4-ant/jars/junit4-ant-2.1.13.jar
7fecc3136000-7fecc31c7000 r--s 0109d000 09:02 4588702                    /home/jenkins/tools/java/64bit/jdk1.9.0-ea-b72/lib/jfxrt.jar
7fecc31c7000-7fecc31d7000 r-xp 00000000 09:02 4588722                    /home/jenkins/tools/java/64bit/jdk1.9.0-ea-b72/lib/amd64/libnio.so
7fecc31d7000-7fecc33d7000 ---p 00010000 09:02 4588722                    /home/jenkins/tools/java/64bit/jdk1.9.0-ea-b72/lib/amd64/libnio.so
7fecc33d7000-7fecc33d8000 rw-p 00010000 09:02 4588722                    /home/jenkins/tools/java/64bit/jdk1.9.0-ea-b72/lib/amd64/libnio.so
7fecc33d8000-7fecc3559000 rw-p 00000000 00:00 0 
7fecc3559000-7fecc356e000 r-xp 00000000 09:02 4588729                    /home/jenkins/tools/java/64bit/jdk1.9.0-ea-b72/lib/amd64/libnet.so
7fecc356e000-7fecc376e000 ---p 00015000 09:02 4588729                    /home/jenkins/tools/java/64bit/jdk1.9.0-ea-b72/lib/amd64/libnet.so
7fecc376e000-7fecc376f000 rw-p 00015000 09:02 4588729                    /home/jenkins/tools/java/64bit/jdk1.9.0-ea-b72/lib/amd64/libnet.so
7fecc376f000-7fecc3a38000 r--p 00000000 09:02 9830540                    /usr/lib/locale/locale-archive
7fecc3a38000-7fecc3a3b000 ---p 00000000 00:00 0 
7fecc3a3b000-7fecc3b39000 rw-p 00000000 00:00 0                          [stack:7426]
7fecc3b39000-7fecc3b3c000 ---p 00000000 00:00 0 
7fecc3b3c000-7fecc3c3a000 rw-p 00000000 00:00 0                          [stack:7425]
7fecc3c3a000-7fecc3c3b000 ---p 00000000 00:00 0 
7fecc3c3b000-7fecc3d3b000 rw-p 00000000 00:00 0                          [stack:7423]
7fecc3d3b000-7fecc3e00000 r--p 00000000 09:02 4588580                    /home/jenkins/tools/java/64bit/jdk1.9.0-ea-b72/lib/modules/bootmodules.jimage
7fecc3e00000-7fecc4600000 rw-p 00000000 00:00 0 
7fecc4600000-7feccefe0000 rw-p 00000000 00:00 0 
7feccefe0000-7feccf0a0000 ---p 00000000 00:00 0 
7feccf0a0000-7fece4600000 rw-p 00000000 00:00 0 
7fece4600000-7fece4601000 r--s 00005000 09:02 2493311                    /home/jenkins/.ivy2/cache/org.restlet.jee/org.restlet.ext.servlet/jars/org.restlet.ext.servlet-2.3.0.jar
7fece4601000-7fece4605000 r--s 0002e000 09:02 6561741                    /home/jenkins/workspace/Lucene-Solr-trunk-Linux/lucene/build/spatial/lucene-spatial-6.0.0-SNAPSHOT.jar
7fece4605000-7fece4609000 r--s 00026000 09:02 6561523                    /home/jenkins/workspace/Lucene-Solr-trunk-Linux/lucene/build/misc/lucene-misc-6.0.0-SNAPSHOT.jar
7fece4609000-7fece460b000 r--s 00007000 09:02 6560995                    /home/jenkins/workspace/Lucene-Solr-trunk-Linux/lucene/build/memory/lucene-memory-6.0.0-SNAPSHOT.jar
7fece460b000-7fece460e000 r--s 00020000 09:02 6561268                    /home/jenkins/workspace/Lucene-Solr-trunk-Linux/lucene/build/highlighter/lucene-highlighter-6.0.0-SNAPSHOT.jar
7fece460e000-7fece461f000 r--s 00156000 09:02 6559313                    /home/jenkins/workspace/Lucene-Solr-trunk-Linux/lucene/build/analysis/common/lucene-analyzers-common-6.0.0-SNAPSHOT.jar
7fece461f000-7fece4645000 r--s 0002c000 09:02 4588581                    /home/jenkins/tools/java/64bit/jdk1.9.0-ea-b72/lib/modules/appmodules.jimage
7fece4645000-7fece4681000 r--s 00036000 09:02 4588579                    /home/jenkins/tools/java/64bit/jdk1.9.0-ea-b72/lib/modules/extmodules.jimage
7fece4681000-7fece474c000 rw-p 00000000 00:00 0 
7fece474c000-7fece47f7000 rw-p 00000000 00:00 0 
7fece47f7000-7fece4844000 rw-p 00000000 00:00 0 
7fece4844000-7fece48e3000 ---p 00000000 00:00 0 
7fece48e3000-7fece4942000 rw-p 00000000 00:00 0 
7fece4942000-7fece49ce000 ---p 00000000 00:00 0 
7fece49ce000-7fece4c3e000 rwxp 00000000 00:00 0 
7fece4c3e000-7fece4f5f000 ---p 00000000 00:00 0 
7fece4f5f000-7fece7eaf000 rwxp 00000000 00:00 0 
7fece7eaf000-7fecec496000 ---p 00000000 00:00 0 
7fecec496000-7feceea36000 rwxp 00000000 00:00 0 
7feceea36000-7fecf39ce000 ---p 00000000 00:00 0 
7fecf39ce000-7fecf39e8000 r-xp 00000000 09:02 4588734                    /home/jenkins/tools/java/64bit/jdk1.9.0-ea-b72/lib/amd64/libzip.so
7fecf39e8000-7fecf3be7000 ---p 0001a000 09:02 4588734                    /home/jenkins/tools/java/64bit/jdk1.9.0-ea-b72/lib/amd64/libzip.so
7fecf3be7000-7fecf3be8000 rw-p 00019000 09:02 4588734                    /home/jenkins/tools/java/64bit/jdk1.9.0-ea-b72/lib/amd64/libzip.so
7fecf3be8000-7fecf3bf3000 r-xp 00000000 09:02 5767363                    /lib/x86_64-linux-gnu/libnss_files-2.19.so
7fecf3bf3000-7fecf3df2000 ---p 0000b000 09:02 5767363                    /lib/x86_64-linux-gnu/libnss_files-2.19.so
7fecf3df2000-7fecf3df3000 r--p 0000a000 09:02 5767363                    /lib/x86_64-linux-gnu/libnss_files-2.19.so
7fecf3df3000-7fecf3df4000 rw-p 0000b000 09:02 5767363                    /lib/x86_64-linux-gnu/libnss_files-2.19.so
7fecf3df4000-7fecf3dff000 r-xp 00000000 09:02 5767389                    /lib/x86_64-linux-gnu/libnss_nis-2.19.so
7fecf3dff000-7fecf3ffe000 ---p 0000b000 09:02 5767389                    /lib/x86_64-linux-gnu/libnss_nis-2.19.so
7fecf3ffe000-7fecf3fff000 r--p 0000a000 09:02 5767389                    /lib/x86_64-linux-gnu/libnss_nis-2.19.so
7fecf3fff000-7fecf4000000 rw-p 0000b000 09:02 5767389                    /lib/x86_64-linux-gnu/libnss_nis-2.19.so
7fecf4000000-7fecf47b9000 rw-p 00000000 00:00 0 
7fecf47b9000-7fecf8000000 ---p 00000000 00:00 0 
7fecf8000000-7fecf8001000 r--s 0000b000 09:02 2494147                    /home/jenkins/.ivy2/cache/org.ow2.asm/asm/jars/asm-4.1.jar
7fecf8001000-7fecf8008000 r--s 0005f000 09:02 6561743                    /home/jenkins/workspace/Lucene-Solr-trunk-Linux/lucene/build/codecs/lucene-codecs-6.0.0-SNAPSHOT.jar
7fecf8008000-7fecf800a000 r--s 00005000 09:02 6563546                    /home/jenkins/workspace/Lucene-Solr-trunk-Linux/lucene/build/analysis/phonetic/lucene-analyzers-phonetic-6.0.0-SNAPSHOT.jar
7fecf800a000-7fecf8029000 r--s 0000e000 09:02 4588581                    /home/jenkins/tools/java/64bit/jdk1.9.0-ea-b72/lib/modules/appmodules.jimage
7fecf8029000-7fecf8031000 r--s 00007000 09:02 4588581                    /home/jenkins/tools/java/64bit/jdk1.9.0-ea-b72/lib/modules/appmodules.jimage
7fecf8031000-7fecf8039000 r--s 00000000 09:02 4588581                    /home/jenkins/tools/java/64bit/jdk1.9.0-ea-b72/lib/modules/appmodules.jimage
7fecf8039000-7fecf8060000 r--s 00010000 09:02 4588579                    /home/jenkins/tools/java/64bit/jdk1.9.0-ea-b72/lib/modules/extmodules.jimage
7fecf8060000-7fecf8069000 r--s 00008000 09:02 4588579                    /home/jenkins/tools/java/64bit/jdk1.9.0-ea-b72/lib/modules/extmodules.jimage
7fecf8069000-7fecf80c4000 rw-p 00000000 00:00 0 
7fecf80c4000-7fecf80db000 r-xp 00000000 09:02 5767375                    /lib/x86_64-linux-gnu/libnsl-2.19.so
7fecf80db000-7fecf82da000 ---p 00017000 09:02 5767375                    /lib/x86_64-linux-gnu/libnsl-2.19.so
7fecf82da000-7fecf82db000 r--p 00016000 09:02 5767375                    /lib/x86_64-linux-gnu/libnsl-2.19.so
7fecf82db000-7fecf82dc000 rw-p 00017000 09:02 5767375                    /lib/x86_64-linux-gnu/libnsl-2.19.so
7fecf82dc000-7fecf82de000 rw-p 00000000 00:00 0 
7fecf82de000-7fecf82e7000 r-xp 00000000 09:02 5767374                    /lib/x86_64-linux-gnu/libnss_compat-2.19.so
7fecf82e7000-7fecf84e6000 ---p 00009000 09:02 5767374                    /lib/x86_64-linux-gnu/libnss_compat-2.19.so
7fecf84e6000-7fecf84e7000 r--p 00008000 09:02 5767374                    /lib/x86_64-linux-gnu/libnss_compat-2.19.so
7fecf84e7000-7fecf84e8000 rw-p 00009000 09:02 5767374                    /lib/x86_64-linux-gnu/libnss_compat-2.19.so
7fecf84e8000-7fecf8514000 r-xp 00000000 09:02 4588766                    /home/jenkins/tools/java/64bit/jdk1.9.0-ea-b72/lib/amd64/libjava.so
7fecf8514000-7fecf8714000 ---p 0002c000 09:02 4588766                    /home/jenkins/tools/java/64bit/jdk1.9.0-ea-b72/lib/amd64/libjava.so
7fecf8714000-7fecf8716000 rw-p 0002c000 09:02 4588766                    /home/jenkins/tools/java/64bit/jdk1.9.0-ea-b72/lib/amd64/libjava.so
7fecf8716000-7fecf8723000 r-xp 00000000 09:02 4588756                    /home/jenkins/tools/java/64bit/jdk1.9.0-ea-b72/lib/amd64/libverify.so
7fecf8723000-7fecf8922000 ---p 0000d000 09:02 4588756                    /home/jenkins/tools/java/64bit/jdk1.9.0-ea-b72/lib/amd64/libverify.so
7fecf8922000-7fecf8924000 rw-p 0000c000 09:02 4588756                    /home/jenkins/tools/java/64bit/jdk1.9.0-ea-b72/lib/amd64/libverify.so
7fecf8924000-7fecf892b000 r-xp 00000000 09:02 5767386                    /lib/x86_64-linux-gnu/librt-2.19.so
7fecf892b000-7fecf8b2a000 ---p 00007000 09:02 5767386                    /lib/x86_64-linux-gnu/librt-2.19.so
7fecf8b2a000-7fecf8b2b000 r--p 00006000 09:02 5767386                    /lib/x86_64-linux-gnu/librt-2.19.so
7fecf8b2b000-7fecf8b2c000 rw-p 00007000 09:02 5767386                    /lib/x86_64-linux-gnu/librt-2.19.so
7fecf8b2c000-7fecf8c31000 r-xp 00000000 09:02 5767234                    /lib/x86_64-linux-gnu/libm-2.19.so
7fecf8c31000-7fecf8e30000 ---p 00105000 09:02 5767234                    /lib/x86_64-linux-gnu/libm-2.19.so
7fecf8e30000-7fecf8e31000 r--p 00104000 09:02 5767234                    /lib/x86_64-linux-gnu/libm-2.19.so
7fecf8e31000-7fecf8e32000 rw-p 00105000 09:02 5767234                    /lib/x86_64-linux-gnu/libm-2.19.so
7fecf8e32000-7fecf9b30000 r-xp 00000000 09:02 4588751                    /home/jenkins/tools/java/64bit/jdk1.9.0-ea-b72/lib/amd64/server/libjvm.so
7fecf9b30000-7fecf9d2f000 ---p 00cfe000 09:02 4588751                    /home/jenkins/tools/java/64bit/jdk1.9.0-ea-b72/lib/amd64/server/libjvm.so
7fecf9d2f000-7fecf9de2000 r--p 00cfd000 09:02 4588751                    /home/jenkins/tools/java/64bit/jdk1.9.0-ea-b72/lib/amd64/server/libjvm.so
7fecf9de2000-7fecf9e14000 rw-p 00db0000 09:02 4588751                    /home/jenkins/tools/java/64bit/jdk1.9.0-ea-b72/lib/amd64/server/libjvm.so
7fecf9e14000-7fecf9e6a000 rw-p 00000000 00:00 0 
7fecf9e6a000-7fecfa025000 r-xp 00000000 09:02 5767381                    /lib/x86_64-linux-gnu/libc-2.19.so
7fecfa025000-7fecfa224000 ---p 001bb000 09:02 5767381                    /lib/x86_64-linux-gnu/libc-2.19.so
7fecfa224000-7fecfa228000 r--p 001ba000 09:02 5767381                    /lib/x86_64-linux-gnu/libc-2.19.so
7fecfa228000-7fecfa22a000 rw-p 001be000 09:02 5767381                    /lib/x86_64-linux-gnu/libc-2.19.so
7fecfa22a000-7fecfa22f000 rw-p 00000000 00:00 0 
7fecfa22f000-7fecfa232000 r-xp 00000000 09:02 5767369                    /lib/x86_64-linux-gnu/libdl-2.19.so
7fecfa232000-7fecfa431000 ---p 00003000 09:02 5767369                    /lib/x86_64-linux-gnu/libdl-2.19.so
7fecfa431000-7fecfa432000 r--p 00002000 09:02 5767369                    /lib/x86_64-linux-gnu/libdl-2.19.so
7fecfa432000-7fecfa433000 rw-p 00003000 09:02 5767369                    /lib/x86_64-linux-gnu/libdl-2.19.so
7fecfa433000-7fecfa448000 r-xp 00000000 09:02 4588762                    /home/jenkins/tools/java/64bit/jdk1.9.0-ea-b72/lib/amd64/jli/libjli.so
7fecfa448000-7fecfa647000 ---p 00015000 09:02 4588762                    /home/jenkins/tools/java/64bit/jdk1.9.0-ea-b72/lib/amd64/jli/libjli.so
7fecfa647000-7fecfa648000 rw-p 00014000 09:02 4588762                    /home/jenkins/tools/java/64bit/jdk1.9.0-ea-b72/lib/amd64/jli/libjli.so
7fecfa648000-7fecfa661000 r-xp 00000000 09:02 5767382                    /lib/x86_64-linux-gnu/libpthread-2.19.so
7fecfa661000-7fecfa860000 ---p 00019000 09:02 5767382                    /lib/x86_64-linux-gnu/libpthread-2.19.so
7fecfa860000-7fecfa861000 r--p 00018000 09:02 5767382                    /lib/x86_64-linux-gnu/libpthread-2.19.so
7fecfa861000-7fecfa862000 rw-p 00019000 09:02 5767382                    /lib/x86_64-linux-gnu/libpthread-2.19.so
7fecfa862000-7fecfa866000 rw-p 00000000 00:00 0 
7fecfa866000-7fecfa889000 r-xp 00000000 09:02 5767378                    /lib/x86_64-linux-gnu/ld-2.19.so
7fecfa889000-7fecfa88a000 r--s 00007000 09:02 6563544                    /home/jenkins/workspace/Lucene-Solr-trunk-Linux/lucene/build/backward-codecs/lucene-backward-codecs-6.0.0-SNAPSHOT.jar
7fecfa88a000-7fecfa88d000 r--s 00461000 09:02 6563548                    /home/jenkins/workspace/Lucene-Solr-trunk-Linux/lucene/build/analysis/kuromoji/lucene-analyzers-kuromoji-6.0.0-SNAPSHOT.jar
7fecfa88e000-7fecfa961000 rw-p 00000000 00:00 0 
7fecfa961000-7fecfa966000 rw-p 00000000 00:00 0 
7fecfa966000-7fecfa96d000 ---p 00000000 00:00 0 
7fecfa96d000-7fecfa970000 ---p 00000000 00:00 0 
7fecfa970000-7fecfaa72000 rw-p 00000000 00:00 0                          [stack:7422]
7fecfaa72000-7fecfaa7b000 r--s 00000000 09:02 4588579                    /home/jenkins/tools/java/64bit/jdk1.9.0-ea-b72/lib/modules/extmodules.jimage
7fecfaa7b000-7fecfaa7c000 rw-p 00000000 00:00 0 
7fecfaa7c000-7fecfaa84000 rw-s 00000000 00:13 128397635                  /tmp/hsperfdata_jenkins/7408
7fecfaa84000-7fecfaa85000 rw-p 00000000 00:00 0 
7fecfaa85000-7fecfaa86000 ---p 00000000 00:00 0 
7fecfaa86000-7fecfaa88000 rw-p 00000000 00:00 0 
7fecfaa88000-7fecfaa89000 r--p 00022000 09:02 5767378                    /lib/x86_64-linux-gnu/ld-2.19.so
7fecfaa89000-7fecfaa8a000 rw-p 00023000 09:02 5767378                    /lib/x86_64-linux-gnu/ld-2.19.so
7fecfaa8a000-7fecfaa8b000 rw-p 00000000 00:00 0 
7ffe0ce5a000-7ffe0ce7f000 rw-p 00000000 00:00 0                          [stack]
7ffe0ced6000-7ffe0ced8000 r-xp 00000000 00:00 0                          [vdso]
7ffe0ced8000-7ffe0ceda000 r--p 00000000 00:00 0                          [vvar]
ffffffffff600000-ffffffffff601000 r-xp 00000000 00:00 0                  [vsyscall]

VM Arguments:
jvm_args: -XX:-UseCompressedOops -XX:+UseSerialGC -Djava.locale.providers=JRE,SPI -XX:+HeapDumpOnOutOfMemoryError -XX:HeapDumpPath=/home/jenkins/workspace/Lucene-Solr-trunk-Linux/heapdumps -ea -esa -Dtests.prefix=tests -Dtests.seed=90C16F4AC280153C -Xmx512M -Dtests.iters= -Dtests.verbose=false -Dtests.infostream=false -Dtests.codec=random -Dtests.postingsformat=random -Dtests.docvaluesformat=random -Dtests.locale=random -Dtests.timezone=random -Dtests.directory=random -Dtests.linedocsfile=europarl.lines.txt.gz -Dtests.luceneMatchVersion=6.0.0 -Dtests.cleanthreads=perClass -Djava.util.logging.config.file=/home/jenkins/workspace/Lucene-Solr-trunk-Linux/lucene/tools/junit4/logging.properties -Dtests.nightly=false -Dtests.weekly=false -Dtests.monster=false -Dtests.slow=true -Dtests.asserts=true -Dtests.multiplier=3 -DtempDir=./temp -Djava.io.tmpdir=./temp -Djunit4.tempDir=/home/jenkins/workspace/Lucene-Solr-trunk-Linux/solr/build/solr-core/test/temp -Dcommon.dir=/home/jenkins/workspace/Lucene-Solr-trunk-Linux/lucene -Dclover.db.dir=/home/jenkins/workspace/Lucene-Solr-trunk-Linux/lucene/build/clover/db -Djava.security.policy=/home/jenkins/workspace/Lucene-Solr-trunk-Linux/lucene/tools/junit4/solr-tests.policy -Dtests.LUCENE_VERSION=6.0.0 -Djetty.testMode=1 -Djetty.insecurerandom=1 -Dsolr.directoryFactory=org.apache.solr.core.MockDirectoryFactory -Djava.awt.headless=true -Djdk.map.althashing.threshold=0 -Djunit4.childvm.cwd=/home/jenkins/workspace/Lucene-Solr-trunk-Linux/solr/build/solr-core/test/J0 -Djunit4.childvm.id=0 -Djunit4.childvm.count=3 -Dtests.leaveTemporary=false -Dtests.filterstacks=true -Dtests.disableHdfs=true -Djava.security.manager=org.apache.lucene.util.TestSecurityManager 
java_command: com.carrotsearch.ant.tasks.junit4.slave.SlaveMainSafe -eventsfile /home/jenkins/workspace/Lucene-Solr-trunk-Linux/solr/build/solr-core/test/temp/junit4-J0-20150714_205152_761.events @/home/jenkins/workspace/Lucene-Solr-trunk-Linux/solr/build/solr-core/test/temp/junit4-J0-20150714_205152_761.suites -stdin
java_class_path (initial): /home/jenkins/workspace/Lucene-Solr-trunk-Linux/solr/build/solr-core/classes/test:/home/jenkins/workspace/Lucene-Solr-trunk-Linux/solr/build/solr-test-framework/classes/java:/home/jenkins/workspace/Lucene-Solr-trunk-Linux/solr/test-framework/lib/junit4-ant-2.1.13.jar:/home/jenkins/workspace/Lucene-Solr-trunk-Linux/solr/core/src/test-files:/home/jenkins/workspace/Lucene-Solr-trunk-Linux/lucene/build/test-framework/classes/java:/home/jenkins/workspace/Lucene-Solr-trunk-Linux/lucene/build/codecs/classes/java:/home/jenkins/workspace/Lucene-Solr-trunk-Linux/solr/build/solr-solrj/classes/java:/home/jenkins/workspace/Lucene-Solr-trunk-Linux/solr/build/solr-core/classes/java:/home/jenkins/workspace/Lucene-Solr-trunk-Linux/lucene/build/analysis/common/lucene-analyzers-common-6.0.0-SNAPSHOT.jar:/home/jenkins/workspace/Lucene-Solr-trunk-Linux/lucene/build/analysis/kuromoji/lucene-analyzers-kuromoji-6.0.0-SNAPSHOT.jar:/home/jenkins/workspace/Lucene-Solr-trunk-Linux/lucene/build/analysis/phonetic/lucene-analyzers-phonetic-6.0.0-SNAPSHOT.jar:/home/jenkins/workspace/Lucene-Solr-trunk-Linux/lucene/build/codecs/lucene-codecs-6.0.0-SNAPSHOT.jar:/home/jenkins/workspace/Lucene-Solr-trunk-Linux/lucene/build/backward-codecs/lucene-backward-codecs-6.0.0-SNAPSHOT.jar:/home/jenkins/workspace/Lucene-Solr-trunk-Linux/lucene/build/highlighter/lucene-highlighter-6.0.0-SNAPSHOT.jar:/home/jenkins/workspace/Lucene-Solr-trunk-Linux/lucene/build/memory/lucene-memory-6.0.0-SNAPSHOT.jar:/home/jenkins/workspace/Lucene-Solr-trunk-Linux/lucene/build/misc/lucene-misc-6.0.0-SNAPSHOT.jar:/home/jenkins/workspace/Lucene-Solr-trunk-Linux/lucene/build/spatial/lucene-spatial-6.0.0-SNAPSHOT.jar:/home/jenkins/workspace/Lucene-Solr-trunk-Linux/lucene/build/expressions/lucene-expressions-6.0.0-SNAPSHOT.jar:/home/jenkins/workspace/Lucene-Solr-trunk-Linux/lucene/build/suggest/lucene-suggest-6.0.0-SNAPSHOT.jar:/home/jenkins/workspace/Lucene-Solr-trunk-Linux/lucene/build/grouping/lucene-grou
Launcher Type: SUN_STANDARD

Environment Variables:
JAVA_HOME=/var/lib/jenkins/tools/java/64bit/jdk1.9.0-ea-b72
PATH=/var/lib/jenkins/tools/java/64bit/jdk1.9.0-ea-b72/bin:/usr/local/bin:/usr/bin:/bin:/usr/local/games:/usr/games
SHELL=/bin/bash

Signal Handlers:
SIGSEGV: [libjvm.so+0xab5a90], sa_mask[0]=11111111011111111101111111111110, sa_flags=SA_RESTART|SA_SIGINFO
SIGBUS: [libjvm.so+0xab5a90], sa_mask[0]=11111111011111111101111111111110, sa_flags=SA_RESTART|SA_SIGINFO
SIGFPE: [libjvm.so+0xab5a90], sa_mask[0]=11111111011111111101111111111110, sa_flags=SA_RESTART|SA_SIGINFO
SIGPIPE: [libjvm.so+0x9053b0], sa_mask[0]=11111111011111111101111111111110, sa_flags=SA_RESTART|SA_SIGINFO
SIGXFSZ: [libjvm.so+0x9053b0], sa_mask[0]=11111111011111111101111111111110, sa_flags=SA_RESTART|SA_SIGINFO
SIGILL: [libjvm.so+0xab5a90], sa_mask[0]=11111111011111111101111111111110, sa_flags=SA_RESTART|SA_SIGINFO
SIGUSR1: SIG_DFL, sa_mask[0]=00000000000000000000000000000000, sa_flags=none
SIGUSR2: [libjvm.so+0x905280], sa_mask[0]=00100000000000000000000000000000, sa_flags=SA_RESTART|SA_SIGINFO
SIGHUP: SIG_IGN, sa_mask[0]=00000000000000000000000000000000, sa_flags=none
SIGINT: [libjvm.so+0x905470], sa_mask[0]=11111111011111111101111111111110, sa_flags=SA_RESTART|SA_SIGINFO
SIGTERM: [libjvm.so+0x905470], sa_mask[0]=11111111011111111101111111111110, sa_flags=SA_RESTART|SA_SIGINFO
SIGQUIT: [libjvm.so+0x905470], sa_mask[0]=11111111011111111101111111111110, sa_flags=SA_RESTART|SA_SIGINFO


---------------  S Y S T E M  ---------------

OS:DISTRIB_ID=Ubuntu
DISTRIB_RELEASE=14.04
DISTRIB_CODENAME=trusty
DISTRIB_DESCRIPTION="Ubuntu 14.04.2 LTS"

uname:Linux 3.16.0-41-generic #57~14.04.1-Ubuntu SMP Thu Jun 18 18:01:13 UTC 2015 x86_64
libc:glibc 2.19 NPTL 2.19 
rlimit: STACK 8192k, CORE 0k, NPROC 128109, NOFILE 32768, AS infinity
load average:3.68 4.50 5.91

/proc/meminfo:
MemTotal:       32821496 kB
MemFree:         5313364 kB
MemAvailable:   19572068 kB
Buffers:          649640 kB
Cached:         13183468 kB
SwapCached:            0 kB
Active:         10876124 kB
Inactive:        7767772 kB
Active(anon):    4818056 kB
Inactive(anon):     7360 kB
Active(file):    6058068 kB
Inactive(file):  7760412 kB
Unevictable:           0 kB
Mlocked:               0 kB
SwapTotal:       7996348 kB
SwapFree:        7996348 kB
Dirty:              4848 kB
Writeback:             0 kB
AnonPages:       4808796 kB
Mapped:           250628 kB
Shmem:             16768 kB
Slab:             808336 kB
SReclaimable:     693616 kB
SUnreclaim:       114720 kB
KernelStack:        9200 kB
PageTables:        38584 kB
NFS_Unstable:          0 kB
Bounce:                0 kB
WritebackTmp:          0 kB
CommitLimit:    24407096 kB
Committed_AS:   12714264 kB
VmallocTotal:   34359738367 kB
VmallocUsed:      333788 kB
VmallocChunk:   34359401276 kB
HardwareCorrupted:     0 kB
AnonHugePages:   3952640 kB
HugePages_Total:       0
HugePages_Free:        0
HugePages_Rsvd:        0
HugePages_Surp:        0
Hugepagesize:       2048 kB
DirectMap4k:      121088 kB
DirectMap2M:     8140800 kB
DirectMap1G:    27262976 kB


CPU:total 12 (6 cores per cpu, 2 threads per core) family 6 model 63 stepping 2, cmov, cx8, fxsr, mmx, sse, sse2, sse3, ssse3, sse4.1, sse4.2, popcnt, avx, avx2, aes, clmul, erms, lzcnt, ht, tsc, tscinvbit, bmi1, bmi2

CPU Model and flags from /proc/cpuinfo:
model name	: Intel(R) Xeon(R) CPU E5-2620 v3 @ 2.40GHz
flags		: fpu vme de pse tsc msr pae mce cx8 apic sep mtrr pge mca cmov pat pse36 clflush dts acpi mmx fxsr sse sse2 ss ht tm pbe syscall nx pdpe1gb rdtscp lm constant_tsc arch_perfmon pebs bts rep_good nopl xtopology nonstop_tsc aperfmperf eagerfpu pni pclmulqdq dtes64 monitor ds_cpl vmx smx est tm2 ssse3 fma cx16 xtpr pdcm pcid dca sse4_1 sse4_2 x2apic movbe popcnt tsc_deadline_timer aes xsave avx f16c rdrand lahf_lm abm ida arat epb xsaveopt pln pts dtherm tpr_shadow vnmi flexpriority ept vpid fsgsbase tsc_adjust bmi1 avx2 smep bmi2 erms invpcid

Memory: 4k page, physical 32821496k(5313364k free), swap 7996348k(7996348k free)

vm_info: Java HotSpot(TM) 64-Bit Server VM (1.9.0-ea-b72) for linux-amd64 JRE (1.9.0-ea-b72), built on Jul  9 2015 09:26:00 by "java_re" with gcc 4.8.2

time: Tue Jul 14 21:02:45 2015
timezone: UTC
elapsed time: 652 seconds (0d 0h 10m 52s)

