#
# A fatal error has been detected by the Java Runtime Environment:
#
#  SIGSEGV (0xb) at pc=0x00007f827f856da5, pid=7407, tid=0x00007f827d311700
#
# JRE version: Java(TM) SE Runtime Environment (9.0-b72) (build 1.9.0-ea-b72)
# Java VM: Java HotSpot(TM) 64-Bit Server VM (1.9.0-ea-b72 mixed mode linux-amd64 )
# Problematic frame:
# V  [libjvm.so+0x537da5]  DefNewGeneration::copy_to_survivor_space(oopDesc*)+0x25
#
# No core dump will be written. Core dumps have been disabled. To enable core dumping, try "ulimit -c unlimited" before starting Java again
#
# If you would like to submit a bug report, please visit:
#   http://bugreport.java.com/bugreport/crash.jsp
#

---------------  T H R E A D  ---------------

Current thread (0x00007f827806d000):  VMThread [stack: 0x00007f827d211000,0x00007f827d312000] [id=7424]

siginfo: si_signo: 11 (SIGSEGV), si_code: 1 (SEGV_MAPERR), si_addr: 0x000000000000002d

Registers:
RAX=0x0000000000000000, RBX=0x00007f8251708100, RCX=0x0000000000000008, RDX=0x0000000000000000
RSP=0x00007f827d310260, RBP=0x00007f827d310280, RSI=0x00007f8251708100, RDI=0x0000000000000025
R8 =0x00007f8251db4c00, R9 =0x0000000000000090, R10=0x0000000000000001, R11=0x00007f82804dec70
R12=0x00007f8278026c10, R13=0x00007f827d7d40c0, R14=0x00007f8251db2f10, R15=0x00007f827d3106e0
RIP=0x00007f827f856da5, EFLAGS=0x0000000000010246, CSGSFS=0x0000000000000033, ERR=0x0000000000000004
  TRAPNO=0x000000000000000e

Top of Stack: (sp=0x00007f827d310260)
0x00007f827d310260:   00007f827d310350 00007f8251db2f08
0x00007f827d310270:   00007f827d7d40b8 00007f827d7d40c0
0x00007f827d310280:   00007f827d3102d0 00007f827f954b43
0x00007f827d310290:   0000000000000003 00007f8251db2ee8
0x00007f827d3102a0:   00007f827d3102c0 00007f827d7d3ec8
0x00007f827d3102b0:   00007f828030dd65 0000000000000240
0x00007f827d3102c0:   00007f827d3106e0 00007f8251db2ee8
0x00007f827d3102d0:   00007f827d3102f0 00007f827f952be1
0x00007f827d3102e0:   0000000000000005 00007f8251db3440
0x00007f827d3102f0:   00007f827d310340 00007f827fcff0a3
0x00007f827d310300:   00007f827d310350 00007f8278027880
0x00007f827d310310:   00007f827d7d40b8 00007f827d3106e0
0x00007f827d310320:   00007f8278026c10 0000000000000001
0x00007f827d310330:   00007f8278069df0 00007f827d310640
0x00007f827d310340:   00007f827d310360 00007f827f854bd0
0x00007f827d310350:   00007f8278023ef0 00007f827d310790
0x00007f827d310360:   00007f827d310380 00007f827f94c3db
0x00007f827d310370:   00007f827d3106b0 0000000000000001
0x00007f827d310380:   00007f827d3103a0 00007f827f8547a3
0x00007f827d310390:   00007f827d3103e0 00007f824405e908
0x00007f827d3103a0:   00007f827d310420 00007f827fcac981
0x00007f827d3103b0:   00007f8278069df0 00000000000083b0
0x00007f827d3103c0:   00007f8278069e60 00007f824405e908
0x00007f827d3103d0:   00007f8244058790 00007f827d3106b0
0x00007f827d3103e0:   00007f827806c250 00007f8244056920
0x00007f827d3103f0:   00007f827d3106b0 00007f8278069e60
0x00007f827d310400:   0000000000000001 00007f827d3105c0
0x00007f827d310410:   00007f8278069df0 00007f827d3106b0
0x00007f827d310420:   00007f827d3104b0 00007f827fcad444
0x00007f827d310430:   0000000000000000 0000000000000000
0x00007f827d310440:   0000000000000001 00007f827d310640
0x00007f827d310450:   00000000000f0e20 00007f827d310510 

Instructions: (pc=0x00007f827f856da5)
0x00007f827f856d85:   55 41 54 49 89 fc 53 48 89 f3 48 83 ec 08 48 8d
0x00007f827f856d95:   05 cb 6f ab 00 0f b6 00 84 c0 75 7f 48 8b 7e 08
0x00007f827f856da5:   8b 4f 08 83 f9 00 0f 8e 8e 00 00 00 f6 c1 01 0f
0x00007f827f856db5:   85 8e 00 00 00 89 c8 c1 f8 03 4c 63 e8 48 8b 03 

Register to memory mapping:

RAX=0x0000000000000000 is an unknown value
RBX=0x00007f8251708100 is pointing into object: 0x00007f82517080d8
java.util.HashMap$Node 
 - klass: 'java/util/HashMap$Node'
RCX=0x0000000000000008 is an unknown value
RDX=0x0000000000000000 is an unknown value
RSP=0x00007f827d310260 is an unknown value
RBP=0x00007f827d310280 is an unknown value
RSI=0x00007f8251708100 is pointing into object: 0x00007f82517080d8
java.util.HashMap$Node 
 - klass: 'java/util/HashMap$Node'
RDI=0x0000000000000025 is an unknown value
R8 =0x00007f8251db4c00 is an oop
java.util.concurrent.ConcurrentSkipListMap$Node 
 - klass: 'java/util/concurrent/ConcurrentSkipListMap$Node'
R9 =0x0000000000000090 is an unknown value
R10=0x0000000000000001 is an unknown value
R11=0x00007f82804dec70: <offset 0x187c70> in /lib/x86_64-linux-gnu/libc.so.6 at 0x00007f8280357000
R12=0x00007f8278026c10 is an unknown value
R13=0x00007f827d7d40c0 is pointing into metadata
R14=0x00007f8251db2f10 is an oop
java.util.concurrent.ConcurrentSkipListMap$Node 
 - klass: 'java/util/concurrent/ConcurrentSkipListMap$Node'
R15=0x00007f827d3106e0 is an unknown value


Stack: [0x00007f827d211000,0x00007f827d312000],  sp=0x00007f827d310260,  free space=1020k
Native frames: (J=compiled Java code, j=interpreted, Vv=VM code, C=native code)
V  [libjvm.so+0x537da5]  DefNewGeneration::copy_to_survivor_space(oopDesc*)+0x25
V  [libjvm.so+0x635b43]  void InstanceKlass::oop_oop_iterate_oop_maps<true, FastScanClosure>(oopDesc*, FastScanClosure*)+0xe3
V  [libjvm.so+0x633be1]  InstanceKlass::oop_oop_iterate_nv(oopDesc*, FastScanClosure*)+0x11
V  [libjvm.so+0x9e00a3]  ContiguousSpace::oop_since_save_marks_iterate_nv(FastScanClosure*)+0x63
V  [libjvm.so+0x535bd0]  DefNewGeneration::oop_since_save_marks_iterate_nv(FastScanClosure*)+0x40
V  [libjvm.so+0x62d3db]  GenCollectedHeap::oop_since_save_marks_iterate(GenCollectedHeap::GenerationType, FastScanClosure*, FastScanClosure*)+0x3b
V  [libjvm.so+0x5357a3]  DefNewGeneration::FastEvacuateFollowersClosure::do_void()+0x23
V  [libjvm.so+0x98d981]  ReferenceProcessor::process_phase3(DiscoveredList&, bool, BoolObjectClosure*, OopClosure*, VoidClosure*)+0x91
V  [libjvm.so+0x98e444]  ReferenceProcessor::process_discovered_reflist(DiscoveredList*, ReferencePolicy*, bool, BoolObjectClosure*, OopClosure*, VoidClosure*, AbstractRefProcTaskExecutor*)+0x1a4
V  [libjvm.so+0x98e62c]  ReferenceProcessor::process_discovered_references(BoolObjectClosure*, OopClosure*, VoidClosure*, AbstractRefProcTaskExecutor*, GCTimer*, GCId)+0xac
V  [libjvm.so+0x536e6d]  DefNewGeneration::collect(bool, bool, unsigned long, bool)+0x5bd
V  [libjvm.so+0x62cbf4]  GenCollectedHeap::collect_generation(Generation*, bool, unsigned long, bool, bool, bool, bool)+0x1d4
V  [libjvm.so+0x62e08b]  GenCollectedHeap::do_collection(bool, bool, unsigned long, bool, GenCollectedHeap::GenerationType)+0x43b
V  [libjvm.so+0x4c58e4]  GenCollectorPolicy::satisfy_failed_allocation(unsigned long, bool)+0xa4
V  [libjvm.so+0xab6181]  VM_GenCollectForAllocation::doit()+0x81
V  [libjvm.so+0xabb557]  VM_Operation::evaluate()+0x47
V  [libjvm.so+0xab9e76]  VMThread::evaluate_operation(VM_Operation*)+0xa6
V  [libjvm.so+0xaba201]  VMThread::loop()+0x1f1
V  [libjvm.so+0xaba63a]  VMThread::run()+0x7a
V  [libjvm.so+0x9067e2]  java_start(Thread*)+0xc2

VM_Operation (0x00007f80cb9f8130): GenCollectForAllocation, mode: safepoint, requested by thread 0x00007f81b40c0000


---------------  P R O C E S S  ---------------

Java Threads: ( => current thread )
  0x00007f80e0003000 JavaThread "Scheduler-1379599547" [_thread_blocked, id=9557, stack(0x00007f8211cbc000,0x00007f8211dbd000)]
  0x00007f8130022800 JavaThread "Scheduler-865046981" [_thread_blocked, id=9556, stack(0x00007f82120be000,0x00007f82121bf000)]
  0x00007f80e8015800 JavaThread "Scheduler-1895362609" [_thread_blocked, id=9555, stack(0x00007f80cbeff000,0x00007f80cc000000)]
  0x00007f8200006000 JavaThread "searcherExecutor-604-thread-1" [_thread_blocked, id=9544, stack(0x00007f82122c2000,0x00007f82123c3000)]
  0x00007f81b41a5800 JavaThread "coreContainerWorkExecutor-599-thread-1" [_thread_blocked, id=9534, stack(0x00007f82123c3000,0x00007f82124c4000)]
  0x00007f81b41a4800 JavaThread "Thread-708" [_thread_blocked, id=9533, stack(0x00007f8212ac6000,0x00007f8212bc7000)]
  0x00007f81b4138800 JavaThread "org.eclipse.jetty.server.session.HashSessionManager@1df1979cTimer" daemon [_thread_blocked, id=9530, stack(0x00007f80cadee000,0x00007f80caeef000)]
  0x00007f81b4137800 JavaThread "Scheduler-304620029" [_thread_blocked, id=9529, stack(0x00007f80caeef000,0x00007f80caff0000)]
  0x00007f81b4136800 JavaThread "qtp617074645-1123" [_thread_blocked, id=9528, stack(0x00007f81901f6000,0x00007f81902f7000)]
  0x00007f81b4135800 JavaThread "qtp617074645-1122" [_thread_blocked, id=9527, stack(0x00007f81900f5000,0x00007f81901f6000)]
  0x00007f81b4134000 JavaThread "qtp617074645-1121" [_thread_blocked, id=9526, stack(0x00007f8192f21000,0x00007f8193022000)]
  0x00007f81b4133000 JavaThread "qtp617074645-1120-acceptor-0@78420c4f-ServerConnector@7685ed37{HTTP/1.1}{127.0.0.1:33593}" [_thread_in_native, id=9525, stack(0x00007f81905fa000,0x00007f81906fb000)]
  0x00007f81b4132000 JavaThread "qtp617074645-1119-selector-ServerConnectorManager@3b755df5/3" [_thread_in_native, id=9524, stack(0x00007f80c8acd000,0x00007f80c8bce000)]
  0x00007f81b4131000 JavaThread "qtp617074645-1118-selector-ServerConnectorManager@3b755df5/2" [_thread_in_native, id=9523, stack(0x00007f80ca0e3000,0x00007f80ca1e4000)]
  0x00007f81b4130000 JavaThread "qtp617074645-1117-selector-ServerConnectorManager@3b755df5/1" [_thread_in_native, id=9522, stack(0x00007f80caff0000,0x00007f80cb0f1000)]
  0x00007f81b412c800 JavaThread "qtp617074645-1116-selector-ServerConnectorManager@3b755df5/0" [_thread_in_native, id=9521, stack(0x00007f8210dad000,0x00007f8210eae000)]
  0x00007f8130065000 JavaThread "searcherExecutor-593-thread-1" [_thread_blocked, id=9507, stack(0x00007f80cb1f2000,0x00007f80cb2f3000)]
  0x00007f81b412f000 JavaThread "coreContainerWorkExecutor-588-thread-1" [_thread_blocked, id=9505, stack(0x00007f80c9de0000,0x00007f80c9ee1000)]
  0x00007f81b412e000 JavaThread "Thread-695" [_thread_blocked, id=9504, stack(0x00007f8191408000,0x00007f8191509000)]
  0x00007f81b40c2000 JavaThread "org.eclipse.jetty.server.session.HashSessionManager@c6af971Timer" daemon [_thread_blocked, id=9502, stack(0x00007f8210087000,0x00007f8210188000)]
  0x00007f81b40c1000 JavaThread "Scheduler-1026575583" [_thread_blocked, id=9501, stack(0x00007f819382a000,0x00007f819392b000)]
  0x00007f81b40c0000 JavaThread "qtp1545427197-1105" [_thread_blocked, id=9500, stack(0x00007f80cb8f9000,0x00007f80cb9fa000)]
  0x00007f81b40be800 JavaThread "qtp1545427197-1104" [_thread_blocked, id=9499, stack(0x00007f80ca4e5000,0x00007f80ca5e6000)]
  0x00007f81b40bd800 JavaThread "qtp1545427197-1103" [_thread_blocked, id=9498, stack(0x00007f80cb3f4000,0x00007f80cb4f5000)]
  0x00007f81b40bc800 JavaThread "qtp1545427197-1102-acceptor-0@43f049-ServerConnector@6ddd8463{HTTP/1.1}{127.0.0.1:57511}" [_thread_in_native, id=9497, stack(0x00007f80cb4f5000,0x00007f80cb5f6000)]
  0x00007f81b40bb800 JavaThread "qtp1545427197-1101-selector-ServerConnectorManager@204d78c9/3" [_thread_in_native, id=9496, stack(0x00007f80cbdfe000,0x00007f80cbeff000)]
  0x00007f81b40ba800 JavaThread "qtp1545427197-1100-selector-ServerConnectorManager@204d78c9/2" [_thread_in_native, id=9495, stack(0x00007f82116b6000,0x00007f82117b7000)]
  0x00007f81b40b9800 JavaThread "qtp1545427197-1099-selector-ServerConnectorManager@204d78c9/1" [_thread_in_native, id=9494, stack(0x00007f82121bf000,0x00007f82122c0000)]
  0x00007f81b40b7000 JavaThread "qtp1545427197-1098-selector-ServerConnectorManager@204d78c9/0" [_thread_in_native, id=9493, stack(0x00007f80cb5f6000,0x00007f80cb6f7000)]
  0x00007f80e0007800 JavaThread "searcherExecutor-582-thread-1" [_thread_blocked, id=9489, stack(0x00007f80cb9fa000,0x00007f80cbafb000)]
  0x00007f81b40b8800 JavaThread "coreContainerWorkExecutor-577-thread-1" [_thread_blocked, id=9485, stack(0x00007f80cb6f7000,0x00007f80cb7f8000)]
  0x00007f81b40b8000 JavaThread "Thread-682" [_thread_blocked, id=9484, stack(0x00007f80cbafb000,0x00007f80cbbfc000)]
  0x00007f81b403a000 JavaThread "org.eclipse.jetty.server.session.HashSessionManager@663fc8a4Timer" daemon [_thread_blocked, id=9479, stack(0x00007f8192115000,0x00007f8192216000)]
  0x00007f81b4039000 JavaThread "Scheduler-1244898578" [_thread_blocked, id=9478, stack(0x00007f8248181000,0x00007f8248282000)]
  0x00007f81b4038800 JavaThread "qtp294784259-1087" [_thread_blocked, id=9477, stack(0x00007f8192c1e000,0x00007f8192d1f000)]
  0x00007f81b4079000 JavaThread "qtp294784259-1086" [_thread_blocked, id=9476, stack(0x00007f8193325000,0x00007f8193426000)]
  0x00007f81b4078000 JavaThread "qtp294784259-1085" [_thread_blocked, id=9475, stack(0x00007f80cbbfc000,0x00007f80cbcfd000)]
  0x00007f81b4037000 JavaThread "qtp294784259-1084-acceptor-0@48663384-ServerConnector@4157a335{HTTP/1.1}{127.0.0.1:38300}" [_thread_in_native, id=9474, stack(0x00007f80cabec000,0x00007f80caced000)]
  0x00007f81b4082000 JavaThread "qtp294784259-1083-selector-ServerConnectorManager@20e16827/3" [_thread_in_native, id=9473, stack(0x00007f80cb0f1000,0x00007f80cb1f2000)]
  0x00007f81b402d800 JavaThread "qtp294784259-1082-selector-ServerConnectorManager@20e16827/2" [_thread_in_native, id=9472, stack(0x00007f8211fbd000,0x00007f82120be000)]
  0x00007f81b4022800 JavaThread "qtp294784259-1081-selector-ServerConnectorManager@20e16827/1" [_thread_in_native, id=9471, stack(0x00007f80cb7f8000,0x00007f80cb8f9000)]
  0x00007f81b4077000 JavaThread "qtp294784259-1080-selector-ServerConnectorManager@20e16827/0" [_thread_in_native, id=9470, stack(0x00007f82109ab000,0x00007f8210aac000)]
  0x00007f820c3d4000 JavaThread "TEST-TestDistributedStatsComponentCardinality.test-seed#[90C16F4AC280153C]" [_thread_in_native, id=9467, stack(0x00007f8210cac000,0x00007f8210dad000)]
  0x00007f827816b800 JavaThread "SUITE-TestDistributedStatsComponentCardinality-seed#[90C16F4AC280153C]" [_thread_blocked, id=9466, stack(0x00007f8213c3e000,0x00007f8213d3f000)]
  0x00007f8278555000 JavaThread "JUnit4-serializer-daemon" daemon [_thread_blocked, id=7454, stack(0x00007f8248959000,0x00007f8248a5a000)]
  0x00007f8278157800 JavaThread "Service Thread" daemon [_thread_blocked, id=7451, stack(0x00007f8248eff000,0x00007f8249000000)]
  0x00007f827813a000 JavaThread "Sweeper thread" daemon [_thread_blocked, id=7450, stack(0x00007f827c014000,0x00007f827c115000)]
  0x00007f8278138000 JavaThread "C1 CompilerThread3" daemon [_thread_blocked, id=7449, stack(0x00007f827c115000,0x00007f827c216000)]
  0x00007f8278135800 JavaThread "C2 CompilerThread2" daemon [_thread_blocked, id=7448, stack(0x00007f827c216000,0x00007f827c317000)]
  0x00007f8278133800 JavaThread "C2 CompilerThread1" daemon [_thread_blocked, id=7447, stack(0x00007f827c317000,0x00007f827c418000)]
  0x00007f8278131800 JavaThread "C2 CompilerThread0" daemon [_thread_blocked, id=7446, stack(0x00007f827c418000,0x00007f827c519000)]
  0x00007f827812f800 JavaThread "Signal Dispatcher" daemon [_thread_blocked, id=7445, stack(0x00007f827c519000,0x00007f827c61a000)]
  0x00007f8278081800 JavaThread "Finalizer" daemon [_thread_blocked, id=7428, stack(0x00007f827d00f000,0x00007f827d110000)]
  0x00007f827807f800 JavaThread "Reference Handler" daemon [_thread_blocked, id=7427, stack(0x00007f827d110000,0x00007f827d211000)]
  0x00007f8278016800 JavaThread "main" [_thread_blocked, id=7421, stack(0x00007f8280e5a000,0x00007f8280f5b000)]

Other Threads:
=>0x00007f827806d000 VMThread [stack: 0x00007f827d211000,0x00007f827d312000] [id=7424]
  0x00007f827815a800 WatcherThread [stack: 0x00007f8248dfe000,0x00007f8248eff000] [id=7452]

VM state:at safepoint (normal execution)

VM Mutex/Monitor currently owned by a thread:  ([mutex/lock_event])
[0x00007f8278012920] Threads_lock - owner thread: 0x00007f827806d000
[0x00007f8278012e20] Heap_lock - owner thread: 0x00007f81b40c0000

Heap:
 def new generation   total 154560K, used 147194K [0x00007f8249000000, 0x00007f82537b0000, 0x00007f8253aa0000)
  eden space 137408K, 100% used [0x00007f8249000000, 0x00007f8251630000, 0x00007f8251630000)
  from space 17152K,  57% used [0x00007f82526f0000, 0x00007f825307ebc0, 0x00007f82537b0000)
  to   space 17152K,  44% used [0x00007f8251630000, 0x00007f8251db4c28, 0x00007f82526f0000)
 tenured generation   total 342720K, used 151477K [0x00007f8253aa0000, 0x00007f8268950000, 0x00007f8269000000)
   the space 342720K,  44% used [0x00007f8253aa0000, 0x00007f825ce8d720, 0x00007f825ce8d800, 0x00007f8268950000)
 Metaspace       used 47571K, capacity 48417K, committed 48640K, reserved 49152K

Card table byte_map: [0x00007f827dca8000,0x00007f827dda9000] byte_map_base: 0x00007f42bca60000

Polling page: 0x00007f8280f72000

CodeHeap 'non-nmethods': size=5700Kb used=1297Kb max_used=1364Kb free=4402Kb
 bounds [0x00007f8269000000, 0x00007f8269270000, 0x00007f8269591000]
CodeHeap 'profiled nmethods': size=120028Kb used=24721Kb max_used=24791Kb free=95306Kb
 bounds [0x00007f8269591000, 0x00007f826ae21000, 0x00007f8270ac8000]
CodeHeap 'non-profiled nmethods': size=120032Kb used=14326Kb max_used=14341Kb free=105705Kb
 bounds [0x00007f8270ac8000, 0x00007f82718d8000, 0x00007f8278000000]
 total_blobs=11167 nmethods=10537 adapters=542
 compilation: enabled

Compilation events (10 events):
Event: 89.811 Thread 0x00007f8278138000 12992       3       org.apache.lucene.util.packed.DeltaPackedLongValues$Builder::<init> (34 bytes)
Event: 89.811 Thread 0x00007f8278138000 nmethod 12992 0x00007f8269bec110 code [0x00007f8269bec2a0, 0x00007f8269bec628]
Event: 89.811 Thread 0x00007f8278138000 12993       3       org.apache.lucene.util.packed.DeltaPackedLongValues$Builder::baseRamBytesUsed (4 bytes)
Event: 89.811 Thread 0x00007f8278138000 nmethod 12993 0x00007f8269660410 code [0x00007f8269660560, 0x00007f82696606b0]
Event: 89.811 Thread 0x00007f8278138000 12994  s    3       org.apache.lucene.index.FieldInfos$FieldNumbers::addOrGet (251 bytes)
Event: 89.814 Thread 0x00007f8278138000 nmethod 12994 0x00007f826a644810 code [0x00007f826a644c00, 0x00007f826a647308]
Event: 89.816 Thread 0x00007f8278138000 12995       3       sun.util.locale.provider.LocaleProviderAdapter::forType (74 bytes)
Event: 89.817 Thread 0x00007f8278138000 nmethod 12995 0x00007f82699c2790 code [0x00007f82699c2920, 0x00007f82699c2c48]
Event: 89.911 Thread 0x00007f8278133800 12996 % !   4       org.eclipse.jetty.util.thread.QueuedThreadPool$3::run @ 56 (743 bytes)
Event: 89.959 Thread 0x00007f8278133800 nmethod 12996% 0x00007f82718c9b10 code [0x00007f82718c9f60, 0x00007f82718cba28]

GC Heap History (10 events):
Event: 79.152 GC heap after
Heap after GC invocations=199 (full 2):
 def new generation   total 154560K, used 7499K [0x00007f8249000000, 0x00007f82537b0000, 0x00007f8253aa0000)
  eden space 137408K,   0% used [0x00007f8249000000, 0x00007f8249000000, 0x00007f8251630000)
  from space 17152K,  43% used [0x00007f82526f0000, 0x00007f8252e42e28, 0x00007f82537b0000)
  to   space 17152K,   0% used [0x00007f8251630000, 0x00007f8251630000, 0x00007f82526f0000)
 tenured generation   total 342720K, used 149318K [0x00007f8253aa0000, 0x00007f8268950000, 0x00007f8269000000)
   the space 342720K,  43% used [0x00007f8253aa0000, 0x00007f825cc71bd0, 0x00007f825cc71c00, 0x00007f8268950000)
 Metaspace       used 47541K, capacity 48417K, committed 48640K, reserved 49152K
}
Event: 81.311 GC heap before
{Heap before GC invocations=199 (full 2):
 def new generation   total 154560K, used 144907K [0x00007f8249000000, 0x00007f82537b0000, 0x00007f8253aa0000)
  eden space 137408K, 100% used [0x00007f8249000000, 0x00007f8251630000, 0x00007f8251630000)
  from space 17152K,  43% used [0x00007f82526f0000, 0x00007f8252e42e28, 0x00007f82537b0000)
  to   space 17152K,   0% used [0x00007f8251630000, 0x00007f8251630000, 0x00007f82526f0000)
 tenured generation   total 342720K, used 149318K [0x00007f8253aa0000, 0x00007f8268950000, 0x00007f8269000000)
   the space 342720K,  43% used [0x00007f8253aa0000, 0x00007f825cc71bd0, 0x00007f825cc71c00, 0x00007f8268950000)
 Metaspace       used 47547K, capacity 48417K, committed 48640K, reserved 49152K
Event: 81.325 GC heap after
Heap after GC invocations=200 (full 2):
 def new generation   total 154560K, used 7494K [0x00007f8249000000, 0x00007f82537b0000, 0x00007f8253aa0000)
  eden space 137408K,   0% used [0x00007f8249000000, 0x00007f8249000000, 0x00007f8251630000)
  from space 17152K,  43% used [0x00007f8251630000, 0x00007f8251d81a50, 0x00007f82526f0000)
  to   space 17152K,   0% used [0x00007f82526f0000, 0x00007f82526f0000, 0x00007f82537b0000)
 tenured generation   total 342720K, used 149318K [0x00007f8253aa0000, 0x00007f8268950000, 0x00007f8269000000)
   the space 342720K,  43% used [0x00007f8253aa0000, 0x00007f825cc71bd0, 0x00007f825cc71c00, 0x00007f8268950000)
 Metaspace       used 47547K, capacity 48417K, committed 48640K, reserved 49152K
}
Event: 83.554 GC heap before
{Heap before GC invocations=200 (full 2):
 def new generation   total 154560K, used 144902K [0x00007f8249000000, 0x00007f82537b0000, 0x00007f8253aa0000)
  eden space 137408K, 100% used [0x00007f8249000000, 0x00007f8251630000, 0x00007f8251630000)
  from space 17152K,  43% used [0x00007f8251630000, 0x00007f8251d81a50, 0x00007f82526f0000)
  to   space 17152K,   0% used [0x00007f82526f0000, 0x00007f82526f0000, 0x00007f82537b0000)
 tenured generation   total 342720K, used 149318K [0x00007f8253aa0000, 0x00007f8268950000, 0x00007f8269000000)
   the space 342720K,  43% used [0x00007f8253aa0000, 0x00007f825cc71bd0, 0x00007f825cc71c00, 0x00007f8268950000)
 Metaspace       used 47550K, capacity 48417K, committed 48640K, reserved 49152K
Event: 83.569 GC heap after
Heap after GC invocations=201 (full 2):
 def new generation   total 154560K, used 8271K [0x00007f8249000000, 0x00007f82537b0000, 0x00007f8253aa0000)
  eden space 137408K,   0% used [0x00007f8249000000, 0x00007f8249000000, 0x00007f8251630000)
  from space 17152K,  48% used [0x00007f82526f0000, 0x00007f8252f03f40, 0x00007f82537b0000)
  to   space 17152K,   0% used [0x00007f8251630000, 0x00007f8251630000, 0x00007f82526f0000)
 tenured generation   total 342720K, used 149318K [0x00007f8253aa0000, 0x00007f8268950000, 0x00007f8269000000)
   the space 342720K,  43% used [0x00007f8253aa0000, 0x00007f825cc71bd0, 0x00007f825cc71c00, 0x00007f8268950000)
 Metaspace       used 47550K, capacity 48417K, committed 48640K, reserved 49152K
}
Event: 86.623 GC heap before
{Heap before GC invocations=201 (full 2):
 def new generation   total 154560K, used 145679K [0x00007f8249000000, 0x00007f82537b0000, 0x00007f8253aa0000)
  eden space 137408K, 100% used [0x00007f8249000000, 0x00007f8251630000, 0x00007f8251630000)
  from space 17152K,  48% used [0x00007f82526f0000, 0x00007f8252f03f40, 0x00007f82537b0000)
  to   space 17152K,   0% used [0x00007f8251630000, 0x00007f8251630000, 0x00007f82526f0000)
 tenured generation   total 342720K, used 149318K [0x00007f8253aa0000, 0x00007f8268950000, 0x00007f8269000000)
   the space 342720K,  43% used [0x00007f8253aa0000, 0x00007f825cc71bd0, 0x00007f825cc71c00, 0x00007f8268950000)
 Metaspace       used 47563K, capacity 48417K, committed 48640K, reserved 49152K
Event: 86.638 GC heap after
Heap after GC invocations=202 (full 2):
 def new generation   total 154560K, used 9133K [0x00007f8249000000, 0x00007f82537b0000, 0x00007f8253aa0000)
  eden space 137408K,   0% used [0x00007f8249000000, 0x00007f8249000000, 0x00007f8251630000)
  from space 17152K,  53% used [0x00007f8251630000, 0x00007f8251f1b408, 0x00007f82526f0000)
  to   space 17152K,   0% used [0x00007f82526f0000, 0x00007f82526f0000, 0x00007f82537b0000)
 tenured generation   total 342720K, used 149318K [0x00007f8253aa0000, 0x00007f8268950000, 0x00007f8269000000)
   the space 342720K,  43% used [0x00007f8253aa0000, 0x00007f825cc71bd0, 0x00007f825cc71c00, 0x00007f8268950000)
 Metaspace       used 47563K, capacity 48417K, committed 48640K, reserved 49152K
}
Event: 89.737 GC heap before
{Heap before GC invocations=202 (full 2):
 def new generation   total 154560K, used 146541K [0x00007f8249000000, 0x00007f82537b0000, 0x00007f8253aa0000)
  eden space 137408K, 100% used [0x00007f8249000000, 0x00007f8251630000, 0x00007f8251630000)
  from space 17152K,  53% used [0x00007f8251630000, 0x00007f8251f1b408, 0x00007f82526f0000)
  to   space 17152K,   0% used [0x00007f82526f0000, 0x00007f82526f0000, 0x00007f82537b0000)
 tenured generation   total 342720K, used 149318K [0x00007f8253aa0000, 0x00007f8268950000, 0x00007f8269000000)
   the space 342720K,  43% used [0x00007f8253aa0000, 0x00007f825cc71bd0, 0x00007f825cc71c00, 0x00007f8268950000)
 Metaspace       used 47565K, capacity 48417K, committed 48640K, reserved 49152K
Event: 89.749 GC heap after
Heap after GC invocations=203 (full 2):
 def new generation   total 154560K, used 9786K [0x00007f8249000000, 0x00007f82537b0000, 0x00007f8253aa0000)
  eden space 137408K,   0% used [0x00007f8249000000, 0x00007f8249000000, 0x00007f8251630000)
  from space 17152K,  57% used [0x00007f82526f0000, 0x00007f825307ebc0, 0x00007f82537b0000)
  to   space 17152K,   0% used [0x00007f8251630000, 0x00007f8251630000, 0x00007f82526f0000)
 tenured generation   total 342720K, used 150151K [0x00007f8253aa0000, 0x00007f8268950000, 0x00007f8269000000)
   the space 342720K,  43% used [0x00007f8253aa0000, 0x00007f825cd41cd0, 0x00007f825cd41e00, 0x00007f8268950000)
 Metaspace       used 47565K, capacity 48417K, committed 48640K, reserved 49152K
}
Event: 92.294 GC heap before
{Heap before GC invocations=203 (full 2):
 def new generation   total 154560K, used 147194K [0x00007f8249000000, 0x00007f82537b0000, 0x00007f8253aa0000)
  eden space 137408K, 100% used [0x00007f8249000000, 0x00007f8251630000, 0x00007f8251630000)
  from space 17152K,  57% used [0x00007f82526f0000, 0x00007f825307ebc0, 0x00007f82537b0000)
  to   space 17152K,   0% used [0x00007f8251630000, 0x00007f8251630000, 0x00007f82526f0000)
 tenured generation   total 342720K, used 150151K [0x00007f8253aa0000, 0x00007f8268950000, 0x00007f8269000000)
   the space 342720K,  43% used [0x00007f8253aa0000, 0x00007f825cd41cd0, 0x00007f825cd41e00, 0x00007f8268950000)
 Metaspace       used 47571K, capacity 48417K, committed 48640K, reserved 49152K

Deoptimization events (10 events):
Event: 74.153 Thread 0x00007f81b4079000 Uncommon trap: reason=speculate_class_check action=maybe_recompile pc=0x00007f8271799d8c method=java.util.concurrent.locks.ReentrantReadWriteLock$Sync.tryAcquireShared(I)I @ 33
Event: 74.155 Thread 0x00007f81b40bd800 Uncommon trap: reason=speculate_class_check action=maybe_recompile pc=0x00007f8271799d8c method=java.util.concurrent.locks.ReentrantReadWriteLock$Sync.tryAcquireShared(I)I @ 33
Event: 74.343 Thread 0x00007f81b4136800 Uncommon trap: reason=array_check action=maybe_recompile pc=0x00007f82716f1a18 method=org.apache.lucene.util.ArrayTimSorter.copy(II)V @ 11
Event: 74.343 Thread 0x00007f81b4136800 Uncommon trap: reason=array_check action=maybe_recompile pc=0x00007f82716833a0 method=org.apache.lucene.util.ArrayTimSorter.restore(II)V @ 11
Event: 74.343 Thread 0x00007f81b4136800 Uncommon trap: reason=array_check action=maybe_recompile pc=0x00007f82716833a0 method=org.apache.lucene.util.ArrayTimSorter.restore(II)V @ 11
Event: 74.343 Thread 0x00007f81b4136800 Uncommon trap: reason=array_check action=maybe_recompile pc=0x00007f82716833a0 method=org.apache.lucene.util.ArrayTimSorter.restore(II)V @ 11
Event: 74.343 Thread 0x00007f81b4136800 Uncommon trap: reason=array_check action=maybe_recompile pc=0x00007f82716833a0 method=org.apache.lucene.util.ArrayTimSorter.restore(II)V @ 11
Event: 74.343 Thread 0x00007f81b4136800 Uncommon trap: reason=array_check action=maybe_recompile pc=0x00007f82716f17e8 method=org.apache.lucene.util.ArrayTimSorter.copy(II)V @ 11
Event: 74.343 Thread 0x00007f81b4136800 Uncommon trap: reason=array_check action=maybe_recompile pc=0x00007f82716f17e8 method=org.apache.lucene.util.ArrayTimSorter.copy(II)V @ 11
Event: 74.343 Thread 0x00007f81b4136800 Uncommon trap: reason=array_check action=maybe_recompile pc=0x00007f82716f17e8 method=org.apache.lucene.util.ArrayTimSorter.copy(II)V @ 11

Classes redefined (0 events):
No events

Internal exceptions (10 events):
Event: 92.275 Thread 0x00007f820c3d4000 Exception <a 'java/net/SocketTimeoutException': Read timed out> (0x00007f82513db3f8) thrown at [/HUDSON/workspace/9-2-build-linux-amd64/jdk9/2975.nc/hotspot/src/share/vm/prims/jni.cpp, line 628]
Event: 92.278 Thread 0x00007f820c3d4000 Exception <a 'java/net/SocketTimeoutException': Read timed out> (0x00007f82513e5c20) thrown at [/HUDSON/workspace/9-2-build-linux-amd64/jdk9/2975.nc/hotspot/src/share/vm/prims/jni.cpp, line 628]
Event: 92.280 Thread 0x00007f820c3d4000 Exception <a 'java/net/SocketTimeoutException': Read timed out> (0x00007f82513f10b0) thrown at [/HUDSON/workspace/9-2-build-linux-amd64/jdk9/2975.nc/hotspot/src/share/vm/prims/jni.cpp, line 628]
Event: 92.281 Thread 0x00007f820c3d4000 Exception <a 'java/net/SocketTimeoutException': Read timed out> (0x00007f82513fb8d8) thrown at [/HUDSON/workspace/9-2-build-linux-amd64/jdk9/2975.nc/hotspot/src/share/vm/prims/jni.cpp, line 628]
Event: 92.283 Thread 0x00007f820c3d4000 Exception <a 'java/net/SocketTimeoutException': Read timed out> (0x00007f8251406d68) thrown at [/HUDSON/workspace/9-2-build-linux-amd64/jdk9/2975.nc/hotspot/src/share/vm/prims/jni.cpp, line 628]
Event: 92.285 Thread 0x00007f820c3d4000 Exception <a 'java/net/SocketTimeoutException': Read timed out> (0x00007f8251411590) thrown at [/HUDSON/workspace/9-2-build-linux-amd64/jdk9/2975.nc/hotspot/src/share/vm/prims/jni.cpp, line 628]
Event: 92.287 Thread 0x00007f820c3d4000 Exception <a 'java/net/SocketTimeoutException': Read timed out> (0x00007f825141ca20) thrown at [/HUDSON/workspace/9-2-build-linux-amd64/jdk9/2975.nc/hotspot/src/share/vm/prims/jni.cpp, line 628]
Event: 92.289 Thread 0x00007f820c3d4000 Exception <a 'java/net/SocketTimeoutException': Read timed out> (0x00007f8251427248) thrown at [/HUDSON/workspace/9-2-build-linux-amd64/jdk9/2975.nc/hotspot/src/share/vm/prims/jni.cpp, line 628]
Event: 92.292 Thread 0x00007f820c3d4000 Exception <a 'java/net/SocketTimeoutException': Read timed out> (0x00007f82514326d0) thrown at [/HUDSON/workspace/9-2-build-linux-amd64/jdk9/2975.nc/hotspot/src/share/vm/prims/jni.cpp, line 628]
Event: 92.293 Thread 0x00007f820c3d4000 Exception <a 'java/net/SocketTimeoutException': Read timed out> (0x00007f82515d0810) thrown at [/HUDSON/workspace/9-2-build-linux-amd64/jdk9/2975.nc/hotspot/src/share/vm/prims/jni.cpp, line 628]

Events (10 events):
Event: 89.762 Thread 0x00007f81b4078000 DEOPT UNPACKING pc=0x00007f8269047a73 sp=0x00007f80cbcfa3d0 mode 0
Event: 89.774 Thread 0x00007f81b4078000 DEOPT PACKING pc=0x00007f8269a894c1 sp=0x00007f80cbcfa820
Event: 89.774 Thread 0x00007f81b4078000 DEOPT UNPACKING pc=0x00007f8269047a73 sp=0x00007f80cbcfa358 mode 0
Event: 89.780 Thread 0x00007f81b4078000 DEOPT PACKING pc=0x00007f8269d832f3 sp=0x00007f80cbcfa9c0
Event: 89.780 Thread 0x00007f81b4078000 DEOPT UNPACKING pc=0x00007f8269047a73 sp=0x00007f80cbcfa5a8 mode 0
Event: 89.788 Executing VM operation: RevokeBias
Event: 89.788 Executing VM operation: RevokeBias done
Event: 89.802 Thread 0x00007f81b40c0000 DEOPT PACKING pc=0x00007f8269d832f3 sp=0x00007f80cb9f79c0
Event: 89.802 Thread 0x00007f81b40c0000 DEOPT UNPACKING pc=0x00007f8269047a73 sp=0x00007f80cb9f75a8 mode 0
Event: 92.294 Executing VM operation: GenCollectForAllocation


Dynamic libraries:
00400000-00401000 r-xp 00000000 09:02 4588900                            /home/jenkins/tools/java/64bit/jdk1.9.0-ea-b72/bin/java
00600000-00601000 rw-p 00000000 09:02 4588900                            /home/jenkins/tools/java/64bit/jdk1.9.0-ea-b72/bin/java
00969000-0098a000 rw-p 00000000 00:00 0                                  [heap]
7f80c4000000-7f80c4021000 rw-p 00000000 00:00 0 
7f80c4021000-7f80c8000000 ---p 00000000 00:00 0 
7f80c8acd000-7f80c8ad0000 ---p 00000000 00:00 0 
7f80c8ad0000-7f80c8bce000 rw-p 00000000 00:00 0                          [stack:9524]
7f80c9de0000-7f80c9de3000 ---p 00000000 00:00 0 
7f80c9de3000-7f80c9ee1000 rw-p 00000000 00:00 0                          [stack:9505]
7f80ca0e3000-7f80ca0e6000 ---p 00000000 00:00 0 
7f80ca0e6000-7f80ca1e4000 rw-p 00000000 00:00 0                          [stack:9523]
7f80ca2e5000-7f80ca4e5000 rw-p 00000000 00:00 0 
7f80ca4e5000-7f80ca4e8000 ---p 00000000 00:00 0 
7f80ca4e8000-7f80ca5e6000 rw-p 00000000 00:00 0                          [stack:9499]
7f80cabec000-7f80cabef000 ---p 00000000 00:00 0 
7f80cabef000-7f80caced000 rw-p 00000000 00:00 0                          [stack:9474]
7f80cadee000-7f80cadf1000 ---p 00000000 00:00 0 
7f80cadf1000-7f80caeef000 rw-p 00000000 00:00 0                          [stack:9530]
7f80caeef000-7f80caef2000 ---p 00000000 00:00 0 
7f80caef2000-7f80caff0000 rw-p 00000000 00:00 0                          [stack:9529]
7f80caff0000-7f80caff3000 ---p 00000000 00:00 0 
7f80caff3000-7f80cb0f1000 rw-p 00000000 00:00 0                          [stack:9522]
7f80cb0f1000-7f80cb0f4000 ---p 00000000 00:00 0 
7f80cb0f4000-7f80cb1f2000 rw-p 00000000 00:00 0                          [stack:9473]
7f80cb1f2000-7f80cb1f5000 ---p 00000000 00:00 0 
7f80cb1f5000-7f80cb2f3000 rw-p 00000000 00:00 0                          [stack:9507]
7f80cb3f4000-7f80cb3f7000 ---p 00000000 00:00 0 
7f80cb3f7000-7f80cb4f5000 rw-p 00000000 00:00 0                          [stack:9498]
7f80cb4f5000-7f80cb4f8000 ---p 00000000 00:00 0 
7f80cb4f8000-7f80cb5f6000 rw-p 00000000 00:00 0                          [stack:9497]
7f80cb5f6000-7f80cb5f9000 ---p 00000000 00:00 0 
7f80cb5f9000-7f80cb6f7000 rw-p 00000000 00:00 0                          [stack:9493]
7f80cb6f7000-7f80cb6fa000 ---p 00000000 00:00 0 
7f80cb6fa000-7f80cb7f8000 rw-p 00000000 00:00 0                          [stack:9485]
7f80cb7f8000-7f80cb7fb000 ---p 00000000 00:00 0 
7f80cb7fb000-7f80cb8f9000 rw-p 00000000 00:00 0                          [stack:9471]
7f80cb8f9000-7f80cb8fc000 ---p 00000000 00:00 0 
7f80cb8fc000-7f80cb9fa000 rw-p 00000000 00:00 0                          [stack:9500]
7f80cb9fa000-7f80cb9fd000 ---p 00000000 00:00 0 
7f80cb9fd000-7f80cbafb000 rw-p 00000000 00:00 0                          [stack:9489]
7f80cbafb000-7f80cbafe000 ---p 00000000 00:00 0 
7f80cbafe000-7f80cbbfc000 rw-p 00000000 00:00 0                          [stack:9484]
7f80cbbfc000-7f80cbbff000 ---p 00000000 00:00 0 
7f80cbbff000-7f80cbcfd000 rw-p 00000000 00:00 0                          [stack:9475]
7f80cbdfe000-7f80cbe01000 ---p 00000000 00:00 0 
7f80cbe01000-7f80cbeff000 rw-p 00000000 00:00 0                          [stack:9496]
7f80cbeff000-7f80cbf02000 ---p 00000000 00:00 0 
7f80cbf02000-7f80cc000000 rw-p 00000000 00:00 0                          [stack:9555]
7f80cc000000-7f80cc021000 rw-p 00000000 00:00 0 
7f80cc021000-7f80d0000000 ---p 00000000 00:00 0 
7f80d0000000-7f80d0021000 rw-p 00000000 00:00 0 
7f80d0021000-7f80d4000000 ---p 00000000 00:00 0 
7f80d4000000-7f80d4021000 rw-p 00000000 00:00 0 
7f80d4021000-7f80d8000000 ---p 00000000 00:00 0 
7f80d8000000-7f80d8021000 rw-p 00000000 00:00 0 
7f80d8021000-7f80dc000000 ---p 00000000 00:00 0 
7f80dc000000-7f80dc021000 rw-p 00000000 00:00 0 
7f80dc021000-7f80e0000000 ---p 00000000 00:00 0 
7f80e0000000-7f80e002c000 rw-p 00000000 00:00 0 
7f80e002c000-7f80e4000000 ---p 00000000 00:00 0 
7f80e4000000-7f80e4021000 rw-p 00000000 00:00 0 
7f80e4021000-7f80e8000000 ---p 00000000 00:00 0 
7f80e8000000-7f80e8027000 rw-p 00000000 00:00 0 
7f80e8027000-7f80ec000000 ---p 00000000 00:00 0 
7f80ec000000-7f80ec021000 rw-p 00000000 00:00 0 
7f80ec021000-7f80f0000000 ---p 00000000 00:00 0 
7f80f0000000-7f80f0021000 rw-p 00000000 00:00 0 
7f80f0021000-7f80f4000000 ---p 00000000 00:00 0 
7f80f4000000-7f80f4053000 rw-p 00000000 00:00 0 
7f80f4053000-7f80f8000000 ---p 00000000 00:00 0 
7f80f8000000-7f80f8021000 rw-p 00000000 00:00 0 
7f80f8021000-7f80fc000000 ---p 00000000 00:00 0 
7f80fc000000-7f80fc021000 rw-p 00000000 00:00 0 
7f80fc021000-7f8100000000 ---p 00000000 00:00 0 
7f8100000000-7f8100021000 rw-p 00000000 00:00 0 
7f8100021000-7f8104000000 ---p 00000000 00:00 0 
7f8104000000-7f8104021000 rw-p 00000000 00:00 0 
7f8104021000-7f8108000000 ---p 00000000 00:00 0 
7f8108000000-7f8108021000 rw-p 00000000 00:00 0 
7f8108021000-7f810c000000 ---p 00000000 00:00 0 
7f810c000000-7f810c021000 rw-p 00000000 00:00 0 
7f810c021000-7f8110000000 ---p 00000000 00:00 0 
7f8110000000-7f8110021000 rw-p 00000000 00:00 0 
7f8110021000-7f8114000000 ---p 00000000 00:00 0 
7f8114000000-7f8114023000 rw-p 00000000 00:00 0 
7f8114023000-7f8118000000 ---p 00000000 00:00 0 
7f8118000000-7f8118021000 rw-p 00000000 00:00 0 
7f8118021000-7f811c000000 ---p 00000000 00:00 0 
7f811c000000-7f811c021000 rw-p 00000000 00:00 0 
7f811c021000-7f8120000000 ---p 00000000 00:00 0 
7f8120000000-7f8120021000 rw-p 00000000 00:00 0 
7f8120021000-7f8124000000 ---p 00000000 00:00 0 
7f8124000000-7f8124021000 rw-p 00000000 00:00 0 
7f8124021000-7f8128000000 ---p 00000000 00:00 0 
7f8128000000-7f8128021000 rw-p 00000000 00:00 0 
7f8128021000-7f812c000000 ---p 00000000 00:00 0 
7f812c000000-7f812c021000 rw-p 00000000 00:00 0 
7f812c021000-7f8130000000 ---p 00000000 00:00 0 
7f8130000000-7f8130078000 rw-p 00000000 00:00 0 
7f8130078000-7f8134000000 ---p 00000000 00:00 0 
7f8134000000-7f8134021000 rw-p 00000000 00:00 0 
7f8134021000-7f8138000000 ---p 00000000 00:00 0 
7f8138000000-7f8138021000 rw-p 00000000 00:00 0 
7f8138021000-7f813c000000 ---p 00000000 00:00 0 
7f813c000000-7f813c021000 rw-p 00000000 00:00 0 
7f813c021000-7f8140000000 ---p 00000000 00:00 0 
7f8140000000-7f8140021000 rw-p 00000000 00:00 0 
7f8140021000-7f8144000000 ---p 00000000 00:00 0 
7f8144000000-7f8144047000 rw-p 00000000 00:00 0 
7f8144047000-7f8148000000 ---p 00000000 00:00 0 
7f8148000000-7f8148021000 rw-p 00000000 00:00 0 
7f8148021000-7f814c000000 ---p 00000000 00:00 0 
7f814c000000-7f814c021000 rw-p 00000000 00:00 0 
7f814c021000-7f8150000000 ---p 00000000 00:00 0 
7f8150000000-7f8150021000 rw-p 00000000 00:00 0 
7f8150021000-7f8154000000 ---p 00000000 00:00 0 
7f8154000000-7f8154021000 rw-p 00000000 00:00 0 
7f8154021000-7f8158000000 ---p 00000000 00:00 0 
7f8158000000-7f8158021000 rw-p 00000000 00:00 0 
7f8158021000-7f815c000000 ---p 00000000 00:00 0 
7f815c000000-7f815c021000 rw-p 00000000 00:00 0 
7f815c021000-7f8160000000 ---p 00000000 00:00 0 
7f8160000000-7f8160021000 rw-p 00000000 00:00 0 
7f8160021000-7f8164000000 ---p 00000000 00:00 0 
7f8164000000-7f8164021000 rw-p 00000000 00:00 0 
7f8164021000-7f8168000000 ---p 00000000 00:00 0 
7f8168000000-7f8168021000 rw-p 00000000 00:00 0 
7f8168021000-7f816c000000 ---p 00000000 00:00 0 
7f816c000000-7f816c050000 rw-p 00000000 00:00 0 
7f816c050000-7f8170000000 ---p 00000000 00:00 0 
7f8170000000-7f817002a000 rw-p 00000000 00:00 0 
7f817002a000-7f8174000000 ---p 00000000 00:00 0 
7f8174000000-7f8174021000 rw-p 00000000 00:00 0 
7f8174021000-7f8178000000 ---p 00000000 00:00 0 
7f8178000000-7f8178048000 rw-p 00000000 00:00 0 
7f8178048000-7f817c000000 ---p 00000000 00:00 0 
7f817c000000-7f817c05b000 rw-p 00000000 00:00 0 
7f817c05b000-7f8180000000 ---p 00000000 00:00 0 
7f8180000000-7f8180021000 rw-p 00000000 00:00 0 
7f8180021000-7f8184000000 ---p 00000000 00:00 0 
7f8184000000-7f818404e000 rw-p 00000000 00:00 0 
7f818404e000-7f8188000000 ---p 00000000 00:00 0 
7f8188000000-7f8188053000 rw-p 00000000 00:00 0 
7f8188053000-7f818c000000 ---p 00000000 00:00 0 
7f818c000000-7f818c021000 rw-p 00000000 00:00 0 
7f818c021000-7f8190000000 ---p 00000000 00:00 0 
7f81900f5000-7f81900f8000 ---p 00000000 00:00 0 
7f81900f8000-7f81901f6000 rw-p 00000000 00:00 0                          [stack:9527]
7f81901f6000-7f81901f9000 ---p 00000000 00:00 0 
7f81901f9000-7f81902f7000 rw-p 00000000 00:00 0                          [stack:9528]
7f81905fa000-7f81905fd000 ---p 00000000 00:00 0 
7f81905fd000-7f81906fb000 rw-p 00000000 00:00 0                          [stack:9525]
7f8191408000-7f819140b000 ---p 00000000 00:00 0 
7f819140b000-7f8191509000 rw-p 00000000 00:00 0                          [stack:9504]
7f8192115000-7f8192118000 ---p 00000000 00:00 0 
7f8192118000-7f8192216000 rw-p 00000000 00:00 0                          [stack:9479]
7f819261a000-7f819281a000 rw-p 00000000 00:00 0 
7f8192c1e000-7f8192c21000 ---p 00000000 00:00 0 
7f8192c21000-7f8192d1f000 rw-p 00000000 00:00 0                          [stack:9477]
7f8192f21000-7f8192f24000 ---p 00000000 00:00 0 
7f8192f24000-7f8193022000 rw-p 00000000 00:00 0                          [stack:9526]
7f8193024000-7f8193224000 rw-p 00000000 00:00 0 
7f8193325000-7f8193328000 ---p 00000000 00:00 0 
7f8193328000-7f8193426000 rw-p 00000000 00:00 0                          [stack:9476]
7f819382a000-7f819382d000 ---p 00000000 00:00 0 
7f819382d000-7f819392b000 rw-p 00000000 00:00 0                          [stack:9501]
7f819392b000-7f8193932000 r-xp 00000000 09:02 4588760                    /home/jenkins/tools/java/64bit/jdk1.9.0-ea-b72/lib/amd64/libawt_headless.so
7f8193932000-7f8193b31000 ---p 00007000 09:02 4588760                    /home/jenkins/tools/java/64bit/jdk1.9.0-ea-b72/lib/amd64/libawt_headless.so
7f8193b31000-7f8193b32000 rw-p 00006000 09:02 4588760                    /home/jenkins/tools/java/64bit/jdk1.9.0-ea-b72/lib/amd64/libawt_headless.so
7f8193b32000-7f8193bd0000 r-xp 00000000 09:02 4588710                    /home/jenkins/tools/java/64bit/jdk1.9.0-ea-b72/lib/amd64/libawt.so
7f8193bd0000-7f8193dd0000 ---p 0009e000 09:02 4588710                    /home/jenkins/tools/java/64bit/jdk1.9.0-ea-b72/lib/amd64/libawt.so
7f8193dd0000-7f8193ddc000 rw-p 0009e000 09:02 4588710                    /home/jenkins/tools/java/64bit/jdk1.9.0-ea-b72/lib/amd64/libawt.so
7f8193ddc000-7f8194000000 rw-p 00000000 00:00 0 
7f8194000000-7f819404d000 rw-p 00000000 00:00 0 
7f819404d000-7f8198000000 ---p 00000000 00:00 0 
7f8198000000-7f8198021000 rw-p 00000000 00:00 0 
7f8198021000-7f819c000000 ---p 00000000 00:00 0 
7f819c000000-7f819c048000 rw-p 00000000 00:00 0 
7f819c048000-7f81a0000000 ---p 00000000 00:00 0 
7f81a0000000-7f81a0047000 rw-p 00000000 00:00 0 
7f81a0047000-7f81a4000000 ---p 00000000 00:00 0 
7f81a4000000-7f81a4052000 rw-p 00000000 00:00 0 
7f81a4052000-7f81a8000000 ---p 00000000 00:00 0 
7f81a8000000-7f81a8021000 rw-p 00000000 00:00 0 
7f81a8021000-7f81ac000000 ---p 00000000 00:00 0 
7f81ac000000-7f81ac021000 rw-p 00000000 00:00 0 
7f81ac021000-7f81b0000000 ---p 00000000 00:00 0 
7f81b0000000-7f81b0021000 rw-p 00000000 00:00 0 
7f81b0021000-7f81b4000000 ---p 00000000 00:00 0 
7f81b4000000-7f81b41b2000 rw-p 00000000 00:00 0 
7f81b41b2000-7f81b8000000 ---p 00000000 00:00 0 
7f81b8000000-7f81b8021000 rw-p 00000000 00:00 0 
7f81b8021000-7f81bc000000 ---p 00000000 00:00 0 
7f81bc000000-7f81bc079000 rw-p 00000000 00:00 0 
7f81bc079000-7f81c0000000 ---p 00000000 00:00 0 
7f81c0000000-7f81c004b000 rw-p 00000000 00:00 0 
7f81c004b000-7f81c4000000 ---p 00000000 00:00 0 
7f81c4000000-7f81c4021000 rw-p 00000000 00:00 0 
7f81c4021000-7f81c8000000 ---p 00000000 00:00 0 
7f81c8000000-7f81c8021000 rw-p 00000000 00:00 0 
7f81c8021000-7f81cc000000 ---p 00000000 00:00 0 
7f81cc000000-7f81cc021000 rw-p 00000000 00:00 0 
7f81cc021000-7f81d0000000 ---p 00000000 00:00 0 
7f81d0000000-7f81d0021000 rw-p 00000000 00:00 0 
7f81d0021000-7f81d4000000 ---p 00000000 00:00 0 
7f81d4000000-7f81d4051000 rw-p 00000000 00:00 0 
7f81d4051000-7f81d8000000 ---p 00000000 00:00 0 
7f81d8000000-7f81d8029000 rw-p 00000000 00:00 0 
7f81d8029000-7f81dc000000 ---p 00000000 00:00 0 
7f81dc000000-7f81dc061000 rw-p 00000000 00:00 0 
7f81dc061000-7f81e0000000 ---p 00000000 00:00 0 
7f81e0000000-7f81e0021000 rw-p 00000000 00:00 0 
7f81e0021000-7f81e4000000 ---p 00000000 00:00 0 
7f81e4000000-7f81e4021000 rw-p 00000000 00:00 0 
7f81e4021000-7f81e8000000 ---p 00000000 00:00 0 
7f81e8000000-7f81e8021000 rw-p 00000000 00:00 0 
7f81e8021000-7f81ec000000 ---p 00000000 00:00 0 
7f81ec000000-7f81ec04f000 rw-p 00000000 00:00 0 
7f81ec04f000-7f81f0000000 ---p 00000000 00:00 0 
7f81f0000000-7f81f032d000 rw-p 00000000 00:00 0 
7f81f032d000-7f81f4000000 ---p 00000000 00:00 0 
7f81f4000000-7f81f4021000 rw-p 00000000 00:00 0 
7f81f4021000-7f81f8000000 ---p 00000000 00:00 0 
7f81f8000000-7f81f8068000 rw-p 00000000 00:00 0 
7f81f8068000-7f81fc000000 ---p 00000000 00:00 0 
7f81fc000000-7f81fc0b7000 rw-p 00000000 00:00 0 
7f81fc0b7000-7f8200000000 ---p 00000000 00:00 0 
7f8200000000-7f8200021000 rw-p 00000000 00:00 0 
7f8200021000-7f8204000000 ---p 00000000 00:00 0 
7f8204000000-7f820411b000 rw-p 00000000 00:00 0 
7f820411b000-7f8208000000 ---p 00000000 00:00 0 
7f8208000000-7f8208021000 rw-p 00000000 00:00 0 
7f8208021000-7f820c000000 ---p 00000000 00:00 0 
7f820c000000-7f820c3d9000 rw-p 00000000 00:00 0 
7f820c3d9000-7f8210000000 ---p 00000000 00:00 0 
7f8210087000-7f821008a000 ---p 00000000 00:00 0 
7f821008a000-7f8210188000 rw-p 00000000 00:00 0                          [stack:9502]
7f8210289000-7f82102a0000 r-xp 00000000 09:02 5767233                    /lib/x86_64-linux-gnu/libresolv-2.19.so
7f82102a0000-7f82104a0000 ---p 00017000 09:02 5767233                    /lib/x86_64-linux-gnu/libresolv-2.19.so
7f82104a0000-7f82104a1000 r--p 00017000 09:02 5767233                    /lib/x86_64-linux-gnu/libresolv-2.19.so
7f82104a1000-7f82104a2000 rw-p 00018000 09:02 5767233                    /lib/x86_64-linux-gnu/libresolv-2.19.so
7f82104a2000-7f82104a4000 rw-p 00000000 00:00 0 
7f82104a4000-7f82104a9000 r-xp 00000000 09:02 5767367                    /lib/x86_64-linux-gnu/libnss_dns-2.19.so
7f82104a9000-7f82106a8000 ---p 00005000 09:02 5767367                    /lib/x86_64-linux-gnu/libnss_dns-2.19.so
7f82106a8000-7f82106a9000 r--p 00004000 09:02 5767367                    /lib/x86_64-linux-gnu/libnss_dns-2.19.so
7f82106a9000-7f82106aa000 rw-p 00005000 09:02 5767367                    /lib/x86_64-linux-gnu/libnss_dns-2.19.so
7f82106aa000-7f82108aa000 rw-p 00000000 00:00 0 
7f82109ab000-7f82109ae000 ---p 00000000 00:00 0 
7f82109ae000-7f8210aac000 rw-p 00000000 00:00 0                          [stack:9470]
7f8210aac000-7f8210cac000 rw-p 00000000 00:00 0 
7f8210cac000-7f8210caf000 ---p 00000000 00:00 0 
7f8210caf000-7f8210dad000 rw-p 00000000 00:00 0                          [stack:9467]
7f8210dad000-7f8210db0000 ---p 00000000 00:00 0 
7f8210db0000-7f8210eae000 rw-p 00000000 00:00 0                          [stack:9521]
7f8210fb1000-7f82111b1000 rw-p 00000000 00:00 0 
7f82116b6000-7f82116b9000 ---p 00000000 00:00 0 
7f82116b9000-7f82117b7000 rw-p 00000000 00:00 0                          [stack:9495]
7f8211abc000-7f8211c3c000 rw-p 00000000 00:00 0 
7f8211c3c000-7f8211cbc000 ---p 00000000 00:00 0 
7f8211cbc000-7f8211cbf000 ---p 00000000 00:00 0 
7f8211cbf000-7f8211fbd000 rw-p 00000000 00:00 0                          [stack:9557]
7f8211fbd000-7f8211fc0000 ---p 00000000 00:00 0 
7f8211fc0000-7f82120be000 rw-p 00000000 00:00 0                          [stack:9472]
7f82120be000-7f82120c1000 ---p 00000000 00:00 0 
7f82120c1000-7f82121bf000 rw-p 00000000 00:00 0                          [stack:9556]
7f82121bf000-7f82121c2000 ---p 00000000 00:00 0 
7f82121c2000-7f82122c0000 rw-p 00000000 00:00 0                          [stack:9494]
7f82122c2000-7f82122c5000 ---p 00000000 00:00 0 
7f82122c5000-7f82123c3000 rw-p 00000000 00:00 0                          [stack:9544]
7f82123c3000-7f82123c6000 ---p 00000000 00:00 0 
7f82123c6000-7f82126c4000 rw-p 00000000 00:00 0                          [stack:9534]
7f82126c4000-7f82128c4000 rw-p 00000000 00:00 0 
7f82128c4000-7f8212ac4000 rw-p 00000000 00:00 0 
7f8212ac6000-7f8212ac9000 ---p 00000000 00:00 0 
7f8212ac9000-7f8212dc7000 rw-p 00000000 00:00 0                          [stack:9533]
7f8212dc7000-7f8212fc7000 rw-p 00000000 00:00 0 
7f8212fc7000-7f8212fdd000 r-xp 00000000 09:02 5767186                    /lib/x86_64-linux-gnu/libgcc_s.so.1
7f8212fdd000-7f82131dc000 ---p 00016000 09:02 5767186                    /lib/x86_64-linux-gnu/libgcc_s.so.1
7f82131dc000-7f82131dd000 rw-p 00015000 09:02 5767186                    /lib/x86_64-linux-gnu/libgcc_s.so.1
7f82131f1000-7f8213227000 r-xp 00000000 09:02 4588709                    /home/jenkins/tools/java/64bit/jdk1.9.0-ea-b72/lib/amd64/libsunec.so
7f8213227000-7f8213427000 ---p 00036000 09:02 4588709                    /home/jenkins/tools/java/64bit/jdk1.9.0-ea-b72/lib/amd64/libsunec.so
7f8213427000-7f821342d000 rw-p 00036000 09:02 4588709                    /home/jenkins/tools/java/64bit/jdk1.9.0-ea-b72/lib/amd64/libsunec.so
7f821342d000-7f821363e000 rw-p 00000000 00:00 0 
7f821363e000-7f821383e000 rw-p 00000000 00:00 0 
7f821383e000-7f8213a3e000 rw-p 00000000 00:00 0 
7f8213a3e000-7f8213c3e000 rw-p 00000000 00:00 0 
7f8213c3e000-7f8213c41000 ---p 00000000 00:00 0 
7f8213c41000-7f8213f3f000 rw-p 00000000 00:00 0                          [stack:9466]
7f8213f3f000-7f8213f40000 r--s 00002000 09:02 3411595                    /home/jenkins/tools/hudson.tasks.Ant_AntInstallation/ANT_1.8.2/lib/ant-netrexx.jar
7f8213f40000-7f8213f41000 r--s 00003000 09:02 3411573                    /home/jenkins/tools/hudson.tasks.Ant_AntInstallation/ANT_1.8.2/lib/ant-testutil.jar
7f8213f41000-7f8213f42000 r--s 00001000 09:02 3411558                    /home/jenkins/tools/hudson.tasks.Ant_AntInstallation/ANT_1.8.2/lib/ant-swing.jar
7f8213f42000-7f8213f43000 r--s 00000000 09:02 3411596                    /home/jenkins/tools/hudson.tasks.Ant_AntInstallation/ANT_1.8.2/lib/ant-apache-regexp.jar
7f8213f43000-7f8213f44000 r--s 00009000 09:02 3411584                    /home/jenkins/tools/hudson.tasks.Ant_AntInstallation/ANT_1.8.2/lib/ant-jsch.jar
7f8213f44000-7f8213f45000 r--s 00001000 09:02 3411602                    /home/jenkins/tools/hudson.tasks.Ant_AntInstallation/ANT_1.8.2/lib/ant-antlr.jar
7f8213f45000-7f8213f47000 r--s 00008000 09:02 3411561                    /home/jenkins/tools/hudson.tasks.Ant_AntInstallation/ANT_1.8.2/lib/ant-apache-oro.jar
7f8213f47000-7f8213f49000 r--s 00017000 09:02 3411582                    /home/jenkins/tools/hudson.tasks.Ant_AntInstallation/ANT_1.8.2/lib/ant-junit.jar
7f8213f49000-7f8213f4a000 r--s 00000000 09:02 3411577                    /home/jenkins/tools/hudson.tasks.Ant_AntInstallation/ANT_1.8.2/lib/ant-apache-log4j.jar
7f8213f4a000-7f8213f4b000 r--s 00000000 09:02 3411568                    /home/jenkins/tools/hudson.tasks.Ant_AntInstallation/ANT_1.8.2/lib/ant-apache-resolver.jar
7f8213f4b000-7f8213f4d000 r--s 00013000 09:02 3411590                    /home/jenkins/tools/hudson.tasks.Ant_AntInstallation/ANT_1.8.2/lib/ant-commons-net.jar
7f8213f4d000-7f8213f4e000 r--s 00000000 09:02 3411574                    /home/jenkins/tools/hudson.tasks.Ant_AntInstallation/ANT_1.8.2/lib/ant-commons-logging.jar
7f8213f4e000-7f8213f4f000 r--s 00000000 09:02 3411593                    /home/jenkins/tools/hudson.tasks.Ant_AntInstallation/ANT_1.8.2/lib/ant-apache-bsf.jar
7f8213f4f000-7f8213f51000 r--s 00004000 09:02 3411557                    /home/jenkins/tools/hudson.tasks.Ant_AntInstallation/ANT_1.8.2/lib/ant-jai.jar
7f8213f51000-7f8213f52000 r--s 00001000 09:02 3411567                    /home/jenkins/tools/hudson.tasks.Ant_AntInstallation/ANT_1.8.2/lib/ant-javamail.jar
7f8213f52000-7f8213f53000 r--s 00000000 09:02 3411565                    /home/jenkins/tools/hudson.tasks.Ant_AntInstallation/ANT_1.8.2/lib/ant-apache-xalan2.jar
7f8213f53000-7f8213f54000 r--s 00001000 09:02 3411598                    /home/jenkins/tools/hudson.tasks.Ant_AntInstallation/ANT_1.8.2/lib/ant-junit4.jar
7f8213f54000-7f8213f55000 r--s 00001000 09:02 3411563                    /home/jenkins/tools/hudson.tasks.Ant_AntInstallation/ANT_1.8.2/lib/ant-jmf.jar
7f8213f55000-7f8213f57000 r--s 00001000 09:02 3411601                    /home/jenkins/tools/hudson.tasks.Ant_AntInstallation/ANT_1.8.2/lib/ant-apache-bcel.jar
7f8213f57000-7f8213f75000 r--s 001bb000 09:02 3411599                    /home/jenkins/tools/hudson.tasks.Ant_AntInstallation/ANT_1.8.2/lib/ant.jar
7f8213f75000-7f8213f77000 r--s 00001000 09:02 3411594                    /home/jenkins/tools/hudson.tasks.Ant_AntInstallation/ANT_1.8.2/lib/ant-jdepend.jar
7f8213f77000-7f8213f8c000 r--s 00116000 09:02 2492456                    /home/jenkins/.ant/lib/ivy-2.3.0.jar
7f8213f8c000-7f8213f8e000 r--s 00002000 09:02 3411560                    /home/jenkins/tools/hudson.tasks.Ant_AntInstallation/ANT_1.8.2/lib/ant-launcher.jar
7f8213f8e000-7f8213ff1000 r--s 00a3a000 09:02 2494334                    /home/jenkins/.ivy2/cache/com.ibm.icu/icu4j/jars/icu4j-54.1.jar
7f8213ff1000-7f8213ff3000 r--s 00012000 09:02 6563540                    /home/jenkins/workspace/Lucene-Solr-trunk-Linux/lucene/build/analysis/icu/lucene-analyzers-icu-6.0.0-SNAPSHOT.jar
7f8213ff3000-7f8214000000 r--s 0008f000 09:02 2883914                    /home/jenkins/.ivy2/cache/org.apache.mina/mina-core/bundles/mina-core-2.0.0-M5.jar
7f8214000000-7f8214021000 rw-p 00000000 00:00 0 
7f8214021000-7f8218000000 ---p 00000000 00:00 0 
7f8218000000-7f8218920000 rw-p 00000000 00:00 0 
7f8218920000-7f821c000000 ---p 00000000 00:00 0 
7f821c000000-7f821c021000 rw-p 00000000 00:00 0 
7f821c021000-7f8220000000 ---p 00000000 00:00 0 
7f8220000000-7f8220021000 rw-p 00000000 00:00 0 
7f8220021000-7f8224000000 ---p 00000000 00:00 0 
7f8224000000-7f8224700000 rw-p 00000000 00:00 0 
7f8224700000-7f8228000000 ---p 00000000 00:00 0 
7f8228000000-7f8228021000 rw-p 00000000 00:00 0 
7f8228021000-7f822c000000 ---p 00000000 00:00 0 
7f822c000000-7f822eea8000 rw-p 00000000 00:00 0 
7f822eea8000-7f8230000000 ---p 00000000 00:00 0 
7f8230000000-7f8233182000 rw-p 00000000 00:00 0 
7f8233182000-7f8234000000 ---p 00000000 00:00 0 
7f8234000000-7f8234021000 rw-p 00000000 00:00 0 
7f8234021000-7f8238000000 ---p 00000000 00:00 0 
7f8238000000-7f823a0fa000 rw-p 00000000 00:00 0 
7f823a0fa000-7f823c000000 ---p 00000000 00:00 0 
7f823c000000-7f823c021000 rw-p 00000000 00:00 0 
7f823c021000-7f8240000000 ---p 00000000 00:00 0 
7f8240000000-7f8240021000 rw-p 00000000 00:00 0 
7f8240021000-7f8244000000 ---p 00000000 00:00 0 
7f8244000000-7f82446c5000 rw-p 00000000 00:00 0 
7f82446c5000-7f8248000000 ---p 00000000 00:00 0 
7f8248000000-7f8248002000 r--s 00007000 09:02 2493367                    /home/jenkins/.ivy2/cache/org.objenesis/objenesis/jars/objenesis-1.2.jar
7f8248002000-7f8248006000 r--s 00028000 09:02 2494394                    /home/jenkins/.ivy2/cache/org.mortbay.jetty/jetty-util/jars/jetty-util-6.1.26.jar
7f8248006000-7f824800d000 r--s 0007d000 09:02 2494387                    /home/jenkins/.ivy2/cache/org.mortbay.jetty/jetty/jars/jetty-6.1.26.jar
7f824800d000-7f824801f000 r--s 0009d000 09:02 2493695                    /home/jenkins/.ivy2/cache/com.sun.jersey/jersey-server/bundles/jersey-server-1.9.jar
7f824801f000-7f8248029000 r--s 00066000 09:02 2493707                    /home/jenkins/.ivy2/cache/com.sun.jersey/jersey-core/bundles/jersey-core-1.9.jar
7f8248029000-7f824802b000 r--s 00003000 09:02 2621793                    /home/jenkins/.ivy2/cache/org.slf4j/jcl-over-slf4j/jars/jcl-over-slf4j-1.7.7.jar
7f824802b000-7f824803d000 r--s 00106000 09:02 2490850                    /home/jenkins/.ivy2/cache/com.fasterxml.jackson.core/jackson-databind/bundles/jackson-databind-2.5.4.jar
7f824803d000-7f824803f000 r--s 00008000 09:02 2490851                    /home/jenkins/.ivy2/cache/com.fasterxml.jackson.core/jackson-annotations/bundles/jackson-annotations-2.5.4.jar
7f824803f000-7f8248041000 r--s 00003000 09:02 2490714                    /home/jenkins/.ivy2/cache/org.apache.hadoop/hadoop-minikdc/jars/hadoop-minikdc-2.6.0.jar
7f8248041000-7f8248062000 r--s 002c3000 09:02 2490713                    /home/jenkins/.ivy2/cache/org.apache.hadoop/hadoop-hdfs/tests/hadoop-hdfs-2.6.0-tests.jar
7f8248062000-7f824807e000 r--s 00192000 09:02 2490712                    /home/jenkins/.ivy2/cache/org.apache.hadoop/hadoop-common/tests/hadoop-common-2.6.0-tests.jar
7f824807e000-7f8248094000 r--s 000e1000 09:02 2883918                    /home/jenkins/.ivy2/cache/net.sf.ehcache/ehcache-core/jars/ehcache-core-2.4.4.jar
7f8248094000-7f8248097000 r--s 00019000 09:02 2492569                    /home/jenkins/.ivy2/cache/org.easymock/easymock/jars/easymock-3.0.jar
7f8248097000-7f82480bb000 r--s 001cd000 09:02 2493253                    /home/jenkins/.ivy2/cache/org.apache.commons/commons-math3/jars/commons-math3-3.4.1.jar
7f82480bb000-7f82480c1000 r--s 00049000 09:02 2494352                    /home/jenkins/.ivy2/cache/cglib/cglib-nodep/jars/cglib-nodep-2.2.jar
7f82480c1000-7f82480e6000 r--s 00172000 09:02 2494077                    /home/jenkins/.ivy2/cache/org.bouncycastle/bcprov-jdk15/jars/bcprov-jdk15-1.45.jar
7f82480e6000-7f8248137000 r--s 00254000 09:02 2883910                    /home/jenkins/.ivy2/cache/org.apache.directory.api/api-all/jars/api-all-1.0.0-M20.jar
7f8248137000-7f824813b000 r--s 00028000 09:02 2883908                    /home/jenkins/.ivy2/cache/org.apache.directory.server/apacheds-xdbm-partition/bundles/apacheds-xdbm-partition-2.0.0-M15.jar
7f824813b000-7f824813c000 r--s 00007000 09:02 2883906                    /home/jenkins/.ivy2/cache/org.apache.directory.server/apacheds-protocol-shared/bundles/apacheds-protocol-shared-2.0.0-M15.jar
7f824813c000-7f8248140000 r--s 00034000 09:02 2883904                    /home/jenkins/.ivy2/cache/org.apache.directory.server/apacheds-protocol-ldap/bundles/apacheds-protocol-ldap-2.0.0-M15.jar
7f8248140000-7f8248142000 r--s 00013000 09:02 2883902                    /home/jenkins/.ivy2/cache/org.apache.directory.server/apacheds-protocol-kerberos/bundles/apacheds-protocol-kerberos-2.0.0-M15.jar
7f8248142000-7f8248144000 r--s 0000a000 09:02 2883900                    /home/jenkins/.ivy2/cache/org.apache.directory.server/apacheds-mavibot-partition/jars/apacheds-mavibot-partition-2.0.0-M15.jar
7f8248144000-7f8248146000 r--s 00006000 09:02 2883898                    /home/jenkins/.ivy2/cache/org.apache.directory.server/apacheds-ldif-partition/bundles/apacheds-ldif-partition-2.0.0-M15.jar
7f8248146000-7f8248158000 r--s 00097000 09:02 2883896                    /home/jenkins/.ivy2/cache/org.apache.directory.server/apacheds-kerberos-codec/bundles/apacheds-kerberos-codec-2.0.0-M15.jar
7f8248158000-7f824815b000 r--s 00017000 09:02 2883912                    /home/jenkins/.ivy2/cache/org.apache.directory.jdbm/apacheds-jdbm1/bundles/apacheds-jdbm1-2.0.0-M2.jar
7f824815b000-7f824815d000 r--s 00010000 09:02 2883894                    /home/jenkins/.ivy2/cache/org.apache.directory.server/apacheds-jdbm-partition/bundles/apacheds-jdbm-partition-2.0.0-M15.jar
7f824815d000-7f824815f000 r--s 0000a000 09:02 2883890                    /home/jenkins/.ivy2/cache/org.apache.directory.server/apacheds-interceptors-trigger/bundles/apacheds-interceptors-trigger-2.0.0-M15.jar
7f824815f000-7f8248160000 r--s 00006000 09:02 2883888                    /home/jenkins/.ivy2/cache/org.apache.directory.server/apacheds-interceptors-subtree/bundles/apacheds-interceptors-subtree-2.0.0-M15.jar
7f8248160000-7f8248161000 r--s 00009000 09:02 2883886                    /home/jenkins/.ivy2/cache/org.apache.directory.server/apacheds-interceptors-schema/bundles/apacheds-interceptors-schema-2.0.0-M15.jar
7f8248161000-7f8248162000 r--s 00002000 09:02 2883884                    /home/jenkins/.ivy2/cache/org.apache.directory.server/apacheds-interceptors-referral/bundles/apacheds-interceptors-referral-2.0.0-M15.jar
7f8248162000-7f8248163000 r--s 00003000 09:02 2883882                    /home/jenkins/.ivy2/cache/org.apache.directory.server/apacheds-interceptors-operational/bundles/apacheds-interceptors-operational-2.0.0-M15.jar
7f8248163000-7f8248164000 r--s 00003000 09:02 2883880                    /home/jenkins/.ivy2/cache/org.apache.directory.server/apacheds-interceptors-normalization/bundles/apacheds-interceptors-normalization-2.0.0-M15.jar
7f8248164000-7f8248165000 r--s 00003000 09:02 2883878                    /home/jenkins/.ivy2/cache/org.apache.directory.server/apacheds-interceptors-journal/bundles/apacheds-interceptors-journal-2.0.0-M15.jar
7f8248165000-7f8248166000 r--s 00002000 09:02 2883876                    /home/jenkins/.ivy2/cache/org.apache.directory.server/apacheds-interceptors-exception/bundles/apacheds-interceptors-exception-2.0.0-M15.jar
7f8248166000-7f8248167000 r--s 00004000 09:02 2883874                    /home/jenkins/.ivy2/cache/org.apache.directory.server/apacheds-interceptors-event/bundles/apacheds-interceptors-event-2.0.0-M15.jar
7f8248167000-7f8248168000 r--s 00003000 09:02 2883872                    /home/jenkins/.ivy2/cache/org.apache.directory.server/apacheds-interceptors-collective/bundles/apacheds-interceptors-collective-2.0.0-M15.jar
7f8248168000-7f824816a000 r--s 00004000 09:02 2883870                    /home/jenkins/.ivy2/cache/org.apache.directory.server/apacheds-interceptors-changelog/bundles/apacheds-interceptors-changelog-2.0.0-M15.jar
7f824816a000-7f824816c000 r--s 0000e000 09:02 2883868                    /home/jenkins/.ivy2/cache/org.apache.directory.server/apacheds-interceptors-authz/bundles/apacheds-interceptors-authz-2.0.0-M15.jar
7f824816c000-7f824816e000 r--s 00009000 09:02 2883866                    /home/jenkins/.ivy2/cache/org.apache.directory.server/apacheds-interceptors-authn/bundles/apacheds-interceptors-authn-2.0.0-M15.jar
7f824816e000-7f824816f000 r--s 00004000 09:02 2883864                    /home/jenkins/.ivy2/cache/org.apache.directory.server/apacheds-interceptors-admin/bundles/apacheds-interceptors-admin-2.0.0-M15.jar
7f824816f000-7f8248170000 r--s 00003000 09:02 2883862                    /home/jenkins/.ivy2/cache/org.apache.directory.server/apacheds-interceptor-kerberos/bundles/apacheds-interceptor-kerberos-2.0.0-M15.jar
7f8248170000-7f8248171000 r--s 0000a000 09:02 2883892                    /home/jenkins/.ivy2/cache/org.apache.directory.server/apacheds-i18n/bundles/apacheds-i18n-2.0.0-M15.jar
7f8248171000-7f8248173000 r--s 00008000 09:02 2883860                    /home/jenkins/.ivy2/cache/org.apache.directory.server/apacheds-core-shared/bundles/apacheds-core-shared-2.0.0-M15.jar
7f8248173000-7f8248174000 r--s 0000e000 09:02 2883858                    /home/jenkins/.ivy2/cache/org.apache.directory.server/apacheds-core-avl/bundles/apacheds-core-avl-2.0.0-M15.jar
7f8248174000-7f824817a000 r--s 0003a000 09:02 2883856                    /home/jenkins/.ivy2/cache/org.apache.directory.server/apacheds-core-api/bundles/apacheds-core-api-2.0.0-M15.jar
7f824817a000-7f824817c000 r--s 0000a000 09:02 2883854                    /home/jenkins/.ivy2/cache/org.apache.directory.server/apacheds-core/bundles/apacheds-core-2.0.0-M15.jar
7f824817c000-7f8248181000 r--s 00068000 09:02 2883916                    /home/jenkins/.ivy2/cache/antlr/antlr/jars/antlr-2.7.7.jar
7f8248181000-7f8248184000 ---p 00000000 00:00 0 
7f8248184000-7f8248482000 rw-p 00000000 00:00 0                          [stack:9478]
7f8248482000-7f8248487000 r--s 0002f000 09:02 2490798                    /home/jenkins/.ivy2/cache/com.carrotsearch.randomizedtesting/randomizedtesting-runner/jars/randomizedtesting-runner-2.1.13.jar
7f8248487000-7f824848c000 r-xp 00000000 09:02 4588714                    /home/jenkins/tools/java/64bit/jdk1.9.0-ea-b72/lib/amd64/libmanagement_ext.so
7f824848c000-7f824868b000 ---p 00005000 09:02 4588714                    /home/jenkins/tools/java/64bit/jdk1.9.0-ea-b72/lib/amd64/libmanagement_ext.so
7f824868b000-7f824868c000 rw-p 00004000 09:02 4588714                    /home/jenkins/tools/java/64bit/jdk1.9.0-ea-b72/lib/amd64/libmanagement_ext.so
7f824868c000-7f82486e6000 r--s 0006b000 09:02 4588580                    /home/jenkins/tools/java/64bit/jdk1.9.0-ea-b72/lib/modules/bootmodules.jimage
7f82486e6000-7f8248732000 r--s 00020000 09:02 4588580                    /home/jenkins/tools/java/64bit/jdk1.9.0-ea-b72/lib/modules/bootmodules.jimage
7f8248732000-7f8248743000 r--s 00010000 09:02 4588580                    /home/jenkins/tools/java/64bit/jdk1.9.0-ea-b72/lib/modules/bootmodules.jimage
7f8248743000-7f8248754000 r--s 00000000 09:02 4588580                    /home/jenkins/tools/java/64bit/jdk1.9.0-ea-b72/lib/modules/bootmodules.jimage
7f8248755000-7f8248759000 r-xp 00000000 09:02 4588718                    /home/jenkins/tools/java/64bit/jdk1.9.0-ea-b72/lib/amd64/libmanagement.so
7f8248759000-7f8248958000 ---p 00004000 09:02 4588718                    /home/jenkins/tools/java/64bit/jdk1.9.0-ea-b72/lib/amd64/libmanagement.so
7f8248958000-7f8248959000 rw-p 00003000 09:02 4588718                    /home/jenkins/tools/java/64bit/jdk1.9.0-ea-b72/lib/amd64/libmanagement.so
7f8248959000-7f824895c000 ---p 00000000 00:00 0 
7f824895c000-7f8248a5a000 rw-p 00000000 00:00 0                          [stack:7454]
7f8248a5a000-7f8248a61000 r--s 00037000 09:02 2494287                    /home/jenkins/.ivy2/cache/junit/junit/jars/junit-4.10.jar
7f8248a61000-7f8248a6a000 r--s 000a4000 09:02 2494053                    /home/jenkins/.ivy2/cache/hsqldb/hsqldb/jars/hsqldb-1.8.0.10.jar
7f8248a6a000-7f8248a93000 r--s 0026c000 09:02 2493174                    /home/jenkins/.ivy2/cache/org.apache.derby/derby/jars/derby-10.9.1.0.jar
7f8248a93000-7f8248a94000 r--s 0000a000 09:02 2624026                    /home/jenkins/.ivy2/cache/org.eclipse.jetty/jetty-xml/jars/jetty-xml-9.2.11.v20150529.jar
7f8248a94000-7f8248a96000 r--s 00019000 09:02 2624025                    /home/jenkins/.ivy2/cache/org.eclipse.jetty/jetty-webapp/jars/jetty-webapp-9.2.11.v20150529.jar
7f8248a96000-7f8248a9c000 r--s 00052000 09:02 2624003                    /home/jenkins/.ivy2/cache/org.eclipse.jetty/jetty-util/jars/jetty-util-9.2.11.v20150529.jar
7f8248a9c000-7f8248a9e000 r--s 0001c000 09:02 2624024                    /home/jenkins/.ivy2/cache/org.eclipse.jetty/jetty-servlets/jars/jetty-servlets-9.2.11.v20150529.jar
7f8248a9e000-7f8248aa1000 r--s 0001a000 09:02 2490825                    /home/jenkins/.ivy2/cache/org.eclipse.jetty/jetty-servlet/jars/jetty-servlet-9.2.11.v20150529.jar
7f8248aa1000-7f8248aa7000 r--s 00061000 09:02 2624002                    /home/jenkins/.ivy2/cache/org.eclipse.jetty/jetty-server/jars/jetty-server-9.2.11.v20150529.jar
7f8248aa7000-7f8248aaa000 r--s 00015000 09:02 2624023                    /home/jenkins/.ivy2/cache/org.eclipse.jetty/jetty-security/jars/jetty-security-9.2.11.v20150529.jar
7f8248aaa000-7f8248aac000 r--s 00006000 09:02 4325419                    /home/jenkins/.ivy2/cache/org.eclipse.jetty/jetty-rewrite/jars/jetty-rewrite-9.2.11.v20150529.jar
7f8248aac000-7f8248aad000 r--s 00005000 09:02 2490829                    /home/jenkins/.ivy2/cache/org.eclipse.jetty/jetty-jmx/jars/jetty-jmx-9.2.11.v20150529.jar
7f8248aad000-7f8248ab0000 r--s 00018000 09:02 2624004                    /home/jenkins/.ivy2/cache/org.eclipse.jetty/jetty-io/jars/jetty-io-9.2.11.v20150529.jar
7f8248ab0000-7f8248ab2000 r--s 00018000 09:02 2624006                    /home/jenkins/.ivy2/cache/org.eclipse.jetty/jetty-http/jars/jetty-http-9.2.11.v20150529.jar
7f8248ab2000-7f8248ab4000 r--s 0000b000 09:02 2624022                    /home/jenkins/.ivy2/cache/org.eclipse.jetty/jetty-deploy/jars/jetty-deploy-9.2.11.v20150529.jar
7f8248ab4000-7f8248ab5000 r--s 00003000 09:02 2624005                    /home/jenkins/.ivy2/cache/org.eclipse.jetty/jetty-continuation/jars/jetty-continuation-9.2.11.v20150529.jar
7f8248ab5000-7f8248ab8000 r--s 00015000 09:02 2493763                    /home/jenkins/.ivy2/cache/javax.servlet/javax.servlet-api/jars/javax.servlet-api-3.1.0.jar
7f8248ab8000-7f8248ac4000 r--s 000b6000 09:02 2494323                    /home/jenkins/.ivy2/cache/org.apache.zookeeper/zookeeper/jars/zookeeper-3.4.6.jar
7f8248ac4000-7f8248aca000 r--s 00071000 09:02 2492590                    /home/jenkins/.ivy2/cache/org.codehaus.woodstox/woodstox-core-asl/jars/woodstox-core-asl-4.4.1.jar
7f8248aca000-7f8248ace000 r--s 00024000 09:02 2492578                    /home/jenkins/.ivy2/cache/org.codehaus.woodstox/stax2-api/bundles/stax2-api-3.1.4.jar
7f8248ace000-7f8248ad0000 r--s 00006000 09:02 2621783                    /home/jenkins/.ivy2/cache/org.slf4j/slf4j-api/jars/slf4j-api-1.7.7.jar
7f8248ad0000-7f8248ad1000 r--s 00006000 09:02 2494204                    /home/jenkins/.ivy2/cache/org.noggit/noggit/jars/noggit-0.6.jar
7f8248ad1000-7f8248ad2000 r--s 00009000 09:02 2623936                    /home/jenkins/.ivy2/cache/org.apache.httpcomponents/httpmime/jars/httpmime-4.4.1.jar
7f8248ad2000-7f8248ad9000 r--s 00048000 09:02 2623932                    /home/jenkins/.ivy2/cache/org.apache.httpcomponents/httpcore/jars/httpcore-4.4.1.jar
7f8248ad9000-7f8248ae6000 r--s 000a4000 09:02 2623931                    /home/jenkins/.ivy2/cache/org.apache.httpcomponents/httpclient/jars/httpclient-4.4.1.jar
7f8248ae6000-7f8248aea000 r--s 0002a000 09:02 2492908                    /home/jenkins/.ivy2/cache/commons-io/commons-io/jars/commons-io-2.4.jar
7f8248aea000-7f8248aeb000 r--s 0000e000 09:02 4460309                    /home/jenkins/.ivy2/cache/com.tdunning/t-digest/jars/t-digest-3.1.jar
7f8248aeb000-7f8248aed000 r--s 00017000 09:02 2494297                    /home/jenkins/.ivy2/cache/com.spatial4j/spatial4j/bundles/spatial4j-0.4.1.jar
7f8248aed000-7f8248aef000 r--s 0000c000 09:02 4326589                    /home/jenkins/.ivy2/cache/io.airlift/slice/jars/slice-0.10.jar
7f8248aef000-7f8248af1000 r--s 00001000 09:02 2621815                    /home/jenkins/.ivy2/cache/org.slf4j/slf4j-log4j12/jars/slf4j-log4j12-1.7.7.jar
7f8248af1000-7f8248af9000 r--s 0007b000 09:02 2493861                    /home/jenkins/.ivy2/cache/com.google.protobuf/protobuf-java/bundles/protobuf-java-2.5.0.jar
7f8248af9000-7f8248b01000 r--s 00068000 09:02 4326626                    /home/jenkins/.ivy2/cache/com.facebook.presto/presto-parser/jars/presto-parser-0.108.jar
7f8248b01000-7f8248b02000 r--s 00005000 09:02 2493311                    /home/jenkins/.ivy2/cache/org.restlet.jee/org.restlet.ext.servlet/jars/org.restlet.ext.servlet-2.3.0.jar
7f8248b02000-7f8248b0b000 r--s 000a4000 09:02 2493322                    /home/jenkins/.ivy2/cache/org.restlet.jee/org.restlet/jars/org.restlet-2.3.0.jar
7f8248b0b000-7f8248b14000 r--s 0006f000 09:02 2494433                    /home/jenkins/.ivy2/cache/log4j/log4j/bundles/log4j-1.2.17.jar
7f8248b14000-7f8248b24000 r--s 0007d000 09:02 2494061                    /home/jenkins/.ivy2/cache/joda-time/joda-time/jars/joda-time-2.2.jar
7f8248b24000-7f8248b26000 r--s 00011000 09:02 4326503                    /home/jenkins/.ivy2/cache/com.fasterxml.jackson.dataformat/jackson-dataformat-smile/bundles/jackson-dataformat-smile-2.5.4.jar
7f8248b26000-7f8248b2a000 r--s 00035000 09:02 2490843                    /home/jenkins/.ivy2/cache/com.fasterxml.jackson.core/jackson-core/bundles/jackson-core-2.5.4.jar
7f8248b2a000-7f8248b2c000 r--s 00006000 09:02 4460285                    /home/jenkins/.ivy2/cache/org.htrace/htrace-core/jars/htrace-core-3.0.4.jar
7f8248b2c000-7f8248b44000 r--s 00123000 09:02 2493378                    /home/jenkins/.ivy2/cache/com.carrotsearch/hppc/jars/hppc-0.5.2.jar
7f8248b44000-7f8248b46000 r--s 00006000 09:02 5113716                    /home/jenkins/.ivy2/cache/net.agkn/hll/jars/hll-1.6.0.jar
7f8248b46000-7f8248bab000 r--s 00711000 09:02 2490706                    /home/jenkins/.ivy2/cache/org.apache.hadoop/hadoop-hdfs/jars/hadoop-hdfs-2.6.0.jar
7f8248bab000-7f8248be1000 r--s 002ff000 09:02 2490705                    /home/jenkins/.ivy2/cache/org.apache.hadoop/hadoop-common/jars/hadoop-common-2.6.0.jar
7f8248be1000-7f8248be3000 r--s 0000f000 09:02 2490708                    /home/jenkins/.ivy2/cache/org.apache.hadoop/hadoop-auth/jars/hadoop-auth-2.6.0.jar
7f8248be3000-7f8248be5000 r--s 00003000 09:02 2490707                    /home/jenkins/.ivy2/cache/org.apache.hadoop/hadoop-annotations/jars/hadoop-annotations-2.6.0.jar
7f8248be5000-7f8248c0e000 r--s 001ee000 09:02 2493722                    /home/jenkins/.ivy2/cache/com.google.guava/guava/bundles/guava-14.0.1.jar
7f8248c0e000-7f8248c38000 rw-p 00000000 00:00 0 
7f8248c38000-7f8248d5e000 r--s 00eff000 09:02 5113718                    /home/jenkins/.ivy2/cache/it.unimi.dsi/fastutil/jars/fastutil-6.5.11.jar
7f8248d5e000-7f8248d63000 r--s 00048000 09:02 2492632                    /home/jenkins/.ivy2/cache/dom4j/dom4j/jars/dom4j-1.6.1.jar
7f8248d63000-7f8248d68000 r--s 00041000 09:02 2621834                    /home/jenkins/.ivy2/cache/commons-lang/commons-lang/jars/commons-lang-2.6.jar
7f8248d68000-7f8248d6b000 r--s 0000c000 09:02 2494424                    /home/jenkins/.ivy2/cache/commons-fileupload/commons-fileupload/jars/commons-fileupload-1.2.1.jar
7f8248d6b000-7f8248d71000 r--s 00043000 09:02 2493734                    /home/jenkins/.ivy2/cache/commons-configuration/commons-configuration/jars/commons-configuration-1.6.jar
7f8248d71000-7f8248d7f000 r--s 0007f000 09:02 2494254                    /home/jenkins/.ivy2/cache/commons-collections/commons-collections/jars/commons-collections-3.2.1.jar
7f8248d7f000-7f8248d86000 r--s 0003f000 09:02 2621703                    /home/jenkins/.ivy2/cache/commons-codec/commons-codec/jars/commons-codec-1.10.jar
7f8248d86000-7f8248d88000 r--s 00009000 09:02 2493912                    /home/jenkins/.ivy2/cache/commons-cli/commons-cli/jars/commons-cli-1.2.jar
7f8248d88000-7f8248dbe000 r--s 001cc000 09:02 4456614                    /home/jenkins/.ivy2/cache/com.github.ben-manes.caffeine/caffeine/jars/caffeine-1.0.1.jar
7f8248dbe000-7f8248dc0000 r--s 00008000 09:02 2494158                    /home/jenkins/.ivy2/cache/org.ow2.asm/asm-commons/jars/asm-commons-4.1.jar
7f8248dc0000-7f8248dc7000 r--s 00055000 09:02 4326587                    /home/jenkins/.ivy2/cache/org.antlr/antlr4-runtime/jars/antlr4-runtime-4.5.jar
7f8248dc7000-7f8248dca000 r--s 00026000 09:02 2493890                    /home/jenkins/.ivy2/cache/org.antlr/antlr-runtime/jars/antlr-runtime-3.5.jar
7f8248dca000-7f8248dcd000 r--s 0002a000 09:02 6560664                    /home/jenkins/workspace/Lucene-Solr-trunk-Linux/lucene/build/sandbox/lucene-sandbox-6.0.0-SNAPSHOT.jar
7f8248dcd000-7f8248dd0000 r--s 0001a000 09:02 6561167                    /home/jenkins/workspace/Lucene-Solr-trunk-Linux/lucene/build/join/lucene-join-6.0.0-SNAPSHOT.jar
7f8248dd0000-7f8248dda000 r--s 00055000 09:02 6560970                    /home/jenkins/workspace/Lucene-Solr-trunk-Linux/lucene/build/queryparser/lucene-queryparser-6.0.0-SNAPSHOT.jar
7f8248dda000-7f8248de0000 r--s 0002b000 09:02 6560546                    /home/jenkins/workspace/Lucene-Solr-trunk-Linux/lucene/build/queries/lucene-queries-6.0.0-SNAPSHOT.jar
7f8248de0000-7f8248de3000 r--s 00018000 09:02 6561078                    /home/jenkins/workspace/Lucene-Solr-trunk-Linux/lucene/build/grouping/lucene-grouping-6.0.0-SNAPSHOT.jar
7f8248de3000-7f8248de8000 r--s 00037000 09:02 6563550                    /home/jenkins/workspace/Lucene-Solr-trunk-Linux/lucene/build/suggest/lucene-suggest-6.0.0-SNAPSHOT.jar
7f8248de8000-7f8248dea000 r--s 00011000 09:02 6562214                    /home/jenkins/workspace/Lucene-Solr-trunk-Linux/lucene/build/expressions/lucene-expressions-6.0.0-SNAPSHOT.jar
7f8248dea000-7f8248dee000 r--s 0002e000 09:02 6561741                    /home/jenkins/workspace/Lucene-Solr-trunk-Linux/lucene/build/spatial/lucene-spatial-6.0.0-SNAPSHOT.jar
7f8248dee000-7f8248df2000 r--s 00026000 09:02 6561523                    /home/jenkins/workspace/Lucene-Solr-trunk-Linux/lucene/build/misc/lucene-misc-6.0.0-SNAPSHOT.jar
7f8248df2000-7f8248df4000 r--s 00007000 09:02 6560995                    /home/jenkins/workspace/Lucene-Solr-trunk-Linux/lucene/build/memory/lucene-memory-6.0.0-SNAPSHOT.jar
7f8248df4000-7f8248df7000 r--s 00020000 09:02 6561268                    /home/jenkins/workspace/Lucene-Solr-trunk-Linux/lucene/build/highlighter/lucene-highlighter-6.0.0-SNAPSHOT.jar
7f8248df7000-7f8248dfe000 r--s 0005f000 09:02 6561743                    /home/jenkins/workspace/Lucene-Solr-trunk-Linux/lucene/build/codecs/lucene-codecs-6.0.0-SNAPSHOT.jar
7f8248dfe000-7f8248dff000 ---p 00000000 00:00 0 
7f8248dff000-7f8248eff000 rw-p 00000000 00:00 0                          [stack:7452]
7f8248eff000-7f8248f02000 ---p 00000000 00:00 0 
7f8248f02000-7f82537b0000 rw-p 00000000 00:00 0                          [stack:7451]
7f82537b0000-7f8253aa0000 ---p 00000000 00:00 0 
7f8253aa0000-7f8268950000 rw-p 00000000 00:00 0 
7f8268950000-7f8269000000 ---p 00000000 00:00 0 
7f8269000000-7f8269270000 rwxp 00000000 00:00 0 
7f8269270000-7f8269591000 ---p 00000000 00:00 0 
7f8269591000-7f826ae21000 rwxp 00000000 00:00 0 
7f826ae21000-7f8270ac8000 ---p 00000000 00:00 0 
7f8270ac8000-7f82718d8000 rwxp 00000000 00:00 0 
7f82718d8000-7f8278000000 ---p 00000000 00:00 0 
7f8278000000-7f82787a8000 rw-p 00000000 00:00 0 
7f82787a8000-7f827c000000 ---p 00000000 00:00 0 
7f827c000000-7f827c001000 r--s 0000b000 09:02 2494147                    /home/jenkins/.ivy2/cache/org.ow2.asm/asm/jars/asm-4.1.jar
7f827c001000-7f827c003000 r--s 00005000 09:02 6563546                    /home/jenkins/workspace/Lucene-Solr-trunk-Linux/lucene/build/analysis/phonetic/lucene-analyzers-phonetic-6.0.0-SNAPSHOT.jar
7f827c003000-7f827c014000 r--s 00156000 09:02 6559313                    /home/jenkins/workspace/Lucene-Solr-trunk-Linux/lucene/build/analysis/common/lucene-analyzers-common-6.0.0-SNAPSHOT.jar
7f827c014000-7f827c017000 ---p 00000000 00:00 0 
7f827c017000-7f827c115000 rw-p 00000000 00:00 0                          [stack:7450]
7f827c115000-7f827c118000 ---p 00000000 00:00 0 
7f827c118000-7f827c216000 rw-p 00000000 00:00 0                          [stack:7449]
7f827c216000-7f827c219000 ---p 00000000 00:00 0 
7f827c219000-7f827c317000 rw-p 00000000 00:00 0                          [stack:7448]
7f827c317000-7f827c31a000 ---p 00000000 00:00 0 
7f827c31a000-7f827c418000 rw-p 00000000 00:00 0                          [stack:7447]
7f827c418000-7f827c41b000 ---p 00000000 00:00 0 
7f827c41b000-7f827c519000 rw-p 00000000 00:00 0                          [stack:7446]
7f827c519000-7f827c51c000 ---p 00000000 00:00 0 
7f827c51c000-7f827c61a000 rw-p 00000000 00:00 0                          [stack:7445]
7f827c61a000-7f827c64c000 r--s 0014b000 09:02 2490797                    /home/jenkins/.ivy2/cache/com.carrotsearch.randomizedtesting/junit4-ant/jars/junit4-ant-2.1.13.jar
7f827c64c000-7f827c672000 r--s 0002c000 09:02 4588581                    /home/jenkins/tools/java/64bit/jdk1.9.0-ea-b72/lib/modules/appmodules.jimage
7f827c672000-7f827c691000 r--s 0000e000 09:02 4588581                    /home/jenkins/tools/java/64bit/jdk1.9.0-ea-b72/lib/modules/appmodules.jimage
7f827c691000-7f827c699000 r--s 00007000 09:02 4588581                    /home/jenkins/tools/java/64bit/jdk1.9.0-ea-b72/lib/modules/appmodules.jimage
7f827c699000-7f827c6a1000 r--s 00000000 09:02 4588581                    /home/jenkins/tools/java/64bit/jdk1.9.0-ea-b72/lib/modules/appmodules.jimage
7f827c6a1000-7f827c732000 r--s 0109d000 09:02 4588702                    /home/jenkins/tools/java/64bit/jdk1.9.0-ea-b72/lib/jfxrt.jar
7f827c732000-7f827c76e000 r--s 00036000 09:02 4588579                    /home/jenkins/tools/java/64bit/jdk1.9.0-ea-b72/lib/modules/extmodules.jimage
7f827c76e000-7f827c795000 r--s 00010000 09:02 4588579                    /home/jenkins/tools/java/64bit/jdk1.9.0-ea-b72/lib/modules/extmodules.jimage
7f827c795000-7f827c79e000 r--s 00008000 09:02 4588579                    /home/jenkins/tools/java/64bit/jdk1.9.0-ea-b72/lib/modules/extmodules.jimage
7f827c79e000-7f827c7ae000 r-xp 00000000 09:02 4588722                    /home/jenkins/tools/java/64bit/jdk1.9.0-ea-b72/lib/amd64/libnio.so
7f827c7ae000-7f827c9ae000 ---p 00010000 09:02 4588722                    /home/jenkins/tools/java/64bit/jdk1.9.0-ea-b72/lib/amd64/libnio.so
7f827c9ae000-7f827c9af000 rw-p 00010000 09:02 4588722                    /home/jenkins/tools/java/64bit/jdk1.9.0-ea-b72/lib/amd64/libnio.so
7f827c9af000-7f827cb30000 rw-p 00000000 00:00 0 
7f827cb30000-7f827cb45000 r-xp 00000000 09:02 4588729                    /home/jenkins/tools/java/64bit/jdk1.9.0-ea-b72/lib/amd64/libnet.so
7f827cb45000-7f827cd45000 ---p 00015000 09:02 4588729                    /home/jenkins/tools/java/64bit/jdk1.9.0-ea-b72/lib/amd64/libnet.so
7f827cd45000-7f827cd46000 rw-p 00015000 09:02 4588729                    /home/jenkins/tools/java/64bit/jdk1.9.0-ea-b72/lib/amd64/libnet.so
7f827cd46000-7f827d00f000 r--p 00000000 09:02 9830540                    /usr/lib/locale/locale-archive
7f827d00f000-7f827d012000 ---p 00000000 00:00 0 
7f827d012000-7f827d110000 rw-p 00000000 00:00 0                          [stack:7428]
7f827d110000-7f827d113000 ---p 00000000 00:00 0 
7f827d113000-7f827d211000 rw-p 00000000 00:00 0                          [stack:7427]
7f827d211000-7f827d212000 ---p 00000000 00:00 0 
7f827d212000-7f827d312000 rw-p 00000000 00:00 0                          [stack:7424]
7f827d312000-7f827d3d7000 r--p 00000000 09:02 4588580                    /home/jenkins/tools/java/64bit/jdk1.9.0-ea-b72/lib/modules/bootmodules.jimage
7f827d3d7000-7f827dca8000 rw-p 00000000 00:00 0 
7f827dca8000-7f827dcfc000 rw-p 00000000 00:00 0 
7f827dcfc000-7f827dcfd000 ---p 00000000 00:00 0 
7f827dcfd000-7f827dda5000 rw-p 00000000 00:00 0 
7f827dda5000-7f827dda8000 ---p 00000000 00:00 0 
7f827dda8000-7f827ddc6000 rw-p 00000000 00:00 0 
7f827ddc6000-7f827de94000 ---p 00000000 00:00 0 
7f827de94000-7f827dec6000 rw-p 00000000 00:00 0 
7f827dec6000-7f827df7f000 ---p 00000000 00:00 0 
7f827df7f000-7f827df99000 r-xp 00000000 09:02 4588734                    /home/jenkins/tools/java/64bit/jdk1.9.0-ea-b72/lib/amd64/libzip.so
7f827df99000-7f827e198000 ---p 0001a000 09:02 4588734                    /home/jenkins/tools/java/64bit/jdk1.9.0-ea-b72/lib/amd64/libzip.so
7f827e198000-7f827e199000 rw-p 00019000 09:02 4588734                    /home/jenkins/tools/java/64bit/jdk1.9.0-ea-b72/lib/amd64/libzip.so
7f827e199000-7f827e1a4000 r-xp 00000000 09:02 5767363                    /lib/x86_64-linux-gnu/libnss_files-2.19.so
7f827e1a4000-7f827e3a3000 ---p 0000b000 09:02 5767363                    /lib/x86_64-linux-gnu/libnss_files-2.19.so
7f827e3a3000-7f827e3a4000 r--p 0000a000 09:02 5767363                    /lib/x86_64-linux-gnu/libnss_files-2.19.so
7f827e3a4000-7f827e3a5000 rw-p 0000b000 09:02 5767363                    /lib/x86_64-linux-gnu/libnss_files-2.19.so
7f827e3a5000-7f827e3b0000 r-xp 00000000 09:02 5767389                    /lib/x86_64-linux-gnu/libnss_nis-2.19.so
7f827e3b0000-7f827e5af000 ---p 0000b000 09:02 5767389                    /lib/x86_64-linux-gnu/libnss_nis-2.19.so
7f827e5af000-7f827e5b0000 r--p 0000a000 09:02 5767389                    /lib/x86_64-linux-gnu/libnss_nis-2.19.so
7f827e5b0000-7f827e5b1000 rw-p 0000b000 09:02 5767389                    /lib/x86_64-linux-gnu/libnss_nis-2.19.so
7f827e5b1000-7f827e5c8000 r-xp 00000000 09:02 5767375                    /lib/x86_64-linux-gnu/libnsl-2.19.so
7f827e5c8000-7f827e7c7000 ---p 00017000 09:02 5767375                    /lib/x86_64-linux-gnu/libnsl-2.19.so
7f827e7c7000-7f827e7c8000 r--p 00016000 09:02 5767375                    /lib/x86_64-linux-gnu/libnsl-2.19.so
7f827e7c8000-7f827e7c9000 rw-p 00017000 09:02 5767375                    /lib/x86_64-linux-gnu/libnsl-2.19.so
7f827e7c9000-7f827e7cb000 rw-p 00000000 00:00 0 
7f827e7cb000-7f827e7d4000 r-xp 00000000 09:02 5767374                    /lib/x86_64-linux-gnu/libnss_compat-2.19.so
7f827e7d4000-7f827e9d3000 ---p 00009000 09:02 5767374                    /lib/x86_64-linux-gnu/libnss_compat-2.19.so
7f827e9d3000-7f827e9d4000 r--p 00008000 09:02 5767374                    /lib/x86_64-linux-gnu/libnss_compat-2.19.so
7f827e9d4000-7f827e9d5000 rw-p 00009000 09:02 5767374                    /lib/x86_64-linux-gnu/libnss_compat-2.19.so
7f827e9d5000-7f827ea01000 r-xp 00000000 09:02 4588766                    /home/jenkins/tools/java/64bit/jdk1.9.0-ea-b72/lib/amd64/libjava.so
7f827ea01000-7f827ec01000 ---p 0002c000 09:02 4588766                    /home/jenkins/tools/java/64bit/jdk1.9.0-ea-b72/lib/amd64/libjava.so
7f827ec01000-7f827ec03000 rw-p 0002c000 09:02 4588766                    /home/jenkins/tools/java/64bit/jdk1.9.0-ea-b72/lib/amd64/libjava.so
7f827ec03000-7f827ec10000 r-xp 00000000 09:02 4588756                    /home/jenkins/tools/java/64bit/jdk1.9.0-ea-b72/lib/amd64/libverify.so
7f827ec10000-7f827ee0f000 ---p 0000d000 09:02 4588756                    /home/jenkins/tools/java/64bit/jdk1.9.0-ea-b72/lib/amd64/libverify.so
7f827ee0f000-7f827ee11000 rw-p 0000c000 09:02 4588756                    /home/jenkins/tools/java/64bit/jdk1.9.0-ea-b72/lib/amd64/libverify.so
7f827ee11000-7f827ee18000 r-xp 00000000 09:02 5767386                    /lib/x86_64-linux-gnu/librt-2.19.so
7f827ee18000-7f827f017000 ---p 00007000 09:02 5767386                    /lib/x86_64-linux-gnu/librt-2.19.so
7f827f017000-7f827f018000 r--p 00006000 09:02 5767386                    /lib/x86_64-linux-gnu/librt-2.19.so
7f827f018000-7f827f019000 rw-p 00007000 09:02 5767386                    /lib/x86_64-linux-gnu/librt-2.19.so
7f827f019000-7f827f11e000 r-xp 00000000 09:02 5767234                    /lib/x86_64-linux-gnu/libm-2.19.so
7f827f11e000-7f827f31d000 ---p 00105000 09:02 5767234                    /lib/x86_64-linux-gnu/libm-2.19.so
7f827f31d000-7f827f31e000 r--p 00104000 09:02 5767234                    /lib/x86_64-linux-gnu/libm-2.19.so
7f827f31e000-7f827f31f000 rw-p 00105000 09:02 5767234                    /lib/x86_64-linux-gnu/libm-2.19.so
7f827f31f000-7f828001d000 r-xp 00000000 09:02 4588751                    /home/jenkins/tools/java/64bit/jdk1.9.0-ea-b72/lib/amd64/server/libjvm.so
7f828001d000-7f828021c000 ---p 00cfe000 09:02 4588751                    /home/jenkins/tools/java/64bit/jdk1.9.0-ea-b72/lib/amd64/server/libjvm.so
7f828021c000-7f82802cf000 r--p 00cfd000 09:02 4588751                    /home/jenkins/tools/java/64bit/jdk1.9.0-ea-b72/lib/amd64/server/libjvm.so
7f82802cf000-7f8280301000 rw-p 00db0000 09:02 4588751                    /home/jenkins/tools/java/64bit/jdk1.9.0-ea-b72/lib/amd64/server/libjvm.so
7f8280301000-7f8280357000 rw-p 00000000 00:00 0 
7f8280357000-7f8280512000 r-xp 00000000 09:02 5767381                    /lib/x86_64-linux-gnu/libc-2.19.so
7f8280512000-7f8280711000 ---p 001bb000 09:02 5767381                    /lib/x86_64-linux-gnu/libc-2.19.so
7f8280711000-7f8280715000 r--p 001ba000 09:02 5767381                    /lib/x86_64-linux-gnu/libc-2.19.so
7f8280715000-7f8280717000 rw-p 001be000 09:02 5767381                    /lib/x86_64-linux-gnu/libc-2.19.so
7f8280717000-7f828071c000 rw-p 00000000 00:00 0 
7f828071c000-7f828071f000 r-xp 00000000 09:02 5767369                    /lib/x86_64-linux-gnu/libdl-2.19.so
7f828071f000-7f828091e000 ---p 00003000 09:02 5767369                    /lib/x86_64-linux-gnu/libdl-2.19.so
7f828091e000-7f828091f000 r--p 00002000 09:02 5767369                    /lib/x86_64-linux-gnu/libdl-2.19.so
7f828091f000-7f8280920000 rw-p 00003000 09:02 5767369                    /lib/x86_64-linux-gnu/libdl-2.19.so
7f8280920000-7f8280935000 r-xp 00000000 09:02 4588762                    /home/jenkins/tools/java/64bit/jdk1.9.0-ea-b72/lib/amd64/jli/libjli.so
7f8280935000-7f8280b34000 ---p 00015000 09:02 4588762                    /home/jenkins/tools/java/64bit/jdk1.9.0-ea-b72/lib/amd64/jli/libjli.so
7f8280b34000-7f8280b35000 rw-p 00014000 09:02 4588762                    /home/jenkins/tools/java/64bit/jdk1.9.0-ea-b72/lib/amd64/jli/libjli.so
7f8280b35000-7f8280b4e000 r-xp 00000000 09:02 5767382                    /lib/x86_64-linux-gnu/libpthread-2.19.so
7f8280b4e000-7f8280d4d000 ---p 00019000 09:02 5767382                    /lib/x86_64-linux-gnu/libpthread-2.19.so
7f8280d4d000-7f8280d4e000 r--p 00018000 09:02 5767382                    /lib/x86_64-linux-gnu/libpthread-2.19.so
7f8280d4e000-7f8280d4f000 rw-p 00019000 09:02 5767382                    /lib/x86_64-linux-gnu/libpthread-2.19.so
7f8280d4f000-7f8280d53000 rw-p 00000000 00:00 0 
7f8280d53000-7f8280d76000 r-xp 00000000 09:02 5767378                    /lib/x86_64-linux-gnu/ld-2.19.so
7f8280d76000-7f8280d77000 r--s 00007000 09:02 6563544                    /home/jenkins/workspace/Lucene-Solr-trunk-Linux/lucene/build/backward-codecs/lucene-backward-codecs-6.0.0-SNAPSHOT.jar
7f8280d77000-7f8280d7a000 r--s 00461000 09:02 6563548                    /home/jenkins/workspace/Lucene-Solr-trunk-Linux/lucene/build/analysis/kuromoji/lucene-analyzers-kuromoji-6.0.0-SNAPSHOT.jar
7f8280d7b000-7f8280e4b000 rw-p 00000000 00:00 0 
7f8280e4b000-7f8280e4e000 ---p 00000000 00:00 0 
7f8280e4e000-7f8280e53000 rw-p 00000000 00:00 0 
7f8280e53000-7f8280e5a000 ---p 00000000 00:00 0 
7f8280e5a000-7f8280e5d000 ---p 00000000 00:00 0 
7f8280e5d000-7f8280f5f000 rw-p 00000000 00:00 0                          [stack:7421]
7f8280f5f000-7f8280f68000 r--s 00000000 09:02 4588579                    /home/jenkins/tools/java/64bit/jdk1.9.0-ea-b72/lib/modules/extmodules.jimage
7f8280f68000-7f8280f69000 rw-p 00000000 00:00 0 
7f8280f69000-7f8280f71000 rw-s 00000000 00:13 128397128                  /tmp/hsperfdata_jenkins/7407
7f8280f71000-7f8280f72000 rw-p 00000000 00:00 0 
7f8280f72000-7f8280f73000 ---p 00000000 00:00 0 
7f8280f73000-7f8280f75000 rw-p 00000000 00:00 0 
7f8280f75000-7f8280f76000 r--p 00022000 09:02 5767378                    /lib/x86_64-linux-gnu/ld-2.19.so
7f8280f76000-7f8280f77000 rw-p 00023000 09:02 5767378                    /lib/x86_64-linux-gnu/ld-2.19.so
7f8280f77000-7f8280f78000 rw-p 00000000 00:00 0 
7ffe61681000-7ffe616a6000 rw-p 00000000 00:00 0                          [stack]
7ffe61797000-7ffe61799000 r-xp 00000000 00:00 0                          [vdso]
7ffe61799000-7ffe6179b000 r--p 00000000 00:00 0                          [vvar]
ffffffffff600000-ffffffffff601000 r-xp 00000000 00:00 0                  [vsyscall]

VM Arguments:
jvm_args: -XX:-UseCompressedOops -XX:+UseSerialGC -Djava.locale.providers=JRE,SPI -XX:+HeapDumpOnOutOfMemoryError -XX:HeapDumpPath=/home/jenkins/workspace/Lucene-Solr-trunk-Linux/heapdumps -ea -esa -Dtests.prefix=tests -Dtests.seed=90C16F4AC280153C -Xmx512M -Dtests.iters= -Dtests.verbose=false -Dtests.infostream=false -Dtests.codec=random -Dtests.postingsformat=random -Dtests.docvaluesformat=random -Dtests.locale=random -Dtests.timezone=random -Dtests.directory=random -Dtests.linedocsfile=europarl.lines.txt.gz -Dtests.luceneMatchVersion=6.0.0 -Dtests.cleanthreads=perClass -Djava.util.logging.config.file=/home/jenkins/workspace/Lucene-Solr-trunk-Linux/lucene/tools/junit4/logging.properties -Dtests.nightly=false -Dtests.weekly=false -Dtests.monster=false -Dtests.slow=true -Dtests.asserts=true -Dtests.multiplier=3 -DtempDir=./temp -Djava.io.tmpdir=./temp -Djunit4.tempDir=/home/jenkins/workspace/Lucene-Solr-trunk-Linux/solr/build/solr-core/test/temp -Dcommon.dir=/home/jenkins/workspace/Lucene-Solr-trunk-Linux/lucene -Dclover.db.dir=/home/jenkins/workspace/Lucene-Solr-trunk-Linux/lucene/build/clover/db -Djava.security.policy=/home/jenkins/workspace/Lucene-Solr-trunk-Linux/lucene/tools/junit4/solr-tests.policy -Dtests.LUCENE_VERSION=6.0.0 -Djetty.testMode=1 -Djetty.insecurerandom=1 -Dsolr.directoryFactory=org.apache.solr.core.MockDirectoryFactory -Djava.awt.headless=true -Djdk.map.althashing.threshold=0 -Djunit4.childvm.cwd=/home/jenkins/workspace/Lucene-Solr-trunk-Linux/solr/build/solr-core/test/J1 -Djunit4.childvm.id=1 -Djunit4.childvm.count=3 -Dtests.leaveTemporary=false -Dtests.filterstacks=true -Dtests.disableHdfs=true -Djava.security.manager=org.apache.lucene.util.TestSecurityManager 
java_command: com.carrotsearch.ant.tasks.junit4.slave.SlaveMainSafe -eventsfile /home/jenkins/workspace/Lucene-Solr-trunk-Linux/solr/build/solr-core/test/temp/junit4-J1-20150714_205152_761.events @/home/jenkins/workspace/Lucene-Solr-trunk-Linux/solr/build/solr-core/test/temp/junit4-J1-20150714_205152_761.suites -stdin
java_class_path (initial): /home/jenkins/workspace/Lucene-Solr-trunk-Linux/solr/build/solr-core/classes/test:/home/jenkins/workspace/Lucene-Solr-trunk-Linux/solr/build/solr-test-framework/classes/java:/home/jenkins/workspace/Lucene-Solr-trunk-Linux/solr/test-framework/lib/junit4-ant-2.1.13.jar:/home/jenkins/workspace/Lucene-Solr-trunk-Linux/solr/core/src/test-files:/home/jenkins/workspace/Lucene-Solr-trunk-Linux/lucene/build/test-framework/classes/java:/home/jenkins/workspace/Lucene-Solr-trunk-Linux/lucene/build/codecs/classes/java:/home/jenkins/workspace/Lucene-Solr-trunk-Linux/solr/build/solr-solrj/classes/java:/home/jenkins/workspace/Lucene-Solr-trunk-Linux/solr/build/solr-core/classes/java:/home/jenkins/workspace/Lucene-Solr-trunk-Linux/lucene/build/analysis/common/lucene-analyzers-common-6.0.0-SNAPSHOT.jar:/home/jenkins/workspace/Lucene-Solr-trunk-Linux/lucene/build/analysis/kuromoji/lucene-analyzers-kuromoji-6.0.0-SNAPSHOT.jar:/home/jenkins/workspace/Lucene-Solr-trunk-Linux/lucene/build/analysis/phonetic/lucene-analyzers-phonetic-6.0.0-SNAPSHOT.jar:/home/jenkins/workspace/Lucene-Solr-trunk-Linux/lucene/build/codecs/lucene-codecs-6.0.0-SNAPSHOT.jar:/home/jenkins/workspace/Lucene-Solr-trunk-Linux/lucene/build/backward-codecs/lucene-backward-codecs-6.0.0-SNAPSHOT.jar:/home/jenkins/workspace/Lucene-Solr-trunk-Linux/lucene/build/highlighter/lucene-highlighter-6.0.0-SNAPSHOT.jar:/home/jenkins/workspace/Lucene-Solr-trunk-Linux/lucene/build/memory/lucene-memory-6.0.0-SNAPSHOT.jar:/home/jenkins/workspace/Lucene-Solr-trunk-Linux/lucene/build/misc/lucene-misc-6.0.0-SNAPSHOT.jar:/home/jenkins/workspace/Lucene-Solr-trunk-Linux/lucene/build/spatial/lucene-spatial-6.0.0-SNAPSHOT.jar:/home/jenkins/workspace/Lucene-Solr-trunk-Linux/lucene/build/expressions/lucene-expressions-6.0.0-SNAPSHOT.jar:/home/jenkins/workspace/Lucene-Solr-trunk-Linux/lucene/build/suggest/lucene-suggest-6.0.0-SNAPSHOT.jar:/home/jenkins/workspace/Lucene-Solr-trunk-Linux/lucene/build/grouping/lucene-grou
Launcher Type: SUN_STANDARD

Environment Variables:
JAVA_HOME=/var/lib/jenkins/tools/java/64bit/jdk1.9.0-ea-b72
PATH=/var/lib/jenkins/tools/java/64bit/jdk1.9.0-ea-b72/bin:/usr/local/bin:/usr/bin:/bin:/usr/local/games:/usr/games
SHELL=/bin/bash

Signal Handlers:
SIGSEGV: [libjvm.so+0xab5a90], sa_mask[0]=11111111011111111101111111111110, sa_flags=SA_RESTART|SA_SIGINFO
SIGBUS: [libjvm.so+0xab5a90], sa_mask[0]=11111111011111111101111111111110, sa_flags=SA_RESTART|SA_SIGINFO
SIGFPE: [libjvm.so+0xab5a90], sa_mask[0]=11111111011111111101111111111110, sa_flags=SA_RESTART|SA_SIGINFO
SIGPIPE: [libjvm.so+0x9053b0], sa_mask[0]=11111111011111111101111111111110, sa_flags=SA_RESTART|SA_SIGINFO
SIGXFSZ: [libjvm.so+0x9053b0], sa_mask[0]=11111111011111111101111111111110, sa_flags=SA_RESTART|SA_SIGINFO
SIGILL: [libjvm.so+0xab5a90], sa_mask[0]=11111111011111111101111111111110, sa_flags=SA_RESTART|SA_SIGINFO
SIGUSR1: SIG_DFL, sa_mask[0]=00000000000000000000000000000000, sa_flags=none
SIGUSR2: [libjvm.so+0x905280], sa_mask[0]=00100000000000000000000000000000, sa_flags=SA_RESTART|SA_SIGINFO
SIGHUP: SIG_IGN, sa_mask[0]=00000000000000000000000000000000, sa_flags=none
SIGINT: [libjvm.so+0x905470], sa_mask[0]=11111111011111111101111111111110, sa_flags=SA_RESTART|SA_SIGINFO
SIGTERM: [libjvm.so+0x905470], sa_mask[0]=11111111011111111101111111111110, sa_flags=SA_RESTART|SA_SIGINFO
SIGQUIT: [libjvm.so+0x905470], sa_mask[0]=11111111011111111101111111111110, sa_flags=SA_RESTART|SA_SIGINFO


---------------  S Y S T E M  ---------------

OS:DISTRIB_ID=Ubuntu
DISTRIB_RELEASE=14.04
DISTRIB_CODENAME=trusty
DISTRIB_DESCRIPTION="Ubuntu 14.04.2 LTS"

uname:Linux 3.16.0-41-generic #57~14.04.1-Ubuntu SMP Thu Jun 18 18:01:13 UTC 2015 x86_64
libc:glibc 2.19 NPTL 2.19 
rlimit: STACK 8192k, CORE 0k, NPROC 128109, NOFILE 32768, AS infinity
load average:6.96 8.26 7.85

/proc/meminfo:
MemTotal:       32821496 kB
MemFree:         4846140 kB
MemAvailable:   18965808 kB
Buffers:          649628 kB
Cached:         13044464 kB
SwapCached:            0 kB
Active:         11414168 kB
Inactive:        7695812 kB
Active(anon):    5423124 kB
Inactive(anon):     7424 kB
Active(file):    5991044 kB
Inactive(file):  7688388 kB
Unevictable:           0 kB
Mlocked:               0 kB
SwapTotal:       7996348 kB
SwapFree:        7996348 kB
Dirty:             48708 kB
Writeback:             8 kB
AnonPages:       5413916 kB
Mapped:           251132 kB
Shmem:             16832 kB
Slab:             808104 kB
SReclaimable:     693628 kB
SUnreclaim:       114476 kB
KernelStack:       12144 kB
PageTables:        41224 kB
NFS_Unstable:          0 kB
Bounce:                0 kB
WritebackTmp:          0 kB
CommitLimit:    24407096 kB
Committed_AS:   14000032 kB
VmallocTotal:   34359738367 kB
VmallocUsed:      333788 kB
VmallocChunk:   34359401276 kB
HardwareCorrupted:     0 kB
AnonHugePages:   4251648 kB
HugePages_Total:       0
HugePages_Free:        0
HugePages_Rsvd:        0
HugePages_Surp:        0
Hugepagesize:       2048 kB
DirectMap4k:      121088 kB
DirectMap2M:     8140800 kB
DirectMap1G:    27262976 kB


CPU:total 12 (6 cores per cpu, 2 threads per core) family 6 model 63 stepping 2, cmov, cx8, fxsr, mmx, sse, sse2, sse3, ssse3, sse4.1, sse4.2, popcnt, avx, avx2, aes, clmul, erms, lzcnt, ht, tsc, tscinvbit, bmi1, bmi2

CPU Model and flags from /proc/cpuinfo:
model name	: Intel(R) Xeon(R) CPU E5-2620 v3 @ 2.40GHz
flags		: fpu vme de pse tsc msr pae mce cx8 apic sep mtrr pge mca cmov pat pse36 clflush dts acpi mmx fxsr sse sse2 ss ht tm pbe syscall nx pdpe1gb rdtscp lm constant_tsc arch_perfmon pebs bts rep_good nopl xtopology nonstop_tsc aperfmperf eagerfpu pni pclmulqdq dtes64 monitor ds_cpl vmx smx est tm2 ssse3 fma cx16 xtpr pdcm pcid dca sse4_1 sse4_2 x2apic movbe popcnt tsc_deadline_timer aes xsave avx f16c rdrand lahf_lm abm ida arat epb xsaveopt pln pts dtherm tpr_shadow vnmi flexpriority ept vpid fsgsbase tsc_adjust bmi1 avx2 smep bmi2 erms invpcid

Memory: 4k page, physical 32821496k(4846140k free), swap 7996348k(7996348k free)

vm_info: Java HotSpot(TM) 64-Bit Server VM (1.9.0-ea-b72) for linux-amd64 JRE (1.9.0-ea-b72), built on Jul  9 2015 09:26:00 by "java_re" with gcc 4.8.2

time: Tue Jul 14 20:53:25 2015
timezone: UTC
elapsed time: 92 seconds (0d 0h 1m 32s)

