#
# A fatal error has been detected by the Java Runtime Environment:
#
#  Internal Error (/data/jdk7debug/forest/hotspot/src/share/vm/opto/phaseX.cpp:1414), pid=22989, tid=139712250590976
#  assert(t->meet(t0) == t) failed: Not monotonic
#
# JRE version: OpenJDK Runtime Environment (7.0) (build 1.7.0-internal-fastdebug-rmuir_2014_04_01_23_31-b00)
# Java VM: OpenJDK 64-Bit Server VM (24.80-b05-fastdebug mixed mode linux-amd64 compressed oops)
# Failed to write core dump. Core dumps have been disabled. To enable core dumping, try "ulimit -c unlimited" before starting Java again
#
# If you would like to submit a bug report, please visit:
#   http://bugreport.sun.com/bugreport/crash.jsp
#

---------------  T H R E A D  ---------------

Current thread (0x00007f11541ab800):  JavaThread "C2 CompilerThread0" daemon [_thread_in_native, id=23065, stack(0x00007f114b013000,0x00007f114b114000)]

Stack: [0x00007f114b013000,0x00007f114b114000],  sp=0x00007f114b10ea50,  free space=1006k
Native frames: (J=compiled Java code, j=interpreted, Vv=VM code, C=native code)
V  [libjvm.so+0xe1bca8]  VMError::report_and_die()+0x178
V  [libjvm.so+0x6b13fb]  report_vm_error(char const*, int, char const*, char const*)+0x7b
V  [libjvm.so+0xc3537d]  PhaseCCP::analyze()+0x28d
V  [libjvm.so+0x6291e2]  Compile::Optimize()+0x6c2
V  [libjvm.so+0x62bc94]  Compile::Compile(ciEnv*, C2Compiler*, ciMethod*, int, bool, bool)+0x1794
V  [libjvm.so+0x521e6a]  C2Compiler::compile_method(ciEnv*, ciMethod*, int)+0x24a
V  [libjvm.so+0x63561d]  CompileBroker::invoke_compiler_on_method(CompileTask*)+0x47d
V  [libjvm.so+0x636b58]  CompileBroker::compiler_thread_loop()+0x588
V  [libjvm.so+0xda829c]  JavaThread::thread_main_inner()+0x18c
V  [libjvm.so+0xda8591]  JavaThread::run()+0x2c1
V  [libjvm.so+0xbb7be2]  java_start(Thread*)+0xf2


Current CompileTask:
C2:  66309  763 %           com.carrotsearch.randomizedtesting.ClassModel$ModelBuilder::build @ 43 (245 bytes)


---------------  P R O C E S S  ---------------

Java Threads: ( => current thread )
  0x00007f10ec210000 JavaThread "TEST-TestPersianCharFilter.testRandomStrings-seed#[F4F9DCCE15DFDEDB]" [_thread_in_Java, id=24029, stack(0x00007f114a8de000,0x00007f114a9df000)]
  0x00007f115437d000 JavaThread "SUITE-TestPersianCharFilter-seed#[F4F9DCCE15DFDEDB]" [_thread_blocked, id=24028, stack(0x00007f114a4cb000,0x00007f114a5cc000)]
  0x00007f11541b1800 JavaThread "Service Thread" daemon [_thread_blocked, id=23067, stack(0x00007f114ae11000,0x00007f114af12000)]
  0x00007f11541ae800 JavaThread "C2 CompilerThread1" daemon [_thread_blocked, id=23066, stack(0x00007f114af12000,0x00007f114b013000)]
=>0x00007f11541ab800 JavaThread "C2 CompilerThread0" daemon [_thread_in_native, id=23065, stack(0x00007f114b013000,0x00007f114b114000)]
  0x00007f11541a9000 JavaThread "Signal Dispatcher" daemon [_thread_blocked, id=23064, stack(0x00007f114b114000,0x00007f114b215000)]
  0x00007f11540c9000 JavaThread "Finalizer" daemon [_thread_blocked, id=23051, stack(0x00007f114b6f7000,0x00007f114b7f8000)]
  0x00007f11540c6800 JavaThread "Reference Handler" daemon [_thread_blocked, id=23050, stack(0x00007f114b7f8000,0x00007f114b8f9000)]
  0x00007f1154011800 JavaThread "main" [_thread_blocked, id=22990, stack(0x00007f115d9a3000,0x00007f115daa4000)]

Other Threads:
  0x00007f11540bd000 VMThread [stack: 0x00007f114b8f9000,0x00007f114b9fa000] [id=23048]
  0x00007f11541b5000 WatcherThread [stack: 0x00007f114ad10000,0x00007f114ae11000] [id=23068]

VM state:not at safepoint (normal execution)

VM Mutex/Monitor currently owned by a thread: None

Heap
 PSYoungGen      total 165888K, used 57754K [0x00000000f5500000, 0x00000000fff00000, 0x0000000100000000)
  eden space 157696K, 36% used [0x00000000f5500000,0x00000000f8d569f0,0x00000000fef00000)
  from space 8192K, 0% used [0x00000000fef00000,0x00000000fef10000,0x00000000ff700000)
  to   space 7680K, 0% used [0x00000000ff780000,0x00000000ff780000,0x00000000fff00000)
 ParOldGen       total 171008K, used 23269K [0x00000000e0000000, 0x00000000ea700000, 0x00000000f5500000)
  object space 171008K, 13% used [0x00000000e0000000,0x00000000e16b9798,0x00000000ea700000)
 PSPermGen       total 21504K, used 14472K [0x00000000dae00000, 0x00000000dc300000, 0x00000000e0000000)
  object space 21504K, 67% used [0x00000000dae00000,0x00000000dbc221f8,0x00000000dc300000)

Card table byte_map: [0x00007f115a50c000,0x00007f115a636000] byte_map_base: 0x00007f1159e35000

Polling page: 0x00007f115daca000

Code Cache  [0x00007f1151000000, 0x00007f1151410000, 0x00007f1154000000)
 total_blobs=1007 nmethods=699 adapters=267 free_code_cache=45303Kb largest_free_block=46123072

Compilation events (10 events):
Event: 66.052 Thread 0x00007f11541ab800 nmethod 757 0x00007f1151277b90 code [0x00007f1151277d80, 0x00007f11512782e8]
Event: 66.152 Thread 0x00007f11541ab800  760             com.carrotsearch.randomizedtesting.ClassModel$3::model (9 bytes)
Event: 66.152 Thread 0x00007f11541ae800  759             com.carrotsearch.randomizedtesting.ClassModel$3::model (9 bytes)
Event: 66.156 Thread 0x00007f11541ab800 nmethod 760 0x00007f1151277510 code [0x00007f11512776a0, 0x00007f1151277978]
Event: 66.156 Thread 0x00007f11541ae800 nmethod 759 0x00007f1151276e50 code [0x00007f1151276fe0, 0x00007f1151277258]
Event: 66.197 Thread 0x00007f11541ab800  761             java.lang.String::equals (81 bytes)
Event: 66.204 Thread 0x00007f11541ab800 nmethod 761 0x00007f115136bd90 code [0x00007f115136bee0, 0x00007f115136c138]
Event: 66.218 Thread 0x00007f11541ae800  762             java.util.TimSort::mergeHi (719 bytes)
Event: 66.269 Thread 0x00007f11541ab800  763 %           com.carrotsearch.randomizedtesting.ClassModel$ModelBuilder::build @ 43 (245 bytes)
Event: 66.287 Thread 0x00007f11541ae800 nmethod 762 0x00007f11513e0290 code [0x00007f11513e0620, 0x00007f11513e27d0]

GC Heap History (10 events):
Event: 62.097 GC heap before
{Heap before GC invocations=25 (full 0):
 PSYoungGen      total 164352K, used 158489K [0x00000000f5500000, 0x00000000ffe00000, 0x0000000100000000)
  eden space 155136K, 100% used [0x00000000f5500000,0x00000000fec80000,0x00000000fec80000)
  from space 9216K, 36% used [0x00000000ff500000,0x00000000ff8465c0,0x00000000ffe00000)
  to   space 8704K, 0% used [0x00000000fec80000,0x00000000fec80000,0x00000000ff500000)
 ParOldGen       total 171008K, used 22791K [0x00000000e0000000, 0x00000000ea700000, 0x00000000f5500000)
  object space 171008K, 13% used [0x00000000e0000000,0x00000000e1641e90,0x00000000ea700000)
 PSPermGen       total 21504K, used 14184K [0x00000000dae00000, 0x00000000dc300000, 0x00000000e0000000)
  object space 21504K, 65% used [0x00000000dae00000,0x00000000dbbda238,0x00000000dc300000)
Event: 62.141 GC heap after
Heap after GC invocations=25 (full 0):
 PSYoungGen      total 163840K, used 128K [0x00000000f5500000, 0x00000000fff80000, 0x0000000100000000)
  eden space 155136K, 0% used [0x00000000f5500000,0x00000000f5500000,0x00000000fec80000)
  from space 8704K, 1% used [0x00000000fec80000,0x00000000feca0000,0x00000000ff500000)
  to   space 8704K, 0% used [0x00000000ff700000,0x00000000ff700000,0x00000000fff80000)
 ParOldGen       total 171008K, used 22823K [0x00000000e0000000, 0x00000000ea700000, 0x00000000f5500000)
  object space 171008K, 13% used [0x00000000e0000000,0x00000000e1649e90,0x00000000ea700000)
 PSPermGen       total 21504K, used 14184K [0x00000000dae00000, 0x00000000dc300000, 0x00000000e0000000)
  object space 21504K, 65% used [0x00000000dae00000,0x00000000dbbda238,0x00000000dc300000)
}
Event: 65.166 GC heap before
{Heap before GC invocations=26 (full 0):
 PSYoungGen      total 163840K, used 155264K [0x00000000f5500000, 0x00000000fff80000, 0x0000000100000000)
  eden space 155136K, 100% used [0x00000000f5500000,0x00000000fec80000,0x00000000fec80000)
  from space 8704K, 1% used [0x00000000fec80000,0x00000000feca0000,0x00000000ff500000)
  to   space 8704K, 0% used [0x00000000ff700000,0x00000000ff700000,0x00000000fff80000)
 ParOldGen       total 171008K, used 22823K [0x00000000e0000000, 0x00000000ea700000, 0x00000000f5500000)
  object space 171008K, 13% used [0x00000000e0000000,0x00000000e1649ea8,0x00000000ea700000)
 PSPermGen       total 21504K, used 14255K [0x00000000dae00000, 0x00000000dc300000, 0x00000000e0000000)
  object space 21504K, 66% used [0x00000000dae00000,0x00000000dbbebe48,0x00000000dc300000)
Event: 65.196 GC heap after
Heap after GC invocations=26 (full 0):
 PSYoungGen      total 165888K, used 384K [0x00000000f5500000, 0x0000000100000000, 0x0000000100000000)
  eden space 157184K, 0% used [0x00000000f5500000,0x00000000f5500000,0x00000000fee80000)
  from space 8704K, 4% used [0x00000000ff700000,0x00000000ff760010,0x00000000fff80000)
  to   space 8704K, 0% used [0x00000000fee80000,0x00000000fee80000,0x00000000ff700000)
 ParOldGen       total 171008K, used 22839K [0x00000000e0000000, 0x00000000ea700000, 0x00000000f5500000)
  object space 171008K, 13% used [0x00000000e0000000,0x00000000e164dea8,0x00000000ea700000)
 PSPermGen       total 21504K, used 14255K [0x00000000dae00000, 0x00000000dc300000, 0x00000000e0000000)
  object space 21504K, 66% used [0x00000000dae00000,0x00000000dbbebe48,0x00000000dc300000)
}
Event: 65.484 GC heap before
{Heap before GC invocations=27 (full 0):
 PSYoungGen      total 165888K, used 157568K [0x00000000f5500000, 0x0000000100000000, 0x0000000100000000)
  eden space 157184K, 100% used [0x00000000f5500000,0x00000000fee80000,0x00000000fee80000)
  from space 8704K, 4% used [0x00000000ff700000,0x00000000ff760010,0x00000000fff80000)
  to   space 8704K, 0% used [0x00000000fee80000,0x00000000fee80000,0x00000000ff700000)
 ParOldGen       total 171008K, used 22909K [0x00000000e0000000, 0x00000000ea700000, 0x00000000f5500000)
  object space 171008K, 13% used [0x00000000e0000000,0x00000000e165f768,0x00000000ea700000)
 PSPermGen       total 21504K, used 14262K [0x00000000dae00000, 0x00000000dc300000, 0x00000000e0000000)
  object space 21504K, 66% used [0x00000000dae00000,0x00000000dbbeda58,0x00000000dc300000)
Event: 65.511 GC heap after
Heap after GC invocations=27 (full 0):
 PSYoungGen      total 165888K, used 288K [0x00000000f5500000, 0x00000000fff00000, 0x0000000100000000)
  eden space 157184K, 0% used [0x00000000f5500000,0x00000000f5500000,0x00000000fee80000)
  from space 8704K, 3% used [0x00000000fee80000,0x00000000feec8010,0x00000000ff700000)
  to   space 8192K, 0% used [0x00000000ff700000,0x00000000ff700000,0x00000000fff00000)
 ParOldGen       total 171008K, used 23069K [0x00000000e0000000, 0x00000000ea700000, 0x00000000f5500000)
  object space 171008K, 13% used [0x00000000e0000000,0x00000000e1687768,0x00000000ea700000)
 PSPermGen       total 21504K, used 14262K [0x00000000dae00000, 0x00000000dc300000, 0x00000000e0000000)
  object space 21504K, 66% used [0x00000000dae00000,0x00000000dbbeda58,0x00000000dc300000)
}
Event: 65.688 GC heap before
{Heap before GC invocations=28 (full 0):
 PSYoungGen      total 165888K, used 157472K [0x00000000f5500000, 0x00000000fff00000, 0x0000000100000000)
  eden space 157184K, 100% used [0x00000000f5500000,0x00000000fee80000,0x00000000fee80000)
  from space 8704K, 3% used [0x00000000fee80000,0x00000000feec8010,0x00000000ff700000)
  to   space 8192K, 0% used [0x00000000ff700000,0x00000000ff700000,0x00000000fff00000)
 ParOldGen       total 171008K, used 23069K [0x00000000e0000000, 0x00000000ea700000, 0x00000000f5500000)
  object space 171008K, 13% used [0x00000000e0000000,0x00000000e1687768,0x00000000ea700000)
 PSPermGen       total 21504K, used 14266K [0x00000000dae00000, 0x00000000dc300000, 0x00000000e0000000)
  object space 21504K, 66% used [0x00000000dae00000,0x00000000dbbee9e0,0x00000000dc300000)
Event: 65.740 GC heap after
Heap after GC invocations=28 (full 0):
 PSYoungGen      total 165888K, used 608K [0x00000000f5500000, 0x00000000fff80000, 0x0000000100000000)
  eden space 157696K, 0% used [0x00000000f5500000,0x00000000f5500000,0x00000000fef00000)
  from space 8192K, 7% used [0x00000000ff700000,0x00000000ff798050,0x00000000fff00000)
  to   space 8192K, 0% used [0x00000000fef00000,0x00000000fef00000,0x00000000ff700000)
 ParOldGen       total 171008K, used 23101K [0x00000000e0000000, 0x00000000ea700000, 0x00000000f5500000)
  object space 171008K, 13% used [0x00000000e0000000,0x00000000e168f768,0x00000000ea700000)
 PSPermGen       total 21504K, used 14266K [0x00000000dae00000, 0x00000000dc300000, 0x00000000e0000000)
  object space 21504K, 66% used [0x00000000dae00000,0x00000000dbbee9e0,0x00000000dc300000)
}
Event: 65.805 GC heap before
{Heap before GC invocations=29 (full 0):
 PSYoungGen      total 165888K, used 158304K [0x00000000f5500000, 0x00000000fff80000, 0x0000000100000000)
  eden space 157696K, 100% used [0x00000000f5500000,0x00000000fef00000,0x00000000fef00000)
  from space 8192K, 7% used [0x00000000ff700000,0x00000000ff798050,0x00000000fff00000)
  to   space 8192K, 0% used [0x00000000fef00000,0x00000000fef00000,0x00000000ff700000)
 ParOldGen       total 171008K, used 23101K [0x00000000e0000000, 0x00000000ea700000, 0x00000000f5500000)
  object space 171008K, 13% used [0x00000000e0000000,0x00000000e168f768,0x00000000ea700000)
 PSPermGen       total 21504K, used 14266K [0x00000000dae00000, 0x00000000dc300000, 0x00000000e0000000)
  object space 21504K, 66% used [0x00000000dae00000,0x00000000dbbeebc8,0x00000000dc300000)
Event: 65.832 GC heap after
Heap after GC invocations=29 (full 0):
 PSYoungGen      total 165888K, used 64K [0x00000000f5500000, 0x00000000fff00000, 0x0000000100000000)
  eden space 157696K, 0% used [0x00000000f5500000,0x00000000f5500000,0x00000000fef00000)
  from space 8192K, 0% used [0x00000000fef00000,0x00000000fef10000,0x00000000ff700000)
  to   space 7680K, 0% used [0x00000000ff780000,0x00000000ff780000,0x00000000fff00000)
 ParOldGen       total 171008K, used 23269K [0x00000000e0000000, 0x00000000ea700000, 0x00000000f5500000)
  object space 171008K, 13% used [0x00000000e0000000,0x00000000e16b9798,0x00000000ea700000)
 PSPermGen       total 21504K, used 14266K [0x00000000dae00000, 0x00000000dc300000, 0x00000000e0000000)
  object space 21504K, 66% used [0x00000000dae00000,0x00000000dbbeebc8,0x00000000dc300000)
}

Deoptimization events (10 events):
Event: 66.187 Thread 0x00007f10e4002000 Uncommon trap: reason=class_check action=maybe_recompile pc=0x00007f1151237064 method=java.util.regex.Pattern$Slice.match(Ljava/util/regex/Matcher;ILjava/lang/CharSequence;)Z @ 75
Event: 66.187 Thread 0x00007f10e4002000 Uncommon trap: reason=class_check action=maybe_recompile pc=0x00007f1151237064 method=java.util.regex.Pattern$Slice.match(Ljava/util/regex/Matcher;ILjava/lang/CharSequence;)Z @ 75
Event: 66.187 Thread 0x00007f10e4002000 Uncommon trap: reason=bimorphic action=maybe_recompile pc=0x00007f11511cce1c method=java.lang.Character.codePointAt(Ljava/lang/CharSequence;I)I @ 5
Event: 66.187 Thread 0x00007f10e4002000 Uncommon trap: reason=bimorphic action=maybe_recompile pc=0x00007f11511cce1c method=java.lang.Character.codePointAt(Ljava/lang/CharSequence;I)I @ 5
Event: 66.187 Thread 0x00007f10e4002000 Uncommon trap: reason=bimorphic action=maybe_recompile pc=0x00007f11511cce1c method=java.lang.Character.codePointAt(Ljava/lang/CharSequence;I)I @ 5
Event: 66.187 Thread 0x00007f10e4002000 Uncommon trap: reason=bimorphic action=maybe_recompile pc=0x00007f11511cce1c method=java.lang.Character.codePointAt(Ljava/lang/CharSequence;I)I @ 5
Event: 66.281 Thread 0x00007f10ec210000 Uncommon trap: reason=bimorphic action=maybe_recompile pc=0x00007f11512cd640 method=org.apache.lucene.analysis.CharFilter.close()V @ 4
Event: 66.281 Thread 0x00007f10ec210000 Uncommon trap: reason=bimorphic action=maybe_recompile pc=0x00007f11512cd640 method=org.apache.lucene.analysis.CharFilter.close()V @ 4
Event: 66.281 Thread 0x00007f10ec210000 Uncommon trap: reason=bimorphic action=maybe_recompile pc=0x00007f11512cd640 method=org.apache.lucene.analysis.CharFilter.close()V @ 4
Event: 66.293 Thread 0x00007f10ec210000 Uncommon trap: reason=bimorphic action=maybe_recompile pc=0x00007f11512cd640 method=org.apache.lucene.analysis.CharFilter.close()V @ 4

Internal exceptions (10 events):
Event: 66.174 Thread 0x00007f10e4002000 Threw 0x00000000f7f710e0 at /data/jdk7debug/forest/hotspot/src/share/vm/prims/jvm.cpp:1250
Event: 66.176 Thread 0x00007f10e4002000 Threw 0x00000000f7f76d68 at /data/jdk7debug/forest/hotspot/src/share/vm/prims/jvm.cpp:1250
Event: 66.177 Thread 0x00007f10e4002000 Threw 0x00000000f7f7c700 at /data/jdk7debug/forest/hotspot/src/share/vm/prims/jvm.cpp:1250
Event: 66.184 Thread 0x00007f10e4002000 Threw 0x00000000f7fa4348 at /data/jdk7debug/forest/hotspot/src/share/vm/prims/jvm.cpp:1250
Event: 66.191 Thread 0x00007f10e4002000 Threw 0x00000000f7fbb730 at /data/jdk7debug/forest/hotspot/src/share/vm/prims/jvm.cpp:1250
Event: 66.195 Thread 0x00007f10e4002000 Threw 0x00000000f7fcba58 at /data/jdk7debug/forest/hotspot/src/share/vm/prims/jvm.cpp:1250
Event: 66.197 Thread 0x00007f10e4002000 Threw 0x00000000f7fd60f0 at /data/jdk7debug/forest/hotspot/src/share/vm/prims/jvm.cpp:1250
Event: 66.210 Thread 0x00007f1154011800 Threw 0x00000000f76eba08 at /data/jdk7debug/forest/hotspot/src/share/vm/prims/jvm.cpp:1250
Event: 66.212 Thread 0x00007f1154011800 Threw 0x00000000f76f04f0 at /data/jdk7debug/forest/hotspot/src/share/vm/prims/jvm.cpp:1250
Event: 66.273 Thread 0x00007f10ec210000 Threw 0x00000000f8c07ab0 at /data/jdk7debug/forest/hotspot/src/share/vm/prims/jvm.cpp:1250

Events (10 events):
Event: 66.281 Thread 0x00007f10ec210000 DEOPT UNPACKING pc=0x00007f11510cf614 sp=0x00007f114a9dbff0 mode 2
Event: 66.281 Thread 0x00007f10ec210000 Uncommon trap: trap_request=0xffffffc6 fr.pc=0x00007f11512cd640
Event: 66.281 Thread 0x00007f10ec210000 DEOPT PACKING pc=0x00007f11512cd640 sp=0x00007f114a9dbdf0
Event: 66.281 Thread 0x00007f10ec210000 DEOPT UNPACKING pc=0x00007f11510cf614 sp=0x00007f114a9dbda0 mode 2
Event: 66.286 Executing VM operation: ThreadDump
Event: 66.287 Executing VM operation: ThreadDump done
Event: 66.287 Thread 0x00007f11541ae800 flushing nmethod 0x00007f11512663d0
Event: 66.293 Thread 0x00007f10ec210000 Uncommon trap: trap_request=0xffffffc6 fr.pc=0x00007f11512cd640
Event: 66.293 Thread 0x00007f10ec210000 DEOPT PACKING pc=0x00007f11512cd640 sp=0x00007f114a9dbfe0
Event: 66.293 Thread 0x00007f10ec210000 DEOPT UNPACKING pc=0x00007f11510cf614 sp=0x00007f114a9dbf90 mode 2


Dynamic libraries:
00400000-00401000 r-xp 00000000 08:01 11451196                           /usr/local/jdk1.7.0-fastdebug/bin/java
00600000-00601000 r--p 00000000 08:01 11451196                           /usr/local/jdk1.7.0-fastdebug/bin/java
00601000-00602000 rw-p 00001000 08:01 11451196                           /usr/local/jdk1.7.0-fastdebug/bin/java
0179f000-017c0000 rw-p 00000000 00:00 0                                  [heap]
dae00000-dc300000 rw-p 00000000 00:00 0 
dc300000-e0000000 rw-p 00000000 00:00 0 
e0000000-ea700000 rw-p 00000000 00:00 0 
ea700000-f5500000 rw-p 00000000 00:00 0 
f5500000-fff00000 rw-p 00000000 00:00 0 
fff00000-100000000 ---p 00000000 00:00 0 
7f10dc000000-7f10dc021000 rw-p 00000000 00:00 0 
7f10dc021000-7f10e0000000 ---p 00000000 00:00 0 
7f10e4000000-7f10e4021000 rw-p 00000000 00:00 0 
7f10e4021000-7f10e8000000 ---p 00000000 00:00 0 
7f10e8000000-7f10e8021000 rw-p 00000000 00:00 0 
7f10e8021000-7f10ec000000 ---p 00000000 00:00 0 
7f10ec000000-7f10ec721000 rw-p 00000000 00:00 0 
7f10ec721000-7f10f0000000 ---p 00000000 00:00 0 
7f10f0000000-7f10f0027000 rw-p 00000000 00:00 0 
7f10f0027000-7f10f4000000 ---p 00000000 00:00 0 
7f10f4000000-7f10f4021000 rw-p 00000000 00:00 0 
7f10f4021000-7f10f8000000 ---p 00000000 00:00 0 
7f10f8000000-7f10f80eb000 rw-p 00000000 00:00 0 
7f10f80eb000-7f10fc000000 ---p 00000000 00:00 0 
7f10fc000000-7f10fed84000 rw-p 00000000 00:00 0 
7f10fed84000-7f1100000000 ---p 00000000 00:00 0 
7f1100000000-7f1100021000 rw-p 00000000 00:00 0 
7f1100021000-7f1104000000 ---p 00000000 00:00 0 
7f1104000000-7f1104021000 rw-p 00000000 00:00 0 
7f1104021000-7f1108000000 ---p 00000000 00:00 0 
7f1108000000-7f110a743000 rw-p 00000000 00:00 0 
7f110a743000-7f110c000000 ---p 00000000 00:00 0 
7f110c000000-7f110c021000 rw-p 00000000 00:00 0 
7f110c021000-7f1110000000 ---p 00000000 00:00 0 
7f1110000000-7f1110021000 rw-p 00000000 00:00 0 
7f1110021000-7f1114000000 ---p 00000000 00:00 0 
7f1114000000-7f1114021000 rw-p 00000000 00:00 0 
7f1114021000-7f1118000000 ---p 00000000 00:00 0 
7f1118000000-7f1118072000 rw-p 00000000 00:00 0 
7f1118072000-7f111c000000 ---p 00000000 00:00 0 
7f111c000000-7f111c021000 rw-p 00000000 00:00 0 
7f111c021000-7f1120000000 ---p 00000000 00:00 0 
7f1124000000-7f1124021000 rw-p 00000000 00:00 0 
7f1124021000-7f1128000000 ---p 00000000 00:00 0 
7f112c000000-7f112c021000 rw-p 00000000 00:00 0 
7f112c021000-7f1130000000 ---p 00000000 00:00 0 
7f1134000000-7f1134021000 rw-p 00000000 00:00 0 
7f1134021000-7f1138000000 ---p 00000000 00:00 0 
7f113c000000-7f113c021000 rw-p 00000000 00:00 0 
7f113c021000-7f1140000000 ---p 00000000 00:00 0 
7f1144000000-7f1144021000 rw-p 00000000 00:00 0 
7f1144021000-7f1148000000 ---p 00000000 00:00 0 
7f114a1c8000-7f114a1cb000 ---p 00000000 00:00 0 
7f114a1cb000-7f114a2c9000 rw-p 00000000 00:00 0 
7f114a2c9000-7f114a2cc000 ---p 00000000 00:00 0 
7f114a2cc000-7f114a3ca000 rw-p 00000000 00:00 0 
7f114a3ca000-7f114a3cd000 ---p 00000000 00:00 0 
7f114a3cd000-7f114a4cb000 rw-p 00000000 00:00 0 
7f114a4cb000-7f114a4ce000 ---p 00000000 00:00 0 
7f114a4ce000-7f114a5cc000 rw-p 00000000 00:00 0                          [stack:24028]
7f114a5cc000-7f114a5cf000 ---p 00000000 00:00 0 
7f114a5cf000-7f114a6cd000 rw-p 00000000 00:00 0 
7f114a6cd000-7f114a6dd000 r-xp 00000000 08:01 11525153                   /usr/local/jdk1.7.0-fastdebug/lib/amd64/libnio.so
7f114a6dd000-7f114a8dc000 ---p 00010000 08:01 11525153                   /usr/local/jdk1.7.0-fastdebug/lib/amd64/libnio.so
7f114a8dc000-7f114a8dd000 r--p 0000f000 08:01 11525153                   /usr/local/jdk1.7.0-fastdebug/lib/amd64/libnio.so
7f114a8dd000-7f114a8de000 rw-p 00010000 08:01 11525153                   /usr/local/jdk1.7.0-fastdebug/lib/amd64/libnio.so
7f114a8de000-7f114a8e1000 ---p 00000000 00:00 0 
7f114a8e1000-7f114a9df000 rw-p 00000000 00:00 0                          [stack:24029]
7f114a9df000-7f114a9e2000 ---p 00000000 00:00 0 
7f114a9e2000-7f114aae0000 rw-p 00000000 00:00 0 
7f114aae0000-7f114aae7000 r-xp 00000000 08:01 11525147                   /usr/local/jdk1.7.0-fastdebug/lib/amd64/libmanagement.so
7f114aae7000-7f114ace7000 ---p 00007000 08:01 11525147                   /usr/local/jdk1.7.0-fastdebug/lib/amd64/libmanagement.so
7f114ace7000-7f114ace8000 r--p 00007000 08:01 11525147                   /usr/local/jdk1.7.0-fastdebug/lib/amd64/libmanagement.so
7f114ace8000-7f114ace9000 rw-p 00008000 08:01 11525147                   /usr/local/jdk1.7.0-fastdebug/lib/amd64/libmanagement.so
7f114ace9000-7f114ad10000 r--s 00109000 08:01 557956                     /home/rmuir/.ivy2/cache/com.carrotsearch.randomizedtesting/junit4-ant/jars/junit4-ant-2.1.1.jar
7f114ad10000-7f114ad11000 ---p 00000000 00:00 0 
7f114ad11000-7f114ae11000 rw-p 00000000 00:00 0                          [stack:23068]
7f114ae11000-7f114ae14000 ---p 00000000 00:00 0 
7f114ae14000-7f114af12000 rw-p 00000000 00:00 0                          [stack:23067]
7f114af12000-7f114af15000 ---p 00000000 00:00 0 
7f114af15000-7f114b013000 rw-p 00000000 00:00 0                          [stack:23066]
7f114b013000-7f114b016000 ---p 00000000 00:00 0 
7f114b016000-7f114b114000 rw-p 00000000 00:00 0                          [stack:23065]
7f114b114000-7f114b117000 ---p 00000000 00:00 0 
7f114b117000-7f114b215000 rw-p 00000000 00:00 0                          [stack:23064]
7f114b215000-7f114b22d000 r-xp 00000000 08:01 11525177                   /usr/local/jdk1.7.0-fastdebug/lib/amd64/libnet.so
7f114b22d000-7f114b42c000 ---p 00018000 08:01 11525177                   /usr/local/jdk1.7.0-fastdebug/lib/amd64/libnet.so
7f114b42c000-7f114b42d000 r--p 00017000 08:01 11525177                   /usr/local/jdk1.7.0-fastdebug/lib/amd64/libnet.so
7f114b42d000-7f114b42e000 rw-p 00018000 08:01 11525177                   /usr/local/jdk1.7.0-fastdebug/lib/amd64/libnet.so
7f114b42e000-7f114b6f7000 r--p 00000000 08:01 11404959                   /usr/lib/locale/locale-archive
7f114b6f7000-7f114b6fa000 ---p 00000000 00:00 0 
7f114b6fa000-7f114b7f8000 rw-p 00000000 00:00 0                          [stack:23051]
7f114b7f8000-7f114b7fb000 ---p 00000000 00:00 0 
7f114b7fb000-7f114b8f9000 rw-p 00000000 00:00 0                          [stack:23050]
7f114b8f9000-7f114b8fa000 ---p 00000000 00:00 0 
7f114b8fa000-7f114c000000 rw-p 00000000 00:00 0                          [stack:23048]
7f114c000000-7f114c021000 rw-p 00000000 00:00 0 
7f114c021000-7f1150000000 ---p 00000000 00:00 0 
7f1150012000-7f1150013000 rw-p 00000000 00:00 0 
7f1150013000-7f1150014000 r--s 00000000 08:01 11417888                   /usr/local/apache-ant-1.8.2/lib/ant-apache-bsf.jar
7f1150014000-7f1150015000 r--s 00002000 08:01 11417950                   /usr/local/apache-ant-1.8.2/lib/ant-netrexx.jar
7f1150015000-7f1150017000 r--s 00008000 08:01 11417893                   /usr/local/apache-ant-1.8.2/lib/ant-apache-oro.jar
7f1150017000-7f1150019000 r--s 00013000 08:01 11417930                   /usr/local/apache-ant-1.8.2/lib/ant-commons-net.jar
7f1150019000-7f115001a000 r--s 00003000 08:01 11417960                   /usr/local/apache-ant-1.8.2/lib/ant-testutil.jar
7f115001a000-7f115001c000 r--s 00001000 08:01 11417937                   /usr/local/apache-ant-1.8.2/lib/ant-jdepend.jar
7f115001c000-7f115001d000 r--s 00001000 08:01 11417935                   /usr/local/apache-ant-1.8.2/lib/ant-javamail.jar
7f115001d000-7f115003b000 r--s 001bb000 08:01 11417963                   /usr/local/apache-ant-1.8.2/lib/ant.jar
7f115003b000-7f115003c000 r--s 00001000 08:01 11417884                   /usr/local/apache-ant-1.8.2/lib/ant-antlr.jar
7f115003c000-7f115003d000 r--s 00001000 08:01 11417956                   /usr/local/apache-ant-1.8.2/lib/ant-swing.jar
7f115003d000-7f115003e000 r--s 00001000 08:01 11417939                   /usr/local/apache-ant-1.8.2/lib/ant-jmf.jar
7f115003e000-7f115003f000 r--s 00009000 08:01 11417941                   /usr/local/apache-ant-1.8.2/lib/ant-jsch.jar
7f115003f000-7f1150041000 r--s 00017000 08:01 11417943                   /usr/local/apache-ant-1.8.2/lib/ant-junit.jar
7f1150041000-7f1150042000 r--s 00000000 08:01 11417891                   /usr/local/apache-ant-1.8.2/lib/ant-apache-log4j.jar
7f1150042000-7f1150043000 r--s 00000000 08:01 11417922                   /usr/local/apache-ant-1.8.2/lib/ant-apache-regexp.jar
7f1150043000-7f1150044000 r--s 00000000 08:01 11417926                   /usr/local/apache-ant-1.8.2/lib/ant-apache-xalan2.jar
7f1150044000-7f1150046000 r--s 00001000 08:01 11417886                   /usr/local/apache-ant-1.8.2/lib/ant-apache-bcel.jar
7f1150046000-7f1150048000 r--s 00004000 08:01 11417932                   /usr/local/apache-ant-1.8.2/lib/ant-jai.jar
7f1150048000-7f115005d000 r--s 00116000 08:01 658454                     /home/rmuir/.ant/lib/ivy-2.3.0.jar
7f115005d000-7f1151000000 rw-p 00000000 00:00 0 
7f1151000000-7f1151410000 rwxp 00000000 00:00 0 
7f1151410000-7f1154419000 rw-p 00000000 00:00 0 
7f1154419000-7f1158000000 ---p 00000000 00:00 0 
7f1158000000-7f1158001000 r--s 00000000 08:01 11417928                   /usr/local/apache-ant-1.8.2/lib/ant-commons-logging.jar
7f1158001000-7f1158002000 r--s 00000000 08:01 11417924                   /usr/local/apache-ant-1.8.2/lib/ant-apache-resolver.jar
7f1158002000-7f1158007000 r--s 0002f000 08:01 5300093                    /home/rmuir/workspace/lucene-trunk/lucene/test-framework/lib/randomizedtesting-runner-2.1.1.jar
7f1158007000-7f115800e000 r--s 00037000 08:01 5298485                    /home/rmuir/workspace/lucene-trunk/lucene/test-framework/lib/junit-4.10.jar
7f115800e000-7f1158012000 r--s 0003b000 08:01 11525656                   /usr/local/jdk1.7.0-fastdebug/lib/ext/sunpkcs11.jar
7f1158012000-7f1158016000 r--s 00085000 08:01 11525657                   /usr/local/jdk1.7.0-fastdebug/lib/ext/localedata.jar
7f1158016000-7f1159c30000 rw-p 00000000 00:00 0 
7f1159c30000-7f1159c31000 ---p 00000000 00:00 0 
7f1159c31000-7f1159d31000 rw-p 00000000 00:00 0                          [stack:23013]
7f1159d31000-7f1159d32000 ---p 00000000 00:00 0 
7f1159d32000-7f1159e32000 rw-p 00000000 00:00 0                          [stack:23012]
7f1159e32000-7f1159e33000 ---p 00000000 00:00 0 
7f1159e33000-7f1159f33000 rw-p 00000000 00:00 0                          [stack:23011]
7f1159f33000-7f1159f34000 ---p 00000000 00:00 0 
7f1159f34000-7f115a034000 rw-p 00000000 00:00 0                          [stack:23010]
7f115a034000-7f115a035000 ---p 00000000 00:00 0 
7f115a035000-7f115a135000 rw-p 00000000 00:00 0                          [stack:23009]
7f115a135000-7f115a136000 ---p 00000000 00:00 0 
7f115a136000-7f115a236000 rw-p 00000000 00:00 0                          [stack:23008]
7f115a236000-7f115a237000 ---p 00000000 00:00 0 
7f115a237000-7f115a337000 rw-p 00000000 00:00 0                          [stack:23007]
7f115a337000-7f115a338000 ---p 00000000 00:00 0 
7f115a338000-7f115a443000 rw-p 00000000 00:00 0                          [stack:23006]
7f115a443000-7f115a461000 rw-p 00000000 00:00 0 
7f115a461000-7f115a4b5000 rw-p 00000000 00:00 0 
7f115a4b5000-7f115a50c000 rw-p 00000000 00:00 0 
7f115a50c000-7f115a517000 rw-p 00000000 00:00 0 
7f115a517000-7f115a535000 rw-p 00000000 00:00 0 
7f115a535000-7f115a589000 rw-p 00000000 00:00 0 
7f115a589000-7f115a5df000 rw-p 00000000 00:00 0 
7f115a5df000-7f115a635000 rw-p 00000000 00:00 0 
7f115a635000-7f115a636000 rw-p 00000000 00:00 0 
7f115a636000-7f115a652000 r-xp 00000000 08:01 11525139                   /usr/local/jdk1.7.0-fastdebug/lib/amd64/libzip.so
7f115a652000-7f115a851000 ---p 0001c000 08:01 11525139                   /usr/local/jdk1.7.0-fastdebug/lib/amd64/libzip.so
7f115a851000-7f115a852000 r--p 0001b000 08:01 11525139                   /usr/local/jdk1.7.0-fastdebug/lib/amd64/libzip.so
7f115a852000-7f115a853000 rw-p 0001c000 08:01 11525139                   /usr/local/jdk1.7.0-fastdebug/lib/amd64/libzip.so
7f115a853000-7f115a85f000 r-xp 00000000 08:01 9456024                    /lib/x86_64-linux-gnu/libnss_files-2.17.so
7f115a85f000-7f115aa5e000 ---p 0000c000 08:01 9456024                    /lib/x86_64-linux-gnu/libnss_files-2.17.so
7f115aa5e000-7f115aa5f000 r--p 0000b000 08:01 9456024                    /lib/x86_64-linux-gnu/libnss_files-2.17.so
7f115aa5f000-7f115aa60000 rw-p 0000c000 08:01 9456024                    /lib/x86_64-linux-gnu/libnss_files-2.17.so
7f115aa60000-7f115aa6b000 r-xp 00000000 08:01 9456022                    /lib/x86_64-linux-gnu/libnss_nis-2.17.so
7f115aa6b000-7f115ac6a000 ---p 0000b000 08:01 9456022                    /lib/x86_64-linux-gnu/libnss_nis-2.17.so
7f115ac6a000-7f115ac6b000 r--p 0000a000 08:01 9456022                    /lib/x86_64-linux-gnu/libnss_nis-2.17.so
7f115ac6b000-7f115ac6c000 rw-p 0000b000 08:01 9456022                    /lib/x86_64-linux-gnu/libnss_nis-2.17.so
7f115ac6c000-7f115ac83000 r-xp 00000000 08:01 9437299                    /lib/x86_64-linux-gnu/libnsl-2.17.so
7f115ac83000-7f115ae82000 ---p 00017000 08:01 9437299                    /lib/x86_64-linux-gnu/libnsl-2.17.so
7f115ae82000-7f115ae83000 r--p 00016000 08:01 9437299                    /lib/x86_64-linux-gnu/libnsl-2.17.so
7f115ae83000-7f115ae84000 rw-p 00017000 08:01 9437299                    /lib/x86_64-linux-gnu/libnsl-2.17.so
7f115ae84000-7f115ae86000 rw-p 00000000 00:00 0 
7f115ae86000-7f115ae8e000 r-xp 00000000 08:01 9456013                    /lib/x86_64-linux-gnu/libnss_compat-2.17.so
7f115ae8e000-7f115b08d000 ---p 00008000 08:01 9456013                    /lib/x86_64-linux-gnu/libnss_compat-2.17.so
7f115b08d000-7f115b08e000 r--p 00007000 08:01 9456013                    /lib/x86_64-linux-gnu/libnss_compat-2.17.so
7f115b08e000-7f115b08f000 rw-p 00008000 08:01 9456013                    /lib/x86_64-linux-gnu/libnss_compat-2.17.so
7f115b08f000-7f115b0b9000 r-xp 00000000 08:01 11525158                   /usr/local/jdk1.7.0-fastdebug/lib/amd64/libjava.so
7f115b0b9000-7f115b2b9000 ---p 0002a000 08:01 11525158                   /usr/local/jdk1.7.0-fastdebug/lib/amd64/libjava.so
7f115b2b9000-7f115b2ba000 r--p 0002a000 08:01 11525158                   /usr/local/jdk1.7.0-fastdebug/lib/amd64/libjava.so
7f115b2ba000-7f115b2bc000 rw-p 0002b000 08:01 11525158                   /usr/local/jdk1.7.0-fastdebug/lib/amd64/libjava.so
7f115b2bc000-7f115b2ca000 r-xp 00000000 08:01 11525141                   /usr/local/jdk1.7.0-fastdebug/lib/amd64/libverify.so
7f115b2ca000-7f115b4c9000 ---p 0000e000 08:01 11525141                   /usr/local/jdk1.7.0-fastdebug/lib/amd64/libverify.so
7f115b4c9000-7f115b4cb000 r--p 0000d000 08:01 11525141                   /usr/local/jdk1.7.0-fastdebug/lib/amd64/libverify.so
7f115b4cb000-7f115b4cc000 rw-p 0000f000 08:01 11525141                   /usr/local/jdk1.7.0-fastdebug/lib/amd64/libverify.so
7f115b4cc000-7f115b4d3000 r-xp 00000000 08:01 9456025                    /lib/x86_64-linux-gnu/librt-2.17.so
7f115b4d3000-7f115b6d2000 ---p 00007000 08:01 9456025                    /lib/x86_64-linux-gnu/librt-2.17.so
7f115b6d2000-7f115b6d3000 r--p 00006000 08:01 9456025                    /lib/x86_64-linux-gnu/librt-2.17.so
7f115b6d3000-7f115b6d4000 rw-p 00007000 08:01 9456025                    /lib/x86_64-linux-gnu/librt-2.17.so
7f115b6d4000-7f115b7d7000 r-xp 00000000 08:01 9456016                    /lib/x86_64-linux-gnu/libm-2.17.so
7f115b7d7000-7f115b9d6000 ---p 00103000 08:01 9456016                    /lib/x86_64-linux-gnu/libm-2.17.so
7f115b9d6000-7f115b9d7000 r--p 00102000 08:01 9456016                    /lib/x86_64-linux-gnu/libm-2.17.so
7f115b9d7000-7f115b9d8000 rw-p 00103000 08:01 9456016                    /lib/x86_64-linux-gnu/libm-2.17.so
7f115b9d8000-7f115cb39000 r-xp 00000000 08:01 11525163                   /usr/local/jdk1.7.0-fastdebug/lib/amd64/server/libjvm.so
7f115cb39000-7f115cd38000 ---p 01161000 08:01 11525163                   /usr/local/jdk1.7.0-fastdebug/lib/amd64/server/libjvm.so
7f115cd38000-7f115cde3000 r--p 01160000 08:01 11525163                   /usr/local/jdk1.7.0-fastdebug/lib/amd64/server/libjvm.so
7f115cde3000-7f115ce0e000 rw-p 0120b000 08:01 11525163                   /usr/local/jdk1.7.0-fastdebug/lib/amd64/server/libjvm.so
7f115ce0e000-7f115cea9000 rw-p 00000000 00:00 0 
7f115cea9000-7f115cec0000 r-xp 00000000 08:01 9456032                    /lib/x86_64-linux-gnu/libpthread-2.17.so
7f115cec0000-7f115d0c0000 ---p 00017000 08:01 9456032                    /lib/x86_64-linux-gnu/libpthread-2.17.so
7f115d0c0000-7f115d0c1000 r--p 00017000 08:01 9456032                    /lib/x86_64-linux-gnu/libpthread-2.17.so
7f115d0c1000-7f115d0c2000 rw-p 00018000 08:01 9456032                    /lib/x86_64-linux-gnu/libpthread-2.17.so
7f115d0c2000-7f115d0c6000 rw-p 00000000 00:00 0 
7f115d0c6000-7f115d0c9000 r-xp 00000000 08:01 9456031                    /lib/x86_64-linux-gnu/libdl-2.17.so
7f115d0c9000-7f115d2c8000 ---p 00003000 08:01 9456031                    /lib/x86_64-linux-gnu/libdl-2.17.so
7f115d2c8000-7f115d2c9000 r--p 00002000 08:01 9456031                    /lib/x86_64-linux-gnu/libdl-2.17.so
7f115d2c9000-7f115d2ca000 rw-p 00003000 08:01 9456031                    /lib/x86_64-linux-gnu/libdl-2.17.so
7f115d2ca000-7f115d487000 r-xp 00000000 08:01 9456030                    /lib/x86_64-linux-gnu/libc-2.17.so
7f115d487000-7f115d687000 ---p 001bd000 08:01 9456030                    /lib/x86_64-linux-gnu/libc-2.17.so
7f115d687000-7f115d68b000 r--p 001bd000 08:01 9456030                    /lib/x86_64-linux-gnu/libc-2.17.so
7f115d68b000-7f115d68d000 rw-p 001c1000 08:01 9456030                    /lib/x86_64-linux-gnu/libc-2.17.so
7f115d68d000-7f115d692000 rw-p 00000000 00:00 0 
7f115d692000-7f115d6aa000 r-xp 00000000 08:01 11525148                   /usr/local/jdk1.7.0-fastdebug/lib/amd64/jli/libjli.so
7f115d6aa000-7f115d8a9000 ---p 00018000 08:01 11525148                   /usr/local/jdk1.7.0-fastdebug/lib/amd64/jli/libjli.so
7f115d8a9000-7f115d8aa000 r--p 00017000 08:01 11525148                   /usr/local/jdk1.7.0-fastdebug/lib/amd64/jli/libjli.so
7f115d8aa000-7f115d8ab000 rw-p 00018000 08:01 11525148                   /usr/local/jdk1.7.0-fastdebug/lib/amd64/jli/libjli.so
7f115d8ab000-7f115d8ce000 r-xp 00000000 08:01 9456019                    /lib/x86_64-linux-gnu/ld-2.17.so
7f115d8ce000-7f115d8cf000 r--s 00001000 08:01 11417945                   /usr/local/apache-ant-1.8.2/lib/ant-junit4.jar
7f115d8cf000-7f115d8d1000 r--s 00002000 08:01 11417948                   /usr/local/apache-ant-1.8.2/lib/ant-launcher.jar
7f115d8d1000-7f115d8d2000 r--s 00002000 08:01 11525658                   /usr/local/jdk1.7.0-fastdebug/lib/ext/dnsns.jar
7f115d8d2000-7f115d8d5000 r--s 00032000 08:01 11525661                   /usr/local/jdk1.7.0-fastdebug/lib/ext/sunjce_provider.jar
7f115d8d5000-7f115d8d6000 r--s 00003000 08:01 11525660                   /usr/local/jdk1.7.0-fastdebug/lib/ext/sunec.jar
7f115d8d6000-7f115d8d8000 r--s 00012000 08:01 11525659                   /usr/local/jdk1.7.0-fastdebug/lib/ext/zipfs.jar
7f115d8d8000-7f115d8e3000 r--s 00398000 08:01 11525664                   /usr/local/jdk1.7.0-fastdebug/lib/charsets.jar
7f115d8e3000-7f115d8f4000 rw-p 00000000 00:00 0 
7f115d8f4000-7f115d9a3000 rw-p 00000000 00:00 0 
7f115d9a3000-7f115d9a6000 ---p 00000000 00:00 0 
7f115d9a6000-7f115daa8000 rw-p 00000000 00:00 0                          [stack:22990]
7f115daa8000-7f115daab000 r--s 00017000 08:01 11525662                   /usr/local/jdk1.7.0-fastdebug/lib/jce.jar
7f115daab000-7f115dac0000 rw-p 00000000 00:00 0 
7f115dac0000-7f115dac8000 rw-s 00000000 08:01 5550279                    /tmp/hsperfdata_rmuir/22989
7f115dac8000-7f115daca000 rw-p 00000000 00:00 0 
7f115daca000-7f115dacb000 r--p 00000000 00:00 0 
7f115dacb000-7f115dacd000 rw-p 00000000 00:00 0 
7f115dacd000-7f115dace000 r--p 00022000 08:01 9456019                    /lib/x86_64-linux-gnu/ld-2.17.so
7f115dace000-7f115dad0000 rw-p 00023000 08:01 9456019                    /lib/x86_64-linux-gnu/ld-2.17.so
7fff2f1b9000-7fff2f1db000 rw-p 00000000 00:00 0                          [stack]
7fff2f1fe000-7fff2f200000 r-xp 00000000 00:00 0                          [vdso]
ffffffffff600000-ffffffffff601000 r-xp 00000000 00:00 0                  [vsyscall]

VM Arguments:
jvm_args: -Dtests.prefix=tests -Dtests.seed=F4F9DCCE15DFDEDB -Xmx512M -Dtests.iters= -Dtests.verbose=false -Dtests.infostream=false -Dtests.codec=random -Dtests.postingsformat=random -Dtests.docvaluesformat=random -Dtests.locale=random -Dtests.timezone=random -Dtests.directory=random -Dtests.linedocsfile=europarl.lines.txt.gz -Dtests.luceneMatchVersion=5.0 -Dtests.cleanthreads=perMethod -Djava.util.logging.config.file=/home/rmuir/workspace/lucene-trunk/lucene/tools/junit4/logging.properties -Dtests.nightly=false -Dtests.weekly=false -Dtests.slow=false -Dtests.asserts.gracious=false -Dtests.multiplier=1 -DtempDir=. -Djava.io.tmpdir=. -Djunit4.tempDir=/home/rmuir/workspace/lucene-trunk/lucene/build/analysis/common/test/temp -Dclover.db.dir=/home/rmuir/workspace/lucene-trunk/lucene/build/clover/db -Djava.security.manager=org.apache.lucene.util.TestSecurityManager -Djava.security.policy=/home/rmuir/workspace/lucene-trunk/lucene/tools/junit4/tests.policy -Dlucene.version=5.0-SNAPSHOT -Djetty.testMode=1 -Djetty.insecurerandom=1 -Dsolr.directoryFactory=org.apache.solr.core.MockDirectoryFactory -Djava.awt.headless=true -Djdk.map.althashing.threshold=0 -Djunit4.childvm.cwd=/home/rmuir/workspace/lucene-trunk/lucene/build/analysis/common/test/J3 -Djunit4.childvm.id=3 -Djunit4.childvm.count=4 -Dtests.filterstacks=true -Dtests.disableHdfs=true -Dfile.encoding=UTF-8 -ea:org.apache.lucene... -ea:org.apache.solr... 
java_command: com.carrotsearch.ant.tasks.junit4.slave.SlaveMainSafe -eventsfile /home/rmuir/workspace/lucene-trunk/lucene/build/analysis/common/test/temp/junit4-J3-20140403_173259_083.events @/home/rmuir/workspace/lucene-trunk/lucene/build/analysis/common/test/temp/junit4-J3-20140403_173259_083.suites -stdin
Launcher Type: SUN_STANDARD

Environment Variables:
JAVA_HOME=/usr/local/jdk1.7.0-fastdebug
PATH=/usr/local/apache-maven-3.2.1/bin:/usr/local/apache-ant-1.8.2/bin:/usr/local/jdk1.7.0_25/bin:/usr/lib/lightdm/lightdm:/usr/local/sbin:/usr/local/bin:/usr/sbin:/usr/bin:/sbin:/bin:/usr/games:/usr/local/games:/data/mplus
SHELL=/bin/bash
DISPLAY=:0.0

Signal Handlers:
SIGSEGV: [libjvm.so+0xe1c850], sa_mask[0]=0x7ffbfeff, sa_flags=0x10000004
SIGBUS: [libjvm.so+0xe1c850], sa_mask[0]=0x7ffbfeff, sa_flags=0x10000004
SIGFPE: [libjvm.so+0xbb5a20], sa_mask[0]=0x7ffbfeff, sa_flags=0x10000004
SIGPIPE: [libjvm.so+0xbb5a20], sa_mask[0]=0x7ffbfeff, sa_flags=0x10000004
SIGXFSZ: [libjvm.so+0xbb5a20], sa_mask[0]=0x7ffbfeff, sa_flags=0x10000004
SIGILL: [libjvm.so+0xbb5a20], sa_mask[0]=0x7ffbfeff, sa_flags=0x10000004
SIGUSR1: SIG_DFL, sa_mask[0]=0x00000000, sa_flags=0x00000000
SIGUSR2: [libjvm.so+0xbb5d10], sa_mask[0]=0x00000004, sa_flags=0x10000004
SIGHUP: [libjvm.so+0xbb5c20], sa_mask[0]=0x7ffbfeff, sa_flags=0x10000004
SIGINT: [libjvm.so+0xbb5c20], sa_mask[0]=0x7ffbfeff, sa_flags=0x10000004
SIGTERM: [libjvm.so+0xbb5c20], sa_mask[0]=0x7ffbfeff, sa_flags=0x10000004
SIGQUIT: [libjvm.so+0xbb5c20], sa_mask[0]=0x7ffbfeff, sa_flags=0x10000004


---------------  S Y S T E M  ---------------

OS:wheezy/sid

uname:Linux 3.11.0-18-generic #32-Ubuntu SMP Tue Feb 18 21:11:14 UTC 2014 x86_64
libc:glibc 2.17 NPTL 2.17 
rlimit: STACK 8192k, CORE 0k, NPROC 128029, NOFILE 4096, AS infinity
load average:6.91 4.96 2.91

/proc/meminfo:
MemTotal:       16415424 kB
MemFree:          176960 kB
Buffers:         1287348 kB
Cached:          5772400 kB
SwapCached:         3680 kB
Active:         10106444 kB
Inactive:        4312284 kB
Active(anon):    6592008 kB
Inactive(anon):   814656 kB
Active(file):    3514436 kB
Inactive(file):  3497628 kB
Unevictable:          16 kB
Mlocked:              16 kB
SwapTotal:       9936892 kB
SwapFree:        9848612 kB
Dirty:              1992 kB
Writeback:             0 kB
AnonPages:       7355628 kB
Mapped:           297636 kB
Shmem:             47680 kB
Slab:            1591772 kB
SReclaimable:    1515904 kB
SUnreclaim:        75868 kB
KernelStack:        7424 kB
PageTables:        57780 kB
NFS_Unstable:          0 kB
Bounce:                0 kB
WritebackTmp:          0 kB
CommitLimit:    18144604 kB
Committed_AS:   11674008 kB
VmallocTotal:   34359738367 kB
VmallocUsed:      138848 kB
VmallocChunk:   34359596028 kB
HardwareCorrupted:     0 kB
AnonHugePages:         0 kB
HugePages_Total:       0
HugePages_Free:        0
HugePages_Rsvd:        0
HugePages_Surp:        0
Hugepagesize:       2048 kB
DirectMap4k:      927344 kB
DirectMap2M:    15831040 kB


CPU:total 8 (4 cores per cpu, 2 threads per core) family 6 model 42 stepping 7, cmov, cx8, fxsr, mmx, sse, sse2, sse3, ssse3, sse4.1, sse4.2, popcnt, avx, aes, ht, tsc, tscinvbit

/proc/cpuinfo:
processor	: 0
vendor_id	: GenuineIntel
cpu family	: 6
model		: 42
model name	: Intel(R) Core(TM) i7-2600K CPU @ 3.40GHz
stepping	: 7
microcode	: 0x14
cpu MHz		: 3401.000
cache size	: 8192 KB
physical id	: 0
siblings	: 8
core id		: 0
cpu cores	: 4
apicid		: 0
initial apicid	: 0
fpu		: yes
fpu_exception	: yes
cpuid level	: 13
wp		: yes
flags		: fpu vme de pse tsc msr pae mce cx8 apic sep mtrr pge mca cmov pat pse36 clflush dts acpi mmx fxsr sse sse2 ss ht tm pbe syscall nx rdtscp lm constant_tsc arch_perfmon pebs bts rep_good nopl xtopology nonstop_tsc aperfmperf eagerfpu pni pclmulqdq dtes64 monitor ds_cpl vmx est tm2 ssse3 cx16 xtpr pdcm pcid sse4_1 sse4_2 popcnt tsc_deadline_timer aes xsave avx lahf_lm ida arat epb xsaveopt pln pts dtherm tpr_shadow vnmi flexpriority ept vpid
bogomips	: 6799.99
clflush size	: 64
cache_alignment	: 64
address sizes	: 36 bits physical, 48 bits virtual
power management:

processor	: 1
vendor_id	: GenuineIntel
cpu family	: 6
model		: 42
model name	: Intel(R) Core(TM) i7-2600K CPU @ 3.40GHz
stepping	: 7
microcode	: 0x14
cpu MHz		: 3401.000
cache size	: 8192 KB
physical id	: 0
siblings	: 8
core id		: 1
cpu cores	: 4
apicid		: 2
initial apicid	: 2
fpu		: yes
fpu_exception	: yes
cpuid level	: 13
wp		: yes
flags		: fpu vme de pse tsc msr pae mce cx8 apic sep mtrr pge mca cmov pat pse36 clflush dts acpi mmx fxsr sse sse2 ss ht tm pbe syscall nx rdtscp lm constant_tsc arch_perfmon pebs bts rep_good nopl xtopology nonstop_tsc aperfmperf eagerfpu pni pclmulqdq dtes64 monitor ds_cpl vmx est tm2 ssse3 cx16 xtpr pdcm pcid sse4_1 sse4_2 popcnt tsc_deadline_timer aes xsave avx lahf_lm ida arat epb xsaveopt pln pts dtherm tpr_shadow vnmi flexpriority ept vpid
bogomips	: 6799.99
clflush size	: 64
cache_alignment	: 64
address sizes	: 36 bits physical, 48 bits virtual
power management:

processor	: 2
vendor_id	: GenuineIntel
cpu family	: 6
model		: 42
model name	: Intel(R) Core(TM) i7-2600K CPU @ 3.40GHz
stepping	: 7
microcode	: 0x14
cpu MHz		: 3401.000
cache size	: 8192 KB
physical id	: 0
siblings	: 8
core id		: 2
cpu cores	: 4
apicid		: 4
initial apicid	: 4
fpu		: yes
fpu_exception	: yes
cpuid level	: 13
wp		: yes
flags		: fpu vme de pse tsc msr pae mce cx8 apic sep mtrr pge mca cmov pat pse36 clflush dts acpi mmx fxsr sse sse2 ss ht tm pbe syscall nx rdtscp lm constant_tsc arch_perfmon pebs bts rep_good nopl xtopology nonstop_tsc aperfmperf eagerfpu pni pclmulqdq dtes64 monitor ds_cpl vmx est tm2 ssse3 cx16 xtpr pdcm pcid sse4_1 sse4_2 popcnt tsc_deadline_timer aes xsave avx lahf_lm ida arat epb xsaveopt pln pts dtherm tpr_shadow vnmi flexpriority ept vpid
bogomips	: 6799.99
clflush size	: 64
cache_alignment	: 64
address sizes	: 36 bits physical, 48 bits virtual
power management:

processor	: 3
vendor_id	: GenuineIntel
cpu family	: 6
model		: 42
model name	: Intel(R) Core(TM) i7-2600K CPU @ 3.40GHz
stepping	: 7
microcode	: 0x14
cpu MHz		: 3401.000
cache size	: 8192 KB
physical id	: 0
siblings	: 8
core id		: 3
cpu cores	: 4
apicid		: 6
initial apicid	: 6
fpu		: yes
fpu_exception	: yes
cpuid level	: 13
wp		: yes
flags		: fpu vme de pse tsc msr pae mce cx8 apic sep mtrr pge mca cmov pat pse36 clflush dts acpi mmx fxsr sse sse2 ss ht tm pbe syscall nx rdtscp lm constant_tsc arch_perfmon pebs bts rep_good nopl xtopology nonstop_tsc aperfmperf eagerfpu pni pclmulqdq dtes64 monitor ds_cpl vmx est tm2 ssse3 cx16 xtpr pdcm pcid sse4_1 sse4_2 popcnt tsc_deadline_timer aes xsave avx lahf_lm ida arat epb xsaveopt pln pts dtherm tpr_shadow vnmi flexpriority ept vpid
bogomips	: 6799.99
clflush size	: 64
cache_alignment	: 64
address sizes	: 36 bits physical, 48 bits virtual
power management:

processor	: 4
vendor_id	: GenuineIntel
cpu family	: 6
model		: 42
model name	: Intel(R) Core(TM) i7-2600K CPU @ 3.40GHz
stepping	: 7
microcode	: 0x14
cpu MHz		: 3401.000
cache size	: 8192 KB
physical id	: 0
siblings	: 8
core id		: 0
cpu cores	: 4
apicid		: 1
initial apicid	: 1
fpu		: yes
fpu_exception	: yes
cpuid level	: 13
wp		: yes
flags		: fpu vme de pse tsc msr pae mce cx8 apic sep mtrr pge mca cmov pat pse36 clflush dts acpi mmx fxsr sse sse2 ss ht tm pbe syscall nx rdtscp lm constant_tsc arch_perfmon pebs bts rep_good nopl xtopology nonstop_tsc aperfmperf eagerfpu pni pclmulqdq dtes64 monitor ds_cpl vmx est tm2 ssse3 cx16 xtpr pdcm pcid sse4_1 sse4_2 popcnt tsc_deadline_timer aes xsave avx lahf_lm ida arat epb xsaveopt pln pts dtherm tpr_shadow vnmi flexpriority ept vpid
bogomips	: 6799.99
clflush size	: 64
cache_alignment	: 64
address sizes	: 36 bits physical, 48 bits virtual
power management:

processor	: 5
vendor_id	: GenuineIntel
cpu family	: 6
model		: 42
model name	: Intel(R) Core(TM) i7-2600K CPU @ 3.40GHz
stepping	: 7
microcode	: 0x14
cpu MHz		: 3401.000
cache size	: 8192 KB
physical id	: 0
siblings	: 8
core id		: 1
cpu cores	: 4
apicid		: 3
initial apicid	: 3
fpu		: yes
fpu_exception	: yes
cpuid level	: 13
wp		: yes
flags		: fpu vme de pse tsc msr pae mce cx8 apic sep mtrr pge mca cmov pat pse36 clflush dts acpi mmx fxsr sse sse2 ss ht tm pbe syscall nx rdtscp lm constant_tsc arch_perfmon pebs bts rep_good nopl xtopology nonstop_tsc aperfmperf eagerfpu pni pclmulqdq dtes64 monitor ds_cpl vmx est tm2 ssse3 cx16 xtpr pdcm pcid sse4_1 sse4_2 popcnt tsc_deadline_timer aes xsave avx lahf_lm ida arat epb xsaveopt pln pts dtherm tpr_shadow vnmi flexpriority ept vpid
bogomips	: 6799.99
clflush size	: 64
cache_alignment	: 64
address sizes	: 36 bits physical, 48 bits virtual
power management:

processor	: 6
vendor_id	: GenuineIntel
cpu family	: 6
model		: 42
model name	: Intel(R) Core(TM) i7-2600K CPU @ 3.40GHz
stepping	: 7
microcode	: 0x14
cpu MHz		: 3401.000
cache size	: 8192 KB
physical id	: 0
siblings	: 8
core id		: 2
cpu cores	: 4
apicid		: 5
initial apicid	: 5
fpu		: yes
fpu_exception	: yes
cpuid level	: 13
wp		: yes
flags		: fpu vme de pse tsc msr pae mce cx8 apic sep mtrr pge mca cmov pat pse36 clflush dts acpi mmx fxsr sse sse2 ss ht tm pbe syscall nx rdtscp lm constant_tsc arch_perfmon pebs bts rep_good nopl xtopology nonstop_tsc aperfmperf eagerfpu pni pclmulqdq dtes64 monitor ds_cpl vmx est tm2 ssse3 cx16 xtpr pdcm pcid sse4_1 sse4_2 popcnt tsc_deadline_timer aes xsave avx lahf_lm ida arat epb xsaveopt pln pts dtherm tpr_shadow vnmi flexpriority ept vpid
bogomips	: 6799.99
clflush size	: 64
cache_alignment	: 64
address sizes	: 36 bits physical, 48 bits virtual
power management:

processor	: 7
vendor_id	: GenuineIntel
cpu family	: 6
model		: 42
model name	: Intel(R) Core(TM) i7-2600K CPU @ 3.40GHz
stepping	: 7
microcode	: 0x14
cpu MHz		: 3401.000
cache size	: 8192 KB
physical id	: 0
siblings	: 8
core id		: 3
cpu cores	: 4
apicid		: 7
initial apicid	: 7
fpu		: yes
fpu_exception	: yes
cpuid level	: 13
wp		: yes
flags		: fpu vme de pse tsc msr pae mce cx8 apic sep mtrr pge mca cmov pat pse36 clflush dts acpi mmx fxsr sse sse2 ss ht tm pbe syscall nx rdtscp lm constant_tsc arch_perfmon pebs bts rep_good nopl xtopology nonstop_tsc aperfmperf eagerfpu pni pclmulqdq dtes64 monitor ds_cpl vmx est tm2 ssse3 cx16 xtpr pdcm pcid sse4_1 sse4_2 popcnt tsc_deadline_timer aes xsave avx lahf_lm ida arat epb xsaveopt pln pts dtherm tpr_shadow vnmi flexpriority ept vpid
bogomips	: 6799.99
clflush size	: 64
cache_alignment	: 64
address sizes	: 36 bits physical, 48 bits virtual
power management:



Memory: 4k page, physical 16415424k(176960k free), swap 9936892k(9848612k free)

vm_info: OpenJDK 64-Bit Server VM (24.80-b05-fastdebug) for linux-amd64 JRE (1.7.0-internal-fastdebug-rmuir_2014_04_01_23_31-b00), built on Apr  1 2014 23:43:58 by "rmuir" with gcc 4.8.1

time: Thu Apr  3 17:34:05 2014
elapsed time: 66 seconds

