Import KEYS in clean gpg (./gnupg) using Docker
gpg: WARNING: unsafe permissions on homedir '/root/.gnupg'
gpg: keybox '/root/.gnupg/pubring.kbx' created
gpg: /root/.gnupg/trustdb.gpg: trustdb created
gpg: key B83EA82A0AFCEE7C: public key "Yonik Seeley <yonik@apache.org>" imported
gpg: key E48025ED13E57FFC: public key "Upayavira <uv@odoko.co.uk>" imported
gpg: key 978477913A95B305: public key "Christoph Goller (CODE SIGNING KEY) <goller@apache.org>" imported
gpg: key CB031519A867E8B1: public key "Grant Ingersoll (CODE SIGNING KEY) <gsingers@apache.org>" imported
gpg: key 1305984CEB0199F8: public key "Mark Robert Miller (CODE SIGNING KEY) <markrmiller@apache.org>" imported
gpg: key FD1FF09C03824582: public key "Karl David Wright (CODE SIGNING KEY) <kwright@apache.org>" imported
gpg: key 71A45A3D0D8D0B93: 23 signatures not checked due to missing keys
gpg: key 71A45A3D0D8D0B93: public key "Jan Høydahl (CODE SIGNING KEY) <janhoy@apache.org>" imported
gpg: key 88E27CA20ED7633F: 2 signatures not checked due to missing keys
gpg: key 88E27CA20ED7633F: public key "Andi Vajda (CODE SIGNING KEY) <vajda@apache.org>" imported
gpg: key 7201F080156E1629: public key "Toke Eskildsen (Lucene/Solr committer) <toke@apache.org>" imported
gpg: key DC92616F177050F6: public key "Shalin Shekhar Mangar (CODE SIGNING KEY) <shalin@apache.org>" imported
gpg: key 7186B06E1ED139E7: 12 signatures not checked due to missing keys
gpg: key 7186B06E1ED139E7: public key "Steven Alan Rowe (CODE SIGNING KEY) <sarowe@apache.org>" imported
gpg: key ABE9C5D21EFAFD39: 24 signatures not checked due to missing keys
gpg: key ABE9C5D21EFAFD39: public key "Ryan Ernst <ryan@iernst.net>" imported
gpg: key 817AE1DD322D7ECA: 6 signatures not checked due to missing keys
gpg: key 817AE1DD322D7ECA: public key "Robert Muir (Code Signing Key) <rmuir@apache.org>" imported
gpg: key DC7BF9853C1E73F8: public key "Tommaso Teofili <tommaso@apache.org>" imported
gpg: key 217E28D93D7558E5: public key "Ahmet Arslan (CODE SIGNING KEY) <iorixxx@apache.org>" imported
gpg: key C38FF5EC3FCFDB3E: 8 signatures not checked due to missing keys
gpg: key C38FF5EC3FCFDB3E: public key "Noble Paul (CODE SIGNING KEY) <noble@apache.org>" imported
gpg: key D951DF2045201BEB: public key "Benson Margulies (CODE SIGNING KEY) <bimargulies@apache.org>" imported
gpg: key BF160FF14992A24C: public key "Ishan Chattopadhyaya <ishan@apache.org>" imported
gpg: key 056F3CA54AE864BD: public key "Ignacio Vera <ivera@apache.org>" imported
gpg: key F1A1F48B521A0277: public key "Cassandra Targett <casstargett@gmail.com>" imported
gpg: key F119941F6E68DA61: 2 signatures not checked due to missing keys
gpg: key F119941F6E68DA61: public key "Michael McCandless (CODE SIGNING KEY) <mikemccand@apache.org>" imported
gpg: key 04B0610E75120CA4: public key "Shawn Heisey <elyograg@apache.org>" imported
gpg: key 051A0FAF76BC6507: 1 signature not checked due to a missing key
gpg: key 051A0FAF76BC6507: public key "Adrien Grand (CODE SIGNING KEY) <jpountz@apache.org>" imported
gpg: key 3FBFD18278796AC8: 1 signature not checked due to a missing key
gpg: key 3FBFD18278796AC8: public key "Mark Robert Miller (CODE SIGNING KEY) <markrmiller@apache.org>" imported
gpg: key CDDE30C37F3DE8DA: public key "Varun Thacker <varun@apache.org>" imported
gpg: key ABCEB2DF80B0CC37: public key "Tomas Fernandez Lobbe <tflobbe@apache.org>" imported
gpg: key ABF7CD5A89E294E5: public key "Dennis Gove (coderascal) <dpgove@apache.org>" imported
gpg: key E9F3B24698483DC3: 1 signature not checked due to a missing key
gpg: key E9F3B24698483DC3: public key "Martijn van Groningen (CODE SIGNING KEY) <mvg@apache.org>" imported
gpg: key 758051CCA3A13A7F: public key "Anshum Gupta <anshum@apache.org>" imported
gpg: key F98C13CFA5A135D8: public key "Jim Ferenczi (CODE SIGNING KEY) <jimczi@apache.org>" imported
gpg: key DBAF69BEA7239D59: 8 signatures not checked due to missing keys
gpg: key DBAF69BEA7239D59: public key "Doug Cutting (Lucene guy) <cutting@apache.org>" imported
gpg: key ABD30422A7239D59: 6 signatures not checked due to missing keys
gpg: key ABD30422A7239D59: public key "Doug Cutting (Lucene guy) <cutting@apache.org>" imported
gpg: key 2184C00ABBCD7E0E: public key "David Smiley <dsmiley@apache.org>" imported
gpg: key 114C71FEC92D3717: public key "Ignacio Vera <ivera@apache.org>" imported
gpg: key 86F75E83E1EE085F: 8 signatures not checked due to missing keys
gpg: key 86F75E83E1EE085F: public key "Uwe Schindler (CODE SIGNING KEY) <uschindler@apache.org>" imported
gpg: key 12D51C2DE72B5D09: public key "Kevin Risden (CODE SIGNING KEY) <krisden@apache.org>" imported
gpg: key 6C5A4F6DECA39416: 4 signatures not checked due to missing keys
gpg: key 6C5A4F6DECA39416: public key "Simon Willnauer (Code Signing Key) <simonw@apache.org>" imported
gpg: key A336D0C0EE64CB1E: public key "Joel Bernstein (CODE SIGNING KEY) <jbernste@apache.org>" imported
gpg: key 3E48C0C6EF362B9E: 4 signatures not checked due to missing keys
gpg: key 3E48C0C6EF362B9E: public key "Mike Drob (CODE SIGNING KEY) <mdrob@apache.org>" imported
gpg: key A8702226EF526FA1: public key "Yonik Seeley (Solr guy) <yonik@apache.org>" imported
gpg: key 51F0CC22F625308A: public key "Nicholas Walter Knize (CODE SIGNING KEY) <nknize@apache.org>" imported
gpg: key 14354B42F6ED44FC: public key "Timothy Potter <thelabdude@apache.org>" imported
gpg: key 9C784577F8F58E19: 11 signatures not checked due to missing keys
gpg: key 9C784577F8F58E19: public key "Chris "Hoss" Hostetter <hossman@apache.org>" imported
gpg: key 8A8A771FFE045966: 3 signatures not checked due to missing keys
gpg: key 8A8A771FFE045966: public key "Grant Ingersoll (CODE SIGNING KEY) <gsingers@apache.org>" imported
gpg: key 1F2123C36BD872A0: public key "Michael Busch (Lucene Committer) <buschmi@apache.org>" imported
gpg: key 707B7D9F6FDB8105: public key "Jim Ferenczi (CODE SIGNING KEY) <jimczi@apache.org>" imported
gpg: key 069E9741F3D97FD6: public key "Alan Woodward <alan.woodward@romseysoftware.co.uk>" imported
gpg: Total number processed: 47
gpg:               imported: 47
gpg: no ultimately trusted keys found
Verifying all artifacts
apache-solr-3.1.0-src.tgz.asc [OK]
apache-solr-3.2.0-src.tgz.asc [OK]
apache-solr-3.3.0-src.tgz.asc [OK]
apache-solr-3.4.0-src.tgz.asc [OK]
apache-solr-3.5.0-src.tgz.asc [OK]
apache-solr-3.6.0-src.tgz.asc [OK]
apache-solr-3.6.1-src.tgz.asc [OK]
apache-solr-3.6.2-src.tgz.asc [OK]
apache-solr-4.0.0-ALPHA-src.tgz.asc [OK]
apache-solr-4.0.0-BETA-src.tgz.asc [OK]
apache-solr-4.0.0-src.tgz.asc [OK]
lucene-1.9-final-src.tar.gz.asc [OK]
lucene-1.9-rc1-src.tar.gz.asc [OK]
lucene-1.9.1-src.tar.gz.asc [OK]
lucene-2.0.0-src.tar.gz.asc [OK]
lucene-2.1.0-src.tar.gz.asc [OK]
lucene-2.2.0-src.tar.gz.asc [OK]
lucene-2.3.0-src.tar.gz.asc [OK]
lucene-2.3.1-src.tar.gz.asc [OK]
lucene-2.3.2-src.tar.gz.asc [OK]
lucene-2.4.0-src.tar.gz.asc [OK]
lucene-2.4.1-src.tar.gz.asc [OK]
lucene-2.9.0-src.tar.gz.asc [OK]
lucene-2.9.1-src.tar.gz.asc [OK]
lucene-2.9.2-src.tar.gz.asc [OK]
lucene-2.9.3-src.tar.gz.asc [OK]
lucene-2.9.4-src.tar.gz.asc [OK]
lucene-3.0.0-src.tar.gz.asc [OK]
lucene-3.0.1-src.tar.gz.asc [OK]
lucene-3.0.2-src.tar.gz.asc [OK]
lucene-3.0.3-src.tar.gz.asc [OK]
lucene-3.1.0-src.tar.gz.asc [OK]
lucene-3.2.0-src.tgz.asc [OK]
lucene-3.3.0-src.tgz.asc [OK]
lucene-3.4.0-src.tgz.asc [OK]
lucene-3.5.0-src.tgz.asc [OK]
lucene-3.6.0-src.tgz.asc [OK]
lucene-3.6.1-src.tgz.asc [OK]
lucene-3.6.2-src.tgz.asc [OK]
lucene-4.0.0-ALPHA-src.tgz.asc [OK]
lucene-4.0.0-BETA-src.tgz.asc [OK]
lucene-4.0.0-src.tgz.asc [OK]
lucene-4.1.0-src.tgz.asc [OK]
lucene-4.10.0-src.tgz.asc [OK]
lucene-4.10.1-src.tgz.asc [OK]
lucene-4.10.2-src.tgz.asc [OK]
lucene-4.10.3-src.tgz.asc [OK]
lucene-4.10.4-src.tgz.asc [OK]
lucene-4.2.0-src.tgz.asc [OK]
lucene-4.2.1-src.tgz.asc [OK]
lucene-4.3.0-src.tgz.asc [OK]
lucene-4.3.1-src.tgz.asc [OK]
lucene-4.4.0-src.tgz.asc [OK]
lucene-4.5.0-src.tgz.asc [OK]
lucene-4.5.1-src.tgz.asc [OK]
lucene-4.6.0-src.tgz.asc [OK]
lucene-4.6.1-src.tgz.asc [OK]
lucene-4.7.0-src.tgz.asc [OK]
lucene-4.7.1-src.tgz.asc [OK]
lucene-4.7.2-src.tgz.asc [OK]
lucene-4.8.0-src.tgz.asc [OK]
lucene-4.8.1-src.tgz.asc [OK]
lucene-4.9.0-src.tgz.asc [OK]
lucene-4.9.1-src.tgz.asc [OK]
lucene-5.0.0-src.tgz.asc [OK]
lucene-5.1.0-src.tgz.asc [OK]
lucene-5.2.0-src.tgz.asc [OK]
lucene-5.2.1-src.tgz.asc [OK]
lucene-5.3.0-src.tgz.asc [OK]
lucene-5.3.1-src.tgz.asc [OK]
lucene-5.3.2-src.tgz.asc [OK]
lucene-5.4.0-src.tgz.asc [OK]
lucene-5.4.1-src.tgz.asc [OK]
lucene-5.5.0-src.tgz.asc [OK]
lucene-5.5.1-src.tgz.asc [OK]
lucene-5.5.2-src.tgz.asc [OK]
lucene-5.5.3-src.tgz.asc [OK]
lucene-5.5.4-src.tgz.asc [OK]
lucene-5.5.5-src.tgz.asc [OK]
lucene-6.0.0-src.tgz.asc [OK]
lucene-6.0.1-src.tgz.asc [OK]
lucene-6.1.0-src.tgz.asc [OK]
lucene-6.2.0-src.tgz.asc [OK]
lucene-6.2.1-src.tgz.asc [OK]
lucene-6.3.0-src.tgz.asc [OK]
lucene-6.4.0-src.tgz.asc [OK]
lucene-6.4.1-src.tgz.asc [OK]
lucene-6.4.2-src.tgz.asc [OK]
lucene-6.5.0-src.tgz.asc [OK]
lucene-6.5.1-src.tgz.asc [OK]
lucene-6.6.0-src.tgz.asc [OK]
lucene-6.6.1-src.tgz.asc [OK]
lucene-6.6.2-src.tgz.asc [OK]
lucene-6.6.3-src.tgz.asc [OK]
lucene-7.0.0-src.tgz.asc [OK]
lucene-7.0.1-src.tgz.asc [OK]
lucene-7.1.0-src.tgz.asc [OK]
lucene-7.2.0-src.tgz.asc [OK]
lucene-7.2.1-src.tgz.asc [OK]
lucene-7.3.0-src.tgz.asc [OK]
solr-4.1.0-src.tgz.asc [OK]
solr-4.10.0-src.tgz.asc [OK]
solr-4.10.1-src.tgz.asc [OK]
solr-4.10.2-src.tgz.asc [OK]
solr-4.10.3-src.tgz.asc [OK]
solr-4.10.4-src.tgz.asc [OK]
solr-4.2.0-src.tgz.asc [OK]
solr-4.2.1-src.tgz.asc [OK]
solr-4.3.0-src.tgz.asc [OK]
solr-4.3.1-src.tgz.asc [OK]
solr-4.4.0-src.tgz.asc [OK]
solr-4.5.0-src.tgz.asc [OK]
solr-4.5.1-src.tgz.asc [OK]
solr-4.6.0-src.tgz.asc [OK]
solr-4.6.1-src.tgz.asc [OK]
solr-4.7.0-src.tgz.asc [OK]
solr-4.7.1-src.tgz.asc [OK]
solr-4.7.2-src.tgz.asc [OK]
solr-4.8.0-src.tgz.asc [OK]
solr-4.8.1-src.tgz.asc [OK]
solr-4.9.0-src.tgz.asc [OK]
solr-4.9.1-src.tgz.asc [OK]
solr-5.0.0-src.tgz.asc [OK]
solr-5.1.0-src.tgz.asc [OK]
solr-5.2.0-src.tgz.asc [OK]
solr-5.2.1-src.tgz.asc [OK]
solr-5.3.0-src.tgz.asc [OK]
solr-5.3.1-src.tgz.asc [OK]
solr-5.3.2-src.tgz.asc [OK]
solr-5.4.0-src.tgz.asc [OK]
solr-5.4.1-src.tgz.asc [OK]
solr-5.5.0-src.tgz.asc [OK]
solr-5.5.1-src.tgz.asc [OK]
solr-5.5.2-src.tgz.asc [OK]
solr-5.5.3-src.tgz.asc [OK]
solr-5.5.4-src.tgz.asc [OK]
solr-5.5.5-src.tgz.asc [OK]
solr-6.0.0-src.tgz.asc [OK]
solr-6.0.1-src.tgz.asc [OK]
solr-6.1.0-src.tgz.asc [OK]
solr-6.2.0-src.tgz.asc [OK]
solr-6.2.1-src.tgz.asc [OK]
solr-6.3.0-src.tgz.asc [OK]
solr-6.4.0-src.tgz.asc [OK]
solr-6.4.1-src.tgz.asc [OK]
solr-6.4.2-src.tgz.asc [OK]
solr-6.5.0-src.tgz.asc [OK]
solr-6.5.1-src.tgz.asc [OK]
solr-6.6.0-src.tgz.asc [OK]
solr-6.6.1-src.tgz.asc [OK]
solr-6.6.2-src.tgz.asc [OK]
solr-6.6.3-src.tgz.asc [OK]
solr-7.0.0-src.tgz.asc [OK]
solr-7.0.1-src.tgz.asc [OK]
solr-7.1.0-src.tgz.asc [OK]
solr-7.2.0-src.tgz.asc [OK]
solr-7.2.1-src.tgz.asc [OK]
solr-7.3.0-src.tgz.asc [OK]

SUMMARY
=======
Number of artifacts to check:      158
Number of artifacts checked :      158
Number of artifacts SUCCESS :      158
Number of artifacts FAILED  :        0

FAILED artifacts:
DONE
