#
# An unexpected error has been detected by Java Runtime Environment:
#
#  SIGSEGV (0xb) at pc=0x00002b740982e96f, pid=13693, tid=1078221120
#
# Java VM: Java HotSpot(TM) 64-Bit Server VM (11.2-b01 mixed mode linux-amd64)
# Problematic frame:
# V  [libjvm.so+0x1f996f]
#
# If you would like to submit a bug report, please visit:
#   http://java.sun.com/webapps/bugreport/crash.jsp
#

---------------  T H R E A D  ---------------

Current thread (0x000000005cb08c00):  JavaThread "CompilerThread0" daemon [_thread_in_vm, id=13711, stack(0x0000000040345000,0x0000000040446000)]

siginfo:si_signo=SIGSEGV: si_errno=0, si_code=1 (SEGV_MAPERR), si_addr=0x0000000000000000

Registers:
RAX=0x0000000000000000, RBX=0x000000005cb08c00, RCX=0x0000000000000000, RDX=0x00002aab78740c08
RSP=0x0000000040443060, RBP=0x00000000404430b0, RSI=0x00002aaab0c16638, RDI=0x00002aaaaaac2000
R8 =0x00002b7409e1f5b0, R9 =0x0000000000000ffc, R10=0x00002b7409e1f5b8, R11=0x00002b7409e23028
R12=0x00002aab8c008970, R13=0x00002aab803cdb30, R14=0x00000000404433f0, R15=0x00002aab8c008970
RIP=0x00002b740982e96f, EFL=0x0000000000010246, CSGSFS=0x0000000000000033, ERR=0x0000000000000004
  TRAPNO=0x000000000000000e

Top of Stack: (sp=0x0000000040443060)
0x0000000040443060:   000000005cb08c00 0000000000000000
0x0000000040443070:   00002aab803cdb30 0000000000000001
0x0000000040443080:   000000005cb08c00 0000000000000000
0x0000000040443090:   00000000404430e0 00002aab803cdb30
0x00000000404430a0:   00002aab803cdb30 00002aab8c008970
0x00000000404430b0:   00000000404430e0 00002b7409915424
0x00000000404430c0:   00002b7409e259b0 00002b7409e25af0
0x00000000404430d0:   00000000404433f0 00002aab80565c00
0x00000000404430e0:   00000000404431e0 00002b7409916918
0x00000000404430f0:   00002b7409e21bb0 00002aab8d7287f0
0x0000000040443100:   0000000040443a40 00002aab80565c00
0x0000000040443110:   00002aab80565448 0000000000000000
0x0000000040443120:   00002aab8d7287f0 00002aab80c2e960
0x0000000040443130:   00002aab80565c00 0000000040443a40
0x0000000040443140:   00002b7409e21bb0 00000000000007e3
0x0000000040443150:   0000000040443a40 00002aab80565c00
0x0000000040443160:   0000000040443190 00002b7409b46f2e
0x0000000040443170:   0000000040443a78 00002aab8d728780
0x0000000040443180:   00002b7409e259b0 00000000000007e3
0x0000000040443190:   00000000404431e0 00002b7409b4755f
0x00000000404431a0:   00000000000007e3 00002aab80565c00
0x00000000404431b0:   00002aab8d7286f0 00000000404444b0
0x00000000404431c0:   00002aab8d728780 00000000404433f0
0x00000000404431d0:   00002b7409e21bb0 000000005cb63070
0x00000000404431e0:   0000000040443260 00002b7409b3d3fd
0x00000000404431f0:   000000005cb61160 00002aab80c2dd48
0x0000000040443200:   0000000000000000 00002aab80c2e960
0x0000000040443210:   00000000404433f0 00002aab80c30d10
0x0000000040443220:   0000000000000003 00000000404434d0
0x0000000040443230:   01002aab3f666666 00002aab80c327c0
0x0000000040443240:   00000000000000e5 00000000404433f0
0x0000000040443250:   00000000404434d0 0000000000000090 

Instructions: (pc=0x00002b740982e96f)
0x00002b740982e95f:   48 89 5d b0 49 8b 55 08 49 8b 4c 24 08 48 8b 32
0x00002b740982e96f:   4c 8b 21 8b 4e 1c 49 8d 7c 24 10 89 cb 4a 39 34 

Stack: [0x0000000040345000,0x0000000040446000],  sp=0x0000000040443060,  free space=1016k
Native frames: (J=compiled Java code, j=interpreted, Vv=VM code, C=native code)
V  [libjvm.so+0x1f996f]
V  [libjvm.so+0x2e0424]
V  [libjvm.so+0x2e1918]
V  [libjvm.so+0x5083fd]
V  [libjvm.so+0x501b15]
V  [libjvm.so+0x4f91ca]
V  [libjvm.so+0x4f7057]
V  [libjvm.so+0x4f6f5c]
V  [libjvm.so+0x4f6bb5]
V  [libjvm.so+0x1de6b4]
V  [libjvm.so+0x2a17d0]
V  [libjvm.so+0x505f8d]
V  [libjvm.so+0x4f91ca]
V  [libjvm.so+0x4f7057]
V  [libjvm.so+0x4f6f5c]
V  [libjvm.so+0x4f6bb5]
V  [libjvm.so+0x1de6b4]
V  [libjvm.so+0x23e17a]
V  [libjvm.so+0x1ddf87]
V  [libjvm.so+0x2461d8]
V  [libjvm.so+0x245b76]
V  [libjvm.so+0x5c45b9]
V  [libjvm.so+0x5be4c1]
V  [libjvm.so+0x4e310a]


Current CompileTask:
C2:3155      org.apache.lucene.index.DocumentWriter.invertDocument(Lorg/apache/lucene/document/Document;)V (575 bytes)


---------------  P R O C E S S  ---------------

Java Threads: ( => current thread )
  0x00002aab881a1000 JavaThread "pool-4-thread-1" [_thread_blocked, id=24716, stack(0x0000000044006000,0x0000000044107000)]
  0x00002aab8843f400 JavaThread "Thread-569" [_thread_in_Java, id=24711, stack(0x0000000043e04000,0x0000000043f05000)]
  0x00002aab8819a800 JavaThread "Thread-568" [_thread_in_Java, id=24710, stack(0x0000000040120000,0x0000000040221000)]
  0x00002aab8876fc00 JavaThread "Thread-567" [_thread_in_Java, id=24706, stack(0x0000000043f05000,0x0000000044006000)]
  0x00002aab849f5000 JavaThread "Keep-Alive-Timer" daemon [_thread_blocked, id=24701, stack(0x0000000043d03000,0x0000000043e04000)]
  0x00002aab88145c00 JavaThread "pool-2-thread-1" [_thread_blocked, id=13173, stack(0x00000000410b7000,0x00000000411b8000)]
  0x00002aab886aa000 JavaThread "pool-6-thread-1" [_thread_blocked, id=16825, stack(0x00000000438ff000,0x0000000043a00000)]
  0x00002aab88380800 JavaThread "Timer-10" daemon [_thread_blocked, id=14397, stack(0x0000000043c02000,0x0000000043d03000)]
  0x00002aab8838d800 JavaThread "Timer-9" daemon [_thread_blocked, id=14394, stack(0x0000000043b01000,0x0000000043c02000)]
  0x00002aab88443000 JavaThread "Timer-8" daemon [_thread_blocked, id=14391, stack(0x0000000043a00000,0x0000000043b01000)]
  0x00002aab88445c00 JavaThread "Timer-7" daemon [_thread_blocked, id=14386, stack(0x000000004084a000,0x000000004094b000)]
  0x000000005d343000 JavaThread "Timer-6" daemon [_thread_blocked, id=14383, stack(0x00000000437fe000,0x00000000438ff000)]
  0x00002aab8855e400 JavaThread "Timer-5" daemon [_thread_blocked, id=14379, stack(0x0000000040b37000,0x0000000040c38000)]
  0x000000005cd6b000 JavaThread "http-8080-Processor8" daemon [_thread_in_native, id=14378, stack(0x00000000436fd000,0x00000000437fe000)]
  0x000000005cd0ec00 JavaThread "http-8080-Processor7" daemon [_thread_blocked, id=14377, stack(0x00000000435fc000,0x00000000436fd000)]
  0x000000005ce0f000 JavaThread "http-8080-Processor6" daemon [_thread_blocked, id=14376, stack(0x00000000434fb000,0x00000000435fc000)]
  0x000000005cd10800 JavaThread "http-8080-Processor5" daemon [_thread_blocked, id=14375, stack(0x00000000433fa000,0x00000000434fb000)]
  0x00002aab80006c00 JavaThread "http-8079-Processor5" daemon [_thread_in_native, id=14374, stack(0x00000000432f9000,0x00000000433fa000)]
  0x00002aab8038b400 JavaThread "http-8079-Processor4" daemon [_thread_blocked, id=14373, stack(0x00000000431f8000,0x00000000432f9000)]
  0x00002aab80243000 JavaThread "http-8079-Processor3" daemon [_thread_blocked, id=14372, stack(0x00000000430f7000,0x00000000431f8000)]
  0x00002aab80166c00 JavaThread "http-8079-Processor2" daemon [_thread_blocked, id=14371, stack(0x0000000042ff6000,0x00000000430f7000)]
  0x00002aab803c7400 JavaThread "http-8079-Processor1" daemon [_thread_blocked, id=14370, stack(0x0000000042ef5000,0x0000000042ff6000)]
  0x000000005cb45000 JavaThread "http-8080-Monitor" [_thread_blocked, id=14369, stack(0x0000000042df4000,0x0000000042ef5000)]
  0x000000005d2d3c00 JavaThread "http-8080-Processor4" daemon [_thread_in_native, id=14368, stack(0x0000000042cf3000,0x0000000042df4000)]
  0x000000005d2ce800 JavaThread "http-8080-Processor3" daemon [_thread_in_Java, id=14367, stack(0x0000000042bf2000,0x0000000042cf3000)]
  0x000000005cbe3400 JavaThread "http-8080-Processor2" daemon [_thread_blocked, id=14366, stack(0x0000000042af1000,0x0000000042bf2000)]
  0x000000005cbe3000 JavaThread "http-8080-Processor1" daemon [_thread_blocked, id=14365, stack(0x00000000429f0000,0x0000000042af1000)]
  0x00002aab78816400 JavaThread "ContainerBackgroundProcessor[StandardEngine[Catalina]]" daemon [_thread_blocked, id=14364, stack(0x00000000428ef000,0x00000000429f0000)]
  0x00002aab8038a800 JavaThread "pool-11-thread-1" [_thread_blocked, id=14363, stack(0x00000000427ee000,0x00000000428ef000)]
  0x00002aab80363000 JavaThread "pool-9-thread-1" [_thread_blocked, id=14361, stack(0x00000000426ed000,0x00000000427ee000)]
  0x00002aab803a5c00 JavaThread "Timer-4" daemon [_thread_blocked, id=14360, stack(0x00000000425ec000,0x00000000426ed000)]
  0x00002aab803c6c00 JavaThread "pool-7-thread-1" [_thread_blocked, id=14355, stack(0x00000000424eb000,0x00000000425ec000)]
  0x00002aab803d3c00 JavaThread "Timer-3" daemon [_thread_blocked, id=14354, stack(0x00000000423ea000,0x00000000424eb000)]
  0x00002aab80389c00 JavaThread "pool-5-thread-1" [_thread_blocked, id=14053, stack(0x00000000422e9000,0x00000000423ea000)]
  0x00002aab80389000 JavaThread "Timer-2" daemon [_thread_blocked, id=14052, stack(0x00000000421e8000,0x00000000422e9000)]
  0x00002aab80392c00 JavaThread "pool-3-thread-1" [_thread_blocked, id=14048, stack(0x000000004124f000,0x0000000041350000)]
  0x00002aab80392400 JavaThread "Timer-1" daemon [_thread_blocked, id=14047, stack(0x0000000040cb7000,0x0000000040db8000)]
  0x00002aab80315800 JavaThread "pool-1-thread-1" [_thread_blocked, id=14046, stack(0x0000000040fb6000,0x00000000410b7000)]
  0x00002aab802b4400 JavaThread "Timer-0" daemon [_thread_blocked, id=14045, stack(0x0000000040749000,0x000000004084a000)]
  0x000000005cf04400 JavaThread "MySQL Statement Cancellation Timer" daemon [_thread_blocked, id=13718, stack(0x00000000420e7000,0x00000000421e8000)]
  0x00002aab80195800 JavaThread "StatsListener-trafficStats" daemon [_thread_blocked, id=13717, stack(0x00000000413cf000,0x00000000414d0000)]
  0x00002aab80184400 JavaThread "Category List Reload" daemon [_thread_blocked, id=13716, stack(0x0000000041fe6000,0x00000000420e7000)]
  0x00002aab78002c00 JavaThread "CommunicatorServer" daemon [_thread_in_native, id=13714, stack(0x0000000040648000,0x0000000040749000)]
  0x000000005cb0f800 JavaThread "Low Memory Detector" daemon [_thread_blocked, id=13713, stack(0x0000000040547000,0x0000000040648000)]
  0x000000005cb0cc00 JavaThread "CompilerThread1" daemon [_thread_in_native, id=13712, stack(0x0000000040446000,0x0000000040547000)]
=>0x000000005cb08c00 JavaThread "CompilerThread0" daemon [_thread_in_vm, id=13711, stack(0x0000000040345000,0x0000000040446000)]
  0x000000005cb07000 JavaThread "Signal Dispatcher" daemon [_thread_blocked, id=13710, stack(0x0000000040244000,0x0000000040345000)]
  0x000000005cae3800 JavaThread "Finalizer" daemon [_thread_blocked, id=13709, stack(0x0000000041ee5000,0x0000000041fe6000)]
  0x000000005cae1c00 JavaThread "Reference Handler" daemon [_thread_blocked, id=13708, stack(0x0000000041de4000,0x0000000041ee5000)]
  0x000000005ca71400 JavaThread "main" [_thread_in_native, id=13695, stack(0x0000000040e3e000,0x0000000040f3f000)]

Other Threads:
  0x000000005cadc400 VMThread [stack: 0x0000000041ce3000,0x0000000041de4000] [id=13707]
  0x00002aab78027000 WatcherThread [stack: 0x000000004094f000,0x0000000040a50000] [id=13715]

VM state:not at safepoint (normal execution)

VM Mutex/Monitor currently owned by a thread: None

Heap
 PSYoungGen      total 932032K, used 774819K [0x00002aab33810000, 0x00002aab73750000, 0x00002aab73810000)
  eden space 836352K, 92% used [0x00002aab33810000,0x00002aab62cb0dc8,0x00002aab668d0000)
  from space 95680K, 0% used [0x00002aab668d0000,0x00002aab668d8000,0x00002aab6c640000)
  to   space 89152K, 0% used [0x00002aab6e040000,0x00002aab6e040000,0x00002aab73750000)
 PSOldGen        total 2097152K, used 1756991K [0x00002aaab3810000, 0x00002aab33810000, 0x00002aab33810000)
  object space 2097152K, 83% used [0x00002aaab3810000,0x00002aab1ebdfdd0,0x00002aab33810000)
 PSPermGen       total 41152K, used 40992K [0x00002aaaae410000, 0x00002aaab0c40000, 0x00002aaab3810000)
  object space 41152K, 99% used [0x00002aaaae410000,0x00002aaab0c18020,0x00002aaab0c40000)

Dynamic libraries:
40000000-40009000 r-xp 00000000 fd:00 2722103                            /usr/java/jdk1.6.0_12/bin/java
40108000-4010a000 rwxp 00008000 fd:00 2722103                            /usr/java/jdk1.6.0_12/bin/java
40120000-40123000 ---p 40120000 00:00 0 
40123000-40221000 rwxp 40123000 00:00 0 
40244000-40247000 ---p 40244000 00:00 0 
40247000-40345000 rwxp 40247000 00:00 0 
40345000-40348000 ---p 40345000 00:00 0 
40348000-40446000 rwxp 40348000 00:00 0 
40446000-40449000 ---p 40446000 00:00 0 
40449000-40547000 rwxp 40449000 00:00 0 
40547000-4054a000 ---p 40547000 00:00 0 
4054a000-40648000 rwxp 4054a000 00:00 0 
40648000-4064b000 ---p 40648000 00:00 0 
4064b000-40749000 rwxp 4064b000 00:00 0 
40749000-4074c000 ---p 40749000 00:00 0 
4074c000-4084a000 rwxp 4074c000 00:00 0 
4084a000-4084d000 ---p 4084a000 00:00 0 
4084d000-4094b000 rwxp 4084d000 00:00 0 
4094f000-40950000 ---p 4094f000 00:00 0 
40950000-40a50000 rwxp 40950000 00:00 0 
40b37000-40b3a000 ---p 40b37000 00:00 0 
40b3a000-40c38000 rwxp 40b3a000 00:00 0 
40cb7000-40cba000 ---p 40cb7000 00:00 0 
40cba000-40db8000 rwxp 40cba000 00:00 0 
40e3e000-40e41000 ---p 40e3e000 00:00 0 
40e41000-40f3f000 rwxp 40e41000 00:00 0 
40fb6000-40fb9000 ---p 40fb6000 00:00 0 
40fb9000-410b7000 rwxp 40fb9000 00:00 0 
410b7000-410ba000 ---p 410b7000 00:00 0 
410ba000-411b8000 rwxp 410ba000 00:00 0 
4124f000-41252000 ---p 4124f000 00:00 0 
41252000-41350000 rwxp 41252000 00:00 0 
413cf000-413d2000 ---p 413cf000 00:00 0 
413d2000-414d0000 rwxp 413d2000 00:00 0 
414db000-414dc000 ---p 414db000 00:00 0 
414dc000-415dc000 rwxp 414dc000 00:00 0 
415dc000-415dd000 ---p 415dc000 00:00 0 
415dd000-416dd000 rwxp 415dd000 00:00 0 
416dd000-416de000 ---p 416dd000 00:00 0 
416de000-417de000 rwxp 416de000 00:00 0 
417de000-417df000 ---p 417de000 00:00 0 
417df000-418df000 rwxp 417df000 00:00 0 
418df000-418e0000 ---p 418df000 00:00 0 
418e0000-419e0000 rwxp 418e0000 00:00 0 
419e0000-419e1000 ---p 419e0000 00:00 0 
419e1000-41ae1000 rwxp 419e1000 00:00 0 
41ae1000-41ae2000 ---p 41ae1000 00:00 0 
41ae2000-41be2000 rwxp 41ae2000 00:00 0 
41be2000-41be3000 ---p 41be2000 00:00 0 
41be3000-41ce3000 rwxp 41be3000 00:00 0 
41ce3000-41ce4000 ---p 41ce3000 00:00 0 
41ce4000-41de4000 rwxp 41ce4000 00:00 0 
41de4000-41de7000 ---p 41de4000 00:00 0 
41de7000-41ee5000 rwxp 41de7000 00:00 0 
41ee5000-41ee8000 ---p 41ee5000 00:00 0 
41ee8000-41fe6000 rwxp 41ee8000 00:00 0 
41fe6000-41fe9000 ---p 41fe6000 00:00 0 
41fe9000-420e7000 rwxp 41fe9000 00:00 0 
420e7000-420ea000 ---p 420e7000 00:00 0 
420ea000-421e8000 rwxp 420ea000 00:00 0 
421e8000-421eb000 ---p 421e8000 00:00 0 
421eb000-422e9000 rwxp 421eb000 00:00 0 
422e9000-422ec000 ---p 422e9000 00:00 0 
422ec000-423ea000 rwxp 422ec000 00:00 0 
423ea000-423ed000 ---p 423ea000 00:00 0 
423ed000-424eb000 rwxp 423ed000 00:00 0 
424eb000-424ee000 ---p 424eb000 00:00 0 
424ee000-425ec000 rwxp 424ee000 00:00 0 
425ec000-425ef000 ---p 425ec000 00:00 0 
425ef000-426ed000 rwxp 425ef000 00:00 0 
426ed000-426f0000 ---p 426ed000 00:00 0 
426f0000-427ee000 rwxp 426f0000 00:00 0 
427ee000-427f1000 ---p 427ee000 00:00 0 
427f1000-428ef000 rwxp 427f1000 00:00 0 
428ef000-428f2000 ---p 428ef000 00:00 0 
428f2000-429f0000 rwxp 428f2000 00:00 0 
429f0000-429f3000 ---p 429f0000 00:00 0 
429f3000-42af1000 rwxp 429f3000 00:00 0 
42af1000-42af4000 ---p 42af1000 00:00 0 
42af4000-42bf2000 rwxp 42af4000 00:00 0 
42bf2000-42bf5000 ---p 42bf2000 00:00 0 
42bf5000-42cf3000 rwxp 42bf5000 00:00 0 
42cf3000-42cf6000 ---p 42cf3000 00:00 0 
42cf6000-42df4000 rwxp 42cf6000 00:00 0 
42df4000-42df7000 ---p 42df4000 00:00 0 
42df7000-42ef5000 rwxp 42df7000 00:00 0 
42ef5000-42ef8000 ---p 42ef5000 00:00 0 
42ef8000-42ff6000 rwxp 42ef8000 00:00 0 
42ff6000-42ff9000 ---p 42ff6000 00:00 0 
42ff9000-430f7000 rwxp 42ff9000 00:00 0 
430f7000-430fa000 ---p 430f7000 00:00 0 
430fa000-431f8000 rwxp 430fa000 00:00 0 
431f8000-431fb000 ---p 431f8000 00:00 0 
431fb000-432f9000 rwxp 431fb000 00:00 0 
432f9000-432fc000 ---p 432f9000 00:00 0 
432fc000-433fa000 rwxp 432fc000 00:00 0 
433fa000-433fd000 ---p 433fa000 00:00 0 
433fd000-434fb000 rwxp 433fd000 00:00 0 
434fb000-434fe000 ---p 434fb000 00:00 0 
434fe000-435fc000 rwxp 434fe000 00:00 0 
435fc000-435ff000 ---p 435fc000 00:00 0 
435ff000-436fd000 rwxp 435ff000 00:00 0 
436fd000-43700000 ---p 436fd000 00:00 0 
43700000-437fe000 rwxp 43700000 00:00 0 
437fe000-43801000 ---p 437fe000 00:00 0 
43801000-438ff000 rwxp 43801000 00:00 0 
438ff000-43902000 ---p 438ff000 00:00 0 
43902000-43a00000 rwxp 43902000 00:00 0 
43a00000-43a03000 ---p 43a00000 00:00 0 
43a03000-43b01000 rwxp 43a03000 00:00 0 
43b01000-43b04000 ---p 43b01000 00:00 0 
43b04000-43c02000 rwxp 43b04000 00:00 0 
43c02000-43c05000 ---p 43c02000 00:00 0 
43c05000-43d03000 rwxp 43c05000 00:00 0 
43d03000-43d06000 ---p 43d03000 00:00 0 
43d06000-43e04000 rwxp 43d06000 00:00 0 
43e04000-43e07000 ---p 43e04000 00:00 0 
43e07000-43f05000 rwxp 43e07000 00:00 0 
43f05000-43f08000 ---p 43f05000 00:00 0 
43f08000-44006000 rwxp 43f08000 00:00 0 
44006000-44009000 ---p 44006000 00:00 0 
44009000-44107000 rwxp 44009000 00:00 0 
5ca69000-63c76000 rwxp 5ca69000 00:00 0 
3fcbc00000-3fcbc1a000 r-xp 00000000 fd:00 15794218                       /lib64/ld-2.5.so
3fcbe1a000-3fcbe1b000 r-xp 0001a000 fd:00 15794218                       /lib64/ld-2.5.so
3fcbe1b000-3fcbe1c000 rwxp 0001b000 fd:00 15794218                       /lib64/ld-2.5.so
3fcc000000-3fcc14a000 r-xp 00000000 fd:00 15794219                       /lib64/libc-2.5.so
3fcc14a000-3fcc34a000 ---p 0014a000 fd:00 15794219                       /lib64/libc-2.5.so
3fcc34a000-3fcc34e000 r-xp 0014a000 fd:00 15794219                       /lib64/libc-2.5.so
3fcc34e000-3fcc34f000 rwxp 0014e000 fd:00 15794219                       /lib64/libc-2.5.so
3fcc34f000-3fcc354000 rwxp 3fcc34f000 00:00 0 
3fcc400000-3fcc402000 r-xp 00000000 fd:00 15794220                       /lib64/libdl-2.5.so
3fcc402000-3fcc602000 ---p 00002000 fd:00 15794220                       /lib64/libdl-2.5.so
3fcc602000-3fcc603000 r-xp 00002000 fd:00 15794220                       /lib64/libdl-2.5.so
3fcc603000-3fcc604000 rwxp 00003000 fd:00 15794220                       /lib64/libdl-2.5.so
3fcc800000-3fcc882000 r-xp 00000000 fd:00 5570562                        /lib64/libm-2.5.so
3fcc882000-3fcca81000 ---p 00082000 fd:00 5570562                        /lib64/libm-2.5.so
3fcca81000-3fcca82000 r-xp 00081000 fd:00 5570562                        /lib64/libm-2.5.so
3fcca82000-3fcca83000 rwxp 00082000 fd:00 5570562                        /lib64/libm-2.5.so
3fccc00000-3fccc15000 r-xp 00000000 fd:00 15794224                       /lib64/libpthread-2.5.so
3fccc15000-3fcce14000 ---p 00015000 fd:00 15794224                       /lib64/libpthread-2.5.so
3fcce14000-3fcce15000 r-xp 00014000 fd:00 15794224                       /lib64/libpthread-2.5.so
3fcce15000-3fcce16000 rwxp 00015000 fd:00 15794224                       /lib64/libpthread-2.5.so
3fcce16000-3fcce1a000 rwxp 3fcce16000 00:00 0 
3fcd800000-3fcd807000 r-xp 00000000 fd:00 15794225                       /lib64/librt-2.5.so
3fcd807000-3fcda07000 ---p 00007000 fd:00 15794225                       /lib64/librt-2.5.so
3fcda07000-3fcda08000 r-xp 00007000 fd:00 15794225                       /lib64/librt-2.5.so
3fcda08000-3fcda09000 rwxp 00008000 fd:00 15794225                       /lib64/librt-2.5.so
3fce000000-3fce015000 r-xp 00000000 fd:00 5570580                        /lib64/libnsl-2.5.so
3fce015000-3fce214000 ---p 00015000 fd:00 5570580                        /lib64/libnsl-2.5.so
3fce214000-3fce215000 r-xp 00014000 fd:00 5570580                        /lib64/libnsl-2.5.so
3fce215000-3fce216000 rwxp 00015000 fd:00 5570580                        /lib64/libnsl-2.5.so
3fce216000-3fce218000 rwxp 3fce216000 00:00 0 
3fcf000000-3fcf011000 r-xp 00000000 fd:00 5570616                        /lib64/libresolv-2.5.so
3fcf011000-3fcf211000 ---p 00011000 fd:00 5570616                        /lib64/libresolv-2.5.so
3fcf211000-3fcf212000 r-xp 00011000 fd:00 5570616                        /lib64/libresolv-2.5.so
3fcf212000-3fcf213000 rwxp 00012000 fd:00 5570616                        /lib64/libresolv-2.5.so
3fcf213000-3fcf215000 rwxp 3fcf213000 00:00 0 
2aaaaaaab000-2aaaaaaac000 r-xs 00005000 fd:00 2298149                    /usr/local/apache-tomcat-5.5.23/bin/bootstrap.jar
2aaaaaaac000-2aaaaaaae000 r-xs 00001000 fd:00 2298161                    /usr/local/apache-tomcat-5.5.23/bin/commons-daemon.jar
2aaaaaaae000-2aaaaaab0000 r-xs 00005000 fd:00 2298173                    /usr/local/apache-tomcat-5.5.23/bin/commons-logging-api.jar
2aaaaaab0000-2aaaaaab2000 r-xs 00002000 fd:00 2298170                    /usr/local/apache-tomcat-5.5.23/bin/tomcat-juli.jar
2aaaaaab2000-2aaaaaab9000 r-xs 00110000 fd:00 2722417                    /usr/java/jdk1.6.0_12/jre/lib/resources.jar
2aaaaaab9000-2aaaaaaba000 r-xp 2aaaaaab9000 00:00 0 
2aaaaaac1000-2aaaaaac2000 r-xp 2aaaaaac1000 00:00 0 
2aaaaaac2000-2aaaaaac3000 rwxp 2aaaaaac2000 00:00 0 
2aaaaaac3000-2aaaaaaca000 r-xp 00000000 fd:00 2722355                    /usr/java/jdk1.6.0_12/jre/lib/amd64/native_threads/libhpi.so
2aaaaaaca000-2aaaaabcb000 ---p 00007000 fd:00 2722355                    /usr/java/jdk1.6.0_12/jre/lib/amd64/native_threads/libhpi.so
2aaaaabcb000-2aaaaabcd000 rwxp 00008000 fd:00 2722355                    /usr/java/jdk1.6.0_12/jre/lib/amd64/native_threads/libhpi.so
2aaaaabcd000-2aaaaabce000 rwxp 2aaaaabcd000 00:00 0 
2aaaaabce000-2aaaaabd6000 rwxs 00000000 fd:00 3244035                    /tmp/hsperfdata_solr/13693
2aaaaabe1000-2aaaaabeb000 r-xp 00000000 fd:00 5570587                    /lib64/libnss_files-2.5.so
2aaaaabeb000-2aaaaadea000 ---p 0000a000 fd:00 5570587                    /lib64/libnss_files-2.5.so
2aaaaadea000-2aaaaadeb000 r-xp 00009000 fd:00 5570587                    /lib64/libnss_files-2.5.so
2aaaaadeb000-2aaaaadec000 rwxp 0000a000 fd:00 5570587                    /lib64/libnss_files-2.5.so
2aaaaadec000-2aaaaadf5000 r-xp 00000000 fd:00 5570591                    /lib64/libnss_nis-2.5.so
2aaaaadf5000-2aaaaaff5000 ---p 00009000 fd:00 5570591                    /lib64/libnss_nis-2.5.so
2aaaaaff5000-2aaaaaff6000 r-xp 00009000 fd:00 5570591                    /lib64/libnss_nis-2.5.so
2aaaaaff6000-2aaaaaff7000 rwxp 0000a000 fd:00 5570591                    /lib64/libnss_nis-2.5.so
2aaaaaff7000-2aaaab004000 r-xp 00000000 fd:00 2722336                    /usr/java/jdk1.6.0_12/jre/lib/amd64/libverify.so
2aaaab004000-2aaaab103000 ---p 0000d000 fd:00 2722336                    /usr/java/jdk1.6.0_12/jre/lib/amd64/libverify.so
2aaaab103000-2aaaab106000 rwxp 0000c000 fd:00 2722336                    /usr/java/jdk1.6.0_12/jre/lib/amd64/libverify.so
2aaaab106000-2aaaab12f000 r-xp 00000000 fd:00 2722374                    /usr/java/jdk1.6.0_12/jre/lib/amd64/libjava.so
2aaaab12f000-2aaaab22e000 ---p 00029000 fd:00 2722374                    /usr/java/jdk1.6.0_12/jre/lib/amd64/libjava.so
2aaaab22e000-2aaaab235000 rwxp 00028000 fd:00 2722374                    /usr/java/jdk1.6.0_12/jre/lib/amd64/libjava.so
2aaaab235000-2aaaab243000 r-xp 00000000 fd:00 2722366                    /usr/java/jdk1.6.0_12/jre/lib/amd64/libzip.so
2aaaab243000-2aaaab345000 ---p 0000e000 fd:00 2722366                    /usr/java/jdk1.6.0_12/jre/lib/amd64/libzip.so
2aaaab345000-2aaaab348000 rwxp 00010000 fd:00 2722366                    /usr/java/jdk1.6.0_12/jre/lib/amd64/libzip.so
2aaaab348000-2aaaac1c9000 rwxp 2aaaab348000 00:00 0 
2aaaac1c9000-2aaaae349000 rwxp 2aaaac1c9000 00:00 0 
2aaaae349000-2aaaae383000 rwxp 2aaaae349000 00:00 0 
2aaaae383000-2aaaae409000 rwxp 2aaaae383000 00:00 0 
2aaaae410000-2aaab0c40000 rwxp 2aaaae410000 00:00 0 
2aaab0c40000-2aaab3810000 rwxp 2aaab0c40000 00:00 0 
2aaab3810000-2aab33810000 rwxp 2aaab3810000 00:00 0 
2aab33810000-2aab73750000 rwxp 2aab33810000 00:00 0 
2aab73750000-2aab73810000 rwxp 2aab73750000 00:00 0 
2aab73810000-2aab73825000 rwxp 2aab73810000 00:00 0 
2aab73825000-2aab7383a000 rwxp 2aab73825000 00:00 0 
2aab7383a000-2aab73c3a000 rwxp 2aab7383a000 00:00 0 
2aab73c3a000-2aab73e3a000 rwxp 2aab73c3a000 00:00 0 
2aab73e3a000-2aab7423b000 rwxp 2aab73e3a000 00:00 0 
2aab7423b000-2aab74250000 rwxp 2aab7423b000 00:00 0 
2aab74250000-2aab74265000 rwxp 2aab74250000 00:00 0 
2aab74265000-2aab7428d000 rwxp 2aab74265000 00:00 0 
2aab7428d000-2aab7441e000 r-xs 02f2d000 fd:00 2722320                    /usr/java/jdk1.6.0_12/jre/lib/rt.jar
2aab7441e000-2aab7457a000 rwxp 2aab7441e000 00:00 0 
2aab7457a000-2aab77b4a000 r-xp 00000000 fd:00 1136968                    /usr/lib/locale/locale-archive
2aab77b4a000-2aab77b50000 r-xp 00000000 fd:00 2722358                    /usr/java/jdk1.6.0_12/jre/lib/amd64/libmanagement.so
2aab77b50000-2aab77c4f000 ---p 00006000 fd:00 2722358                    /usr/java/jdk1.6.0_12/jre/lib/amd64/libmanagement.so
2aab77c4f000-2aab77c51000 rwxp 00005000 fd:00 2722358                    /usr/java/jdk1.6.0_12/jre/lib/amd64/libmanagement.so
2aab77c51000-2aab77c64000 r-xp 00000000 fd:00 2722335                    /usr/java/jdk1.6.0_12/jre/lib/amd64/libnet.so
2aab77c64000-2aab77d65000 ---p 00013000 fd:00 2722335                    /usr/java/jdk1.6.0_12/jre/lib/amd64/libnet.so
2aab77d65000-2aab77d68000 rwxp 00014000 fd:00 2722335                    /usr/java/jdk1.6.0_12/jre/lib/amd64/libnet.so
2aab77d68000-2aab77d6a000 r-xs 00006000 fd:00 2298069                    /usr/local/apache-tomcat-5.5.23/common/i18n/tomcat-i18n-fr.jar
2aab77d6a000-2aab77d6c000 r-xs 00008000 fd:00 2298066                    /usr/local/apache-tomcat-5.5.23/common/i18n/tomcat-i18n-en.jar
2aab77d6c000-2aab77d6e000 r-xs 00007000 fd:00 2298067                    /usr/local/apache-tomcat-5.5.23/common/i18n/tomcat-i18n-es.jar
2aab77d6e000-2aab77d70000 r-xs 00007000 fd:00 2298068                    /usr/local/apache-tomcat-5.5.23/common/i18n/tomcat-i18n-ja.jar
2aab77d70000-2aab77d72000 r-xs 0000b000 fd:00 2298073                    /usr/local/apache-tomcat-5.5.23/common/lib/jsp-api.jar
2aab77d72000-2aab77d74000 r-xs 00011000 fd:00 2298080                    /usr/local/apache-tomcat-5.5.23/common/lib/jasper-runtime.jar
2aab77d74000-2aab77d75000 r-xs 00003000 fd:00 2293765                    /usr/local/apache-tomcat-5.5.23/common/lib/slf4j-api-1.4.3.jar
2aab77d75000-2aab77d7a000 r-xs 0005f000 fd:00 2298074                    /usr/local/apache-tomcat-5.5.23/common/lib/jasper-compiler.jar
2aab77d7a000-2aab77d7c000 r-xs 0000a000 fd:00 2298072                    /usr/local/apache-tomcat-5.5.23/common/lib/naming-resources.jar
2aab77d7c000-2aab77d7d000 r-xs 00007000 fd:00 2298076                    /usr/local/apache-tomcat-5.5.23/common/lib/naming-factory.jar
2aab77d7d000-2aab77d80000 r-xs 00016000 fd:00 2298075                    /usr/local/apache-tomcat-5.5.23/common/lib/servlet-api.jar
2aab77d80000-2aab77d83000 r-xs 00025000 fd:00 2298079                    /usr/local/apache-tomcat-5.5.23/common/lib/naming-factory-dbcp.jar
2aab77d83000-2aab77d85000 r-xs 00001000 fd:00 2293766                    /usr/local/apache-tomcat-5.5.23/common/lib/slf4j-jdk14-1.4.3.jar
2aab77d85000-2aab77d87000 r-xs 0000d000 fd:00 2293762                    /usr/local/apache-tomcat-5.5.23/common/lib/commons-logging-1.1.1.jar
2aab77d87000-2aab77d89000 r-xs 0001c000 fd:00 2293761                    /usr/local/apache-tomcat-5.5.23/common/lib/commons-dbcp-1.2.2.jar
2aab77d89000-2aab77d8a000 r-xs 0048f000 fd:00 2293767                    /usr/local/apache-tomcat-5.5.23/common/lib/zvents_common.jar
2aab77d8a000-2aab77d91000 r-xs 000a5000 fd:00 2293764                    /usr/local/apache-tomcat-5.5.23/common/lib/mysql-connector-java-5.1.6-bin.jar
2aab77d91000-2aab77d9c000 r-xs 0011e000 fd:00 2298078                    /usr/local/apache-tomcat-5.5.23/common/lib/jasper-compiler-jdt.jar
2aab77d9c000-2aab77dbc000 r-xs 00223000 fd:00 2293763                    /usr/local/apache-tomcat-5.5.23/common/lib/hadoop-0.19.0-core.jar
2aab77dbc000-2aab77dbf000 r-xs 00019000 fd:00 2298077                    /usr/local/apache-tomcat-5.5.23/common/lib/commons-el.jar
2aab77dbf000-2aab77dc1000 r-xs 00023000 fd:00 2298128                    /usr/local/apache-tomcat-5.5.23/server/lib/tomcat-ajp.jar
2aab77dc1000-2aab77dc2000 r-xs 00005000 fd:00 2298141                    /usr/local/apache-tomcat-5.5.23/server/lib/servlets-webdav.jar
2aab77dc2000-2aab77dc5000 r-xs 00018000 fd:00 2298135                    /usr/local/apache-tomcat-5.5.23/server/lib/commons-modeler-2.0.jar
2aab77dc5000-2aab77dc7000 r-xs 00014000 fd:00 2298124                    /usr/local/apache-tomcat-5.5.23/server/lib/tomcat-http.jar
2aab77dc7000-2aab77dc8000 r-xs 00005000 fd:00 2298140                    /usr/local/apache-tomcat-5.5.23/server/lib/catalina-ant-jmx.jar
2aab77dc8000-2aab77dc9000 r-xs 00001000 fd:00 2293773                    /usr/local/apache-tomcat-5.5.23/server/lib/zvents_server.jar
2aab77dc9000-2aab77dce000 r-xs 0003a000 fd:00 2298126                    /usr/local/apache-tomcat-5.5.23/server/lib/tomcat-util.jar
2aab77dce000-2aab77dd0000 r-xs 00005000 fd:00 2298134                    /usr/local/apache-tomcat-5.5.23/server/lib/tomcat-apr.jar
2aab77dd0000-2aab77dd4000 r-xs 00031000 fd:00 2298133                    /usr/local/apache-tomcat-5.5.23/server/lib/catalina-cluster.jar
2aab77dd4000-2aab77dd6000 r-xs 00006000 fd:00 2298131                    /usr/local/apache-tomcat-5.5.23/server/lib/tomcat-jkstatus-ant.jar
2aab77dd6000-2aab77dd7000 r-xs 00004000 fd:00 2298129                    /usr/local/apache-tomcat-5.5.23/server/lib/tomcat-coyote.jar
2aab77dd7000-2aab77dd9000 r-xs 00005000 fd:00 2298137                    /usr/local/apache-tomcat-5.5.23/server/lib/catalina-ant.jar
2aab77dd9000-2aab77de2000 r-xs 00097000 fd:00 2298139                    /usr/local/apache-tomcat-5.5.23/server/lib/catalina.jar
2aab77de2000-2aab77de3000 r-xs 00001000 fd:00 2298132                    /usr/local/apache-tomcat-5.5.23/server/lib/servlets-invoker.jar
2aab77de3000-2aab77de6000 r-xs 0001a000 fd:00 2298127                    /usr/local/apache-tomcat-5.5.23/server/lib/catalina-optional.jar
2aab77de6000-2aab77de7000 r-xs 00004000 fd:00 2298125                    /usr/local/apache-tomcat-5.5.23/server/lib/servlets-default.jar
2aab77de7000-2aab77de9000 r-xs 0000e000 fd:00 2298136                    /usr/local/apache-tomcat-5.5.23/server/lib/catalina-storeconfig.jar
2aab77de9000-2aab77dec000 r-xs 000cb000 fd:00 2722406                    /usr/java/jdk1.6.0_12/jre/lib/ext/localedata.jar
2aab77dec000-2aab77df3000 r-xs 00091000 fd:00 2722414                    /usr/java/jdk1.6.0_12/jre/lib/jsse.jar
2aab77df3000-2aab77dfa000 r-xp 00000000 fd:00 2722357                    /usr/java/jdk1.6.0_12/jre/lib/amd64/libnio.so
2aab77dfa000-2aab77ef9000 ---p 00007000 fd:00 2722357                    /usr/java/jdk1.6.0_12/jre/lib/amd64/libnio.so
2aab77ef9000-2aab77efb000 rwxp 00006000 fd:00 2722357                    /usr/java/jdk1.6.0_12/jre/lib/amd64/libnio.so
2aab77efb000-2aab77f06000 r-xs 00085000 fd:00 34406931                   /var/search/catbase/webapps/movie_prod/WEB-INF/lib/apache-solr-1.2.1-dev.jar
2aab77f06000-2aab77f09000 r-xs 00088000 fd:00 34406915                   /var/search/catbase/webapps/movie_prod/WEB-INF/lib/bufr-1.4.jar
2aab77f09000-2aab77f12000 r-xs 0006f000 fd:00 34406916                   /var/search/catbase/webapps/movie_prod/WEB-INF/lib/c3p0-0.9.0.2.jar
2aab77f12000-2aab77f14000 r-xs 0000a000 fd:00 34406932                   /var/search/catbase/webapps/movie_prod/WEB-INF/lib/commons-codec-1.3.jar
2aab77f14000-2aab77f15000 r-xs 00004000 fd:00 34406933                   /var/search/catbase/webapps/movie_prod/WEB-INF/lib/commons-csv-0.1-SNAPSHOT.jar
2aab77f15000-2aab77f17000 r-xs 0000b000 fd:00 34406934                   /var/search/catbase/webapps/movie_prod/WEB-INF/lib/commons-fileupload-1.2.jar
2aab77f17000-2aab77f1c000 r-xs 00040000 fd:00 34406917                   /var/search/catbase/webapps/movie_prod/WEB-INF/lib/commons-httpclient-3.0.1.jar
2aab77f1c000-2aab77f22000 r-xs 00045000 fd:00 34406918                   /var/search/catbase/webapps/movie_prod/WEB-INF/lib/commons-httpclient-3.1.jar
2aab77f22000-2aab77f25000 r-xs 0000e000 fd:00 34406935                   /var/search/catbase/webapps/movie_prod/WEB-INF/lib/commons-io-1.2.jar
2aab77f25000-2aab77f29000 r-xs 0002f000 fd:00 34406919                   /var/search/catbase/webapps/movie_prod/WEB-INF/lib/commons-lang-2.1.jar
2aab77f29000-2aab77f2d000 r-xs 00048000 fd:00 34406920                   /var/search/catbase/webapps/movie_prod/WEB-INF/lib/grib-6.0.jar
2aab77f2d000-2aab77f2f000 r-xs 00003000 fd:00 34406936                   /var/search/catbase/webapps/movie_prod/WEB-INF/lib/jstl.jar
2aab77f2f000-2aab77f33000 r-xs 0001a000 fd:00 34406921                   /var/search/catbase/webapps/movie_prod/WEB-INF/lib/junit.jar
2aab77f33000-2aab77f35000 r-xs 00011000 fd:00 34406922                   /var/search/catbase/webapps/movie_prod/WEB-INF/lib/jyaml-1.3.jar
2aab77f35000-2aab77f37000 r-xs 0000f000 fd:00 34406937                   /var/search/catbase/webapps/movie_prod/WEB-INF/lib/lucene-analyzers-2007-05-20_00-04-53.jar
2aab77f37000-2aab77f41000 r-xs 0006f000 fd:00 34406938                   /var/search/catbase/webapps/movie_prod/WEB-INF/lib/lucene-core-2007-05-20_00-04-53.jar
2aab77f41000-2aab77f42000 r-xs 00005000 fd:00 34406939                   /var/search/catbase/webapps/movie_prod/WEB-INF/lib/lucene-highlighter-2007-05-20_00-04-53.jar
2aab77f42000-2aab77f43000 r-xs 00014000 fd:00 34406940                   /var/search/catbase/webapps/movie_prod/WEB-INF/lib/lucene-snowball-2007-05-20_00-04-53.jar
2aab77f43000-2aab77f44000 r-xs 00002000 fd:00 34406941                   /var/search/catbase/webapps/movie_prod/WEB-INF/lib/lucene-spellchecker-2007-05-20_00-04-53.jar
2aab77f44000-2aab77f5d000 r-xs 0021f000 fd:00 34406923                   /var/search/catbase/webapps/movie_prod/WEB-INF/lib/netcdf-2.2.22.jar
2aab77f5d000-2aab77f5e000 r-xs 00003000 fd:00 34406924                   /var/search/catbase/webapps/movie_prod/WEB-INF/lib/slf4j-api-1.4.3.jar
2aab77f5e000-2aab77f60000 r-xs 00001000 fd:00 34406925                   /var/search/catbase/webapps/movie_prod/WEB-INF/lib/slf4j-jdk14-1.4.3.jar
2aab77f60000-2aab77f68000 r-xs 00040000 fd:00 34406942                   /var/search/catbase/webapps/movie_prod/WEB-INF/lib/standard.jar
2aab77f68000-2aab77f6b000 r-xs 0001b000 fd:00 34406943                   /var/search/catbase/webapps/movie_prod/WEB-INF/lib/xpp3-1.1.3.4.O.jar
2aab77f6b000-2aab77f75000 r-xs 0009d000 fd:00 34406926                   /var/search/catbase/webapps/movie_prod/WEB-INF/lib/zplug.jar
2aab78000000-2aab7b69c000 rwxp 2aab78000000 00:00 0 
2aab7b69c000-2aab7c000000 ---p 2aab7b69c000 00:00 0 
2aab7c000000-2aab7c301000 rwxp 2aab7c000000 00:00 0 
2aab7c301000-2aab7c305000 r-xp 00000000 fd:00 5570585                    /lib64/libnss_dns-2.5.so
2aab7c305000-2aab7c504000 ---p 00004000 fd:00 5570585                    /lib64/libnss_dns-2.5.so
2aab7c504000-2aab7c505000 r-xp 00003000 fd:00 5570585                    /lib64/libnss_dns-2.5.so
2aab7c505000-2aab7c506000 rwxp 00004000 fd:00 5570585                    /lib64/libnss_dns-2.5.so
2aab80000000-2aab83eef000 rwxp 2aab80000000 00:00 0 
2aab83eef000-2aab84000000 ---p 2aab83eef000 00:00 0 
2aab84000000-2aab8744a000 rwxp 2aab84000000 00:00 0 
2aab8744a000-2aab88000000 ---p 2aab8744a000 00:00 0 
2aab88000000-2aab8a6a0000 rwxp 2aab88000000 00:00 0 
2aab8a6a0000-2aab8c000000 ---p 2aab8a6a0000 00:00 0 
2aab8c000000-2aab8e67c000 rwxp 2aab8c000000 00:00 0 
2aab8e67c000-2aab90000000 ---p 2aab8e67c000 00:00 0 
2b7409514000-2b7409515000 rwxp 2b7409514000 00:00 0 
2b7409528000-2b7409529000 rwxp 2b7409528000 00:00 0 
2b7409529000-2b7409530000 r-xp 00000000 fd:00 2722329                    /usr/java/jdk1.6.0_12/jre/lib/amd64/jli/libjli.so
2b7409530000-2b7409631000 ---p 00007000 fd:00 2722329                    /usr/java/jdk1.6.0_12/jre/lib/amd64/jli/libjli.so
2b7409631000-2b7409633000 rwxp 00008000 fd:00 2722329                    /usr/java/jdk1.6.0_12/jre/lib/amd64/jli/libjli.so
2b7409633000-2b7409635000 rwxp 2b7409633000 00:00 0 
2b7409635000-2b7409cc2000 r-xp 00000000 fd:00 2722352                    /usr/java/jdk1.6.0_12/jre/lib/amd64/server/libjvm.so
2b7409cc2000-2b7409dc1000 ---p 0068d000 fd:00 2722352                    /usr/java/jdk1.6.0_12/jre/lib/amd64/server/libjvm.so
2b7409dc1000-2b7409f12000 rwxp 0068c000 fd:00 2722352                    /usr/java/jdk1.6.0_12/jre/lib/amd64/server/libjvm.so
2b7409f12000-2b7409f4f000 rwxp 2b7409f12000 00:00 0 
7fffa1581000-7fffa1596000 rwxp 7fffa1581000 00:00 0                      [stack]
ffffffffff600000-ffffffffffe00000 ---p 00000000 00:00 0                  [vdso]

VM Arguments:
jvm_args: -Xmx3072m -Dcom.sun.management.snmp.port=8061 -Dcom.sun.management.snmp.acl.file=/etc/javasnmp.acl -Dcom.sun.management.snmp.trap=8062 -Djava.util.logging.manager=org.apache.juli.ClassLoaderLogManager -Djava.util.logging.config.file=/var/search/catbase/conf/logging.properties -Djava.endorsed.dirs=/usr/local/apache-tomcat-5.5.23/common/endorsed -Dcatalina.base=/var/search/catbase -Dcatalina.home=/usr/local/apache-tomcat-5.5.23 -Djava.io.tmpdir=/var/search/catbase/temp 
java_command: org.apache.catalina.startup.Bootstrap start
Launcher Type: SUN_STANDARD

Environment Variables:
JAVA_HOME=/usr/java/current
JRE_HOME=/usr/java/current
PATH=/sbin:/usr/sbin:/bin:/usr/bin
LD_LIBRARY_PATH=/usr/java/jdk1.6.0_12/jre/lib/amd64/server:/usr/java/jdk1.6.0_12/jre/lib/amd64:/usr/java/jdk1.6.0_12/jre/../lib/amd64
SHELL=/bin/sh

Signal Handlers:
SIGSEGV: [libjvm.so+0x5fcd20], sa_mask[0]=0x7ffbfeff, sa_flags=0x10000004
SIGBUS: [libjvm.so+0x5fcd20], sa_mask[0]=0x7ffbfeff, sa_flags=0x10000004
SIGFPE: [libjvm.so+0x4e0eb0], sa_mask[0]=0x7ffbfeff, sa_flags=0x10000004
SIGPIPE: [libjvm.so+0x4e0eb0], sa_mask[0]=0x7ffbfeff, sa_flags=0x10000004
SIGXFSZ: [libjvm.so+0x4e0eb0], sa_mask[0]=0x7ffbfeff, sa_flags=0x10000004
SIGILL: [libjvm.so+0x4e0eb0], sa_mask[0]=0x7ffbfeff, sa_flags=0x10000004
SIGUSR1: SIG_DFL, sa_mask[0]=0x00000000, sa_flags=0x00000000
SIGUSR2: [libjvm.so+0x4e35d0], sa_mask[0]=0x00000000, sa_flags=0x10000004
SIGHUP: [libjvm.so+0x4e3320], sa_mask[0]=0x7ffbfeff, sa_flags=0x10000004
SIGINT: SIG_IGN, sa_mask[0]=0x00000000, sa_flags=0x00000000
SIGTERM: [libjvm.so+0x4e3320], sa_mask[0]=0x7ffbfeff, sa_flags=0x10000004
SIGQUIT: [libjvm.so+0x4e3320], sa_mask[0]=0x7ffbfeff, sa_flags=0x10000004


---------------  S Y S T E M  ---------------

OS:CentOS release 5.2 (Final)

uname:Linux 2.6.18-92.1.22.el5 #1 SMP Tue Dec 16 11:57:43 EST 2008 x86_64
libc:glibc 2.5 NPTL 2.5 
rlimit: STACK 10240k, CORE 0k, NPROC 139264, NOFILE 65536, AS infinity
load average:5.94 4.61 4.14

CPU:total 8 (4 cores per cpu, 1 threads per core) family 6 model 7 stepping 6, cmov, cx8, fxsr, mmx, sse, sse2, sse3, ssse3

Memory: 4k page, physical 16432228k(208404k free), swap 2031608k(1568356k free)

vm_info: Java HotSpot(TM) 64-Bit Server VM (11.2-b01) for linux-amd64 JRE (1.6.0_12-ea-b03), built on Dec 22 2008 00:59:26 by "java_re" with gcc 3.2.2 (SuSE Linux)

time: Mon Oct 12 02:54:41 2009
elapsed time: 7713 seconds

