[http-8080-1,system] 2013-07-19 17:01:24,904 DEBUG pl.CONTEXT.web.filter.ForceUtfFilter - Beginning request for: http://localhost:8080/APPLICATION/edit
2013-07-19 17:01:24 org.apache.tomcat.util.http.Parameters processParameters
WARNING: Parameters: Invalid chunk ignored.
[http-8080-1,admin] 2013-07-19 17:01:24,974 DEBUG pl.CONTEXT.features.APPLICATION.cloud.search.LuceneWriterContext - Lucene context executor for customer: APPLICATION assigned (1 assignments)
[Hibernate Search: Shared directory writer-1,system] 2013-07-19 17:01:24,974 DEBUG pl.CONTEXT.features.APPLICATION.cloud.search.PerDPQueueProcessor - Opening an IndexWriter for update
IW 0 [Fri Jul 19 17:01:24 CEST 2013; Hibernate Search: Shared directory writer-1]: commit: start
IW 0 [Fri Jul 19 17:01:24 CEST 2013; Hibernate Search: Shared directory writer-1]: commit: enter lock
IW 0 [Fri Jul 19 17:01:24 CEST 2013; Hibernate Search: Shared directory writer-1]: commit: now prepare
IW 0 [Fri Jul 19 17:01:24 CEST 2013; Hibernate Search: Shared directory writer-1]: prepareCommit: flush
IW 0 [Fri Jul 19 17:01:24 CEST 2013; Hibernate Search: Shared directory writer-1]: now trigger flush reason=explicit flush
IW 0 [Fri Jul 19 17:01:24 CEST 2013; Hibernate Search: Shared directory writer-1]:   start flush: applyAllDeletes=true
IW 0 [Fri Jul 19 17:01:24 CEST 2013; Hibernate Search: Shared directory writer-1]:   index before flush _7(3.1):C1/1 _8(3.1):C1/1 _9(3.1):C1/1 _a(3.1):C1/1 _b(3.1):C1
IW 0 [Fri Jul 19 17:01:24 CEST 2013; Hibernate Search: Shared directory writer-1]: DW: flush postings as segment _c numDocs=1
IW 0 [Fri Jul 19 17:01:24 CEST 2013; Hibernate Search: Shared directory writer-1]: DW: new segment has no vectors
IW 0 [Fri Jul 19 17:01:24 CEST 2013; Hibernate Search: Shared directory writer-1]: DW: flushedFiles=[_c.fdt, _c.tis, _c.prx, _c.nrm, _c.fnm, _c.tii, _c.fdx, _c.frq]
IW 0 [Fri Jul 19 17:01:24 CEST 2013; Hibernate Search: Shared directory writer-1]: DW: flush: segment=_c(3.1):C1
IW 0 [Fri Jul 19 17:01:24 CEST 2013; Hibernate Search: Shared directory writer-1]: DW:   ramUsed=0.095 MB newFlushedSize=0 MB (0 MB w/o doc stores) docs/MB=2,576.354 new/old=0.313%
IW 0 [Fri Jul 19 17:01:24 CEST 2013; Hibernate Search: Shared directory writer-1]: DW: flush: push buffered deletes to newSegment
BD 0 [Fri Jul 19 17:01:24 CEST 2013; Hibernate Search: Shared directory writer-1]: BD push deletes seg=_c(3.1):C1 dels= 1 deleted terms (unique count=1) bytesUsed=130
IW 0 [Fri Jul 19 17:01:24 CEST 2013; Hibernate Search: Shared directory writer-1]: DW: flush time 3 msec
IFD [Fri Jul 19 17:01:24 CEST 2013; Hibernate Search: Shared directory writer-1]: now checkpoint "segments_d" [6 segments ; isCommit = false]
IW 0 [Fri Jul 19 17:01:24 CEST 2013; Hibernate Search: Shared directory writer-1]: apply all deletes during flush
BD 0 [Fri Jul 19 17:01:24 CEST 2013; Hibernate Search: Shared directory writer-1]: BD applyDeletes: applyInfos=[_7(3.1):C1/1, _8(3.1):C1/1, _9(3.1):C1/1, _a(3.1):C1/1, _b(3.1):C1, _c(3.1):C1]; index=[_7(3.1):C1/1, _8(3.1):C1/1, _9(3.1):C1/1, _a(3.1):C1/1, _b(3.1):C1, _c(3.1):C1]
BD 0 [Fri Jul 19 17:01:24 CEST 2013; Hibernate Search: Shared directory writer-1]: BD applyDeletes: seg=_c(3.1):C1 segment's deletes=[ 1 deleted terms (unique count=1) bytesUsed=130]; coalesced deletes=[null]
BD 0 [Fri Jul 19 17:01:24 CEST 2013; Hibernate Search: Shared directory writer-1]: BD deletes touched 0 docIDs
BD 0 [Fri Jul 19 17:01:24 CEST 2013; Hibernate Search: Shared directory writer-1]: BD applyDeletes: seg=_b(3.1):C1 segment's deletes=[null]; coalesced deletes=[ 1 deleted terms (unique count=1) bytesUsed=128]
BD 0 [Fri Jul 19 17:01:24 CEST 2013; Hibernate Search: Shared directory writer-1]: BD deletes touched 1 docIDs
BD 0 [Fri Jul 19 17:01:24 CEST 2013; Hibernate Search: Shared directory writer-1]: BD applyDeletes: seg=_a(3.1):C1/1 segment's deletes=[null]; coalesced deletes=[ 1 deleted terms (unique count=1) bytesUsed=128]
BD 0 [Fri Jul 19 17:01:24 CEST 2013; Hibernate Search: Shared directory writer-1]: BD deletes touched 0 docIDs
BD 0 [Fri Jul 19 17:01:24 CEST 2013; Hibernate Search: Shared directory writer-1]: BD applyDeletes: seg=_9(3.1):C1/1 segment's deletes=[null]; coalesced deletes=[ 1 deleted terms (unique count=1) bytesUsed=128]
BD 0 [Fri Jul 19 17:01:24 CEST 2013; Hibernate Search: Shared directory writer-1]: BD deletes touched 0 docIDs
BD 0 [Fri Jul 19 17:01:24 CEST 2013; Hibernate Search: Shared directory writer-1]: BD applyDeletes: seg=_8(3.1):C1/1 segment's deletes=[null]; coalesced deletes=[ 1 deleted terms (unique count=1) bytesUsed=128]
BD 0 [Fri Jul 19 17:01:24 CEST 2013; Hibernate Search: Shared directory writer-1]: BD deletes touched 0 docIDs
BD 0 [Fri Jul 19 17:01:24 CEST 2013; Hibernate Search: Shared directory writer-1]: BD applyDeletes: seg=_7(3.1):C1/1 segment's deletes=[null]; coalesced deletes=[ 1 deleted terms (unique count=1) bytesUsed=128]
BD 0 [Fri Jul 19 17:01:24 CEST 2013; Hibernate Search: Shared directory writer-1]: BD deletes touched 0 docIDs
BD 0 [Fri Jul 19 17:01:24 CEST 2013; Hibernate Search: Shared directory writer-1]: BD applyDeletes took 7 msec
IFD [Fri Jul 19 17:01:24 CEST 2013; Hibernate Search: Shared directory writer-1]: now checkpoint "segments_d" [6 segments ; isCommit = false]
IW 0 [Fri Jul 19 17:01:24 CEST 2013; Hibernate Search: Shared directory writer-1]: clearFlushPending
IW 0 [Fri Jul 19 17:01:24 CEST 2013; Hibernate Search: Shared directory writer-1]: LMP: findMerges: 6 segments
IW 0 [Fri Jul 19 17:01:24 CEST 2013; Hibernate Search: Shared directory writer-1]: LMP:   level -1.0 to 2.6095943: 6 segments
IW 0 [Fri Jul 19 17:01:24 CEST 2013; Hibernate Search: Shared directory writer-1]: startCommit(): start
IW 0 [Fri Jul 19 17:01:24 CEST 2013; Hibernate Search: Shared directory writer-1]: startCommit index=_7(3.1):C1/1 _8(3.1):C1/1 _9(3.1):C1/1 _a(3.1):C1/1 _b(3.1):C1/1 _c(3.1):C1 changeCount=15
IW 0 [Fri Jul 19 17:01:24 CEST 2013; Hibernate Search: Shared directory writer-1]: done all syncs
IW 0 [Fri Jul 19 17:01:24 CEST 2013; Hibernate Search: Shared directory writer-1]: commit: pendingCommit != null
IW 0 [Fri Jul 19 17:01:28 CEST 2013; Hibernate Search: Shared directory writer-1]: commit: wrote segments file "segments_e"
IFD [Fri Jul 19 17:01:28 CEST 2013; Hibernate Search: Shared directory writer-1]: now checkpoint "segments_e" [1 segments ; isCommit = true]
[http-8080-1,admin] 2013-07-19 17:01:28,549 DEBUG pl.CONTEXT.web.filter.ForceUtfFilter - Hibernate executed total: 1 queries with the slowest query: 1 ms:
	select _perm.actor from ViewPermission _perm where _perm.object=:object
IFD [Fri Jul 19 17:01:28 CEST 2013; Hibernate Search: Shared directory writer-1]: deleteCommits: now decRef commit "segments_d"
IFD [Fri Jul 19 17:01:28 CEST 2013; Hibernate Search: Shared directory writer-1]: delete "segments_d"
IW 0 [Fri Jul 19 17:01:29 CEST 2013; Hibernate Search: Shared directory writer-1]: commit: done
[Hibernate Search: backend queueing processor-1,system] 2013-07-19 17:01:29,301 DEBUG pl.CONTEXT.features.APPLICATION.cloud.search.LuceneWriterContext - Lucene context executor for customer: APPLICATION returned (0 assignments)
[http-8080-1,system] 2013-07-19 17:01:29,304 DEBUG pl.CONTEXT.web.filter.ForceUtfFilter - Finishing request for: http://localhost:8080/APPLICATION/edit
[http-8080-1,system] 2013-07-19 17:01:29,304 DEBUG pl.CONTEXT.web.filter.ForceUtfFilter - Measurement [request]: 4399 ms [1 times]
[http-8080-1,system] 2013-07-19 17:01:29,304 DEBUG pl.CONTEXT.web.filter.ForceUtfFilter - Measurement [hibernate-queries]: 1 ms [0 times]
[http-8080-1,system] 2013-07-19 17:01:29,413 DEBUG pl.CONTEXT.web.filter.ForceUtfFilter - Beginning request for: http://localhost:8080/APPLICATION/edit
[http-8080-1,admin] 2013-07-19 17:01:29,503  INFO pl.CONTEXT.facets.BrowserFacet - Facet browse will work in external data source mode.
[http-8080-1,admin] 2013-07-19 17:01:29,555 DEBUG pl.CONTEXT.web.filter.ForceUtfFilter - Hibernate executed total: 5 queries with the slowest query: 1 ms:
	select _perm.object from HomePageAttached _perm where _perm.actor.id in (:actids)
[http-8080-1,system] 2013-07-19 17:01:29,558 DEBUG pl.CONTEXT.web.filter.ForceUtfFilter - Finishing request for: http://localhost:8080/APPLICATION/edit
[http-8080-1,system] 2013-07-19 17:01:29,558 DEBUG pl.CONTEXT.web.filter.ForceUtfFilter - Measurement [request]: 144 ms [1 times]
[http-8080-1,system] 2013-07-19 17:01:29,558 DEBUG pl.CONTEXT.web.filter.ForceUtfFilter - Measurement [hibernate-queries]: 3 ms [0 times]
2013-07-19 17:01:47 org.apache.tomcat.util.http.Parameters processParameters
WARNING: Parameters: Invalid chunk ignored.
[http-8080-1,system] 2013-07-19 17:01:47,880 DEBUG pl.CONTEXT.web.filter.ForceUtfFilter - Beginning request for: http://localhost:8080/APPLICATION/edit
[http-8080-1,admin] 2013-07-19 17:01:47,944 DEBUG pl.CONTEXT.features.APPLICATION.cloud.search.LuceneWriterContext - Lucene context executor for customer: APPLICATION assigned (1 assignments)
[Hibernate Search: Shared directory writer-1,system] 2013-07-19 17:01:47,944 DEBUG pl.CONTEXT.features.APPLICATION.cloud.search.PerDPQueueProcessor - Opening an IndexWriter for update
IW 0 [Fri Jul 19 17:01:47 CEST 2013; Hibernate Search: Shared directory writer-1]: commit: start
IW 0 [Fri Jul 19 17:01:47 CEST 2013; Hibernate Search: Shared directory writer-1]: commit: enter lock
IW 0 [Fri Jul 19 17:01:47 CEST 2013; Hibernate Search: Shared directory writer-1]: commit: now prepare
IW 0 [Fri Jul 19 17:01:47 CEST 2013; Hibernate Search: Shared directory writer-1]: prepareCommit: flush
IW 0 [Fri Jul 19 17:01:47 CEST 2013; Hibernate Search: Shared directory writer-1]: now trigger flush reason=explicit flush
IW 0 [Fri Jul 19 17:01:47 CEST 2013; Hibernate Search: Shared directory writer-1]:   start flush: applyAllDeletes=true
IW 0 [Fri Jul 19 17:01:47 CEST 2013; Hibernate Search: Shared directory writer-1]:   index before flush _7(3.1):C1/1 _8(3.1):C1/1 _9(3.1):C1/1 _a(3.1):C1/1 _b(3.1):C1/1 _c(3.1):C1
IW 0 [Fri Jul 19 17:01:47 CEST 2013; Hibernate Search: Shared directory writer-1]: DW: flush postings as segment _d numDocs=1
IW 0 [Fri Jul 19 17:01:47 CEST 2013; Hibernate Search: Shared directory writer-1]: DW: new segment has no vectors
IW 0 [Fri Jul 19 17:01:47 CEST 2013; Hibernate Search: Shared directory writer-1]: DW: flushedFiles=[_d.frq, _d.fdt, _d.tii, _d.nrm, _d.fnm, _d.tis, _d.prx, _d.fdx]
IW 0 [Fri Jul 19 17:01:47 CEST 2013; Hibernate Search: Shared directory writer-1]: DW: flush: segment=_d(3.1):C1
IW 0 [Fri Jul 19 17:01:47 CEST 2013; Hibernate Search: Shared directory writer-1]: DW:   ramUsed=0.095 MB newFlushedSize=0 MB (0 MB w/o doc stores) docs/MB=2,601.926 new/old=0.309%
IW 0 [Fri Jul 19 17:01:47 CEST 2013; Hibernate Search: Shared directory writer-1]: DW: flush: push buffered deletes to newSegment
BD 0 [Fri Jul 19 17:01:47 CEST 2013; Hibernate Search: Shared directory writer-1]: BD push deletes seg=_d(3.1):C1 dels= 1 deleted terms (unique count=1) bytesUsed=130
IW 0 [Fri Jul 19 17:01:47 CEST 2013; Hibernate Search: Shared directory writer-1]: DW: flush time 2 msec
IFD [Fri Jul 19 17:01:47 CEST 2013; Hibernate Search: Shared directory writer-1]: now checkpoint "segments_e" [7 segments ; isCommit = false]
IW 0 [Fri Jul 19 17:01:47 CEST 2013; Hibernate Search: Shared directory writer-1]: apply all deletes during flush
BD 0 [Fri Jul 19 17:01:47 CEST 2013; Hibernate Search: Shared directory writer-1]: BD applyDeletes: applyInfos=[_7(3.1):C1/1, _8(3.1):C1/1, _9(3.1):C1/1, _a(3.1):C1/1, _b(3.1):C1/1, _c(3.1):C1, _d(3.1):C1]; index=[_7(3.1):C1/1, _8(3.1):C1/1, _9(3.1):C1/1, _a(3.1):C1/1, _b(3.1):C1/1, _c(3.1):C1, _d(3.1):C1]
BD 0 [Fri Jul 19 17:01:47 CEST 2013; Hibernate Search: Shared directory writer-1]: BD applyDeletes: seg=_d(3.1):C1 segment's deletes=[ 1 deleted terms (unique count=1) bytesUsed=130]; coalesced deletes=[null]
BD 0 [Fri Jul 19 17:01:47 CEST 2013; Hibernate Search: Shared directory writer-1]: BD deletes touched 0 docIDs
BD 0 [Fri Jul 19 17:01:47 CEST 2013; Hibernate Search: Shared directory writer-1]: BD applyDeletes: seg=_c(3.1):C1 segment's deletes=[null]; coalesced deletes=[ 1 deleted terms (unique count=1) bytesUsed=128]
BD 0 [Fri Jul 19 17:01:47 CEST 2013; Hibernate Search: Shared directory writer-1]: BD deletes touched 1 docIDs
BD 0 [Fri Jul 19 17:01:47 CEST 2013; Hibernate Search: Shared directory writer-1]: BD applyDeletes: seg=_b(3.1):C1/1 segment's deletes=[null]; coalesced deletes=[ 1 deleted terms (unique count=1) bytesUsed=128]
IW 0 [Fri Jul 19 17:01:47 CEST 2013; Hibernate Search: Shared directory writer-1]: clearFlushPending
IW 0 [Fri Jul 19 17:01:47 CEST 2013; Hibernate Search: Shared directory writer-1]: hit exception during flush
[http-8080-1,admin] 2013-07-19 17:01:47,954 DEBUG pl.CONTEXT.web.filter.ForceUtfFilter - Hibernate executed total: 1 queries with the slowest query: 1 ms:
	select _perm.actor from ViewPermission _perm where _perm.object=:object
[Hibernate Search: Shared directory writer-1,system] 2013-07-19 17:01:47,955 ERROR org.hibernate.search.exception.impl.LogErrorHandler - Exception occurred java.io.FileNotFoundException: /var/CONTEXT/data/APPLICATION/APPLICATION/index/file/_b.fnm (Nie ma takiego pliku ani katalogu)

java.io.FileNotFoundException: /var/CONTEXT/data/APPLICATION/APPLICATION/index/file/_b.fnm (Nie ma takiego pliku ani katalogu)
	at java.io.RandomAccessFile.open(Native Method)
	at java.io.RandomAccessFile.<init>(RandomAccessFile.java:212)
	at org.apache.lucene.store.SimpleFSDirectory$SimpleFSIndexInput$Descriptor.<init>(SimpleFSDirectory.java:69)
	at org.apache.lucene.store.SimpleFSDirectory$SimpleFSIndexInput.<init>(SimpleFSDirectory.java:90)
	at org.apache.lucene.store.NIOFSDirectory$NIOFSIndexInput.<init>(NIOFSDirectory.java:91)
	at org.apache.lucene.store.NIOFSDirectory.openInput(NIOFSDirectory.java:78)
	at org.apache.lucene.store.FSDirectory.openInput(FSDirectory.java:353)
	at org.apache.lucene.index.FieldInfos.<init>(FieldInfos.java:68)
	at org.apache.lucene.index.SegmentReader$CoreReaders.<init>(SegmentReader.java:118)
	at org.apache.lucene.index.SegmentReader.get(SegmentReader.java:578)
	at org.apache.lucene.index.IndexWriter$ReaderPool.get(IndexWriter.java:684)
	at org.apache.lucene.index.IndexWriter$ReaderPool.get(IndexWriter.java:659)
	at org.apache.lucene.index.BufferedDeletes.applyDeletes(BufferedDeletes.java:283)
	at org.apache.lucene.index.BufferedDeletes.applyDeletes(BufferedDeletes.java:191)
	at org.apache.lucene.index.IndexWriter.doFlush(IndexWriter.java:3358)
	at org.apache.lucene.index.IndexWriter.flush(IndexWriter.java:3296)
	at org.apache.lucene.index.IndexWriter.prepareCommit(IndexWriter.java:3159)
	at org.apache.lucene.index.IndexWriter.commitInternal(IndexWriter.java:3232)
	at org.apache.lucene.index.IndexWriter.commit(IndexWriter.java:3214)
	at org.apache.lucene.index.IndexWriter.commit(IndexWriter.java:3198)
	at org.hibernate.search.backend.Workspace.commitIndexWriter(Workspace.java:220)
	at pl.CONTEXT.features.APPLICATION.cloud.search.PerDPQueueProcessor.run(PerDPQueueProcessor.java:123)
	at java.util.concurrent.Executors$RunnableAdapter.call(Executors.java:441)
	at java.util.concurrent.FutureTask$Sync.innerRun(FutureTask.java:303)
	at java.util.concurrent.FutureTask.run(FutureTask.java:138)
	at java.util.concurrent.ThreadPoolExecutor$Worker.runTask(ThreadPoolExecutor.java:886)
	at java.util.concurrent.ThreadPoolExecutor$Worker.run(ThreadPoolExecutor.java:908)
	at java.lang.Thread.run(Thread.java:662)
[Hibernate Search: backend queueing processor-1,system] 2013-07-19 17:01:47,956 DEBUG pl.CONTEXT.features.APPLICATION.cloud.search.LuceneWriterContext - Lucene context executor for customer: APPLICATION returned (0 assignments)
[http-8080-1,system] 2013-07-19 17:01:47,958 DEBUG pl.CONTEXT.web.filter.ForceUtfFilter - Finishing request for: http://localhost:8080/APPLICATION/edit
[http-8080-1,system] 2013-07-19 17:01:47,958 DEBUG pl.CONTEXT.web.filter.ForceUtfFilter - Measurement [request]: 77 ms [1 times]
[http-8080-1,system] 2013-07-19 17:01:47,958 DEBUG pl.CONTEXT.web.filter.ForceUtfFilter - Measurement [hibernate-queries]: 1 ms [0 times]
[http-8080-1,system] 2013-07-19 17:01:48,066 DEBUG pl.CONTEXT.web.filter.ForceUtfFilter - Beginning request for: http://localhost:8080/APPLICATION/edit
[http-8080-1,admin] 2013-07-19 17:01:48,128  INFO pl.CONTEXT.facets.BrowserFacet - Facet browse will work in external data source mode.
[http-8080-1,admin] 2013-07-19 17:01:48,173 DEBUG pl.CONTEXT.web.filter.ForceUtfFilter - Hibernate executed total: 2 queries with the slowest query: 1 ms:
	from pl.CONTEXT.features.common.model.AppConfig c where c.defaultConfig=true
[http-8080-1,system] 2013-07-19 17:01:48,175 DEBUG pl.CONTEXT.web.filter.ForceUtfFilter - Finishing request for: http://localhost:8080/APPLICATION/edit
[http-8080-1,system] 2013-07-19 17:01:48,175 DEBUG pl.CONTEXT.web.filter.ForceUtfFilter - Measurement [request]: 108 ms [1 times]
[http-8080-1,system] 2013-07-19 17:01:48,175 DEBUG pl.CONTEXT.web.filter.ForceUtfFilter - Measurement [hibernate-queries]: 1 ms [0 times]
Disconnected from the target VM, address: '127.0.0.1:54534', transport: 'socket'
/usr/local/dev/bin/apache-tomcat-6.0.18/bin/catalina.sh stop
Using CATALINA_BASE:   /home/lukasz/.IntelliJIdea11/system/tomcat/Tomcat_6_CONTEXT
Using CATALINA_HOME:   /usr/local/dev/bin/apache-tomcat-6.0.18
Using CATALINA_TMPDIR: /usr/local/dev/bin/apache-tomcat-6.0.18/temp
Using JRE_HOME:       /usr/local/dev/bin/jdk1.6.0_22
2013-07-19 17:02:33 org.apache.coyote.http11.Http11Protocol pause
INFO: Pausing Coyote HTTP/1.1 on http-8080
2013-07-19 17:02:34 org.apache.catalina.core.StandardService stop
INFO: Stopping service Catalina
[main,system] 2013-07-19 17:02:34,786  INFO pl.CONTEXT.features.APPLICATION.cloud.search.LuceneContextManager - Clearing customer context cache
[main,system] 2013-07-19 17:02:34,786 DEBUG pl.CONTEXT.features.APPLICATION.cloud.search.LuceneContextManager - Customer context is being removed from cache: APPLICATION
[main,system] 2013-07-19 17:02:34,786 DEBUG pl.CONTEXT.features.APPLICATION.cloud.search.LuceneWriterContext - Close lucene context for customer: APPLICATION requested
[main,system] 2013-07-19 17:02:34,786 DEBUG pl.CONTEXT.features.APPLICATION.cloud.search.LuceneWriterContext - Closing lucene context for customer: APPLICATION
[main,system] 2013-07-19 17:02:34,786 DEBUG pl.CONTEXT.features.APPLICATION.cloud.search.LuceneWriterContext - Lucene context executor for customer: APPLICATION assigned (1 assignments)
[main,system] 2013-07-19 17:02:34,787 DEBUG pl.CONTEXT.features.APPLICATION.cloud.search.LuceneWriterContext - Lucene context executor for customer: APPLICATION returned (0 assignments)
IW 0 [Fri Jul 19 17:02:34 CEST 2013; Hibernate Search: Shared directory writer-1]: now flush at close waitForMerges=true
[main,system] 2013-07-19 17:02:34,787  INFO pl.CONTEXT.features.APPLICATION.cloud.search.LuceneContextManager - Waiting for index writer thread pool shutdown (20 threads)
IW 0 [Fri Jul 19 17:02:34 CEST 2013; Hibernate Search: Shared directory writer-1]: now trigger flush reason=explicit flush
IW 0 [Fri Jul 19 17:02:34 CEST 2013; Hibernate Search: Shared directory writer-1]:   start flush: applyAllDeletes=true
IW 0 [Fri Jul 19 17:02:34 CEST 2013; Hibernate Search: Shared directory writer-1]:   index before flush _7(3.1):C1/1 _8(3.1):C1/1 _9(3.1):C1/1 _a(3.1):C1/1 _b(3.1):C1/1 _c(3.1):C1/1 _d(3.1):C1
IW 0 [Fri Jul 19 17:02:34 CEST 2013; Hibernate Search: Shared directory writer-1]: DW: flush: no docs; skipping
IW 0 [Fri Jul 19 17:02:34 CEST 2013; Hibernate Search: Shared directory writer-1]: apply all deletes during flush
BD 0 [Fri Jul 19 17:02:34 CEST 2013; Hibernate Search: Shared directory writer-1]: BD applyDeletes: applyInfos=[_7(3.1):C1/1, _8(3.1):C1/1, _9(3.1):C1/1, _a(3.1):C1/1, _b(3.1):C1/1, _c(3.1):C1/1, _d(3.1):C1]; index=[_7(3.1):C1/1, _8(3.1):C1/1, _9(3.1):C1/1, _a(3.1):C1/1, _b(3.1):C1/1, _c(3.1):C1/1, _d(3.1):C1]
BD 0 [Fri Jul 19 17:02:34 CEST 2013; Hibernate Search: Shared directory writer-1]: BD applyDeletes: seg=_d(3.1):C1 segment's deletes=[ 1 deleted terms (unique count=1) bytesUsed=130]; coalesced deletes=[null]
BD 0 [Fri Jul 19 17:02:34 CEST 2013; Hibernate Search: Shared directory writer-1]: BD deletes touched 0 docIDs
BD 0 [Fri Jul 19 17:02:34 CEST 2013; Hibernate Search: Shared directory writer-1]: BD applyDeletes: seg=_c(3.1):C1/1 segment's deletes=[null]; coalesced deletes=[ 1 deleted terms (unique count=1) bytesUsed=128]
BD 0 [Fri Jul 19 17:02:34 CEST 2013; Hibernate Search: Shared directory writer-1]: BD deletes touched 0 docIDs
BD 0 [Fri Jul 19 17:02:34 CEST 2013; Hibernate Search: Shared directory writer-1]: BD applyDeletes: seg=_b(3.1):C1/1 segment's deletes=[null]; coalesced deletes=[ 1 deleted terms (unique count=1) bytesUsed=128]
IW 0 [Fri Jul 19 17:02:34 CEST 2013; Hibernate Search: Shared directory writer-1]: clearFlushPending
IW 0 [Fri Jul 19 17:02:34 CEST 2013; Hibernate Search: Shared directory writer-1]: hit exception during flush
IW 0 [Fri Jul 19 17:02:34 CEST 2013; Hibernate Search: Shared directory writer-1]: hit exception while closing
[Hibernate Search: Shared directory writer-1,system] 2013-07-19 17:02:34,790 ERROR org.hibernate.search.exception.impl.LogErrorHandler - Exception occurred java.io.FileNotFoundException: /var/CONTEXT/data/APPLICATION/APPLICATION/index/file/_b.fnm (Nie ma takiego pliku ani katalogu)

java.io.FileNotFoundException: /var/CONTEXT/data/APPLICATION/APPLICATION/index/file/_b.fnm (Nie ma takiego pliku ani katalogu)
	at java.io.RandomAccessFile.open(Native Method)
	at java.io.RandomAccessFile.<init>(RandomAccessFile.java:212)
	at org.apache.lucene.store.SimpleFSDirectory$SimpleFSIndexInput$Descriptor.<init>(SimpleFSDirectory.java:69)
	at org.apache.lucene.store.SimpleFSDirectory$SimpleFSIndexInput.<init>(SimpleFSDirectory.java:90)
	at org.apache.lucene.store.NIOFSDirectory$NIOFSIndexInput.<init>(NIOFSDirectory.java:91)
	at org.apache.lucene.store.NIOFSDirectory.openInput(NIOFSDirectory.java:78)
	at org.apache.lucene.store.FSDirectory.openInput(FSDirectory.java:353)
	at org.apache.lucene.index.FieldInfos.<init>(FieldInfos.java:68)
	at org.apache.lucene.index.SegmentReader$CoreReaders.<init>(SegmentReader.java:118)
	at org.apache.lucene.index.SegmentReader.get(SegmentReader.java:578)
	at org.apache.lucene.index.IndexWriter$ReaderPool.get(IndexWriter.java:684)
	at org.apache.lucene.index.IndexWriter$ReaderPool.get(IndexWriter.java:659)
	at org.apache.lucene.index.BufferedDeletes.applyDeletes(BufferedDeletes.java:283)
	at org.apache.lucene.index.BufferedDeletes.applyDeletes(BufferedDeletes.java:191)
	at org.apache.lucene.index.IndexWriter.doFlush(IndexWriter.java:3358)
	at org.apache.lucene.index.IndexWriter.flush(IndexWriter.java:3296)
	at org.apache.lucene.index.IndexWriter.closeInternal(IndexWriter.java:1836)
	at org.apache.lucene.index.IndexWriter.close(IndexWriter.java:1800)
	at org.apache.lucene.index.IndexWriter.close(IndexWriter.java:1764)
	at org.hibernate.search.backend.Workspace.closeIndexWriter(Workspace.java:244)
	at org.hibernate.search.backend.impl.lucene.CloseIndexRunnable.run(CloseIndexRunnable.java:47)
	at java.util.concurrent.ThreadPoolExecutor$Worker.runTask(ThreadPoolExecutor.java:886)
	at java.util.concurrent.ThreadPoolExecutor$Worker.run(ThreadPoolExecutor.java:908)
	at java.lang.Thread.run(Thread.java:662)
[main,system] 2013-07-19 17:02:34,791  INFO pl.CONTEXT.features.APPLICATION.cloud.search.LuceneContextManager - All threads finished (20 threads)
log4j:ERROR LogMananger.repositorySelector was null likely due to error in class reloading, using NOPLoggerRepository.
2013-07-19 17:02:35 org.apache.coyote.http11.Http11Protocol destroy
INFO: Stopping Coyote HTTP/1.1 on http-8080
Disconnected from server
