#
# A fatal error has been detected by the Java Runtime Environment:
#
#  SIGSEGV (0xb) at pc=0x00007f44a5e2ac01, pid=27879, tid=139932661274368
#
# JRE version: 7.0_25-b15
# Java VM: Java HotSpot(TM) 64-Bit Server VM (23.25-b01 mixed mode linux-amd64 compressed oops)
# Problematic frame:
# J  org.apache.lucene.util.RamUsageEstimator.measureObjectSize(Ljava/lang/Object;)J
#
# Core dump written. Default location: /l/fifo/lucene/build/core or core.27879
#
# If you would like to submit a bug report, please visit:
#   http://bugreport.sun.com/bugreport/crash.jsp
#

---------------  T H R E A D  ---------------

Current thread (0x00007f439c335000):  JavaThread "TEST-TestJoinUtil.testSingleValueRandomJoin-seed#[459D03F9BE2B4BC5]" [_thread_in_Java, id=6791, stack(0x00007f449c815000,0x00007f449c916000)]

siginfo:si_signo=SIGSEGV: si_errno=0, si_code=1 (SEGV_MAPERR), si_addr=0x0000000000000000

Registers:
RAX=0x000000007aaf8487, RBX=0x00000000dae01610, RCX=0x00000000db9040c0, RDX=0x00000000e06cb3a8
RSP=0x00007f449c912ec0, RBP=0x000000000003ffff, RSI=0x00000000f8aac030, RDI=0x0000000000000800
R8 =0x0000000000000000, R9 =0x00000000f8a328a0, R10=0x00000000f8993558, R11=0x00007f44adfdf000
R12=0x0000000000000000, R13=0x00000000db9040c0, R14=0x00007f449c912eb0, R15=0x00007f439c335000
RIP=0x00007f44a5e2ac01, EFLAGS=0x0000000000010246, CSGSFS=0x0000000000000033, ERR=0x0000000000000004
  TRAPNO=0x000000000000000e

Top of Stack: (sp=0x00007f449c912ec0)
0x00007f449c912ec0:   00000000e06cb3a8 00000000f8aabf98
0x00007f449c912ed0:   00000000f8aadba8 00000000f8993690
0x00007f449c912ee0:   000000000068e980 00000000e06cb3a8
0x00007f449c912ef0:   00000000f8993558 00000005f8aabf98
0x00007f449c912f00:   00000000f89934e8 00000000f8aabf80
0x00007f449c912f10:   00007f4400000004 00000000e06cb320
0x00007f449c912f20:   00007f44a6e25e5c 00000000f8992ed8
0x00007f449c912f30:   0000000000000003 00007f44a6e25b84
0x00007f449c912f40:   00000000f898fe80 00000000f898fea8
0x00007f449c912f50:   0000000400000005 00007f44f898fdd0
0x00007f449c912f60:   00000000f898fdd0 00000000000004a8
0x00007f449c912f70:   00000000f8992ed8 00000000f8992f68
0x00007f449c912f80:   00000000f8992fa8 00007f44a5006158
0x00007f449c912f90:   00000000f898fea8 00007f449c912f98
0x00007f449c912fa0:   00000000db693610 00007f449c912ff0
0x00007f449c912fb0:   00000000db694dc8 0000000000000000
0x00007f449c912fc0:   00000000db693638 0000000000000000
0x00007f449c912fd0:   00007f449c913038 00007f44a5006333
0x00007f449c912fe0:   00007f44a5006333 00000000f898fe80
0x00007f449c912ff0:   00000000f898fea8 00007f449c912ff8
0x00007f449c913000:   00000000db693807 00007f449c913050
0x00007f449c913010:   00000000db694dc8 0000000000000000
0x00007f449c913020:   00000000db693830 00007f449c912fe8
0x00007f449c913030:   00007f449c913050 00007f449c913098
0x00007f449c913040:   00007f44a5006333 00000000f898fea8
0x00007f449c913050:   00000000f898fe80 00007f449c913058
0x00007f449c913060:   00000000db69370e 00007f449c9130a8
0x00007f449c913070:   00000000db694dc8 0000000000000000
0x00007f449c913080:   00000000db693728 00007f449c913050
0x00007f449c913090:   00007f449c9130a8 00007f449c9130f0
0x00007f449c9130a0:   00007f44a5006333 00000000e00f9f78
0x00007f449c9130b0:   00007f449c9130b0 00000000db67dc74 

Instructions: (pc=0x00007f44a5e2ac01)
0x00007f44a5e2abe1:   03 da 4d 2b da 4c 03 5c 24 20 e9 f3 fc ff ff 4c
0x00007f44a5e2abf1:   8b 43 78 4c 8b 54 24 30 45 8b 4a 20 41 8b 79 0c
0x00007f44a5e2ac01:   4d 8b 10 49 8b e9 4d 8b da 49 83 e3 07 49 83 fb
0x00007f44a5e2ac11:   01 0f 85 e7 06 00 00 49 c1 ea 08 41 8b c2 81 e0 

Register to memory mapping:

RAX=0x000000007aaf8487 is an unknown value
RBX=0x00000000dae01610 is an oop
{other class} 
 - klass: {other class}
RCX=0x00000000db9040c0 is an oop
{method} 
 - klass: {other class}
RDX=0x00000000e06cb3a8 is an oop
java.lang.invoke.MethodType 
 - klass: 'java/lang/invoke/MethodType'
RSP=0x00007f449c912ec0 is pointing into the stack for thread: 0x00007f439c335000
RBP=0x000000000003ffff is an unknown value
RSI=0x00000000f8aac030 is an oop
sun.reflect.UnsafeObjectFieldAccessorImpl 
 - klass: 'sun/reflect/UnsafeObjectFieldAccessorImpl'
RDI=0x0000000000000800 is an unknown value
R8 =0x0000000000000000 is an unknown value
R9 =0x00000000f8a328a0 is an oop
[Ljava.lang.Object; 
 - klass: 'java/lang/Object'[]
 - length: 2048
R10=0x00000000f8993558 is an oop
java.util.IdentityHashMap 
 - klass: 'java/util/IdentityHashMap'
R11=0x00007f44adfdf000 is an unknown value
R12=0x0000000000000000 is an unknown value
R13=0x00000000db9040c0 is an oop
{method} 
 - klass: {other class}
R14=0x00007f449c912eb0 is pointing into the stack for thread: 0x00007f439c335000
R15=0x00007f439c335000 is a thread


Stack: [0x00007f449c815000,0x00007f449c916000],  sp=0x00007f449c912ec0,  free space=1015k
Native frames: (J=compiled Java code, j=interpreted, Vv=VM code, C=native code)
J  org.apache.lucene.util.RamUsageEstimator.measureObjectSize(Ljava/lang/Object;)J


---------------  P R O C E S S  ---------------

Java Threads: ( => current thread )
=>0x00007f439c335000 JavaThread "TEST-TestJoinUtil.testSingleValueRandomJoin-seed#[459D03F9BE2B4BC5]" [_thread_in_Java, id=6791, stack(0x00007f449c815000,0x00007f449c916000)]
  0x00007f44a8159800 JavaThread "SUITE-TestJoinUtil-seed#[459D03F9BE2B4BC5]" [_thread_blocked, id=6790, stack(0x00007f449d21f000,0x00007f449d320000)]
  0x00007f44a80ff800 JavaThread "Service Thread" daemon [_thread_blocked, id=27930, stack(0x00007f449ee28000,0x00007f449ef29000)]
  0x00007f44a80fd800 JavaThread "C2 CompilerThread1" daemon [_thread_blocked, id=27929, stack(0x00007f449ef29000,0x00007f449f02a000)]
  0x00007f44a80fa800 JavaThread "C2 CompilerThread0" daemon [_thread_blocked, id=27928, stack(0x00007f449f02a000,0x00007f449f12b000)]
  0x00007f44a80f8800 JavaThread "Signal Dispatcher" daemon [_thread_blocked, id=27927, stack(0x00007f449f12b000,0x00007f449f22c000)]
  0x00007f44a80aa000 JavaThread "Finalizer" daemon [_thread_blocked, id=27916, stack(0x00007f449f4f5000,0x00007f449f5f6000)]
  0x00007f44a80a7800 JavaThread "Reference Handler" daemon [_thread_blocked, id=27915, stack(0x00007f449f5f6000,0x00007f449f6f7000)]
  0x00007f44a800e000 JavaThread "main" [_thread_blocked, id=27883, stack(0x00007f44b13a8000,0x00007f44b14a9000)]

Other Threads:
  0x00007f44a80a0000 VMThread [stack: 0x00007f449f6f7000,0x00007f449f7f8000] [id=27913]
  0x00007f44a810a800 WatcherThread [stack: 0x00007f449ed27000,0x00007f449ee28000] [id=27931]

VM state:not at safepoint (normal execution)

VM Mutex/Monitor currently owned by a thread: None

Heap
 PSYoungGen      total 169920K, used 58545K [0x00000000f5560000, 0x00000000fffe0000, 0x0000000100000000)
  eden space 165568K, 33% used [0x00000000f5560000,0x00000000f8c43488,0x00000000ff710000)
  from space 4352K, 53% used [0x00000000ff710000,0x00000000ff959198,0x00000000ffb50000)
  to   space 4160K, 0% used [0x00000000ffbd0000,0x00000000ffbd0000,0x00000000fffe0000)
 ParOldGen       total 349568K, used 302869K [0x00000000e0000000, 0x00000000f5560000, 0x00000000f5560000)
  object space 349568K, 86% used [0x00000000e0000000,0x00000000f27c56f0,0x00000000f5560000)
 PSPermGen       total 58496K, used 56554K [0x00000000dae00000, 0x00000000de720000, 0x00000000e0000000)
  object space 58496K, 96% used [0x00000000dae00000,0x00000000de53a8d8,0x00000000de720000)

Card table byte_map: [0x00007f44ae6b6000,0x00007f44ae7e0000] byte_map_base: 0x00007f44adfdf000

Polling page: 0x00007f44b14bc000

Code Cache  [0x00007f44a5000000, 0x00007f44a7e40000, 0x00007f44a8000000)
 total_blobs=9639 nmethods=9071 adapters=517 free_code_cache=2325Kb largest_free_block=1897920

Compilation events (10 events):
Event: 1033.877 Thread 0x00007f44a80fd800 11559  s          org.apache.lucene.store.RAMFile::getBuffer (12 bytes)
Event: 1033.879 Thread 0x00007f44a80fd800 nmethod 11559 0x00007f44a5979310 code [0x00007f44a5979460, 0x00007f44a5979718]
Event: 1034.079 Thread 0x00007f44a80fa800 11560             org.apache.lucene.index.TestStressIndexing$SearcherThread::doWork (43 bytes)
Event: 1034.083 Thread 0x00007f44a80fa800 nmethod 11560 0x00007f44a7d639d0 code [0x00007f44a7d63b40, 0x00007f44a7d63ce8]
Event: 1034.216 Thread 0x00007f44a80fd800 11561             org.apache.lucene.store.RAMDirectory::openInput (41 bytes)
Event: 1034.229 Thread 0x00007f44a80fd800 nmethod 11561 0x00007f44a7dc4950 code [0x00007f44a7dc4b20, 0x00007f44a7dc53c8]
Event: 1034.649 Thread 0x00007f44a80fa800 11562             org.apache.lucene.store.RAMInputStream::switchCurrentBuffer (129 bytes)
Event: 1034.653 Thread 0x00007f44a80fa800 nmethod 11562 0x00007f44a7c64250 code [0x00007f44a7c64420, 0x00007f44a7c64c30]
Event: 1034.942 Thread 0x00007f44a80fd800 11563             org.apache.lucene.util.MergedIterator$TermMergeQueue::lessThan (45 bytes)
Event: 1034.943 Thread 0x00007f44a80fd800 nmethod 11563 0x00007f44a6389b10 code [0x00007f44a6389c60, 0x00007f44a6389d38]

GC Heap History (10 events):
Event: 1031.611 GC heap before
{Heap before GC invocations=2935 (full 90):
 PSYoungGen      total 170112K, used 168902K [0x00000000f5560000, 0x0000000100000000, 0x0000000100000000)
  eden space 165952K, 100% used [0x00000000f5560000,0x00000000ff770000,0x00000000ff770000)
  from space 4160K, 70% used [0x00000000ffba0000,0x00000000ffe81a18,0x00000000fffb0000)
  to   space 4288K, 0% used [0x00000000ff770000,0x00000000ff770000,0x00000000ffba0000)
 ParOldGen       total 349568K, used 207263K [0x00000000e0000000, 0x00000000f5560000, 0x00000000f5560000)
  object space 349568K, 59% used [0x00000000e0000000,0x00000000eca67ff0,0x00000000f5560000)
 PSPermGen       total 58496K, used 56435K [0x00000000dae00000, 0x00000000de720000, 0x00000000e0000000)
  object space 58496K, 96% used [0x00000000dae00000,0x00000000de51cf18,0x00000000de720000)
Event: 1031.632 GC heap after
Heap after GC invocations=2935 (full 90):
 PSYoungGen      total 170240K, used 2244K [0x00000000f5560000, 0x00000000fffc0000, 0x0000000100000000)
  eden space 165952K, 0% used [0x00000000f5560000,0x00000000f5560000,0x00000000ff770000)
  from space 4288K, 52% used [0x00000000ff770000,0x00000000ff9a1188,0x00000000ffba0000)
  to   space 4096K, 0% used [0x00000000ffbc0000,0x00000000ffbc0000,0x00000000fffc0000)
 ParOldGen       total 349568K, used 207271K [0x00000000e0000000, 0x00000000f5560000, 0x00000000f5560000)
  object space 349568K, 59% used [0x00000000e0000000,0x00000000eca69ff0,0x00000000f5560000)
 PSPermGen       total 58496K, used 56435K [0x00000000dae00000, 0x00000000de720000, 0x00000000e0000000)
  object space 58496K, 96% used [0x00000000dae00000,0x00000000de51cf18,0x00000000de720000)
}
Event: 1032.064 GC heap before
{Heap before GC invocations=2936 (full 90):
 PSYoungGen      total 170240K, used 168196K [0x00000000f5560000, 0x00000000fffc0000, 0x0000000100000000)
  eden space 165952K, 100% used [0x00000000f5560000,0x00000000ff770000,0x00000000ff770000)
  from space 4288K, 52% used [0x00000000ff770000,0x00000000ff9a1188,0x00000000ffba0000)
  to   space 4096K, 0% used [0x00000000ffbc0000,0x00000000ffbc0000,0x00000000fffc0000)
 ParOldGen       total 349568K, used 302805K [0x00000000e0000000, 0x00000000f5560000, 0x00000000f5560000)
  object space 349568K, 86% used [0x00000000e0000000,0x00000000f27b56f0,0x00000000f5560000)
 PSPermGen       total 58496K, used 56435K [0x00000000dae00000, 0x00000000de720000, 0x00000000e0000000)
  object space 58496K, 96% used [0x00000000dae00000,0x00000000de51cf18,0x00000000de720000)
Event: 1032.117 GC heap after
Heap after GC invocations=2936 (full 90):
 PSYoungGen      total 169600K, used 3963K [0x00000000f5560000, 0x0000000100000000, 0x0000000100000000)
  eden space 165504K, 0% used [0x00000000f5560000,0x00000000f5560000,0x00000000ff700000)
  from space 4096K, 96% used [0x00000000ffbc0000,0x00000000fff9ef30,0x00000000fffc0000)
  to   space 4608K, 0% used [0x00000000ff700000,0x00000000ff700000,0x00000000ffb80000)
 ParOldGen       total 349568K, used 302813K [0x00000000e0000000, 0x00000000f5560000, 0x00000000f5560000)
  object space 349568K, 86% used [0x00000000e0000000,0x00000000f27b76f0,0x00000000f5560000)
 PSPermGen       total 58496K, used 56435K [0x00000000dae00000, 0x00000000de720000, 0x00000000e0000000)
  object space 58496K, 96% used [0x00000000dae00000,0x00000000de51cf18,0x00000000de720000)
}
Event: 1035.146 GC heap before
{Heap before GC invocations=2937 (full 90):
 PSYoungGen      total 169600K, used 169467K [0x00000000f5560000, 0x0000000100000000, 0x0000000100000000)
  eden space 165504K, 100% used [0x00000000f5560000,0x00000000ff700000,0x00000000ff700000)
  from space 4096K, 96% used [0x00000000ffbc0000,0x00000000fff9ef30,0x00000000fffc0000)
  to   space 4608K, 0% used [0x00000000ff700000,0x00000000ff700000,0x00000000ffb80000)
 ParOldGen       total 349568K, used 302813K [0x00000000e0000000, 0x00000000f5560000, 0x00000000f5560000)
  object space 349568K, 86% used [0x00000000e0000000,0x00000000f27b76f0,0x00000000f5560000)
 PSPermGen       total 58496K, used 56436K [0x00000000dae00000, 0x00000000de720000, 0x00000000e0000000)
  object space 58496K, 96% used [0x00000000dae00000,0x00000000de51d238,0x00000000de720000)
Event: 1035.192 GC heap after
Heap after GC invocations=2937 (full 90):
 PSYoungGen      total 170112K, used 2756K [0x00000000f5560000, 0x0000000100000000, 0x0000000100000000)
  eden space 165504K, 0% used [0x00000000f5560000,0x00000000f5560000,0x00000000ff700000)
  from space 4608K, 59% used [0x00000000ff700000,0x00000000ff9b11c8,0x00000000ffb80000)
  to   space 4544K, 0% used [0x00000000ffb90000,0x00000000ffb90000,0x0000000100000000)
 ParOldGen       total 349568K, used 302813K [0x00000000e0000000, 0x00000000f5560000, 0x00000000f5560000)
  object space 349568K, 86% used [0x00000000e0000000,0x00000000f27b76f0,0x00000000f5560000)
 PSPermGen       total 58496K, used 56436K [0x00000000dae00000, 0x00000000de720000, 0x00000000e0000000)
  object space 58496K, 96% used [0x00000000dae00000,0x00000000de51d238,0x00000000de720000)
}
Event: 1035.820 GC heap before
{Heap before GC invocations=2938 (full 90):
 PSYoungGen      total 170112K, used 168260K [0x00000000f5560000, 0x0000000100000000, 0x0000000100000000)
  eden space 165504K, 100% used [0x00000000f5560000,0x00000000ff700000,0x00000000ff700000)
  from space 4608K, 59% used [0x00000000ff700000,0x00000000ff9b11c8,0x00000000ffb80000)
  to   space 4544K, 0% used [0x00000000ffb90000,0x00000000ffb90000,0x0000000100000000)
 ParOldGen       total 349568K, used 302813K [0x00000000e0000000, 0x00000000f5560000, 0x00000000f5560000)
  object space 349568K, 86% used [0x00000000e0000000,0x00000000f27b76f0,0x00000000f5560000)
 PSPermGen       total 58496K, used 56478K [0x00000000dae00000, 0x00000000de720000, 0x00000000e0000000)
  object space 58496K, 96% used [0x00000000dae00000,0x00000000de527bd0,0x00000000de720000)
Event: 1035.871 GC heap after
Heap after GC invocations=2938 (full 90):
 PSYoungGen      total 169664K, used 2276K [0x00000000f5560000, 0x00000000fff90000, 0x0000000100000000)
  eden space 165568K, 0% used [0x00000000f5560000,0x00000000f5560000,0x00000000ff710000)
  from space 4096K, 55% used [0x00000000ffb90000,0x00000000ffdc9188,0x00000000fff90000)
  to   space 4352K, 0% used [0x00000000ff710000,0x00000000ff710000,0x00000000ffb50000)
 ParOldGen       total 349568K, used 302813K [0x00000000e0000000, 0x00000000f5560000, 0x00000000f5560000)
  object space 349568K, 86% used [0x00000000e0000000,0x00000000f27b76f0,0x00000000f5560000)
 PSPermGen       total 58496K, used 56478K [0x00000000dae00000, 0x00000000de720000, 0x00000000e0000000)
  object space 58496K, 96% used [0x00000000dae00000,0x00000000de527bd0,0x00000000de720000)
}
Event: 1036.156 GC heap before
{Heap before GC invocations=2939 (full 90):
 PSYoungGen      total 169664K, used 167844K [0x00000000f5560000, 0x00000000fff90000, 0x0000000100000000)
  eden space 165568K, 100% used [0x00000000f5560000,0x00000000ff710000,0x00000000ff710000)
  from space 4096K, 55% used [0x00000000ffb90000,0x00000000ffdc9188,0x00000000fff90000)
  to   space 4352K, 0% used [0x00000000ff710000,0x00000000ff710000,0x00000000ffb50000)
 ParOldGen       total 349568K, used 302813K [0x00000000e0000000, 0x00000000f5560000, 0x00000000f5560000)
  object space 349568K, 86% used [0x00000000e0000000,0x00000000f27b76f0,0x00000000f5560000)
 PSPermGen       total 58496K, used 56478K [0x00000000dae00000, 0x00000000de720000, 0x00000000e0000000)
  object space 58496K, 96% used [0x00000000dae00000,0x00000000de527bf0,0x00000000de720000)
Event: 1036.187 GC heap after
Heap after GC invocations=2939 (full 90):
 PSYoungGen      total 169920K, used 2340K [0x00000000f5560000, 0x00000000fffe0000, 0x0000000100000000)
  eden space 165568K, 0% used [0x00000000f5560000,0x00000000f5560000,0x00000000ff710000)
  from space 4352K, 53% used [0x00000000ff710000,0x00000000ff959198,0x00000000ffb50000)
  to   space 4160K, 0% used [0x00000000ffbd0000,0x00000000ffbd0000,0x00000000fffe0000)
 ParOldGen       total 349568K, used 302869K [0x00000000e0000000, 0x00000000f5560000, 0x00000000f5560000)
  object space 349568K, 86% used [0x00000000e0000000,0x00000000f27c56f0,0x00000000f5560000)
 PSPermGen       total 58496K, used 56478K [0x00000000dae00000, 0x00000000de720000, 0x00000000e0000000)
  object space 58496K, 96% used [0x00000000dae00000,0x00000000de527bf0,0x00000000de720000)
}

Deoptimization events (10 events):
Event: 1024.905 Thread 0x00007f439c335000 Uncommon trap -58 fr.pc 0x00007f44a6338894
Event: 1024.905 Thread 0x00007f439c335000 Uncommon trap -58 fr.pc 0x00007f44a6338894
Event: 1024.910 Thread 0x00007f439c335000 Uncommon trap -58 fr.pc 0x00007f44a6338894
Event: 1024.910 Thread 0x00007f439c335000 Uncommon trap -58 fr.pc 0x00007f44a6338894
Event: 1025.285 Thread 0x00007f439c335000 Uncommon trap -34 fr.pc 0x00007f44a674bc38
Event: 1025.287 Thread 0x00007f439c335000 Uncommon trap -34 fr.pc 0x00007f44a674bc38
Event: 1026.032 Thread 0x00007f439c335000 Uncommon trap -34 fr.pc 0x00007f44a71da34c
Event: 1030.307 Thread 0x00007f439c335000 Uncommon trap 16 fr.pc 0x00007f44a638a964
Event: 1035.669 Thread 0x00007f439c335000 Uncommon trap -34 fr.pc 0x00007f44a71da34c
Event: 1035.725 Thread 0x00007f439c335000 Uncommon trap -58 fr.pc 0x00007f44a6443734

Internal exceptions (10 events):
Event: 1036.191 Thread 0x00007f439c335000 Threw 0x00000000f56ba4c8 at /HUDSON/workspace/jdk7u25-2-build-linux-amd64-product/jdk7u25/hotspot/src/share/vm/runtime/reflection.c
Event: 1036.211 Thread 0x00007f439c335000 Threw 0x00000000f63eadb0 at /HUDSON/workspace/jdk7u25-2-build-linux-amd64-product/jdk7u25/hotspot/src/share/vm/runtime/reflection.c
Event: 1036.236 Thread 0x00007f439c335000 Threw 0x00000000f6fdf548 at /HUDSON/workspace/jdk7u25-2-build-linux-amd64-product/jdk7u25/hotspot/src/share/vm/runtime/reflection.c
Event: 1036.242 Thread 0x00007f44a800e000 Threw 0x00000000f67743c0 at /HUDSON/workspace/jdk7u25-2-build-linux-amd64-product/jdk7u25/hotspot/src/share/vm/prims/jvm.cpp:1235
Event: 1036.244 Thread 0x00007f44a800e000 Threw 0x00000000f70506b8 at /HUDSON/workspace/jdk7u25-2-build-linux-amd64-product/jdk7u25/hotspot/src/share/vm/prims/jvm.cpp:1235
Event: 1036.256 Thread 0x00007f439c335000 Threw 0x00000000f7a86498 at /HUDSON/workspace/jdk7u25-2-build-linux-amd64-product/jdk7u25/hotspot/src/share/vm/prims/jvm.cpp:1235
Event: 1036.272 Thread 0x00007f439c335000 Threw 0x00000000f87f6fe0 at /HUDSON/workspace/jdk7u25-2-build-linux-amd64-product/jdk7u25/hotspot/src/share/vm/prims/jvm.cpp:1235
Event: 1036.274 Thread 0x00007f439c335000 Threw 0x00000000f88734d0 at /HUDSON/workspace/jdk7u25-2-build-linux-amd64-product/jdk7u25/hotspot/src/share/vm/prims/jvm.cpp:1235
Event: 1036.277 Thread 0x00007f439c335000 Threw 0x00000000f8927840 at /HUDSON/workspace/jdk7u25-2-build-linux-amd64-product/jdk7u25/hotspot/src/share/vm/prims/jvm.cpp:1235
Event: 1036.316 Thread 0x00007f439c335000 Implicit null exception at 0x00007f44a5e2ac01 to 0x0000000000000000

Events (10 events):
Event: 1036.314 Executing VM operation: RevokeBias
Event: 1036.314 Executing VM operation: RevokeBias done
Event: 1036.315 loading class 0x00007f4440168400
Event: 1036.315 loading class 0x00007f4440168400 done
Event: 1036.315 loading class 0x00007f4440168260
Event: 1036.316 loading class 0x00007f4440168260 done
Event: 1036.316 loading class 0x00007f439c33a670
Event: 1036.316 loading class 0x00007f439c33a670 done
Event: 1036.316 loading class 0x00007f4440005a60
Event: 1036.316 loading class 0x00007f4440005a60 done


Dynamic libraries:
00400000-00401000 r-xp 00000000 fc:00 2410630                            /usr/local/src/jdk1.7.0_25/bin/java
00600000-00601000 rw-p 00000000 fc:00 2410630                            /usr/local/src/jdk1.7.0_25/bin/java
011ed000-01432000 rw-p 00000000 00:00 0                                  [heap]
dae00000-de720000 rw-p 00000000 00:00 0 
de720000-de7f0000 ---p 00000000 00:00 0 
de7f0000-e0000000 rw-p 00000000 00:00 0 
e0000000-f5560000 rw-p 00000000 00:00 0 
f5560000-fffe0000 rw-p 00000000 00:00 0 
fffe0000-100000000 ---p 00000000 00:00 0 
7f4380000000-7f4380021000 rw-p 00000000 00:00 0 
7f4380021000-7f4384000000 ---p 00000000 00:00 0 
7f4384000000-7f4387e51000 rw-p 00000000 00:00 0 
7f4387e51000-7f4388000000 ---p 00000000 00:00 0 
7f4388000000-7f4388021000 rw-p 00000000 00:00 0 
7f4388021000-7f438c000000 ---p 00000000 00:00 0 
7f438c000000-7f438c021000 rw-p 00000000 00:00 0 
7f438c021000-7f4390000000 ---p 00000000 00:00 0 
7f4390000000-7f4390021000 rw-p 00000000 00:00 0 
7f4390021000-7f4394000000 ---p 00000000 00:00 0 
7f4394000000-7f4394021000 rw-p 00000000 00:00 0 
7f4394021000-7f4398000000 ---p 00000000 00:00 0 
7f4398000000-7f4398021000 rw-p 00000000 00:00 0 
7f4398021000-7f439c000000 ---p 00000000 00:00 0 
7f439c000000-7f439f44b000 rw-p 00000000 00:00 0 
7f439f44b000-7f43a0000000 ---p 00000000 00:00 0 
7f43a0000000-7f43a0021000 rw-p 00000000 00:00 0 
7f43a0021000-7f43a4000000 ---p 00000000 00:00 0 
7f43a4000000-7f43a4021000 rw-p 00000000 00:00 0 
7f43a4021000-7f43a8000000 ---p 00000000 00:00 0 
7f43a8000000-7f43a8021000 rw-p 00000000 00:00 0 
7f43a8021000-7f43ac000000 ---p 00000000 00:00 0 
7f43ac000000-7f43ac021000 rw-p 00000000 00:00 0 
7f43ac021000-7f43b0000000 ---p 00000000 00:00 0 
7f43b0000000-7f43b0021000 rw-p 00000000 00:00 0 
7f43b0021000-7f43b4000000 ---p 00000000 00:00 0 
7f43b4000000-7f43b4021000 rw-p 00000000 00:00 0 
7f43b4021000-7f43b8000000 ---p 00000000 00:00 0 
7f43b8000000-7f43b8021000 rw-p 00000000 00:00 0 
7f43b8021000-7f43bc000000 ---p 00000000 00:00 0 
7f43bc000000-7f43bc021000 rw-p 00000000 00:00 0 
7f43bc021000-7f43c0000000 ---p 00000000 00:00 0 
7f43c0000000-7f43c0021000 rw-p 00000000 00:00 0 
7f43c0021000-7f43c4000000 ---p 00000000 00:00 0 
7f43c4000000-7f43c4021000 rw-p 00000000 00:00 0 
7f43c4021000-7f43c8000000 ---p 00000000 00:00 0 
7f43c8000000-7f43c8021000 rw-p 00000000 00:00 0 
7f43c8021000-7f43cc000000 ---p 00000000 00:00 0 
7f43cc000000-7f43cc021000 rw-p 00000000 00:00 0 
7f43cc021000-7f43d0000000 ---p 00000000 00:00 0 
7f43d0000000-7f43d0021000 rw-p 00000000 00:00 0 
7f43d0021000-7f43d4000000 ---p 00000000 00:00 0 
7f43d4000000-7f43d4021000 rw-p 00000000 00:00 0 
7f43d4021000-7f43d8000000 ---p 00000000 00:00 0 
7f43d8000000-7f43d8021000 rw-p 00000000 00:00 0 
7f43d8021000-7f43dc000000 ---p 00000000 00:00 0 
7f43dc000000-7f43dc021000 rw-p 00000000 00:00 0 
7f43dc021000-7f43e0000000 ---p 00000000 00:00 0 
7f43e0000000-7f43e0021000 rw-p 00000000 00:00 0 
7f43e0021000-7f43e4000000 ---p 00000000 00:00 0 
7f43e4000000-7f43e4021000 rw-p 00000000 00:00 0 
7f43e4021000-7f43e8000000 ---p 00000000 00:00 0 
7f43e8000000-7f43e8021000 rw-p 00000000 00:00 0 
7f43e8021000-7f43ec000000 ---p 00000000 00:00 0 
7f43ec000000-7f43ec021000 rw-p 00000000 00:00 0 
7f43ec021000-7f43f0000000 ---p 00000000 00:00 0 
7f43f0000000-7f43f0021000 rw-p 00000000 00:00 0 
7f43f0021000-7f43f4000000 ---p 00000000 00:00 0 
7f43f4000000-7f43f4021000 rw-p 00000000 00:00 0 
7f43f4021000-7f43f8000000 ---p 00000000 00:00 0 
7f43f8000000-7f43f8021000 rw-p 00000000 00:00 0 
7f43f8021000-7f43fc000000 ---p 00000000 00:00 0 
7f43fc000000-7f43fc021000 rw-p 00000000 00:00 0 
7f43fc021000-7f4400000000 ---p 00000000 00:00 0 
7f4400000000-7f4400021000 rw-p 00000000 00:00 0 
7f4400021000-7f4404000000 ---p 00000000 00:00 0 
7f4404000000-7f4404021000 rw-p 00000000 00:00 0 
7f4404021000-7f4408000000 ---p 00000000 00:00 0 
7f4408000000-7f440900f000 rw-p 00000000 00:00 0 
7f440900f000-7f440c000000 ---p 00000000 00:00 0 
7f440c000000-7f440c021000 rw-p 00000000 00:00 0 
7f440c021000-7f4410000000 ---p 00000000 00:00 0 
7f4410000000-7f4413ff9000 rw-p 00000000 00:00 0 
7f4413ff9000-7f4414000000 ---p 00000000 00:00 0 
7f4418000000-7f4418027000 rw-p 00000000 00:00 0 
7f4418027000-7f441c000000 ---p 00000000 00:00 0 
7f4420000000-7f4420021000 rw-p 00000000 00:00 0 
7f4420021000-7f4424000000 ---p 00000000 00:00 0 
7f4424000000-7f4424021000 rw-p 00000000 00:00 0 
7f4424021000-7f4428000000 ---p 00000000 00:00 0 
7f4428000000-7f4428021000 rw-p 00000000 00:00 0 
7f4428021000-7f442c000000 ---p 00000000 00:00 0 
7f442c000000-7f442c021000 rw-p 00000000 00:00 0 
7f442c021000-7f4430000000 ---p 00000000 00:00 0 
7f4430000000-7f4430021000 rw-p 00000000 00:00 0 
7f4430021000-7f4434000000 ---p 00000000 00:00 0 
7f4434000000-7f4434026000 rw-p 00000000 00:00 0 
7f4434026000-7f4438000000 ---p 00000000 00:00 0 
7f4438000000-7f4438021000 rw-p 00000000 00:00 0 
7f4438021000-7f443c000000 ---p 00000000 00:00 0 
7f443c000000-7f443c021000 rw-p 00000000 00:00 0 
7f443c021000-7f4440000000 ---p 00000000 00:00 0 
7f4440000000-7f4440719000 rw-p 00000000 00:00 0 
7f4440719000-7f4444000000 ---p 00000000 00:00 0 
7f4444000000-7f4445ada000 rw-p 00000000 00:00 0 
7f4445ada000-7f4448000000 ---p 00000000 00:00 0 
7f4448000000-7f4448021000 rw-p 00000000 00:00 0 
7f4448021000-7f444c000000 ---p 00000000 00:00 0 
7f444c000000-7f444c58e000 rw-p 00000000 00:00 0 
7f444c58e000-7f4450000000 ---p 00000000 00:00 0 
7f4450000000-7f4453ff4000 rw-p 00000000 00:00 0 
7f4453ff4000-7f4454000000 ---p 00000000 00:00 0 
7f4454000000-7f4454021000 rw-p 00000000 00:00 0 
7f4454021000-7f4458000000 ---p 00000000 00:00 0 
7f4458000000-7f4458021000 rw-p 00000000 00:00 0 
7f4458021000-7f445c000000 ---p 00000000 00:00 0 
7f445c000000-7f445fff8000 rw-p 00000000 00:00 0 
7f445fff8000-7f4460000000 ---p 00000000 00:00 0 
7f4460000000-7f4460021000 rw-p 00000000 00:00 0 
7f4460021000-7f4464000000 ---p 00000000 00:00 0 
7f4464000000-7f4464021000 rw-p 00000000 00:00 0 
7f4464021000-7f4468000000 ---p 00000000 00:00 0 
7f4468000000-7f4468073000 rw-p 00000000 00:00 0 
7f4468073000-7f446c000000 ---p 00000000 00:00 0 
7f446c000000-7f446c661000 rw-p 00000000 00:00 0 
7f446c661000-7f4470000000 ---p 00000000 00:00 0 
7f4470000000-7f4470071000 rw-p 00000000 00:00 0 
7f4470071000-7f4474000000 ---p 00000000 00:00 0 
7f4478000000-7f447806a000 rw-p 00000000 00:00 0 
7f447806a000-7f447c000000 ---p 00000000 00:00 0 
7f4480000000-7f4480071000 rw-p 00000000 00:00 0 
7f4480071000-7f4484000000 ---p 00000000 00:00 0 
7f4488000000-7f4488092000 rw-p 00000000 00:00 0 
7f4488092000-7f448c000000 ---p 00000000 00:00 0 
7f4490000000-7f449008d000 rw-p 00000000 00:00 0 
7f449008d000-7f4494000000 ---p 00000000 00:00 0 
7f4496bec000-7f4496bef000 ---p 00000000 00:00 0 
7f4496bef000-7f4496ced000 rw-p 00000000 00:00 0 
7f4496dee000-7f4496df1000 ---p 00000000 00:00 0 
7f4496df1000-7f4496eef000 rw-p 00000000 00:00 0 
7f4496eef000-7f4496ef2000 ---p 00000000 00:00 0 
7f4496ef2000-7f4496ff0000 rw-p 00000000 00:00 0 
7f44970f1000-7f44970f4000 ---p 00000000 00:00 0 
7f44970f4000-7f44971f2000 rw-p 00000000 00:00 0 
7f44971f2000-7f44971f5000 ---p 00000000 00:00 0 
7f44971f5000-7f44972f3000 rw-p 00000000 00:00 0 
7f44972f3000-7f44972f6000 ---p 00000000 00:00 0 
7f44972f6000-7f44973f4000 rw-p 00000000 00:00 0 
7f44973f4000-7f44973f7000 ---p 00000000 00:00 0 
7f44973f7000-7f44974f5000 rw-p 00000000 00:00 0 
7f44974f5000-7f44974f8000 ---p 00000000 00:00 0 
7f44974f8000-7f44975f6000 rw-p 00000000 00:00 0 
7f44975f6000-7f44975f9000 ---p 00000000 00:00 0 
7f44975f9000-7f44976f7000 rw-p 00000000 00:00 0 
7f44978f9000-7f44978fc000 ---p 00000000 00:00 0 
7f44978fc000-7f44979fa000 rw-p 00000000 00:00 0 
7f44979fa000-7f44979fd000 ---p 00000000 00:00 0 
7f44979fd000-7f4497afb000 rw-p 00000000 00:00 0 
7f4497cfd000-7f4497d00000 ---p 00000000 00:00 0 
7f4497d00000-7f4497dfe000 rw-p 00000000 00:00 0 
7f4497dfe000-7f4497e01000 ---p 00000000 00:00 0 
7f4497e01000-7f4497eff000 rw-p 00000000 00:00 0 
7f4498000000-7f4498062000 rw-p 00000000 00:00 0 
7f4498062000-7f449c000000 ---p 00000000 00:00 0 
7f449c00d000-7f449c010000 ---p 00000000 00:00 0 
7f449c010000-7f449c10e000 rw-p 00000000 00:00 0 
7f449c10e000-7f449c111000 ---p 00000000 00:00 0 
7f449c111000-7f449c20f000 rw-p 00000000 00:00 0 
7f449c310000-7f449c313000 ---p 00000000 00:00 0 
7f449c313000-7f449c411000 rw-p 00000000 00:00 0 
7f449c411000-7f449c414000 ---p 00000000 00:00 0 
7f449c414000-7f449c512000 rw-p 00000000 00:00 0 
7f449c512000-7f449c515000 ---p 00000000 00:00 0 
7f449c515000-7f449c613000 rw-p 00000000 00:00 0 
7f449c613000-7f449c616000 ---p 00000000 00:00 0 
7f449c616000-7f449c714000 rw-p 00000000 00:00 0 
7f449c714000-7f449c717000 ---p 00000000 00:00 0 
7f449c717000-7f449c815000 rw-p 00000000 00:00 0 
7f449c815000-7f449c818000 ---p 00000000 00:00 0 
7f449c818000-7f449c916000 rw-p 00000000 00:00 0                          [stack:6791]
7f449c916000-7f449c919000 ---p 00000000 00:00 0 
7f449c919000-7f449ca17000 rw-p 00000000 00:00 0 
7f449cc19000-7f449cc1c000 ---p 00000000 00:00 0 
7f449cc1c000-7f449cd1a000 rw-p 00000000 00:00 0 
7f449cd1a000-7f449cd1d000 ---p 00000000 00:00 0 
7f449cd1d000-7f449ce1b000 rw-p 00000000 00:00 0 
7f449cf1c000-7f449cf1f000 ---p 00000000 00:00 0 
7f449cf1f000-7f449d01d000 rw-p 00000000 00:00 0 
7f449d01d000-7f449d020000 ---p 00000000 00:00 0 
7f449d020000-7f449d11e000 rw-p 00000000 00:00 0 
7f449d11e000-7f449d121000 ---p 00000000 00:00 0 
7f449d121000-7f449d21f000 rw-p 00000000 00:00 0 
7f449d21f000-7f449d222000 ---p 00000000 00:00 0 
7f449d222000-7f449d320000 rw-p 00000000 00:00 0                          [stack:6790]
7f449d320000-7f449d323000 ---p 00000000 00:00 0 
7f449d323000-7f449d421000 rw-p 00000000 00:00 0 
7f449d421000-7f449d424000 ---p 00000000 00:00 0 
7f449d424000-7f449d945000 rw-p 00000000 00:00 0 
7f449d945000-7f449d949000 r--s 000f7000 fc:00 2411346                    /usr/local/src/jdk1.7.0_25/jre/lib/ext/localedata.jar
7f449d949000-7f449d953000 r--s 00254000 fc:00 2411277                    /usr/local/src/jdk1.7.0_25/jre/lib/resources.jar
7f449db58000-7f449db5b000 ---p 00000000 00:00 0 
7f449db5b000-7f449dc59000 rw-p 00000000 00:00 0 
7f449dc59000-7f449dc5c000 ---p 00000000 00:00 0 
7f449dc5c000-7f449dd5a000 rw-p 00000000 00:00 0 
7f449dd5a000-7f449dd5d000 ---p 00000000 00:00 0 
7f449dd5d000-7f449de5b000 rw-p 00000000 00:00 0 
7f449df5c000-7f449df5f000 ---p 00000000 00:00 0 
7f449df5f000-7f449e05d000 rw-p 00000000 00:00 0 
7f449e05d000-7f449e060000 ---p 00000000 00:00 0 
7f449e060000-7f449e15e000 rw-p 00000000 00:00 0 
7f449e15e000-7f449e161000 ---p 00000000 00:00 0 
7f449e161000-7f449e25f000 rw-p 00000000 00:00 0 
7f449e25f000-7f449e262000 ---p 00000000 00:00 0 
7f449e262000-7f449e360000 rw-p 00000000 00:00 0 
7f449e360000-7f449e364000 r--s 0008a000 fc:00 2411356                    /usr/local/src/jdk1.7.0_25/jre/lib/jsse.jar
7f449e364000-7f449e374000 r-xp 00000000 fc:00 2411441                    /usr/local/src/jdk1.7.0_25/jre/lib/amd64/libnio.so
7f449e374000-7f449e574000 ---p 00010000 fc:00 2411441                    /usr/local/src/jdk1.7.0_25/jre/lib/amd64/libnio.so
7f449e574000-7f449e575000 rw-p 00010000 fc:00 2411441                    /usr/local/src/jdk1.7.0_25/jre/lib/amd64/libnio.so
7f449e575000-7f449e577000 r--s 00004000 fc:00 1092165                    /l/fifo/lucene/replicator/lib/jetty-continuation-8.1.10.v20130312.jar
7f449e577000-7f449e579000 r--s 0000d000 fc:00 1092164                    /l/fifo/lucene/replicator/lib/commons-logging-1.1.1.jar
7f449e579000-7f449e57c000 r--s 0002e000 fc:00 1092163                    /l/fifo/lucene/replicator/lib/javax.servlet-3.0.0.v201112011016.jar
7f449e57c000-7f449e581000 r--s 00050000 fc:00 1092162                    /l/fifo/lucene/replicator/lib/jetty-server-8.1.10.v20130312.jar
7f449e581000-7f449e58c000 r--s 00084000 fc:00 1092161                    /l/fifo/lucene/replicator/lib/httpclient-4.3.1.jar
7f449e58c000-7f449e592000 r--s 0003f000 fc:00 1092160                    /l/fifo/lucene/replicator/lib/httpcore-4.3.jar
7f449e592000-7f449e595000 r--s 00017000 fc:00 1092159                    /l/fifo/lucene/replicator/lib/jetty-io-8.1.10.v20130312.jar
7f449e595000-7f449e59a000 r--s 00041000 fc:00 1092158                    /l/fifo/lucene/replicator/lib/jetty-util-8.1.10.v20130312.jar
7f449e59a000-7f449e59c000 r--s 00016000 fc:00 1092157                    /l/fifo/lucene/replicator/lib/jetty-http-8.1.10.v20130312.jar
7f449e59c000-7f449e59e000 r--s 00017000 fc:00 1092156                    /l/fifo/lucene/replicator/lib/jetty-servlet-8.1.10.v20130312.jar
7f449e59e000-7f449e5a1000 ---p 00000000 00:00 0 
7f449e5a1000-7f449e69f000 rw-p 00000000 00:00 0 
7f449e69f000-7f449e6a2000 ---p 00000000 00:00 0 
7f449e6a2000-7f449e7a0000 rw-p 00000000 00:00 0 
7f449e7a0000-7f449e7b8000 r--s 00115000 fc:00 1090958                    /l/fifo/lucene/benchmark/lib/xercesImpl-2.9.1.jar
7f449e7b8000-7f449e7ba000 r--s 00017000 fc:00 1090957                    /l/fifo/lucene/benchmark/lib/spatial4j-0.4.1.jar
7f449e7ba000-7f449e7bd000 r--s 0001c000 fc:00 1090956                    /l/fifo/lucene/benchmark/lib/nekohtml-1.9.17.jar
7f449e7bd000-7f449e7c4000 r--s 00050000 fc:00 1090955                    /l/fifo/lucene/benchmark/lib/commons-compress-1.7.jar
7f449e7c4000-7f449e81f000 r--s 009a1000 fc:00 1090954                    /l/fifo/lucene/benchmark/lib/icu4j-52.1.jar
7f449e81f000-7f449e821000 r--s 00016000 fc:00 1060613                    /l/fifo/lucene/demo/lib/servlet-api-2.4.jar
7f449e821000-7f449e83f000 r--s 001bb000 fc:00 1060375                    /l/fifo/lucene/tools/lib/ant-1.8.2.jar
7f449e83f000-7f449e841000 r--s 00017000 fc:00 1060342                    /l/fifo/lucene/spatial/lib/spatial4j-0.4.1.jar
7f449e841000-7f449e858000 r--s 00122000 fc:00 970235                     /l/fifo/lucene/analysis/uima/lib/uimaj-core-2.3.1.jar
7f449e858000-7f449e8b3000 r--s 009a1000 fc:00 876405                     /l/fifo/lucene/analysis/icu/lib/icu4j-52.1.jar
7f449e8b3000-7f449e8ba000 r--s 0003a000 fc:00 876334                     /l/fifo/lucene/analysis/phonetic/lib/commons-codec-1.9.jar
7f449e8ba000-7f449e8d8000 r--s 001bb000 fc:00 1060564                    /l/fifo/lucene/test-framework/lib/ant-1.8.2.jar
7f449e8d8000-7f449e909000 rw-p 00000000 00:00 0 
7f449e909000-7f449e91e000 r-xp 00000000 fc:00 2411391                    /usr/local/src/jdk1.7.0_25/jre/lib/amd64/libnet.so
7f449e91e000-7f449eb1e000 ---p 00015000 fc:00 2411391                    /usr/local/src/jdk1.7.0_25/jre/lib/amd64/libnet.so
7f449eb1e000-7f449eb1f000 rw-p 00015000 fc:00 2411391                    /usr/local/src/jdk1.7.0_25/jre/lib/amd64/libnet.so
7f449eb1f000-7f449eb27000 r-xp 00000000 fc:00 2411393                    /usr/local/src/jdk1.7.0_25/jre/lib/amd64/libmanagement.so
7f449eb27000-7f449ed26000 ---p 00008000 fc:00 2411393                    /usr/local/src/jdk1.7.0_25/jre/lib/amd64/libmanagement.so
7f449ed26000-7f449ed27000 rw-p 00007000 fc:00 2411393                    /usr/local/src/jdk1.7.0_25/jre/lib/amd64/libmanagement.so
7f449ed27000-7f449ed28000 ---p 00000000 00:00 0 
7f449ed28000-7f449ee28000 rw-p 00000000 00:00 0                          [stack:27931]
7f449ee28000-7f449ee2b000 ---p 00000000 00:00 0 
7f449ee2b000-7f449ef29000 rw-p 00000000 00:00 0                          [stack:27930]
7f449ef29000-7f449ef2c000 ---p 00000000 00:00 0 
7f449ef2c000-7f449f02a000 rw-p 00000000 00:00 0                          [stack:27929]
7f449f02a000-7f449f02d000 ---p 00000000 00:00 0 
7f449f02d000-7f449f12b000 rw-p 00000000 00:00 0                          [stack:27928]
7f449f12b000-7f449f12e000 ---p 00000000 00:00 0 
7f449f12e000-7f449f22c000 rw-p 00000000 00:00 0                          [stack:27927]
7f449f22c000-7f449f4f5000 r--p 00000000 fc:00 2097534                    /usr/lib/locale/locale-archive
7f449f4f5000-7f449f4f8000 ---p 00000000 00:00 0 
7f449f4f8000-7f449f5f6000 rw-p 00000000 00:00 0                          [stack:27916]
7f449f5f6000-7f449f5f9000 ---p 00000000 00:00 0 
7f449f5f9000-7f449f6f7000 rw-p 00000000 00:00 0                          [stack:27915]
7f449f6f7000-7f449f6f8000 ---p 00000000 00:00 0 
7f449f6f8000-7f44a0000000 rw-p 00000000 00:00 0                          [stack:27913]
7f44a0000000-7f44a00d4000 rw-p 00000000 00:00 0 
7f44a00d4000-7f44a4000000 ---p 00000000 00:00 0 
7f44a4000000-7f44a4002000 r--s 00002000 fc:00 970236                     /l/fifo/lucene/analysis/uima/lib/WhitespaceTokenizer-2.3.1.jar
7f44a4002000-7f44a4004000 r--s 00518000 fc:00 970234                     /l/fifo/lucene/analysis/uima/lib/Tagger-2.3.1.jar
7f44a4004000-7f44a402b000 r--s 00109000 fc:00 1060563                    /l/fifo/lucene/test-framework/lib/junit4-ant-2.1.3.jar
7f44a402b000-7f44a5000000 rw-p 00000000 00:00 0 
7f44a5000000-7f44a7e40000 rwxp 00000000 00:00 0 
7f44a7e40000-7f44a86ad000 rw-p 00000000 00:00 0 
7f44a86ad000-7f44ac000000 ---p 00000000 00:00 0 
7f44ac000000-7f44ac001000 r--s 00006000 fc:00 1092198                    /l/fifo/lucene/sandbox/lib/jakarta-regexp-1.4.jar
7f44ac001000-7f44ac003000 r--s 0000c000 fc:00 970116                     /l/fifo/lucene/analysis/morfologik/lib/morfologik-fsa-1.7.1.jar
7f44ac003000-7f44ac004000 r--s 00008000 fc:00 970117                     /l/fifo/lucene/analysis/morfologik/lib/morfologik-stemming-1.7.1.jar
7f44ac004000-7f44ac005000 r--s 001db000 fc:00 970115                     /l/fifo/lucene/analysis/morfologik/lib/morfologik-polish-1.7.1.jar
7f44ac005000-7f44ac006000 r--s 0000b000 fc:00 875655                     /l/fifo/lucene/expressions/lib/asm-4.1.jar
7f44ac006000-7f44ac008000 r--s 00008000 fc:00 875654                     /l/fifo/lucene/expressions/lib/asm-commons-4.1.jar
7f44ac008000-7f44ac00b000 r--s 00026000 fc:00 875653                     /l/fifo/lucene/expressions/lib/antlr-runtime-3.5.jar
7f44ac00b000-7f44ac012000 r--s 00037000 fc:00 1060561                    /l/fifo/lucene/test-framework/lib/junit-4.10.jar
7f44ac012000-7f44ac4e9000 rw-p 00000000 00:00 0 
7f44ac4e9000-7f44ac6a6000 r--s 039f9000 fc:00 2411157                    /usr/local/src/jdk1.7.0_25/jre/lib/rt.jar
7f44ac6a6000-7f44addda000 rw-p 00000000 00:00 0 
7f44addda000-7f44adddb000 ---p 00000000 00:00 0 
7f44adddb000-7f44adedb000 rw-p 00000000 00:00 0                          [stack:27901]
7f44adedb000-7f44adedc000 ---p 00000000 00:00 0 
7f44adedc000-7f44adfdc000 rw-p 00000000 00:00 0                          [stack:27900]
7f44adfdc000-7f44adfdd000 ---p 00000000 00:00 0 
7f44adfdd000-7f44ae0dd000 rw-p 00000000 00:00 0                          [stack:27899]
7f44ae0dd000-7f44ae0de000 ---p 00000000 00:00 0 
7f44ae0de000-7f44ae1de000 rw-p 00000000 00:00 0                          [stack:27898]
7f44ae1de000-7f44ae1df000 ---p 00000000 00:00 0 
7f44ae1df000-7f44ae2df000 rw-p 00000000 00:00 0                          [stack:27896]
7f44ae2df000-7f44ae2e0000 ---p 00000000 00:00 0 
7f44ae2e0000-7f44ae3e0000 rw-p 00000000 00:00 0                          [stack:27895]
7f44ae3e0000-7f44ae3e1000 ---p 00000000 00:00 0 
7f44ae3e1000-7f44ae4e1000 rw-p 00000000 00:00 0                          [stack:27894]
7f44ae4e1000-7f44ae4e2000 ---p 00000000 00:00 0 
7f44ae4e2000-7f44ae5ff000 rw-p 00000000 00:00 0                          [stack:27893]
7f44ae5ff000-7f44ae60b000 rw-p 00000000 00:00 0 
7f44ae60b000-7f44ae6b6000 rw-p 00000000 00:00 0 
7f44ae6b6000-7f44ae6d3000 rw-p 00000000 00:00 0 
7f44ae6d3000-7f44ae6df000 rw-p 00000000 00:00 0 
7f44ae6df000-7f44ae789000 rw-p 00000000 00:00 0 
7f44ae789000-7f44ae7df000 rw-p 00000000 00:00 0 
7f44ae7df000-7f44ae7e0000 rw-p 00000000 00:00 0 
7f44ae7e0000-7f44ae7fb000 r-xp 00000000 fc:00 2411416                    /usr/local/src/jdk1.7.0_25/jre/lib/amd64/libzip.so
7f44ae7fb000-7f44ae9fa000 ---p 0001b000 fc:00 2411416                    /usr/local/src/jdk1.7.0_25/jre/lib/amd64/libzip.so
7f44ae9fa000-7f44ae9fb000 rw-p 0001a000 fc:00 2411416                    /usr/local/src/jdk1.7.0_25/jre/lib/amd64/libzip.so
7f44ae9fb000-7f44aea06000 r-xp 00000000 fc:00 6291487                    /lib/x86_64-linux-gnu/libnss_files-2.19.so
7f44aea06000-7f44aec05000 ---p 0000b000 fc:00 6291487                    /lib/x86_64-linux-gnu/libnss_files-2.19.so
7f44aec05000-7f44aec06000 r--p 0000a000 fc:00 6291487                    /lib/x86_64-linux-gnu/libnss_files-2.19.so
7f44aec06000-7f44aec07000 rw-p 0000b000 fc:00 6291487                    /lib/x86_64-linux-gnu/libnss_files-2.19.so
7f44aec07000-7f44aec12000 r-xp 00000000 fc:00 6291494                    /lib/x86_64-linux-gnu/libnss_nis-2.19.so
7f44aec12000-7f44aee11000 ---p 0000b000 fc:00 6291494                    /lib/x86_64-linux-gnu/libnss_nis-2.19.so
7f44aee11000-7f44aee12000 r--p 0000a000 fc:00 6291494                    /lib/x86_64-linux-gnu/libnss_nis-2.19.so
7f44aee12000-7f44aee13000 rw-p 0000b000 fc:00 6291494                    /lib/x86_64-linux-gnu/libnss_nis-2.19.so
7f44aee13000-7f44aee2a000 r-xp 00000000 fc:00 6291491                    /lib/x86_64-linux-gnu/libnsl-2.19.so
7f44aee2a000-7f44af029000 ---p 00017000 fc:00 6291491                    /lib/x86_64-linux-gnu/libnsl-2.19.so
7f44af029000-7f44af02a000 r--p 00016000 fc:00 6291491                    /lib/x86_64-linux-gnu/libnsl-2.19.so
7f44af02a000-7f44af02b000 rw-p 00017000 fc:00 6291491                    /lib/x86_64-linux-gnu/libnsl-2.19.so
7f44af02b000-7f44af02d000 rw-p 00000000 00:00 0 
7f44af02d000-7f44af036000 r-xp 00000000 fc:00 6291495                    /lib/x86_64-linux-gnu/libnss_compat-2.19.so
7f44af036000-7f44af235000 ---p 00009000 fc:00 6291495                    /lib/x86_64-linux-gnu/libnss_compat-2.19.so
7f44af235000-7f44af236000 r--p 00008000 fc:00 6291495                    /lib/x86_64-linux-gnu/libnss_compat-2.19.so
7f44af236000-7f44af237000 rw-p 00009000 fc:00 6291495                    /lib/x86_64-linux-gnu/libnss_compat-2.19.so
7f44af237000-7f44af260000 r-xp 00000000 fc:00 2411407                    /usr/local/src/jdk1.7.0_25/jre/lib/amd64/libjava.so
7f44af260000-7f44af460000 ---p 00029000 fc:00 2411407                    /usr/local/src/jdk1.7.0_25/jre/lib/amd64/libjava.so
7f44af460000-7f44af462000 rw-p 00029000 fc:00 2411407                    /usr/local/src/jdk1.7.0_25/jre/lib/amd64/libjava.so
7f44af462000-7f44af46f000 r-xp 00000000 fc:00 2411396                    /usr/local/src/jdk1.7.0_25/jre/lib/amd64/libverify.so
7f44af46f000-7f44af66e000 ---p 0000d000 fc:00 2411396                    /usr/local/src/jdk1.7.0_25/jre/lib/amd64/libverify.so
7f44af66e000-7f44af670000 rw-p 0000c000 fc:00 2411396                    /usr/local/src/jdk1.7.0_25/jre/lib/amd64/libverify.so
7f44af670000-7f44af677000 r-xp 00000000 fc:00 6291502                    /lib/x86_64-linux-gnu/librt-2.19.so
7f44af677000-7f44af876000 ---p 00007000 fc:00 6291502                    /lib/x86_64-linux-gnu/librt-2.19.so
7f44af876000-7f44af877000 r--p 00006000 fc:00 6291502                    /lib/x86_64-linux-gnu/librt-2.19.so
7f44af877000-7f44af878000 rw-p 00007000 fc:00 6291502                    /lib/x86_64-linux-gnu/librt-2.19.so
7f44af878000-7f44af97d000 r-xp 00000000 fc:00 6291488                    /lib/x86_64-linux-gnu/libm-2.19.so
7f44af97d000-7f44afb7c000 ---p 00105000 fc:00 6291488                    /lib/x86_64-linux-gnu/libm-2.19.so
7f44afb7c000-7f44afb7d000 r--p 00104000 fc:00 6291488                    /lib/x86_64-linux-gnu/libm-2.19.so
7f44afb7d000-7f44afb7e000 rw-p 00105000 fc:00 6291488                    /lib/x86_64-linux-gnu/libm-2.19.so
7f44afb7e000-7f44b05bf000 r-xp 00000000 fc:00 2411414                    /usr/local/src/jdk1.7.0_25/jre/lib/amd64/server/libjvm.so
7f44b05bf000-7f44b07bf000 ---p 00a41000 fc:00 2411414                    /usr/local/src/jdk1.7.0_25/jre/lib/amd64/server/libjvm.so
7f44b07bf000-7f44b0862000 rw-p 00a41000 fc:00 2411414                    /usr/local/src/jdk1.7.0_25/jre/lib/amd64/server/libjvm.so
7f44b0862000-7f44b089e000 rw-p 00000000 00:00 0 
7f44b089e000-7f44b0a5a000 r-xp 00000000 fc:00 6291485                    /lib/x86_64-linux-gnu/libc-2.19.so
7f44b0a5a000-7f44b0c59000 ---p 001bc000 fc:00 6291485                    /lib/x86_64-linux-gnu/libc-2.19.so
7f44b0c59000-7f44b0c5d000 r--p 001bb000 fc:00 6291485                    /lib/x86_64-linux-gnu/libc-2.19.so
7f44b0c5d000-7f44b0c5f000 rw-p 001bf000 fc:00 6291485                    /lib/x86_64-linux-gnu/libc-2.19.so
7f44b0c5f000-7f44b0c64000 rw-p 00000000 00:00 0 
7f44b0c64000-7f44b0c67000 r-xp 00000000 fc:00 6291498                    /lib/x86_64-linux-gnu/libdl-2.19.so
7f44b0c67000-7f44b0e66000 ---p 00003000 fc:00 6291498                    /lib/x86_64-linux-gnu/libdl-2.19.so
7f44b0e66000-7f44b0e67000 r--p 00002000 fc:00 6291498                    /lib/x86_64-linux-gnu/libdl-2.19.so
7f44b0e67000-7f44b0e68000 rw-p 00003000 fc:00 6291498                    /lib/x86_64-linux-gnu/libdl-2.19.so
7f44b0e68000-7f44b0e7e000 r-xp 00000000 fc:00 2411436                    /usr/local/src/jdk1.7.0_25/jre/lib/amd64/jli/libjli.so
7f44b0e7e000-7f44b107e000 ---p 00016000 fc:00 2411436                    /usr/local/src/jdk1.7.0_25/jre/lib/amd64/jli/libjli.so
7f44b107e000-7f44b107f000 rw-p 00016000 fc:00 2411436                    /usr/local/src/jdk1.7.0_25/jre/lib/amd64/jli/libjli.so
7f44b107f000-7f44b1098000 r-xp 00000000 fc:00 6291501                    /lib/x86_64-linux-gnu/libpthread-2.19.so
7f44b1098000-7f44b1297000 ---p 00019000 fc:00 6291501                    /lib/x86_64-linux-gnu/libpthread-2.19.so
7f44b1297000-7f44b1298000 r--p 00018000 fc:00 6291501                    /lib/x86_64-linux-gnu/libpthread-2.19.so
7f44b1298000-7f44b1299000 rw-p 00019000 fc:00 6291501                    /lib/x86_64-linux-gnu/libpthread-2.19.so
7f44b1299000-7f44b129d000 rw-p 00000000 00:00 0 
7f44b129d000-7f44b12c0000 r-xp 00000000 fc:00 6291475                    /lib/x86_64-linux-gnu/ld-2.19.so
7f44b12c0000-7f44b13a1000 rw-p 00000000 00:00 0 
7f44b13a1000-7f44b13a8000 rw-p 00000000 00:00 0 
7f44b13a8000-7f44b13ab000 ---p 00000000 00:00 0 
7f44b13ab000-7f44b14ad000 rw-p 00000000 00:00 0                          [stack:27883]
7f44b14ad000-7f44b14b3000 r--s 0002f000 fc:00 1060562                    /l/fifo/lucene/test-framework/lib/randomizedtesting-runner-2.1.3.jar
7f44b14b3000-7f44b14bb000 rw-s 00000000 fc:00 4849904                    /tmp/hsperfdata_mike/27879
7f44b14bb000-7f44b14bc000 rw-p 00000000 00:00 0 
7f44b14bc000-7f44b14bd000 r--p 00000000 00:00 0 
7f44b14bd000-7f44b14bf000 rw-p 00000000 00:00 0 
7f44b14bf000-7f44b14c0000 r--p 00022000 fc:00 6291475                    /lib/x86_64-linux-gnu/ld-2.19.so
7f44b14c0000-7f44b14c1000 rw-p 00023000 fc:00 6291475                    /lib/x86_64-linux-gnu/ld-2.19.so
7f44b14c1000-7f44b14c2000 rw-p 00000000 00:00 0 
7fff0467c000-7fff0469f000 rw-p 00000000 00:00 0                          [stack]
7fff047fe000-7fff04800000 r-xp 00000000 00:00 0                          [vdso]
ffffffffff600000-ffffffffff601000 r-xp 00000000 00:00 0                  [vsyscall]

VM Arguments:
jvm_args: -Dtests.prefix=tests -Xmx512M -Dtests.iters= -Dtests.verbose=false -Dtests.infostream=false -Dtests.lockdir=/l/fifo/lucene/build -Dtests.postingsformat=random -Dtests.directory=random -Dtests.linedocsfile=europarl.lines.txt.gz -Dtests.luceneMatchVersion=5.0 -Dtests.cleanthreads=perMethod -Djava.util.logging.config.file=/l/fifo/lucene/tools/junit4/logging.properties -Dtests.nightly=false -Dtests.weekly=false -Dtests.slow=true -Dtests.asserts.gracious=false -Dtests.multiplier=1 -DtempDir=/s2/tmp -Djetty.testMode=1 -Djetty.insecurerandom=1 -Dsolr.directoryFactory=org.apache.solr.core.MockDirectoryFactory -Dlucene.version=5.0-SNAPSHOT -Djava.security.policy=/l/fifo/lucene/tools/junit4/tests.policy -Dtests.codec=random -Dtests.seed=459d03f9be2b4bc5 -ea:org.apache.lucene... -ea:org.apache.solr... 
java_command: com.carrotsearch.ant.tasks.junit4.slave.SlaveMainSafe -flush -stdin -eventsfile /l/fifo/lucene/build/C2.events
Launcher Type: SUN_STANDARD

Environment Variables:
JAVA_HOME=/usr/local/src/jdk1.7.0_25
PATH=/home/mike/bin:/usr/local/src/apache-ant-1.8.3/bin:/usr/local/src/apache-maven-3.2.1/bin:/usr/local/src/apache-ant-1.8.3/bin:/usr/local/src/jdk1.7.0_25/bin:/usr/local/bin:/home/mike/bin:/usr/local/sbin:/usr/local/bin:/usr/sbin:/usr/bin:/sbin:/bin
SHELL=/bin/bash

Signal Handlers:
SIGSEGV: [libjvm.so+0x8a26a0], sa_mask[0]=0x7ffbfeff, sa_flags=0x10000004
SIGBUS: [libjvm.so+0x8a26a0], sa_mask[0]=0x7ffbfeff, sa_flags=0x10000004
SIGFPE: [libjvm.so+0x73f3d0], sa_mask[0]=0x7ffbfeff, sa_flags=0x10000004
SIGPIPE: [libjvm.so+0x73f3d0], sa_mask[0]=0x7ffbfeff, sa_flags=0x10000004
SIGXFSZ: [libjvm.so+0x73f3d0], sa_mask[0]=0x7ffbfeff, sa_flags=0x10000004
SIGILL: [libjvm.so+0x73f3d0], sa_mask[0]=0x7ffbfeff, sa_flags=0x10000004
SIGUSR1: SIG_DFL, sa_mask[0]=0x00000000, sa_flags=0x00000000
SIGUSR2: [libjvm.so+0x73ed20], sa_mask[0]=0x00000000, sa_flags=0x10000004
SIGHUP: [libjvm.so+0x7410b0], sa_mask[0]=0x7ffbfeff, sa_flags=0x10000004
SIGINT: [libjvm.so+0x7410b0], sa_mask[0]=0x7ffbfeff, sa_flags=0x10000004
SIGTERM: [libjvm.so+0x7410b0], sa_mask[0]=0x7ffbfeff, sa_flags=0x10000004
SIGQUIT: [libjvm.so+0x7410b0], sa_mask[0]=0x7ffbfeff, sa_flags=0x10000004


---------------  S Y S T E M  ---------------

OS:jessie/sid

uname:Linux 3.13.0-24-generic #46-Ubuntu SMP Thu Apr 10 19:11:08 UTC 2014 x86_64
libc:glibc 2.19 NPTL 2.19 
rlimit: STACK 8192k, CORE infinity, NPROC 125866, NOFILE 4096, AS infinity
load average:3.45 4.37 5.09

/proc/meminfo:
MemTotal:       16133192 kB
MemFree:         2635032 kB
Buffers:         1436820 kB
Cached:          7629408 kB
SwapCached:            0 kB
Active:          8356420 kB
Inactive:        3343096 kB
Active(anon):    2636432 kB
Inactive(anon):     2988 kB
Active(file):    5719988 kB
Inactive(file):  3340108 kB
Unevictable:           0 kB
Mlocked:               0 kB
SwapTotal:             0 kB
SwapFree:              0 kB
Dirty:               748 kB
Writeback:             0 kB
AnonPages:       2633320 kB
Mapped:            41336 kB
Shmem:              6128 kB
Slab:            1584692 kB
SReclaimable:    1530856 kB
SUnreclaim:        53836 kB
KernelStack:        2120 kB
PageTables:        16460 kB
NFS_Unstable:          0 kB
Bounce:                0 kB
WritebackTmp:          0 kB
CommitLimit:     8066596 kB
Committed_AS:    2505076 kB
VmallocTotal:   34359738367 kB
VmallocUsed:      374352 kB
VmallocChunk:   34359356464 kB
HardwareCorrupted:     0 kB
AnonHugePages:   2056192 kB
HugePages_Total:       0
HugePages_Free:        0
HugePages_Rsvd:        0
HugePages_Surp:        0
Hugepagesize:       2048 kB
DirectMap4k:      272724 kB
DirectMap2M:    16199680 kB


CPU:total 8 (4 cores per cpu, 2 threads per core) family 6 model 58 stepping 9, cmov, cx8, fxsr, mmx, sse, sse2, sse3, ssse3, sse4.1, sse4.2, popcnt, avx, ht, tsc, tscinvbit, tscinv

/proc/cpuinfo:
processor	: 0
vendor_id	: GenuineIntel
cpu family	: 6
model		: 58
model name	: Intel(R) Core(TM) i7-3770K CPU @ 3.50GHz
stepping	: 9
microcode	: 0x12
cpu MHz		: 1600.000
cache size	: 8192 KB
physical id	: 0
siblings	: 8
core id		: 0
cpu cores	: 4
apicid		: 0
initial apicid	: 0
fpu		: yes
fpu_exception	: yes
cpuid level	: 13
wp		: yes
flags		: fpu vme de pse tsc msr pae mce cx8 apic sep mtrr pge mca cmov pat pse36 clflush dts acpi mmx fxsr sse sse2 ss ht tm pbe syscall nx rdtscp lm constant_tsc arch_perfmon pebs bts rep_good nopl xtopology nonstop_tsc aperfmperf eagerfpu pni pclmulqdq dtes64 monitor ds_cpl vmx est tm2 ssse3 cx16 xtpr pdcm pcid sse4_1 sse4_2 popcnt tsc_deadline_timer aes xsave avx f16c rdrand lahf_lm ida arat epb xsaveopt pln pts dtherm tpr_shadow vnmi flexpriority ept vpid fsgsbase smep erms
bogomips	: 6999.90
clflush size	: 64
cache_alignment	: 64
address sizes	: 36 bits physical, 48 bits virtual
power management:

processor	: 1
vendor_id	: GenuineIntel
cpu family	: 6
model		: 58
model name	: Intel(R) Core(TM) i7-3770K CPU @ 3.50GHz
stepping	: 9
microcode	: 0x12
cpu MHz		: 1600.000
cache size	: 8192 KB
physical id	: 0
siblings	: 8
core id		: 1
cpu cores	: 4
apicid		: 2
initial apicid	: 2
fpu		: yes
fpu_exception	: yes
cpuid level	: 13
wp		: yes
flags		: fpu vme de pse tsc msr pae mce cx8 apic sep mtrr pge mca cmov pat pse36 clflush dts acpi mmx fxsr sse sse2 ss ht tm pbe syscall nx rdtscp lm constant_tsc arch_perfmon pebs bts rep_good nopl xtopology nonstop_tsc aperfmperf eagerfpu pni pclmulqdq dtes64 monitor ds_cpl vmx est tm2 ssse3 cx16 xtpr pdcm pcid sse4_1 sse4_2 popcnt tsc_deadline_timer aes xsave avx f16c rdrand lahf_lm ida arat epb xsaveopt pln pts dtherm tpr_shadow vnmi flexpriority ept vpid fsgsbase smep erms
bogomips	: 6999.90
clflush size	: 64
cache_alignment	: 64
address sizes	: 36 bits physical, 48 bits virtual
power management:

processor	: 2
vendor_id	: GenuineIntel
cpu family	: 6
model		: 58
model name	: Intel(R) Core(TM) i7-3770K CPU @ 3.50GHz
stepping	: 9
microcode	: 0x12
cpu MHz		: 1600.000
cache size	: 8192 KB
physical id	: 0
siblings	: 8
core id		: 2
cpu cores	: 4
apicid		: 4
initial apicid	: 4
fpu		: yes
fpu_exception	: yes
cpuid level	: 13
wp		: yes
flags		: fpu vme de pse tsc msr pae mce cx8 apic sep mtrr pge mca cmov pat pse36 clflush dts acpi mmx fxsr sse sse2 ss ht tm pbe syscall nx rdtscp lm constant_tsc arch_perfmon pebs bts rep_good nopl xtopology nonstop_tsc aperfmperf eagerfpu pni pclmulqdq dtes64 monitor ds_cpl vmx est tm2 ssse3 cx16 xtpr pdcm pcid sse4_1 sse4_2 popcnt tsc_deadline_timer aes xsave avx f16c rdrand lahf_lm ida arat epb xsaveopt pln pts dtherm tpr_shadow vnmi flexpriority ept vpid fsgsbase smep erms
bogomips	: 6999.90
clflush size	: 64
cache_alignment	: 64
address sizes	: 36 bits physical, 48 bits virtual
power management:

processor	: 3
vendor_id	: GenuineIntel
cpu family	: 6
model		: 58
model name	: Intel(R) Core(TM) i7-3770K CPU @ 3.50GHz
stepping	: 9
microcode	: 0x12
cpu MHz		: 1600.000
cache size	: 8192 KB
physical id	: 0
siblings	: 8
core id		: 3
cpu cores	: 4
apicid		: 6
initial apicid	: 6
fpu		: yes
fpu_exception	: yes
cpuid level	: 13
wp		: yes
flags		: fpu vme de pse tsc msr pae mce cx8 apic sep mtrr pge mca cmov pat pse36 clflush dts acpi mmx fxsr sse sse2 ss ht tm pbe syscall nx rdtscp lm constant_tsc arch_perfmon pebs bts rep_good nopl xtopology nonstop_tsc aperfmperf eagerfpu pni pclmulqdq dtes64 monitor ds_cpl vmx est tm2 ssse3 cx16 xtpr pdcm pcid sse4_1 sse4_2 popcnt tsc_deadline_timer aes xsave avx f16c rdrand lahf_lm ida arat epb xsaveopt pln pts dtherm tpr_shadow vnmi flexpriority ept vpid fsgsbase smep erms
bogomips	: 6999.90
clflush size	: 64
cache_alignment	: 64
address sizes	: 36 bits physical, 48 bits virtual
power management:

processor	: 4
vendor_id	: GenuineIntel
cpu family	: 6
model		: 58
model name	: Intel(R) Core(TM) i7-3770K CPU @ 3.50GHz
stepping	: 9
microcode	: 0x12
cpu MHz		: 3501.000
cache size	: 8192 KB
physical id	: 0
siblings	: 8
core id		: 0
cpu cores	: 4
apicid		: 1
initial apicid	: 1
fpu		: yes
fpu_exception	: yes
cpuid level	: 13
wp		: yes
flags		: fpu vme de pse tsc msr pae mce cx8 apic sep mtrr pge mca cmov pat pse36 clflush dts acpi mmx fxsr sse sse2 ss ht tm pbe syscall nx rdtscp lm constant_tsc arch_perfmon pebs bts rep_good nopl xtopology nonstop_tsc aperfmperf eagerfpu pni pclmulqdq dtes64 monitor ds_cpl vmx est tm2 ssse3 cx16 xtpr pdcm pcid sse4_1 sse4_2 popcnt tsc_deadline_timer aes xsave avx f16c rdrand lahf_lm ida arat epb xsaveopt pln pts dtherm tpr_shadow vnmi flexpriority ept vpid fsgsbase smep erms
bogomips	: 6999.90
clflush size	: 64
cache_alignment	: 64
address sizes	: 36 bits physical, 48 bits virtual
power management:

processor	: 5
vendor_id	: GenuineIntel
cpu family	: 6
model		: 58
model name	: Intel(R) Core(TM) i7-3770K CPU @ 3.50GHz
stepping	: 9
microcode	: 0x12
cpu MHz		: 1600.000
cache size	: 8192 KB
physical id	: 0
siblings	: 8
core id		: 1
cpu cores	: 4
apicid		: 3
initial apicid	: 3
fpu		: yes
fpu_exception	: yes
cpuid level	: 13
wp		: yes
flags		: fpu vme de pse tsc msr pae mce cx8 apic sep mtrr pge mca cmov pat pse36 clflush dts acpi mmx fxsr sse sse2 ss ht tm pbe syscall nx rdtscp lm constant_tsc arch_perfmon pebs bts rep_good nopl xtopology nonstop_tsc aperfmperf eagerfpu pni pclmulqdq dtes64 monitor ds_cpl vmx est tm2 ssse3 cx16 xtpr pdcm pcid sse4_1 sse4_2 popcnt tsc_deadline_timer aes xsave avx f16c rdrand lahf_lm ida arat epb xsaveopt pln pts dtherm tpr_shadow vnmi flexpriority ept vpid fsgsbase smep erms
bogomips	: 6999.90
clflush size	: 64
cache_alignment	: 64
address sizes	: 36 bits physical, 48 bits virtual
power management:

processor	: 6
vendor_id	: GenuineIntel
cpu family	: 6
model		: 58
model name	: Intel(R) Core(TM) i7-3770K CPU @ 3.50GHz
stepping	: 9
microcode	: 0x12
cpu MHz		: 1600.000
cache size	: 8192 KB
physical id	: 0
siblings	: 8
core id		: 2
cpu cores	: 4
apicid		: 5
initial apicid	: 5
fpu		: yes
fpu_exception	: yes
cpuid level	: 13
wp		: yes
flags		: fpu vme de pse tsc msr pae mce cx8 apic sep mtrr pge mca cmov pat pse36 clflush dts acpi mmx fxsr sse sse2 ss ht tm pbe syscall nx rdtscp lm constant_tsc arch_perfmon pebs bts rep_good nopl xtopology nonstop_tsc aperfmperf eagerfpu pni pclmulqdq dtes64 monitor ds_cpl vmx est tm2 ssse3 cx16 xtpr pdcm pcid sse4_1 sse4_2 popcnt tsc_deadline_timer aes xsave avx f16c rdrand lahf_lm ida arat epb xsaveopt pln pts dtherm tpr_shadow vnmi flexpriority ept vpid fsgsbase smep erms
bogomips	: 6999.90
clflush size	: 64
cache_alignment	: 64
address sizes	: 36 bits physical, 48 bits virtual
power management:

processor	: 7
vendor_id	: GenuineIntel
cpu family	: 6
model		: 58
model name	: Intel(R) Core(TM) i7-3770K CPU @ 3.50GHz
stepping	: 9
microcode	: 0x12
cpu MHz		: 3501.000
cache size	: 8192 KB
physical id	: 0
siblings	: 8
core id		: 3
cpu cores	: 4
apicid		: 7
initial apicid	: 7
fpu		: yes
fpu_exception	: yes
cpuid level	: 13
wp		: yes
flags		: fpu vme de pse tsc msr pae mce cx8 apic sep mtrr pge mca cmov pat pse36 clflush dts acpi mmx fxsr sse sse2 ss ht tm pbe syscall nx rdtscp lm constant_tsc arch_perfmon pebs bts rep_good nopl xtopology nonstop_tsc aperfmperf eagerfpu pni pclmulqdq dtes64 monitor ds_cpl vmx est tm2 ssse3 cx16 xtpr pdcm pcid sse4_1 sse4_2 popcnt tsc_deadline_timer aes xsave avx f16c rdrand lahf_lm ida arat epb xsaveopt pln pts dtherm tpr_shadow vnmi flexpriority ept vpid fsgsbase smep erms
bogomips	: 6999.90
clflush size	: 64
cache_alignment	: 64
address sizes	: 36 bits physical, 48 bits virtual
power management:



Memory: 4k page, physical 16133192k(2635032k free), swap 0k(0k free)

vm_info: Java HotSpot(TM) 64-Bit Server VM (23.25-b01) for linux-amd64 JRE (1.7.0_25-b15), built on Jun  5 2013 20:48:36 by "java_re" with gcc 4.3.0 20080428 (Red Hat 4.3.0-8)

time: Wed May  7 11:58:45 2014
elapsed time: 1036 seconds

