> 149564
  lucene/java/branches
  lucene/java/tags
  lucene/java/trunk
> 497231
  lucene/solr/tags
  lucene/solr
  lucene/solr/tags/release-1.1.0
  lucene/solr/branches/branch-1.1
  lucene/solr/branches
  lucene/solr/trunk
  lucene/solr/nightly
> 507614
  lucene/java/branches/lucene_2_1
  lucene/java/branches/LUCENE_2_1
> 545391
  lucene/java/branches/lucene_2_2
  lucene/java/trunk
> 545686
  lucene/java/branches/lucene_2_2
  lucene/java/trunk
> 545693
  lucene/java/branches/lucene_2_2
  lucene/java/trunk
> 545696
  lucene/java/branches/lucene_2_2
  lucene/java/trunk
> 610862
  lucene/java/branches/lucene_2_3
  lucene/java/trunk
> 824619
  lucene/java/tags/lucene_2_9_back_compat_tests_20091012
  lucene/java/tags/lucene_2_9_back_compat_tests_20091012a
> 922951
  lucene/solr/branches/solr
  lucene/java/trunk
> 924270
  lucene/java/branches/lucene_3_0_back_compat_tests
  lucene/java/branches/flex_1458_3_0_back_compat_tests
> 924463
  lucene/solr/branches/solr
  lucene/solr/branches/newtrunk
> 926572
  lucene/dev/branches
  lucene/dev/tags
  lucene/dev/trunk
> 926581
  lucene/solr/branches/branch-1.5-dev
  lucene/solr/trunk
> 966168
  lucene/dev/branches/realtime_search
  lucene/dev/trunk
> 1023802
  lucene/dev/branches/branch_3x
  lucene/dev/trunk
> 1025784
  lucene/dev/branches/branch_3x
  lucene/dev/trunk
> 1063093
  lucene/java/branches/lucene_3_0
  lucene/java/branches/lucene_2_9
> 1086657
  lucene/dev/misc/announcements/lucene-3.1.txt
  lucene/dev/misc/announcements/solr-3.1.txt
> 1086669
  lucene/dev/misc/announcements/lucene-3.1.txt
  lucene/dev/misc/announcements/solr-3.1.txt
> 1096983
  lucene/dev/branches/branch_3x
  lucene/dev/branches/lucene_solr_3_1
  lucene/dev/trunk
> 1098428
  lucene/dev/tags/realtime_DWPT_final_2011-05-02
  lucene/dev/branches/realtime_search
> 1324898
  lucene/dev/branches/branch_3x
  lucene/dev/branches/lucene_solr_3_6
> 1418606
  lucene/dev/branches/branch_4x
  lucene/dev/trunk
> 1564592
  lucene/dev/branches/branch_4x
  lucene/dev/trunk
> 1569664
  lucene/dev/branches/security
  lucene/dev/branches/solr4470
> 1569975
  lucene/dev/branches/branch_4x
  lucene/dev/trunk
> 1639344
  lucene/dev/branches/lucene2878
  lucene/dev/lucene2878
