#
# A fatal error has been detected by the Java Runtime Environment:
#
#  SIGILL (0x4) at pc=0x00007f69347af02e, pid=529873, tid=530195
#
# JRE version: OpenJDK Runtime Environment (11.0.6+10) (build 11.0.6+10)
# Java VM: OpenJDK 64-Bit Server VM (11.0.6+10, mixed mode, tiered, z gc, linux-amd64)
# Problematic frame:
# J 4987% c2 org.apache.lucene.codecs.lucene90.compressing.Lucene90CompressingTermVectorsReader.positionIndex(IILorg/apache/lucene/util/LongValues;[I)[[I (136 bytes) @ 0x00007f69347af02e [0x00007f69347ae480+0x0000000000000bae]
#
# No core dump will be written. Core dumps have been disabled. To enable core dumping, try "ulimit -c unlimited" before starting Java again
#
# If you would like to submit a bug report, please visit:
#   https://github.com/AdoptOpenJDK/openjdk-support/issues
#

---------------  S U M M A R Y ------------

Command Line: -Dcommon.dir=/home/jenkins/workspace/Lucene-main-Linux/lucene -Dgradle.lib.dir=/home/jenkins/.gradle/wrapper/dists/gradle-6.8.3-all/6czipnbiesy2sl92ioo8dht91/gradle-6.8.3/lib -Dgradle.user.home=/home/jenkins/.gradle -Dgradle.worker.jar=/home/jenkins/.gradle/caches/6.8.3/workerMain/gradle-worker.jar -Djava.awt.headless=true -Djava.security.egd=file:/dev/./urandom -Djava.security.manager=org.apache.lucene.util.TestSecurityManager -Djava.security.policy=/home/jenkins/workspace/Lucene-main-Linux/gradle/testing/randomization/policies/tests.policy -Djava.util.logging.config.file=/home/jenkins/workspace/Lucene-main-Linux/gradle/testing/defaults-tests/logging.properties -Djdk.map.althashing.threshold=0 -Djetty.insecurerandom=1 -Djetty.testMode=1 -Djunit4.childvm.count=1 -Djunit4.childvm.id=0 -Dorg.gradle.native=false -DtempDir=/home/jenkins/workspace/Lucene-main-Linux/lucene/expressions/build/tmp/tests-tmp -Dtests.LUCENE_VERSION=9.0.0 -Dtests.asserts=true -Dtests.badapples=false -Dtests.codec=random -Dtests.directory=random -Dtests.docvaluesformat=random -Dtests.dups=0 -Dtests.failfast=false -Dtests.file.encoding=ISO-8859-1 -Dtests.haltonfailure=false -Dtests.heapsize=512m -Dtests.infostream=false -Dtests.jvmargs=-XX:-UseCompressedOops -XX:+UnlockExperimentalVMOptions -XX:+UseZGC -Dtests.jvms=6 -Dtests.leaveTemporary=false -Dtests.linedocsfile=europarl.lines.txt.gz -Dtests.locale=random -Dtests.minheapsize=256m -Dtests.monster=false -Dtests.multiplier=3 -Dtests.nightly=false -Dtests.postingsformat=random -Dtests.profile=false -Dtests.seed=25E6600265A5C2D4 -Dtests.slow=true -Dtests.slowestSuites=true -Dtests.slowestTests=true -Dtests.timezone=random -Dtests.useSecurityManager=true -Dtests.verbose=false -Dtests.weekly=false -Dtests.workDir=/home/jenkins/workspace/Lucene-main-Linux/lucene/expressions/build/tmp/tests-tmp -XX:-UseCompressedOops -XX:+UnlockExperimentalVMOptions -XX:+UseZGC --illegal-access=deny -da:java.util.HashMap -esa -Xms256m -Xmx512m -Dfile.encoding=UTF-8 -Djava.io.tmpdir=/home/jenkins/workspace/Lucene-main-Linux/lucene/expressions/build/tmp/tests-tmp -Duser.country=US -Duser.language=en -Duser.variant -ea worker.org.gradle.process.internal.worker.GradleWorkerMain 'Gradle Test Executor 40'

Host: AMD Ryzen 7 3700X 8-Core Processor, 16 cores, 62G, Ubuntu 20.04.2 LTS
Time: Wed Jun  2 09:32:20 2021 UTC elapsed time: 4 seconds (0d 0h 0m 4s)

---------------  T H R E A D  ---------------

Current thread (0x00007f68780d24e0):  JavaThread "TEST-TestExpressionSorts.testQueries-seed#[25E6600265A5C2D4]" [_thread_in_Java, id=530195, stack(0x00007f68ae1f2000,0x00007f68ae2f3000)]

Stack: [0x00007f68ae1f2000,0x00007f68ae2f3000],  sp=0x00007f68ae2ef800,  free space=1014k
Native frames: (J=compiled Java code, A=aot compiled Java code, j=interpreted, Vv=VM code, C=native code)
J 4987% c2 org.apache.lucene.codecs.lucene90.compressing.Lucene90CompressingTermVectorsReader.positionIndex(IILorg/apache/lucene/util/LongValues;[I)[[I (136 bytes) @ 0x00007f69347af02e [0x00007f69347ae480+0x0000000000000bae]
J 4952 c1 org.apache.lucene.codecs.lucene90.compressing.Lucene90CompressingTermVectorsReader.get(I)Lorg/apache/lucene/index/Fields; (2695 bytes) @ 0x00007f692db07754 [0x00007f692db025c0+0x0000000000005194]
J 4895 c1 org.apache.lucene.codecs.asserting.AssertingTermVectorsFormat$AssertingTermVectorsReader.get(I)Lorg/apache/lucene/index/Fields; (26 bytes) @ 0x00007f692daace2c [0x00007f692daacd20+0x000000000000010c]
j  org.apache.lucene.index.CheckIndex.testTermVectors(Lorg/apache/lucene/index/CodecReader;Ljava/io/PrintStream;ZZZ)Lorg/apache/lucene/index/CheckIndex$Status$TermVectorStatus;+96
j  org.apache.lucene.index.CheckIndex.checkIndex(Ljava/util/List;)Lorg/apache/lucene/index/CheckIndex$Status;+1718
j  org.apache.lucene.util.TestUtil.checkIndex(Lorg/apache/lucene/store/Directory;ZZLjava/io/ByteArrayOutputStream;)Lorg/apache/lucene/index/CheckIndex$Status;+67
j  org.apache.lucene.store.MockDirectoryWrapper.close()V+276
j  org.apache.lucene.expressions.TestExpressionSorts.tearDown()V+11
v  ~StubRoutines::call_stub
V  [libjvm.so+0x887569]  JavaCalls::call_helper(JavaValue*, methodHandle const&, JavaCallArguments*, Thread*)+0x3b9
V  [libjvm.so+0xcb1a2d]  invoke(InstanceKlass*, methodHandle const&, Handle, bool, objArrayHandle, BasicType, objArrayHandle, bool, Thread*) [clone .constprop.80]+0x43d
V  [libjvm.so+0xcb2a62]  Reflection::invoke_method(oopDesc*, Handle, objArrayHandle, Thread*)+0x102
V  [libjvm.so+0x93b0cc]  JVM_InvokeMethod+0xfc
j  jdk.internal.reflect.NativeMethodAccessorImpl.invoke0(Ljava/lang/reflect/Method;Ljava/lang/Object;[Ljava/lang/Object;)Ljava/lang/Object;+0 java.base@11.0.6
j  jdk.internal.reflect.NativeMethodAccessorImpl.invoke(Ljava/lang/Object;[Ljava/lang/Object;)Ljava/lang/Object;+100 java.base@11.0.6
j  jdk.internal.reflect.DelegatingMethodAccessorImpl.invoke(Ljava/lang/Object;[Ljava/lang/Object;)Ljava/lang/Object;+6 java.base@11.0.6
j  java.lang.reflect.Method.invoke(Ljava/lang/Object;[Ljava/lang/Object;)Ljava/lang/Object;+59 java.base@11.0.6
j  com.carrotsearch.randomizedtesting.RandomizedRunner.invoke(Ljava/lang/reflect/Method;Ljava/lang/Object;[Ljava/lang/Object;)V+69
j  com.carrotsearch.randomizedtesting.RandomizedRunner$10.evaluate()V+69
j  org.apache.lucene.util.TestRuleSetupTeardownChained$1.evaluate()V+20
j  org.apache.lucene.util.AbstractBeforeAfterRule$1.evaluate()V+19
j  org.apache.lucene.util.TestRuleThreadAndTestName$1.evaluate()V+30
j  org.apache.lucene.util.TestRuleIgnoreAfterMaxFailures$1.evaluate()V+36
j  org.apache.lucene.util.TestRuleMarkFailure$1.evaluate()V+12
j  org.junit.rules.RunRules.evaluate()V+4
j  com.carrotsearch.randomizedtesting.rules.StatementAdapter.evaluate()V+16
j  com.carrotsearch.randomizedtesting.ThreadLeakControl$StatementRunner.run()V+4
j  com.carrotsearch.randomizedtesting.ThreadLeakControl.forkTimeoutingTask(Lcom/carrotsearch/randomizedtesting/ThreadLeakControl$StatementRunner;ILjava/util/List;)Z+5
j  com.carrotsearch.randomizedtesting.ThreadLeakControl$3.evaluate()V+55
j  com.carrotsearch.randomizedtesting.RandomizedRunner.runSingleTest(Lorg/junit/runner/notification/RunNotifier;Lcom/carrotsearch/randomizedtesting/RandomizedRunner$TestCandidate;Lcom/carrotsearch/randomizedtesting/ThreadLeakControl;)V+84
j  com.carrotsearch.randomizedtesting.RandomizedRunner$5.evaluate()V+234
j  com.carrotsearch.randomizedtesting.RandomizedRunner$6.evaluate()V+77
j  com.carrotsearch.randomizedtesting.RandomizedRunner$7.evaluate()V+12
j  org.apache.lucene.util.AbstractBeforeAfterRule$1.evaluate()V+19
j  com.carrotsearch.randomizedtesting.rules.StatementAdapter.evaluate()V+16
j  org.apache.lucene.util.TestRuleStoreClassName$1.evaluate()V+15
j  com.carrotsearch.randomizedtesting.rules.NoShadowingOrOverridesOnMethodsRule$1.evaluate()V+31
j  com.carrotsearch.randomizedtesting.rules.NoShadowingOrOverridesOnMethodsRule$1.evaluate()V+31
j  com.carrotsearch.randomizedtesting.rules.StatementAdapter.evaluate()V+16
j  com.carrotsearch.randomizedtesting.rules.StatementAdapter.evaluate()V+16
j  org.apache.lucene.util.TestRuleAssertionsRequired$1.evaluate()V+82
j  org.apache.lucene.util.AbstractBeforeAfterRule$1.evaluate()V+19
j  org.apache.lucene.util.TestRuleMarkFailure$1.evaluate()V+12
j  org.apache.lucene.util.TestRuleIgnoreAfterMaxFailures$1.evaluate()V+36
j  org.apache.lucene.util.TestRuleIgnoreTestSuites$1.evaluate()V+27
j  org.junit.rules.RunRules.evaluate()V+4
j  com.carrotsearch.randomizedtesting.rules.StatementAdapter.evaluate()V+16
j  com.carrotsearch.randomizedtesting.ThreadLeakControl$StatementRunner.run()V+4
j  com.carrotsearch.randomizedtesting.ThreadLeakControl.lambda$forkTimeoutingTask$0(Lcom/carrotsearch/randomizedtesting/ThreadLeakControl$StatementRunner;Ljava/util/concurrent/atomic/AtomicBoolean;Ljava/lang/Thread;)V+1
j  com.carrotsearch.randomizedtesting.ThreadLeakControl$$Lambda$102.run()V+12
j  java.lang.Thread.run()V+11 java.base@11.0.6
v  ~StubRoutines::call_stub
V  [libjvm.so+0x887569]  JavaCalls::call_helper(JavaValue*, methodHandle const&, JavaCallArguments*, Thread*)+0x3b9
V  [libjvm.so+0x88550d]  JavaCalls::call_virtual(JavaValue*, Handle, Klass*, Symbol*, Symbol*, Thread*)+0x1ed
V  [libjvm.so+0x9324cc]  thread_entry(JavaThread*, Thread*)+0x6c
V  [libjvm.so+0xdc5b8a]  JavaThread::thread_main_inner()+0x1fa
V  [libjvm.so+0xdc5ef1]  JavaThread::run()+0x351
V  [libjvm.so+0xdc1b3a]  Thread::call_run()+0x13a
V  [libjvm.so+0xc1021e]  thread_native_entry(Thread*)+0xee


siginfo: si_signo: 4 (SIGILL), si_code: 2 (ILL_ILLOPN), si_addr: 0x00007f69347af02e

Register to memory mapping:

RAX=0x0 is NULL
RBX=0x000010000ef0d348 is an oop: [I 
{0x000010000ef0d348} - klass: {type array int}
 - length: 4
RCX=0xffffffffffffffff is an unknown value
RDX=0x000010000ef0cbe0 is an oop: org.apache.lucene.store.ByteBuffersDataInput 
{0x000010000ef0cbe0} - klass: 'org/apache/lucene/store/ByteBuffersDataInput'
RSP=0x00007f68ae2ef800 is pointing into the stack for thread: 0x00007f68780d24e0
RBP=0x0000000000000004 is an unknown value
RSI=0x0 is NULL
RDI=0x0000000000000001 is an unknown value
R8 =0x0000000000000083 is an unknown value
R9 =0x000000000000001b is an unknown value
R10=0x0000000000000002 is an unknown value
R11=0x0000000000000083 is an unknown value
R12=0x00000000000a941a is an unknown value
R13=0x0 is NULL
R14=0x000010000ef0cf68 is an oop: org.apache.lucene.util.packed.DirectReader$DirectPackedReader2 
{0x000010000ef0cf68} - klass: 'org/apache/lucene/util/packed/DirectReader$DirectPackedReader2'
R15=0x00007f68780d24e0 is a thread


Registers:
RAX=0x0000000000000000, RBX=0x000010000ef0d348, RCX=0xffffffffffffffff, RDX=0x000010000ef0cbe0
RSP=0x00007f68ae2ef800, RBP=0x0000000000000004, RSI=0x0000000000000000, RDI=0x0000000000000001
R8 =0x0000000000000083, R9 =0x000000000000001b, R10=0x0000000000000002, R11=0x0000000000000083
R12=0x00000000000a941a, R13=0x0000000000000000, R14=0x000010000ef0cf68, R15=0x00007f68780d24e0
RIP=0x00007f69347af02e, EFLAGS=0x0000000000010202, CSGSFS=0x002b000000000033, ERR=0x0000000000000000
  TRAPNO=0x0000000000000006

Top of Stack: (sp=0x00007f68ae2ef800)
0x00007f68ae2ef800:   0000000100000003 000010000ef0d038
0x00007f68ae2ef810:   0000000000000083 000010000ef0d328
0x00007f68ae2ef820:   000010000ef0cf68 000000040000006f
0x00007f68ae2ef830:   000010000ef0cbe0 0000000000000000 

Instructions: (pc=0x00007f69347af02e)
0x00007f69347aef2e:   8b 44 24 f8 4c 89 5c 24 08 48 89 44 24 f8 8b 44
0x00007f69347aef3e:   24 28 89 44 24 04 48 8b 44 24 f8 48 89 44 24 f8
0x00007f69347aef4e:   8b 44 24 2c 89 44 24 14 48 8b 44 24 f8 48 ff 74
0x00007f69347aef5e:   24 30 48 8f 44 24 20 4c 89 44 24 30 90 e8 10 b2
0x00007f69347aef6e:   18 f8 0f 0b 8b 6c 24 14 e9 fb fc ff ff be de ff
0x00007f69347aef7e:   ff ff 8b 6c 24 10 48 89 44 24 f8 8b 44 24 28 89
0x00007f69347aef8e:   04 24 48 8b 44 24 f8 89 5c 24 04 48 89 7c 24 08
0x00007f69347aef9e:   4c 89 4c 24 10 48 89 4c 24 18 44 89 44 24 20 44
0x00007f69347aefae:   89 5c 24 24 48 89 54 24 28 4c 89 54 24 30 66 66
0x00007f69347aefbe:   90 e8 bc b1 18 f8 0f 0b be de ff ff ff 8b 6c 24
0x00007f69347aefce:   10 48 89 44 24 f8 8b 44 24 28 89 04 24 48 8b 44
0x00007f69347aefde:   24 f8 48 89 44 24 f8 8b 44 24 14 89 44 24 10 48
0x00007f69347aefee:   8b 44 24 f8 89 44 24 14 48 89 4c 24 28 44 89 5c
0x00007f69347aeffe:   24 30 66 66 90 e8 78 b1 18 f8 0f 0b be 7e ff ff
0x00007f69347af00e:   ff 8b 6c 24 10 48 89 44 24 f8 8b 44 24 28 89 44
0x00007f69347af01e:   24 10 48 8b 44 24 f8 66 90 e8 54 b1 18 f8 0f 0b
0x00007f69347af02e:   0f 0b 44 8b d2 eb 09 45 33 db 41 ba 01 00 00 00
0x00007f69347af03e:   be e4 ff ff ff 8b 6c 24 10 48 89 44 24 f8 8b 44
0x00007f69347af04e:   24 28 89 44 24 10 48 8b 44 24 f8 89 7c 24 2c 44
0x00007f69347af05e:   89 54 24 38 48 89 5c 24 40 44 89 5c 24 3c 66 66
0x00007f69347af06e:   90 e8 0c b1 18 f8 0f 0b be e4 ff ff ff 8b 6c 24
0x00007f69347af07e:   10 48 89 44 24 f8 8b 44 24 28 89 44 24 10 48 8b
0x00007f69347af08e:   44 24 f8 44 89 5c 24 28 48 89 5c 24 30 44 89 54
0x00007f69347af09e:   24 2c 89 4c 24 38 66 66 90 e8 d4 b0 18 f8 0f 0b
0x00007f69347af0ae:   be 7e ff ff ff 8b 6c 24 10 4c 89 5c 24 08 4c 89
0x00007f69347af0be:   4c 24 10 48 89 4c 24 18 90 e8 b4 b0 18 f8 0f 0b
0x00007f69347af0ce:   48 89 44 24 f8 8b 44 24 14 89 04 24 48 8b 44 24
0x00007f69347af0de:   f8 e9 ff fb ff ff 4d 3b d3 bd ff ff ff ff 7c 08
0x00007f69347af0ee:   40 0f 95 c5 40 0f b6 ed be 4d ff ff ff 48 89 44
0x00007f69347af0fe:   24 f8 8b 44 24 10 89 04 24 48 8b 44 24 f8 48 89
0x00007f69347af10e:   44 24 f8 8b 44 24 28 89 44 24 10 48 8b 44 24 f8
0x00007f69347af11e:   89 44 24 28 4c 89 44 24 30 48 89 5c 24 38 4c 89 


Stack slot to memory mapping:
stack at sp + 0 slots: 0x0000000100000003 is an unknown value
stack at sp + 1 slots: 0x000010000ef0d038 is an oop: [I 
{0x000010000ef0d038} - klass: {type array int}
 - length: 182
stack at sp + 2 slots: 0x0000000000000083 is an unknown value
stack at sp + 3 slots: 0x000010000ef0d328 is an oop: [[I 
{0x000010000ef0d328} - klass: {type array int}[]
 - length: 1
stack at sp + 4 slots: 0x000010000ef0cf68 is an oop: org.apache.lucene.util.packed.DirectReader$DirectPackedReader2 
{0x000010000ef0cf68} - klass: 'org/apache/lucene/util/packed/DirectReader$DirectPackedReader2'
stack at sp + 5 slots: 0x000000040000006f is an unknown value
stack at sp + 6 slots: 0x000010000ef0cbe0 is an oop: org.apache.lucene.store.ByteBuffersDataInput 
{0x000010000ef0cbe0} - klass: 'org/apache/lucene/store/ByteBuffersDataInput'
stack at sp + 7 slots: 0x0 is NULL



---------------  P R O C E S S  ---------------

Threads class SMR info:
_java_thread_list=0x00007f6860008ab0, length=24, elements={
0x00007f69440182d0, 0x00007f69440f0a80, 0x00007f69440f44b0, 0x00007f694410b840,
0x00007f694410d2f0, 0x00007f694410ec10, 0x00007f6944110420, 0x00007f69441a8450,
0x00007f68bc0b1310, 0x00007f6944231680, 0x00007f68bc11c330, 0x00007f68bc1216b0,
0x00007f68980168c0, 0x00007f68a82904e0, 0x00007f68a8294240, 0x00007f694452ad40,
0x00007f694455eeb0, 0x00007f694455e250, 0x00007f68b80b0e90, 0x00007f688800b6b0,
0x00007f688c176e10, 0x00007f68780d24e0, 0x00007f68982306c0, 0x00007f68bc418af0
}

Java Threads: ( => current thread )
  0x00007f69440182d0 JavaThread "main" [_thread_blocked, id=529885, stack(0x00007f694be99000,0x00007f694bf9a000)]
  0x00007f69440f0a80 JavaThread "Reference Handler" daemon [_thread_blocked, id=529972, stack(0x00007f69481bb000,0x00007f69482bc000)]
  0x00007f69440f44b0 JavaThread "Finalizer" daemon [_thread_blocked, id=529973, stack(0x00007f69480ba000,0x00007f69481bb000)]
  0x00007f694410b840 JavaThread "Signal Dispatcher" daemon [_thread_blocked, id=529975, stack(0x00007f692c597000,0x00007f692c698000)]
  0x00007f694410d2f0 JavaThread "C2 CompilerThread0" daemon [_thread_blocked, id=529976, stack(0x00007f692c496000,0x00007f692c597000)]
  0x00007f694410ec10 JavaThread "C1 CompilerThread0" daemon [_thread_blocked, id=529978, stack(0x00007f692c395000,0x00007f692c496000)]
  0x00007f6944110420 JavaThread "Sweeper thread" daemon [_thread_blocked, id=529981, stack(0x00007f692c294000,0x00007f692c395000)]
  0x00007f69441a8450 JavaThread "Common-Cleaner" daemon [_thread_blocked, id=530047, stack(0x00007f692c193000,0x00007f692c294000)]
  0x00007f68bc0b1310 JavaThread "C1 CompilerThread1" daemon [_thread_blocked, id=530061, stack(0x00007f692c061000,0x00007f692c162000)]
  0x00007f6944231680 JavaThread "Service Thread" daemon [_thread_blocked, id=530066, stack(0x00007f68afad6000,0x00007f68afbd7000)]
  0x00007f68bc11c330 JavaThread "C1 CompilerThread2" daemon [_thread_blocked, id=530070, stack(0x00007f68af8d3000,0x00007f68af9d4000)]
  0x00007f68bc1216b0 JavaThread "C2 CompilerThread1" daemon [_thread_in_native, id=530082, stack(0x00007f68af5d2000,0x00007f68af6d3000)]
  0x00007f68980168c0 JavaThread "C2 CompilerThread2" daemon [_thread_blocked, id=530083, stack(0x00007f68af4d1000,0x00007f68af5d2000)]
  0x00007f68a82904e0 JavaThread "C2 CompilerThread3" daemon [_thread_in_native, id=530084, stack(0x00007f68af3d0000,0x00007f68af4d1000)]
  0x00007f68a8294240 JavaThread "C1 CompilerThread3" daemon [_thread_blocked, id=530093, stack(0x00007f68af2cf000,0x00007f68af3d0000)]
  0x00007f694452ad40 JavaThread "Test worker" [_thread_blocked, id=530116, stack(0x00007f68aedcb000,0x00007f68aeecc000)]
  0x00007f694455eeb0 JavaThread "/127.0.0.1:50506 to /127.0.0.1:45433 workers Thread 2" [_thread_blocked, id=530125, stack(0x00007f68aeaca000,0x00007f68aebcb000)]
  0x00007f694455e250 JavaThread "/127.0.0.1:50506 to /127.0.0.1:45433 workers Thread 3" [_thread_in_native, id=530126, stack(0x00007f68ae9c9000,0x00007f68aeaca000)]
  0x00007f68b80b0e90 JavaThread "C2 CompilerThread4" daemon [_thread_in_native, id=530146, stack(0x00007f68ae4f5000,0x00007f68ae5f6000)]
  0x00007f688800b6b0 JavaThread "C2 CompilerThread5" daemon [_thread_in_native, id=530147, stack(0x00007f68ae3f4000,0x00007f68ae4f5000)]
  0x00007f688c176e10 JavaThread "SUITE-TestExpressionSorts-seed#[25E6600265A5C2D4]" [_thread_blocked, id=530194, stack(0x00007f68ae5f6000,0x00007f68ae6f7000)]
=>0x00007f68780d24e0 JavaThread "TEST-TestExpressionSorts.testQueries-seed#[25E6600265A5C2D4]" [_thread_in_Java, id=530195, stack(0x00007f68ae1f2000,0x00007f68ae2f3000)]
  0x00007f68982306c0 JavaThread "C2 CompilerThread6" daemon [_thread_blocked, id=530196, stack(0x00007f68ae2f3000,0x00007f68ae3f4000)]
  0x00007f68bc418af0 JavaThread "C2 CompilerThread7" daemon [_thread_blocked, id=530197, stack(0x00007f68ad2e4000,0x00007f68ad3e5000)]

Other Threads:
  0x00007f69440e8f30 VMThread "VM Thread" [stack: 0x00007f69482be000,0x00007f69483be000] [id=529956]
  0x00007f69441fe580 WatcherThread [stack: 0x00007f68af9d6000,0x00007f68afad6000] [id=530067]
  0x00007f6944070410 ConcurrentGCThread "ZDirector" [stack: 0x00007f69498dc000,0x00007f69499dc000] [id=529942]
  0x00007f6944063280 ConcurrentGCThread "ZDriver" [stack: 0x00007f69497da000,0x00007f69498da000] [id=529943]
  0x00007f69440528c0 ConcurrentGCThread "ZStat" [stack: 0x00007f69496d8000,0x00007f69497d8000] [id=529944]
  0x00007f6944045930 GCTaskThread "ZWorker#0" [stack: 0x00007f694b2f0000,0x00007f694b3f0000] [id=529900]
  0x00007f69440469c0 GCTaskThread "ZWorker#1" [stack: 0x00007f694b1ee000,0x00007f694b2ee000] [id=529902]
  0x00007f6944047e40 GCTaskThread "ZWorker#2" [stack: 0x00007f694b0ec000,0x00007f694b1ec000] [id=529904]
  0x00007f69440492c0 GCTaskThread "ZWorker#3" [stack: 0x00007f694afea000,0x00007f694b0ea000] [id=529907]
  0x00007f694404a740 GCTaskThread "ZWorker#4" [stack: 0x00007f694aee8000,0x00007f694afe8000] [id=529909]
  0x00007f694404bbc0 GCTaskThread "ZWorker#5" [stack: 0x00007f694ade6000,0x00007f694aee6000] [id=529911]
  0x00007f694404d040 GCTaskThread "ZWorker#6" [stack: 0x00007f694ace4000,0x00007f694ade4000] [id=529913]
  0x00007f694404e4c0 GCTaskThread "ZWorker#7" [stack: 0x00007f694abe2000,0x00007f694ace2000] [id=529914]
  0x00007f694404f940 GCTaskThread "ZWorker#8" [stack: 0x00007f694aae0000,0x00007f694abe0000] [id=529916]
  0x00007f6944050dc0 GCTaskThread "ZWorker#9" [stack: 0x00007f694a9de000,0x00007f694aade000] [id=529918]
  0x00007f6944072010 Thread "RuntimeWorker#0" [stack: 0x00007f69495d6000,0x00007f69496d6000] [id=529945]
  0x00007f6944074130 Thread "RuntimeWorker#1" [stack: 0x00007f69494d4000,0x00007f69495d4000] [id=529946]
  0x00007f69440755b0 Thread "RuntimeWorker#2" [stack: 0x00007f69493d2000,0x00007f69494d2000] [id=529947]
  0x00007f6944076a30 Thread "RuntimeWorker#3" [stack: 0x00007f69492d0000,0x00007f69493d0000] [id=529948]
  0x00007f6944077eb0 Thread "RuntimeWorker#4" [stack: 0x00007f69491ce000,0x00007f69492ce000] [id=529949]
  0x00007f6944079330 Thread "RuntimeWorker#5" [stack: 0x00007f69490cc000,0x00007f69491cc000] [id=529950]
  0x00007f694407a7b0 Thread "RuntimeWorker#6" [stack: 0x00007f6948fca000,0x00007f69490ca000] [id=529951]
  0x00007f694407bc30 Thread "RuntimeWorker#7" [stack: 0x00007f6948ec8000,0x00007f6948fc8000] [id=529952]
  0x00007f694407d0b0 Thread "RuntimeWorker#8" [stack: 0x00007f6948dc6000,0x00007f6948ec6000] [id=529953]
  0x00007f694407e530 Thread "RuntimeWorker#9" [stack: 0x00007f6948cc4000,0x00007f6948dc4000] [id=529954]

Threads with active compile tasks:
C2 CompilerThread1   4433 6554       4       org.apache.lucene.search.AssertingBulkScorer::score (167 bytes)
C2 CompilerThread3   4433 7122 %     4       org.apache.lucene.codecs.lucene90.compressing.Lucene90CompressingTermVectorsReader::readPositions @ 29 (288 bytes)
C2 CompilerThread4   4433 7116       4       org.apache.lucene.codecs.lucene90.compressing.Lucene90CompressingTermVectorsReader::positionIndex (136 bytes)
C2 CompilerThread5   4433 7112 %     4       org.apache.lucene.codecs.lucene90.compressing.Lucene90CompressingTermVectorsReader::get @ 1089 (2695 bytes)

VM state:not at safepoint (normal execution)

VM Mutex/Monitor currently owned by a thread: None

Heap:
 ZHeap           used 90M, capacity 360M, max capacity 512M
 Metaspace       used 28683K, capacity 29826K, committed 29952K, reserved 30720K

 Small   0x0000000000000000 0x0000000000200000 0x0000000000200000  Inactive
 Small   0x0000000000200000 0x0000000000400000 0x0000000000400000  Inactive
 Small   0x0000000000400000 0x0000000000600000 0x0000000000600000  Inactive
 Small   0x0000000000600000 0x0000000000800000 0x0000000000800000  Forwarding Inactive
 Small   0x0000000000800000 0x0000000000a00000 0x0000000000a00000  Inactive
 Small   0x0000000000a00000 0x0000000000c00000 0x0000000000c00000  Inactive
 Small   0x0000000000c00000 0x0000000000e00000 0x0000000000e00000  Inactive
 Small   0x0000000000e00000 0x0000000001000000 0x0000000001000000  Inactive
 Small   0x0000000001000000 0x0000000001200000 0x0000000001200000  Inactive
 Small   0x0000000001200000 0x0000000001400000 0x0000000001400000  Inactive
 Small   0x0000000001400000 0x0000000001600000 0x0000000001600000  Inactive
 Small   0x0000000001600000 0x0000000001800000 0x0000000001800000  Inactive
 Small   0x0000000001800000 0x0000000001a00000 0x0000000001a00000  Inactive
 Small   0x0000000001a00000 0x0000000001c00000 0x0000000001c00000  Inactive
 Small   0x0000000001c00000 0x0000000001e00000 0x0000000001e00000  Inactive
 Small   0x0000000001e00000 0x0000000002000000 0x0000000002000000  Inactive
 Small   0x0000000002000000 0x0000000002200000 0x0000000002200000  Forwarding Inactive
 Small   0x0000000002200000 0x0000000002400000 0x0000000002400000  Inactive
 Small   0x0000000002400000 0x0000000002600000 0x0000000002600000  Inactive
 Small   0x0000000002600000 0x0000000002800000 0x0000000002800000  Inactive
 Small   0x0000000002800000 0x0000000002a00000 0x0000000002a00000  Allocating Forwarding
 Small   0x0000000002a00000 0x0000000002be41d8 0x0000000002c00000  Relocatable
 Small   0x0000000002c00000 0x0000000002e00000 0x0000000002e00000  Inactive
 Small   0x0000000002e00000 0x0000000003000000 0x0000000003000000  Inactive
 Small   0x0000000003000000 0x00000000031b2ed0 0x0000000003200000  Relocatable
 Small   0x0000000003200000 0x0000000003400000 0x0000000003400000  Inactive
 Small   0x0000000003400000 0x0000000003600000 0x0000000003600000  Inactive
 Small   0x0000000003600000 0x0000000003800000 0x0000000003800000  Inactive
 Small   0x0000000003800000 0x00000000039fffd8 0x0000000003a00000  Relocatable
 Small   0x0000000003a00000 0x0000000003c00000 0x0000000003c00000  Inactive
 Small   0x0000000003c00000 0x0000000003e00000 0x0000000003e00000  Inactive
 Small   0x0000000003e00000 0x0000000004000000 0x0000000004000000  Inactive
 Small   0x0000000004000000 0x0000000004200000 0x0000000004200000  Inactive
 Small   0x0000000004200000 0x0000000004400000 0x0000000004400000  Inactive
 Small   0x0000000004400000 0x0000000004600000 0x0000000004600000  Inactive
 Small   0x0000000004600000 0x0000000004800000 0x0000000004800000  Inactive
 Small   0x0000000004800000 0x0000000004a00000 0x0000000004a00000  Inactive
 Small   0x0000000004a00000 0x0000000004c00000 0x0000000004c00000  Inactive
 Small   0x0000000004c00000 0x0000000004e00000 0x0000000004e00000  Inactive
 Small   0x0000000004e00000 0x0000000005000000 0x0000000005000000  Inactive
 Small   0x0000000005000000 0x0000000005200000 0x0000000005200000  Inactive
 Small   0x0000000005200000 0x0000000005400000 0x0000000005400000  Forwarding Inactive
 Small   0x0000000005400000 0x0000000005600000 0x0000000005600000  Inactive
 Small   0x0000000005600000 0x0000000005800000 0x0000000005800000  Inactive
 Small   0x0000000005800000 0x0000000005a00000 0x0000000005a00000  Inactive
 Small   0x0000000005a00000 0x0000000005c00000 0x0000000005c00000  Inactive
 Small   0x0000000005c00000 0x0000000005e00000 0x0000000005e00000  Inactive
 Small   0x0000000005e00000 0x0000000006000000 0x0000000006000000  Inactive
 Small   0x0000000006000000 0x0000000006200000 0x0000000006200000  Inactive
 Small   0x0000000006200000 0x0000000006400000 0x0000000006400000  Forwarding Inactive
 Small   0x0000000006400000 0x0000000006600000 0x0000000006600000  Inactive
 Small   0x0000000006600000 0x0000000006800000 0x0000000006800000  Inactive
 Small   0x0000000006800000 0x0000000006a00000 0x0000000006a00000  Inactive
 Small   0x0000000006a00000 0x0000000006c00000 0x0000000006c00000  Inactive
 Small   0x0000000006c00000 0x0000000006e00000 0x0000000006e00000  Inactive
 Small   0x0000000006e00000 0x0000000007000000 0x0000000007000000  Inactive
 Small   0x0000000007000000 0x0000000007200000 0x0000000007200000  Inactive
 Small   0x0000000007200000 0x0000000007400000 0x0000000007400000  Allocating
 Small   0x0000000007400000 0x0000000007600000 0x0000000007600000  Allocating
 Small   0x0000000007600000 0x0000000007800000 0x0000000007800000  Forwarding Inactive
 Small   0x0000000007800000 0x0000000007a00000 0x0000000007a00000  Allocating
 Small   0x0000000007a00000 0x0000000007c00000 0x0000000007c00000  Allocating
 Small   0x0000000007c00000 0x0000000007e00000 0x0000000007e00000  Allocating
 Small   0x0000000007e00000 0x0000000008000000 0x0000000008000000  Allocating
 Small   0x0000000008000000 0x0000000008200000 0x0000000008200000  Allocating
 Small   0x0000000008200000 0x0000000008400000 0x0000000008400000  Allocating
 Small   0x0000000008400000 0x0000000008600000 0x0000000008600000  Allocating
 Small   0x0000000008600000 0x0000000008800000 0x0000000008800000  Allocating
 Small   0x0000000008800000 0x0000000008a00000 0x0000000008a00000  Allocating Forwarding
 Small   0x0000000008a00000 0x0000000008c00000 0x0000000008c00000  Forwarding Inactive
 Small   0x0000000008c00000 0x0000000008e00000 0x0000000008e00000  Allocating Forwarding
 Small   0x0000000008e00000 0x0000000009000000 0x0000000009000000  Forwarding Inactive
 Small   0x0000000009000000 0x0000000009200000 0x0000000009200000  Inactive
 Small   0x0000000009200000 0x0000000009400000 0x0000000009400000  Forwarding Inactive
 Small   0x0000000009400000 0x0000000009600000 0x0000000009600000  Inactive
 Small   0x0000000009600000 0x0000000009800000 0x0000000009800000  Forwarding Inactive
 Small   0x0000000009800000 0x0000000009a00000 0x0000000009a00000  Inactive
 Small   0x0000000009a00000 0x0000000009c00000 0x0000000009c00000  Inactive
 Small   0x0000000009c00000 0x0000000009e00000 0x0000000009e00000  Inactive
 Small   0x0000000009e00000 0x000000000a000000 0x000000000a000000  Inactive
 Small   0x000000000a000000 0x000000000a200000 0x000000000a200000  Inactive
 Small   0x000000000a200000 0x000000000a400000 0x000000000a400000  Inactive
 Small   0x000000000a400000 0x000000000a600000 0x000000000a600000  Inactive
 Small   0x000000000a600000 0x000000000a800000 0x000000000a800000  Forwarding Inactive
 Small   0x000000000a800000 0x000000000aa00000 0x000000000aa00000  Inactive
 Small   0x000000000aa00000 0x000000000ac00000 0x000000000ac00000  Forwarding Inactive
 Small   0x000000000ac00000 0x000000000ae00000 0x000000000ae00000  Inactive
 Small   0x000000000ae00000 0x000000000b000000 0x000000000b000000  Forwarding Inactive
 Small   0x000000000b000000 0x000000000b200000 0x000000000b200000  Inactive
 Small   0x000000000b200000 0x000000000b400000 0x000000000b400000  Inactive
 Small   0x000000000b400000 0x000000000b600000 0x000000000b600000  Inactive
 Small   0x000000000b600000 0x000000000b800000 0x000000000b800000  Inactive
 Small   0x000000000b800000 0x000000000ba00000 0x000000000ba00000  Inactive
 Small   0x000000000ba00000 0x000000000bc00000 0x000000000bc00000  Inactive
 Small   0x000000000bc00000 0x000000000be00000 0x000000000be00000  Inactive
 Small   0x000000000be00000 0x000000000c000000 0x000000000c000000  Inactive
 Small   0x000000000c000000 0x000000000c200000 0x000000000c200000  Inactive
 Small   0x000000000c200000 0x000000000c400000 0x000000000c400000  Inactive
 Small   0x000000000c400000 0x000000000c600000 0x000000000c600000  Inactive
 Small   0x000000000c600000 0x000000000c800000 0x000000000c800000  Forwarding Inactive
 Small   0x000000000c800000 0x000000000ca00000 0x000000000ca00000  Inactive
 Small   0x000000000ca00000 0x000000000cc00000 0x000000000cc00000  Inactive
 Small   0x000000000cc00000 0x000000000ce00000 0x000000000ce00000  Inactive
 Small   0x000000000ce00000 0x000000000d000000 0x000000000d000000  Inactive
 Small   0x000000000d000000 0x000000000d200000 0x000000000d200000  Inactive
 Small   0x000000000d200000 0x000000000d400000 0x000000000d400000  Forwarding Inactive
 Small   0x000000000d400000 0x000000000d600000 0x000000000d600000  Forwarding Inactive
 Small   0x000000000d600000 0x000000000d800000 0x000000000d800000  Forwarding Inactive
 Small   0x000000000d800000 0x000000000da00000 0x000000000da00000  Inactive
 Small   0x000000000da00000 0x000000000dbffff0 0x000000000dc00000  Relocatable
 Small   0x000000000dc00000 0x000000000dd80800 0x000000000de00000  Relocatable
 Small   0x000000000de00000 0x000000000e000000 0x000000000e000000  Inactive
 Small   0x000000000e000000 0x000000000e200000 0x000000000e200000  Inactive
 Small   0x000000000e200000 0x000000000e400000 0x000000000e400000  Inactive
 Small   0x000000000e400000 0x000000000e600000 0x000000000e600000  Inactive
 Small   0x000000000e600000 0x000000000e800000 0x000000000e800000  Inactive
 Small   0x000000000e800000 0x000000000ea00000 0x000000000ea00000  Inactive
 Small   0x000000000ea00000 0x000000000ec00000 0x000000000ec00000  Inactive
 Small   0x000000000ec00000 0x000000000ee00000 0x000000000ee00000  Forwarding Inactive
 Small   0x000000000ee00000 0x000000000ef40000 0x000000000f000000  Allocating Forwarding
 Small   0x000000000f000000 0x000000000f200000 0x000000000f200000  Forwarding Inactive
 Small   0x000000000f200000 0x000000000f240000 0x000000000f400000  Forwarding Inactive
 Small   0x000000000f400000 0x000000000f600000 0x000000000f600000  Inactive
 Small   0x000000000f600000 0x000000000f64d658 0x000000000f800000  Allocating
 Small   0x000000000f800000 0x000000000f9c24a0 0x000000000fa00000  Allocating
 Small   0x000000000fa00000 0x000000000fa05e30 0x000000000fc00000  Allocating
 Small   0x000000000fc00000 0x000000000fe00000 0x000000000fe00000  Allocating Forwarding
 Small   0x000000000fe00000 0x0000000010000000 0x0000000010000000  Relocatable
 Small   0x0000000010000000 0x00000000100040d0 0x0000000010200000  Allocating
 Small   0x0000000010200000 0x0000000010400000 0x0000000010400000  Forwarding Inactive
 Small   0x0000000010400000 0x0000000010600000 0x0000000010600000  Forwarding Inactive
 Small   0x0000000010600000 0x0000000010640000 0x0000000010800000  Allocating Forwarding
 Small   0x0000000010800000 0x0000000010a00000 0x0000000010a00000  Forwarding Inactive
 Small   0x0000000010a00000 0x0000000010a066f0 0x0000000010c00000  Allocating
 Small   0x0000000010c00000 0x0000000010c03fa0 0x0000000010e00000  Allocating
 Small   0x0000000010e00000 0x0000000011000000 0x0000000011000000  Allocating Forwarding
 Small   0x0000000011000000 0x0000000011003a08 0x0000000011200000  Allocating
 Small   0x0000000011200000 0x0000000011400000 0x0000000011400000  Allocating Forwarding
 Small   0x0000000011400000 0x00000000114083a0 0x0000000011600000  Allocating
 Small   0x0000000011600000 0x0000000011800000 0x0000000011800000  Allocating Forwarding
 Small   0x0000000011800000 0x0000000011a00000 0x0000000011a00000  Allocating Forwarding
 Small   0x0000000011a00000 0x0000000011c00000 0x0000000011c00000  Allocating Forwarding
 Small   0x0000000011c00000 0x0000000011e00000 0x0000000011e00000  Allocating Forwarding
 Small   0x0000000011e00000 0x0000000012000000 0x0000000012000000  Allocating Forwarding
 Small   0x0000000012000000 0x0000000012200000 0x0000000012200000  Allocating Forwarding
 Small   0x0000000012200000 0x000000001230fcb8 0x0000000012400000  Allocating
 Small   0x0000000012400000 0x0000000012600000 0x0000000012600000  Allocating Forwarding
 Small   0x0000000012600000 0x0000000012605128 0x0000000012800000  Allocating
 Small   0x0000000012800000 0x0000000012840000 0x0000000012a00000  Allocating Forwarding
 Small   0x0000000012a00000 0x0000000012a40000 0x0000000012c00000  Allocating Forwarding
 Small   0x0000000012c00000 0x0000000012e00000 0x0000000012e00000  Forwarding Inactive
 Small   0x0000000012e00000 0x0000000013000000 0x0000000013000000  Allocating Forwarding
 Small   0x0000000013000000 0x0000000013040000 0x0000000013200000  Forwarding Inactive
 Small   0x0000000013200000 0x0000000013400000 0x0000000013400000  Allocating Forwarding


Address Space
     Start:             0x0000040000000000
     End:               0x0000140000000000
     Size:              17592186044416  (0x0000100000000000)
Heap
     GlobalPhase:       2
     GlobalSeqNum:      8
     Offset Max:        4398046511104   (0x0000040000000000)
     Page Size Small:   2097152         (0x0000000000200000)
     Page Size Medium:  33554432        (0x0000000002000000)
Metadata Bits
     Good:              0x0000100000000000
     Bad:               0x00002c0000000000
     WeakBad:           0x00000c0000000000
     Marked:            0x0000080000000000
     Remapped:          0x0000100000000000

Polling page: 0x00007f694d9d7000

Metaspace:

Usage:
   29.13 MB capacity,    28.01 MB ( 96%) used,   994.47 KB (  3%) free+waste,   147.94 KB ( <1%) overhead. 

Virtual space:
     30.00 MB reserved,      29.25 MB ( 98%) committed 

Chunk freelists:
50.00 KB

MaxMetaspaceSize: unlimited


CodeHeap 'non-profiled nmethods': size=119172Kb used=5377Kb max_used=5377Kb free=113794Kb
 bounds [0x00007f69344af000, 0x00007f69349ff000, 0x00007f693b910000]
CodeHeap 'profiled nmethods': size=119168Kb used=15050Kb max_used=15050Kb free=104117Kb
 bounds [0x00007f692d04f000, 0x00007f692df0f000, 0x00007f69344af000]
CodeHeap 'non-nmethods': size=7420Kb used=2889Kb max_used=2970Kb free=4530Kb
 bounds [0x00007f692c910000, 0x00007f692cc00000, 0x00007f692d04f000]
 total_blobs=10528 nmethods=7135 adapters=499
 compilation: enabled
              stopped_count=0, restarted_count=0
 full_count=0

Compilation events (20 events):
Event: 4.404 Thread 0x00007f68bc0b1310 7133       3       org.apache.lucene.index.AssertingLeafReader$AssertingImpactsEnum::getImpacts (63 bytes)
Event: 4.404 Thread 0x00007f694410ec10 7134       3       org.apache.lucene.index.AssertingLeafReader$AssertingImpacts::<init> (30 bytes)
Event: 4.405 Thread 0x00007f694410ec10 nmethod 7134 0x00007f692ded8b10 code [0x00007f692ded8d00, 0x00007f692ded90c8]
Event: 4.405 Thread 0x00007f68a8294240 nmethod 7131 0x00007f692ded9290 code [0x00007f692ded94c0, 0x00007f692ded99e8]
Event: 4.405 Thread 0x00007f68980168c0 nmethod 7128 0x00007f69349ead90 code [0x00007f69349eaf40, 0x00007f69349eb158]
Event: 4.405 Thread 0x00007f68bc11c330 nmethod 7132 0x00007f692ded9c10 code [0x00007f692ded9e60, 0x00007f692deda568]
Event: 4.405 Thread 0x00007f68bc0b1310 nmethod 7133 0x00007f692deda890 code [0x00007f692dedab00, 0x00007f692dedb458]
Event: 4.405 Thread 0x00007f68a8294240 7135       3       org.apache.lucene.codecs.lucene90.compressing.Lucene90CompressingTermVectorsReader$TVTerms::getSumDocFreq (6 bytes)
Event: 4.405 Thread 0x00007f68a8294240 nmethod 7135 0x00007f692dedb810 code [0x00007f692dedb9c0, 0x00007f692dedbb10]
Event: 4.408 Thread 0x00007f694410ec10 7136   !   3       org.apache.lucene.index.CheckIndex::checkFields (4141 bytes)
Event: 4.408 Thread 0x00007f68bc11c330 7137       3       org.apache.lucene.index.AssertingLeafReader$AssertingTermsEnum::impacts (71 bytes)
Event: 4.408 Thread 0x00007f68bc0b1310 7138       3       org.apache.lucene.index.FilterLeafReader$FilterTermsEnum::impacts (9 bytes)
Event: 4.408 Thread 0x00007f68a8294240 7139       3       org.apache.lucene.codecs.lucene90.compressing.Lucene90CompressingTermVectorsReader$TVTermsEnum::impacts (17 bytes)
Event: 4.409 Thread 0x00007f68bc0b1310 nmethod 7138 0x00007f692dedbb90 code [0x00007f692dedbd60, 0x00007f692dedbfa8]
Event: 4.409 Thread 0x00007f68bc0b1310 7140       3       org.apache.lucene.index.AssertingLeafReader$AssertingImpactsEnum::<init> (27 bytes)
Event: 4.409 Thread 0x00007f68a8294240 nmethod 7139 0x00007f692dedc090 code [0x00007f692dedc280, 0x00007f692dedc648]
Event: 4.409 Thread 0x00007f68bc0b1310 nmethod 7140 0x00007f692dedc810 code [0x00007f692dedca00, 0x00007f692dedcd88]
Event: 4.409 Thread 0x00007f68bc11c330 nmethod 7137 0x00007f692dedcf10 code [0x00007f692dedd1a0, 0x00007f692deddc38]
Event: 4.409 Thread 0x00007f68982306c0 7141       4       org.apache.lucene.index.SlowImpactsEnum::nextDoc (8 bytes)
Event: 4.409 Thread 0x00007f68a8294240 7142       3       org.apache.lucene.codecs.lucene90.ForUtil::decode1 (103 bytes)

GC Heap History (14 events):
Event: 0.956 GC heap before
{Heap before GC invocations=0 (full 0):
 ZHeap           used 52M, capacity 308M, max capacity 512M
 Metaspace       used 15681K, capacity 15957K, committed 16128K, reserved 16384K
}
Event: 1.046 GC heap after
{Heap after GC invocations=1 (full 1):
 ZHeap           used 16M, capacity 308M, max capacity 512M
 Metaspace       used 15899K, capacity 16104K, committed 16384K, reserved 16384K
}
Event: 2.950 GC heap before
{Heap before GC invocations=1 (full 1):
 ZHeap           used 126M, capacity 308M, max capacity 512M
 Metaspace       used 25490K, capacity 25967K, committed 26112K, reserved 26624K
}
Event: 2.970 GC heap after
{Heap after GC invocations=2 (full 2):
 ZHeap           used 46M, capacity 308M, max capacity 512M
 Metaspace       used 25604K, capacity 26109K, committed 26368K, reserved 26624K
}
Event: 3.150 GC heap before
{Heap before GC invocations=2 (full 2):
 ZHeap           used 232M, capacity 308M, max capacity 512M
 Metaspace       used 25942K, capacity 26442K, committed 26624K, reserved 26624K
}
Event: 3.166 GC heap after
{Heap after GC invocations=3 (full 3):
 ZHeap           used 34M, capacity 308M, max capacity 512M
 Metaspace       used 25955K, capacity 26444K, committed 26624K, reserved 26624K
}
Event: 3.751 GC heap before
{Heap before GC invocations=3 (full 3):
 ZHeap           used 266M, capacity 318M, max capacity 512M
 Metaspace       used 27805K, capacity 28394K, committed 28416K, reserved 28672K
}
Event: 3.777 GC heap after
{Heap after GC invocations=4 (full 4):
 ZHeap           used 38M, capacity 326M, max capacity 512M
 Metaspace       used 27837K, capacity 28410K, committed 28416K, reserved 28672K
}
Event: 4.051 GC heap before
{Heap before GC invocations=4 (full 4):
 ZHeap           used 278M, capacity 330M, max capacity 512M
 Metaspace       used 28198K, capacity 29029K, committed 29184K, reserved 30720K
}
Event: 4.066 GC heap after
{Heap after GC invocations=5 (full 5):
 ZHeap           used 48M, capacity 342M, max capacity 512M
 Metaspace       used 28198K, capacity 29029K, committed 29184K, reserved 30720K
}
Event: 4.251 GC heap before
{Heap before GC invocations=5 (full 5):
 ZHeap           used 298M, capacity 350M, max capacity 512M
 Metaspace       used 28443K, capacity 29462K, committed 29696K, reserved 30720K
}
Event: 4.266 GC heap after
{Heap after GC invocations=6 (full 6):
 ZHeap           used 44M, capacity 360M, max capacity 512M
 Metaspace       used 28463K, capacity 29490K, committed 29696K, reserved 30720K
}
Event: 4.350 GC heap before
{Heap before GC invocations=6 (full 6):
 ZHeap           used 212M, capacity 360M, max capacity 512M
 Metaspace       used 28574K, capacity 29658K, committed 29696K, reserved 30720K
}
Event: 4.364 GC heap after
{Heap after GC invocations=7 (full 7):
 ZHeap           used 52M, capacity 360M, max capacity 512M
 Metaspace       used 28587K, capacity 29686K, committed 29696K, reserved 30720K
}

Deoptimization events (20 events):
Event: 4.397 Thread 0x00007f68780d24e0 DEOPT PACKING pc=0x00007f69347bc1b8 sp=0x00007f68ae2ef800
Event: 4.397 Thread 0x00007f68780d24e0 DEOPT UNPACKING pc=0x00007f692c93a225 sp=0x00007f68ae2ef7a0 mode 2
Event: 4.397 Thread 0x00007f68780d24e0 Uncommon trap: trap_request=0xffffffbe fr.pc=0x00007f69347bc1b8 relative=0x0000000000001558
Event: 4.397 Thread 0x00007f68780d24e0 Uncommon trap: reason=profile_predicate action=maybe_recompile pc=0x00007f69347bc1b8 method=org.apache.lucene.codecs.lucene90.compressing.Lucene90CompressingTermVectorsReader.positionIndex(IILorg/apache/lucene/util/LongValues;[I)[[I @ 15 c2
Event: 4.397 Thread 0x00007f68780d24e0 DEOPT PACKING pc=0x00007f69347bc1b8 sp=0x00007f68ae2ef800
Event: 4.397 Thread 0x00007f68780d24e0 DEOPT UNPACKING pc=0x00007f692c93a225 sp=0x00007f68ae2ef7a0 mode 2
Event: 4.397 Thread 0x00007f68780d24e0 Uncommon trap: trap_request=0xffffffbe fr.pc=0x00007f69347bc1b8 relative=0x0000000000001558
Event: 4.397 Thread 0x00007f68780d24e0 Uncommon trap: reason=profile_predicate action=maybe_recompile pc=0x00007f69347bc1b8 method=org.apache.lucene.codecs.lucene90.compressing.Lucene90CompressingTermVectorsReader.positionIndex(IILorg/apache/lucene/util/LongValues;[I)[[I @ 15 c2
Event: 4.397 Thread 0x00007f68780d24e0 DEOPT PACKING pc=0x00007f69347bc1b8 sp=0x00007f68ae2ef800
Event: 4.397 Thread 0x00007f68780d24e0 DEOPT UNPACKING pc=0x00007f692c93a225 sp=0x00007f68ae2ef7a0 mode 2
Event: 4.404 Thread 0x00007f68780d24e0 DEOPT PACKING pc=0x00007f692db0c6f9 sp=0x00007f68ae2ef870
Event: 4.404 Thread 0x00007f68780d24e0 DEOPT UNPACKING pc=0x00007f692c93a03a sp=0x00007f68ae2ef138 mode 0
Event: 4.404 Thread 0x00007f68780d24e0 DEOPT PACKING pc=0x00007f692da3fe02 sp=0x00007f68ae2efb00
Event: 4.404 Thread 0x00007f68780d24e0 DEOPT UNPACKING pc=0x00007f692c93a03a sp=0x00007f68ae2ef010 mode 0
Event: 4.407 Thread 0x00007f68780d24e0 DEOPT PACKING pc=0x00007f692dec71f5 sp=0x00007f68ae2ef770
Event: 4.407 Thread 0x00007f68780d24e0 DEOPT UNPACKING pc=0x00007f692c93a03a sp=0x00007f68ae2eec18 mode 0
Event: 4.409 Thread 0x00007f68780d24e0 DEOPT PACKING pc=0x00007f692da3fe02 sp=0x00007f68ae2ef790
Event: 4.409 Thread 0x00007f68780d24e0 DEOPT UNPACKING pc=0x00007f692c93a03a sp=0x00007f68ae2eec58 mode 0
Event: 4.409 Thread 0x00007f68780d24e0 DEOPT PACKING pc=0x00007f692dc8d2fe sp=0x00007f68ae2efb80
Event: 4.409 Thread 0x00007f68780d24e0 DEOPT UNPACKING pc=0x00007f692c93a03a sp=0x00007f68ae2eeff8 mode 0

Classes redefined (0 events):
No events

Internal exceptions (20 events):
Event: 2.439 Thread 0x00007f68780d24e0 Exception <a 'java/lang/NoSuchMethodError'{0x0000100004e75310}: 'java.lang.Object java.lang.invoke.DirectMethodHandle$Holder.invokeSpecial(java.lang.Object, java.lang.Object, int, int, int, int, int, java.lang.Object, int)'> (0x0000100004e75310) thrown at
Event: 2.439 Thread 0x00007f68780d24e0 Exception <a 'java/lang/NoSuchMethodError'{0x0000100004e79fc0}: 'java.lang.Object java.lang.invoke.DelegatingMethodHandle$Holder.reinvoke_L(java.lang.Object, int, int, int, int, int, java.lang.Object, int)'> (0x0000100004e79fc0) thrown at [/home/jenkins/w
Event: 2.454 Thread 0x00007f68780d24e0 Exception <a 'java/lang/NoSuchMethodError'{0x0000100004eb8bb8}: 'java.lang.Object java.lang.invoke.DirectMethodHandle$Holder.invokeSpecial(java.lang.Object, java.lang.Object, int, int, java.lang.Object, int)'> (0x0000100004eb8bb8) thrown at [/home/jenkins
Event: 2.481 Thread 0x00007f68780d24e0 Exception <a 'java/lang/NoSuchMethodError'{0x000010000506b510}: 'java.lang.Object java.lang.invoke.DirectMethodHandle$Holder.invokeVirtual(java.lang.Object, java.lang.Object, java.lang.Object)'> (0x000010000506b510) thrown at [/home/jenkins/workspace/buil
Event: 2.607 Thread 0x00007f68780d24e0 Exception <a 'java/lang/NoSuchMethodError'{0x0000100005701770}: 'double java.lang.invoke.DirectMethodHandle$Holder.invokeStatic(java.lang.Object, long)'> (0x0000100005701770) thrown at [/home/jenkins/workspace/build-scripts/jobs/jdk11u/jdk11u-linux-x64-ho
Event: 2.930 Thread 0x00007f68780d24e0 Exception <a 'sun/nio/fs/UnixException'{0x000010000324cae8}> (0x000010000324cae8) thrown at [/home/jenkins/workspace/build-scripts/jobs/jdk11u/jdk11u-linux-x64-hotspot/workspace/build/src/src/hotspot/share/prims/jni.cpp, line 615]
Event: 3.027 Thread 0x00007f68780d24e0 Exception <a 'java/lang/NoSuchMethodError'{0x0000100007062670}: 'int java.lang.invoke.DirectMethodHandle$Holder.invokeInterface(java.lang.Object, java.lang.Object)'> (0x0000100007062670) thrown at [/home/jenkins/workspace/build-scripts/jobs/jdk11u/jdk11u-
Event: 3.199 Thread 0x00007f686804eec0 Exception <a 'java/lang/NoSuchMethodError'{0x000010000a8b1198}: 'java.lang.Object java.lang.invoke.DirectMethodHandle$Holder.invokeStatic(java.lang.Object, java.lang.Object, java.lang.Object, java.lang.Object, java.lang.Object, java.lang.Object, java.lang
Event: 3.200 Thread 0x00007f686804eec0 Exception <a 'java/lang/NoSuchMethodError'{0x000010000a8d5ab8}: 'java.lang.Object java.lang.invoke.DirectMethodHandle$Holder.invokeStatic(java.lang.Object, java.lang.Object, java.lang.Object, java.lang.Object, java.lang.Object, java.lang.Object, java.lang
Event: 3.419 Thread 0x00007f686804eec0 Exception <a 'java/lang/NoSuchMethodError'{0x0000100008511120}: 'void java.lang.invoke.DirectMethodHandle$Holder.invokeSpecial(java.lang.Object, java.lang.Object, int, java.lang.Object)'> (0x0000100008511120) thrown at [/home/jenkins/workspace/build-scrip
Event: 3.608 Thread 0x00007f68780d24e0 Exception <a 'java/lang/NoSuchMethodError'{0x000010000a56b508}: 'long java.lang.invoke.DirectMethodHandle$Holder.invokeVirtual(java.lang.Object, java.lang.Object)'> (0x000010000a56b508) thrown at [/home/jenkins/workspace/build-scripts/jobs/jdk11u/jdk11u-l
Event: 3.742 Thread 0x00007f68780d24e0 Implicit null exception at 0x00007f6934877c64 to 0x00007f6934878432
Event: 3.742 Thread 0x00007f68780d24e0 Implicit null exception at 0x00007f693485f0dc to 0x00007f693485f89a
Event: 3.795 Thread 0x00007f68780d24e0 Exception <a 'java/lang/NoSuchMethodError'{0x00001000086ef958}: 'float java.lang.invoke.DirectMethodHandle$Holder.invokeVirtual(java.lang.Object, java.lang.Object)'> (0x00001000086ef958) thrown at [/home/jenkins/workspace/build-scripts/jobs/jdk11u/jdk11u-
Event: 3.877 Thread 0x00007f68780d24e0 Implicit null exception at 0x00007f6934854cde to 0x00007f6934854f4e
Event: 4.392 Thread 0x00007f68780d24e0 Exception <a 'java/lang/ArrayIndexOutOfBoundsException'{0x0000100011bc5e80}> (0x0000100011bc5e80) thrown at [/home/jenkins/workspace/build-scripts/jobs/jdk11u/jdk11u-linux-x64-hotspot/workspace/build/src/src/hotspot/share/runtime/sharedRuntime.cpp, line 5
Event: 4.392 Thread 0x00007f68780d24e0 Exception <a 'java/lang/ArrayIndexOutOfBoundsException'{0x0000100011bc65e0}> (0x0000100011bc65e0) thrown at [/home/jenkins/workspace/build-scripts/jobs/jdk11u/jdk11u-linux-x64-hotspot/workspace/build/src/src/hotspot/share/runtime/sharedRuntime.cpp, line 5
Event: 4.393 Thread 0x00007f68780d24e0 Exception <a 'java/lang/ArrayIndexOutOfBoundsException'{0x0000100011bc71a8}> (0x0000100011bc71a8) thrown at [/home/jenkins/workspace/build-scripts/jobs/jdk11u/jdk11u-linux-x64-hotspot/workspace/build/src/src/hotspot/share/runtime/sharedRuntime.cpp, line 5
Event: 4.393 Thread 0x00007f68780d24e0 Exception <a 'java/lang/ArrayIndexOutOfBoundsException'{0x0000100011bc7908}> (0x0000100011bc7908) thrown at [/home/jenkins/workspace/build-scripts/jobs/jdk11u/jdk11u-linux-x64-hotspot/workspace/build/src/src/hotspot/share/runtime/sharedRuntime.cpp, line 5
Event: 4.393 Thread 0x00007f68780d24e0 Exception <a 'java/lang/ArrayIndexOutOfBoundsException'{0x0000100011bd9e60}: Index 886 out of bounds for length 886> (0x0000100011bd9e60) thrown at [/home/jenkins/workspace/build-scripts/jobs/jdk11u/jdk11u-linux-x64-hotspot/workspace/build/src/src/hotspot

Events (20 events):
Event: 4.359 Executing VM operation: HandshakeAllThreads
Event: 4.359 Executing VM operation: HandshakeAllThreads done
Event: 4.360 Executing VM operation: ZOperation
Event: 4.360 Executing VM operation: ZOperation done
Event: 4.361 Executing VM operation: ZOperation
Event: 4.362 Executing VM operation: ZOperation done
Event: 4.386 loading class org/apache/lucene/codecs/MultiLevelSkipListReader$SkipBuffer
Event: 4.386 loading class org/apache/lucene/codecs/MultiLevelSkipListReader$SkipBuffer done
Event: 4.387 loading class org/apache/lucene/store/IndexInput
Event: 4.387 loading class org/apache/lucene/store/IndexInput done
Event: 4.391 loading class org/apache/lucene/codecs/memory/DirectPostingsFormat$HighFreqPostingsEnum
Event: 4.391 loading class org/apache/lucene/codecs/memory/DirectPostingsFormat$HighFreqPostingsEnum done
Event: 4.392 loading class org/apache/lucene/codecs/memory/DirectPostingsFormat$HighFreqDocsEnum
Event: 4.392 loading class org/apache/lucene/codecs/memory/DirectPostingsFormat$HighFreqDocsEnum done
Event: 4.393 loading class org/apache/lucene/codecs/memory/DirectPostingsFormat$LowFreqPostingsEnum
Event: 4.393 loading class org/apache/lucene/codecs/memory/DirectPostingsFormat$LowFreqPostingsEnum done
Event: 4.393 loading class org/apache/lucene/codecs/memory/DirectPostingsFormat$LowFreqDocsEnumNoPos
Event: 4.393 loading class org/apache/lucene/codecs/memory/DirectPostingsFormat$LowFreqDocsEnumNoPos done
Event: 4.393 loading class org/apache/lucene/codecs/memory/DirectPostingsFormat$LowFreqDocsEnumNoTF
Event: 4.393 loading class org/apache/lucene/codecs/memory/DirectPostingsFormat$LowFreqDocsEnumNoTF done


Dynamic libraries:
00400000-00401000 r-xp 00000000 09:7f 30541311                           /home/jenkins/tools/java/64bit/jdk-11.0.6/bin/java
00600000-00601000 r--p 00000000 09:7f 30541311                           /home/jenkins/tools/java/64bit/jdk-11.0.6/bin/java
00601000-00602000 rw-p 00001000 09:7f 30541311                           /home/jenkins/tools/java/64bit/jdk-11.0.6/bin/java
0128e000-012af000 rw-p 00000000 00:00 0                                  [heap]
40000000000-40013400000 rw-s 00000000 00:01 3974680822                   /memfd:java_heap (deleted)
40013400000-80000000000 ---p 00000000 00:00 0 
80000000000-80013400000 rw-s 00000000 00:01 3974680822                   /memfd:java_heap (deleted)
80013400000-100000000000 ---p 00000000 00:00 0 
100000000000-100013400000 rw-s 00000000 00:01 3974680822                 /memfd:java_heap (deleted)
100013400000-140000000000 ---p 00000000 00:00 0 
150000000000-150002000000 rw-p 00000000 00:00 0 
150002000000-160000000000 ---p 00000000 00:00 0 
7f6860000000-7f6860021000 rw-p 00000000 00:00 0 
7f6860021000-7f6864000000 ---p 00000000 00:00 0 
7f6868000000-7f6868f89000 rw-p 00000000 00:00 0 
7f6868f89000-7f686c000000 ---p 00000000 00:00 0 
7f686c000000-7f686c644000 rw-p 00000000 00:00 0 
7f686c644000-7f6870000000 ---p 00000000 00:00 0 
7f6870000000-7f6870d13000 rw-p 00000000 00:00 0 
7f6870d13000-7f6874000000 ---p 00000000 00:00 0 
7f6874000000-7f68748a5000 rw-p 00000000 00:00 0 
7f68748a5000-7f6878000000 ---p 00000000 00:00 0 
7f6878000000-7f68780f1000 rw-p 00000000 00:00 0 
7f68780f1000-7f687c000000 ---p 00000000 00:00 0 
7f687c000000-7f687d28d000 rw-p 00000000 00:00 0 
7f687d28d000-7f6880000000 ---p 00000000 00:00 0 
7f6880000000-7f6880021000 rw-p 00000000 00:00 0 
7f6880021000-7f6884000000 ---p 00000000 00:00 0 
7f6884000000-7f6884073000 rw-p 00000000 00:00 0 
7f6884073000-7f6888000000 ---p 00000000 00:00 0 
7f6888000000-7f688812d000 rw-p 00000000 00:00 0 
7f688812d000-7f688c000000 ---p 00000000 00:00 0 
7f688c000000-7f688c1ae000 rw-p 00000000 00:00 0 
7f688c1ae000-7f6890000000 ---p 00000000 00:00 0 
7f6890000000-7f6891722000 rw-p 00000000 00:00 0 
7f6891722000-7f6894000000 ---p 00000000 00:00 0 
7f6894000000-7f68954a0000 rw-p 00000000 00:00 0 
7f68954a0000-7f6898000000 ---p 00000000 00:00 0 
7f6898000000-7f68982b3000 rw-p 00000000 00:00 0 
7f68982b3000-7f689c000000 ---p 00000000 00:00 0 
7f689c000000-7f689dc7e000 rw-p 00000000 00:00 0 
7f689dc7e000-7f68a0000000 ---p 00000000 00:00 0 
7f68a0000000-7f68a0021000 rw-p 00000000 00:00 0 
7f68a0021000-7f68a4000000 ---p 00000000 00:00 0 
7f68a4000000-7f68a4021000 rw-p 00000000 00:00 0 
7f68a4021000-7f68a8000000 ---p 00000000 00:00 0 
7f68a8000000-7f68a847f000 rw-p 00000000 00:00 0 
7f68a847f000-7f68ac000000 ---p 00000000 00:00 0 
7f68acde3000-7f68acf23000 rw-p 00000000 00:00 0 
7f68acf23000-7f68acfe7000 ---p 00000000 00:00 0 
7f68acfe7000-7f68ad2e4000 rw-p 00000000 00:00 0 
7f68ad2e4000-7f68ad2e8000 ---p 00000000 00:00 0 
7f68ad2e8000-7f68ad5e5000 rw-p 00000000 00:00 0 
7f68ad5e5000-7f68ad7e5000 rw-p 00000000 00:00 0 
7f68ad7e5000-7f68ad9e5000 rw-p 00000000 00:00 0 
7f68ad9e5000-7f68adbe5000 rw-p 00000000 00:00 0 
7f68adbe5000-7f68adde5000 rw-p 00000000 00:00 0 
7f68adde5000-7f68addeb000 r-xp 00000000 09:7f 29232712                   /home/jenkins/tools/java/64bit/jdk-11.0.6/lib/libmanagement_ext.so
7f68addeb000-7f68adfea000 ---p 00006000 09:7f 29232712                   /home/jenkins/tools/java/64bit/jdk-11.0.6/lib/libmanagement_ext.so
7f68adfea000-7f68adfeb000 r--p 00005000 09:7f 29232712                   /home/jenkins/tools/java/64bit/jdk-11.0.6/lib/libmanagement_ext.so
7f68adfeb000-7f68adfec000 rw-p 00006000 09:7f 29232712                   /home/jenkins/tools/java/64bit/jdk-11.0.6/lib/libmanagement_ext.so
7f68adfec000-7f68adff0000 r-xp 00000000 09:7f 29232693                   /home/jenkins/tools/java/64bit/jdk-11.0.6/lib/libmanagement.so
7f68adff0000-7f68ae1f0000 ---p 00004000 09:7f 29232693                   /home/jenkins/tools/java/64bit/jdk-11.0.6/lib/libmanagement.so
7f68ae1f0000-7f68ae1f1000 r--p 00004000 09:7f 29232693                   /home/jenkins/tools/java/64bit/jdk-11.0.6/lib/libmanagement.so
7f68ae1f1000-7f68ae1f2000 rw-p 00005000 09:7f 29232693                   /home/jenkins/tools/java/64bit/jdk-11.0.6/lib/libmanagement.so
7f68ae1f2000-7f68ae1f6000 ---p 00000000 00:00 0 
7f68ae1f6000-7f68ae2f3000 rw-p 00000000 00:00 0 
7f68ae2f3000-7f68ae2f7000 ---p 00000000 00:00 0 
7f68ae2f7000-7f68ae3f4000 rw-p 00000000 00:00 0 
7f68ae3f4000-7f68ae3f8000 ---p 00000000 00:00 0 
7f68ae3f8000-7f68ae4f5000 rw-p 00000000 00:00 0 
7f68ae4f5000-7f68ae4f9000 ---p 00000000 00:00 0 
7f68ae4f9000-7f68ae5f6000 rw-p 00000000 00:00 0 
7f68ae5f6000-7f68ae5fa000 ---p 00000000 00:00 0 
7f68ae5fa000-7f68ae8f7000 rw-p 00000000 00:00 0 
7f68ae9c9000-7f68ae9cd000 ---p 00000000 00:00 0 
7f68ae9cd000-7f68aeaca000 rw-p 00000000 00:00 0 
7f68aeaca000-7f68aeace000 ---p 00000000 00:00 0 
7f68aeace000-7f68aedcb000 rw-p 00000000 00:00 0 
7f68aedcb000-7f68aedcf000 ---p 00000000 00:00 0 
7f68aedcf000-7f68aeecc000 rw-p 00000000 00:00 0 
7f68aeecc000-7f68aeece000 r-xp 00000000 09:7f 29232704                   /home/jenkins/tools/java/64bit/jdk-11.0.6/lib/libextnet.so
7f68aeece000-7f68af0cd000 ---p 00002000 09:7f 29232704                   /home/jenkins/tools/java/64bit/jdk-11.0.6/lib/libextnet.so
7f68af0cd000-7f68af0ce000 r--p 00001000 09:7f 29232704                   /home/jenkins/tools/java/64bit/jdk-11.0.6/lib/libextnet.so
7f68af0ce000-7f68af0cf000 rw-p 00002000 09:7f 29232704                   /home/jenkins/tools/java/64bit/jdk-11.0.6/lib/libextnet.so
7f68af0cf000-7f68af2cf000 rw-p 00000000 00:00 0 
7f68af2cf000-7f68af2d3000 ---p 00000000 00:00 0 
7f68af2d3000-7f68af3d0000 rw-p 00000000 00:00 0 
7f68af3d0000-7f68af3d4000 ---p 00000000 00:00 0 
7f68af3d4000-7f68af4d1000 rw-p 00000000 00:00 0 
7f68af4d1000-7f68af4d5000 ---p 00000000 00:00 0 
7f68af4d5000-7f68af5d2000 rw-p 00000000 00:00 0 
7f68af5d2000-7f68af5d6000 ---p 00000000 00:00 0 
7f68af5d6000-7f68af8d3000 rw-p 00000000 00:00 0 
7f68af8d3000-7f68af8d7000 ---p 00000000 00:00 0 
7f68af8d7000-7f68af9d4000 rw-p 00000000 00:00 0 
7f68af9d4000-7f68af9d5000 ---p 00000000 00:00 0 
7f68af9d5000-7f68afad6000 rw-p 00000000 00:00 0 
7f68afad6000-7f68afada000 ---p 00000000 00:00 0 
7f68afada000-7f68afbd7000 rw-p 00000000 00:00 0 
7f68afbd7000-7f68afbee000 r-xp 00000000 09:7f 29232706                   /home/jenkins/tools/java/64bit/jdk-11.0.6/lib/libnet.so
7f68afbee000-7f68afded000 ---p 00017000 09:7f 29232706                   /home/jenkins/tools/java/64bit/jdk-11.0.6/lib/libnet.so
7f68afded000-7f68afdee000 r--p 00016000 09:7f 29232706                   /home/jenkins/tools/java/64bit/jdk-11.0.6/lib/libnet.so
7f68afdee000-7f68afdef000 rw-p 00017000 09:7f 29232706                   /home/jenkins/tools/java/64bit/jdk-11.0.6/lib/libnet.so
7f68afdef000-7f68afdff000 r-xp 00000000 09:7f 29232708                   /home/jenkins/tools/java/64bit/jdk-11.0.6/lib/libnio.so
7f68afdff000-7f68afffe000 ---p 00010000 09:7f 29232708                   /home/jenkins/tools/java/64bit/jdk-11.0.6/lib/libnio.so
7f68afffe000-7f68affff000 r--p 0000f000 09:7f 29232708                   /home/jenkins/tools/java/64bit/jdk-11.0.6/lib/libnio.so
7f68affff000-7f68b0000000 rw-p 00010000 09:7f 29232708                   /home/jenkins/tools/java/64bit/jdk-11.0.6/lib/libnio.so
7f68b0000000-7f68b0021000 rw-p 00000000 00:00 0 
7f68b0021000-7f68b4000000 ---p 00000000 00:00 0 
7f68b4000000-7f68b4021000 rw-p 00000000 00:00 0 
7f68b4021000-7f68b8000000 ---p 00000000 00:00 0 
7f68b8000000-7f68b92d9000 rw-p 00000000 00:00 0 
7f68b92d9000-7f68bc000000 ---p 00000000 00:00 0 
7f68bc000000-7f68bc5dd000 rw-p 00000000 00:00 0 
7f68bc5dd000-7f68c0000000 ---p 00000000 00:00 0 
7f68c0000000-7f68c0021000 rw-p 00000000 00:00 0 
7f68c0021000-7f68c4000000 ---p 00000000 00:00 0 
7f68c4000000-7f68c4021000 rw-p 00000000 00:00 0 
7f68c4021000-7f68c8000000 ---p 00000000 00:00 0 
7f68c8000000-7f68c8021000 rw-p 00000000 00:00 0 
7f68c8021000-7f68cc000000 ---p 00000000 00:00 0 
7f68cc000000-7f68cc021000 rw-p 00000000 00:00 0 
7f68cc021000-7f68d0000000 ---p 00000000 00:00 0 
7f68d0000000-7f68d0021000 rw-p 00000000 00:00 0 
7f68d0021000-7f68d4000000 ---p 00000000 00:00 0 
7f68d4000000-7f68d4021000 rw-p 00000000 00:00 0 
7f68d4021000-7f68d8000000 ---p 00000000 00:00 0 
7f68d8000000-7f68d8021000 rw-p 00000000 00:00 0 
7f68d8021000-7f68dc000000 ---p 00000000 00:00 0 
7f68dc000000-7f68dc021000 rw-p 00000000 00:00 0 
7f68dc021000-7f68e0000000 ---p 00000000 00:00 0 
7f68e0000000-7f68e0021000 rw-p 00000000 00:00 0 
7f68e0021000-7f68e4000000 ---p 00000000 00:00 0 
7f68e4000000-7f68e4021000 rw-p 00000000 00:00 0 
7f68e4021000-7f68e8000000 ---p 00000000 00:00 0 
7f68e8000000-7f68e8021000 rw-p 00000000 00:00 0 
7f68e8021000-7f68ec000000 ---p 00000000 00:00 0 
7f68ec000000-7f68ec021000 rw-p 00000000 00:00 0 
7f68ec021000-7f68f0000000 ---p 00000000 00:00 0 
7f68f0000000-7f68f0021000 rw-p 00000000 00:00 0 
7f68f0021000-7f68f4000000 ---p 00000000 00:00 0 
7f68f4000000-7f68f4021000 rw-p 00000000 00:00 0 
7f68f4021000-7f68f8000000 ---p 00000000 00:00 0 
7f68f8000000-7f68f8188000 rw-p 00000000 00:00 0 
7f68f8188000-7f68fc000000 ---p 00000000 00:00 0 
7f68fc000000-7f68fc021000 rw-p 00000000 00:00 0 
7f68fc021000-7f6900000000 ---p 00000000 00:00 0 
7f6900000000-7f6900021000 rw-p 00000000 00:00 0 
7f6900021000-7f6904000000 ---p 00000000 00:00 0 
7f6904000000-7f6904021000 rw-p 00000000 00:00 0 
7f6904021000-7f6908000000 ---p 00000000 00:00 0 
7f6908000000-7f6908021000 rw-p 00000000 00:00 0 
7f6908021000-7f690c000000 ---p 00000000 00:00 0 
7f690c000000-7f690c021000 rw-p 00000000 00:00 0 
7f690c021000-7f6910000000 ---p 00000000 00:00 0 
7f6910000000-7f6910021000 rw-p 00000000 00:00 0 
7f6910021000-7f6914000000 ---p 00000000 00:00 0 
7f6914000000-7f6914021000 rw-p 00000000 00:00 0 
7f6914021000-7f6918000000 ---p 00000000 00:00 0 
7f6918000000-7f6918021000 rw-p 00000000 00:00 0 
7f6918021000-7f691c000000 ---p 00000000 00:00 0 
7f691c000000-7f691c021000 rw-p 00000000 00:00 0 
7f691c021000-7f6920000000 ---p 00000000 00:00 0 
7f6920000000-7f6920021000 rw-p 00000000 00:00 0 
7f6920021000-7f6924000000 ---p 00000000 00:00 0 
7f6924000000-7f6924021000 rw-p 00000000 00:00 0 
7f6924021000-7f6928000000 ---p 00000000 00:00 0 
7f6928000000-7f6928021000 rw-p 00000000 00:00 0 
7f6928021000-7f692c000000 ---p 00000000 00:00 0 
7f692c061000-7f692c065000 ---p 00000000 00:00 0 
7f692c065000-7f692c193000 rw-p 00000000 00:00 0 
7f692c193000-7f692c197000 ---p 00000000 00:00 0 
7f692c197000-7f692c294000 rw-p 00000000 00:00 0 
7f692c294000-7f692c298000 ---p 00000000 00:00 0 
7f692c298000-7f692c395000 rw-p 00000000 00:00 0 
7f692c395000-7f692c399000 ---p 00000000 00:00 0 
7f692c399000-7f692c496000 rw-p 00000000 00:00 0 
7f692c496000-7f692c49a000 ---p 00000000 00:00 0 
7f692c49a000-7f692c597000 rw-p 00000000 00:00 0 
7f692c597000-7f692c59b000 ---p 00000000 00:00 0 
7f692c59b000-7f692c698000 rw-p 00000000 00:00 0 
7f692c698000-7f692c910000 r--p 00000000 09:7f 9961646                    /usr/lib/locale/aa_DJ.utf8/LC_COLLATE
7f692c910000-7f692cc00000 rwxp 00000000 00:00 0 
7f692cc00000-7f692d04f000 ---p 00000000 00:00 0 
7f692d04f000-7f692df0f000 rwxp 00000000 00:00 0 
7f692df0f000-7f69344af000 ---p 00000000 00:00 0 
7f69344af000-7f69349ff000 rwxp 00000000 00:00 0 
7f69349ff000-7f693b910000 ---p 00000000 00:00 0 
7f693b910000-7f6944000000 r--s 00000000 09:7f 29232716                   /home/jenkins/tools/java/64bit/jdk-11.0.6/lib/modules
7f6944000000-7f694459a000 rw-p 00000000 00:00 0 
7f694459a000-7f6948000000 ---p 00000000 00:00 0 
7f6948029000-7f6948064000 rw-p 00000000 00:00 0 
7f6948064000-7f69480b8000 r--p 00000000 09:7f 9961879                    /usr/lib/locale/aa_DJ.utf8/LC_CTYPE
7f69480b8000-7f69480b9000 r--p 00000000 09:7f 10092616                   /usr/lib/locale/aa_ET/LC_NUMERIC
7f69480b9000-7f69480ba000 r--p 00000000 09:7f 13506201                   /usr/lib/locale/en_US.utf8/LC_TIME
7f69480ba000-7f69480be000 ---p 00000000 00:00 0 
7f69480be000-7f69481bb000 rw-p 00000000 00:00 0 
7f69481bb000-7f69481bf000 ---p 00000000 00:00 0 
7f69481bf000-7f69482bc000 rw-p 00000000 00:00 0 
7f69482bc000-7f69482bd000 ---p 00000000 00:00 0 
7f69482bd000-7f6948cc2000 rw-p 00000000 00:00 0 
7f6948cc2000-7f6948cc3000 ---p 00000000 00:00 0 
7f6948cc3000-7f6948dc4000 rw-p 00000000 00:00 0 
7f6948dc4000-7f6948dc5000 ---p 00000000 00:00 0 
7f6948dc5000-7f6948ec6000 rw-p 00000000 00:00 0 
7f6948ec6000-7f6948ec7000 ---p 00000000 00:00 0 
7f6948ec7000-7f6948fc8000 rw-p 00000000 00:00 0 
7f6948fc8000-7f6948fc9000 ---p 00000000 00:00 0 
7f6948fc9000-7f69490ca000 rw-p 00000000 00:00 0 
7f69490ca000-7f69490cb000 ---p 00000000 00:00 0 
7f69490cb000-7f69491cc000 rw-p 00000000 00:00 0 
7f69491cc000-7f69491cd000 ---p 00000000 00:00 0 
7f69491cd000-7f69492ce000 rw-p 00000000 00:00 0 
7f69492ce000-7f69492cf000 ---p 00000000 00:00 0 
7f69492cf000-7f69493d0000 rw-p 00000000 00:00 0 
7f69493d0000-7f69493d1000 ---p 00000000 00:00 0 
7f69493d1000-7f69494d2000 rw-p 00000000 00:00 0 
7f69494d2000-7f69494d3000 ---p 00000000 00:00 0 
7f69494d3000-7f69495d4000 rw-p 00000000 00:00 0 
7f69495d4000-7f69495d5000 ---p 00000000 00:00 0 
7f69495d5000-7f69496d6000 rw-p 00000000 00:00 0 
7f69496d6000-7f69496d7000 ---p 00000000 00:00 0 
7f69496d7000-7f69497d8000 rw-p 00000000 00:00 0 
7f69497d8000-7f69497d9000 ---p 00000000 00:00 0 
7f69497d9000-7f69498da000 rw-p 00000000 00:00 0 
7f69498da000-7f69498db000 ---p 00000000 00:00 0 
7f69498db000-7f694a9dc000 rw-p 00000000 00:00 0 
7f694a9dc000-7f694a9dd000 ---p 00000000 00:00 0 
7f694a9dd000-7f694aade000 rw-p 00000000 00:00 0 
7f694aade000-7f694aadf000 ---p 00000000 00:00 0 
7f694aadf000-7f694abe0000 rw-p 00000000 00:00 0 
7f694abe0000-7f694abe1000 ---p 00000000 00:00 0 
7f694abe1000-7f694ace2000 rw-p 00000000 00:00 0 
7f694ace2000-7f694ace3000 ---p 00000000 00:00 0 
7f694ace3000-7f694ade4000 rw-p 00000000 00:00 0 
7f694ade4000-7f694ade5000 ---p 00000000 00:00 0 
7f694ade5000-7f694aee6000 rw-p 00000000 00:00 0 
7f694aee6000-7f694aee7000 ---p 00000000 00:00 0 
7f694aee7000-7f694afe8000 rw-p 00000000 00:00 0 
7f694afe8000-7f694afe9000 ---p 00000000 00:00 0 
7f694afe9000-7f694b0ea000 rw-p 00000000 00:00 0 
7f694b0ea000-7f694b0eb000 ---p 00000000 00:00 0 
7f694b0eb000-7f694b1ec000 rw-p 00000000 00:00 0 
7f694b1ec000-7f694b1ed000 ---p 00000000 00:00 0 
7f694b1ed000-7f694b2ee000 rw-p 00000000 00:00 0 
7f694b2ee000-7f694b2ef000 ---p 00000000 00:00 0 
7f694b2ef000-7f694b3fb000 rw-p 00000000 00:00 0 
7f694b3fb000-7f694b4d9000 ---p 00000000 00:00 0 
7f694b4d9000-7f694b4f7000 rw-p 00000000 00:00 0 
7f694b4f7000-7f694b5c2000 ---p 00000000 00:00 0 
7f694b5c2000-7f694b5c8000 rw-p 00000000 00:00 0 
7f694b5c8000-7f694b5d1000 ---p 00000000 00:00 0 
7f694b5d1000-7f694b5ec000 r-xp 00000000 09:7f 29232677                   /home/jenkins/tools/java/64bit/jdk-11.0.6/lib/libjimage.so
7f694b5ec000-7f694b7ec000 ---p 0001b000 09:7f 29232677                   /home/jenkins/tools/java/64bit/jdk-11.0.6/lib/libjimage.so
7f694b7ec000-7f694b7ee000 r--p 0001b000 09:7f 29232677                   /home/jenkins/tools/java/64bit/jdk-11.0.6/lib/libjimage.so
7f694b7ee000-7f694b7ef000 rw-p 0001d000 09:7f 29232677                   /home/jenkins/tools/java/64bit/jdk-11.0.6/lib/libjimage.so
7f694b7ef000-7f694b7f6000 r-xp 00000000 09:7f 29232678                   /home/jenkins/tools/java/64bit/jdk-11.0.6/lib/libzip.so
7f694b7f6000-7f694b9f5000 ---p 00007000 09:7f 29232678                   /home/jenkins/tools/java/64bit/jdk-11.0.6/lib/libzip.so
7f694b9f5000-7f694b9f6000 r--p 00006000 09:7f 29232678                   /home/jenkins/tools/java/64bit/jdk-11.0.6/lib/libzip.so
7f694b9f6000-7f694b9f7000 rw-p 00007000 09:7f 29232678                   /home/jenkins/tools/java/64bit/jdk-11.0.6/lib/libzip.so
7f694b9f7000-7f694b9fa000 r--p 00000000 09:7f 20977577                   /lib/x86_64-linux-gnu/libnss_files-2.31.so
7f694b9fa000-7f694ba01000 r-xp 00003000 09:7f 20977577                   /lib/x86_64-linux-gnu/libnss_files-2.31.so
7f694ba01000-7f694ba03000 r--p 0000a000 09:7f 20977577                   /lib/x86_64-linux-gnu/libnss_files-2.31.so
7f694ba03000-7f694ba04000 r--p 0000b000 09:7f 20977577                   /lib/x86_64-linux-gnu/libnss_files-2.31.so
7f694ba04000-7f694ba05000 rw-p 0000c000 09:7f 20977577                   /lib/x86_64-linux-gnu/libnss_files-2.31.so
7f694ba05000-7f694ba0b000 rw-p 00000000 00:00 0 
7f694ba0b000-7f694ba10000 r--p 00000000 09:7f 20977487                   /lib/x86_64-linux-gnu/libnsl-2.31.so
7f694ba10000-7f694ba20000 r-xp 00005000 09:7f 20977487                   /lib/x86_64-linux-gnu/libnsl-2.31.so
7f694ba20000-7f694ba24000 r--p 00015000 09:7f 20977487                   /lib/x86_64-linux-gnu/libnsl-2.31.so
7f694ba24000-7f694ba25000 r--p 00018000 09:7f 20977487                   /lib/x86_64-linux-gnu/libnsl-2.31.so
7f694ba25000-7f694ba26000 rw-p 00019000 09:7f 20977487                   /lib/x86_64-linux-gnu/libnsl-2.31.so
7f694ba26000-7f694ba28000 rw-p 00000000 00:00 0 
7f694ba28000-7f694ba2b000 r--p 00000000 09:7f 20977581                   /lib/x86_64-linux-gnu/libnss_nis-2.31.so
7f694ba2b000-7f694ba33000 r-xp 00003000 09:7f 20977581                   /lib/x86_64-linux-gnu/libnss_nis-2.31.so
7f694ba33000-7f694ba35000 r--p 0000b000 09:7f 20977581                   /lib/x86_64-linux-gnu/libnss_nis-2.31.so
7f694ba35000-7f694ba36000 r--p 0000c000 09:7f 20977581                   /lib/x86_64-linux-gnu/libnss_nis-2.31.so
7f694ba36000-7f694ba37000 rw-p 0000d000 09:7f 20977581                   /lib/x86_64-linux-gnu/libnss_nis-2.31.so
7f694ba37000-7f694ba39000 r--p 00000000 09:7f 20977568                   /lib/x86_64-linux-gnu/libnss_compat-2.31.so
7f694ba39000-7f694ba40000 r-xp 00002000 09:7f 20977568                   /lib/x86_64-linux-gnu/libnss_compat-2.31.so
7f694ba40000-7f694ba41000 r--p 00009000 09:7f 20977568                   /lib/x86_64-linux-gnu/libnss_compat-2.31.so
7f694ba41000-7f694ba42000 r--p 00009000 09:7f 20977568                   /lib/x86_64-linux-gnu/libnss_compat-2.31.so
7f694ba42000-7f694ba43000 rw-p 0000a000 09:7f 20977568                   /lib/x86_64-linux-gnu/libnss_compat-2.31.so
7f694ba43000-7f694ba44000 r--p 00000000 09:7f 13505819                   /usr/lib/locale/chr_US/LC_MONETARY
7f694ba44000-7f694ba45000 r--p 00000000 09:7f 13506042                   /usr/lib/locale/en_AG/LC_MESSAGES/SYS_LC_MESSAGES
7f694ba45000-7f694ba46000 r--p 00000000 09:7f 13505820                   /usr/lib/locale/chr_US/LC_PAPER
7f694ba46000-7f694ba47000 r--p 00000000 09:7f 13505697                   /usr/lib/locale/bi_VU/LC_NAME
7f694ba47000-7f694ba48000 r--p 00000000 09:7f 13506199                   /usr/lib/locale/en_US.utf8/LC_ADDRESS
7f694ba48000-7f694ba4f000 r--s 00000000 09:7f 6039562                    /usr/lib/x86_64-linux-gnu/gconv/gconv-modules.cache
7f694ba4f000-7f694ba79000 r-xp 00000000 09:7f 29232681                   /home/jenkins/tools/java/64bit/jdk-11.0.6/lib/libjava.so
7f694ba79000-7f694bc78000 ---p 0002a000 09:7f 29232681                   /home/jenkins/tools/java/64bit/jdk-11.0.6/lib/libjava.so
7f694bc78000-7f694bc79000 r--p 00029000 09:7f 29232681                   /home/jenkins/tools/java/64bit/jdk-11.0.6/lib/libjava.so
7f694bc79000-7f694bc7b000 rw-p 0002a000 09:7f 29232681                   /home/jenkins/tools/java/64bit/jdk-11.0.6/lib/libjava.so
7f694bc7b000-7f694bc8c000 r-xp 00000000 09:7f 29232684                   /home/jenkins/tools/java/64bit/jdk-11.0.6/lib/libverify.so
7f694bc8c000-7f694be8b000 ---p 00011000 09:7f 29232684                   /home/jenkins/tools/java/64bit/jdk-11.0.6/lib/libverify.so
7f694be8b000-7f694be8d000 r--p 00010000 09:7f 29232684                   /home/jenkins/tools/java/64bit/jdk-11.0.6/lib/libverify.so
7f694be8d000-7f694be8e000 rw-p 00012000 09:7f 29232684                   /home/jenkins/tools/java/64bit/jdk-11.0.6/lib/libverify.so
7f694be8e000-7f694be91000 r--p 00000000 09:7f 20977611                   /lib/x86_64-linux-gnu/librt-2.31.so
7f694be91000-7f694be95000 r-xp 00003000 09:7f 20977611                   /lib/x86_64-linux-gnu/librt-2.31.so
7f694be95000-7f694be96000 r--p 00007000 09:7f 20977611                   /lib/x86_64-linux-gnu/librt-2.31.so
7f694be96000-7f694be97000 ---p 00008000 09:7f 20977611                   /lib/x86_64-linux-gnu/librt-2.31.so
7f694be97000-7f694be98000 r--p 00008000 09:7f 20977611                   /lib/x86_64-linux-gnu/librt-2.31.so
7f694be98000-7f694be99000 rw-p 00009000 09:7f 20977611                   /lib/x86_64-linux-gnu/librt-2.31.so
7f694be99000-7f694be9d000 ---p 00000000 00:00 0 
7f694be9d000-7f694bf9a000 rw-p 00000000 00:00 0 
7f694bf9a000-7f694bfa9000 r--p 00000000 09:7f 20977471                   /lib/x86_64-linux-gnu/libm-2.31.so
7f694bfa9000-7f694c050000 r-xp 0000f000 09:7f 20977471                   /lib/x86_64-linux-gnu/libm-2.31.so
7f694c050000-7f694c0e7000 r--p 000b6000 09:7f 20977471                   /lib/x86_64-linux-gnu/libm-2.31.so
7f694c0e7000-7f694c0e8000 r--p 0014c000 09:7f 20977471                   /lib/x86_64-linux-gnu/libm-2.31.so
7f694c0e8000-7f694c0e9000 rw-p 0014d000 09:7f 20977471                   /lib/x86_64-linux-gnu/libm-2.31.so
7f694c0e9000-7f694d22d000 r-xp 00000000 09:7f 29497991                   /home/jenkins/tools/java/64bit/jdk-11.0.6/lib/server/libjvm.so
7f694d22d000-7f694d42c000 ---p 01144000 09:7f 29497991                   /home/jenkins/tools/java/64bit/jdk-11.0.6/lib/server/libjvm.so
7f694d42c000-7f694d4eb000 r--p 01143000 09:7f 29497991                   /home/jenkins/tools/java/64bit/jdk-11.0.6/lib/server/libjvm.so
7f694d4eb000-7f694d525000 rw-p 01202000 09:7f 29497991                   /home/jenkins/tools/java/64bit/jdk-11.0.6/lib/server/libjvm.so
7f694d525000-7f694d580000 rw-p 00000000 00:00 0 
7f694d580000-7f694d5a5000 r--p 00000000 09:7f 20977465                   /lib/x86_64-linux-gnu/libc-2.31.so
7f694d5a5000-7f694d71d000 r-xp 00025000 09:7f 20977465                   /lib/x86_64-linux-gnu/libc-2.31.so
7f694d71d000-7f694d767000 r--p 0019d000 09:7f 20977465                   /lib/x86_64-linux-gnu/libc-2.31.so
7f694d767000-7f694d768000 ---p 001e7000 09:7f 20977465                   /lib/x86_64-linux-gnu/libc-2.31.so
7f694d768000-7f694d76b000 r--p 001e7000 09:7f 20977465                   /lib/x86_64-linux-gnu/libc-2.31.so
7f694d76b000-7f694d76e000 rw-p 001ea000 09:7f 20977465                   /lib/x86_64-linux-gnu/libc-2.31.so
7f694d76e000-7f694d772000 rw-p 00000000 00:00 0 
7f694d772000-7f694d773000 r--p 00000000 09:7f 20977469                   /lib/x86_64-linux-gnu/libdl-2.31.so
7f694d773000-7f694d775000 r-xp 00001000 09:7f 20977469                   /lib/x86_64-linux-gnu/libdl-2.31.so
7f694d775000-7f694d776000 r--p 00003000 09:7f 20977469                   /lib/x86_64-linux-gnu/libdl-2.31.so
7f694d776000-7f694d777000 r--p 00003000 09:7f 20977469                   /lib/x86_64-linux-gnu/libdl-2.31.so
7f694d777000-7f694d778000 rw-p 00004000 09:7f 20977469                   /lib/x86_64-linux-gnu/libdl-2.31.so
7f694d778000-7f694d788000 r-xp 00000000 09:7f 29622494                   /home/jenkins/tools/java/64bit/jdk-11.0.6/lib/jli/libjli.so
7f694d788000-7f694d987000 ---p 00010000 09:7f 29622494                   /home/jenkins/tools/java/64bit/jdk-11.0.6/lib/jli/libjli.so
7f694d987000-7f694d988000 r--p 0000f000 09:7f 29622494                   /home/jenkins/tools/java/64bit/jdk-11.0.6/lib/jli/libjli.so
7f694d988000-7f694d989000 rw-p 00010000 09:7f 29622494                   /home/jenkins/tools/java/64bit/jdk-11.0.6/lib/jli/libjli.so
7f694d989000-7f694d990000 r--p 00000000 09:7f 20977593                   /lib/x86_64-linux-gnu/libpthread-2.31.so
7f694d990000-7f694d9a1000 r-xp 00007000 09:7f 20977593                   /lib/x86_64-linux-gnu/libpthread-2.31.so
7f694d9a1000-7f694d9a6000 r--p 00018000 09:7f 20977593                   /lib/x86_64-linux-gnu/libpthread-2.31.so
7f694d9a6000-7f694d9a7000 r--p 0001c000 09:7f 20977593                   /lib/x86_64-linux-gnu/libpthread-2.31.so
7f694d9a7000-7f694d9a8000 rw-p 0001d000 09:7f 20977593                   /lib/x86_64-linux-gnu/libpthread-2.31.so
7f694d9a8000-7f694d9ac000 rw-p 00000000 00:00 0 
7f694d9ac000-7f694d9ae000 r--p 00000000 09:7f 20974129                   /lib/x86_64-linux-gnu/libz.so.1.2.11
7f694d9ae000-7f694d9bf000 r-xp 00002000 09:7f 20974129                   /lib/x86_64-linux-gnu/libz.so.1.2.11
7f694d9bf000-7f694d9c5000 r--p 00013000 09:7f 20974129                   /lib/x86_64-linux-gnu/libz.so.1.2.11
7f694d9c5000-7f694d9c6000 ---p 00019000 09:7f 20974129                   /lib/x86_64-linux-gnu/libz.so.1.2.11
7f694d9c6000-7f694d9c7000 r--p 00019000 09:7f 20974129                   /lib/x86_64-linux-gnu/libz.so.1.2.11
7f694d9c7000-7f694d9c8000 rw-p 0001a000 09:7f 20974129                   /lib/x86_64-linux-gnu/libz.so.1.2.11
7f694d9c8000-7f694d9c9000 r--p 00000000 09:7f 6029341                    /usr/lib/x86_64-linux-gnu/libeatmydata.so.1.1.2
7f694d9c9000-7f694d9ca000 r-xp 00001000 09:7f 6029341                    /usr/lib/x86_64-linux-gnu/libeatmydata.so.1.1.2
7f694d9ca000-7f694d9cb000 r--p 00002000 09:7f 6029341                    /usr/lib/x86_64-linux-gnu/libeatmydata.so.1.1.2
7f694d9cb000-7f694d9cc000 r--p 00002000 09:7f 6029341                    /usr/lib/x86_64-linux-gnu/libeatmydata.so.1.1.2
7f694d9cc000-7f694d9cd000 rw-p 00003000 09:7f 6029341                    /usr/lib/x86_64-linux-gnu/libeatmydata.so.1.1.2
7f694d9cd000-7f694d9ce000 r--p 00000000 09:7f 13505821                   /usr/lib/locale/chr_US/LC_TELEPHONE
7f694d9ce000-7f694d9cf000 r--p 00000000 09:7f 13505817                   /usr/lib/locale/chr_US/LC_MEASUREMENT
7f694d9cf000-7f694d9d7000 rw-s 00000000 09:7f 13893788                   /tmp/hsperfdata_jenkins/529873
7f694d9d7000-7f694d9d8000 ---p 00000000 00:00 0 
7f694d9d8000-7f694d9d9000 r--p 00000000 00:00 0 
7f694d9d9000-7f694d9db000 rw-p 00000000 00:00 0 
7f694d9db000-7f694d9dc000 r--p 00000000 09:7f 20975364                   /lib/x86_64-linux-gnu/ld-2.31.so
7f694d9dc000-7f694d9ff000 r-xp 00001000 09:7f 20975364                   /lib/x86_64-linux-gnu/ld-2.31.so
7f694d9ff000-7f694da07000 r--p 00024000 09:7f 20975364                   /lib/x86_64-linux-gnu/ld-2.31.so
7f694da07000-7f694da08000 r--p 00000000 09:7f 13506200                   /usr/lib/locale/en_US.utf8/LC_IDENTIFICATION
7f694da08000-7f694da09000 r--p 0002c000 09:7f 20975364                   /lib/x86_64-linux-gnu/ld-2.31.so
7f694da09000-7f694da0a000 rw-p 0002d000 09:7f 20975364                   /lib/x86_64-linux-gnu/ld-2.31.so
7f694da0a000-7f694da0b000 rw-p 00000000 00:00 0 
7ffe3704d000-7ffe3706f000 rw-p 00000000 00:00 0                          [stack]
7ffe370b0000-7ffe370b4000 r--p 00000000 00:00 0                          [vvar]
7ffe370b4000-7ffe370b6000 r-xp 00000000 00:00 0                          [vdso]
ffffffffff600000-ffffffffff601000 --xp 00000000 00:00 0                  [vsyscall]


VM Arguments:
jvm_args: -Dcommon.dir=/home/jenkins/workspace/Lucene-main-Linux/lucene -Dgradle.lib.dir=/home/jenkins/.gradle/wrapper/dists/gradle-6.8.3-all/6czipnbiesy2sl92ioo8dht91/gradle-6.8.3/lib -Dgradle.user.home=/home/jenkins/.gradle -Dgradle.worker.jar=/home/jenkins/.gradle/caches/6.8.3/workerMain/gradle-worker.jar -Djava.awt.headless=true -Djava.security.egd=file:/dev/./urandom -Djava.security.manager=org.apache.lucene.util.TestSecurityManager -Djava.security.policy=/home/jenkins/workspace/Lucene-main-Linux/gradle/testing/randomization/policies/tests.policy -Djava.util.logging.config.file=/home/jenkins/workspace/Lucene-main-Linux/gradle/testing/defaults-tests/logging.properties -Djdk.map.althashing.threshold=0 -Djetty.insecurerandom=1 -Djetty.testMode=1 -Djunit4.childvm.count=1 -Djunit4.childvm.id=0 -Dorg.gradle.native=false -DtempDir=/home/jenkins/workspace/Lucene-main-Linux/lucene/expressions/build/tmp/tests-tmp -Dtests.LUCENE_VERSION=9.0.0 -Dtests.asserts=true -Dtests.badapples=false -Dtests.codec=random -Dtests.directory=random -Dtests.docvaluesformat=random -Dtests.dups=0 -Dtests.failfast=false -Dtests.file.encoding=ISO-8859-1 -Dtests.haltonfailure=false -Dtests.heapsize=512m -Dtests.infostream=false -Dtests.jvmargs=-XX:-UseCompressedOops -XX:+UnlockExperimentalVMOptions -XX:+UseZGC -Dtests.jvms=6 -Dtests.leaveTemporary=false -Dtests.linedocsfile=europarl.lines.txt.gz -Dtests.locale=random -Dtests.minheapsize=256m -Dtests.monster=false -Dtests.multiplier=3 -Dtests.nightly=false -Dtests.postingsformat=random -Dtests.profile=false -Dtests.seed=25E6600265A5C2D4 -Dtests.slow=true -Dtests.slowestSuites=true -Dtests.slowestTests=true -Dtests.timezone=random -Dtests.useSecurityManager=true -Dtests.verbose=false -Dtests.weekly=false -Dtests.workDir=/home/jenkins/workspace/Lucene-main-Linux/lucene/expressions/build/tmp/tests-tmp -XX:-UseCompressedOops -XX:+UnlockExperimentalVMOptions -XX:+UseZGC --illegal-access=deny -da:java.util.HashMap -esa -Xms256m -Xmx512m -Dfile.encoding=UTF-8 -Djava.io.tmpdir=/home/jenkins/workspace/Lucene-main-Linux/lucene/expressions/build/tmp/tests-tmp -Duser.country=US -Duser.language=en -Duser.variant -ea 
java_command: worker.org.gradle.process.internal.worker.GradleWorkerMain 'Gradle Test Executor 40'
java_class_path (initial): /home/jenkins/.gradle/caches/6.8.3/workerMain/gradle-worker.jar:/home/jenkins/workspace/Lucene-main-Linux/lucene/expressions/build/classes/java/test:/home/jenkins/workspace/Lucene-main-Linux/lucene/expressions/build/resources/test:/home/jenkins/workspace/Lucene-main-Linux/lucene/expressions/build/classes/java/main:/home/jenkins/workspace/Lucene-main-Linux/lucene/expressions/build/resources/main:/home/jenkins/workspace/Lucene-main-Linux/lucene/test-framework/build/libs/lucene-test-framework-9.0.0-SNAPSHOT.jar:/home/jenkins/workspace/Lucene-main-Linux/lucene/codecs/build/libs/lucene-codecs-9.0.0-SNAPSHOT.jar:/home/jenkins/workspace/Lucene-main-Linux/lucene/core/build/libs/lucene-core-9.0.0-SNAPSHOT.jar:/home/jenkins/.gradle/caches/modules-2/files-2.1/org.antlr/antlr4-runtime/4.5.1-1/66144204f9d6d7d3f3f775622c2dd7e9bd511d97/antlr4-runtime-4.5.1-1.jar:/home/jenkins/.gradle/caches/modules-2/files-2.1/org.ow2.asm/asm-commons/7.2/ca2954e8d92a05bacc28ff465b25c70e0f512497/asm-commons-7.2.jar:/home/jenkins/.gradle/caches/modules-2/files-2.1/org.ow2.asm/asm/7.2/fa637eb67eb7628c915d73762b681ae7ff0b9731/asm-7.2.jar:/home/jenkins/.gradle/caches/modules-2/files-2.1/com.carrotsearch.randomizedtesting/randomizedtesting-runner/2.7.6/17894fe98cce53f9bd994044d9bea7bd7801cafa/randomizedtesting-runner-2.7.6.jar:/home/jenkins/.gradle/caches/modules-2/files-2.1/junit/junit/4.13.1/cdd00374f1fee76b11e2a9d127405aa3f6be5b6a/junit-4.13.1.jar:/home/jenkins/.gradle/caches/modules-2/files-2.1/org.hamcrest/hamcrest/2.2/1820c0968dba3a11a1b30669bb1f01978a91dedc/hamcrest-2.2.jar
Launcher Type: SUN_STANDARD

[Global flags]
     intx CICompilerCount                          = 12                                        {product} {ergonomic}
   size_t InitialHeapSize                          = 268435456                                 {product} {command line}
   size_t MaxHeapSize                              = 536870912                                 {product} {command line}
   size_t MinHeapDeltaBytes                        = 2097152                                   {product} {ergonomic}
    uintx NonNMethodCodeHeapSize                   = 7594288                                {pd product} {ergonomic}
    uintx NonProfiledCodeHeapSize                  = 122031976                              {pd product} {ergonomic}
    uintx ProfiledCodeHeapSize                     = 122031976                              {pd product} {ergonomic}
    uintx ReservedCodeCacheSize                    = 251658240                              {pd product} {ergonomic}
     bool SegmentedCodeCache                       = true                                      {product} {ergonomic}
     bool UnlockExperimentalVMOptions              = true                                 {experimental} {command line}
     bool UseCompressedOops                        = false                                {lp64_product} {command line}
     bool UseZGC                                   = true                                 {experimental} {command line}

Logging:
Log output configuration:
 #0: stdout all=warning uptime,level,tags
 #1: stderr all=off uptime,level,tags

Environment Variables:
JAVA_HOME=/home/jenkins/tools/java/64bit/latest-jdk11
PATH=/home/jenkins/tools/java/64bit/latest-jdk11/bin:/usr/local/sbin:/usr/local/bin:/usr/sbin:/usr/bin:/sbin:/bin:/usr/games:/usr/local/games:/snap/bin
LD_PRELOAD=libeatmydata.so
SHELL=/bin/bash

Signal Handlers:
SIGSEGV: [libjvm.so+0xe334d0], sa_mask[0]=11111111011111111101111111111110, sa_flags=SA_RESTART|SA_SIGINFO
SIGBUS: [libjvm.so+0xe334d0], sa_mask[0]=11111111011111111101111111111110, sa_flags=SA_RESTART|SA_SIGINFO
SIGFPE: [libjvm.so+0xe334d0], sa_mask[0]=11111111011111111101111111111110, sa_flags=SA_RESTART|SA_SIGINFO
SIGPIPE: [libjvm.so+0xc061e0], sa_mask[0]=11111111011111111101111111111110, sa_flags=SA_RESTART|SA_SIGINFO
SIGXFSZ: [libjvm.so+0xc061e0], sa_mask[0]=11111111011111111101111111111110, sa_flags=SA_RESTART|SA_SIGINFO
SIGILL: [libjvm.so+0xe334d0], sa_mask[0]=11111111011111111101111111111110, sa_flags=SA_RESTART|SA_SIGINFO
SIGUSR2: [libjvm.so+0xc06080], sa_mask[0]=00100000000000000000000000000000, sa_flags=SA_RESTART|SA_SIGINFO
SIGHUP: SIG_IGN, sa_mask[0]=00000000000000000000000000000000, sa_flags=none
SIGINT: [libjvm.so+0xc063e0], sa_mask[0]=11111111011111111101111111111110, sa_flags=SA_RESTART|SA_SIGINFO
SIGTERM: [libjvm.so+0xc063e0], sa_mask[0]=11111111011111111101111111111110, sa_flags=SA_RESTART|SA_SIGINFO
SIGQUIT: [libjvm.so+0xc063e0], sa_mask[0]=11111111011111111101111111111110, sa_flags=SA_RESTART|SA_SIGINFO


---------------  S Y S T E M  ---------------

OS:DISTRIB_ID=Ubuntu
DISTRIB_RELEASE=20.04
DISTRIB_CODENAME=focal
DISTRIB_DESCRIPTION="Ubuntu 20.04.2 LTS"
uname:Linux 5.8.0-50-generic #56~20.04.1-Ubuntu SMP Mon Apr 12 21:46:35 UTC 2021 x86_64
libc:glibc 2.31 NPTL 2.31 
rlimit: STACK 8192k, CORE 0k, NPROC 256747, NOFILE 1048576, AS infinity, DATA infinity, FSIZE infinity
load average:5.93 14.79 9.18

/proc/meminfo:
MemTotal:       65857540 kB
MemFree:        11590060 kB
MemAvailable:   13964448 kB
Buffers:          184336 kB
Cached:          2891472 kB
SwapCached:        83120 kB
Active:         11404584 kB
Inactive:        3201088 kB
Active(anon):    9981128 kB
Inactive(anon):  1918104 kB
Active(file):    1423456 kB
Inactive(file):  1282984 kB
Unevictable:          60 kB
Mlocked:              60 kB
SwapTotal:      16777212 kB
SwapFree:       16063740 kB
Dirty:              4432 kB
Writeback:             0 kB
AnonPages:      11524840 kB
Mapped:         38772808 kB
Shmem:            368964 kB
KReclaimable:     391524 kB
Slab:             981236 kB
SReclaimable:     391524 kB
SUnreclaim:       589712 kB
KernelStack:       13568 kB
PageTables:       108784 kB
NFS_Unstable:          0 kB
Bounce:                0 kB
WritebackTmp:          0 kB
CommitLimit:    49705980 kB
Committed_AS:   51591460 kB
VmallocTotal:   34359738367 kB
VmallocUsed:       28060 kB
VmallocChunk:          0 kB
Percpu:            29056 kB
HardwareCorrupted:     0 kB
AnonHugePages:         0 kB
ShmemHugePages:        0 kB
ShmemPmdMapped:        0 kB
FileHugePages:         0 kB
FilePmdMapped:         0 kB
HugePages_Total:       0
HugePages_Free:        0
HugePages_Rsvd:        0
HugePages_Surp:        0
Hugepagesize:       2048 kB
Hugetlb:               0 kB
DirectMap4k:    13629952 kB
DirectMap2M:    53407744 kB
DirectMap1G:     1048576 kB


/proc/sys/kernel/threads-max (system-wide limit on the number of threads):
513494


/proc/sys/vm/max_map_count (maximum number of memory map areas a process may have):
65530


/proc/sys/kernel/pid_max (system-wide limit on number of process identifiers):
4194304



container (cgroup) information:
container_type: cgroupv1
cpu_cpuset_cpus: 0-15
cpu_memory_nodes: 0
active_processor_count: 16
cpu_quota: -1
cpu_period: 100000
cpu_shares: -1
memory_limit_in_bytes: -1
memory_and_swap_limit_in_bytes: -1
memory_soft_limit_in_bytes: -1
memory_usage_in_bytes: 14977900544
memory_max_usage_in_bytes: 26741968896

Steal ticks since vm start: 0
Steal ticks percentage since vm start:  0.000

CPU:total 16 (initial active 16) (16 cores per cpu, 2 threads per core) family 23 model 113 stepping 0, cmov, cx8, fxsr, mmx, sse, sse2, sse3, ssse3, sse4.1, sse4.2, popcnt, avx, avx2, aes, clmul, mmxext, 3dnowpref, lzcnt, sse4a, ht, tsc, tscinvbit, tscinv, bmi1, bmi2, adx, sha, fma
CPU Model and flags from /proc/cpuinfo:
model name	: AMD Ryzen 7 3700X 8-Core Processor
flags		: fpu vme de pse tsc msr pae mce cx8 apic sep mtrr pge mca cmov pat pse36 clflush mmx fxsr sse sse2 ht syscall nx mmxext fxsr_opt pdpe1gb rdtscp lm constant_tsc rep_good nopl nonstop_tsc cpuid extd_apicid aperfmperf pni pclmulqdq monitor ssse3 fma cx16 sse4_1 sse4_2 movbe popcnt aes xsave avx f16c rdrand lahf_lm cmp_legacy svm extapic cr8_legacy abm sse4a misalignsse 3dnowprefetch osvw ibs skinit wdt tce topoext perfctr_core perfctr_nb bpext perfctr_llc mwaitx cpb cat_l3 cdp_l3 hw_pstate sme ssbd mba sev ibpb stibp vmmcall fsgsbase bmi1 avx2 smep bmi2 cqm rdt_a rdseed adx smap clflushopt clwb sha_ni xsaveopt xsavec xgetbv1 xsaves cqm_llc cqm_occup_llc cqm_mbm_total cqm_mbm_local clzero irperf xsaveerptr rdpru wbnoinvd arat npt lbrv svm_lock nrip_save tsc_scale vmcb_clean flushbyasid decodeassists pausefilter pfthreshold avic v_vmsave_vmload vgif umip rdpid overflow_recov succor smca

Memory: 4k page, physical 65857540k(11590060k free), swap 16777212k(16063740k free)

vm_info: OpenJDK 64-Bit Server VM (11.0.6+10) for linux-amd64 JRE (11.0.6+10), built on Jan 15 2020 12:10:43 by "jenkins" with gcc 7.3.1 20180303 (Red Hat 7.3.1-5)

END.
