#
# A fatal error has been detected by the Java Runtime Environment:
#
#  SIGSEGV (0xb) at pc=0x00007fad0dea1409, pid=10534, tid=10604
#
# JRE version: OpenJDK Runtime Environment (10.0.1+10) (build 10.0.1+10)
# Java VM: OpenJDK 64-Bit Server VM (10.0.1+10, mixed mode, tiered, compressed oops, concurrent mark sweep gc, linux-amd64)
# Problematic frame:
# V  [libjvm.so+0xc48409]  PhaseIdealLoop::split_up(Node*, Node*, Node*) [clone .part.40]+0x619
#
# No core dump will be written. Core dumps have been disabled. To enable core dumping, try "ulimit -c unlimited" before starting Java again
#
# If you would like to submit a bug report, please visit:
#   http://bugreport.java.com/bugreport/crash.jsp
#

---------------  S U M M A R Y ------------

Command Line: -XX:+UseCompressedOops -XX:+UseConcMarkSweepGC -XX:+HeapDumpOnOutOfMemoryError -XX:HeapDumpPath=/home/jenkins/workspace/Lucene-Solr-master-Linux/heapdumps -ea -esa --illegal-access=deny -Dtests.prefix=tests -Dtests.seed=2BC220088C47E96D -Xmx512M -Dtests.iters= -Dtests.verbose=false -Dtests.infostream=false -Dtests.codec=random -Dtests.postingsformat=random -Dtests.docvaluesformat=random -Dtests.locale=random -Dtests.timezone=random -Dtests.directory=random -Dtests.linedocsfile=europarl.lines.txt.gz -Dtests.luceneMatchVersion=9.0.0 -Dtests.cleanthreads=perClass -Djava.util.logging.config.file=/home/jenkins/workspace/Lucene-Solr-master-Linux/lucene/tools/junit4/logging.properties -Dtests.nightly=false -Dtests.weekly=false -Dtests.monster=false -Dtests.slow=true -Dtests.asserts=true -Dtests.multiplier=3 -DtempDir=./temp -Djava.io.tmpdir=./temp -Dcommon.dir=/home/jenkins/workspace/Lucene-Solr-master-Linux/lucene -Dclover.db.dir=/home/jenkins/workspace/Lucene-Solr-master-Linux/lucene/build/clover/db -Djava.security.policy=/home/jenkins/workspace/Lucene-Solr-master-Linux/lucene/tools/junit4/solr-tests.policy -Dtests.LUCENE_VERSION=9.0.0 -Djetty.testMode=1 -Djetty.insecurerandom=1 -Dsolr.directoryFactory=org.apache.solr.core.MockDirectoryFactory -Djava.awt.headless=true -Djdk.map.althashing.threshold=0 -Dtests.src.home=/home/jenkins/workspace/Lucene-Solr-master-Linux -Djava.security.egd=file:/dev/./urandom -Djunit4.childvm.cwd=/home/jenkins/workspace/Lucene-Solr-master-Linux/solr/build/solr-core/test/J0 -Djunit4.tempDir=/home/jenkins/workspace/Lucene-Solr-master-Linux/solr/build/solr-core/test/temp -Djunit4.childvm.id=0 -Djunit4.childvm.count=3 -Dfile.encoding=US-ASCII -Djava.security.manager=org.apache.lucene.util.TestSecurityManager -Dtests.filterstacks=true -Dtests.leaveTemporary=false -Dtests.badapples=false com.carrotsearch.ant.tasks.junit4.slave.SlaveMainSafe -eventsfile /home/jenkins/workspace/Lucene-Solr-master-Linux/solr/build/solr-core/test/temp/junit4-J0-20190130_035643_32113811989965195065982.events @/home/jenkins/workspace/Lucene-Solr-master-Linux/solr/build/solr-core/test/temp/junit4-J0-20190130_035643_32111257393834879478981.suites -stdin

Host: Intel(R) Xeon(R) CPU E3-1275 v5 @ 3.60GHz, 8 cores, 62G, Ubuntu 18.04.1 LTS
Time: Wed Jan 30 04:22:49 2019 UTC elapsed time: 1566 seconds (0d 0h 26m 6s)

---------------  T H R E A D  ---------------

Current thread (0x00007fad081d2800):  JavaThread "C2 CompilerThread1" daemon [_thread_in_native, id=10604, stack(0x00007facec32d000,0x00007facec42e000)]


Current CompileTask:
C2:1566370 54692  s!   4       org.apache.lucene.index.ConcurrentMergeScheduler::merge (280 bytes)

Stack: [0x00007facec32d000,0x00007facec42e000],  sp=0x00007facec428d60,  free space=1007k
Native frames: (J=compiled Java code, A=aot compiled Java code, j=interpreted, Vv=VM code, C=native code)
V  [libjvm.so+0xc48409]  PhaseIdealLoop::split_up(Node*, Node*, Node*) [clone .part.40]+0x619
V  [libjvm.so+0xc4a464]  PhaseIdealLoop::do_split_if(Node*)+0x854
V  [libjvm.so+0xa1b957]  PhaseIdealLoop::split_if_with_blocks(VectorSet&, Node_Stack&)+0xf7
V  [libjvm.so+0xa15b26]  PhaseIdealLoop::build_and_optimize(bool, bool)+0xe16
V  [libjvm.so+0x63e511]  Compile::Optimize()+0x981
V  [libjvm.so+0x63fdbc]  Compile::Compile(ciEnv*, C2Compiler*, ciMethod*, int, bool, bool, bool, DirectiveSet*)+0x10ac
V  [libjvm.so+0x5654c2]  C2Compiler::compile_method(ciEnv*, ciMethod*, int, DirectiveSet*)+0x1d2
V  [libjvm.so+0x647b86]  CompileBroker::invoke_compiler_on_method(CompileTask*)+0x3d6
V  [libjvm.so+0x648d1b]  CompileBroker::compiler_thread_loop()+0x28b
V  [libjvm.so+0xcd9a78]  JavaThread::thread_main_inner()+0x108
V  [libjvm.so+0xb5a6e2]  thread_native_entry(Thread*)+0xf2
C  [libpthread.so.0+0x76db]  start_thread+0xdb


siginfo: si_signo: 11 (SIGSEGV), si_code: 1 (SEGV_MAPERR), si_addr: 0x0000000000000000

Register to memory mapping:

RAX=0x00007faca8366260 is an unknown value
RBX=0x00007faca48253b0 is an unknown value
RCX=0x0000000000000000 is an unknown value
RDX=0x0000000000002000 is an unknown value
RSP=0x00007facec428d60 is pointing into the stack for thread: 0x00007fad081d2800
RBP=0x00007facec428df0 is pointing into the stack for thread: 0x00007fad081d2800
RSI=0x0000000000000b36 is an unknown value
RDI=0x00007facec4294b0 is pointing into the stack for thread: 0x00007fad081d2800
R8 =0x00007fac9cfe0f20 is an unknown value
R9 =0x00007fac641755a1 is an unknown value
R10=0x00007faca073c719 is an unknown value
R11=0x00007fac9c0a5f28 is an unknown value
R12=0x00007facec429490 is pointing into the stack for thread: 0x00007fad081d2800
R13=0x00000000000059b0 is an unknown value
R14=0x00007fac9cae08e8 is an unknown value
R15=0x00007faca48253b1 is an unknown value


Registers:
RAX=0x00007faca8366260, RBX=0x00007faca48253b0, RCX=0x0000000000000000, RDX=0x0000000000002000
RSP=0x00007facec428d60, RBP=0x00007facec428df0, RSI=0x0000000000000b36, RDI=0x00007facec4294b0
R8 =0x00007fac9cfe0f20, R9 =0x00007fac641755a1, R10=0x00007faca073c719, R11=0x00007fac9c0a5f28
R12=0x00007facec429490, R13=0x00000000000059b0, R14=0x00007fac9cae08e8, R15=0x00007faca48253b1
RIP=0x00007fad0dea1409, EFLAGS=0x0000000000010202, CSGSFS=0x002b000000000033, ERR=0x0000000000000004
  TRAPNO=0x000000000000000e

Top of Stack: (sp=0x00007facec428d60)
0x00007facec428d60:   0000000000000018 00007faca073f250
0x00007facec428d70:   00007fac9cae08e8 0000000000000000
0x00007facec428d80:   00007facec4294b0 0000000000000010
0x00007facec428d90:   00007fac9cfe0a80 00007fad00000003 

Instructions: (pc=0x00007fad0dea1409)
0x00007fad0dea13e9:   20 49 c1 e5 03 4c 89 e8 49 03 44 24 30 48 89 7d
0x00007fad0dea13f9:   90 48 8b 18 48 83 e3 fe 48 8b 4b 08 4c 8d 7b 01
0x00007fad0dea1409:   48 83 39 00 0f 84 fd 01 00 00 48 39 5d c8 4c 89
0x00007fad0dea1419:   38 0f 84 08 01 00 00 48 8b 45 b8 41 8b 54 24 28 


---------------  P R O C E S S  ---------------

Threads class SMR info:
_java_thread_list=0x00007fac40183a90, length=21, elements={
0x00007fad08018800, 0x00007fad081ba800, 0x00007fad081bc800, 0x00007fad081c6000,
0x00007fad081d0800, 0x00007fad081d2800, 0x00007fad081d4800, 0x00007fad081d6000,
0x00007fad081d8000, 0x00007fad082b7000, 0x00007fad0834c000, 0x00007fad087be000,
0x00007fac6c053000, 0x00007fac08001800, 0x00007fad08831800, 0x00007fabe8013800,
0x00007fac000fc800, 0x00007fac78005800, 0x00007fabec8a7800, 0x00007fad08f01000,
0x00007fac04071000
}

Java Threads: ( => current thread )
  0x00007fad08018800 JavaThread "main" [_thread_blocked, id=10541, stack(0x00007fad0f330000,0x00007fad0f431000)]
  0x00007fad081ba800 JavaThread "Reference Handler" daemon [_thread_blocked, id=10595, stack(0x00007facec8cc000,0x00007facec9cd000)]
  0x00007fad081bc800 JavaThread "Finalizer" daemon [_thread_blocked, id=10597, stack(0x00007facec7cb000,0x00007facec8cc000)]
  0x00007fad081c6000 JavaThread "Signal Dispatcher" daemon [_thread_blocked, id=10600, stack(0x00007facec52f000,0x00007facec630000)]
  0x00007fad081d0800 JavaThread "C2 CompilerThread0" daemon [_thread_blocked, id=10601, stack(0x00007facec42e000,0x00007facec52f000)]
=>0x00007fad081d2800 JavaThread "C2 CompilerThread1" daemon [_thread_in_native, id=10604, stack(0x00007facec32d000,0x00007facec42e000)]
  0x00007fad081d4800 JavaThread "C2 CompilerThread2" daemon [_thread_blocked, id=10606, stack(0x00007facec22c000,0x00007facec32d000)]
  0x00007fad081d6000 JavaThread "C1 CompilerThread3" daemon [_thread_blocked, id=10608, stack(0x00007facec12b000,0x00007facec22c000)]
  0x00007fad081d8000 JavaThread "Sweeper thread" daemon [_thread_blocked, id=10609, stack(0x00007facec02a000,0x00007facec12b000)]
  0x00007fad082b7000 JavaThread "Common-Cleaner" daemon [_thread_blocked, id=10613, stack(0x00007faccdeff000,0x00007facce000000)]
  0x00007fad0834c000 JavaThread "Service Thread" daemon [_thread_blocked, id=10619, stack(0x00007faccd9a5000,0x00007faccdaa6000)]
  0x00007fad087be000 JavaThread "JUnit4-serializer-daemon" daemon [_thread_blocked, id=10625, stack(0x00007faccd7a2000,0x00007faccd8a3000)]
  0x00007fac6c053000 JavaThread "ForkJoinPool.commonPool-worker-2" daemon [_thread_blocked, id=29406, stack(0x00007fabe0a8f000,0x00007fabe0b90000)]
  0x00007fac08001800 JavaThread "ForkJoinPool.commonPool-worker-11" daemon [_thread_blocked, id=29407, stack(0x00007fabdbf46000,0x00007fabdc047000)]
  0x00007fad08831800 JavaThread "org.apache.hadoop.fs.FileSystem$Statistics$StatisticsDataReferenceCleaner" daemon [_thread_blocked, id=17702, stack(0x00007faccc990000,0x00007faccca91000)]
  0x00007fabe8013800 JavaThread "ForkJoinPool.commonPool-worker-8" daemon [_thread_blocked, id=10316, stack(0x00007fabe38bf000,0x00007fabe39c0000)]
  0x00007fac000fc800 JavaThread "ForkJoinPool.commonPool-worker-1" daemon [_thread_blocked, id=28728, stack(0x00007fabe36bd000,0x00007fabe37be000)]
  0x00007fac78005800 JavaThread "ForkJoinPool.commonPool-worker-12" daemon [_thread_blocked, id=28729, stack(0x00007fabfc273000,0x00007fabfc374000)]
  0x00007fabec8a7800 JavaThread "org.apache.hadoop.hdfs.PeerCache@5c9328a8" daemon [_thread_blocked, id=7545, stack(0x00007fabdf87d000,0x00007fabdf97e000)]
  0x00007fad08f01000 JavaThread "SUITE-TestRecovery-seed#[2BC220088C47E96D]" [_thread_blocked, id=22639, stack(0x00007fac8129f000,0x00007fac813a0000)]
  0x00007fac04071000 JavaThread "TEST-TestRecovery.testLogReplayWithReorderedDBQByIdAndChildDocs-seed#[2BC220088C47E96D]" [_thread_in_Java, id=22640, stack(0x00007fabe3fc8000,0x00007fabe40c9000)]

Other Threads:
  0x00007fad081b0800 VMThread "VM Thread" [stack: 0x00007facec9cf000,0x00007facecacf000] [id=10589]
  0x00007fad08376800 WatcherThread [stack: 0x00007faccd8a5000,0x00007faccd9a5000] [id=10620]
  0x00007fad0801f800 GCTaskThread "GC Thread#0" [stack: 0x00007facef41d000,0x00007facef51d000] [id=10545]
  0x00007fad0802b800 GCTaskThread "GC Thread#1" [stack: 0x00007facef31b000,0x00007facef41b000] [id=10555]
  0x00007fad0802d000 GCTaskThread "GC Thread#2" [stack: 0x00007facef219000,0x00007facef319000] [id=10559]
  0x00007fad0802f000 GCTaskThread "GC Thread#3" [stack: 0x00007facef117000,0x00007facef217000] [id=10566]
  0x00007fad08030800 GCTaskThread "GC Thread#4" [stack: 0x00007facef015000,0x00007facef115000] [id=10567]
  0x00007fad08032800 GCTaskThread "GC Thread#5" [stack: 0x00007faceef13000,0x00007facef013000] [id=10570]
  0x00007fad08034000 GCTaskThread "GC Thread#6" [stack: 0x00007faceee11000,0x00007faceef11000] [id=10572]
  0x00007fad08035800 GCTaskThread "GC Thread#7" [stack: 0x00007faceed0f000,0x00007faceee0f000] [id=10574]
  0x00007fad080a7000 ConcurrentGCThread "CMS Main Thread" [stack: 0x00007faced3a2000,0x00007faced4a2000] [id=10582]
  0x00007fad080a3000 GCTaskThread "CMS Thread#0" [stack: 0x00007faceddae000,0x00007facedeae000] [id=10577]
  0x00007fad080a4800 GCTaskThread "CMS Thread#1" [stack: 0x00007facedcac000,0x00007faceddac000] [id=10579]

Threads with active compile tasks:
C2 CompilerThread154692  s!   4       org.apache.lucene.index.ConcurrentMergeScheduler::merge (280 bytes)

VM state:not at safepoint (normal execution)

VM Mutex/Monitor currently owned by a thread: None

Heap address: 0x00000000e0000000, size: 512 MB, Compressed Oops mode: 32-bit
Narrow klass base: 0x0000000000000000, Narrow klass shift: 3
Compressed class space size: 1073741824 Address: 0x0000000100000000

Heap:
 par new generation   total 157248K, used 13294K [0x00000000e0000000, 0x00000000eaaa0000, 0x00000000eaaa0000)
  eden space 139776K,   2% used [0x00000000e0000000, 0x00000000e03ff300, 0x00000000e8880000)
  from space 17472K,  52% used [0x00000000e8880000, 0x00000000e917c6b0, 0x00000000e9990000)
  to   space 17472K,   0% used [0x00000000e9990000, 0x00000000e9990000, 0x00000000eaaa0000)
 concurrent mark-sweep generation total 349568K, used 207712K [0x00000000eaaa0000, 0x0000000100000000, 0x0000000100000000)
 Metaspace       used 155093K, capacity 157878K, committed 158456K, reserved 1189888K
  class space    used 16069K, capacity 17195K, committed 17320K, reserved 1048576K

Card table byte_map: [0x00007faceec0c000,0x00007faceed0d000] byte_map_base: 0x00007facee50c000

Marking Bits: (CMSBitMap*) 0x00007fad080a22b8
 Bits: [0x00007facedeae000, 0x00007facee403800)

Mod Union Table: (CMSBitMap*) 0x00007fad080a2358
 Bits: [0x00007fad0f263000, 0x00007fad0f278560)

Polling page: 0x00007fad0f440000

CodeHeap 'non-profiled nmethods': size=120032Kb used=58397Kb max_used=58705Kb free=61634Kb
 bounds [0x00007facf71bb000, 0x00007facfab9b000, 0x00007facfe6f3000]
CodeHeap 'profiled nmethods': size=120028Kb used=71404Kb max_used=73628Kb free=48623Kb
 bounds [0x00007facefc84000, 0x00007facf4564000, 0x00007facf71bb000]
CodeHeap 'non-nmethods': size=5700Kb used=1550Kb max_used=1627Kb free=4149Kb
 bounds [0x00007facef6f3000, 0x00007facef963000, 0x00007facefc84000]
 total_blobs=84661 nmethods=34959 adapters=1038
 compilation: enabled

Compilation events (10 events):
Event: 1565.813 Thread 0x00007fad081d6000 nmethod 54687 0x00007facf083e490 code [0x00007facf083e680, 0x00007facf083eb68]
Event: 1565.814 Thread 0x00007fad081d0800 54688       4       org.apache.lucene.search.TopScoreDocCollector::newTopDocs (33 bytes)
Event: 1565.816 Thread 0x00007fad081d0800 nmethod 54688 0x00007facf7f61290 code [0x00007facf7f61440, 0x00007facf7f61658]
Event: 1566.243 Thread 0x00007fad081d2800 54689       4       java.lang.invoke.MemberName::flagsMods (72 bytes)
Event: 1566.244 Thread 0x00007fad081d2800 nmethod 54689 0x00007facf7f22a10 code [0x00007facf7f22ba0, 0x00007facf7f22c58]
Event: 1566.268 Thread 0x00007fad081d4800 54690       4       org.apache.lucene.search.TwoPhaseIterator$TwoPhaseIteratorAsDocIdSetIterator::nextDoc (12 bytes)
Event: 1566.271 Thread 0x00007fad081d0800 54691       4       org.apache.lucene.search.DisjunctionDISIApproximation::nextDoc (45 bytes)
Event: 1566.271 Thread 0x00007fad081d4800 nmethod 54690 0x00007facf8e7bb90 code [0x00007facf8e7bd40, 0x00007facf8e7bf18]
Event: 1566.286 Thread 0x00007fad081d2800 54692  s!   4       org.apache.lucene.index.ConcurrentMergeScheduler::merge (280 bytes)
Event: 1566.291 Thread 0x00007fad081d0800 nmethod 54691 0x00007facf963ae90 code [0x00007facf963b0e0, 0x00007facf963bbf8]

GC Heap History (10 events):
Event: 1564.748 GC heap before
{Heap before GC invocations=3331 (full 61):
 par new generation   total 157248K, used 149273K [0x00000000e0000000, 0x00000000eaaa0000, 0x00000000eaaa0000)
  eden space 139776K, 100% used [0x00000000e0000000, 0x00000000e8880000, 0x00000000e8880000)
  from space 17472K,  54% used [0x00000000e8880000, 0x00000000e91c6498, 0x00000000e9990000)
  to   space 17472K,   0% used [0x00000000e9990000, 0x00000000e9990000, 0x00000000eaaa0000)
 concurrent mark-sweep generation total 349568K, used 207457K [0x00000000eaaa0000, 0x0000000100000000, 0x0000000100000000)
 Metaspace       used 155086K, capacity 157873K, committed 158456K, reserved 1189888K
  class space    used 16068K, capacity 17193K, committed 17320K, reserved 1048576K
}
Event: 1564.752 GC heap after
{Heap after GC invocations=3332 (full 61):
 par new generation   total 157248K, used 2009K [0x00000000e0000000, 0x00000000eaaa0000, 0x00000000eaaa0000)
  eden space 139776K,   0% used [0x00000000e0000000, 0x00000000e0000000, 0x00000000e8880000)
  from space 17472K,  11% used [0x00000000e9990000, 0x00000000e9b86650, 0x00000000eaaa0000)
  to   space 17472K,   0% used [0x00000000e8880000, 0x00000000e8880000, 0x00000000e9990000)
 concurrent mark-sweep generation total 349568K, used 207606K [0x00000000eaaa0000, 0x0000000100000000, 0x0000000100000000)
 Metaspace       used 155086K, capacity 157873K, committed 158456K, reserved 1189888K
  class space    used 16068K, capacity 17193K, committed 17320K, reserved 1048576K
}
Event: 1564.817 GC heap before
{Heap before GC invocations=3332 (full 61):
 par new generation   total 157248K, used 141785K [0x00000000e0000000, 0x00000000eaaa0000, 0x00000000eaaa0000)
  eden space 139776K, 100% used [0x00000000e0000000, 0x00000000e8880000, 0x00000000e8880000)
  from space 17472K,  11% used [0x00000000e9990000, 0x00000000e9b86650, 0x00000000eaaa0000)
  to   space 17472K,   0% used [0x00000000e8880000, 0x00000000e8880000, 0x00000000e9990000)
 concurrent mark-sweep generation total 349568K, used 207606K [0x00000000eaaa0000, 0x0000000100000000, 0x0000000100000000)
 Metaspace       used 155087K, capacity 157873K, committed 158456K, reserved 1189888K
  class space    used 16068K, capacity 17193K, committed 17320K, reserved 1048576K
}
Event: 1564.820 GC heap after
{Heap after GC invocations=3333 (full 61):
 par new generation   total 157248K, used 2634K [0x00000000e0000000, 0x00000000eaaa0000, 0x00000000eaaa0000)
  eden space 139776K,   0% used [0x00000000e0000000, 0x00000000e0000000, 0x00000000e8880000)
  from space 17472K,  15% used [0x00000000e8880000, 0x00000000e8b12bf8, 0x00000000e9990000)
  to   space 17472K,   0% used [0x00000000e9990000, 0x00000000e9990000, 0x00000000eaaa0000)
 concurrent mark-sweep generation total 349568K, used 207606K [0x00000000eaaa0000, 0x0000000100000000, 0x0000000100000000)
 Metaspace       used 155087K, capacity 157873K, committed 158456K, reserved 1189888K
  class space    used 16068K, capacity 17193K, committed 17320K, reserved 1048576K
}
Event: 1565.871 GC heap before
{Heap before GC invocations=3333 (full 61):
 par new generation   total 157248K, used 142410K [0x00000000e0000000, 0x00000000eaaa0000, 0x00000000eaaa0000)
  eden space 139776K, 100% used [0x00000000e0000000, 0x00000000e8880000, 0x00000000e8880000)
  from space 17472K,  15% used [0x00000000e8880000, 0x00000000e8b12bf8, 0x00000000e9990000)
  to   space 17472K,   0% used [0x00000000e9990000, 0x00000000e9990000, 0x00000000eaaa0000)
 concurrent mark-sweep generation total 349568K, used 207606K [0x00000000eaaa0000, 0x0000000100000000, 0x0000000100000000)
 Metaspace       used 155089K, capacity 157873K, committed 158456K, reserved 1189888K
  class space    used 16068K, capacity 17193K, committed 17320K, reserved 1048576K
}
Event: 1565.886 GC heap after
{Heap after GC invocations=3334 (full 61):
 par new generation   total 157248K, used 9423K [0x00000000e0000000, 0x00000000eaaa0000, 0x00000000eaaa0000)
  eden space 139776K,   0% used [0x00000000e0000000, 0x00000000e0000000, 0x00000000e8880000)
  from space 17472K,  53% used [0x00000000e9990000, 0x00000000ea2c3e08, 0x00000000eaaa0000)
  to   space 17472K,   0% used [0x00000000e8880000, 0x00000000e8880000, 0x00000000e9990000)
 concurrent mark-sweep generation total 349568K, used 207606K [0x00000000eaaa0000, 0x0000000100000000, 0x0000000100000000)
 Metaspace       used 155089K, capacity 157873K, committed 158456K, reserved 1189888K
  class space    used 16068K, capacity 17193K, committed 17320K, reserved 1048576K
}
Event: 1566.112 GC heap before
{Heap before GC invocations=3334 (full 61):
 par new generation   total 157248K, used 149199K [0x00000000e0000000, 0x00000000eaaa0000, 0x00000000eaaa0000)
  eden space 139776K, 100% used [0x00000000e0000000, 0x00000000e8880000, 0x00000000e8880000)
  from space 17472K,  53% used [0x00000000e9990000, 0x00000000ea2c3e08, 0x00000000eaaa0000)
  to   space 17472K,   0% used [0x00000000e8880000, 0x00000000e8880000, 0x00000000e9990000)
 concurrent mark-sweep generation total 349568K, used 207606K [0x00000000eaaa0000, 0x0000000100000000, 0x0000000100000000)
 Metaspace       used 155089K, capacity 157873K, committed 158456K, reserved 1189888K
  class space    used 16068K, capacity 17193K, committed 17320K, reserved 1048576K
}
Event: 1566.115 GC heap after
{Heap after GC invocations=3335 (full 61):
 par new generation   total 157248K, used 2124K [0x00000000e0000000, 0x00000000eaaa0000, 0x00000000eaaa0000)
  eden space 139776K,   0% used [0x00000000e0000000, 0x00000000e0000000, 0x00000000e8880000)
  from space 17472K,  12% used [0x00000000e8880000, 0x00000000e8a93128, 0x00000000e9990000)
  to   space 17472K,   0% used [0x00000000e9990000, 0x00000000e9990000, 0x00000000eaaa0000)
 concurrent mark-sweep generation total 349568K, used 207712K [0x00000000eaaa0000, 0x0000000100000000, 0x0000000100000000)
 Metaspace       used 155089K, capacity 157873K, committed 158456K, reserved 1189888K
  class space    used 16068K, capacity 17193K, committed 17320K, reserved 1048576K
}
Event: 1566.215 GC heap before
{Heap before GC invocations=3335 (full 61):
 par new generation   total 157248K, used 141900K [0x00000000e0000000, 0x00000000eaaa0000, 0x00000000eaaa0000)
  eden space 139776K, 100% used [0x00000000e0000000, 0x00000000e8880000, 0x00000000e8880000)
  from space 17472K,  12% used [0x00000000e8880000, 0x00000000e8a93128, 0x00000000e9990000)
  to   space 17472K,   0% used [0x00000000e9990000, 0x00000000e9990000, 0x00000000eaaa0000)
 concurrent mark-sweep generation total 349568K, used 207712K [0x00000000eaaa0000, 0x0000000100000000, 0x0000000100000000)
 Metaspace       used 155089K, capacity 157873K, committed 158456K, reserved 1189888K
  class space    used 16068K, capacity 17193K, committed 17320K, reserved 1048576K
}
Event: 1566.217 GC heap after
{Heap after GC invocations=3336 (full 61):
 par new generation   total 157248K, used 3000K [0x00000000e0000000, 0x00000000eaaa0000, 0x00000000eaaa0000)
  eden space 139776K,   0% used [0x00000000e0000000, 0x00000000e0000000, 0x00000000e8880000)
  from space 17472K,  17% used [0x00000000e9990000, 0x00000000e9c7e1b8, 0x00000000eaaa0000)
  to   space 17472K,   0% used [0x00000000e8880000, 0x00000000e8880000, 0x00000000e9990000)
 concurrent mark-sweep generation total 349568K, used 207712K [0x00000000eaaa0000, 0x0000000100000000, 0x0000000100000000)
 Metaspace       used 155089K, capacity 157873K, committed 158456K, reserved 1189888K
  class space    used 16068K, capacity 17193K, committed 17320K, reserved 1048576K
}

Deoptimization events (10 events):
Event: 1564.381 Thread 0x00007fac04071000 Uncommon trap: reason=class_check action=maybe_recompile pc=0x00007facfa52be28 method=org.apache.solr.update.processor.AtomicUpdateDocumentMerger.doInc(Lorg/apache/solr/common/SolrInputDocument;Lorg/apache/solr/common/SolrInputField;Ljava/lang/Object;)V @
Event: 1564.381 Thread 0x00007fac04071000 Uncommon trap: reason=class_check action=maybe_recompile pc=0x00007facfa52be28 method=org.apache.solr.update.processor.AtomicUpdateDocumentMerger.doInc(Lorg/apache/solr/common/SolrInputDocument;Lorg/apache/solr/common/SolrInputField;Ljava/lang/Object;)V @
Event: 1564.381 Thread 0x00007fac04071000 Uncommon trap: reason=bimorphic_or_optimized_type_check action=maybe_recompile pc=0x00007facf9515cec method=org.apache.solr.handler.component.RealTimeGetComponent.toSolrInputDocument(Lorg/apache/solr/common/SolrDocument;Lorg/apache/solr/schema/IndexSchema
Event: 1564.382 Thread 0x00007fac04071000 Uncommon trap: reason=unstable_if action=reinterpret pc=0x00007facf8ee2850 method=org.apache.lucene.index.FieldUpdatesBuffer.add(Ljava/lang/String;IIZ)V @ 132 c2
Event: 1564.383 Thread 0x00007fac04071000 Uncommon trap: reason=bimorphic_or_optimized_type_check action=maybe_recompile pc=0x00007facf9515cec method=org.apache.solr.handler.component.RealTimeGetComponent.toSolrInputDocument(Lorg/apache/solr/common/SolrDocument;Lorg/apache/solr/schema/IndexSchema
Event: 1564.399 Thread 0x00007fac04071000 Uncommon trap: reason=class_check action=maybe_recompile pc=0x00007facfa5651d0 method=org.apache.lucene.index.DocValuesFieldUpdates$3.swap(II)V @ 5 c2
Event: 1564.399 Thread 0x00007fac04071000 Uncommon trap: reason=class_check action=maybe_recompile pc=0x00007facfa5651d0 method=org.apache.lucene.index.DocValuesFieldUpdates$3.swap(II)V @ 5 c2
Event: 1564.399 Thread 0x00007fac04071000 Uncommon trap: reason=class_check action=maybe_recompile pc=0x00007facfa5651d0 method=org.apache.lucene.index.DocValuesFieldUpdates$3.swap(II)V @ 5 c2
Event: 1564.399 Thread 0x00007fac04071000 Uncommon trap: reason=class_check action=maybe_recompile pc=0x00007facfa5651d0 method=org.apache.lucene.index.DocValuesFieldUpdates$3.swap(II)V @ 5 c2
Event: 1565.809 Thread 0x00007fac480e7000 Uncommon trap: reason=unstable_if action=reinterpret pc=0x00007facf9ecee84 method=org.apache.solr.update.processor.LogUpdateProcessorFactory$LogUpdateProcessor.getLogStringAndClearRspToLog()Ljava/lang/String; @ 107 c2

Classes redefined (0 events):
No events

Internal exceptions (10 events):
Event: 1566.244 Thread 0x00007fac04071000 Exception <a 'sun/nio/fs/UnixException'{0x00000000e18a4030}> (0x00000000e18a4030) thrown at [/scratch/opt/mach5/mesos/work_dir/slaves/e283bbd4-d3d7-4cc0-a152-4405cadfe7cb-S457/frameworks/1735e8a2-a1db-478c-8104-60c8b0af87dd-0196/executors/2a1032ca-d005-43
Event: 1566.260 Thread 0x00007fac04071000 Exception <a 'sun/nio/fs/UnixException'{0x00000000e18e1450}> (0x00000000e18e1450) thrown at [/scratch/opt/mach5/mesos/work_dir/slaves/e283bbd4-d3d7-4cc0-a152-4405cadfe7cb-S457/frameworks/1735e8a2-a1db-478c-8104-60c8b0af87dd-0196/executors/2a1032ca-d005-43
Event: 1566.263 Thread 0x00007fac04071000 Exception <a 'sun/nio/fs/UnixException'{0x00000000e19c0ca8}> (0x00000000e19c0ca8) thrown at [/scratch/opt/mach5/mesos/work_dir/slaves/e283bbd4-d3d7-4cc0-a152-4405cadfe7cb-S457/frameworks/1735e8a2-a1db-478c-8104-60c8b0af87dd-0196/executors/2a1032ca-d005-43
Event: 1566.268 Thread 0x00007fac04071000 Exception <a 'sun/nio/fs/UnixException'{0x00000000e1b2f7e0}> (0x00000000e1b2f7e0) thrown at [/scratch/opt/mach5/mesos/work_dir/slaves/e283bbd4-d3d7-4cc0-a152-4405cadfe7cb-S457/frameworks/1735e8a2-a1db-478c-8104-60c8b0af87dd-0196/executors/2a1032ca-d005-43
Event: 1566.269 Thread 0x00007fac04071000 Exception <a 'sun/nio/fs/UnixException'{0x00000000e1b94e68}> (0x00000000e1b94e68) thrown at [/scratch/opt/mach5/mesos/work_dir/slaves/e283bbd4-d3d7-4cc0-a152-4405cadfe7cb-S457/frameworks/1735e8a2-a1db-478c-8104-60c8b0af87dd-0196/executors/2a1032ca-d005-43
Event: 1566.283 Thread 0x00007fac3405b800 Exception <a 'sun/nio/fs/UnixException'{0x00000000e2102ac0}> (0x00000000e2102ac0) thrown at [/scratch/opt/mach5/mesos/work_dir/slaves/e283bbd4-d3d7-4cc0-a152-4405cadfe7cb-S457/frameworks/1735e8a2-a1db-478c-8104-60c8b0af87dd-0196/executors/2a1032ca-d005-43
Event: 1566.301 Thread 0x00007fac34060800 Exception <a 'java/lang/InterruptedException'{0x00000000e2861900}: sleep interrupted> (0x00000000e2861900) thrown at [/scratch/opt/mach5/mesos/work_dir/slaves/e283bbd4-d3d7-4cc0-a152-4405cadfe7cb-S457/frameworks/1735e8a2-a1db-478c-8104-60c8b0af87dd-0196/e
Event: 1566.301 Thread 0x00007fac34064800 Exception <a 'java/lang/InterruptedException'{0x00000000e294a870}: sleep interrupted> (0x00000000e294a870) thrown at [/scratch/opt/mach5/mesos/work_dir/slaves/e283bbd4-d3d7-4cc0-a152-4405cadfe7cb-S457/frameworks/1735e8a2-a1db-478c-8104-60c8b0af87dd-0196/e
Event: 1566.304 Thread 0x00007fac04071000 Exception <a 'java/security/PrivilegedActionException'{0x00000000e2660978}> (0x00000000e2660978) thrown at [/scratch/opt/mach5/mesos/work_dir/slaves/e283bbd4-d3d7-4cc0-a152-4405cadfe7cb-S457/frameworks/1735e8a2-a1db-478c-8104-60c8b0af87dd-0196/executors/2
Event: 1566.304 Thread 0x00007fac04071000 Exception <a 'java/security/PrivilegedActionException'{0x00000000e2661198}> (0x00000000e2661198) thrown at [/scratch/opt/mach5/mesos/work_dir/slaves/e283bbd4-d3d7-4cc0-a152-4405cadfe7cb-S457/frameworks/1735e8a2-a1db-478c-8104-60c8b0af87dd-0196/executors/2

Events (10 events):
Event: 1566.288 Thread 0x00007fac44085800 Thread exited: 0x00007fac44085800
Event: 1566.290 Thread 0x00007fac34066800 Thread exited: 0x00007fac34066800
Event: 1566.290 Thread 0x00007fac34065800 Thread exited: 0x00007fac34065800
Event: 1566.301 Thread 0x00007fac3405c800 Thread added: 0x00007fac3405c800
Event: 1566.301 Thread 0x00007fac3405f800 Thread exited: 0x00007fac3405f800
Event: 1566.301 Thread 0x00007fac3405b800 Thread exited: 0x00007fac3405b800
Event: 1566.301 Thread 0x00007fac3415d800 Thread exited: 0x00007fac3415d800
Event: 1566.301 Thread 0x00007fac34060800 Thread exited: 0x00007fac34060800
Event: 1566.301 Thread 0x00007fac34064800 Thread exited: 0x00007fac34064800
Event: 1566.302 Thread 0x00007fac3405c800 Thread exited: 0x00007fac3405c800


Dynamic libraries:
00400000-00401000 r-xp 00000000 09:02 22413346                           /home/jenkins/tools/java/64bit/jdk-10.0.1/bin/java
00600000-00601000 rw-p 00000000 09:02 22413346                           /home/jenkins/tools/java/64bit/jdk-10.0.1/bin/java
00bbf000-00c98000 rw-p 00000000 00:00 0                                  [heap]
e0000000-1010ea000 rw-p 00000000 00:00 0 
1010ea000-140000000 ---p 00000000 00:00 0 
7fabcc000000-7fabcc056000 rw-p 00000000 00:00 0 
7fabcc056000-7fabd0000000 ---p 00000000 00:00 0 
7fabd32be000-7fabd34be000 rw-p 00000000 00:00 0 
7fabd35cf000-7fabd37cf000 rw-p 00000000 00:00 0 
7fabd47d1000-7fabd49d1000 rw-p 00000000 00:00 0 
7fabd7f11000-7fabd7f15000 ---p 00000000 00:00 0 
7fabd7f15000-7fabd8012000 rw-p 00000000 00:00 0 
7fabd8914000-7fabd8b14000 rw-p 00000000 00:00 0 
7fabd9c2c000-7fabd9c30000 ---p 00000000 00:00 0 
7fabd9c30000-7fabd9d2d000 rw-p 00000000 00:00 0 
7fabdae37000-7fabdb037000 rw-p 00000000 00:00 0 
7fabdbf46000-7fabdbf4a000 ---p 00000000 00:00 0 
7fabdbf4a000-7fabdc047000 rw-p 00000000 00:00 0 
7fabdd563000-7fabdd567000 ---p 00000000 00:00 0 
7fabdd567000-7fabdd664000 rw-p 00000000 00:00 0 
7fabdeb72000-7fabded72000 rw-p 00000000 00:00 0 
7fabdf87d000-7fabdf881000 ---p 00000000 00:00 0 
7fabdf881000-7fabdf97e000 rw-p 00000000 00:00 0 
7fabdfd84000-7fabdfd88000 ---p 00000000 00:00 0 
7fabdfd88000-7fabe0085000 rw-p 00000000 00:00 0 
7fabe0a8f000-7fabe0a93000 ---p 00000000 00:00 0 
7fabe0a93000-7fabe0b90000 rw-p 00000000 00:00 0 
7fabe0d94000-7fabe0d98000 ---p 00000000 00:00 0 
7fabe0d98000-7fabe0e95000 rw-p 00000000 00:00 0 
7fabe0e97000-7fabe1097000 rw-p 00000000 00:00 0 
7fabe169d000-7fabe16a1000 ---p 00000000 00:00 0 
7fabe16a1000-7fabe179e000 rw-p 00000000 00:00 0 
7fabe30b7000-7fabe30bb000 ---p 00000000 00:00 0 
7fabe30bb000-7fabe31b8000 rw-p 00000000 00:00 0 
7fabe36bd000-7fabe36c1000 ---p 00000000 00:00 0 
7fabe36c1000-7fabe37be000 rw-p 00000000 00:00 0 
7fabe38bf000-7fabe38c3000 ---p 00000000 00:00 0 
7fabe38c3000-7fabe39c0000 rw-p 00000000 00:00 0 
7fabe39c2000-7fabe39c6000 ---p 00000000 00:00 0 
7fabe39c6000-7fabe3ac3000 rw-p 00000000 00:00 0 
7fabe3fc8000-7fabe3fcc000 ---p 00000000 00:00 0 
7fabe3fcc000-7fabe40c9000 rw-p 00000000 00:00 0 
7fabe42cb000-7fabe42cf000 ---p 00000000 00:00 0 
7fabe42cf000-7fabe45cc000 rw-p 00000000 00:00 0 
7fabe45d0000-7fabe45d4000 ---p 00000000 00:00 0 
7fabe45d4000-7fabe46d1000 rw-p 00000000 00:00 0 
7fabe46d1000-7fabe46d5000 ---p 00000000 00:00 0 
7fabe46d5000-7fabe47d2000 rw-p 00000000 00:00 0 
7fabe49d4000-7fabe4bd4000 rw-p 00000000 00:00 0 
7fabe4bd4000-7fabe4dd4000 rw-p 00000000 00:00 0 
7fabe4ed7000-7fabe4edb000 ---p 00000000 00:00 0 
7fabe4edb000-7fabe4fd8000 rw-p 00000000 00:00 0 
7fabe51da000-7fabe51de000 ---p 00000000 00:00 0 
7fabe51de000-7fabe52db000 rw-p 00000000 00:00 0 
7fabe52db000-7fabe52df000 ---p 00000000 00:00 0 
7fabe52df000-7fabe53dc000 rw-p 00000000 00:00 0 
7fabe53dc000-7fabe53e0000 ---p 00000000 00:00 0 
7fabe53e0000-7fabe54dd000 rw-p 00000000 00:00 0 
7fabe55de000-7fabe55e2000 ---p 00000000 00:00 0 
7fabe55e2000-7fabe56df000 rw-p 00000000 00:00 0 
7fabe56df000-7fabe56e3000 ---p 00000000 00:00 0 
7fabe56e3000-7fabe57e0000 rw-p 00000000 00:00 0 
7fabe57e0000-7fabe57e4000 ---p 00000000 00:00 0 
7fabe57e4000-7fabe58e1000 rw-p 00000000 00:00 0 
7fabe58e1000-7fabe58e5000 ---p 00000000 00:00 0 
7fabe58e5000-7fabe59e2000 rw-p 00000000 00:00 0 
7fabe5ae3000-7fabe5ae7000 ---p 00000000 00:00 0 
7fabe5ae7000-7fabe5be4000 rw-p 00000000 00:00 0 
7fabe61ea000-7fabe61ee000 ---p 00000000 00:00 0 
7fabe61ee000-7fabe62eb000 rw-p 00000000 00:00 0 
7fabe65ee000-7fabe65f2000 ---p 00000000 00:00 0 
7fabe65f2000-7fabe66ef000 rw-p 00000000 00:00 0 
7fabe68f1000-7fabe68f5000 ---p 00000000 00:00 0 
7fabe68f5000-7fabe69f2000 rw-p 00000000 00:00 0 
7fabe69f2000-7fabe69f6000 ---p 00000000 00:00 0 
7fabe69f6000-7fabe6af3000 rw-p 00000000 00:00 0 
7fabe6cf5000-7fabe6ef5000 rw-p 00000000 00:00 0 
7fabe6ff6000-7fabe6ffa000 ---p 00000000 00:00 0 
7fabe6ffa000-7fabe72f7000 rw-p 00000000 00:00 0 
7fabe72f7000-7fabe74f7000 rw-p 00000000 00:00 0 
7fabe74f7000-7fabe76f7000 rw-p 00000000 00:00 0 
7fabe76f7000-7fabe76fb000 ---p 00000000 00:00 0 
7fabe76fb000-7fabe77f8000 rw-p 00000000 00:00 0 
7fabe77f8000-7fabe77fc000 ---p 00000000 00:00 0 
7fabe77fc000-7fabe78f9000 rw-p 00000000 00:00 0 
7fabe7afb000-7fabe7aff000 ---p 00000000 00:00 0 
7fabe7aff000-7fabe7bfc000 rw-p 00000000 00:00 0 
7fabe8000000-7fabe82a5000 rw-p 00000000 00:00 0 
7fabe82a5000-7fabec000000 ---p 00000000 00:00 0 
7fabec000000-7fabec8dd000 rw-p 00000000 00:00 0 
7fabec8dd000-7fabf0000000 ---p 00000000 00:00 0 
7fabf0000000-7fabf0210000 rw-p 00000000 00:00 0 
7fabf0210000-7fabf4000000 ---p 00000000 00:00 0 
7fabf4000000-7fabf44b1000 rw-p 00000000 00:00 0 
7fabf44b1000-7fabf8000000 ---p 00000000 00:00 0 
7fabf8000000-7fabf8285000 rw-p 00000000 00:00 0 
7fabf8285000-7fabfc000000 ---p 00000000 00:00 0 
7fabfc073000-7fabfc273000 rw-p 00000000 00:00 0 
7fabfc273000-7fabfc277000 ---p 00000000 00:00 0 
7fabfc277000-7fabfc374000 rw-p 00000000 00:00 0 
7fabfc576000-7fabfc57a000 ---p 00000000 00:00 0 
7fabfc57a000-7fabfc677000 rw-p 00000000 00:00 0 
7fabfc879000-7fabfc87d000 ---p 00000000 00:00 0 
7fabfc87d000-7fabfc97a000 rw-p 00000000 00:00 0 
7fabfcc7d000-7fabfcc81000 ---p 00000000 00:00 0 
7fabfcc81000-7fabfcd7e000 rw-p 00000000 00:00 0 
7fabfcd7e000-7fabfcd82000 ---p 00000000 00:00 0 
7fabfcd82000-7fabfce7f000 rw-p 00000000 00:00 0 
7fabfcf80000-7fabfcf84000 ---p 00000000 00:00 0 
7fabfcf84000-7fabfd081000 rw-p 00000000 00:00 0 
7fabfd081000-7fabfd085000 ---p 00000000 00:00 0 
7fabfd085000-7fabfd382000 rw-p 00000000 00:00 0 
7fabfd485000-7fabfd685000 rw-p 00000000 00:00 0 
7fabfd98a000-7fabfd98e000 ---p 00000000 00:00 0 
7fabfd98e000-7fabfda8b000 rw-p 00000000 00:00 0 
7fabfda8b000-7fabfda8f000 ---p 00000000 00:00 0 
7fabfda8f000-7fabfdd8c000 rw-p 00000000 00:00 0 
7fabfdd8e000-7fabfdf8e000 rw-p 00000000 00:00 0 
7fabfdf94000-7fabfe194000 rw-p 00000000 00:00 0 
7fabfe194000-7fabfe394000 rw-p 00000000 00:00 0 
7fabfe394000-7fabfe594000 rw-p 00000000 00:00 0 
7fabfe594000-7fabfe794000 rw-p 00000000 00:00 0 
7fabfe7f6000-7fabfe9f6000 rw-p 00000000 00:00 0 
7fabfe9f8000-7fabfebf8000 rw-p 00000000 00:00 0 
7fabfebf8000-7fabfebfc000 ---p 00000000 00:00 0 
7fabfebfc000-7fabfecf9000 rw-p 00000000 00:00 0 
7fabfecf9000-7fabfeef9000 rw-p 00000000 00:00 0 
7fabfeef9000-7fabff0f9000 rw-p 00000000 00:00 0 
7fabff1fb000-7fabff1fc000 r-xp 00000000 09:02 22413852                   /home/jenkins/tools/java/64bit/jdk-10.0.1/lib/libjaas_unix.so
7fabff1fc000-7fabff3fb000 ---p 00001000 09:02 22413852                   /home/jenkins/tools/java/64bit/jdk-10.0.1/lib/libjaas_unix.so
7fabff3fb000-7fabff3fc000 rw-p 00000000 09:02 22413852                   /home/jenkins/tools/java/64bit/jdk-10.0.1/lib/libjaas_unix.so
7fabff3fc000-7fabff5fc000 rw-p 00000000 00:00 0 
7fabff6ff000-7fabff8ff000 rw-p 00000000 00:00 0 
7fabff8ff000-7fabffaff000 rw-p 00000000 00:00 0 
7fabffaff000-7fabffcff000 rw-p 00000000 00:00 0 
7fabffe00000-7fac00000000 rw-p 00000000 00:00 0 
7fac00000000-7fac0028c000 rw-p 00000000 00:00 0 
7fac0028c000-7fac04000000 ---p 00000000 00:00 0 
7fac04000000-7fac04206000 rw-p 00000000 00:00 0 
7fac04206000-7fac08000000 ---p 00000000 00:00 0 
7fac08000000-7fac08149000 rw-p 00000000 00:00 0 
7fac08149000-7fac0c000000 ---p 00000000 00:00 0 
7fac0c000000-7fac0c4d6000 rw-p 00000000 00:00 0 
7fac0c4d6000-7fac10000000 ---p 00000000 00:00 0 
7fac10000000-7fac1026a000 rw-p 00000000 00:00 0 
7fac1026a000-7fac14000000 ---p 00000000 00:00 0 
7fac14000000-7fac141c5000 rw-p 00000000 00:00 0 
7fac141c5000-7fac18000000 ---p 00000000 00:00 0 
7fac18000000-7fac1813e000 rw-p 00000000 00:00 0 
7fac1813e000-7fac1c000000 ---p 00000000 00:00 0 
7fac1c000000-7fac1c21f000 rw-p 00000000 00:00 0 
7fac1c21f000-7fac20000000 ---p 00000000 00:00 0 
7fac20000000-7fac202f7000 rw-p 00000000 00:00 0 
7fac202f7000-7fac24000000 ---p 00000000 00:00 0 
7fac24000000-7fac2421f000 rw-p 00000000 00:00 0 
7fac2421f000-7fac28000000 ---p 00000000 00:00 0 
7fac28000000-7fac282c1000 rw-p 00000000 00:00 0 
7fac282c1000-7fac2c000000 ---p 00000000 00:00 0 
7fac2c000000-7fac2c567000 rw-p 00000000 00:00 0 
7fac2c567000-7fac30000000 ---p 00000000 00:00 0 
7fac30000000-7fac302c5000 rw-p 00000000 00:00 0 
7fac302c5000-7fac34000000 ---p 00000000 00:00 0 
7fac34000000-7fac34218000 rw-p 00000000 00:00 0 
7fac34218000-7fac38000000 ---p 00000000 00:00 0 
7fac38000000-7fac38204000 rw-p 00000000 00:00 0 
7fac38204000-7fac3c000000 ---p 00000000 00:00 0 
7fac3c000000-7fac3cccf000 rw-p 00000000 00:00 0 
7fac3cccf000-7fac40000000 ---p 00000000 00:00 0 
7fac40000000-7fac4025f000 rw-p 00000000 00:00 0 
7fac4025f000-7fac44000000 ---p 00000000 00:00 0 
7fac44000000-7fac442cd000 rw-p 00000000 00:00 0 
7fac442cd000-7fac48000000 ---p 00000000 00:00 0 
7fac48000000-7fac483b9000 rw-p 00000000 00:00 0 
7fac483b9000-7fac4c000000 ---p 00000000 00:00 0 
7fac4c000000-7fac4ca6f000 rw-p 00000000 00:00 0 
7fac4ca6f000-7fac50000000 ---p 00000000 00:00 0 
7fac50000000-7fac50300000 rw-p 00000000 00:00 0 
7fac50300000-7fac54000000 ---p 00000000 00:00 0 
7fac54000000-7fac54159000 rw-p 00000000 00:00 0 
7fac54159000-7fac58000000 ---p 00000000 00:00 0 
7fac58000000-7fac582d7000 rw-p 00000000 00:00 0 
7fac582d7000-7fac5c000000 ---p 00000000 00:00 0 
7fac5c000000-7fac5c16c000 rw-p 00000000 00:00 0 
7fac5c16c000-7fac60000000 ---p 00000000 00:00 0 
7fac60000000-7fac6016c000 rw-p 00000000 00:00 0 
7fac6016c000-7fac64000000 ---p 00000000 00:00 0 
7fac64000000-7fac64452000 rw-p 00000000 00:00 0 
7fac64452000-7fac68000000 ---p 00000000 00:00 0 
7fac68000000-7fac68220000 rw-p 00000000 00:00 0 
7fac68220000-7fac6c000000 ---p 00000000 00:00 0 
7fac6c000000-7fac6c3b9000 rw-p 00000000 00:00 0 
7fac6c3b9000-7fac70000000 ---p 00000000 00:00 0 
7fac70000000-7fac701e4000 rw-p 00000000 00:00 0 
7fac701e4000-7fac74000000 ---p 00000000 00:00 0 
7fac74000000-7fac74159000 rw-p 00000000 00:00 0 
7fac74159000-7fac78000000 ---p 00000000 00:00 0 
7fac78000000-7fac78178000 rw-p 00000000 00:00 0 
7fac78178000-7fac7c000000 ---p 00000000 00:00 0 
7fac7c000000-7fac7c8df000 rw-p 00000000 00:00 0 
7fac7c8df000-7fac80000000 ---p 00000000 00:00 0 
7fac8008b000-7fac8028b000 rw-p 00000000 00:00 0 
7fac8028d000-7fac8048d000 rw-p 00000000 00:00 0 
7fac80590000-7fac80790000 rw-p 00000000 00:00 0 
7fac80792000-7fac80992000 rw-p 00000000 00:00 0 
7fac80a97000-7fac80c97000 rw-p 00000000 00:00 0 
7fac80c97000-7fac80e97000 rw-p 00000000 00:00 0 
7fac80e9b000-7fac8109b000 rw-p 00000000 00:00 0 
7fac8109b000-7fac8129b000 rw-p 00000000 00:00 0 
7fac8129f000-7fac812a3000 ---p 00000000 00:00 0 
7fac812a3000-7fac815a0000 rw-p 00000000 00:00 0 
7fac815a0000-7fac817a0000 rw-p 00000000 00:00 0 
7fac818a1000-7fac81aa1000 rw-p 00000000 00:00 0 
7fac81aa1000-7fac81c9a000 rw-p 00000000 00:00 0 
7fac81c9a000-7fac81ca1000 ---p 00000000 00:00 0 
7fac81ca1000-7fac81e99000 rw-p 00000000 00:00 0 
7fac81e99000-7fac81ea1000 ---p 00000000 00:00 0 
7fac81ea1000-7fac820a1000 rw-p 00000000 00:00 0 
7fac820a1000-7fac822a1000 rw-p 00000000 00:00 0 
7fac822a1000-7fac822a5000 ---p 00000000 00:00 0 
7fac822a5000-7fac823a2000 rw-p 00000000 00:00 0 
7fac823a2000-7fac825a2000 rw-p 00000000 00:00 0 
7fac825a4000-7fac827a4000 rw-p 00000000 00:00 0 
7fac827a8000-7fac827ac000 ---p 00000000 00:00 0 
7fac827ac000-7fac82aa9000 rw-p 00000000 00:00 0 
7fac82aa9000-7fac82ca9000 rw-p 00000000 00:00 0 
7fac82ca9000-7fac82ea9000 rw-p 00000000 00:00 0 
7fac82ea9000-7fac82eaa000 r-xp 00000000 09:02 22413846                   /home/jenkins/tools/java/64bit/jdk-10.0.1/lib/libextnet.so
7fac82eaa000-7fac830a9000 ---p 00001000 09:02 22413846                   /home/jenkins/tools/java/64bit/jdk-10.0.1/lib/libextnet.so
7fac830a9000-7fac830aa000 rw-p 00000000 09:02 22413846                   /home/jenkins/tools/java/64bit/jdk-10.0.1/lib/libextnet.so
7fac830aa000-7fac830e7000 r-xp 00000000 09:02 22413873                   /home/jenkins/tools/java/64bit/jdk-10.0.1/lib/libsunec.so
7fac830e7000-7fac832e7000 ---p 0003d000 09:02 22413873                   /home/jenkins/tools/java/64bit/jdk-10.0.1/lib/libsunec.so
7fac832e7000-7fac832ee000 rw-p 0003d000 09:02 22413873                   /home/jenkins/tools/java/64bit/jdk-10.0.1/lib/libsunec.so
7fac832ee000-7fac832ff000 rw-p 00000000 00:00 0 
7fac83400000-7fac83600000 rw-p 00000000 00:00 0 
7fac83600000-7fac83800000 rw-p 00000000 00:00 0 
7fac83800000-7fac83a00000 rw-p 00000000 00:00 0 
7fac83a00000-7fac83c00000 rw-p 00000000 00:00 0 
7fac83c00000-7fac83df9000 rw-p 00000000 00:00 0 
7fac83df9000-7fac83e00000 ---p 00000000 00:00 0 
7fac83e00000-7fac83ff2000 rw-p 00000000 00:00 0 
7fac83ff2000-7fac84000000 ---p 00000000 00:00 0 
7fac84000000-7fac8412c000 rw-p 00000000 00:00 0 
7fac8412c000-7fac88000000 ---p 00000000 00:00 0 
7fac88000000-7fac8827b000 rw-p 00000000 00:00 0 
7fac8827b000-7fac8c000000 ---p 00000000 00:00 0 
7fac8c000000-7fac8c103000 rw-p 00000000 00:00 0 
7fac8c103000-7fac90000000 ---p 00000000 00:00 0 
7fac90000000-7fac9012c000 rw-p 00000000 00:00 0 
7fac9012c000-7fac94000000 ---p 00000000 00:00 0 
7fac94000000-7fac945b9000 rw-p 00000000 00:00 0 
7fac945b9000-7fac98000000 ---p 00000000 00:00 0 
7fac98000000-7fac98092000 rw-p 00000000 00:00 0 
7fac98092000-7fac9c000000 ---p 00000000 00:00 0 
7fac9c000000-7fac9fff9000 rw-p 00000000 00:00 0 
7fac9fff9000-7faca0000000 ---p 00000000 00:00 0 
7faca0000000-7faca149d000 rw-p 00000000 00:00 0 
7faca149d000-7faca4000000 ---p 00000000 00:00 0 
7faca4000000-7faca7830000 rw-p 00000000 00:00 0 
7faca7830000-7faca8000000 ---p 00000000 00:00 0 
7faca8000000-7facab699000 rw-p 00000000 00:00 0 
7facab699000-7facac000000 ---p 00000000 00:00 0 
7facac000000-7facac213000 rw-p 00000000 00:00 0 
7facac213000-7facb0000000 ---p 00000000 00:00 0 
7facb0000000-7facb00a4000 rw-p 00000000 00:00 0 
7facb00a4000-7facb4000000 ---p 00000000 00:00 0 
7facb4000000-7facb7ffe000 rw-p 00000000 00:00 0 
7facb7ffe000-7facb8000000 ---p 00000000 00:00 0 
7facb8000000-7facb80b8000 rw-p 00000000 00:00 0 
7facb80b8000-7facbc000000 ---p 00000000 00:00 0 
7facbc000000-7facbc140000 rw-p 00000000 00:00 0 
7facbc140000-7facc0000000 ---p 00000000 00:00 0 
7facc0000000-7facc0147000 rw-p 00000000 00:00 0 
7facc0147000-7facc4000000 ---p 00000000 00:00 0 
7facc4000000-7facc4235000 rw-p 00000000 00:00 0 
7facc4235000-7facc8000000 ---p 00000000 00:00 0 
7facc8000000-7facc8198000 rw-p 00000000 00:00 0 
7facc8198000-7faccc000000 ---p 00000000 00:00 0 
7faccc190000-7faccc388000 rw-p 00000000 00:00 0 
7faccc388000-7faccc390000 ---p 00000000 00:00 0 
7faccc390000-7faccc590000 rw-p 00000000 00:00 0 
7faccc590000-7faccc790000 rw-p 00000000 00:00 0 
7faccc790000-7faccc990000 rw-p 00000000 00:00 0 
7faccc990000-7faccc994000 ---p 00000000 00:00 0 
7faccc994000-7facccc91000 rw-p 00000000 00:00 0 
7facccd77000-7facccf77000 rw-p 00000000 00:00 0 
7facccf77000-7facccf8e000 r-xp 00000000 09:02 20974031                   /lib/x86_64-linux-gnu/libresolv-2.27.so
7facccf8e000-7faccd18e000 ---p 00017000 09:02 20974031                   /lib/x86_64-linux-gnu/libresolv-2.27.so
7faccd18e000-7faccd18f000 r--p 00017000 09:02 20974031                   /lib/x86_64-linux-gnu/libresolv-2.27.so
7faccd18f000-7faccd190000 rw-p 00018000 09:02 20974031                   /lib/x86_64-linux-gnu/libresolv-2.27.so
7faccd190000-7faccd192000 rw-p 00000000 00:00 0 
7faccd192000-7faccd197000 r-xp 00000000 09:02 20973927                   /lib/x86_64-linux-gnu/libnss_dns-2.27.so
7faccd197000-7faccd397000 ---p 00005000 09:02 20973927                   /lib/x86_64-linux-gnu/libnss_dns-2.27.so
7faccd397000-7faccd398000 r--p 00005000 09:02 20973927                   /lib/x86_64-linux-gnu/libnss_dns-2.27.so
7faccd398000-7faccd399000 rw-p 00006000 09:02 20973927                   /lib/x86_64-linux-gnu/libnss_dns-2.27.so
7faccd399000-7faccd39e000 r-xp 00000000 09:02 22413864                   /home/jenkins/tools/java/64bit/jdk-10.0.1/lib/libmanagement_ext.so
7faccd39e000-7faccd59d000 ---p 00005000 09:02 22413864                   /home/jenkins/tools/java/64bit/jdk-10.0.1/lib/libmanagement_ext.so
7faccd59d000-7faccd59e000 rw-p 00004000 09:02 22413864                   /home/jenkins/tools/java/64bit/jdk-10.0.1/lib/libmanagement_ext.so
7faccd59e000-7faccd5a2000 r-xp 00000000 09:02 22413862                   /home/jenkins/tools/java/64bit/jdk-10.0.1/lib/libmanagement.so
7faccd5a2000-7faccd7a1000 ---p 00004000 09:02 22413862                   /home/jenkins/tools/java/64bit/jdk-10.0.1/lib/libmanagement.so
7faccd7a1000-7faccd7a2000 rw-p 00003000 09:02 22413862                   /home/jenkins/tools/java/64bit/jdk-10.0.1/lib/libmanagement.so
7faccd7a2000-7faccd7a6000 ---p 00000000 00:00 0 
7faccd7a6000-7faccd8a3000 rw-p 00000000 00:00 0 
7faccd8a3000-7faccd8a4000 ---p 00000000 00:00 0 
7faccd8a4000-7faccd9a5000 rw-p 00000000 00:00 0 
7faccd9a5000-7faccd9a9000 ---p 00000000 00:00 0 
7faccd9a9000-7faccdad7000 rw-p 00000000 00:00 0 
7faccdad7000-7faccdaed000 r-xp 00000000 09:02 22413866                   /home/jenkins/tools/java/64bit/jdk-10.0.1/lib/libnet.so
7faccdaed000-7faccdced000 ---p 00016000 09:02 22413866                   /home/jenkins/tools/java/64bit/jdk-10.0.1/lib/libnet.so
7faccdced000-7faccdcee000 rw-p 00016000 09:02 22413866                   /home/jenkins/tools/java/64bit/jdk-10.0.1/lib/libnet.so
7faccdcee000-7faccdcfe000 r-xp 00000000 09:02 22413867                   /home/jenkins/tools/java/64bit/jdk-10.0.1/lib/libnio.so
7faccdcfe000-7faccdefe000 ---p 00010000 09:02 22413867                   /home/jenkins/tools/java/64bit/jdk-10.0.1/lib/libnio.so
7faccdefe000-7faccdeff000 rw-p 00010000 09:02 22413867                   /home/jenkins/tools/java/64bit/jdk-10.0.1/lib/libnio.so
7faccdeff000-7faccdf03000 ---p 00000000 00:00 0 
7faccdf03000-7facd0000000 rw-p 00000000 00:00 0 
7facd0000000-7facd0160000 rw-p 00000000 00:00 0 
7facd0160000-7facd4000000 ---p 00000000 00:00 0 
7facd4000000-7facd4147000 rw-p 00000000 00:00 0 
7facd4147000-7facd8000000 ---p 00000000 00:00 0 
7facd8000000-7facd8154000 rw-p 00000000 00:00 0 
7facd8154000-7facdc000000 ---p 00000000 00:00 0 
7facdc000000-7facdc0b5000 rw-p 00000000 00:00 0 
7facdc0b5000-7face0000000 ---p 00000000 00:00 0 
7face0000000-7face016f000 rw-p 00000000 00:00 0 
7face016f000-7face4000000 ---p 00000000 00:00 0 
7face4000000-7face4160000 rw-p 00000000 00:00 0 
7face4160000-7face8000000 ---p 00000000 00:00 0 
7face8000000-7face8166000 rw-p 00000000 00:00 0 
7face8166000-7facec000000 ---p 00000000 00:00 0 
7facec008000-7facec00c000 ---p 00000000 00:00 0 
7facec00c000-7facec02a000 rw-p 00000000 00:00 0 
7facec02a000-7facec02e000 ---p 00000000 00:00 0 
7facec02e000-7facec12b000 rw-p 00000000 00:00 0 
7facec12b000-7facec12f000 ---p 00000000 00:00 0 
7facec12f000-7facec22c000 rw-p 00000000 00:00 0 
7facec22c000-7facec230000 ---p 00000000 00:00 0 
7facec230000-7facec32d000 rw-p 00000000 00:00 0 
7facec32d000-7facec331000 ---p 00000000 00:00 0 
7facec331000-7facec42e000 rw-p 00000000 00:00 0 
7facec42e000-7facec432000 ---p 00000000 00:00 0 
7facec432000-7facec52f000 rw-p 00000000 00:00 0 
7facec52f000-7facec533000 ---p 00000000 00:00 0 
7facec533000-7facec630000 rw-p 00000000 00:00 0 
7facec630000-7facec7cb000 r--p 00000000 09:02 6035967                    /usr/lib/locale/locale-archive
7facec7cb000-7facec7cf000 ---p 00000000 00:00 0 
7facec7cf000-7facec8cc000 rw-p 00000000 00:00 0 
7facec8cc000-7facec8d0000 ---p 00000000 00:00 0 
7facec8d0000-7facec9cd000 rw-p 00000000 00:00 0 
7facec9cd000-7facec9ce000 ---p 00000000 00:00 0 
7facec9ce000-7faced3a0000 rw-p 00000000 00:00 0 
7faced3a0000-7faced3a1000 ---p 00000000 00:00 0 
7faced3a1000-7facedcaa000 rw-p 00000000 00:00 0 
7facedcaa000-7facedcab000 ---p 00000000 00:00 0 
7facedcab000-7faceddac000 rw-p 00000000 00:00 0 
7faceddac000-7faceddad000 ---p 00000000 00:00 0 
7faceddad000-7faceed0c000 rw-p 00000000 00:00 0 
7faceed0c000-7faceed0d000 rw-p 00000000 00:00 0 
7faceed0d000-7faceed0e000 ---p 00000000 00:00 0 
7faceed0e000-7faceee0f000 rw-p 00000000 00:00 0 
7faceee0f000-7faceee10000 ---p 00000000 00:00 0 
7faceee10000-7faceef11000 rw-p 00000000 00:00 0 
7faceef11000-7faceef12000 ---p 00000000 00:00 0 
7faceef12000-7facef013000 rw-p 00000000 00:00 0 
7facef013000-7facef014000 ---p 00000000 00:00 0 
7facef014000-7facef115000 rw-p 00000000 00:00 0 
7facef115000-7facef116000 ---p 00000000 00:00 0 
7facef116000-7facef217000 rw-p 00000000 00:00 0 
7facef217000-7facef218000 ---p 00000000 00:00 0 
7facef218000-7facef319000 rw-p 00000000 00:00 0 
7facef319000-7facef31a000 ---p 00000000 00:00 0 
7facef31a000-7facef41b000 rw-p 00000000 00:00 0 
7facef41b000-7facef41c000 ---p 00000000 00:00 0 
7facef41c000-7facef591000 rw-p 00000000 00:00 0 
7facef591000-7facef608000 ---p 00000000 00:00 0 
7facef608000-7facef69a000 rw-p 00000000 00:00 0 
7facef69a000-7facef6f3000 ---p 00000000 00:00 0 
7facef6f3000-7facef963000 rwxp 00000000 00:00 0 
7facef963000-7facefc84000 ---p 00000000 00:00 0 
7facefc84000-7facf4564000 rwxp 00000000 00:00 0 
7facf4564000-7facf71bb000 ---p 00000000 00:00 0 
7facf71bb000-7facfab9b000 rwxp 00000000 00:00 0 
7facfab9b000-7facfe6f3000 ---p 00000000 00:00 0 
7facfe6f3000-7fad07bcc000 r--s 00000000 09:02 22413877                   /home/jenkins/tools/java/64bit/jdk-10.0.1/lib/modules
7fad07bcc000-7fad07be6000 r-xp 00000000 09:02 22413857                   /home/jenkins/tools/java/64bit/jdk-10.0.1/lib/libjimage.so
7fad07be6000-7fad07de5000 ---p 0001a000 09:02 22413857                   /home/jenkins/tools/java/64bit/jdk-10.0.1/lib/libjimage.so
7fad07de5000-7fad07de7000 rw-p 00019000 09:02 22413857                   /home/jenkins/tools/java/64bit/jdk-10.0.1/lib/libjimage.so
7fad07de7000-7fad07df9000 rw-p 00000000 00:00 0 
7fad07df9000-7fad07e00000 r-xp 00000000 09:02 22413876                   /home/jenkins/tools/java/64bit/jdk-10.0.1/lib/libzip.so
7fad07e00000-7fad07fff000 ---p 00007000 09:02 22413876                   /home/jenkins/tools/java/64bit/jdk-10.0.1/lib/libzip.so
7fad07fff000-7fad08000000 rw-p 00006000 09:02 22413876                   /home/jenkins/tools/java/64bit/jdk-10.0.1/lib/libzip.so
7fad08000000-7fad08f65000 rw-p 00000000 00:00 0 
7fad08f65000-7fad0c000000 ---p 00000000 00:00 0 
7fad0c00f000-7fad0c037000 rw-p 00000000 00:00 0 
7fad0c037000-7fad0c042000 r-xp 00000000 09:02 20973932                   /lib/x86_64-linux-gnu/libnss_files-2.27.so
7fad0c042000-7fad0c241000 ---p 0000b000 09:02 20973932                   /lib/x86_64-linux-gnu/libnss_files-2.27.so
7fad0c241000-7fad0c242000 r--p 0000a000 09:02 20973932                   /lib/x86_64-linux-gnu/libnss_files-2.27.so
7fad0c242000-7fad0c243000 rw-p 0000b000 09:02 20973932                   /lib/x86_64-linux-gnu/libnss_files-2.27.so
7fad0c243000-7fad0c249000 rw-p 00000000 00:00 0 
7fad0c249000-7fad0c260000 r-xp 00000000 09:02 20973925                   /lib/x86_64-linux-gnu/libnsl-2.27.so
7fad0c260000-7fad0c45f000 ---p 00017000 09:02 20973925                   /lib/x86_64-linux-gnu/libnsl-2.27.so
7fad0c45f000-7fad0c460000 r--p 00016000 09:02 20973925                   /lib/x86_64-linux-gnu/libnsl-2.27.so
7fad0c460000-7fad0c461000 rw-p 00017000 09:02 20973925                   /lib/x86_64-linux-gnu/libnsl-2.27.so
7fad0c461000-7fad0c463000 rw-p 00000000 00:00 0 
7fad0c463000-7fad0c46e000 r-xp 00000000 09:02 20974026                   /lib/x86_64-linux-gnu/libnss_nis-2.27.so
7fad0c46e000-7fad0c66d000 ---p 0000b000 09:02 20974026                   /lib/x86_64-linux-gnu/libnss_nis-2.27.so
7fad0c66d000-7fad0c66e000 r--p 0000a000 09:02 20974026                   /lib/x86_64-linux-gnu/libnss_nis-2.27.so
7fad0c66e000-7fad0c66f000 rw-p 0000b000 09:02 20974026                   /lib/x86_64-linux-gnu/libnss_nis-2.27.so
7fad0c66f000-7fad0c677000 r-xp 00000000 09:02 20973926                   /lib/x86_64-linux-gnu/libnss_compat-2.27.so
7fad0c677000-7fad0c877000 ---p 00008000 09:02 20973926                   /lib/x86_64-linux-gnu/libnss_compat-2.27.so
7fad0c877000-7fad0c878000 r--p 00008000 09:02 20973926                   /lib/x86_64-linux-gnu/libnss_compat-2.27.so
7fad0c878000-7fad0c879000 rw-p 00009000 09:02 20973926                   /lib/x86_64-linux-gnu/libnss_compat-2.27.so
7fad0c879000-7fad0c8a3000 r-xp 00000000 09:02 22413853                   /home/jenkins/tools/java/64bit/jdk-10.0.1/lib/libjava.so
7fad0c8a3000-7fad0caa3000 ---p 0002a000 09:02 22413853                   /home/jenkins/tools/java/64bit/jdk-10.0.1/lib/libjava.so
7fad0caa3000-7fad0caa5000 rw-p 0002a000 09:02 22413853                   /home/jenkins/tools/java/64bit/jdk-10.0.1/lib/libjava.so
7fad0caa5000-7fad0cab2000 r-xp 00000000 09:02 22413875                   /home/jenkins/tools/java/64bit/jdk-10.0.1/lib/libverify.so
7fad0cab2000-7fad0ccb1000 ---p 0000d000 09:02 22413875                   /home/jenkins/tools/java/64bit/jdk-10.0.1/lib/libverify.so
7fad0ccb1000-7fad0ccb3000 rw-p 0000c000 09:02 22413875                   /home/jenkins/tools/java/64bit/jdk-10.0.1/lib/libverify.so
7fad0ccb3000-7fad0ccba000 r-xp 00000000 09:02 20974033                   /lib/x86_64-linux-gnu/librt-2.27.so
7fad0ccba000-7fad0ceb9000 ---p 00007000 09:02 20974033                   /lib/x86_64-linux-gnu/librt-2.27.so
7fad0ceb9000-7fad0ceba000 r--p 00006000 09:02 20974033                   /lib/x86_64-linux-gnu/librt-2.27.so
7fad0ceba000-7fad0cebb000 rw-p 00007000 09:02 20974033                   /lib/x86_64-linux-gnu/librt-2.27.so
7fad0cebb000-7fad0d058000 r-xp 00000000 09:02 20972588                   /lib/x86_64-linux-gnu/libm-2.27.so
7fad0d058000-7fad0d257000 ---p 0019d000 09:02 20972588                   /lib/x86_64-linux-gnu/libm-2.27.so
7fad0d257000-7fad0d258000 r--p 0019c000 09:02 20972588                   /lib/x86_64-linux-gnu/libm-2.27.so
7fad0d258000-7fad0d259000 rw-p 0019d000 09:02 20972588                   /lib/x86_64-linux-gnu/libm-2.27.so
7fad0d259000-7fad0e269000 r-xp 00000000 09:02 22413887                   /home/jenkins/tools/java/64bit/jdk-10.0.1/lib/server/libjvm.so
7fad0e269000-7fad0e468000 ---p 01010000 09:02 22413887                   /home/jenkins/tools/java/64bit/jdk-10.0.1/lib/server/libjvm.so
7fad0e468000-7fad0e545000 r--p 0100f000 09:02 22413887                   /home/jenkins/tools/java/64bit/jdk-10.0.1/lib/server/libjvm.so
7fad0e545000-7fad0e57e000 rw-p 010ec000 09:02 22413887                   /home/jenkins/tools/java/64bit/jdk-10.0.1/lib/server/libjvm.so
7fad0e57e000-7fad0e5db000 rw-p 00000000 00:00 0 
7fad0e5db000-7fad0e7c2000 r-xp 00000000 09:02 20972439                   /lib/x86_64-linux-gnu/libc-2.27.so
7fad0e7c2000-7fad0e9c2000 ---p 001e7000 09:02 20972439                   /lib/x86_64-linux-gnu/libc-2.27.so
7fad0e9c2000-7fad0e9c6000 r--p 001e7000 09:02 20972439                   /lib/x86_64-linux-gnu/libc-2.27.so
7fad0e9c6000-7fad0e9c8000 rw-p 001eb000 09:02 20972439                   /lib/x86_64-linux-gnu/libc-2.27.so
7fad0e9c8000-7fad0e9cc000 rw-p 00000000 00:00 0 
7fad0e9cc000-7fad0e9cf000 r-xp 00000000 09:02 20972546                   /lib/x86_64-linux-gnu/libdl-2.27.so
7fad0e9cf000-7fad0ebce000 ---p 00003000 09:02 20972546                   /lib/x86_64-linux-gnu/libdl-2.27.so
7fad0ebce000-7fad0ebcf000 r--p 00002000 09:02 20972546                   /lib/x86_64-linux-gnu/libdl-2.27.so
7fad0ebcf000-7fad0ebd0000 rw-p 00003000 09:02 20972546                   /lib/x86_64-linux-gnu/libdl-2.27.so
7fad0ebd0000-7fad0ebde000 r-xp 00000000 09:02 22413838                   /home/jenkins/tools/java/64bit/jdk-10.0.1/lib/jli/libjli.so
7fad0ebde000-7fad0edde000 ---p 0000e000 09:02 22413838                   /home/jenkins/tools/java/64bit/jdk-10.0.1/lib/jli/libjli.so
7fad0edde000-7fad0eddf000 rw-p 0000e000 09:02 22413838                   /home/jenkins/tools/java/64bit/jdk-10.0.1/lib/jli/libjli.so
7fad0eddf000-7fad0edf9000 r-xp 00000000 09:02 20974029                   /lib/x86_64-linux-gnu/libpthread-2.27.so
7fad0edf9000-7fad0eff8000 ---p 0001a000 09:02 20974029                   /lib/x86_64-linux-gnu/libpthread-2.27.so
7fad0eff8000-7fad0eff9000 r--p 00019000 09:02 20974029                   /lib/x86_64-linux-gnu/libpthread-2.27.so
7fad0eff9000-7fad0effa000 rw-p 0001a000 09:02 20974029                   /lib/x86_64-linux-gnu/libpthread-2.27.so
7fad0effa000-7fad0effe000 rw-p 00000000 00:00 0 
7fad0effe000-7fad0f01a000 r-xp 00000000 09:02 20973894                   /lib/x86_64-linux-gnu/libz.so.1.2.11
7fad0f01a000-7fad0f219000 ---p 0001c000 09:02 20973894                   /lib/x86_64-linux-gnu/libz.so.1.2.11
7fad0f219000-7fad0f21a000 r--p 0001b000 09:02 20973894                   /lib/x86_64-linux-gnu/libz.so.1.2.11
7fad0f21a000-7fad0f21b000 rw-p 0001c000 09:02 20973894                   /lib/x86_64-linux-gnu/libz.so.1.2.11
7fad0f21b000-7fad0f242000 r-xp 00000000 09:02 20972429                   /lib/x86_64-linux-gnu/ld-2.27.so
7fad0f263000-7fad0f329000 rw-p 00000000 00:00 0 
7fad0f329000-7fad0f330000 ---p 00000000 00:00 0 
7fad0f330000-7fad0f334000 ---p 00000000 00:00 0 
7fad0f334000-7fad0f435000 rw-p 00000000 00:00 0 
7fad0f437000-7fad0f438000 r--p 00000000 00:00 0 
7fad0f438000-7fad0f440000 rw-s 00000000 09:02 13910222                   /tmp/hsperfdata_jenkins/10534
7fad0f440000-7fad0f441000 ---p 00000000 00:00 0 
7fad0f441000-7fad0f442000 r--p 00000000 00:00 0 
7fad0f442000-7fad0f443000 r--p 00027000 09:02 20972429                   /lib/x86_64-linux-gnu/ld-2.27.so
7fad0f443000-7fad0f444000 rw-p 00028000 09:02 20972429                   /lib/x86_64-linux-gnu/ld-2.27.so
7fad0f444000-7fad0f445000 rw-p 00000000 00:00 0 
7ffd4dcc6000-7ffd4dcec000 rw-p 00000000 00:00 0                          [stack]
7ffd4ddf4000-7ffd4ddf7000 r--p 00000000 00:00 0                          [vvar]
7ffd4ddf7000-7ffd4ddf9000 r-xp 00000000 00:00 0                          [vdso]
ffffffffff600000-ffffffffff601000 r-xp 00000000 00:00 0                  [vsyscall]


VM Arguments:
jvm_args: -XX:+UseCompressedOops -XX:+UseConcMarkSweepGC -XX:+HeapDumpOnOutOfMemoryError -XX:HeapDumpPath=/home/jenkins/workspace/Lucene-Solr-master-Linux/heapdumps -ea -esa --illegal-access=deny -Dtests.prefix=tests -Dtests.seed=2BC220088C47E96D -Xmx512M -Dtests.iters= -Dtests.verbose=false -Dtests.infostream=false -Dtests.codec=random -Dtests.postingsformat=random -Dtests.docvaluesformat=random -Dtests.locale=random -Dtests.timezone=random -Dtests.directory=random -Dtests.linedocsfile=europarl.lines.txt.gz -Dtests.luceneMatchVersion=9.0.0 -Dtests.cleanthreads=perClass -Djava.util.logging.config.file=/home/jenkins/workspace/Lucene-Solr-master-Linux/lucene/tools/junit4/logging.properties -Dtests.nightly=false -Dtests.weekly=false -Dtests.monster=false -Dtests.slow=true -Dtests.asserts=true -Dtests.multiplier=3 -DtempDir=./temp -Djava.io.tmpdir=./temp -Dcommon.dir=/home/jenkins/workspace/Lucene-Solr-master-Linux/lucene -Dclover.db.dir=/home/jenkins/workspace/Lucene-Solr-master-Linux/lucene/build/clover/db -Djava.security.policy=/home/jenkins/workspace/Lucene-Solr-master-Linux/lucene/tools/junit4/solr-tests.policy -Dtests.LUCENE_VERSION=9.0.0 -Djetty.testMode=1 -Djetty.insecurerandom=1 -Dsolr.directoryFactory=org.apache.solr.core.MockDirectoryFactory -Djava.awt.headless=true -Djdk.map.althashing.threshold=0 -Dtests.src.home=/home/jenkins/workspace/Lucene-Solr-master-Linux -Djava.security.egd=file:/dev/./urandom -Djunit4.childvm.cwd=/home/jenkins/workspace/Lucene-Solr-master-Linux/solr/build/solr-core/test/J0 -Djunit4.tempDir=/home/jenkins/workspace/Lucene-Solr-master-Linux/solr/build/solr-core/test/temp -Djunit4.childvm.id=0 -Djunit4.childvm.count=3 -Dfile.encoding=US-ASCII -Djava.security.manager=org.apache.lucene.util.TestSecurityManager -Dtests.filterstacks=true -Dtests.leaveTemporary=false -Dtests.badapples=false 
java_command: com.carrotsearch.ant.tasks.junit4.slave.SlaveMainSafe -eventsfile /home/jenkins/workspace/Lucene-Solr-master-Linux/solr/build/solr-core/test/temp/junit4-J0-20190130_035643_32113811989965195065982.events @/home/jenkins/workspace/Lucene-Solr-master-Linux/solr/build/solr-core/test/temp/junit4-J0-20190130_035643_32111257393834879478981.suites -stdin
java_class_path (initial): /home/jenkins/workspace/Lucene-Solr-master-Linux/solr/build/solr-core/classes/test:/home/jenkins/workspace/Lucene-Solr-master-Linux/solr/build/solr-test-framework/classes/java:/home/jenkins/workspace/Lucene-Solr-master-Linux/solr/test-framework/lib/hamcrest-core-1.3.jar:/home/jenkins/workspace/Lucene-Solr-master-Linux/solr/test-framework/lib/junit4-ant-2.7.2.jar:/home/jenkins/workspace/Lucene-Solr-master-Linux/solr/core/src/test-files:/home/jenkins/workspace/Lucene-Solr-master-Linux/lucene/build/test-framework/classes/java:/home/jenkins/workspace/Lucene-Solr-master-Linux/lucene/build/codecs/classes/java:/home/jenkins/workspace/Lucene-Solr-master-Linux/solr/build/solr-solrj/classes/java:/home/jenkins/workspace/Lucene-Solr-master-Linux/solr/build/solr-core/classes/java:/home/jenkins/workspace/Lucene-Solr-master-Linux/lucene/build/analysis/common/lucene-analyzers-common-9.0.0-SNAPSHOT.jar:/home/jenkins/workspace/Lucene-Solr-master-Linux/lucene/build/analysis/kuromoji/lucene-analyzers-kuromoji-9.0.0-SNAPSHOT.jar:/home/jenkins/workspace/Lucene-Solr-master-Linux/lucene/build/analysis/nori/lucene-analyzers-nori-9.0.0-SNAPSHOT.jar:/home/jenkins/workspace/Lucene-Solr-master-Linux/lucene/build/analysis/phonetic/lucene-analyzers-phonetic-9.0.0-SNAPSHOT.jar:/home/jenkins/workspace/Lucene-Solr-master-Linux/lucene/build/codecs/lucene-codecs-9.0.0-SNAPSHOT.jar:/home/jenkins/workspace/Lucene-Solr-master-Linux/lucene/build/backward-codecs/lucene-backward-codecs-9.0.0-SNAPSHOT.jar:/home/jenkins/workspace/Lucene-Solr-master-Linux/lucene/build/highlighter/lucene-highlighter-9.0.0-SNAPSHOT.jar:/home/jenkins/workspace/Lucene-Solr-master-Linux/lucene/build/memory/lucene-memory-9.0.0-SNAPSHOT.jar:/home/jenkins/workspace/Lucene-Solr-master-Linux/lucene/build/misc/lucene-misc-9.0.0-SNAPSHOT.jar:/home/jenkins/workspace/Lucene-Solr-master-Linux/lucene/build/spatial-extras/lucene-spatial-extras-9.0.0-SNAPSHOT.jar:/home/jenkins/workspace/Lucene-Solr-master-Linux/luce
Launcher Type: SUN_STANDARD

Logging:
Log output configuration:
#0: stdout all=warning uptime,level,tags
#1: stderr all=off uptime,level,tags

Environment Variables:
JAVA_HOME=/home/jenkins/tools/java/64bit/jdk-10.0.1
PATH=/home/jenkins/tools/java/64bit/jdk-10.0.1/bin:/home/jenkins/tools/hudson.tasks.Ant_AntInstallation/ANT_1.8.2/bin:/usr/local/bin:/usr/bin:/bin:/usr/local/games:/usr/games
SHELL=/bin/bash

Signal Handlers:
SIGSEGV: [libjvm.so+0xd3d000], sa_mask[0]=11111111011111111101111111111110, sa_flags=SA_RESTART|SA_SIGINFO
SIGBUS: [libjvm.so+0xd3d000], sa_mask[0]=11111111011111111101111111111110, sa_flags=SA_RESTART|SA_SIGINFO
SIGFPE: [libjvm.so+0xd3d000], sa_mask[0]=11111111011111111101111111111110, sa_flags=SA_RESTART|SA_SIGINFO
SIGPIPE: [libjvm.so+0xb511c0], sa_mask[0]=11111111011111111101111111111110, sa_flags=SA_RESTART|SA_SIGINFO
SIGXFSZ: [libjvm.so+0xb511c0], sa_mask[0]=11111111011111111101111111111110, sa_flags=SA_RESTART|SA_SIGINFO
SIGILL: [libjvm.so+0xd3d000], sa_mask[0]=11111111011111111101111111111110, sa_flags=SA_RESTART|SA_SIGINFO
SIGUSR2: [libjvm.so+0xb51550], sa_mask[0]=00100000000000000000000000000000, sa_flags=SA_RESTART|SA_SIGINFO
SIGHUP: SIG_IGN, sa_mask[0]=00000000000000000000000000000000, sa_flags=none
SIGINT: [libjvm.so+0xb514e0], sa_mask[0]=11111111011111111101111111111110, sa_flags=SA_RESTART|SA_SIGINFO
SIGTERM: [libjvm.so+0xb514e0], sa_mask[0]=11111111011111111101111111111110, sa_flags=SA_RESTART|SA_SIGINFO
SIGQUIT: [libjvm.so+0xb514e0], sa_mask[0]=11111111011111111101111111111110, sa_flags=SA_RESTART|SA_SIGINFO


---------------  S Y S T E M  ---------------

OS:DISTRIB_ID=Ubuntu
DISTRIB_RELEASE=18.04
DISTRIB_CODENAME=bionic
DISTRIB_DESCRIPTION="Ubuntu 18.04.1 LTS"
uname:Linux 4.15.0-43-generic #46-Ubuntu SMP Thu Dec 6 14:45:28 UTC 2018 x86_64
libc:glibc 2.27 NPTL 2.27 
rlimit: STACK 8192k, CORE 0k, NPROC 256780, NOFILE 1048576, AS infinity, DATA infinity, FSIZE infinity
load average:4.24 3.20 3.81

/proc/meminfo:
MemTotal:       65795412 kB
MemFree:         3803268 kB
MemAvailable:   34354580 kB
Buffers:          663276 kB
Cached:         29359240 kB
SwapCached:            0 kB
Active:         32761712 kB
Inactive:       11060784 kB
Active(anon):   13540404 kB
Inactive(anon):   269576 kB
Active(file):   19221308 kB
Inactive(file): 10791208 kB
Unevictable:           0 kB
Mlocked:               0 kB
SwapTotal:      33521660 kB
SwapFree:       33521660 kB
Dirty:             31136 kB
Writeback:             0 kB
AnonPages:      13800032 kB
Mapped:         16637404 kB
Shmem:              9964 kB
Slab:            1469016 kB
SReclaimable:    1264828 kB
SUnreclaim:       204188 kB
KernelStack:       10040 kB
PageTables:        77464 kB
NFS_Unstable:          0 kB
Bounce:                0 kB
WritebackTmp:          0 kB
CommitLimit:    66419364 kB
Committed_AS:   30187188 kB
VmallocTotal:   34359738367 kB
VmallocUsed:           0 kB
VmallocChunk:          0 kB
HardwareCorrupted:     0 kB
AnonHugePages:         0 kB
ShmemHugePages:        0 kB
ShmemPmdMapped:        0 kB
CmaTotal:              0 kB
CmaFree:               0 kB
HugePages_Total:       0
HugePages_Free:        0
HugePages_Rsvd:        0
HugePages_Surp:        0
Hugepagesize:       2048 kB
DirectMap4k:      670720 kB
DirectMap2M:    50534400 kB
DirectMap1G:    15728640 kB

container (cgroup) information:
container_type: cgroupv1
cpu_cpuset_cpus: 0-7
cpu_memory_nodes: 0
active_processor_count: 8
cpu_quota: -1
cpu_period: 100000
cpu_shares: -1
memory_limit_in_bytes: -1
memory_and_swap_limit_in_bytes: -2
memory_soft_limit_in_bytes: -1
memory_usage_in_bytes: 44875644928
memory_max_usage_in_bytes: 0


CPU:total 8 (initial active 8) (4 cores per cpu, 2 threads per core) family 6 model 94 stepping 3, cmov, cx8, fxsr, mmx, sse, sse2, sse3, ssse3, sse4.1, sse4.2, popcnt, avx, avx2, aes, clmul, erms, rtm, 3dnowpref, lzcnt, ht, tsc, tscinvbit, bmi1, bmi2, adx, fma
CPU Model and flags from /proc/cpuinfo:
model name	: Intel(R) Xeon(R) CPU E3-1275 v5 @ 3.60GHz
flags		: fpu vme de pse tsc msr pae mce cx8 apic sep mtrr pge mca cmov pat pse36 clflush dts acpi mmx fxsr sse sse2 ss ht tm pbe syscall nx pdpe1gb rdtscp lm constant_tsc art arch_perfmon pebs bts rep_good nopl xtopology nonstop_tsc cpuid aperfmperf tsc_known_freq pni pclmulqdq dtes64 monitor ds_cpl vmx smx est tm2 ssse3 sdbg fma cx16 xtpr pdcm pcid sse4_1 sse4_2 x2apic movbe popcnt tsc_deadline_timer aes xsave avx f16c rdrand lahf_lm abm 3dnowprefetch cpuid_fault epb invpcid_single pti ssbd ibrs ibpb stibp tpr_shadow vnmi flexpriority ept vpid fsgsbase tsc_adjust bmi1 hle avx2 smep bmi2 erms invpcid rtm mpx rdseed adx smap clflushopt intel_pt xsaveopt xsavec xgetbv1 xsaves dtherm ida arat pln pts hwp hwp_notify hwp_act_window hwp_epp flush_l1d

Memory: 4k page, physical 65795412k(3803268k free), swap 33521660k(33521660k free)

vm_info: OpenJDK 64-Bit Server VM (10.0.1+10) for linux-amd64 JRE (10.0.1+10), built on Mar 26 2018 18:10:26 by "mach5one" with gcc 4.9.2

END.
