./branchToTag_lucene.sh
Creating tag history/branches/lucene-solr/SOLR-13105-visual in remote origin
Total 0 (delta 0), reused 0 (delta 0), pack-reused 0
To https://github.com/apache/lucene
 * [new tag]                 origin/SOLR-13105-visual -> history/branches/lucene-solr/SOLR-13105-visual
Deleting branch SOLR-13105-visual from remote origin
To https://github.com/apache/lucene
 - [deleted]                 SOLR-13105-visual
Creating tag history/branches/lucene-solr/SOLR-13635-solrlogstream in remote origin
Total 0 (delta 0), reused 0 (delta 0), pack-reused 0
To https://github.com/apache/lucene
 * [new tag]                 origin/SOLR-13635-solrlogstream -> history/branches/lucene-solr/SOLR-13635-solrlogstream
Deleting branch SOLR-13635-solrlogstream from remote origin
To https://github.com/apache/lucene
 - [deleted]                 SOLR-13635-solrlogstream
Creating tag history/branches/lucene-solr/SOLR-14866 in remote origin
Total 0 (delta 0), reused 0 (delta 0), pack-reused 0
To https://github.com/apache/lucene
 * [new tag]                 origin/SOLR-14866 -> history/branches/lucene-solr/SOLR-14866
Deleting branch SOLR-14866 from remote origin
To https://github.com/apache/lucene
 - [deleted]                 SOLR-14866
Creating tag history/branches/lucene-solr/SOLR-14882 in remote origin
Total 0 (delta 0), reused 0 (delta 0), pack-reused 0
To https://github.com/apache/lucene
 * [new tag]                 origin/SOLR-14882 -> history/branches/lucene-solr/SOLR-14882
Deleting branch SOLR-14882 from remote origin
To https://github.com/apache/lucene
 - [deleted]                 SOLR-14882
Creating tag history/branches/lucene-solr/jira/SOLR-13101 in remote origin
Total 0 (delta 0), reused 0 (delta 0), pack-reused 0
To https://github.com/apache/lucene
 * [new tag]                 origin/jira/SOLR-13101 -> history/branches/lucene-solr/jira/SOLR-13101
Deleting branch jira/SOLR-13101 from remote origin
To https://github.com/apache/lucene
 - [deleted]                 jira/SOLR-13101
Creating tag history/branches/lucene-solr/jira/SOLR-13488 in remote origin
Total 0 (delta 0), reused 0 (delta 0), pack-reused 0
To https://github.com/apache/lucene
 * [new tag]                 origin/jira/SOLR-13488 -> history/branches/lucene-solr/jira/SOLR-13488
Deleting branch jira/SOLR-13488 from remote origin
To https://github.com/apache/lucene
 - [deleted]                 jira/SOLR-13488
Creating tag history/branches/lucene-solr/jira/SOLR-13608 in remote origin
Total 0 (delta 0), reused 0 (delta 0), pack-reused 0
To https://github.com/apache/lucene
 * [new tag]                 origin/jira/SOLR-13608 -> history/branches/lucene-solr/jira/SOLR-13608
Deleting branch jira/SOLR-13608 from remote origin
To https://github.com/apache/lucene
 - [deleted]                 jira/SOLR-13608
Creating tag history/branches/lucene-solr/jira/SOLR-14713 in remote origin
Total 0 (delta 0), reused 0 (delta 0), pack-reused 0
To https://github.com/apache/lucene
 * [new tag]                 origin/jira/SOLR-14713 -> history/branches/lucene-solr/jira/SOLR-14713
Deleting branch jira/SOLR-14713 from remote origin
To https://github.com/apache/lucene
 - [deleted]                 jira/SOLR-14713
Creating tag history/branches/lucene-solr/jira/solr-12730 in remote origin
Total 0 (delta 0), reused 0 (delta 0), pack-reused 0
To https://github.com/apache/lucene
 * [new tag]                 origin/jira/solr-12730 -> history/branches/lucene-solr/jira/solr-12730
Deleting branch jira/solr-12730 from remote origin
To https://github.com/apache/lucene
 - [deleted]                 jira/solr-12730
Creating tag history/branches/lucene-solr/jira/solr-13004 in remote origin
Total 0 (delta 0), reused 0 (delta 0), pack-reused 0
To https://github.com/apache/lucene
 * [new tag]                 origin/jira/solr-13004 -> history/branches/lucene-solr/jira/solr-13004
Deleting branch jira/solr-13004 from remote origin
To https://github.com/apache/lucene
 - [deleted]                 jira/solr-13004
Creating tag history/branches/lucene-solr/jira/solr-13004-8x in remote origin
Total 0 (delta 0), reused 0 (delta 0), pack-reused 0
To https://github.com/apache/lucene
 * [new tag]                 origin/jira/solr-13004-8x -> history/branches/lucene-solr/jira/solr-13004-8x
Deleting branch jira/solr-13004-8x from remote origin
To https://github.com/apache/lucene
 - [deleted]                 jira/solr-13004-8x
Creating tag history/branches/lucene-solr/jira/solr-13350-new in remote origin
Total 0 (delta 0), reused 0 (delta 0), pack-reused 0
To https://github.com/apache/lucene
 * [new tag]                 origin/jira/solr-13350-new -> history/branches/lucene-solr/jira/solr-13350-new
Deleting branch jira/solr-13350-new from remote origin
To https://github.com/apache/lucene
 - [deleted]                 jira/solr-13350-new
Creating tag history/branches/lucene-solr/jira/solr-13579 in remote origin
Total 0 (delta 0), reused 0 (delta 0), pack-reused 0
To https://github.com/apache/lucene
 * [new tag]                 origin/jira/solr-13579 -> history/branches/lucene-solr/jira/solr-13579
Deleting branch jira/solr-13579 from remote origin
To https://github.com/apache/lucene
 - [deleted]                 jira/solr-13579
Creating tag history/branches/lucene-solr/jira/solr-13951-overseer-metrics in remote origin
Total 0 (delta 0), reused 0 (delta 0), pack-reused 0
To https://github.com/apache/lucene
 * [new tag]                 origin/jira/solr-13951-overseer-metrics -> history/branches/lucene-solr/jira/solr-13951-overseer-metrics
Deleting branch jira/solr-13951-overseer-metrics from remote origin
To https://github.com/apache/lucene
 - [deleted]                 jira/solr-13951-overseer-metrics
Creating tag history/branches/lucene-solr/jira/solr-14067 in remote origin
Total 0 (delta 0), reused 0 (delta 0), pack-reused 0
To https://github.com/apache/lucene
 * [new tag]                 origin/jira/solr-14067 -> history/branches/lucene-solr/jira/solr-14067
Deleting branch jira/solr-14067 from remote origin
To https://github.com/apache/lucene
 - [deleted]                 jira/solr-14067
Creating tag history/branches/lucene-solr/jira/solr-14275 in remote origin
Total 0 (delta 0), reused 0 (delta 0), pack-reused 0
To https://github.com/apache/lucene
 * [new tag]                 origin/jira/solr-14275 -> history/branches/lucene-solr/jira/solr-14275
Deleting branch jira/solr-14275 from remote origin
To https://github.com/apache/lucene
 - [deleted]                 jira/solr-14275
Creating tag history/branches/lucene-solr/jira/solr-14381-8x in remote origin
Total 0 (delta 0), reused 0 (delta 0), pack-reused 0
To https://github.com/apache/lucene
 * [new tag]                 origin/jira/solr-14381-8x -> history/branches/lucene-solr/jira/solr-14381-8x
Deleting branch jira/solr-14381-8x from remote origin
To https://github.com/apache/lucene
 - [deleted]                 jira/solr-14381-8x
Creating tag history/branches/lucene-solr/jira/solr-14381-master in remote origin
Total 0 (delta 0), reused 0 (delta 0), pack-reused 0
To https://github.com/apache/lucene
 * [new tag]                 origin/jira/solr-14381-master -> history/branches/lucene-solr/jira/solr-14381-master
Deleting branch jira/solr-14381-master from remote origin
To https://github.com/apache/lucene
 - [deleted]                 jira/solr-14381-master
Creating tag history/branches/lucene-solr/jira/solr-14613 in remote origin
Total 0 (delta 0), reused 0 (delta 0), pack-reused 0
To https://github.com/apache/lucene
 * [new tag]                 origin/jira/solr-14613 -> history/branches/lucene-solr/jira/solr-14613
Deleting branch jira/solr-14613 from remote origin
To https://github.com/apache/lucene
 - [deleted]                 jira/solr-14613
Creating tag history/branches/lucene-solr/jira/solr-14749 in remote origin
Total 0 (delta 0), reused 0 (delta 0), pack-reused 0
To https://github.com/apache/lucene
 * [new tag]                 origin/jira/solr-14749 -> history/branches/lucene-solr/jira/solr-14749
Deleting branch jira/solr-14749 from remote origin
To https://github.com/apache/lucene
 - [deleted]                 jira/solr-14749
Creating tag history/branches/lucene-solr/jira/solr-14749-api in remote origin
Total 0 (delta 0), reused 0 (delta 0), pack-reused 0
To https://github.com/apache/lucene
 * [new tag]                 origin/jira/solr-14749-api -> history/branches/lucene-solr/jira/solr-14749-api
Deleting branch jira/solr-14749-api from remote origin
To https://github.com/apache/lucene
 - [deleted]                 jira/solr-14749-api
Creating tag history/branches/lucene-solr/jira/solr-14749-cluster-singleton in remote origin
Total 0 (delta 0), reused 0 (delta 0), pack-reused 0
To https://github.com/apache/lucene
 * [new tag]                 origin/jira/solr-14749-cluster-singleton -> history/branches/lucene-solr/jira/solr-14749-cluster-singleton
Deleting branch jira/solr-14749-cluster-singleton from remote origin
To https://github.com/apache/lucene
 - [deleted]                 jira/solr-14749-cluster-singleton
Creating tag history/branches/lucene-solr/jira/solr-14749-scheduler in remote origin
Total 0 (delta 0), reused 0 (delta 0), pack-reused 0
To https://github.com/apache/lucene
 * [new tag]                 origin/jira/solr-14749-scheduler -> history/branches/lucene-solr/jira/solr-14749-scheduler
Deleting branch jira/solr-14749-scheduler from remote origin
To https://github.com/apache/lucene
 - [deleted]                 jira/solr-14749-scheduler
Creating tag history/branches/lucene-solr/jira/solr-14792 in remote origin
Total 0 (delta 0), reused 0 (delta 0), pack-reused 0
To https://github.com/apache/lucene
 * [new tag]                 origin/jira/solr-14792 -> history/branches/lucene-solr/jira/solr-14792
Deleting branch jira/solr-14792 from remote origin
To https://github.com/apache/lucene
 - [deleted]                 jira/solr-14792
Creating tag history/branches/lucene-solr/jira/solr-14827-8x in remote origin
Total 0 (delta 0), reused 0 (delta 0), pack-reused 0
To https://github.com/apache/lucene
 * [new tag]                 origin/jira/solr-14827-8x -> history/branches/lucene-solr/jira/solr-14827-8x
Deleting branch jira/solr-14827-8x from remote origin
To https://github.com/apache/lucene
 - [deleted]                 jira/solr-14827-8x
Creating tag history/branches/lucene-solr/jira/solr-14830 in remote origin
Total 0 (delta 0), reused 0 (delta 0), pack-reused 0
To https://github.com/apache/lucene
 * [new tag]                 origin/jira/solr-14830 -> history/branches/lucene-solr/jira/solr-14830
Deleting branch jira/solr-14830 from remote origin
To https://github.com/apache/lucene
 - [deleted]                 jira/solr-14830
Creating tag history/branches/lucene-solr/jira/solr-14830-legacy-removal in remote origin
Total 0 (delta 0), reused 0 (delta 0), pack-reused 0
To https://github.com/apache/lucene
 * [new tag]                 origin/jira/solr-14830-legacy-removal -> history/branches/lucene-solr/jira/solr-14830-legacy-removal
Deleting branch jira/solr-14830-legacy-removal from remote origin
To https://github.com/apache/lucene
 - [deleted]                 jira/solr-14830-legacy-removal
Creating tag history/branches/lucene-solr/jira/solr-14900-8x in remote origin
Total 0 (delta 0), reused 0 (delta 0), pack-reused 0
To https://github.com/apache/lucene
 * [new tag]                 origin/jira/solr-14900-8x -> history/branches/lucene-solr/jira/solr-14900-8x
Deleting branch jira/solr-14900-8x from remote origin
To https://github.com/apache/lucene
 - [deleted]                 jira/solr-14900-8x
Creating tag history/branches/lucene-solr/jira/solr-14985 in remote origin
Total 0 (delta 0), reused 0 (delta 0), pack-reused 0
To https://github.com/apache/lucene
 * [new tag]                 origin/jira/solr-14985 -> history/branches/lucene-solr/jira/solr-14985
Deleting branch jira/solr-14985 from remote origin
To https://github.com/apache/lucene
 - [deleted]                 jira/solr-14985
Creating tag history/branches/lucene-solr/jira/solr-15016 in remote origin
Total 0 (delta 0), reused 0 (delta 0), pack-reused 0
To https://github.com/apache/lucene
 * [new tag]                 origin/jira/solr-15016 -> history/branches/lucene-solr/jira/solr-15016
Deleting branch jira/solr-15016 from remote origin
To https://github.com/apache/lucene
 - [deleted]                 jira/solr-15016
Creating tag history/branches/lucene-solr/jira/solr-9840 in remote origin
Total 0 (delta 0), reused 0 (delta 0), pack-reused 0
To https://github.com/apache/lucene
 * [new tag]                 origin/jira/solr-9840 -> history/branches/lucene-solr/jira/solr-9840
Deleting branch jira/solr-9840 from remote origin
To https://github.com/apache/lucene
 - [deleted]                 jira/solr-9840
Creating tag history/branches/lucene-solr/jira/solr13951 in remote origin
Total 0 (delta 0), reused 0 (delta 0), pack-reused 0
To https://github.com/apache/lucene
 * [new tag]                 origin/jira/solr13951 -> history/branches/lucene-solr/jira/solr13951
Deleting branch jira/solr13951 from remote origin
To https://github.com/apache/lucene
 - [deleted]                 jira/solr13951
Creating tag history/branches/lucene-solr/jira/solr14003 in remote origin
Total 0 (delta 0), reused 0 (delta 0), pack-reused 0
To https://github.com/apache/lucene
 * [new tag]                 origin/jira/solr14003 -> history/branches/lucene-solr/jira/solr14003
Deleting branch jira/solr14003 from remote origin
To https://github.com/apache/lucene
 - [deleted]                 jira/solr14003
Creating tag history/branches/lucene-solr/jira/solr14089_backup in remote origin
Total 0 (delta 0), reused 0 (delta 0), pack-reused 0
To https://github.com/apache/lucene
 * [new tag]                 origin/jira/solr14089_backup -> history/branches/lucene-solr/jira/solr14089_backup
Deleting branch jira/solr14089_backup from remote origin
To https://github.com/apache/lucene
 - [deleted]                 jira/solr14089_backup
Creating tag history/branches/lucene-solr/jira/solr14101 in remote origin
Total 0 (delta 0), reused 0 (delta 0), pack-reused 0
To https://github.com/apache/lucene
 * [new tag]                 origin/jira/solr14101 -> history/branches/lucene-solr/jira/solr14101
Deleting branch jira/solr14101 from remote origin
To https://github.com/apache/lucene
 - [deleted]                 jira/solr14101
Creating tag history/branches/lucene-solr/jira/solr14275 in remote origin
Total 0 (delta 0), reused 0 (delta 0), pack-reused 0
To https://github.com/apache/lucene
 * [new tag]                 origin/jira/solr14275 -> history/branches/lucene-solr/jira/solr14275
Deleting branch jira/solr14275 from remote origin
To https://github.com/apache/lucene
 - [deleted]                 jira/solr14275
Creating tag history/branches/lucene-solr/jira/solr14593 in remote origin
Total 0 (delta 0), reused 0 (delta 0), pack-reused 0
To https://github.com/apache/lucene
 * [new tag]                 origin/jira/solr14593 -> history/branches/lucene-solr/jira/solr14593
Deleting branch jira/solr14593 from remote origin
To https://github.com/apache/lucene
 - [deleted]                 jira/solr14593
Creating tag history/branches/lucene-solr/jira/solr14712 in remote origin
Total 0 (delta 0), reused 0 (delta 0), pack-reused 0
To https://github.com/apache/lucene
 * [new tag]                 origin/jira/solr14712 -> history/branches/lucene-solr/jira/solr14712
Deleting branch jira/solr14712 from remote origin
To https://github.com/apache/lucene
 - [deleted]                 jira/solr14712
Creating tag history/branches/lucene-solr/jira/solr14712_1 in remote origin
Total 0 (delta 0), reused 0 (delta 0), pack-reused 0
To https://github.com/apache/lucene
 * [new tag]                 origin/jira/solr14712_1 -> history/branches/lucene-solr/jira/solr14712_1
Deleting branch jira/solr14712_1 from remote origin
To https://github.com/apache/lucene
 - [deleted]                 jira/solr14712_1
Creating tag history/branches/lucene-solr/jira/solr14712_impl in remote origin
Total 0 (delta 0), reused 0 (delta 0), pack-reused 0
To https://github.com/apache/lucene
 * [new tag]                 origin/jira/solr14712_impl -> history/branches/lucene-solr/jira/solr14712_impl
Deleting branch jira/solr14712_impl from remote origin
To https://github.com/apache/lucene
 - [deleted]                 jira/solr14712_impl
Creating tag history/branches/lucene-solr/jira/solr14977 in remote origin
Total 0 (delta 0), reused 0 (delta 0), pack-reused 0
To https://github.com/apache/lucene
 * [new tag]                 origin/jira/solr14977 -> history/branches/lucene-solr/jira/solr14977
Deleting branch jira/solr14977 from remote origin
To https://github.com/apache/lucene
 - [deleted]                 jira/solr14977
Creating tag history/branches/lucene-solr/solr/main in remote origin
Total 0 (delta 0), reused 0 (delta 0), pack-reused 0
To https://github.com/apache/lucene
 * [new tag]                 origin/solr/main -> history/branches/lucene-solr/solr/main
Deleting branch solr/main from remote origin
To https://github.com/apache/lucene
 - [deleted]                 solr/main
Creating tag history/branches/lucene-solr/reference_impl in remote origin
Total 0 (delta 0), reused 0 (delta 0), pack-reused 0
To https://github.com/apache/lucene
 * [new tag]                 origin/reference_impl -> history/branches/lucene-solr/reference_impl
Deleting branch reference_impl from remote origin
To https://github.com/apache/lucene
 - [deleted]                 reference_impl
Creating tag history/branches/lucene-solr/reference_impl_dev in remote origin
Total 0 (delta 0), reused 0 (delta 0), pack-reused 0
To https://github.com/apache/lucene
 * [new tag]                 origin/reference_impl_dev -> history/branches/lucene-solr/reference_impl_dev
Deleting branch reference_impl_dev from remote origin
To https://github.com/apache/lucene
 - [deleted]                 reference_impl_dev
Creating tag history/branches/lucene-solr/jira/solr14827 in remote origin
Total 0 (delta 0), reused 0 (delta 0), pack-reused 0
To https://github.com/apache/lucene
 * [new tag]                 origin/jira/solr14827 -> history/branches/lucene-solr/jira/solr14827
Deleting branch jira/solr14827 from remote origin
To https://github.com/apache/lucene
 - [deleted]                 jira/solr14827
Creating tag history/branches/lucene-solr/jira/solr-15051-blob in remote origin
Total 0 (delta 0), reused 0 (delta 0), pack-reused 0
To https://github.com/apache/lucene
 * [new tag]                 origin/jira/solr-15051-blob -> history/branches/lucene-solr/jira/solr-15051-blob
Deleting branch jira/solr-15051-blob from remote origin
To https://github.com/apache/lucene
 - [deleted]                 jira/solr-15051-blob
Creating tag history/branches/lucene-solr/jira/solr-13350 in remote origin
Total 0 (delta 0), reused 0 (delta 0), pack-reused 0
To https://github.com/apache/lucene
 * [new tag]                 origin/jira/solr-13350 -> history/branches/lucene-solr/jira/solr-13350
Deleting branch jira/solr-13350 from remote origin
To https://github.com/apache/lucene
 - [deleted]                 jira/solr-13350
Creating tag history/branches/lucene-solr/jira/solr-13350-8x in remote origin
Total 0 (delta 0), reused 0 (delta 0), pack-reused 0
To https://github.com/apache/lucene
 * [new tag]                 origin/jira/solr-13350-8x -> history/branches/lucene-solr/jira/solr-13350-8x
Deleting branch jira/solr-13350-8x from remote origin
To https://github.com/apache/lucene
 - [deleted]                 jira/solr-13350-8x
Creating tag history/branches/lucene-solr/jira/solr-15019 in remote origin
Total 0 (delta 0), reused 0 (delta 0), pack-reused 0
To https://github.com/apache/lucene
 * [new tag]                 origin/jira/solr-15019 -> history/branches/lucene-solr/jira/solr-15019
Deleting branch jira/solr-15019 from remote origin
To https://github.com/apache/lucene
 - [deleted]                 jira/solr-15019
Creating tag history/branches/lucene-solr/jira/solr14155 in remote origin
Total 0 (delta 0), reused 0 (delta 0), pack-reused 0
To https://github.com/apache/lucene
 * [new tag]                 origin/jira/solr14155 -> history/branches/lucene-solr/jira/solr14155
Deleting branch jira/solr14155 from remote origin
To https://github.com/apache/lucene
 - [deleted]                 jira/solr14155
Creating tag history/branches/lucene-solr/jira/solr14155-1 in remote origin
Total 0 (delta 0), reused 0 (delta 0), pack-reused 0
To https://github.com/apache/lucene
 * [new tag]                 origin/jira/solr14155-1 -> history/branches/lucene-solr/jira/solr14155-1
Deleting branch jira/solr14155-1 from remote origin
To https://github.com/apache/lucene
 - [deleted]                 jira/solr14155-1
Creating tag history/branches/lucene-solr/jira/solr_13951 in remote origin
Total 0 (delta 0), reused 0 (delta 0), pack-reused 0
To https://github.com/apache/lucene
 * [new tag]                 origin/jira/solr_13951 -> history/branches/lucene-solr/jira/solr_13951
Deleting branch jira/solr_13951 from remote origin
To https://github.com/apache/lucene
 - [deleted]                 jira/solr_13951
Creating tag history/branches/lucene-solr/jira/solr-15052 in remote origin
Total 0 (delta 0), reused 0 (delta 0), pack-reused 0
To https://github.com/apache/lucene
 * [new tag]                 origin/jira/solr-15052 -> history/branches/lucene-solr/jira/solr-15052
Deleting branch jira/solr-15052 from remote origin
To https://github.com/apache/lucene
 - [deleted]                 jira/solr-15052
Creating tag history/branches/lucene-solr/jira/solr-15052-8x in remote origin
Total 0 (delta 0), reused 0 (delta 0), pack-reused 0
To https://github.com/apache/lucene
 * [new tag]                 origin/jira/solr-15052-8x -> history/branches/lucene-solr/jira/solr-15052-8x
Deleting branch jira/solr-15052-8x from remote origin
To https://github.com/apache/lucene
 - [deleted]                 jira/solr-15052-8x
Creating tag history/branches/lucene-solr/jira/SOLR-14608-export in remote origin
Total 0 (delta 0), reused 0 (delta 0), pack-reused 0
To https://github.com/apache/lucene
 * [new tag]                 origin/jira/SOLR-14608-export -> history/branches/lucene-solr/jira/SOLR-14608-export
Deleting branch jira/SOLR-14608-export from remote origin
To https://github.com/apache/lucene
 - [deleted]                 jira/SOLR-14608-export
Creating tag history/branches/lucene-solr/jira/SOLR-14608-export-merge in remote origin
Total 0 (delta 0), reused 0 (delta 0), pack-reused 0
To https://github.com/apache/lucene
 * [new tag]                 origin/jira/SOLR-14608-export-merge -> history/branches/lucene-solr/jira/SOLR-14608-export-merge
Deleting branch jira/SOLR-14608-export-merge from remote origin
To https://github.com/apache/lucene
 - [deleted]                 jira/SOLR-14608-export-merge
Creating tag history/branches/lucene-solr/jira/solr-13105-merge2 in remote origin
Total 0 (delta 0), reused 0 (delta 0), pack-reused 0
To https://github.com/apache/lucene
 * [new tag]                 origin/jira/solr-13105-merge2 -> history/branches/lucene-solr/jira/solr-13105-merge2
Deleting branch jira/solr-13105-merge2 from remote origin
To https://github.com/apache/lucene
 - [deleted]                 jira/solr-13105-merge2
Creating tag history/branches/lucene-solr/jira/solr-13105-toMerge in remote origin
Total 0 (delta 0), reused 0 (delta 0), pack-reused 0
To https://github.com/apache/lucene
 * [new tag]                 origin/jira/solr-13105-toMerge -> history/branches/lucene-solr/jira/solr-13105-toMerge
Deleting branch jira/solr-13105-toMerge from remote origin
To https://github.com/apache/lucene
 - [deleted]                 jira/solr-13105-toMerge
Creating tag history/branches/lucene-solr/jira/solr-15055 in remote origin
Total 0 (delta 0), reused 0 (delta 0), pack-reused 0
To https://github.com/apache/lucene
 * [new tag]                 origin/jira/solr-15055 -> history/branches/lucene-solr/jira/solr-15055
Deleting branch jira/solr-15055 from remote origin
To https://github.com/apache/lucene
 - [deleted]                 jira/solr-15055
Creating tag history/branches/lucene-solr/jira/solr-15055-2 in remote origin
Total 0 (delta 0), reused 0 (delta 0), pack-reused 0
To https://github.com/apache/lucene
 * [new tag]                 origin/jira/solr-15055-2 -> history/branches/lucene-solr/jira/solr-15055-2
Deleting branch jira/solr-15055-2 from remote origin
To https://github.com/apache/lucene
 - [deleted]                 jira/solr-15055-2
Creating tag history/branches/lucene-solr/jira/solr15094 in remote origin
Total 0 (delta 0), reused 0 (delta 0), pack-reused 0
To https://github.com/apache/lucene
 * [new tag]                 origin/jira/solr15094 -> history/branches/lucene-solr/jira/solr15094
Deleting branch jira/solr15094 from remote origin
To https://github.com/apache/lucene
 - [deleted]                 jira/solr15094
Creating tag history/branches/lucene-solr/jira/solr-15131 in remote origin
Total 0 (delta 0), reused 0 (delta 0), pack-reused 0
To https://github.com/apache/lucene
 * [new tag]                 origin/jira/solr-15131 -> history/branches/lucene-solr/jira/solr-15131
Deleting branch jira/solr-15131 from remote origin
To https://github.com/apache/lucene
 - [deleted]                 jira/solr-15131
Creating tag history/branches/lucene-solr/jira/solr15138 in remote origin
Total 0 (delta 0), reused 0 (delta 0), pack-reused 0
To https://github.com/apache/lucene
 * [new tag]                 origin/jira/solr15138 -> history/branches/lucene-solr/jira/solr15138
Deleting branch jira/solr15138 from remote origin
To https://github.com/apache/lucene
 - [deleted]                 jira/solr15138
Creating tag history/branches/lucene-solr/jira/solr15138_2 in remote origin
Total 0 (delta 0), reused 0 (delta 0), pack-reused 0
To https://github.com/apache/lucene
 * [new tag]                 origin/jira/solr15138_2 -> history/branches/lucene-solr/jira/solr15138_2
Deleting branch jira/solr15138_2 from remote origin
To https://github.com/apache/lucene
 - [deleted]                 jira/solr15138_2
Creating tag history/branches/lucene-solr/jira/solr15138_3 in remote origin
Total 0 (delta 0), reused 0 (delta 0), pack-reused 0
To https://github.com/apache/lucene
 * [new tag]                 origin/jira/solr15138_3 -> history/branches/lucene-solr/jira/solr15138_3
Deleting branch jira/solr15138_3 from remote origin
To https://github.com/apache/lucene
 - [deleted]                 jira/solr15138_3
Creating tag history/branches/lucene-solr/jira/solr-15130 in remote origin
Total 0 (delta 0), reused 0 (delta 0), pack-reused 0
To https://github.com/apache/lucene
 * [new tag]                 origin/jira/solr-15130 -> history/branches/lucene-solr/jira/solr-15130
Deleting branch jira/solr-15130 from remote origin
To https://github.com/apache/lucene
 - [deleted]                 jira/solr-15130
Creating tag history/branches/lucene-solr/jira/solr-15130-2 in remote origin
Total 0 (delta 0), reused 0 (delta 0), pack-reused 0
To https://github.com/apache/lucene
 * [new tag]                 origin/jira/solr-15130-2 -> history/branches/lucene-solr/jira/solr-15130-2
Deleting branch jira/solr-15130-2 from remote origin
To https://github.com/apache/lucene
 - [deleted]                 jira/solr-15130-2
Creating tag history/branches/lucene-solr/jira/solr-15212 in remote origin
Total 0 (delta 0), reused 0 (delta 0), pack-reused 0
To https://github.com/apache/lucene
 * [new tag]                 origin/jira/solr-15212 -> history/branches/lucene-solr/jira/solr-15212
Deleting branch jira/solr-15212 from remote origin
To https://github.com/apache/lucene
 - [deleted]                 jira/solr-15212
Creating tag history/branches/lucene-solr/jira/solr-15210 in remote origin
Total 0 (delta 0), reused 0 (delta 0), pack-reused 0
To https://github.com/apache/lucene
 * [new tag]                 origin/jira/solr-15210 -> history/branches/lucene-solr/jira/solr-15210
Deleting branch jira/solr-15210 from remote origin
To https://github.com/apache/lucene
 - [deleted]                 jira/solr-15210
Creating tag history/branches/lucene-solr/visual-guide in remote origin
Total 0 (delta 0), reused 0 (delta 0), pack-reused 0
To https://github.com/apache/lucene
 * [new tag]                 origin/visual-guide -> history/branches/lucene-solr/visual-guide
Deleting branch visual-guide from remote origin
To https://github.com/apache/lucene
 - [deleted]                 visual-guide
Creating tag history/branches/lucene-solr/branch_3x in remote origin
Total 0 (delta 0), reused 0 (delta 0), pack-reused 0
To https://github.com/apache/lucene
 * [new tag]                 origin/branch_3x -> history/branches/lucene-solr/branch_3x
Deleting branch branch_3x from remote origin
To https://github.com/apache/lucene
 - [deleted]                 branch_3x
Creating tag history/branches/lucene-solr/branch_4x in remote origin
Total 0 (delta 0), reused 0 (delta 0), pack-reused 0
To https://github.com/apache/lucene
 * [new tag]                 origin/branch_4x -> history/branches/lucene-solr/branch_4x
Deleting branch branch_4x from remote origin
To https://github.com/apache/lucene
 - [deleted]                 branch_4x
Creating tag history/branches/lucene-solr/branch_5_4 in remote origin
Total 0 (delta 0), reused 0 (delta 0), pack-reused 0
To https://github.com/apache/lucene
 * [new tag]                 origin/branch_5_4 -> history/branches/lucene-solr/branch_5_4
Deleting branch branch_5_4 from remote origin
To https://github.com/apache/lucene
 - [deleted]                 branch_5_4
Creating tag history/branches/lucene-solr/branch_5_5 in remote origin
Total 0 (delta 0), reused 0 (delta 0), pack-reused 0
To https://github.com/apache/lucene
 * [new tag]                 origin/branch_5_5 -> history/branches/lucene-solr/branch_5_5
Deleting branch branch_5_5 from remote origin
To https://github.com/apache/lucene
 - [deleted]                 branch_5_5
Creating tag history/branches/lucene-solr/branch_5x in remote origin
Total 0 (delta 0), reused 0 (delta 0), pack-reused 0
To https://github.com/apache/lucene
 * [new tag]                 origin/branch_5x -> history/branches/lucene-solr/branch_5x
Deleting branch branch_5x from remote origin
To https://github.com/apache/lucene
 - [deleted]                 branch_5x
Creating tag history/branches/lucene-solr/branch_6_0 in remote origin
Total 0 (delta 0), reused 0 (delta 0), pack-reused 0
To https://github.com/apache/lucene
 * [new tag]                 origin/branch_6_0 -> history/branches/lucene-solr/branch_6_0
Deleting branch branch_6_0 from remote origin
To https://github.com/apache/lucene
 - [deleted]                 branch_6_0
Creating tag history/branches/lucene-solr/branch_6_1 in remote origin
Total 0 (delta 0), reused 0 (delta 0), pack-reused 0
To https://github.com/apache/lucene
 * [new tag]                 origin/branch_6_1 -> history/branches/lucene-solr/branch_6_1
Deleting branch branch_6_1 from remote origin
To https://github.com/apache/lucene
 - [deleted]                 branch_6_1
Creating tag history/branches/lucene-solr/branch_6_2 in remote origin
Total 0 (delta 0), reused 0 (delta 0), pack-reused 0
To https://github.com/apache/lucene
 * [new tag]                 origin/branch_6_2 -> history/branches/lucene-solr/branch_6_2
Deleting branch branch_6_2 from remote origin
To https://github.com/apache/lucene
 - [deleted]                 branch_6_2
Creating tag history/branches/lucene-solr/branch_6_3 in remote origin
Total 0 (delta 0), reused 0 (delta 0), pack-reused 0
To https://github.com/apache/lucene
 * [new tag]                 origin/branch_6_3 -> history/branches/lucene-solr/branch_6_3
Deleting branch branch_6_3 from remote origin
To https://github.com/apache/lucene
 - [deleted]                 branch_6_3
Creating tag history/branches/lucene-solr/branch_6_4 in remote origin
Total 0 (delta 0), reused 0 (delta 0), pack-reused 0
To https://github.com/apache/lucene
 * [new tag]                 origin/branch_6_4 -> history/branches/lucene-solr/branch_6_4
Deleting branch branch_6_4 from remote origin
To https://github.com/apache/lucene
 - [deleted]                 branch_6_4
Creating tag history/branches/lucene-solr/branch_6_5 in remote origin
Total 0 (delta 0), reused 0 (delta 0), pack-reused 0
To https://github.com/apache/lucene
 * [new tag]                 origin/branch_6_5 -> history/branches/lucene-solr/branch_6_5
Deleting branch branch_6_5 from remote origin
To https://github.com/apache/lucene
 - [deleted]                 branch_6_5
Creating tag history/branches/lucene-solr/branch_6_6 in remote origin
Total 0 (delta 0), reused 0 (delta 0), pack-reused 0
To https://github.com/apache/lucene
 * [new tag]                 origin/branch_6_6 -> history/branches/lucene-solr/branch_6_6
Deleting branch branch_6_6 from remote origin
To https://github.com/apache/lucene
 - [deleted]                 branch_6_6
Creating tag history/branches/lucene-solr/branch_6x in remote origin
Total 0 (delta 0), reused 0 (delta 0), pack-reused 0
To https://github.com/apache/lucene
 * [new tag]                 origin/branch_6x -> history/branches/lucene-solr/branch_6x
Deleting branch branch_6x from remote origin
To https://github.com/apache/lucene
 - [deleted]                 branch_6x
Creating tag history/branches/lucene-solr/branch_7 in remote origin
Total 0 (delta 0), reused 0 (delta 0), pack-reused 0
To https://github.com/apache/lucene
 * [new tag]                 origin/branch_7 -> history/branches/lucene-solr/branch_7
Deleting branch branch_7 from remote origin
To https://github.com/apache/lucene
 - [deleted]                 branch_7
Creating tag history/branches/lucene-solr/branch_7_0 in remote origin
Total 0 (delta 0), reused 0 (delta 0), pack-reused 0
To https://github.com/apache/lucene
 * [new tag]                 origin/branch_7_0 -> history/branches/lucene-solr/branch_7_0
Deleting branch branch_7_0 from remote origin
To https://github.com/apache/lucene
 - [deleted]                 branch_7_0
Creating tag history/branches/lucene-solr/branch_7_1 in remote origin
Total 0 (delta 0), reused 0 (delta 0), pack-reused 0
To https://github.com/apache/lucene
 * [new tag]                 origin/branch_7_1 -> history/branches/lucene-solr/branch_7_1
Deleting branch branch_7_1 from remote origin
To https://github.com/apache/lucene
 - [deleted]                 branch_7_1
Creating tag history/branches/lucene-solr/branch_7_2 in remote origin
Total 0 (delta 0), reused 0 (delta 0), pack-reused 0
To https://github.com/apache/lucene
 * [new tag]                 origin/branch_7_2 -> history/branches/lucene-solr/branch_7_2
Deleting branch branch_7_2 from remote origin
To https://github.com/apache/lucene
 - [deleted]                 branch_7_2
Creating tag history/branches/lucene-solr/branch_7_3 in remote origin
Total 0 (delta 0), reused 0 (delta 0), pack-reused 0
To https://github.com/apache/lucene
 * [new tag]                 origin/branch_7_3 -> history/branches/lucene-solr/branch_7_3
Deleting branch branch_7_3 from remote origin
To https://github.com/apache/lucene
 - [deleted]                 branch_7_3
Creating tag history/branches/lucene-solr/branch_7_4 in remote origin
Total 0 (delta 0), reused 0 (delta 0), pack-reused 0
To https://github.com/apache/lucene
 * [new tag]                 origin/branch_7_4 -> history/branches/lucene-solr/branch_7_4
Deleting branch branch_7_4 from remote origin
To https://github.com/apache/lucene
 - [deleted]                 branch_7_4
Creating tag history/branches/lucene-solr/branch_7_5 in remote origin
Total 0 (delta 0), reused 0 (delta 0), pack-reused 0
To https://github.com/apache/lucene
 * [new tag]                 origin/branch_7_5 -> history/branches/lucene-solr/branch_7_5
Deleting branch branch_7_5 from remote origin
To https://github.com/apache/lucene
 - [deleted]                 branch_7_5
Creating tag history/branches/lucene-solr/branch_7_6 in remote origin
Total 0 (delta 0), reused 0 (delta 0), pack-reused 0
To https://github.com/apache/lucene
 * [new tag]                 origin/branch_7_6 -> history/branches/lucene-solr/branch_7_6
Deleting branch branch_7_6 from remote origin
To https://github.com/apache/lucene
 - [deleted]                 branch_7_6
Creating tag history/branches/lucene-solr/branch_7_7 in remote origin
Total 0 (delta 0), reused 0 (delta 0), pack-reused 0
To https://github.com/apache/lucene
 * [new tag]                 origin/branch_7_7 -> history/branches/lucene-solr/branch_7_7
Deleting branch branch_7_7 from remote origin
To https://github.com/apache/lucene
 - [deleted]                 branch_7_7
Creating tag history/branches/lucene-solr/branch_7x in remote origin
Total 0 (delta 0), reused 0 (delta 0), pack-reused 0
To https://github.com/apache/lucene
 * [new tag]                 origin/branch_7x -> history/branches/lucene-solr/branch_7x
Deleting branch branch_7x from remote origin
To https://github.com/apache/lucene
 - [deleted]                 branch_7x
Creating tag history/branches/lucene-solr/branch_8_0 in remote origin
Total 0 (delta 0), reused 0 (delta 0), pack-reused 0
To https://github.com/apache/lucene
 * [new tag]                 origin/branch_8_0 -> history/branches/lucene-solr/branch_8_0
Deleting branch branch_8_0 from remote origin
To https://github.com/apache/lucene
 - [deleted]                 branch_8_0
Creating tag history/branches/lucene-solr/branch_8_1 in remote origin
Total 0 (delta 0), reused 0 (delta 0), pack-reused 0
To https://github.com/apache/lucene
 * [new tag]                 origin/branch_8_1 -> history/branches/lucene-solr/branch_8_1
Deleting branch branch_8_1 from remote origin
To https://github.com/apache/lucene
 - [deleted]                 branch_8_1
Creating tag history/branches/lucene-solr/branch_8_2 in remote origin
Total 0 (delta 0), reused 0 (delta 0), pack-reused 0
To https://github.com/apache/lucene
 * [new tag]                 origin/branch_8_2 -> history/branches/lucene-solr/branch_8_2
Deleting branch branch_8_2 from remote origin
To https://github.com/apache/lucene
 - [deleted]                 branch_8_2
Creating tag history/branches/lucene-solr/branch_8_3 in remote origin
Total 0 (delta 0), reused 0 (delta 0), pack-reused 0
To https://github.com/apache/lucene
 * [new tag]                 origin/branch_8_3 -> history/branches/lucene-solr/branch_8_3
Deleting branch branch_8_3 from remote origin
To https://github.com/apache/lucene
 - [deleted]                 branch_8_3
Creating tag history/branches/lucene-solr/branch_8_4 in remote origin
Total 0 (delta 0), reused 0 (delta 0), pack-reused 0
To https://github.com/apache/lucene
 * [new tag]                 origin/branch_8_4 -> history/branches/lucene-solr/branch_8_4
Deleting branch branch_8_4 from remote origin
To https://github.com/apache/lucene
 - [deleted]                 branch_8_4
Creating tag history/branches/lucene-solr/branch_8_5 in remote origin
Total 0 (delta 0), reused 0 (delta 0), pack-reused 0
To https://github.com/apache/lucene
 * [new tag]                 origin/branch_8_5 -> history/branches/lucene-solr/branch_8_5
Deleting branch branch_8_5 from remote origin
To https://github.com/apache/lucene
 - [deleted]                 branch_8_5
Creating tag history/branches/lucene-solr/branch_8_6 in remote origin
Total 0 (delta 0), reused 0 (delta 0), pack-reused 0
To https://github.com/apache/lucene
 * [new tag]                 origin/branch_8_6 -> history/branches/lucene-solr/branch_8_6
Deleting branch branch_8_6 from remote origin
To https://github.com/apache/lucene
 - [deleted]                 branch_8_6
Creating tag history/branches/lucene-solr/branch_8_7 in remote origin
Total 0 (delta 0), reused 0 (delta 0), pack-reused 0
To https://github.com/apache/lucene
 * [new tag]                 origin/branch_8_7 -> history/branches/lucene-solr/branch_8_7
Deleting branch branch_8_7 from remote origin
To https://github.com/apache/lucene
 - [deleted]                 branch_8_7
Creating tag history/branches/lucene-solr/branch_8x in remote origin
Total 0 (delta 0), reused 0 (delta 0), pack-reused 0
To https://github.com/apache/lucene
 * [new tag]                 origin/branch_8x -> history/branches/lucene-solr/branch_8x
Deleting branch branch_8x from remote origin
To https://github.com/apache/lucene
 - [deleted]                 branch_8x
Creating tag history/branches/lucene-solr/branch_8_8 in remote origin
Total 0 (delta 0), reused 0 (delta 0), pack-reused 0
To https://github.com/apache/lucene
 * [new tag]                 origin/branch_8_8 -> history/branches/lucene-solr/branch_8_8
Deleting branch branch_8_8 from remote origin
To https://github.com/apache/lucene
 - [deleted]                 branch_8_8
Creating tag history/branches/lucene-solr/LUCENE-9004 in remote origin
Total 0 (delta 0), reused 0 (delta 0), pack-reused 0
To https://github.com/apache/lucene
 * [new tag]                 origin/LUCENE-9004 -> history/branches/lucene-solr/LUCENE-9004
Deleting branch LUCENE-9004 from remote origin
To https://github.com/apache/lucene
 - [deleted]                 LUCENE-9004
Creating tag history/branches/lucene-solr/LUCENE-9670 in remote origin
Total 0 (delta 0), reused 0 (delta 0), pack-reused 0
To https://github.com/apache/lucene
 * [new tag]                 origin/LUCENE-9670 -> history/branches/lucene-solr/LUCENE-9670
Deleting branch LUCENE-9670 from remote origin
To https://github.com/apache/lucene
 - [deleted]                 LUCENE-9670
Creating tag history/branches/lucene-solr/jira/LUCENE-8692 in remote origin
Total 0 (delta 0), reused 0 (delta 0), pack-reused 0
To https://github.com/apache/lucene
 * [new tag]                 origin/jira/LUCENE-8692 -> history/branches/lucene-solr/jira/LUCENE-8692
Deleting branch jira/LUCENE-8692 from remote origin
To https://github.com/apache/lucene
 - [deleted]                 jira/LUCENE-8692
Creating tag history/branches/lucene-solr/jira/lucene-9004-aknn-2 in remote origin
Total 0 (delta 0), reused 0 (delta 0), pack-reused 0
To https://github.com/apache/lucene
 * [new tag]                 origin/jira/lucene-9004-aknn-2 -> history/branches/lucene-solr/jira/lucene-9004-aknn-2
Deleting branch jira/lucene-9004-aknn-2 from remote origin
To https://github.com/apache/lucene
 - [deleted]                 jira/lucene-9004-aknn-2
Creating tag history/branches/lucene-solr/jira/lucene-9302 in remote origin
Total 0 (delta 0), reused 0 (delta 0), pack-reused 0
To https://github.com/apache/lucene
 * [new tag]                 origin/jira/lucene-9302 -> history/branches/lucene-solr/jira/lucene-9302
Deleting branch jira/lucene-9302 from remote origin
To https://github.com/apache/lucene
 - [deleted]                 jira/lucene-9302
Creating tag history/branches/lucene-solr/lucene/main in remote origin
Total 0 (delta 0), reused 0 (delta 0), pack-reused 0
To https://github.com/apache/lucene
 * [new tag]                 origin/lucene/main -> history/branches/lucene-solr/lucene/main
Deleting branch lucene/main from remote origin
To https://github.com/apache/lucene
 - [deleted]                 lucene/main
Creating tag history/branches/lucene-solr/revert-962-jira/LUCENE-9021 in remote origin
Total 0 (delta 0), reused 0 (delta 0), pack-reused 0
To https://github.com/apache/lucene
 * [new tag]                 origin/revert-962-jira/LUCENE-9021 -> history/branches/lucene-solr/revert-962-jira/LUCENE-9021
Deleting branch revert-962-jira/LUCENE-9021 from remote origin
To https://github.com/apache/lucene
 - [deleted]                 revert-962-jira/LUCENE-9021
Creating tag history/branches/lucene-solr/pointvalues in remote origin
Total 0 (delta 0), reused 0 (delta 0), pack-reused 0
To https://github.com/apache/lucene
 * [new tag]                 origin/pointvalues -> history/branches/lucene-solr/pointvalues
Deleting branch pointvalues from remote origin
To https://github.com/apache/lucene
 - [deleted]                 pointvalues
Creating tag history/branches/lucene-solr/master-deprecations in remote origin
Total 0 (delta 0), reused 0 (delta 0), pack-reused 0
To https://github.com/apache/lucene
 * [new tag]                 origin/master-deprecations -> history/branches/lucene-solr/master-deprecations
Deleting branch master-deprecations from remote origin
To https://github.com/apache/lucene
 - [deleted]                 master-deprecations